2018-05-14 07:17:50 	 [ INFO] 	 <main.go:40>  	 *********************************************
2018-05-14 07:17:50 	 [ INFO] 	 <main.go:41>  	            系统:[IM]版本:[1.0]
2018-05-14 07:17:50 	 [ INFO] 	 <main.go:42>  	 *********************************************
2018-05-14 07:17:50 	 [ INFO] 	 <config.go:70>  	 db:root:root@tcp(127.0.0.1:3306)/gim?parseTime=true&charset=utf8
2018-05-14 07:17:50 	 [ INFO] 	 <config.go:80>  	 连接数据库成功
2018-05-14 07:17:50 	 [ INFO] 	 <httpserver.go:17>  	 Http服务器启动中...
2018-05-14 07:17:50 	 [ INFO] 	 <httpserver.go:20>  	 Http服务器开始监听[:9002]端口
2018-05-14 07:17:50 	 [ INFO] 	 <httpserver.go:21>  	 *********************************************
2018-05-14 07:26:04 	 [DEBUG] 	 <tcp.go:32>  	 新连接地址为:[192.168.31.41:59817]
2018-05-14 07:26:04 	 [DEBUG] 	 <client_im.go:85>  	 offline msg :sender:10002,receiver:10001,timestamp:1526009065,msgId:10186,body:msg7
2018-05-14 07:26:04 	 [DEBUG] 	 <client_im.go:85>  	 offline msg :sender:10002,receiver:10001,timestamp:1526101306,msgId:10199,body:msg11526101306
2018-05-14 07:26:04 	 [DEBUG] 	 <client_im.go:85>  	 offline msg :sender:10002,receiver:10001,timestamp:1526009064,msgId:10185,body:msg6
2018-05-14 07:26:04 	 [DEBUG] 	 <client_im.go:85>  	 offline msg :sender:10002,receiver:10001,timestamp:1526009062,msgId:10184,body:msg5
2018-05-14 07:26:04 	 [DEBUG] 	 <client_im.go:85>  	 offline msg :sender:10002,receiver:10001,timestamp:1526101298,msgId:10198,body:msg11526101298
2018-05-14 07:26:04 	 [DEBUG] 	 <client_im.go:85>  	 offline msg :sender:10002,receiver:10001,timestamp:1526009025,msgId:10182,body:msg3
2018-05-14 07:26:04 	 [DEBUG] 	 <client_im.go:85>  	 offline msg :sender:10002,receiver:10001,timestamp:1526009044,msgId:10183,body:msg4
2018-05-14 07:26:04 	 [DEBUG] 	 <client_im.go:85>  	 offline msg :sender:10002,receiver:10001,timestamp:1526009014,msgId:10180,body:msg1
2018-05-14 07:26:04 	 [DEBUG] 	 <client_im.go:85>  	 offline msg :sender:10002,receiver:10001,timestamp:1526009023,msgId:10181,body:msg2
2018-05-14 07:26:04 	 [DEBUG] 	 <client_im.go:85>  	 offline msg :sender:10002,receiver:10001,timestamp:1526009067,msgId:10187,body:msg8
2018-05-14 07:26:04 	 [DEBUG] 	 <client_im.go:85>  	 offline msg :sender:10002,receiver:10001,timestamp:1526100943,msgId:10197,body:msg11526100943
2018-05-14 07:26:04 	 [DEBUG] 	 <client_im.go:85>  	 offline msg :sender:10002,receiver:10001,timestamp:1526187782,msgId:10207,body:msg11526187782
2018-05-14 07:26:04 	 [DEBUG] 	 <client_im.go:85>  	 offline msg :sender:10002,receiver:10001,timestamp:1526187748,msgId:10206,body:msg11526187748
2018-05-14 07:26:24 	 [DEBUG] 	 <connection.go:106>  	 TODO(need offline push )can't send message, appid:10 uid:10002 cmd:4
2018-05-14 07:28:06 	 [DEBUG] 	 <client_heartbeat.go:9>  	 heartBeet
2018-05-14 07:30:06 	 [DEBUG] 	 <client_heartbeat.go:9>  	 heartBeet
2018-05-14 07:32:04 	 [DEBUG] 	 <client_heartbeat.go:9>  	 heartBeet
2018-05-14 07:34:05 	 [DEBUG] 	 <client_heartbeat.go:9>  	 heartBeet
2018-05-14 07:36:06 	 [DEBUG] 	 <client_heartbeat.go:9>  	 heartBeet
2018-05-14 07:38:21 	 [DEBUG] 	 <client_heartbeat.go:9>  	 heartBeet
2018-05-14 07:40:06 	 [DEBUG] 	 <client_heartbeat.go:9>  	 heartBeet
2018-05-14 07:40:29 	 [DEBUG] 	 <protocol.go:136>  	 sock read error:EOF
2018-05-14 07:40:29 	 [DEBUG] 	 <client.go:81>  	 EOFconnect offline
2018-05-14 07:40:29 	 [DEBUG] 	 <client.go:146>  	 close client:10001, d5f75fbc-4f64-4f78-b320-2ca770847800
2018-05-14 07:40:29 	 [DEBUG] 	 <client.go:110>  	 client: d5f75fbc-4f64-4f78-b320-2ca770847800 10001 socket closed
2018-05-14 08:40:19 	 [DEBUG] 	 <tcp.go:32>  	 新连接地址为:[127.0.0.1:50936]
2018-05-14 08:40:19 	 [DEBUG] 	 <client_im.go:85>  	 offline msg :sender:10002,receiver:10001,timestamp:1526009065,msgId:10186,body:msg7
2018-05-14 08:40:19 	 [DEBUG] 	 <client_im.go:85>  	 offline msg :sender:10002,receiver:10001,timestamp:1526101306,msgId:10199,body:msg11526101306
2018-05-14 08:40:19 	 [DEBUG] 	 <client_im.go:85>  	 offline msg :sender:10002,receiver:10001,timestamp:1526009064,msgId:10185,body:msg6
2018-05-14 08:40:19 	 [DEBUG] 	 <client_im.go:85>  	 offline msg :sender:10002,receiver:10001,timestamp:1526009062,msgId:10184,body:msg5
2018-05-14 08:40:19 	 [DEBUG] 	 <client_im.go:85>  	 offline msg :sender:10002,receiver:10001,timestamp:1526101298,msgId:10198,body:msg11526101298
2018-05-14 08:40:19 	 [DEBUG] 	 <client_im.go:85>  	 offline msg :sender:10002,receiver:10001,timestamp:1526009025,msgId:10182,body:msg3
2018-05-14 08:40:19 	 [DEBUG] 	 <client_im.go:85>  	 offline msg :sender:10002,receiver:10001,timestamp:1526009044,msgId:10183,body:msg4
2018-05-14 08:40:19 	 [DEBUG] 	 <client_im.go:85>  	 offline msg :sender:10002,receiver:10001,timestamp:1526009014,msgId:10180,body:msg1
2018-05-14 08:40:19 	 [DEBUG] 	 <client_im.go:85>  	 offline msg :sender:10002,receiver:10001,timestamp:1526009023,msgId:10181,body:msg2
2018-05-14 08:40:19 	 [DEBUG] 	 <client_im.go:85>  	 offline msg :sender:10002,receiver:10001,timestamp:1526009067,msgId:10187,body:msg8
2018-05-14 08:40:19 	 [DEBUG] 	 <client_im.go:85>  	 offline msg :sender:10002,receiver:10001,timestamp:1526100943,msgId:10197,body:msg11526100943
2018-05-14 08:40:19 	 [DEBUG] 	 <client_im.go:85>  	 offline msg :sender:10002,receiver:10001,timestamp:1526187782,msgId:10207,body:msg11526187782
2018-05-14 08:40:19 	 [DEBUG] 	 <client_im.go:85>  	 offline msg :sender:10002,receiver:10001,timestamp:1526187748,msgId:10206,body:msg11526187748
2018-05-14 08:41:33 	 [DEBUG] 	 <protocol.go:136>  	 sock read error:EOF
2018-05-14 08:41:33 	 [DEBUG] 	 <client.go:81>  	 EOFconnect offline
2018-05-14 08:41:33 	 [DEBUG] 	 <client.go:146>  	 close client:10001, d5f75fbc-4f64-4f78-b320-2ca770847800
2018-05-14 08:41:33 	 [DEBUG] 	 <client.go:110>  	 client: d5f75fbc-4f64-4f78-b320-2ca770847800 10001 socket closed
2018-05-14 08:41:50 	 [DEBUG] 	 <tcp.go:32>  	 新连接地址为:[127.0.0.1:50955]
2018-05-14 08:41:50 	 [DEBUG] 	 <client_im.go:85>  	 offline msg :sender:10002,receiver:10001,timestamp:1526009065,msgId:10186,body:msg7
2018-05-14 08:41:50 	 [DEBUG] 	 <client_im.go:85>  	 offline msg :sender:10002,receiver:10001,timestamp:1526101306,msgId:10199,body:msg11526101306
2018-05-14 08:41:50 	 [DEBUG] 	 <client_im.go:85>  	 offline msg :sender:10002,receiver:10001,timestamp:1526009064,msgId:10185,body:msg6
2018-05-14 08:41:50 	 [DEBUG] 	 <client_im.go:85>  	 offline msg :sender:10002,receiver:10001,timestamp:1526009062,msgId:10184,body:msg5
2018-05-14 08:41:50 	 [DEBUG] 	 <client_im.go:85>  	 offline msg :sender:10002,receiver:10001,timestamp:1526101298,msgId:10198,body:msg11526101298
2018-05-14 08:41:50 	 [DEBUG] 	 <client_im.go:85>  	 offline msg :sender:10002,receiver:10001,timestamp:1526009025,msgId:10182,body:msg3
2018-05-14 08:41:50 	 [DEBUG] 	 <client_im.go:85>  	 offline msg :sender:10002,receiver:10001,timestamp:1526009044,msgId:10183,body:msg4
2018-05-14 08:41:50 	 [DEBUG] 	 <client_im.go:85>  	 offline msg :sender:10002,receiver:10001,timestamp:1526009014,msgId:10180,body:msg1
2018-05-14 08:41:50 	 [DEBUG] 	 <client_im.go:85>  	 offline msg :sender:10002,receiver:10001,timestamp:1526009023,msgId:10181,body:msg2
2018-05-14 08:41:50 	 [DEBUG] 	 <client_im.go:85>  	 offline msg :sender:10002,receiver:10001,timestamp:1526009067,msgId:10187,body:msg8
2018-05-14 08:41:50 	 [DEBUG] 	 <client_im.go:85>  	 offline msg :sender:10002,receiver:10001,timestamp:1526100943,msgId:10197,body:msg11526100943
2018-05-14 08:41:50 	 [DEBUG] 	 <client_im.go:85>  	 offline msg :sender:10002,receiver:10001,timestamp:1526187782,msgId:10207,body:msg11526187782
2018-05-14 08:41:50 	 [DEBUG] 	 <client_im.go:85>  	 offline msg :sender:10002,receiver:10001,timestamp:1526187748,msgId:10206,body:msg11526187748
2018-05-14 08:43:50 	 [DEBUG] 	 <client_heartbeat.go:9>  	 heartBeet
2018-05-14 08:45:53 	 [DEBUG] 	 <client_heartbeat.go:9>  	 heartBeet
2018-05-14 08:47:53 	 [DEBUG] 	 <client_heartbeat.go:9>  	 heartBeet
2018-05-14 08:49:53 	 [DEBUG] 	 <client_heartbeat.go:9>  	 heartBeet
2018-05-14 08:51:50 	 [DEBUG] 	 <client_heartbeat.go:9>  	 heartBeet
2018-05-14 08:53:51 	 [DEBUG] 	 <client_heartbeat.go:9>  	 heartBeet
2018-05-14 08:55:50 	 [DEBUG] 	 <client_heartbeat.go:9>  	 heartBeet
2018-05-14 08:57:53 	 [DEBUG] 	 <client_heartbeat.go:9>  	 heartBeet
2018-05-14 08:59:53 	 [DEBUG] 	 <client_heartbeat.go:9>  	 heartBeet
2018-05-14 09:01:53 	 [DEBUG] 	 <client_heartbeat.go:9>  	 heartBeet
2018-05-14 09:03:53 	 [DEBUG] 	 <client_heartbeat.go:9>  	 heartBeet
2018-05-14 09:05:53 	 [DEBUG] 	 <client_heartbeat.go:9>  	 heartBeet
2018-05-14 09:07:53 	 [DEBUG] 	 <client_heartbeat.go:9>  	 heartBeet
2018-05-14 09:09:50 	 [DEBUG] 	 <client_heartbeat.go:9>  	 heartBeet
2018-05-14 09:11:50 	 [DEBUG] 	 <client_heartbeat.go:9>  	 heartBeet
2018-05-14 09:13:53 	 [DEBUG] 	 <client_heartbeat.go:9>  	 heartBeet
2018-05-14 09:15:53 	 [DEBUG] 	 <client_heartbeat.go:9>  	 heartBeet
2018-05-14 09:17:53 	 [DEBUG] 	 <client_heartbeat.go:9>  	 heartBeet
2018-05-14 09:19:53 	 [DEBUG] 	 <client_heartbeat.go:9>  	 heartBeet
2018-05-14 09:21:53 	 [DEBUG] 	 <client_heartbeat.go:9>  	 heartBeet
2018-05-14 09:23:53 	 [DEBUG] 	 <client_heartbeat.go:9>  	 heartBeet
2018-05-14 09:25:53 	 [DEBUG] 	 <client_heartbeat.go:9>  	 heartBeet
2018-05-14 09:27:53 	 [DEBUG] 	 <client_heartbeat.go:9>  	 heartBeet
2018-05-14 09:29:53 	 [DEBUG] 	 <client_heartbeat.go:9>  	 heartBeet
2018-05-14 09:31:53 	 [DEBUG] 	 <client_heartbeat.go:9>  	 heartBeet
2018-05-14 09:33:53 	 [DEBUG] 	 <client_heartbeat.go:9>  	 heartBeet
2018-05-14 09:35:53 	 [DEBUG] 	 <client_heartbeat.go:9>  	 heartBeet
2018-05-14 09:37:51 	 [DEBUG] 	 <client_heartbeat.go:9>  	 heartBeet
2018-05-14 09:39:50 	 [DEBUG] 	 <client_heartbeat.go:9>  	 heartBeet
2018-05-14 09:41:53 	 [DEBUG] 	 <client_heartbeat.go:9>  	 heartBeet
2018-05-14 09:43:50 	 [DEBUG] 	 <client_heartbeat.go:9>  	 heartBeet
2018-05-14 09:45:53 	 [DEBUG] 	 <client_heartbeat.go:9>  	 heartBeet
2018-05-14 09:47:53 	 [DEBUG] 	 <client_heartbeat.go:9>  	 heartBeet
2018-05-14 09:49:53 	 [DEBUG] 	 <client_heartbeat.go:9>  	 heartBeet
2018-05-14 09:51:53 	 [DEBUG] 	 <client_heartbeat.go:9>  	 heartBeet
2018-05-14 09:53:53 	 [DEBUG] 	 <client_heartbeat.go:9>  	 heartBeet
2018-05-14 09:55:53 	 [DEBUG] 	 <client_heartbeat.go:9>  	 heartBeet
2018-05-14 09:57:53 	 [DEBUG] 	 <client_heartbeat.go:9>  	 heartBeet
2018-05-14 09:59:53 	 [DEBUG] 	 <client_heartbeat.go:9>  	 heartBeet
2018-05-14 10:01:53 	 [DEBUG] 	 <client_heartbeat.go:9>  	 heartBeet
2018-05-14 10:03:53 	 [DEBUG] 	 <client_heartbeat.go:9>  	 heartBeet
2018-05-14 10:05:53 	 [DEBUG] 	 <client_heartbeat.go:9>  	 heartBeet
2018-05-14 10:07:53 	 [DEBUG] 	 <client_heartbeat.go:9>  	 heartBeet
2018-05-14 10:09:53 	 [DEBUG] 	 <client_heartbeat.go:9>  	 heartBeet
2018-05-14 10:11:53 	 [DEBUG] 	 <client_heartbeat.go:9>  	 heartBeet
2018-05-14 10:13:53 	 [DEBUG] 	 <client_heartbeat.go:9>  	 heartBeet
2018-05-14 10:15:52 	 [DEBUG] 	 <client_heartbeat.go:9>  	 heartBeet
2018-05-14 10:17:50 	 [DEBUG] 	 <client_heartbeat.go:9>  	 heartBeet
2018-05-14 10:19:53 	 [DEBUG] 	 <client_heartbeat.go:9>  	 heartBeet
2018-05-14 10:21:53 	 [DEBUG] 	 <client_heartbeat.go:9>  	 heartBeet
2018-05-14 10:23:53 	 [DEBUG] 	 <client_heartbeat.go:9>  	 heartBeet
2018-05-14 10:25:53 	 [DEBUG] 	 <client_heartbeat.go:9>  	 heartBeet
2018-05-14 10:27:53 	 [DEBUG] 	 <client_heartbeat.go:9>  	 heartBeet
2018-05-14 10:29:53 	 [DEBUG] 	 <client_heartbeat.go:9>  	 heartBeet
2018-05-14 10:31:53 	 [DEBUG] 	 <client_heartbeat.go:9>  	 heartBeet
2018-05-14 10:33:53 	 [DEBUG] 	 <client_heartbeat.go:9>  	 heartBeet
2018-05-14 10:35:53 	 [DEBUG] 	 <client_heartbeat.go:9>  	 heartBeet
2018-05-14 10:37:53 	 [DEBUG] 	 <client_heartbeat.go:9>  	 heartBeet
2018-05-14 10:39:53 	 [DEBUG] 	 <client_heartbeat.go:9>  	 heartBeet
2018-05-14 10:41:53 	 [DEBUG] 	 <client_heartbeat.go:9>  	 heartBeet
2018-05-14 10:43:53 	 [DEBUG] 	 <client_heartbeat.go:9>  	 heartBeet
2018-05-14 10:45:53 	 [DEBUG] 	 <client_heartbeat.go:9>  	 heartBeet
2018-05-14 10:47:53 	 [DEBUG] 	 <client_heartbeat.go:9>  	 heartBeet
2018-05-14 10:49:53 	 [DEBUG] 	 <client_heartbeat.go:9>  	 heartBeet
2018-05-14 10:51:53 	 [DEBUG] 	 <client_heartbeat.go:9>  	 heartBeet
2018-05-14 10:53:53 	 [DEBUG] 	 <client_heartbeat.go:9>  	 heartBeet
2018-05-14 10:55:53 	 [DEBUG] 	 <client_heartbeat.go:9>  	 heartBeet
2018-05-14 10:57:53 	 [DEBUG] 	 <client_heartbeat.go:9>  	 heartBeet
2018-05-14 10:59:53 	 [DEBUG] 	 <client_heartbeat.go:9>  	 heartBeet
2018-05-14 11:01:53 	 [DEBUG] 	 <client_heartbeat.go:9>  	 heartBeet
2018-05-14 11:03:53 	 [DEBUG] 	 <client_heartbeat.go:9>  	 heartBeet
2018-05-14 11:05:53 	 [DEBUG] 	 <client_heartbeat.go:9>  	 heartBeet
2018-05-14 11:07:53 	 [DEBUG] 	 <client_heartbeat.go:9>  	 heartBeet
2018-05-14 11:09:53 	 [DEBUG] 	 <client_heartbeat.go:9>  	 heartBeet
2018-05-14 11:11:53 	 [DEBUG] 	 <client_heartbeat.go:9>  	 heartBeet
2018-05-14 11:13:53 	 [DEBUG] 	 <client_heartbeat.go:9>  	 heartBeet
2018-05-14 11:15:52 	 [DEBUG] 	 <client_heartbeat.go:9>  	 heartBeet
2018-05-14 11:17:53 	 [DEBUG] 	 <client_heartbeat.go:9>  	 heartBeet
2018-05-14 11:19:53 	 [DEBUG] 	 <client_heartbeat.go:9>  	 heartBeet
2018-05-14 11:21:53 	 [DEBUG] 	 <client_heartbeat.go:9>  	 heartBeet
2018-05-14 11:23:53 	 [DEBUG] 	 <client_heartbeat.go:9>  	 heartBeet
2018-05-14 11:25:53 	 [DEBUG] 	 <client_heartbeat.go:9>  	 heartBeet
2018-05-14 11:27:53 	 [DEBUG] 	 <client_heartbeat.go:9>  	 heartBeet
2018-05-14 11:29:53 	 [DEBUG] 	 <client_heartbeat.go:9>  	 heartBeet
2018-05-14 11:31:51 	 [DEBUG] 	 <client_heartbeat.go:9>  	 heartBeet
2018-05-14 11:33:53 	 [DEBUG] 	 <client_heartbeat.go:9>  	 heartBeet
2018-05-14 11:35:53 	 [DEBUG] 	 <client_heartbeat.go:9>  	 heartBeet
2018-05-14 11:37:50 	 [DEBUG] 	 <client_heartbeat.go:9>  	 heartBeet
2018-05-14 11:39:50 	 [DEBUG] 	 <client_heartbeat.go:9>  	 heartBeet
2018-05-14 11:41:53 	 [DEBUG] 	 <client_heartbeat.go:9>  	 heartBeet
2018-05-14 11:43:53 	 [DEBUG] 	 <client_heartbeat.go:9>  	 heartBeet
2018-05-14 11:45:53 	 [DEBUG] 	 <client_heartbeat.go:9>  	 heartBeet
2018-05-14 11:47:53 	 [DEBUG] 	 <client_heartbeat.go:9>  	 heartBeet
2018-05-14 11:49:53 	 [DEBUG] 	 <client_heartbeat.go:9>  	 heartBeet
2018-05-14 11:51:53 	 [DEBUG] 	 <client_heartbeat.go:9>  	 heartBeet
2018-05-14 11:53:53 	 [DEBUG] 	 <client_heartbeat.go:9>  	 heartBeet
2018-05-14 11:55:50 	 [DEBUG] 	 <client_heartbeat.go:9>  	 heartBeet
2018-05-14 11:57:53 	 [DEBUG] 	 <client_heartbeat.go:9>  	 heartBeet
2018-05-14 11:59:50 	 [DEBUG] 	 <client_heartbeat.go:9>  	 heartBeet
2018-05-14 12:01:53 	 [DEBUG] 	 <client_heartbeat.go:9>  	 heartBeet
2018-05-14 12:03:53 	 [DEBUG] 	 <client_heartbeat.go:9>  	 heartBeet
2018-05-14 12:05:53 	 [DEBUG] 	 <client_heartbeat.go:9>  	 heartBeet
2018-05-14 12:07:51 	 [DEBUG] 	 <client_heartbeat.go:9>  	 heartBeet
2018-05-14 12:09:53 	 [DEBUG] 	 <client_heartbeat.go:9>  	 heartBeet
2018-05-14 12:11:51 	 [DEBUG] 	 <client_heartbeat.go:9>  	 heartBeet
2018-05-14 12:13:53 	 [DEBUG] 	 <client_heartbeat.go:9>  	 heartBeet
2018-05-14 12:15:53 	 [DEBUG] 	 <client_heartbeat.go:9>  	 heartBeet
2018-05-14 12:17:53 	 [DEBUG] 	 <client_heartbeat.go:9>  	 heartBeet
2018-05-14 12:19:53 	 [DEBUG] 	 <client_heartbeat.go:9>  	 heartBeet
2018-05-14 12:21:53 	 [DEBUG] 	 <client_heartbeat.go:9>  	 heartBeet
2018-05-14 12:23:53 	 [DEBUG] 	 <client_heartbeat.go:9>  	 heartBeet
2018-05-14 12:25:53 	 [DEBUG] 	 <client_heartbeat.go:9>  	 heartBeet
2018-05-14 12:27:51 	 [DEBUG] 	 <client_heartbeat.go:9>  	 heartBeet
2018-05-14 12:29:53 	 [DEBUG] 	 <client_heartbeat.go:9>  	 heartBeet
2018-05-14 12:31:51 	 [DEBUG] 	 <client_heartbeat.go:9>  	 heartBeet
2018-05-14 12:33:53 	 [DEBUG] 	 <client_heartbeat.go:9>  	 heartBeet
2018-05-14 12:35:51 	 [DEBUG] 	 <client_heartbeat.go:9>  	 heartBeet
2018-05-14 12:37:53 	 [DEBUG] 	 <client_heartbeat.go:9>  	 heartBeet
2018-05-14 12:39:53 	 [DEBUG] 	 <client_heartbeat.go:9>  	 heartBeet
2018-05-14 12:41:53 	 [DEBUG] 	 <client_heartbeat.go:9>  	 heartBeet
2018-05-14 12:43:53 	 [DEBUG] 	 <client_heartbeat.go:9>  	 heartBeet
2018-05-14 12:45:51 	 [DEBUG] 	 <client_heartbeat.go:9>  	 heartBeet
2018-05-14 12:47:53 	 [DEBUG] 	 <client_heartbeat.go:9>  	 heartBeet
2018-05-14 12:49:53 	 [DEBUG] 	 <client_heartbeat.go:9>  	 heartBeet
2018-05-14 12:51:53 	 [DEBUG] 	 <client_heartbeat.go:9>  	 heartBeet
2018-05-14 12:53:53 	 [DEBUG] 	 <client_heartbeat.go:9>  	 heartBeet
2018-05-14 12:55:53 	 [DEBUG] 	 <client_heartbeat.go:9>  	 heartBeet
2018-05-14 12:57:53 	 [DEBUG] 	 <client_heartbeat.go:9>  	 heartBeet
2018-05-14 12:59:53 	 [DEBUG] 	 <client_heartbeat.go:9>  	 heartBeet
2018-05-14 13:01:51 	 [DEBUG] 	 <client_heartbeat.go:9>  	 heartBeet
2018-05-14 13:03:51 	 [DEBUG] 	 <client_heartbeat.go:9>  	 heartBeet
2018-05-14 13:05:20 	 [DEBUG] 	 <protocol.go:136>  	 sock read error:EOF
2018-05-14 13:05:20 	 [DEBUG] 	 <client.go:81>  	 EOFconnect offline
2018-05-14 13:05:20 	 [DEBUG] 	 <client.go:146>  	 close client:10001, d5f75fbc-4f64-4f78-b320-2ca770847800
2018-05-14 13:05:20 	 [DEBUG] 	 <client.go:110>  	 client: d5f75fbc-4f64-4f78-b320-2ca770847800 10001 socket closed
2018-05-14 13:07:21 	 [DEBUG] 	 <tcp.go:32>  	 新连接地址为:[192.168.31.41:59983]
2018-05-14 13:07:22 	 [DEBUG] 	 <client_im.go:85>  	 offline msg :sender:10002,receiver:10001,timestamp:1526009065,msgId:10186,body:msg7
2018-05-14 13:07:22 	 [DEBUG] 	 <client_im.go:85>  	 offline msg :sender:10002,receiver:10001,timestamp:1526101306,msgId:10199,body:msg11526101306
2018-05-14 13:07:22 	 [DEBUG] 	 <client_im.go:85>  	 offline msg :sender:10002,receiver:10001,timestamp:1526009064,msgId:10185,body:msg6
2018-05-14 13:07:22 	 [DEBUG] 	 <client_im.go:85>  	 offline msg :sender:10002,receiver:10001,timestamp:1526009062,msgId:10184,body:msg5
2018-05-14 13:07:22 	 [DEBUG] 	 <client_im.go:85>  	 offline msg :sender:10002,receiver:10001,timestamp:1526101298,msgId:10198,body:msg11526101298
2018-05-14 13:07:22 	 [DEBUG] 	 <client_im.go:85>  	 offline msg :sender:10002,receiver:10001,timestamp:1526009025,msgId:10182,body:msg3
2018-05-14 13:07:22 	 [DEBUG] 	 <client_im.go:85>  	 offline msg :sender:10002,receiver:10001,timestamp:1526009044,msgId:10183,body:msg4
2018-05-14 13:07:22 	 [DEBUG] 	 <client_im.go:85>  	 offline msg :sender:10002,receiver:10001,timestamp:1526009014,msgId:10180,body:msg1
2018-05-14 13:07:22 	 [DEBUG] 	 <client_im.go:85>  	 offline msg :sender:10002,receiver:10001,timestamp:1526009023,msgId:10181,body:msg2
2018-05-14 13:07:22 	 [DEBUG] 	 <client_im.go:85>  	 offline msg :sender:10002,receiver:10001,timestamp:1526009067,msgId:10187,body:msg8
2018-05-14 13:07:22 	 [DEBUG] 	 <client_im.go:85>  	 offline msg :sender:10002,receiver:10001,timestamp:1526100943,msgId:10197,body:msg11526100943
2018-05-14 13:07:22 	 [DEBUG] 	 <client_im.go:85>  	 offline msg :sender:10002,receiver:10001,timestamp:1526187782,msgId:10207,body:msg11526187782
2018-05-14 13:07:22 	 [DEBUG] 	 <client_im.go:85>  	 offline msg :sender:10002,receiver:10001,timestamp:1526187748,msgId:10206,body:msg11526187748
2018-05-14 13:07:22 	 [ERROR] 	 <ack_handle.go:15>  	 error未有记录被修改MessageACK=>msgId:0
2018-05-14 13:07:22 	 [ERROR] 	 <ack_handle.go:15>  	 error未有记录被修改MessageACK=>msgId:0
2018-05-14 13:07:22 	 [ERROR] 	 <ack_handle.go:15>  	 error未有记录被修改MessageACK=>msgId:0
2018-05-14 13:07:22 	 [ERROR] 	 <ack_handle.go:15>  	 error未有记录被修改MessageACK=>msgId:0
2018-05-14 13:07:22 	 [ERROR] 	 <ack_handle.go:15>  	 error未有记录被修改MessageACK=>msgId:0
2018-05-14 13:07:22 	 [ERROR] 	 <ack_handle.go:15>  	 error未有记录被修改MessageACK=>msgId:0
2018-05-14 13:07:22 	 [ERROR] 	 <ack_handle.go:15>  	 error未有记录被修改MessageACK=>msgId:0
2018-05-14 13:07:22 	 [ERROR] 	 <ack_handle.go:15>  	 error未有记录被修改MessageACK=>msgId:0
2018-05-14 13:07:22 	 [ERROR] 	 <ack_handle.go:15>  	 error未有记录被修改MessageACK=>msgId:0
2018-05-14 13:07:22 	 [ERROR] 	 <ack_handle.go:15>  	 error未有记录被修改MessageACK=>msgId:0
2018-05-14 13:07:22 	 [ERROR] 	 <ack_handle.go:15>  	 error未有记录被修改MessageACK=>msgId:0
2018-05-14 13:07:22 	 [ERROR] 	 <ack_handle.go:15>  	 error未有记录被修改MessageACK=>msgId:0
2018-05-14 13:07:22 	 [ERROR] 	 <ack_handle.go:15>  	 error未有记录被修改MessageACK=>msgId:0
2018-05-14 13:07:38 	 [DEBUG] 	 <protocol.go:136>  	 sock read error:EOF
2018-05-14 13:07:38 	 [DEBUG] 	 <client.go:81>  	 EOFconnect offline
2018-05-14 13:07:38 	 [DEBUG] 	 <client.go:146>  	 close client:10001, d5f75fbc-4f64-4f78-b320-2ca770847800
2018-05-14 13:07:38 	 [DEBUG] 	 <client.go:110>  	 client: d5f75fbc-4f64-4f78-b320-2ca770847800 10001 socket closed
2018-05-14 13:07:53 	 [DEBUG] 	 <tcp.go:32>  	 新连接地址为:[192.168.31.41:60043]
2018-05-14 13:07:53 	 [DEBUG] 	 <client_im.go:85>  	 offline msg :sender:10002,receiver:10001,timestamp:1526009065,msgId:10186,body:msg7
2018-05-14 13:07:53 	 [DEBUG] 	 <client_im.go:85>  	 offline msg :sender:10002,receiver:10001,timestamp:1526101306,msgId:10199,body:msg11526101306
2018-05-14 13:07:53 	 [DEBUG] 	 <client_im.go:85>  	 offline msg :sender:10002,receiver:10001,timestamp:1526009064,msgId:10185,body:msg6
2018-05-14 13:07:53 	 [DEBUG] 	 <client_im.go:85>  	 offline msg :sender:10002,receiver:10001,timestamp:1526009062,msgId:10184,body:msg5
2018-05-14 13:07:53 	 [DEBUG] 	 <client_im.go:85>  	 offline msg :sender:10002,receiver:10001,timestamp:1526101298,msgId:10198,body:msg11526101298
2018-05-14 13:07:53 	 [DEBUG] 	 <client_im.go:85>  	 offline msg :sender:10002,receiver:10001,timestamp:1526009025,msgId:10182,body:msg3
2018-05-14 13:07:53 	 [DEBUG] 	 <client_im.go:85>  	 offline msg :sender:10002,receiver:10001,timestamp:1526009044,msgId:10183,body:msg4
2018-05-14 13:07:53 	 [DEBUG] 	 <client_im.go:85>  	 offline msg :sender:10002,receiver:10001,timestamp:1526009014,msgId:10180,body:msg1
2018-05-14 13:07:53 	 [DEBUG] 	 <client_im.go:85>  	 offline msg :sender:10002,receiver:10001,timestamp:1526009023,msgId:10181,body:msg2
2018-05-14 13:07:53 	 [DEBUG] 	 <client_im.go:85>  	 offline msg :sender:10002,receiver:10001,timestamp:1526009067,msgId:10187,body:msg8
2018-05-14 13:07:53 	 [DEBUG] 	 <client_im.go:85>  	 offline msg :sender:10002,receiver:10001,timestamp:1526100943,msgId:10197,body:msg11526100943
2018-05-14 13:07:53 	 [DEBUG] 	 <client_im.go:85>  	 offline msg :sender:10002,receiver:10001,timestamp:1526187782,msgId:10207,body:msg11526187782
2018-05-14 13:07:53 	 [DEBUG] 	 <client_im.go:85>  	 offline msg :sender:10002,receiver:10001,timestamp:1526187748,msgId:10206,body:msg11526187748
2018-05-14 13:07:53 	 [ERROR] 	 <ack_handle.go:15>  	 error未有记录被修改MessageACK=>msgId:0
2018-05-14 13:07:53 	 [ERROR] 	 <ack_handle.go:15>  	 error未有记录被修改MessageACK=>msgId:0
2018-05-14 13:07:53 	 [ERROR] 	 <ack_handle.go:15>  	 error未有记录被修改MessageACK=>msgId:0
2018-05-14 13:07:53 	 [ERROR] 	 <ack_handle.go:15>  	 error未有记录被修改MessageACK=>msgId:0
2018-05-14 13:07:53 	 [ERROR] 	 <ack_handle.go:15>  	 error未有记录被修改MessageACK=>msgId:0
2018-05-14 13:07:53 	 [ERROR] 	 <ack_handle.go:15>  	 error未有记录被修改MessageACK=>msgId:0
2018-05-14 13:07:53 	 [ERROR] 	 <ack_handle.go:15>  	 error未有记录被修改MessageACK=>msgId:0
2018-05-14 13:07:53 	 [ERROR] 	 <ack_handle.go:15>  	 error未有记录被修改MessageACK=>msgId:0
2018-05-14 13:07:53 	 [ERROR] 	 <ack_handle.go:15>  	 error未有记录被修改MessageACK=>msgId:0
2018-05-14 13:07:53 	 [ERROR] 	 <ack_handle.go:15>  	 error未有记录被修改MessageACK=>msgId:0
2018-05-14 13:07:53 	 [ERROR] 	 <ack_handle.go:15>  	 error未有记录被修改MessageACK=>msgId:0
2018-05-14 13:07:53 	 [ERROR] 	 <ack_handle.go:15>  	 error未有记录被修改MessageACK=>msgId:0
2018-05-14 13:07:53 	 [ERROR] 	 <ack_handle.go:15>  	 error未有记录被修改MessageACK=>msgId:0
2018-05-14 13:07:59 	 [DEBUG] 	 <client_im.go:85>  	 offline msg :sender:10002,receiver:10001,timestamp:1526009065,msgId:10186,body:msg7
2018-05-14 13:07:59 	 [DEBUG] 	 <client_im.go:85>  	 offline msg :sender:10002,receiver:10001,timestamp:1526101306,msgId:10199,body:msg11526101306
2018-05-14 13:07:59 	 [DEBUG] 	 <client_im.go:85>  	 offline msg :sender:10002,receiver:10001,timestamp:1526009064,msgId:10185,body:msg6
2018-05-14 13:07:59 	 [DEBUG] 	 <client_im.go:85>  	 offline msg :sender:10002,receiver:10001,timestamp:1526009062,msgId:10184,body:msg5
2018-05-14 13:07:59 	 [DEBUG] 	 <client_im.go:85>  	 offline msg :sender:10002,receiver:10001,timestamp:1526101298,msgId:10198,body:msg11526101298
2018-05-14 13:07:59 	 [DEBUG] 	 <client_im.go:85>  	 offline msg :sender:10002,receiver:10001,timestamp:1526009025,msgId:10182,body:msg3
2018-05-14 13:07:59 	 [DEBUG] 	 <client_im.go:85>  	 offline msg :sender:10002,receiver:10001,timestamp:1526009044,msgId:10183,body:msg4
2018-05-14 13:07:59 	 [DEBUG] 	 <client_im.go:85>  	 offline msg :sender:10002,receiver:10001,timestamp:1526009014,msgId:10180,body:msg1
2018-05-14 13:07:59 	 [DEBUG] 	 <client_im.go:85>  	 offline msg :sender:10002,receiver:10001,timestamp:1526009023,msgId:10181,body:msg2
2018-05-14 13:07:59 	 [DEBUG] 	 <client_im.go:85>  	 offline msg :sender:10002,receiver:10001,timestamp:1526009067,msgId:10187,body:msg8
2018-05-14 13:07:59 	 [DEBUG] 	 <client_im.go:85>  	 offline msg :sender:10002,receiver:10001,timestamp:1526100943,msgId:10197,body:msg11526100943
2018-05-14 13:07:59 	 [DEBUG] 	 <client_im.go:85>  	 offline msg :sender:10002,receiver:10001,timestamp:1526187782,msgId:10207,body:msg11526187782
2018-05-14 13:07:59 	 [DEBUG] 	 <client_im.go:85>  	 offline msg :sender:10002,receiver:10001,timestamp:1526187748,msgId:10206,body:msg11526187748
2018-05-14 13:08:03 	 [ERROR] 	 <ack_handle.go:15>  	 error未有记录被修改MessageACK=>msgId:0
2018-05-14 13:08:03 	 [ERROR] 	 <ack_handle.go:15>  	 error未有记录被修改MessageACK=>msgId:0
2018-05-14 13:08:03 	 [ERROR] 	 <ack_handle.go:15>  	 error未有记录被修改MessageACK=>msgId:0
2018-05-14 13:08:03 	 [ERROR] 	 <ack_handle.go:15>  	 error未有记录被修改MessageACK=>msgId:0
2018-05-14 13:08:03 	 [ERROR] 	 <ack_handle.go:15>  	 error未有记录被修改MessageACK=>msgId:0
2018-05-14 13:08:03 	 [ERROR] 	 <ack_handle.go:15>  	 error未有记录被修改MessageACK=>msgId:0
2018-05-14 13:08:03 	 [DEBUG] 	 <protocol.go:136>  	 sock read error:EOF
2018-05-14 13:08:03 	 [DEBUG] 	 <client.go:81>  	 EOFconnect offline
2018-05-14 13:08:03 	 [DEBUG] 	 <client.go:146>  	 close client:10001, d5f75fbc-4f64-4f78-b320-2ca770847800
2018-05-14 13:08:03 	 [DEBUG] 	 <client.go:110>  	 client: d5f75fbc-4f64-4f78-b320-2ca770847800 10001 socket closed
2018-05-14 13:08:11 	 [DEBUG] 	 <tcp.go:32>  	 新连接地址为:[192.168.31.41:60044]
2018-05-14 13:08:11 	 [DEBUG] 	 <client_im.go:85>  	 offline msg :sender:10002,receiver:10001,timestamp:1526009065,msgId:10186,body:msg7
2018-05-14 13:08:11 	 [DEBUG] 	 <client_im.go:85>  	 offline msg :sender:10002,receiver:10001,timestamp:1526101306,msgId:10199,body:msg11526101306
2018-05-14 13:08:11 	 [DEBUG] 	 <client_im.go:85>  	 offline msg :sender:10002,receiver:10001,timestamp:1526009064,msgId:10185,body:msg6
2018-05-14 13:08:11 	 [DEBUG] 	 <client_im.go:85>  	 offline msg :sender:10002,receiver:10001,timestamp:1526009062,msgId:10184,body:msg5
2018-05-14 13:08:11 	 [DEBUG] 	 <client_im.go:85>  	 offline msg :sender:10002,receiver:10001,timestamp:1526101298,msgId:10198,body:msg11526101298
2018-05-14 13:08:11 	 [DEBUG] 	 <client_im.go:85>  	 offline msg :sender:10002,receiver:10001,timestamp:1526009025,msgId:10182,body:msg3
2018-05-14 13:08:11 	 [DEBUG] 	 <client_im.go:85>  	 offline msg :sender:10002,receiver:10001,timestamp:1526009044,msgId:10183,body:msg4
2018-05-14 13:08:11 	 [DEBUG] 	 <client_im.go:85>  	 offline msg :sender:10002,receiver:10001,timestamp:1526009014,msgId:10180,body:msg1
2018-05-14 13:08:11 	 [DEBUG] 	 <client_im.go:85>  	 offline msg :sender:10002,receiver:10001,timestamp:1526009023,msgId:10181,body:msg2
2018-05-14 13:08:11 	 [DEBUG] 	 <client_im.go:85>  	 offline msg :sender:10002,receiver:10001,timestamp:1526009067,msgId:10187,body:msg8
2018-05-14 13:08:11 	 [DEBUG] 	 <client_im.go:85>  	 offline msg :sender:10002,receiver:10001,timestamp:1526100943,msgId:10197,body:msg11526100943
2018-05-14 13:08:11 	 [DEBUG] 	 <client_im.go:85>  	 offline msg :sender:10002,receiver:10001,timestamp:1526187782,msgId:10207,body:msg11526187782
2018-05-14 13:08:11 	 [DEBUG] 	 <client_im.go:85>  	 offline msg :sender:10002,receiver:10001,timestamp:1526187748,msgId:10206,body:msg11526187748
2018-05-14 13:10:45 	 [ INFO] 	 <main.go:40>  	 *********************************************
2018-05-14 13:10:45 	 [ INFO] 	 <main.go:41>  	            系统:[IM]版本:[1.0]
2018-05-14 13:10:45 	 [ INFO] 	 <main.go:42>  	 *********************************************
2018-05-14 13:10:45 	 [ INFO] 	 <config.go:70>  	 db:root:root@tcp(127.0.0.1:3306)/gim?parseTime=true&charset=utf8
2018-05-14 13:10:45 	 [ INFO] 	 <config.go:80>  	 连接数据库成功
2018-05-14 13:10:45 	 [ INFO] 	 <httpserver.go:17>  	 Http服务器启动中...
2018-05-14 13:10:45 	 [ INFO] 	 <httpserver.go:20>  	 Http服务器开始监听[:9002]端口
2018-05-14 13:10:45 	 [ INFO] 	 <httpserver.go:21>  	 *********************************************
2018-05-14 13:10:50 	 [DEBUG] 	 <tcp.go:32>  	 新连接地址为:[192.168.31.41:60045]
2018-05-14 13:10:50 	 [DEBUG] 	 <client_im.go:96>  	 offline msg :sender:10002,receiver:10001,timestamp:1526009065,msgId:10186,body:msg7
2018-05-14 13:10:50 	 [DEBUG] 	 <client_im.go:96>  	 offline msg :sender:10002,receiver:10001,timestamp:1526101306,msgId:10199,body:msg11526101306
2018-05-14 13:10:50 	 [DEBUG] 	 <client_im.go:96>  	 offline msg :sender:10002,receiver:10001,timestamp:1526009064,msgId:10185,body:msg6
2018-05-14 13:10:50 	 [DEBUG] 	 <client_im.go:96>  	 offline msg :sender:10002,receiver:10001,timestamp:1526009062,msgId:10184,body:msg5
2018-05-14 13:10:50 	 [DEBUG] 	 <client_im.go:96>  	 offline msg :sender:10002,receiver:10001,timestamp:1526101298,msgId:10198,body:msg11526101298
2018-05-14 13:10:50 	 [DEBUG] 	 <client_im.go:96>  	 offline msg :sender:10002,receiver:10001,timestamp:1526009025,msgId:10182,body:msg3
2018-05-14 13:10:50 	 [DEBUG] 	 <client_im.go:96>  	 offline msg :sender:10002,receiver:10001,timestamp:1526009044,msgId:10183,body:msg4
2018-05-14 13:10:50 	 [DEBUG] 	 <client_im.go:96>  	 offline msg :sender:10002,receiver:10001,timestamp:1526009014,msgId:10180,body:msg1
2018-05-14 13:10:50 	 [DEBUG] 	 <client_im.go:96>  	 offline msg :sender:10002,receiver:10001,timestamp:1526009023,msgId:10181,body:msg2
2018-05-14 13:10:50 	 [DEBUG] 	 <client_im.go:96>  	 offline msg :sender:10002,receiver:10001,timestamp:1526009067,msgId:10187,body:msg8
2018-05-14 13:10:50 	 [DEBUG] 	 <client_im.go:96>  	 offline msg :sender:10002,receiver:10001,timestamp:1526100943,msgId:10197,body:msg11526100943
2018-05-14 13:10:50 	 [DEBUG] 	 <client_im.go:96>  	 offline msg :sender:10002,receiver:10001,timestamp:1526187782,msgId:10207,body:msg11526187782
2018-05-14 13:10:50 	 [DEBUG] 	 <client_im.go:96>  	 offline msg :sender:10002,receiver:10001,timestamp:1526187748,msgId:10206,body:msg11526187748
2018-05-14 13:10:50 	 [ERROR] 	 <ack_handle.go:17>  	 error未有记录被修改MessageACK=>msgId:0
2018-05-14 13:10:50 	 [ERROR] 	 <ack_handle.go:17>  	 error未有记录被修改MessageACK=>msgId:0
2018-05-14 13:10:50 	 [ERROR] 	 <ack_handle.go:17>  	 error未有记录被修改MessageACK=>msgId:0
2018-05-14 13:10:50 	 [ERROR] 	 <ack_handle.go:17>  	 error未有记录被修改MessageACK=>msgId:0
2018-05-14 13:10:50 	 [ERROR] 	 <ack_handle.go:17>  	 error未有记录被修改MessageACK=>msgId:0
2018-05-14 13:10:50 	 [ERROR] 	 <ack_handle.go:17>  	 error未有记录被修改MessageACK=>msgId:0
2018-05-14 13:10:50 	 [ERROR] 	 <ack_handle.go:17>  	 error未有记录被修改MessageACK=>msgId:0
2018-05-14 13:10:50 	 [ERROR] 	 <ack_handle.go:17>  	 error未有记录被修改MessageACK=>msgId:0
2018-05-14 13:10:50 	 [ERROR] 	 <ack_handle.go:17>  	 error未有记录被修改MessageACK=>msgId:0
2018-05-14 13:10:50 	 [ERROR] 	 <ack_handle.go:17>  	 error未有记录被修改MessageACK=>msgId:0
2018-05-14 13:10:50 	 [ERROR] 	 <ack_handle.go:17>  	 error未有记录被修改MessageACK=>msgId:0
2018-05-14 13:10:50 	 [ERROR] 	 <ack_handle.go:17>  	 error未有记录被修改MessageACK=>msgId:0
2018-05-14 13:10:50 	 [ERROR] 	 <ack_handle.go:17>  	 error未有记录被修改MessageACK=>msgId:0
2018-05-14 13:11:54 	 [DEBUG] 	 <client_heartbeat.go:9>  	 heartBeet
2018-05-14 13:12:41 	 [DEBUG] 	 <protocol.go:136>  	 sock read error:EOF
2018-05-14 13:12:41 	 [DEBUG] 	 <client.go:81>  	 EOFconnect offline
2018-05-14 13:12:41 	 [DEBUG] 	 <client.go:146>  	 close client:10001, d5f75fbc-4f64-4f78-b320-2ca770847800
2018-05-14 13:12:41 	 [DEBUG] 	 <client.go:110>  	 client: d5f75fbc-4f64-4f78-b320-2ca770847800 10001 socket closed
2018-05-14 13:12:57 	 [DEBUG] 	 <tcp.go:32>  	 新连接地址为:[192.168.31.41:60109]
2018-05-14 13:12:57 	 [DEBUG] 	 <client_im.go:96>  	 offline msg :sender:10002,receiver:10001,timestamp:1526009065,msgId:10186,body:msg7
2018-05-14 13:12:57 	 [DEBUG] 	 <client_im.go:96>  	 offline msg :sender:10002,receiver:10001,timestamp:1526101306,msgId:10199,body:msg11526101306
2018-05-14 13:12:57 	 [DEBUG] 	 <client_im.go:96>  	 offline msg :sender:10002,receiver:10001,timestamp:1526009064,msgId:10185,body:msg6
2018-05-14 13:12:57 	 [DEBUG] 	 <client_im.go:96>  	 offline msg :sender:10002,receiver:10001,timestamp:1526009062,msgId:10184,body:msg5
2018-05-14 13:12:57 	 [DEBUG] 	 <client_im.go:96>  	 offline msg :sender:10002,receiver:10001,timestamp:1526101298,msgId:10198,body:msg11526101298
2018-05-14 13:12:57 	 [DEBUG] 	 <client_im.go:96>  	 offline msg :sender:10002,receiver:10001,timestamp:1526009025,msgId:10182,body:msg3
2018-05-14 13:12:57 	 [DEBUG] 	 <client_im.go:96>  	 offline msg :sender:10002,receiver:10001,timestamp:1526009044,msgId:10183,body:msg4
2018-05-14 13:12:57 	 [DEBUG] 	 <client_im.go:96>  	 offline msg :sender:10002,receiver:10001,timestamp:1526009014,msgId:10180,body:msg1
2018-05-14 13:12:57 	 [DEBUG] 	 <client_im.go:96>  	 offline msg :sender:10002,receiver:10001,timestamp:1526009023,msgId:10181,body:msg2
2018-05-14 13:12:57 	 [DEBUG] 	 <client_im.go:96>  	 offline msg :sender:10002,receiver:10001,timestamp:1526009067,msgId:10187,body:msg8
2018-05-14 13:12:57 	 [DEBUG] 	 <client_im.go:96>  	 offline msg :sender:10002,receiver:10001,timestamp:1526100943,msgId:10197,body:msg11526100943
2018-05-14 13:12:57 	 [DEBUG] 	 <client_im.go:96>  	 offline msg :sender:10002,receiver:10001,timestamp:1526187782,msgId:10207,body:msg11526187782
2018-05-14 13:12:57 	 [DEBUG] 	 <client_im.go:96>  	 offline msg :sender:10002,receiver:10001,timestamp:1526187748,msgId:10206,body:msg11526187748
2018-05-14 13:12:58 	 [ERROR] 	 <ack_handle.go:17>  	 error未有记录被修改MessageACK=>msgId:0
2018-05-14 13:12:58 	 [ERROR] 	 <ack_handle.go:17>  	 error未有记录被修改MessageACK=>msgId:0
2018-05-14 13:12:58 	 [ERROR] 	 <ack_handle.go:17>  	 error未有记录被修改MessageACK=>msgId:0
2018-05-14 13:12:58 	 [ERROR] 	 <ack_handle.go:17>  	 error未有记录被修改MessageACK=>msgId:0
2018-05-14 13:12:58 	 [ERROR] 	 <ack_handle.go:17>  	 error未有记录被修改MessageACK=>msgId:0
2018-05-14 13:12:58 	 [ERROR] 	 <ack_handle.go:17>  	 error未有记录被修改MessageACK=>msgId:0
2018-05-14 13:12:58 	 [ERROR] 	 <ack_handle.go:17>  	 error未有记录被修改MessageACK=>msgId:0
2018-05-14 13:12:58 	 [ERROR] 	 <ack_handle.go:17>  	 error未有记录被修改MessageACK=>msgId:0
2018-05-14 13:12:58 	 [ERROR] 	 <ack_handle.go:17>  	 error未有记录被修改MessageACK=>msgId:0
2018-05-14 13:12:58 	 [ERROR] 	 <ack_handle.go:17>  	 error未有记录被修改MessageACK=>msgId:0
2018-05-14 13:12:58 	 [ERROR] 	 <ack_handle.go:17>  	 error未有记录被修改MessageACK=>msgId:0
2018-05-14 13:12:58 	 [ERROR] 	 <ack_handle.go:17>  	 error未有记录被修改MessageACK=>msgId:0
2018-05-14 13:12:58 	 [ERROR] 	 <ack_handle.go:17>  	 error未有记录被修改MessageACK=>msgId:0
2018-05-14 13:14:58 	 [DEBUG] 	 <client_heartbeat.go:9>  	 heartBeet
2018-05-14 13:15:07 	 [DEBUG] 	 <protocol.go:136>  	 sock read error:EOF
2018-05-14 13:15:07 	 [DEBUG] 	 <client.go:81>  	 EOFconnect offline
2018-05-14 13:15:07 	 [DEBUG] 	 <client.go:146>  	 close client:10001, d5f75fbc-4f64-4f78-b320-2ca770847800
2018-05-14 13:15:07 	 [DEBUG] 	 <client.go:110>  	 client: d5f75fbc-4f64-4f78-b320-2ca770847800 10001 socket closed
2018-05-14 13:15:17 	 [DEBUG] 	 <tcp.go:32>  	 新连接地址为:[192.168.31.41:60181]
2018-05-14 13:15:17 	 [DEBUG] 	 <client_im.go:96>  	 offline msg :sender:10002,receiver:10001,timestamp:1526009065,msgId:10186,body:msg7
2018-05-14 13:15:17 	 [DEBUG] 	 <client_im.go:96>  	 offline msg :sender:10002,receiver:10001,timestamp:1526101306,msgId:10199,body:msg11526101306
2018-05-14 13:15:17 	 [DEBUG] 	 <client_im.go:96>  	 offline msg :sender:10002,receiver:10001,timestamp:1526009064,msgId:10185,body:msg6
2018-05-14 13:15:17 	 [DEBUG] 	 <client_im.go:96>  	 offline msg :sender:10002,receiver:10001,timestamp:1526009062,msgId:10184,body:msg5
2018-05-14 13:15:17 	 [DEBUG] 	 <client_im.go:96>  	 offline msg :sender:10002,receiver:10001,timestamp:1526101298,msgId:10198,body:msg11526101298
2018-05-14 13:15:17 	 [DEBUG] 	 <client_im.go:96>  	 offline msg :sender:10002,receiver:10001,timestamp:1526009025,msgId:10182,body:msg3
2018-05-14 13:15:17 	 [DEBUG] 	 <client_im.go:96>  	 offline msg :sender:10002,receiver:10001,timestamp:1526009044,msgId:10183,body:msg4
2018-05-14 13:15:17 	 [DEBUG] 	 <client_im.go:96>  	 offline msg :sender:10002,receiver:10001,timestamp:1526009014,msgId:10180,body:msg1
2018-05-14 13:15:17 	 [DEBUG] 	 <client_im.go:96>  	 offline msg :sender:10002,receiver:10001,timestamp:1526009023,msgId:10181,body:msg2
2018-05-14 13:15:17 	 [DEBUG] 	 <client_im.go:96>  	 offline msg :sender:10002,receiver:10001,timestamp:1526009067,msgId:10187,body:msg8
2018-05-14 13:15:17 	 [DEBUG] 	 <client_im.go:96>  	 offline msg :sender:10002,receiver:10001,timestamp:1526100943,msgId:10197,body:msg11526100943
2018-05-14 13:15:17 	 [DEBUG] 	 <client_im.go:96>  	 offline msg :sender:10002,receiver:10001,timestamp:1526187782,msgId:10207,body:msg11526187782
2018-05-14 13:15:17 	 [DEBUG] 	 <client_im.go:96>  	 offline msg :sender:10002,receiver:10001,timestamp:1526187748,msgId:10206,body:msg11526187748
2018-05-14 13:15:53 	 [DEBUG] 	 <protocol.go:136>  	 sock read error:EOF
2018-05-14 13:15:53 	 [DEBUG] 	 <client.go:81>  	 EOFconnect offline
2018-05-14 13:15:53 	 [DEBUG] 	 <client.go:146>  	 close client:10001, d5f75fbc-4f64-4f78-b320-2ca770847800
2018-05-14 13:15:53 	 [DEBUG] 	 <client.go:110>  	 client: d5f75fbc-4f64-4f78-b320-2ca770847800 10001 socket closed
2018-05-14 13:16:07 	 [DEBUG] 	 <tcp.go:32>  	 新连接地址为:[192.168.31.41:60249]
2018-05-14 13:16:07 	 [DEBUG] 	 <client_im.go:96>  	 offline msg :sender:10002,receiver:10001,timestamp:1526009065,msgId:10186,body:msg7
2018-05-14 13:16:07 	 [DEBUG] 	 <client_im.go:96>  	 offline msg :sender:10002,receiver:10001,timestamp:1526101306,msgId:10199,body:msg11526101306
2018-05-14 13:16:07 	 [DEBUG] 	 <client_im.go:96>  	 offline msg :sender:10002,receiver:10001,timestamp:1526009064,msgId:10185,body:msg6
2018-05-14 13:16:07 	 [DEBUG] 	 <client_im.go:96>  	 offline msg :sender:10002,receiver:10001,timestamp:1526009062,msgId:10184,body:msg5
2018-05-14 13:16:07 	 [DEBUG] 	 <client_im.go:96>  	 offline msg :sender:10002,receiver:10001,timestamp:1526101298,msgId:10198,body:msg11526101298
2018-05-14 13:16:07 	 [DEBUG] 	 <client_im.go:96>  	 offline msg :sender:10002,receiver:10001,timestamp:1526009025,msgId:10182,body:msg3
2018-05-14 13:16:07 	 [DEBUG] 	 <client_im.go:96>  	 offline msg :sender:10002,receiver:10001,timestamp:1526009044,msgId:10183,body:msg4
2018-05-14 13:16:07 	 [DEBUG] 	 <client_im.go:96>  	 offline msg :sender:10002,receiver:10001,timestamp:1526009014,msgId:10180,body:msg1
2018-05-14 13:16:07 	 [DEBUG] 	 <client_im.go:96>  	 offline msg :sender:10002,receiver:10001,timestamp:1526009023,msgId:10181,body:msg2
2018-05-14 13:16:07 	 [DEBUG] 	 <client_im.go:96>  	 offline msg :sender:10002,receiver:10001,timestamp:1526009067,msgId:10187,body:msg8
2018-05-14 13:16:07 	 [DEBUG] 	 <client_im.go:96>  	 offline msg :sender:10002,receiver:10001,timestamp:1526100943,msgId:10197,body:msg11526100943
2018-05-14 13:16:07 	 [DEBUG] 	 <client_im.go:96>  	 offline msg :sender:10002,receiver:10001,timestamp:1526187782,msgId:10207,body:msg11526187782
2018-05-14 13:16:07 	 [DEBUG] 	 <client_im.go:96>  	 offline msg :sender:10002,receiver:10001,timestamp:1526187748,msgId:10206,body:msg11526187748
2018-05-14 13:18:09 	 [DEBUG] 	 <client_heartbeat.go:9>  	 heartBeet
2018-05-14 13:20:09 	 [DEBUG] 	 <client_heartbeat.go:9>  	 heartBeet
2018-05-14 13:22:09 	 [DEBUG] 	 <client_heartbeat.go:9>  	 heartBeet
2018-05-14 13:24:08 	 [DEBUG] 	 <client_heartbeat.go:9>  	 heartBeet
2018-05-14 13:26:09 	 [DEBUG] 	 <client_heartbeat.go:9>  	 heartBeet
2018-05-14 13:28:09 	 [DEBUG] 	 <client_heartbeat.go:9>  	 heartBeet
2018-05-14 13:30:09 	 [DEBUG] 	 <client_heartbeat.go:9>  	 heartBeet
2018-05-14 13:32:09 	 [DEBUG] 	 <client_heartbeat.go:9>  	 heartBeet
2018-05-14 13:34:07 	 [DEBUG] 	 <client_heartbeat.go:9>  	 heartBeet
2018-05-14 13:36:08 	 [DEBUG] 	 <client_heartbeat.go:9>  	 heartBeet
2018-05-14 13:38:09 	 [DEBUG] 	 <client_heartbeat.go:9>  	 heartBeet
2018-05-14 13:40:09 	 [DEBUG] 	 <client_heartbeat.go:9>  	 heartBeet
2018-05-14 13:42:07 	 [DEBUG] 	 <client_heartbeat.go:9>  	 heartBeet
2018-05-14 13:44:09 	 [DEBUG] 	 <client_heartbeat.go:9>  	 heartBeet
2018-05-14 13:46:09 	 [DEBUG] 	 <client_heartbeat.go:9>  	 heartBeet
2018-05-14 13:48:09 	 [DEBUG] 	 <client_heartbeat.go:9>  	 heartBeet
2018-05-14 13:50:08 	 [DEBUG] 	 <client_heartbeat.go:9>  	 heartBeet
2018-05-14 13:52:09 	 [DEBUG] 	 <client_heartbeat.go:9>  	 heartBeet
2018-05-14 13:54:09 	 [DEBUG] 	 <client_heartbeat.go:9>  	 heartBeet
2018-05-14 13:56:07 	 [DEBUG] 	 <client_heartbeat.go:9>  	 heartBeet
2018-05-14 13:58:08 	 [DEBUG] 	 <client_heartbeat.go:9>  	 heartBeet
2018-05-14 14:00:09 	 [DEBUG] 	 <client_heartbeat.go:9>  	 heartBeet
2018-05-14 14:02:09 	 [DEBUG] 	 <client_heartbeat.go:9>  	 heartBeet
2018-05-14 14:04:09 	 [DEBUG] 	 <client_heartbeat.go:9>  	 heartBeet
2018-05-14 14:06:09 	 [DEBUG] 	 <client_heartbeat.go:9>  	 heartBeet
2018-05-14 14:08:07 	 [DEBUG] 	 <client_heartbeat.go:9>  	 heartBeet
2018-05-14 14:10:09 	 [DEBUG] 	 <client_heartbeat.go:9>  	 heartBeet
2018-05-14 14:12:09 	 [DEBUG] 	 <client_heartbeat.go:9>  	 heartBeet
2018-05-14 14:14:09 	 [DEBUG] 	 <client_heartbeat.go:9>  	 heartBeet
2018-05-14 14:16:08 	 [DEBUG] 	 <client_heartbeat.go:9>  	 heartBeet
2018-05-14 14:18:07 	 [DEBUG] 	 <client_heartbeat.go:9>  	 heartBeet
2018-05-14 14:20:08 	 [DEBUG] 	 <client_heartbeat.go:9>  	 heartBeet
2018-05-14 14:22:10 	 [DEBUG] 	 <client_heartbeat.go:9>  	 heartBeet
2018-05-14 14:24:09 	 [DEBUG] 	 <client_heartbeat.go:9>  	 heartBeet
2018-05-14 14:26:09 	 [DEBUG] 	 <client_heartbeat.go:9>  	 heartBeet
2018-05-14 14:28:09 	 [DEBUG] 	 <client_heartbeat.go:9>  	 heartBeet
2018-05-14 14:30:09 	 [DEBUG] 	 <client_heartbeat.go:9>  	 heartBeet
2018-05-14 14:32:09 	 [DEBUG] 	 <client_heartbeat.go:9>  	 heartBeet
2018-05-14 14:34:08 	 [DEBUG] 	 <client_heartbeat.go:9>  	 heartBeet
2018-05-14 14:36:09 	 [DEBUG] 	 <client_heartbeat.go:9>  	 heartBeet
2018-05-14 14:38:09 	 [DEBUG] 	 <client_heartbeat.go:9>  	 heartBeet
2018-05-14 14:40:08 	 [DEBUG] 	 <client_heartbeat.go:9>  	 heartBeet
2018-05-14 14:41:02 	 [DEBUG] 	 <protocol.go:136>  	 sock read error:EOF
2018-05-14 14:41:02 	 [DEBUG] 	 <client.go:81>  	 EOFconnect offline
2018-05-14 14:41:02 	 [DEBUG] 	 <client.go:146>  	 close client:10001, d5f75fbc-4f64-4f78-b320-2ca770847800
2018-05-14 14:41:02 	 [DEBUG] 	 <client.go:110>  	 client: d5f75fbc-4f64-4f78-b320-2ca770847800 10001 socket closed
2018-05-14 14:41:41 	 [DEBUG] 	 <tcp.go:32>  	 新连接地址为:[192.168.31.41:60315]
2018-05-14 14:41:41 	 [DEBUG] 	 <client_im.go:96>  	 offline msg :sender:10002,receiver:10001,timestamp:1526009065,msgId:10186,body:msg7
2018-05-14 14:41:41 	 [DEBUG] 	 <client_im.go:96>  	 offline msg :sender:10002,receiver:10001,timestamp:1526009064,msgId:10185,body:msg6
2018-05-14 14:41:41 	 [DEBUG] 	 <client_im.go:96>  	 offline msg :sender:10002,receiver:10001,timestamp:1526009062,msgId:10184,body:msg5
2018-05-14 14:41:41 	 [DEBUG] 	 <client_im.go:96>  	 offline msg :sender:10002,receiver:10001,timestamp:1526009025,msgId:10182,body:msg3
2018-05-14 14:41:41 	 [DEBUG] 	 <client_im.go:96>  	 offline msg :sender:10002,receiver:10001,timestamp:1526009044,msgId:10183,body:msg4
2018-05-14 14:41:41 	 [DEBUG] 	 <client_im.go:96>  	 offline msg :sender:10002,receiver:10001,timestamp:1526009014,msgId:10180,body:msg1
2018-05-14 14:41:41 	 [DEBUG] 	 <client_im.go:96>  	 offline msg :sender:10002,receiver:10001,timestamp:1526009023,msgId:10181,body:msg2
2018-05-14 14:41:41 	 [DEBUG] 	 <client_im.go:96>  	 offline msg :sender:10002,receiver:10001,timestamp:1526009067,msgId:10187,body:msg8
2018-05-14 14:43:54 	 [DEBUG] 	 <client_heartbeat.go:9>  	 heartBeet
2018-05-14 14:49:54 	 [DEBUG] 	 <protocol.go:136>  	 sock read error:read tcp 192.168.31.74:62310->192.168.31.41:60315: i/o timeout
2018-05-14 14:49:54 	 [DEBUG] 	 <client.go:146>  	 close client:10001, d5f75fbc-4f64-4f78-b320-2ca770847800
2018-05-14 14:49:54 	 [DEBUG] 	 <client.go:110>  	 client: d5f75fbc-4f64-4f78-b320-2ca770847800 10001 socket closed
2018-05-14 15:09:28 	 [DEBUG] 	 <tcp.go:32>  	 新连接地址为:[192.168.31.41:60316]
2018-05-14 15:09:44 	 [DEBUG] 	 <client_heartbeat.go:9>  	 heartBeet
2018-05-14 15:10:49 	 [DEBUG] 	 <protocol.go:136>  	 sock read error:EOF
2018-05-14 15:10:49 	 [DEBUG] 	 <client.go:81>  	 EOFconnect offline
2018-05-14 15:10:49 	 [DEBUG] 	 <client.go:146>  	 close client:10001, d5f75fbc-4f64-4f78-b320-2ca770847800
2018-05-14 15:10:49 	 [DEBUG] 	 <client.go:110>  	 client: d5f75fbc-4f64-4f78-b320-2ca770847800 10001 socket closed
2018-05-14 15:12:26 	 [DEBUG] 	 <tcp.go:32>  	 新连接地址为:[192.168.31.41:60384]
2018-05-14 15:14:26 	 [DEBUG] 	 <client_heartbeat.go:9>  	 heartBeet
2018-05-14 15:15:36 	 [DEBUG] 	 <protocol.go:136>  	 sock read error:EOF
2018-05-14 15:15:36 	 [DEBUG] 	 <client.go:81>  	 EOFconnect offline
2018-05-14 15:15:36 	 [DEBUG] 	 <client.go:146>  	 close client:10001, d5f75fbc-4f64-4f78-b320-2ca770847800
2018-05-14 15:15:36 	 [DEBUG] 	 <client.go:110>  	 client: d5f75fbc-4f64-4f78-b320-2ca770847800 10001 socket closed
2018-05-14 15:16:42 	 [DEBUG] 	 <tcp.go:32>  	 新连接地址为:[192.168.31.41:60452]
2018-05-14 15:16:48 	 [DEBUG] 	 <protocol.go:136>  	 sock read error:EOF
2018-05-14 15:16:48 	 [DEBUG] 	 <client.go:81>  	 EOFconnect offline
2018-05-14 15:16:48 	 [DEBUG] 	 <client.go:146>  	 close client:10001, d5f75fbc-4f64-4f78-b320-2ca770847800
2018-05-14 15:16:48 	 [DEBUG] 	 <client.go:110>  	 client: d5f75fbc-4f64-4f78-b320-2ca770847800 10001 socket closed
2018-05-14 15:20:30 	 [DEBUG] 	 <tcp.go:32>  	 新连接地址为:[192.168.31.41:60713]
2018-05-14 15:21:17 	 [DEBUG] 	 <protocol.go:136>  	 sock read error:EOF
2018-05-14 15:21:17 	 [DEBUG] 	 <client.go:81>  	 EOFconnect offline
2018-05-14 15:21:17 	 [DEBUG] 	 <client.go:146>  	 close client:10001, d5f75fbc-4f64-4f78-b320-2ca770847800
2018-05-14 15:21:17 	 [DEBUG] 	 <client.go:110>  	 client: d5f75fbc-4f64-4f78-b320-2ca770847800 10001 socket closed
2018-05-14 15:41:27 	 [ INFO] 	 <main.go:40>  	 *********************************************
2018-05-14 15:41:27 	 [ INFO] 	 <main.go:41>  	            系统:[IM]版本:[1.0]
2018-05-14 15:41:27 	 [ INFO] 	 <main.go:42>  	 *********************************************
2018-05-14 15:41:27 	 [ INFO] 	 <config.go:70>  	 db:root:root@tcp(127.0.0.1:3306)/gim?parseTime=true&charset=utf8
2018-05-14 15:41:27 	 [ INFO] 	 <config.go:80>  	 连接数据库成功
2018-05-14 15:41:27 	 [ INFO] 	 <httpserver.go:17>  	 Http服务器启动中...
2018-05-14 15:41:27 	 [ INFO] 	 <httpserver.go:20>  	 Http服务器开始监听[:9002]端口
2018-05-14 15:41:27 	 [ INFO] 	 <httpserver.go:21>  	 *********************************************
2018-05-14 15:41:30 	 [DEBUG] 	 <tcp.go:32>  	 新连接地址为:[192.168.31.41:61406]
2018-05-14 15:43:10 	 [DEBUG] 	 <client_heartbeat.go:9>  	 heartBeet
2018-05-14 15:44:36 	 [DEBUG] 	 <protocol.go:136>  	 sock read error:EOF
2018-05-14 15:44:36 	 [DEBUG] 	 <client.go:86>  	 EOFconnect offline
2018-05-14 15:44:36 	 [DEBUG] 	 <client.go:151>  	 close client:10001, d5f75fbc-4f64-4f78-b320-2ca770847800
2018-05-14 15:44:36 	 [DEBUG] 	 <client.go:115>  	 client: d5f75fbc-4f64-4f78-b320-2ca770847800 10001 socket closed
2018-05-14 17:02:23 	 [DEBUG] 	 <tcp.go:32>  	 新连接地址为:[192.168.31.41:61937]
2018-05-14 17:02:23 	 [DEBUG] 	 <client_im.go:96>  	 offline msg :sender:10002,receiver:10001,timestamp:1526009025,msgId:10182,body:msg3
2018-05-14 17:02:23 	 [DEBUG] 	 <client_im.go:96>  	 offline msg :sender:10002,receiver:10001,timestamp:1526009044,msgId:10183,body:msg4
2018-05-14 17:02:23 	 [DEBUG] 	 <client_im.go:96>  	 offline msg :sender:10002,receiver:10001,timestamp:1526009014,msgId:10180,body:msg1
2018-05-14 17:02:23 	 [DEBUG] 	 <client_im.go:96>  	 offline msg :sender:10002,receiver:10001,timestamp:1526009023,msgId:10181,body:msg2
2018-05-14 17:04:24 	 [DEBUG] 	 <client_heartbeat.go:9>  	 heartBeet
2018-05-14 17:05:04 	 [DEBUG] 	 <protocol.go:136>  	 sock read error:EOF
2018-05-14 17:05:04 	 [DEBUG] 	 <client.go:86>  	 EOFconnect offline
2018-05-14 17:05:04 	 [DEBUG] 	 <client.go:151>  	 close client:10001, d5f75fbc-4f64-4f78-b320-2ca770847800
2018-05-14 17:05:04 	 [DEBUG] 	 <client.go:115>  	 client: d5f75fbc-4f64-4f78-b320-2ca770847800 10001 socket closed
2018-05-14 17:05:14 	 [DEBUG] 	 <tcp.go:32>  	 新连接地址为:[192.168.31.41:62139]
2018-05-14 17:05:14 	 [DEBUG] 	 <client_im.go:96>  	 offline msg :sender:10002,receiver:10001,timestamp:1526009025,msgId:10182,body:{
	"type": 1,
	"content": "test"
}
2018-05-14 17:05:14 	 [DEBUG] 	 <client_im.go:96>  	 offline msg :sender:10002,receiver:10001,timestamp:1526009014,msgId:10180,body:{
	"type": 1,
	"content": "test"
}
2018-05-14 17:05:14 	 [DEBUG] 	 <client_im.go:96>  	 offline msg :sender:10002,receiver:10001,timestamp:1526009023,msgId:10181,body:{
	"type": 1,
	"content": "test"
}
2018-05-14 17:07:55 	 [DEBUG] 	 <protocol.go:136>  	 sock read error:EOF
2018-05-14 17:07:55 	 [DEBUG] 	 <client.go:86>  	 EOFconnect offline
2018-05-14 17:07:55 	 [DEBUG] 	 <client.go:151>  	 close client:10001, d5f75fbc-4f64-4f78-b320-2ca770847800
2018-05-14 17:07:55 	 [DEBUG] 	 <client.go:115>  	 client: d5f75fbc-4f64-4f78-b320-2ca770847800 10001 socket closed
2018-05-14 17:18:43 	 [DEBUG] 	 <tcp.go:32>  	 新连接地址为:[192.168.31.41:62580]
2018-05-14 17:18:43 	 [DEBUG] 	 <client_im.go:96>  	 offline msg :sender:10002,receiver:10001,timestamp:1526009025,msgId:10182,body:{
	"type": 1,
	"content": "test"
}
2018-05-14 17:18:43 	 [DEBUG] 	 <client_im.go:96>  	 offline msg :sender:10002,receiver:10001,timestamp:1526009014,msgId:10180,body:{
	"type": 1,
	"content": "test"
}
2018-05-14 17:18:43 	 [DEBUG] 	 <client_im.go:96>  	 offline msg :sender:10002,receiver:10001,timestamp:1526009023,msgId:10181,body:{
	"type": 1,
	"content": "test"
}
2018-05-14 17:20:43 	 [DEBUG] 	 <client_heartbeat.go:9>  	 heartBeet
2018-05-14 17:22:44 	 [DEBUG] 	 <client_heartbeat.go:9>  	 heartBeet
2018-05-14 17:24:45 	 [DEBUG] 	 <client_heartbeat.go:9>  	 heartBeet
2018-05-14 17:25:11 	 [DEBUG] 	 <protocol.go:136>  	 sock read error:EOF
2018-05-14 17:25:11 	 [DEBUG] 	 <client.go:86>  	 EOFconnect offline
2018-05-14 17:25:11 	 [DEBUG] 	 <client.go:151>  	 close client:10001, d5f75fbc-4f64-4f78-b320-2ca770847800
2018-05-14 17:25:11 	 [DEBUG] 	 <client.go:115>  	 client: d5f75fbc-4f64-4f78-b320-2ca770847800 10001 socket closed
2018-05-14 17:25:23 	 [DEBUG] 	 <tcp.go:32>  	 新连接地址为:[192.168.31.41:62834]
2018-05-14 17:25:23 	 [DEBUG] 	 <client_im.go:96>  	 offline msg :sender:10002,receiver:10001,timestamp:1526009062,msgId:10184,body:{"type": 1,"content": "test"}
2018-05-14 17:25:23 	 [DEBUG] 	 <client_im.go:96>  	 offline msg :sender:10002,receiver:10001,timestamp:1526009025,msgId:10182,body:{
	"type": 1,
	"content": "test"
}
2018-05-14 17:25:23 	 [DEBUG] 	 <client_im.go:96>  	 offline msg :sender:10002,receiver:10001,timestamp:1526009044,msgId:10183,body:{"type": 1,"content": "test"}
2018-05-14 17:25:23 	 [DEBUG] 	 <client_im.go:96>  	 offline msg :sender:10002,receiver:10001,timestamp:1526009014,msgId:10180,body:{
	"type": 1,
	"content": "test"
}
2018-05-14 17:25:23 	 [DEBUG] 	 <client_im.go:96>  	 offline msg :sender:10002,receiver:10001,timestamp:1526009023,msgId:10181,body:{
	"type": 1,
	"content": "test"
}
2018-05-14 17:25:56 	 [DEBUG] 	 <protocol.go:136>  	 sock read error:EOF
2018-05-14 17:25:56 	 [DEBUG] 	 <client.go:86>  	 EOFconnect offline
2018-05-14 17:25:56 	 [DEBUG] 	 <client.go:151>  	 close client:10001, d5f75fbc-4f64-4f78-b320-2ca770847800
2018-05-14 17:25:56 	 [DEBUG] 	 <client.go:115>  	 client: d5f75fbc-4f64-4f78-b320-2ca770847800 10001 socket closed
2018-05-14 17:26:10 	 [DEBUG] 	 <tcp.go:32>  	 新连接地址为:[192.168.31.41:63068]
2018-05-14 17:26:10 	 [DEBUG] 	 <client_im.go:96>  	 offline msg :sender:10002,receiver:10001,timestamp:1526009062,msgId:10184,body:{"type": 1,"content": "test"}
2018-05-14 17:26:10 	 [DEBUG] 	 <client_im.go:96>  	 offline msg :sender:10002,receiver:10001,timestamp:1526009025,msgId:10182,body:{
	"type": 1,
	"content": "test"
}
2018-05-14 17:26:10 	 [DEBUG] 	 <client_im.go:96>  	 offline msg :sender:10002,receiver:10001,timestamp:1526009044,msgId:10183,body:{"type": 1,"content": "test"}
2018-05-14 17:26:10 	 [DEBUG] 	 <client_im.go:96>  	 offline msg :sender:10002,receiver:10001,timestamp:1526009014,msgId:10180,body:{
	"type": 1,
	"content": "test"
}
2018-05-14 17:26:10 	 [DEBUG] 	 <client_im.go:96>  	 offline msg :sender:10002,receiver:10001,timestamp:1526009023,msgId:10181,body:{
	"type": 1,
	"content": "test"
}
2018-05-14 17:28:10 	 [DEBUG] 	 <client_heartbeat.go:9>  	 heartBeet
2018-05-14 17:30:11 	 [DEBUG] 	 <client_heartbeat.go:9>  	 heartBeet
2018-05-14 17:32:12 	 [DEBUG] 	 <client_heartbeat.go:9>  	 heartBeet
2018-05-14 17:34:10 	 [DEBUG] 	 <client_heartbeat.go:9>  	 heartBeet
2018-05-14 17:36:13 	 [DEBUG] 	 <client_heartbeat.go:9>  	 heartBeet
2018-05-14 17:38:12 	 [DEBUG] 	 <client_heartbeat.go:9>  	 heartBeet
2018-05-14 17:40:13 	 [DEBUG] 	 <client_heartbeat.go:9>  	 heartBeet
2018-05-14 17:42:11 	 [DEBUG] 	 <client_heartbeat.go:9>  	 heartBeet
2018-05-14 17:44:13 	 [DEBUG] 	 <client_heartbeat.go:9>  	 heartBeet
2018-05-14 17:46:13 	 [DEBUG] 	 <client_heartbeat.go:9>  	 heartBeet
2018-05-14 17:48:13 	 [DEBUG] 	 <client_heartbeat.go:9>  	 heartBeet
2018-05-14 17:50:10 	 [DEBUG] 	 <client_heartbeat.go:9>  	 heartBeet
2018-05-14 17:52:11 	 [DEBUG] 	 <client_heartbeat.go:9>  	 heartBeet
2018-05-14 17:54:12 	 [DEBUG] 	 <client_heartbeat.go:9>  	 heartBeet
2018-05-14 17:56:13 	 [DEBUG] 	 <client_heartbeat.go:9>  	 heartBeet
2018-05-14 17:58:13 	 [DEBUG] 	 <client_heartbeat.go:9>  	 heartBeet
2018-05-14 18:00:10 	 [DEBUG] 	 <client_heartbeat.go:9>  	 heartBeet
2018-05-14 18:02:13 	 [DEBUG] 	 <client_heartbeat.go:9>  	 heartBeet
2018-05-14 18:04:13 	 [DEBUG] 	 <client_heartbeat.go:9>  	 heartBeet
2018-05-14 18:06:12 	 [DEBUG] 	 <client_heartbeat.go:9>  	 heartBeet
2018-05-14 18:07:47 	 [DEBUG] 	 <protocol.go:136>  	 sock read error:EOF
2018-05-14 18:07:47 	 [DEBUG] 	 <client.go:86>  	 EOFconnect offline
2018-05-14 18:07:47 	 [DEBUG] 	 <client.go:151>  	 close client:10001, d5f75fbc-4f64-4f78-b320-2ca770847800
2018-05-14 18:07:47 	 [DEBUG] 	 <client.go:115>  	 client: d5f75fbc-4f64-4f78-b320-2ca770847800 10001 socket closed
2018-05-14 18:08:08 	 [DEBUG] 	 <tcp.go:32>  	 新连接地址为:[192.168.31.41:63443]
2018-05-14 18:08:08 	 [DEBUG] 	 <client_im.go:96>  	 offline msg :sender:10002,receiver:10001,timestamp:1526009014,msgId:10180,body:{"type": 1,"content": "test","type": "test"}
2018-05-14 18:08:21 	 [DEBUG] 	 <protocol.go:136>  	 sock read error:EOF
2018-05-14 18:08:21 	 [DEBUG] 	 <client.go:86>  	 EOFconnect offline
2018-05-14 18:08:21 	 [DEBUG] 	 <client.go:151>  	 close client:10001, d5f75fbc-4f64-4f78-b320-2ca770847800
2018-05-14 18:08:21 	 [DEBUG] 	 <client.go:115>  	 client: d5f75fbc-4f64-4f78-b320-2ca770847800 10001 socket closed
2018-05-14 18:08:22 	 [DEBUG] 	 <tcp.go:32>  	 新连接地址为:[192.168.31.41:63484]
2018-05-14 18:08:22 	 [DEBUG] 	 <client_im.go:96>  	 offline msg :sender:10002,receiver:10001,timestamp:1526009014,msgId:10180,body:{"type": 1,"content": "test","type": "test"}
2018-05-14 18:10:18 	 [DEBUG] 	 <protocol.go:136>  	 sock read error:EOF
2018-05-14 18:10:18 	 [DEBUG] 	 <client.go:86>  	 EOFconnect offline
2018-05-14 18:10:18 	 [DEBUG] 	 <client.go:151>  	 close client:10001, d5f75fbc-4f64-4f78-b320-2ca770847800
2018-05-14 18:10:18 	 [DEBUG] 	 <client.go:115>  	 client: d5f75fbc-4f64-4f78-b320-2ca770847800 10001 socket closed
2018-05-14 18:12:08 	 [DEBUG] 	 <tcp.go:32>  	 新连接地址为:[192.168.31.41:63683]
2018-05-14 18:12:08 	 [DEBUG] 	 <client_im.go:96>  	 offline msg :sender:10002,receiver:10001,timestamp:1526009014,msgId:10180,body:{"type": 1,"content": "test","type": "test"}
2018-05-14 18:12:41 	 [DEBUG] 	 <protocol.go:136>  	 sock read error:EOF
2018-05-14 18:12:41 	 [DEBUG] 	 <client.go:86>  	 EOFconnect offline
2018-05-14 18:12:41 	 [DEBUG] 	 <client.go:151>  	 close client:10001, d5f75fbc-4f64-4f78-b320-2ca770847800
2018-05-14 18:12:41 	 [DEBUG] 	 <client.go:115>  	 client: d5f75fbc-4f64-4f78-b320-2ca770847800 10001 socket closed
2018-05-14 18:13:31 	 [DEBUG] 	 <tcp.go:32>  	 新连接地址为:[192.168.31.41:63868]
2018-05-14 18:13:31 	 [DEBUG] 	 <client_im.go:96>  	 offline msg :sender:10002,receiver:10001,timestamp:1526009014,msgId:10180,body:{"type": 1,"content": "test","type": "test"}
2018-05-14 18:14:14 	 [DEBUG] 	 <protocol.go:136>  	 sock read error:EOF
2018-05-14 18:14:14 	 [DEBUG] 	 <client.go:86>  	 EOFconnect offline
2018-05-14 18:14:14 	 [DEBUG] 	 <client.go:151>  	 close client:10001, d5f75fbc-4f64-4f78-b320-2ca770847800
2018-05-14 18:14:14 	 [DEBUG] 	 <client.go:115>  	 client: d5f75fbc-4f64-4f78-b320-2ca770847800 10001 socket closed
2018-05-14 18:14:48 	 [DEBUG] 	 <tcp.go:32>  	 新连接地址为:[192.168.31.41:64063]
2018-05-14 18:14:48 	 [DEBUG] 	 <client_im.go:96>  	 offline msg :sender:10002,receiver:10001,timestamp:1526009014,msgId:10180,body:{"type": 1,"content": "test","type": "test"}
2018-05-14 18:14:48 	 [DEBUG] 	 <client_im.go:96>  	 offline msg :sender:10002,receiver:10001,timestamp:1526009023,msgId:10181,body:{
	"type": 1,
	"content": "test"
}
2018-05-14 18:16:02 	 [DEBUG] 	 <protocol.go:136>  	 sock read error:EOF
2018-05-14 18:16:02 	 [DEBUG] 	 <client.go:86>  	 EOFconnect offline
2018-05-14 18:16:02 	 [DEBUG] 	 <client.go:151>  	 close client:10001, d5f75fbc-4f64-4f78-b320-2ca770847800
2018-05-14 18:16:02 	 [DEBUG] 	 <client.go:115>  	 client: d5f75fbc-4f64-4f78-b320-2ca770847800 10001 socket closed
2018-05-14 18:16:12 	 [DEBUG] 	 <tcp.go:32>  	 新连接地址为:[192.168.31.41:64314]
2018-05-14 18:16:12 	 [DEBUG] 	 <client_im.go:96>  	 offline msg :sender:10002,receiver:10001,timestamp:1526009025,msgId:10182,body:{
	"type": "1",
	"content": "test"
}
2018-05-14 18:16:12 	 [DEBUG] 	 <client_im.go:96>  	 offline msg :sender:10002,receiver:10001,timestamp:1526009014,msgId:10180,body:{"content": "test","type": "test"}
2018-05-14 18:16:12 	 [DEBUG] 	 <client_im.go:96>  	 offline msg :sender:10002,receiver:10001,timestamp:1526009023,msgId:10181,body:{
	"type": 1,
	"content": "test"
}
2018-05-14 18:16:56 	 [DEBUG] 	 <protocol.go:136>  	 sock read error:EOF
2018-05-14 18:16:56 	 [DEBUG] 	 <client.go:86>  	 EOFconnect offline
2018-05-14 18:16:56 	 [DEBUG] 	 <client.go:151>  	 close client:10001, d5f75fbc-4f64-4f78-b320-2ca770847800
2018-05-14 18:16:56 	 [DEBUG] 	 <client.go:115>  	 client: d5f75fbc-4f64-4f78-b320-2ca770847800 10001 socket closed
2018-05-14 18:16:59 	 [DEBUG] 	 <tcp.go:32>  	 新连接地址为:[192.168.31.41:64315]
2018-05-14 18:16:59 	 [DEBUG] 	 <client_im.go:96>  	 offline msg :sender:10002,receiver:10001,timestamp:1526009064,msgId:10185,body:msg6
2018-05-14 18:16:59 	 [DEBUG] 	 <client_im.go:96>  	 offline msg :sender:10002,receiver:10001,timestamp:1526009025,msgId:10182,body:{
	"type": "1",
	"content": "test"
}
2018-05-14 18:16:59 	 [DEBUG] 	 <client_im.go:96>  	 offline msg :sender:10002,receiver:10001,timestamp:1526009014,msgId:10180,body:{"content": "test","type": "test"}
2018-05-14 18:16:59 	 [DEBUG] 	 <client_im.go:96>  	 offline msg :sender:10002,receiver:10001,timestamp:1526009023,msgId:10181,body:{
	"type": 1,
	"content": "test"
}
2018-05-14 18:17:03 	 [DEBUG] 	 <protocol.go:136>  	 sock read error:EOF
2018-05-14 18:17:03 	 [DEBUG] 	 <client.go:86>  	 EOFconnect offline
2018-05-14 18:17:03 	 [DEBUG] 	 <client.go:151>  	 close client:10001, d5f75fbc-4f64-4f78-b320-2ca770847800
2018-05-14 18:17:03 	 [DEBUG] 	 <client.go:115>  	 client: d5f75fbc-4f64-4f78-b320-2ca770847800 10001 socket closed
2018-05-14 18:17:07 	 [DEBUG] 	 <tcp.go:32>  	 新连接地址为:[192.168.31.41:64316]
2018-05-14 18:17:07 	 [DEBUG] 	 <client_im.go:96>  	 offline msg :sender:10002,receiver:10001,timestamp:1526009064,msgId:10185,body:msg6
2018-05-14 18:17:07 	 [DEBUG] 	 <client_im.go:96>  	 offline msg :sender:10002,receiver:10001,timestamp:1526009025,msgId:10182,body:{
	"type": "1",
	"content": "test"
}
2018-05-14 18:17:07 	 [DEBUG] 	 <client_im.go:96>  	 offline msg :sender:10002,receiver:10001,timestamp:1526009014,msgId:10180,body:{"content": "test","type": "test"}
2018-05-14 18:17:07 	 [DEBUG] 	 <client_im.go:96>  	 offline msg :sender:10002,receiver:10001,timestamp:1526009023,msgId:10181,body:{
	"type": 1,
	"content": "test"
}
2018-05-14 18:17:56 	 [DEBUG] 	 <protocol.go:136>  	 sock read error:EOF
2018-05-14 18:17:56 	 [DEBUG] 	 <client.go:86>  	 EOFconnect offline
2018-05-14 18:17:56 	 [DEBUG] 	 <client.go:151>  	 close client:10001, d5f75fbc-4f64-4f78-b320-2ca770847800
2018-05-14 18:17:56 	 [DEBUG] 	 <client.go:115>  	 client: d5f75fbc-4f64-4f78-b320-2ca770847800 10001 socket closed
2018-05-14 18:18:30 	 [DEBUG] 	 <tcp.go:32>  	 新连接地址为:[192.168.31.41:64541]
2018-05-14 18:18:30 	 [DEBUG] 	 <client_im.go:96>  	 offline msg :sender:10002,receiver:10001,timestamp:1526009064,msgId:10185,body:msg6
2018-05-14 18:18:30 	 [DEBUG] 	 <client_im.go:96>  	 offline msg :sender:10002,receiver:10001,timestamp:1526009025,msgId:10182,body:{
	"type": "1",
	"content": "test"
}
2018-05-14 18:18:30 	 [DEBUG] 	 <client_im.go:96>  	 offline msg :sender:10002,receiver:10001,timestamp:1526009014,msgId:10180,body:{"content": "test","type": "test"}
2018-05-14 18:18:30 	 [DEBUG] 	 <client_im.go:96>  	 offline msg :sender:10002,receiver:10001,timestamp:1526009023,msgId:10181,body:{
	"type": 1,
	"content": "test"
}
2018-05-14 18:19:19 	 [DEBUG] 	 <protocol.go:136>  	 sock read error:EOF
2018-05-14 18:19:19 	 [DEBUG] 	 <client.go:86>  	 EOFconnect offline
2018-05-14 18:19:19 	 [DEBUG] 	 <client.go:151>  	 close client:10001, d5f75fbc-4f64-4f78-b320-2ca770847800
2018-05-14 18:19:19 	 [DEBUG] 	 <client.go:115>  	 client: d5f75fbc-4f64-4f78-b320-2ca770847800 10001 socket closed
2018-05-14 18:20:08 	 [DEBUG] 	 <tcp.go:32>  	 新连接地址为:[192.168.31.41:64953]
2018-05-14 18:20:08 	 [DEBUG] 	 <client_im.go:96>  	 offline msg :sender:10002,receiver:10001,timestamp:1526009064,msgId:10185,body:msg6
2018-05-14 18:20:08 	 [DEBUG] 	 <client_im.go:96>  	 offline msg :sender:10002,receiver:10001,timestamp:1526009025,msgId:10182,body:{
	"type": "1",
	"content": "test"
}
2018-05-14 18:20:08 	 [DEBUG] 	 <client_im.go:96>  	 offline msg :sender:10002,receiver:10001,timestamp:1526009014,msgId:10180,body:{"content": "test","type": "test"}
2018-05-14 18:20:08 	 [DEBUG] 	 <client_im.go:96>  	 offline msg :sender:10002,receiver:10001,timestamp:1526009023,msgId:10181,body:{
	"type": 1,
	"content": "test"
}
2018-05-14 18:20:23 	 [DEBUG] 	 <protocol.go:136>  	 sock read error:read tcp 192.168.31.74:62310->192.168.31.41:64953: read: connection reset by peer
2018-05-14 18:20:23 	 [DEBUG] 	 <client.go:151>  	 close client:10001, d5f75fbc-4f64-4f78-b320-2ca770847800
2018-05-14 18:20:23 	 [DEBUG] 	 <client.go:115>  	 client: d5f75fbc-4f64-4f78-b320-2ca770847800 10001 socket closed
2018-05-14 18:26:28 	 [DEBUG] 	 <tcp.go:32>  	 新连接地址为:[192.168.31.41:65360]
2018-05-14 18:26:28 	 [DEBUG] 	 <client_im.go:96>  	 offline msg :sender:10002,receiver:10001,timestamp:1526009064,msgId:10185,body:msg6
2018-05-14 18:26:28 	 [DEBUG] 	 <client_im.go:96>  	 offline msg :sender:10002,receiver:10001,timestamp:1526009025,msgId:10182,body:{
	"type": "1",
	"content": "test"
}
2018-05-14 18:26:28 	 [DEBUG] 	 <client_im.go:96>  	 offline msg :sender:10002,receiver:10001,timestamp:1526009014,msgId:10180,body:{"content": "test","type": "test"}
2018-05-14 18:26:28 	 [DEBUG] 	 <client_im.go:96>  	 offline msg :sender:10002,receiver:10001,timestamp:1526009023,msgId:10181,body:{
	"type": 1,
	"content": "test"
}
2018-05-14 18:27:24 	 [DEBUG] 	 <protocol.go:136>  	 sock read error:EOF
2018-05-14 18:27:24 	 [DEBUG] 	 <client.go:86>  	 EOFconnect offline
2018-05-14 18:27:24 	 [DEBUG] 	 <client.go:151>  	 close client:10001, d5f75fbc-4f64-4f78-b320-2ca770847800
2018-05-14 18:27:24 	 [DEBUG] 	 <client.go:115>  	 client: d5f75fbc-4f64-4f78-b320-2ca770847800 10001 socket closed
2018-05-14 18:27:47 	 [DEBUG] 	 <tcp.go:32>  	 新连接地址为:[192.168.31.41:49168]
2018-05-14 18:27:47 	 [DEBUG] 	 <client_im.go:96>  	 offline msg :sender:10002,receiver:10001,timestamp:1526009064,msgId:10185,body:msg6
2018-05-14 18:27:47 	 [DEBUG] 	 <client_im.go:96>  	 offline msg :sender:10002,receiver:10001,timestamp:1526009025,msgId:10182,body:{
	"type": "1",
	"content": "test"
}
2018-05-14 18:27:47 	 [DEBUG] 	 <client_im.go:96>  	 offline msg :sender:10002,receiver:10001,timestamp:1526009014,msgId:10180,body:{"content": "test","type": "test"}
2018-05-14 18:27:47 	 [DEBUG] 	 <client_im.go:96>  	 offline msg :sender:10002,receiver:10001,timestamp:1526009023,msgId:10181,body:{
	"type": 1,
	"content": "test"
}
2018-05-14 18:29:49 	 [DEBUG] 	 <client_heartbeat.go:9>  	 heartBeet
2018-05-14 18:30:30 	 [DEBUG] 	 <protocol.go:136>  	 sock read error:EOF
2018-05-14 18:30:30 	 [DEBUG] 	 <client.go:86>  	 EOFconnect offline
2018-05-14 18:30:30 	 [DEBUG] 	 <client.go:151>  	 close client:10001, d5f75fbc-4f64-4f78-b320-2ca770847800
2018-05-14 18:30:30 	 [DEBUG] 	 <client.go:115>  	 client: d5f75fbc-4f64-4f78-b320-2ca770847800 10001 socket closed
2018-05-14 18:43:30 	 [DEBUG] 	 <tcp.go:32>  	 新连接地址为:[192.168.31.41:49363]
2018-05-14 18:43:30 	 [DEBUG] 	 <client_im.go:96>  	 offline msg :sender:10002,receiver:10001,timestamp:1526009064,msgId:10185,body:msg6
2018-05-14 18:43:30 	 [DEBUG] 	 <client_im.go:96>  	 offline msg :sender:10002,receiver:10001,timestamp:1526009025,msgId:10182,body:{
	"type": "1",
	"content": "test"
}
2018-05-14 18:43:30 	 [DEBUG] 	 <client_im.go:96>  	 offline msg :sender:10002,receiver:10001,timestamp:1526009014,msgId:10180,body:{"content": "test","type": "test"}
2018-05-14 18:43:30 	 [DEBUG] 	 <client_im.go:96>  	 offline msg :sender:10002,receiver:10001,timestamp:1526009023,msgId:10181,body:{
	"type": 1,
	"content": "test"
}
2018-05-14 18:43:55 	 [DEBUG] 	 <protocol.go:136>  	 sock read error:EOF
2018-05-14 18:43:55 	 [DEBUG] 	 <client.go:86>  	 EOFconnect offline
2018-05-14 18:43:55 	 [DEBUG] 	 <client.go:151>  	 close client:10001, d5f75fbc-4f64-4f78-b320-2ca770847800
2018-05-14 18:43:55 	 [DEBUG] 	 <client.go:115>  	 client: d5f75fbc-4f64-4f78-b320-2ca770847800 10001 socket closed
2018-05-14 18:44:05 	 [DEBUG] 	 <tcp.go:32>  	 新连接地址为:[192.168.31.41:49547]
2018-05-14 18:44:05 	 [DEBUG] 	 <client_im.go:96>  	 offline msg :sender:10002,receiver:10001,timestamp:1526009064,msgId:10185,body:msg6
2018-05-14 18:44:05 	 [DEBUG] 	 <client_im.go:96>  	 offline msg :sender:10002,receiver:10001,timestamp:1526009025,msgId:10182,body:{
	"type": "1",
	"content": "test"
}
2018-05-14 18:44:05 	 [DEBUG] 	 <client_im.go:96>  	 offline msg :sender:10002,receiver:10001,timestamp:1526009014,msgId:10180,body:{"content": "test","type": "test"}
2018-05-14 18:44:05 	 [DEBUG] 	 <client_im.go:96>  	 offline msg :sender:10002,receiver:10001,timestamp:1526009023,msgId:10181,body:{
	"type": 1,
	"content": "test"
}
2018-05-14 18:45:43 	 [DEBUG] 	 <protocol.go:136>  	 sock read error:EOF
2018-05-14 18:45:43 	 [DEBUG] 	 <client.go:86>  	 EOFconnect offline
2018-05-14 18:45:43 	 [DEBUG] 	 <client.go:151>  	 close client:10001, d5f75fbc-4f64-4f78-b320-2ca770847800
2018-05-14 18:45:43 	 [DEBUG] 	 <client.go:115>  	 client: d5f75fbc-4f64-4f78-b320-2ca770847800 10001 socket closed
