2018-05-25 09:48:45 	 [DEBUG] 	 <tcp.go:32>  	 新连接地址为:[192.168.31.41:49622]
2018-05-25 09:49:10 	 [DEBUG] 	 <protocol.go:134>  	 sock read error:EOF
2018-05-25 09:49:10 	 [DEBUG] 	 <client.go:83>  	 EOFconnect offline
2018-05-25 09:49:10 	 [DEBUG] 	 <client.go:148>  	 close client:0, 
2018-05-25 09:49:10 	 [DEBUG] 	 <client.go:112>  	 client:  0 socket closed
2018-05-25 09:59:17 	 [DEBUG] 	 <tcp.go:32>  	 新连接地址为:[192.168.31.41:49667]
2018-05-25 09:59:57 	 [DEBUG] 	 <protocol.go:134>  	 sock read error:EOF
2018-05-25 09:59:57 	 [DEBUG] 	 <client.go:83>  	 EOFconnect offline
2018-05-25 09:59:57 	 [DEBUG] 	 <client.go:148>  	 close client:0, 
2018-05-25 09:59:57 	 [DEBUG] 	 <client.go:112>  	 client:  0 socket closed
2018-05-25 11:14:08 	 [DEBUG] 	 <tcp.go:32>  	 新连接地址为:[192.168.31.41:49925]
2018-05-25 11:14:12 	 [DEBUG] 	 <connection.go:106>  	 TODO(need offline push )can't send message, appid:10 uid:10001 cmd:4
2018-05-25 11:14:30 	 [DEBUG] 	 <protocol.go:134>  	 sock read error:EOF
2018-05-25 11:14:30 	 [DEBUG] 	 <client.go:83>  	 EOFconnect offline
2018-05-25 11:14:30 	 [DEBUG] 	 <client.go:148>  	 close client:10002, 80d07eb7-09d5-4332-aa4d-01990a291dfd
2018-05-25 11:14:30 	 [DEBUG] 	 <client.go:112>  	 client: 80d07eb7-09d5-4332-aa4d-01990a291dfd 10002 socket closed
2018-05-25 11:16:42 	 [DEBUG] 	 <tcp.go:32>  	 新连接地址为:[192.168.31.41:50008]
2018-05-25 11:16:47 	 [DEBUG] 	 <connection.go:106>  	 TODO(need offline push )can't send message, appid:10 uid:10001 cmd:4
2018-05-25 11:16:50 	 [DEBUG] 	 <connection.go:106>  	 TODO(need offline push )can't send message, appid:10 uid:10001 cmd:4
2018-05-25 11:17:07 	 [DEBUG] 	 <protocol.go:134>  	 sock read error:EOF
2018-05-25 11:17:07 	 [DEBUG] 	 <client.go:83>  	 EOFconnect offline
2018-05-25 11:17:07 	 [DEBUG] 	 <client.go:148>  	 close client:10002, 80d07eb7-09d5-4332-aa4d-01990a291dfd
2018-05-25 11:17:07 	 [DEBUG] 	 <client.go:112>  	 client: 80d07eb7-09d5-4332-aa4d-01990a291dfd 10002 socket closed
2018-05-25 11:21:18 	 [DEBUG] 	 <tcp.go:32>  	 新连接地址为:[192.168.31.41:50137]
2018-05-25 11:21:21 	 [DEBUG] 	 <protocol.go:134>  	 sock read error:EOF
2018-05-25 11:21:21 	 [DEBUG] 	 <client.go:83>  	 EOFconnect offline
2018-05-25 11:21:21 	 [DEBUG] 	 <client.go:148>  	 close client:10002, 80d07eb7-09d5-4332-aa4d-01990a291dfd
2018-05-25 11:21:21 	 [DEBUG] 	 <client.go:112>  	 client: 80d07eb7-09d5-4332-aa4d-01990a291dfd 10002 socket closed
2018-05-25 11:22:13 	 [DEBUG] 	 <tcp.go:32>  	 新连接地址为:[192.168.31.41:50179]
2018-05-25 11:22:14 	 [DEBUG] 	 <connection.go:106>  	 TODO(need offline push )can't send message, appid:10 uid:10001 cmd:4
2018-05-25 11:22:25 	 [DEBUG] 	 <protocol.go:134>  	 sock read error:EOF
2018-05-25 11:22:25 	 [DEBUG] 	 <client.go:83>  	 EOFconnect offline
2018-05-25 11:22:25 	 [DEBUG] 	 <client.go:148>  	 close client:10002, 80d07eb7-09d5-4332-aa4d-01990a291dfd
2018-05-25 11:22:25 	 [DEBUG] 	 <client.go:112>  	 client: 80d07eb7-09d5-4332-aa4d-01990a291dfd 10002 socket closed
2018-05-25 11:22:32 	 [DEBUG] 	 <tcp.go:32>  	 新连接地址为:[192.168.31.41:50221]
2018-05-25 11:23:58 	 [DEBUG] 	 <protocol.go:134>  	 sock read error:EOF
2018-05-25 11:23:58 	 [DEBUG] 	 <client.go:83>  	 EOFconnect offline
2018-05-25 11:23:58 	 [DEBUG] 	 <client.go:148>  	 close client:10002, 80d07eb7-09d5-4332-aa4d-01990a291dfd
2018-05-25 11:23:58 	 [DEBUG] 	 <client.go:112>  	 client: 80d07eb7-09d5-4332-aa4d-01990a291dfd 10002 socket closed
2018-05-25 11:24:04 	 [DEBUG] 	 <tcp.go:32>  	 新连接地址为:[192.168.31.41:50264]
2018-05-25 11:26:06 	 [DEBUG] 	 <client_heartbeat.go:9>  	 heartBeet
2018-05-25 11:28:06 	 [DEBUG] 	 <client_heartbeat.go:9>  	 heartBeet
2018-05-25 11:30:06 	 [DEBUG] 	 <client_heartbeat.go:9>  	 heartBeet
2018-05-25 11:32:06 	 [DEBUG] 	 <client_heartbeat.go:9>  	 heartBeet
2018-05-25 11:34:06 	 [DEBUG] 	 <client_heartbeat.go:9>  	 heartBeet
2018-05-25 11:36:06 	 [DEBUG] 	 <client_heartbeat.go:9>  	 heartBeet
2018-05-25 11:38:06 	 [DEBUG] 	 <client_heartbeat.go:9>  	 heartBeet
2018-05-25 11:40:06 	 [DEBUG] 	 <client_heartbeat.go:9>  	 heartBeet
2018-05-25 11:42:06 	 [DEBUG] 	 <client_heartbeat.go:9>  	 heartBeet
2018-05-25 11:42:18 	 [DEBUG] 	 <protocol.go:134>  	 sock read error:EOF
2018-05-25 11:42:18 	 [DEBUG] 	 <client.go:83>  	 EOFconnect offline
2018-05-25 11:42:18 	 [DEBUG] 	 <client.go:148>  	 close client:10002, 80d07eb7-09d5-4332-aa4d-01990a291dfd
2018-05-25 11:42:18 	 [DEBUG] 	 <client.go:112>  	 client: 80d07eb7-09d5-4332-aa4d-01990a291dfd 10002 socket closed
2018-05-25 11:56:55 	 [DEBUG] 	 <tcp.go:32>  	 新连接地址为:[192.168.31.41:50290]
2018-05-25 11:56:55 	 [DEBUG] 	 <client_heartbeat.go:9>  	 heartBeet
2018-05-25 11:58:00 	 [DEBUG] 	 <protocol.go:134>  	 sock read error:EOF
2018-05-25 11:58:00 	 [DEBUG] 	 <client.go:83>  	 EOFconnect offline
2018-05-25 11:58:00 	 [DEBUG] 	 <client.go:148>  	 close client:10002, 80d07eb7-09d5-4332-aa4d-01990a291dfd
2018-05-25 11:58:00 	 [DEBUG] 	 <client.go:112>  	 client: 80d07eb7-09d5-4332-aa4d-01990a291dfd 10002 socket closed
2018-05-25 12:43:27 	 [DEBUG] 	 <tcp.go:32>  	 新连接地址为:[192.168.31.41:50415]
2018-05-25 12:43:29 	 [DEBUG] 	 <connection.go:106>  	 TODO(need offline push )can't send message, appid:10 uid:10001 cmd:4
2018-05-25 12:43:31 	 [DEBUG] 	 <connection.go:106>  	 TODO(need offline push )can't send message, appid:10 uid:10001 cmd:4
2018-05-25 12:44:20 	 [DEBUG] 	 <tcp.go:32>  	 新连接地址为:[127.0.0.1:63297]
2018-05-25 12:44:20 	 [DEBUG] 	 <client_im.go:98>  	 offline msg :sender:10002,receiver:10001,timestamp:1527218052,msgId:10985,body:{"text":"hello","type":1,"uuid":"B9FD0A7B-D37E-4B20-826B-31180F8932DC"}
2018-05-25 12:44:20 	 [DEBUG] 	 <client_im.go:98>  	 offline msg :sender:10002,receiver:10001,timestamp:1527218207,msgId:10986,body:{"text":"hello","type":1,"uuid":"3CCB1BBA-57B7-40FD-8034-CD141CF6DEF2"}
2018-05-25 12:44:20 	 [DEBUG] 	 <client_im.go:98>  	 offline msg :sender:10002,receiver:10001,timestamp:1527218210,msgId:10987,body:{"text":"hello","type":1,"uuid":"A7BA3F6A-D9D1-4DF5-AA39-7F4C48AFB6CF"}
2018-05-25 12:44:20 	 [DEBUG] 	 <client_im.go:98>  	 offline msg :sender:10002,receiver:10001,timestamp:1527218534,msgId:10988,body:{"text":"hello","type":1,"uuid":"5039DD31-06F5-46D9-A826-63F489CF2B70"}
2018-05-25 12:44:20 	 [DEBUG] 	 <client_im.go:98>  	 offline msg :sender:10002,receiver:10001,timestamp:1527223409,msgId:10989,body:{"text":"hello","type":1,"uuid":"C081897F-BB9F-41BC-BC19-972B6B8D6DD1"}
2018-05-25 12:44:20 	 [DEBUG] 	 <client_im.go:98>  	 offline msg :sender:10002,receiver:10001,timestamp:1527223411,msgId:10990,body:{"text":"hello","type":1,"uuid":"25B84A6E-E529-4BE8-A83F-D6D7809121D1"}
2018-05-25 12:45:40 	 [DEBUG] 	 <client_heartbeat.go:9>  	 heartBeet
2018-05-25 12:45:43 	 [DEBUG] 	 <protocol.go:134>  	 sock read error:EOF
2018-05-25 12:45:43 	 [DEBUG] 	 <client.go:83>  	 EOFconnect offline
2018-05-25 12:45:43 	 [DEBUG] 	 <client.go:148>  	 close client:10002, 80d07eb7-09d5-4332-aa4d-01990a291dfd
2018-05-25 12:45:43 	 [DEBUG] 	 <client.go:112>  	 client: 80d07eb7-09d5-4332-aa4d-01990a291dfd 10002 socket closed
2018-05-25 12:46:20 	 [DEBUG] 	 <client_heartbeat.go:9>  	 heartBeet
2018-05-25 12:48:20 	 [DEBUG] 	 <client_heartbeat.go:9>  	 heartBeet
2018-05-25 12:50:20 	 [DEBUG] 	 <client_heartbeat.go:9>  	 heartBeet
2018-05-25 12:52:22 	 [DEBUG] 	 <client_heartbeat.go:9>  	 heartBeet
2018-05-25 12:53:21 	 [DEBUG] 	 <tcp.go:32>  	 新连接地址为:[192.168.31.41:50510]
2018-05-25 12:53:21 	 [DEBUG] 	 <client_im.go:98>  	 offline msg :sender:10001,receiver:10002,timestamp:1527223481,msgId:10997,body:{"text":"hello","type":1,"uuid":"D632B211-308D-46B9-8D93-E52C2E71B426"}
2018-05-25 12:54:20 	 [DEBUG] 	 <client_heartbeat.go:9>  	 heartBeet
2018-05-25 12:54:59 	 [DEBUG] 	 <protocol.go:134>  	 sock read error:EOF
2018-05-25 12:54:59 	 [DEBUG] 	 <client.go:83>  	 EOFconnect offline
2018-05-25 12:54:59 	 [DEBUG] 	 <client.go:148>  	 close client:10002, 80d07eb7-09d5-4332-aa4d-01990a291dfd
2018-05-25 12:54:59 	 [DEBUG] 	 <client.go:112>  	 client: 80d07eb7-09d5-4332-aa4d-01990a291dfd 10002 socket closed
2018-05-25 12:55:16 	 [DEBUG] 	 <tcp.go:32>  	 新连接地址为:[192.168.31.41:50543]
2018-05-25 12:55:39 	 [DEBUG] 	 <protocol.go:134>  	 sock read error:EOF
2018-05-25 12:55:39 	 [DEBUG] 	 <client.go:83>  	 EOFconnect offline
2018-05-25 12:55:39 	 [DEBUG] 	 <client.go:148>  	 close client:10002, 80d07eb7-09d5-4332-aa4d-01990a291dfd
2018-05-25 12:55:39 	 [DEBUG] 	 <client.go:112>  	 client: 80d07eb7-09d5-4332-aa4d-01990a291dfd 10002 socket closed
2018-05-25 12:56:20 	 [DEBUG] 	 <client_heartbeat.go:9>  	 heartBeet
2018-05-25 12:56:41 	 [DEBUG] 	 <tcp.go:32>  	 新连接地址为:[192.168.31.41:50606]
2018-05-25 12:58:20 	 [DEBUG] 	 <client_heartbeat.go:9>  	 heartBeet
2018-05-25 13:00:20 	 [DEBUG] 	 <client_heartbeat.go:9>  	 heartBeet
2018-05-25 13:00:57 	 [DEBUG] 	 <protocol.go:134>  	 sock read error:EOF
2018-05-25 13:00:57 	 [DEBUG] 	 <client.go:83>  	 EOFconnect offline
2018-05-25 13:00:57 	 [DEBUG] 	 <client.go:148>  	 close client:10002, 80d07eb7-09d5-4332-aa4d-01990a291dfd
2018-05-25 13:00:57 	 [DEBUG] 	 <client.go:112>  	 client: 80d07eb7-09d5-4332-aa4d-01990a291dfd 10002 socket closed
2018-05-25 13:01:02 	 [DEBUG] 	 <tcp.go:32>  	 新连接地址为:[192.168.31.41:50639]
2018-05-25 13:01:02 	 [DEBUG] 	 <client_im.go:98>  	 offline msg :sender:10001,receiver:10002,timestamp:1527224272,msgId:11009,body:{"text":"hello","type":1,"uuid":"238422E4-9D97-4D25-A127-98A9477C5A8D"}
2018-05-25 13:01:52 	 [DEBUG] 	 <protocol.go:134>  	 sock read error:EOF
2018-05-25 13:01:52 	 [DEBUG] 	 <client.go:83>  	 EOFconnect offline
2018-05-25 13:01:52 	 [DEBUG] 	 <client.go:148>  	 close client:10002, 80d07eb7-09d5-4332-aa4d-01990a291dfd
2018-05-25 13:01:52 	 [DEBUG] 	 <client.go:112>  	 client: 80d07eb7-09d5-4332-aa4d-01990a291dfd 10002 socket closed
2018-05-25 13:02:13 	 [DEBUG] 	 <connection.go:106>  	 TODO(need offline push )can't send message, appid:10 uid:10002 cmd:4
2018-05-25 13:02:20 	 [DEBUG] 	 <client_heartbeat.go:9>  	 heartBeet
2018-05-25 13:02:20 	 [DEBUG] 	 <tcp.go:32>  	 新连接地址为:[192.168.31.41:50670]
2018-05-25 13:02:20 	 [DEBUG] 	 <client_im.go:98>  	 offline msg :sender:10001,receiver:10002,timestamp:1527224533,msgId:11013,body:{"text":"hello","type":1,"uuid":"7392B6B6-73D4-4DE7-9762-8A2A25ED7F5D"}
2018-05-25 13:04:20 	 [DEBUG] 	 <client_heartbeat.go:9>  	 heartBeet
2018-05-25 13:04:47 	 [DEBUG] 	 <client_heartbeat.go:9>  	 heartBeet
2018-05-25 13:06:20 	 [DEBUG] 	 <client_heartbeat.go:9>  	 heartBeet
2018-05-25 13:06:33 	 [DEBUG] 	 <protocol.go:134>  	 sock read error:EOF
2018-05-25 13:06:33 	 [DEBUG] 	 <client.go:83>  	 EOFconnect offline
2018-05-25 13:06:33 	 [DEBUG] 	 <client.go:148>  	 close client:10002, 80d07eb7-09d5-4332-aa4d-01990a291dfd
2018-05-25 13:06:33 	 [DEBUG] 	 <client.go:112>  	 client: 80d07eb7-09d5-4332-aa4d-01990a291dfd 10002 socket closed
2018-05-25 13:06:56 	 [DEBUG] 	 <tcp.go:32>  	 新连接地址为:[192.168.31.41:50730]
2018-05-25 13:06:56 	 [DEBUG] 	 <client_im.go:98>  	 offline msg :sender:10001,receiver:10002,timestamp:1527224713,msgId:11015,body:{"text":"hello","type":1,"uuid":"C871D451-750F-415C-A3F3-6464E9BCB0A5"}
2018-05-25 13:08:20 	 [DEBUG] 	 <client_heartbeat.go:9>  	 heartBeet
2018-05-25 13:08:47 	 [DEBUG] 	 <protocol.go:134>  	 sock read error:EOF
2018-05-25 13:08:47 	 [DEBUG] 	 <client.go:83>  	 EOFconnect offline
2018-05-25 13:08:47 	 [DEBUG] 	 <client.go:148>  	 close client:10002, 80d07eb7-09d5-4332-aa4d-01990a291dfd
2018-05-25 13:08:47 	 [DEBUG] 	 <client.go:112>  	 client: 80d07eb7-09d5-4332-aa4d-01990a291dfd 10002 socket closed
2018-05-25 13:08:53 	 [DEBUG] 	 <tcp.go:32>  	 新连接地址为:[192.168.31.41:50763]
2018-05-25 13:08:53 	 [DEBUG] 	 <client_im.go:98>  	 offline msg :sender:10001,receiver:10002,timestamp:1527224899,msgId:11017,body:{"text":"hello","type":1,"uuid":"9C7C3498-9933-4C56-9F57-D976EA0D6F96"}
2018-05-25 13:09:10 	 [DEBUG] 	 <protocol.go:134>  	 sock read error:EOF
2018-05-25 13:09:10 	 [DEBUG] 	 <client.go:83>  	 EOFconnect offline
2018-05-25 13:09:10 	 [DEBUG] 	 <client.go:148>  	 close client:10002, 80d07eb7-09d5-4332-aa4d-01990a291dfd
2018-05-25 13:09:10 	 [DEBUG] 	 <client.go:112>  	 client: 80d07eb7-09d5-4332-aa4d-01990a291dfd 10002 socket closed
2018-05-25 13:09:34 	 [DEBUG] 	 <tcp.go:32>  	 新连接地址为:[192.168.31.41:50794]
2018-05-25 13:10:20 	 [DEBUG] 	 <client_heartbeat.go:9>  	 heartBeet
2018-05-25 13:12:20 	 [DEBUG] 	 <client_heartbeat.go:9>  	 heartBeet
2018-05-25 13:13:46 	 [DEBUG] 	 <protocol.go:134>  	 sock read error:EOF
2018-05-25 13:13:46 	 [DEBUG] 	 <client.go:83>  	 EOFconnect offline
2018-05-25 13:13:46 	 [DEBUG] 	 <client.go:148>  	 close client:10002, 80d07eb7-09d5-4332-aa4d-01990a291dfd
2018-05-25 13:13:46 	 [DEBUG] 	 <client.go:112>  	 client: 80d07eb7-09d5-4332-aa4d-01990a291dfd 10002 socket closed
2018-05-25 13:14:20 	 [DEBUG] 	 <client_heartbeat.go:9>  	 heartBeet
2018-05-25 13:16:20 	 [DEBUG] 	 <client_heartbeat.go:9>  	 heartBeet
2018-05-25 13:18:20 	 [DEBUG] 	 <client_heartbeat.go:9>  	 heartBeet
2018-05-25 13:20:20 	 [DEBUG] 	 <client_heartbeat.go:9>  	 heartBeet
2018-05-25 13:22:20 	 [DEBUG] 	 <client_heartbeat.go:9>  	 heartBeet
2018-05-25 13:23:12 	 [DEBUG] 	 <tcp.go:32>  	 新连接地址为:[192.168.31.41:50831]
2018-05-25 13:23:17 	 [DEBUG] 	 <protocol.go:134>  	 sock read error:EOF
2018-05-25 13:23:17 	 [DEBUG] 	 <client.go:83>  	 EOFconnect offline
2018-05-25 13:23:17 	 [DEBUG] 	 <client.go:148>  	 close client:0, 
2018-05-25 13:23:17 	 [DEBUG] 	 <client.go:112>  	 client:  0 socket closed
2018-05-25 13:24:20 	 [DEBUG] 	 <client_heartbeat.go:9>  	 heartBeet
2018-05-25 13:28:25 	 [DEBUG] 	 <tcp.go:32>  	 新连接地址为:[127.0.0.1:63760]
2018-05-25 13:30:20 	 [DEBUG] 	 <client_heartbeat.go:9>  	 heartBeet
2018-05-25 13:32:20 	 [DEBUG] 	 <client_heartbeat.go:9>  	 heartBeet
2018-05-25 13:34:20 	 [DEBUG] 	 <client_heartbeat.go:9>  	 heartBeet
2018-05-25 13:36:20 	 [DEBUG] 	 <client_heartbeat.go:9>  	 heartBeet
2018-05-25 13:37:40 	 [DEBUG] 	 <tcp.go:32>  	 新连接地址为:[192.168.31.41:51164]
2018-05-25 13:38:22 	 [DEBUG] 	 <client_heartbeat.go:9>  	 heartBeet
2018-05-25 13:39:48 	 [DEBUG] 	 <protocol.go:134>  	 sock read error:EOF
2018-05-25 13:39:48 	 [DEBUG] 	 <client.go:83>  	 EOFconnect offline
2018-05-25 13:39:48 	 [DEBUG] 	 <client.go:148>  	 close client:10002, 80d07eb7-09d5-4332-aa4d-01990a291dfd
2018-05-25 13:39:48 	 [DEBUG] 	 <client.go:112>  	 client: 80d07eb7-09d5-4332-aa4d-01990a291dfd 10002 socket closed
2018-05-25 13:39:55 	 [DEBUG] 	 <tcp.go:32>  	 新连接地址为:[192.168.31.41:51197]
2018-05-25 13:39:55 	 [DEBUG] 	 <client_im.go:98>  	 offline msg :sender:10001,receiver:10002,timestamp:1527226739,msgId:11025,body:{"text":"hello","type":1,"uuid":"F74C3662-BB54-4219-912D-72B3330AAA93"}
2018-05-25 13:40:20 	 [DEBUG] 	 <client_heartbeat.go:9>  	 heartBeet
2018-05-25 13:40:54 	 [DEBUG] 	 <protocol.go:134>  	 sock read error:EOF
2018-05-25 13:40:54 	 [DEBUG] 	 <client.go:83>  	 EOFconnect offline
2018-05-25 13:40:54 	 [DEBUG] 	 <client.go:148>  	 close client:10002, 80d07eb7-09d5-4332-aa4d-01990a291dfd
2018-05-25 13:40:54 	 [DEBUG] 	 <client.go:112>  	 client: 80d07eb7-09d5-4332-aa4d-01990a291dfd 10002 socket closed
2018-05-25 13:41:01 	 [DEBUG] 	 <tcp.go:32>  	 新连接地址为:[192.168.31.41:51230]
2018-05-25 13:41:01 	 [DEBUG] 	 <client_im.go:98>  	 offline msg :sender:10001,receiver:10002,timestamp:1527226739,msgId:11025,body:{"text":"hello","type":1,"uuid":"F74C3662-BB54-4219-912D-72B3330AAA93"}
2018-05-25 13:41:45 	 [DEBUG] 	 <protocol.go:134>  	 sock read error:EOF
2018-05-25 13:41:45 	 [DEBUG] 	 <client.go:83>  	 EOFconnect offline
2018-05-25 13:41:45 	 [DEBUG] 	 <client.go:148>  	 close client:10002, 80d07eb7-09d5-4332-aa4d-01990a291dfd
2018-05-25 13:41:45 	 [DEBUG] 	 <client.go:112>  	 client: 80d07eb7-09d5-4332-aa4d-01990a291dfd 10002 socket closed
2018-05-25 13:41:47 	 [DEBUG] 	 <connection.go:106>  	 TODO(need offline push )can't send message, appid:10 uid:10002 cmd:4
2018-05-25 13:42:19 	 [DEBUG] 	 <tcp.go:32>  	 新连接地址为:[192.168.31.41:51231]
2018-05-25 13:42:19 	 [DEBUG] 	 <client_im.go:98>  	 offline msg :sender:10001,receiver:10002,timestamp:1527226907,msgId:11032,body:{"text":"hello","type":1,"uuid":"393FE846-B1C6-44F3-9434-27DE2DD79F05"}
2018-05-25 13:42:22 	 [DEBUG] 	 <client_heartbeat.go:9>  	 heartBeet
2018-05-25 13:42:32 	 [DEBUG] 	 <protocol.go:134>  	 sock read error:EOF
2018-05-25 13:42:32 	 [DEBUG] 	 <client.go:83>  	 EOFconnect offline
2018-05-25 13:42:32 	 [DEBUG] 	 <client.go:148>  	 close client:10002, 80d07eb7-09d5-4332-aa4d-01990a291dfd
2018-05-25 13:42:32 	 [DEBUG] 	 <client.go:112>  	 client: 80d07eb7-09d5-4332-aa4d-01990a291dfd 10002 socket closed
2018-05-25 13:43:15 	 [DEBUG] 	 <tcp.go:32>  	 新连接地址为:[192.168.31.41:51262]
2018-05-25 13:43:15 	 [DEBUG] 	 <client_im.go:98>  	 offline msg :sender:10001,receiver:10002,timestamp:1527226907,msgId:11032,body:{"text":"hello","type":1,"uuid":"393FE846-B1C6-44F3-9434-27DE2DD79F05"}
2018-05-25 13:44:22 	 [DEBUG] 	 <client_heartbeat.go:9>  	 heartBeet
2018-05-25 13:44:53 	 [DEBUG] 	 <protocol.go:134>  	 sock read error:EOF
2018-05-25 13:44:53 	 [DEBUG] 	 <client.go:83>  	 EOFconnect offline
2018-05-25 13:44:53 	 [DEBUG] 	 <client.go:148>  	 close client:10002, 80d07eb7-09d5-4332-aa4d-01990a291dfd
2018-05-25 13:44:53 	 [DEBUG] 	 <client.go:112>  	 client: 80d07eb7-09d5-4332-aa4d-01990a291dfd 10002 socket closed
2018-05-25 13:45:08 	 [DEBUG] 	 <protocol.go:134>  	 sock read error:EOF
2018-05-25 13:45:08 	 [DEBUG] 	 <client.go:83>  	 EOFconnect offline
2018-05-25 13:45:08 	 [DEBUG] 	 <client.go:148>  	 close client:10001, d5f75fbc-4f64-4f78-b320-2ca770847800
2018-05-25 13:45:08 	 [DEBUG] 	 <client.go:112>  	 client: d5f75fbc-4f64-4f78-b320-2ca770847800 10001 socket closed
2018-05-25 13:50:46 	 [DEBUG] 	 <tcp.go:32>  	 新连接地址为:[192.168.31.41:51343]
2018-05-25 13:50:47 	 [DEBUG] 	 <client_im.go:98>  	 offline msg :sender:10001,receiver:10002,timestamp:1527227030,msgId:11036,body:{"text":"hello","type":1,"uuid":"AB931E16-D7FB-4369-8A1D-A61FF6BD0951"}
2018-05-25 13:50:47 	 [DEBUG] 	 <connection.go:106>  	 TODO(need offline push )can't send message, appid:10 uid:10001 cmd:4
2018-05-25 13:50:49 	 [DEBUG] 	 <tcp.go:32>  	 新连接地址为:[127.0.0.1:64167]
2018-05-25 13:50:49 	 [DEBUG] 	 <client_im.go:98>  	 offline msg :sender:10002,receiver:10001,timestamp:1527227447,msgId:11037,body:{"ack_msg_id":11036,"ack_uuid":"AB931E16-D7FB-4369-8A1D-A61FF6BD0951","status":2,"type":20,"uuid":"6A190343-8C71-4425-AC20-E70EA35CAF57"}
2018-05-25 13:51:51 	 [DEBUG] 	 <protocol.go:134>  	 sock read error:EOF
2018-05-25 13:51:51 	 [DEBUG] 	 <client.go:83>  	 EOFconnect offline
2018-05-25 13:51:51 	 [DEBUG] 	 <client.go:148>  	 close client:10001, d5f75fbc-4f64-4f78-b320-2ca770847800
2018-05-25 13:51:51 	 [DEBUG] 	 <client.go:112>  	 client: d5f75fbc-4f64-4f78-b320-2ca770847800 10001 socket closed
2018-05-25 13:52:49 	 [DEBUG] 	 <client_heartbeat.go:9>  	 heartBeet
2018-05-25 13:52:53 	 [DEBUG] 	 <tcp.go:32>  	 新连接地址为:[127.0.0.1:64203]
2018-05-25 13:54:49 	 [DEBUG] 	 <client_heartbeat.go:9>  	 heartBeet
2018-05-25 13:54:53 	 [DEBUG] 	 <client_heartbeat.go:9>  	 heartBeet
2018-05-25 13:56:49 	 [DEBUG] 	 <client_heartbeat.go:9>  	 heartBeet
2018-05-25 13:56:53 	 [DEBUG] 	 <client_heartbeat.go:9>  	 heartBeet
2018-05-25 13:58:49 	 [DEBUG] 	 <client_heartbeat.go:9>  	 heartBeet
2018-05-25 13:58:53 	 [DEBUG] 	 <client_heartbeat.go:9>  	 heartBeet
2018-05-25 14:00:49 	 [DEBUG] 	 <client_heartbeat.go:9>  	 heartBeet
2018-05-25 14:02:49 	 [DEBUG] 	 <client_heartbeat.go:9>  	 heartBeet
2018-05-25 14:04:49 	 [DEBUG] 	 <client_heartbeat.go:9>  	 heartBeet
2018-05-25 14:04:53 	 [DEBUG] 	 <protocol.go:134>  	 sock read error:read tcp 127.0.0.1:62310->127.0.0.1:64203: i/o timeout
2018-05-25 14:04:53 	 [DEBUG] 	 <client.go:148>  	 close client:10001, d5f75fbc-4f64-4f78-b320-2ca770847800
2018-05-25 14:04:53 	 [DEBUG] 	 <client.go:112>  	 client: d5f75fbc-4f64-4f78-b320-2ca770847800 10001 socket closed
2018-05-25 14:06:49 	 [DEBUG] 	 <client_heartbeat.go:9>  	 heartBeet
2018-05-25 14:08:49 	 [DEBUG] 	 <client_heartbeat.go:9>  	 heartBeet
2018-05-25 14:10:49 	 [DEBUG] 	 <client_heartbeat.go:9>  	 heartBeet
2018-05-25 14:12:49 	 [DEBUG] 	 <client_heartbeat.go:9>  	 heartBeet
2018-05-25 14:14:49 	 [DEBUG] 	 <client_heartbeat.go:9>  	 heartBeet
2018-05-25 14:16:49 	 [DEBUG] 	 <client_heartbeat.go:9>  	 heartBeet
2018-05-25 14:18:49 	 [DEBUG] 	 <client_heartbeat.go:9>  	 heartBeet
2018-05-25 14:20:49 	 [DEBUG] 	 <client_heartbeat.go:9>  	 heartBeet
2018-05-25 14:22:49 	 [DEBUG] 	 <client_heartbeat.go:9>  	 heartBeet
2018-05-25 14:24:01 	 [DEBUG] 	 <tcp.go:32>  	 新连接地址为:[127.0.0.1:64470]
2018-05-25 14:24:49 	 [DEBUG] 	 <client_heartbeat.go:9>  	 heartBeet
2018-05-25 14:26:31 	 [DEBUG] 	 <protocol.go:134>  	 sock read error:EOF
2018-05-25 14:26:31 	 [DEBUG] 	 <client.go:83>  	 EOFconnect offline
2018-05-25 14:26:31 	 [DEBUG] 	 <client.go:148>  	 close client:10001, d5f75fbc-4f64-4f78-b320-2ca770847800
2018-05-25 14:26:31 	 [DEBUG] 	 <client.go:112>  	 client: d5f75fbc-4f64-4f78-b320-2ca770847800 10001 socket closed
2018-05-25 14:26:36 	 [DEBUG] 	 <tcp.go:32>  	 新连接地址为:[127.0.0.1:64488]
2018-05-25 14:26:49 	 [DEBUG] 	 <client_heartbeat.go:9>  	 heartBeet
2018-05-25 14:28:09 	 [DEBUG] 	 <protocol.go:134>  	 sock read error:EOF
2018-05-25 14:28:09 	 [DEBUG] 	 <client.go:83>  	 EOFconnect offline
2018-05-25 14:28:09 	 [DEBUG] 	 <client.go:148>  	 close client:10001, d5f75fbc-4f64-4f78-b320-2ca770847800
2018-05-25 14:28:09 	 [DEBUG] 	 <client.go:112>  	 client: d5f75fbc-4f64-4f78-b320-2ca770847800 10001 socket closed
2018-05-25 14:28:15 	 [DEBUG] 	 <tcp.go:32>  	 新连接地址为:[127.0.0.1:64507]
2018-05-25 14:28:49 	 [DEBUG] 	 <client_heartbeat.go:9>  	 heartBeet
2018-05-25 14:30:26 	 [DEBUG] 	 <protocol.go:134>  	 sock read error:EOF
2018-05-25 14:30:26 	 [DEBUG] 	 <client.go:83>  	 EOFconnect offline
2018-05-25 14:30:26 	 [DEBUG] 	 <client.go:148>  	 close client:10001, d5f75fbc-4f64-4f78-b320-2ca770847800
2018-05-25 14:30:26 	 [DEBUG] 	 <client.go:112>  	 client: d5f75fbc-4f64-4f78-b320-2ca770847800 10001 socket closed
2018-05-25 14:30:31 	 [DEBUG] 	 <tcp.go:32>  	 新连接地址为:[127.0.0.1:64526]
2018-05-25 14:30:35 	 [DEBUG] 	 <protocol.go:134>  	 sock read error:EOF
2018-05-25 14:30:35 	 [DEBUG] 	 <client.go:83>  	 EOFconnect offline
2018-05-25 14:30:35 	 [DEBUG] 	 <client.go:148>  	 close client:10001, d5f75fbc-4f64-4f78-b320-2ca770847800
2018-05-25 14:30:35 	 [DEBUG] 	 <client.go:112>  	 client: d5f75fbc-4f64-4f78-b320-2ca770847800 10001 socket closed
2018-05-25 14:30:41 	 [DEBUG] 	 <tcp.go:32>  	 新连接地址为:[127.0.0.1:64531]
2018-05-25 14:30:49 	 [DEBUG] 	 <client_heartbeat.go:9>  	 heartBeet
2018-05-25 14:31:27 	 [DEBUG] 	 <protocol.go:134>  	 sock read error:EOF
2018-05-25 14:31:27 	 [DEBUG] 	 <client.go:83>  	 EOFconnect offline
2018-05-25 14:31:27 	 [DEBUG] 	 <client.go:148>  	 close client:10001, d5f75fbc-4f64-4f78-b320-2ca770847800
2018-05-25 14:31:27 	 [DEBUG] 	 <client.go:112>  	 client: d5f75fbc-4f64-4f78-b320-2ca770847800 10001 socket closed
2018-05-25 14:31:32 	 [DEBUG] 	 <tcp.go:32>  	 新连接地址为:[127.0.0.1:64543]
2018-05-25 14:32:49 	 [DEBUG] 	 <client_heartbeat.go:9>  	 heartBeet
2018-05-25 14:34:49 	 [DEBUG] 	 <client_heartbeat.go:9>  	 heartBeet
2018-05-25 14:34:52 	 [DEBUG] 	 <protocol.go:134>  	 sock read error:EOF
2018-05-25 14:34:52 	 [DEBUG] 	 <client.go:83>  	 EOFconnect offline
2018-05-25 14:34:52 	 [DEBUG] 	 <client.go:148>  	 close client:10001, d5f75fbc-4f64-4f78-b320-2ca770847800
2018-05-25 14:34:52 	 [DEBUG] 	 <client.go:112>  	 client: d5f75fbc-4f64-4f78-b320-2ca770847800 10001 socket closed
2018-05-25 14:34:57 	 [DEBUG] 	 <tcp.go:32>  	 新连接地址为:[127.0.0.1:64577]
2018-05-25 14:34:57 	 [DEBUG] 	 <client_im.go:98>  	 offline msg :sender:10002,receiver:10001,timestamp:1527229912,msgId:11043,body:{"text":"hello","type":1,"uuid":"C4998223-6BB7-470F-8A32-0F2BE026017E"}
2018-05-25 14:36:49 	 [DEBUG] 	 <client_heartbeat.go:9>  	 heartBeet
2018-05-25 14:38:49 	 [DEBUG] 	 <client_heartbeat.go:9>  	 heartBeet
2018-05-25 14:39:33 	 [DEBUG] 	 <protocol.go:134>  	 sock read error:EOF
2018-05-25 14:39:33 	 [DEBUG] 	 <client.go:83>  	 EOFconnect offline
2018-05-25 14:39:33 	 [DEBUG] 	 <client.go:148>  	 close client:10001, d5f75fbc-4f64-4f78-b320-2ca770847800
2018-05-25 14:39:33 	 [DEBUG] 	 <client.go:112>  	 client: d5f75fbc-4f64-4f78-b320-2ca770847800 10001 socket closed
2018-05-25 14:39:38 	 [DEBUG] 	 <tcp.go:32>  	 新连接地址为:[127.0.0.1:64612]
2018-05-25 14:39:40 	 [DEBUG] 	 <protocol.go:134>  	 sock read error:EOF
2018-05-25 14:39:40 	 [DEBUG] 	 <client.go:83>  	 EOFconnect offline
2018-05-25 14:39:40 	 [DEBUG] 	 <client.go:148>  	 close client:10001, d5f75fbc-4f64-4f78-b320-2ca770847800
2018-05-25 14:39:40 	 [DEBUG] 	 <client.go:112>  	 client: d5f75fbc-4f64-4f78-b320-2ca770847800 10001 socket closed
2018-05-25 14:39:46 	 [DEBUG] 	 <tcp.go:32>  	 新连接地址为:[127.0.0.1:64615]
2018-05-25 14:40:49 	 [DEBUG] 	 <client_heartbeat.go:9>  	 heartBeet
2018-05-25 14:41:45 	 [DEBUG] 	 <protocol.go:134>  	 sock read error:EOF
2018-05-25 14:41:45 	 [DEBUG] 	 <client.go:83>  	 EOFconnect offline
2018-05-25 14:41:45 	 [DEBUG] 	 <client.go:148>  	 close client:10001, d5f75fbc-4f64-4f78-b320-2ca770847800
2018-05-25 14:41:45 	 [DEBUG] 	 <client.go:112>  	 client: d5f75fbc-4f64-4f78-b320-2ca770847800 10001 socket closed
2018-05-25 14:41:58 	 [DEBUG] 	 <tcp.go:32>  	 新连接地址为:[127.0.0.1:64739]
2018-05-25 14:42:38 	 [DEBUG] 	 <protocol.go:134>  	 sock read error:EOF
2018-05-25 14:42:38 	 [DEBUG] 	 <client.go:83>  	 EOFconnect offline
2018-05-25 14:42:38 	 [DEBUG] 	 <client.go:148>  	 close client:10001, d5f75fbc-4f64-4f78-b320-2ca770847800
2018-05-25 14:42:38 	 [DEBUG] 	 <client.go:112>  	 client: d5f75fbc-4f64-4f78-b320-2ca770847800 10001 socket closed
2018-05-25 14:42:49 	 [DEBUG] 	 <client_heartbeat.go:9>  	 heartBeet
2018-05-25 14:44:49 	 [DEBUG] 	 <client_heartbeat.go:9>  	 heartBeet
2018-05-25 14:46:49 	 [DEBUG] 	 <client_heartbeat.go:9>  	 heartBeet
2018-05-25 14:48:49 	 [DEBUG] 	 <client_heartbeat.go:9>  	 heartBeet
2018-05-25 14:50:49 	 [DEBUG] 	 <client_heartbeat.go:9>  	 heartBeet
2018-05-25 14:52:49 	 [DEBUG] 	 <client_heartbeat.go:9>  	 heartBeet
2018-05-25 14:54:42 	 [DEBUG] 	 <protocol.go:134>  	 sock read error:EOF
2018-05-25 14:54:42 	 [DEBUG] 	 <client.go:83>  	 EOFconnect offline
2018-05-25 14:54:42 	 [DEBUG] 	 <client.go:148>  	 close client:10002, 80d07eb7-09d5-4332-aa4d-01990a291dfd
2018-05-25 14:54:42 	 [DEBUG] 	 <client.go:112>  	 client: 80d07eb7-09d5-4332-aa4d-01990a291dfd 10002 socket closed
2018-05-25 14:55:04 	 [DEBUG] 	 <tcp.go:32>  	 新连接地址为:[192.168.31.41:51348]
2018-05-25 14:55:04 	 [DEBUG] 	 <client_heartbeat.go:9>  	 heartBeet
2018-05-25 14:55:11 	 [DEBUG] 	 <protocol.go:134>  	 sock read error:EOF
2018-05-25 14:55:11 	 [DEBUG] 	 <client.go:83>  	 EOFconnect offline
2018-05-25 14:55:11 	 [DEBUG] 	 <client.go:148>  	 close client:10002, 80d07eb7-09d5-4332-aa4d-01990a291dfd
2018-05-25 14:55:11 	 [DEBUG] 	 <client.go:112>  	 client: 80d07eb7-09d5-4332-aa4d-01990a291dfd 10002 socket closed
2018-05-25 15:13:29 	 [DEBUG] 	 <tcp.go:32>  	 新连接地址为:[127.0.0.1:65458]
2018-05-25 15:13:43 	 [DEBUG] 	 <tcp.go:32>  	 新连接地址为:[192.168.31.41:51377]
2018-05-25 15:13:43 	 [DEBUG] 	 <client_heartbeat.go:9>  	 heartBeet
2018-05-25 15:14:11 	 [DEBUG] 	 <protocol.go:134>  	 sock read error:EOF
2018-05-25 15:14:11 	 [DEBUG] 	 <client.go:83>  	 EOFconnect offline
2018-05-25 15:14:11 	 [DEBUG] 	 <client.go:148>  	 close client:10001, d5f75fbc-4f64-4f78-b320-2ca770847800
2018-05-25 15:14:11 	 [DEBUG] 	 <client.go:112>  	 client: d5f75fbc-4f64-4f78-b320-2ca770847800 10001 socket closed
2018-05-25 15:14:21 	 [DEBUG] 	 <tcp.go:32>  	 新连接地址为:[127.0.0.1:65497]
2018-05-25 15:14:21 	 [DEBUG] 	 <client_im.go:98>  	 offline msg :sender:10002,receiver:10001,timestamp:1527232444,msgId:11049,body:{"text":"hello","type":1,"uuid":"DEC8FAA0-7D5F-4AA4-9FB0-684FAAAFDC57"}
2018-05-25 15:15:11 	 [DEBUG] 	 <client_heartbeat.go:9>  	 heartBeet
2018-05-25 15:15:27 	 [DEBUG] 	 <protocol.go:134>  	 sock read error:EOF
2018-05-25 15:15:27 	 [DEBUG] 	 <client.go:83>  	 EOFconnect offline
2018-05-25 15:15:27 	 [DEBUG] 	 <client.go:148>  	 close client:10001, d5f75fbc-4f64-4f78-b320-2ca770847800
2018-05-25 15:15:27 	 [DEBUG] 	 <client.go:112>  	 client: d5f75fbc-4f64-4f78-b320-2ca770847800 10001 socket closed
2018-05-25 15:16:07 	 [DEBUG] 	 <protocol.go:134>  	 sock read error:EOF
2018-05-25 15:16:07 	 [DEBUG] 	 <client.go:83>  	 EOFconnect offline
2018-05-25 15:16:07 	 [DEBUG] 	 <client.go:148>  	 close client:10002, 80d07eb7-09d5-4332-aa4d-01990a291dfd
2018-05-25 15:16:07 	 [DEBUG] 	 <client.go:112>  	 client: 80d07eb7-09d5-4332-aa4d-01990a291dfd 10002 socket closed
2018-05-25 15:19:06 	 [DEBUG] 	 <tcp.go:32>  	 新连接地址为:[192.168.31.41:51418]
2018-05-25 15:21:09 	 [DEBUG] 	 <client_heartbeat.go:9>  	 heartBeet
2018-05-25 15:23:06 	 [DEBUG] 	 <client_heartbeat.go:9>  	 heartBeet
2018-05-25 15:25:08 	 [DEBUG] 	 <client_heartbeat.go:9>  	 heartBeet
2018-05-25 15:27:09 	 [DEBUG] 	 <client_heartbeat.go:9>  	 heartBeet
2018-05-25 15:29:09 	 [DEBUG] 	 <client_heartbeat.go:9>  	 heartBeet
2018-05-25 15:31:07 	 [DEBUG] 	 <client_heartbeat.go:9>  	 heartBeet
2018-05-25 15:32:43 	 [DEBUG] 	 <protocol.go:134>  	 sock read error:EOF
2018-05-25 15:32:43 	 [DEBUG] 	 <client.go:83>  	 EOFconnect offline
2018-05-25 15:32:43 	 [DEBUG] 	 <client.go:148>  	 close client:10002, 80d07eb7-09d5-4332-aa4d-01990a291dfd
2018-05-25 15:32:43 	 [DEBUG] 	 <client.go:112>  	 client: 80d07eb7-09d5-4332-aa4d-01990a291dfd 10002 socket closed
2018-05-25 15:40:29 	 [DEBUG] 	 <tcp.go:32>  	 新连接地址为:[192.168.31.41:51447]
2018-05-25 15:42:32 	 [DEBUG] 	 <client_heartbeat.go:9>  	 heartBeet
2018-05-25 15:44:32 	 [DEBUG] 	 <client_heartbeat.go:9>  	 heartBeet
2018-05-25 15:46:32 	 [DEBUG] 	 <client_heartbeat.go:9>  	 heartBeet
2018-05-25 15:48:32 	 [DEBUG] 	 <client_heartbeat.go:9>  	 heartBeet
2018-05-25 15:50:30 	 [DEBUG] 	 <protocol.go:134>  	 sock read error:EOF
2018-05-25 15:50:30 	 [DEBUG] 	 <client.go:83>  	 EOFconnect offline
2018-05-25 15:50:30 	 [DEBUG] 	 <client.go:148>  	 close client:10002, 80d07eb7-09d5-4332-aa4d-01990a291dfd
2018-05-25 15:50:30 	 [DEBUG] 	 <client.go:112>  	 client: 80d07eb7-09d5-4332-aa4d-01990a291dfd 10002 socket closed
2018-05-25 15:50:42 	 [DEBUG] 	 <tcp.go:32>  	 新连接地址为:[192.168.31.41:51463]
2018-05-25 15:51:18 	 [DEBUG] 	 <protocol.go:134>  	 sock read error:EOF
2018-05-25 15:51:18 	 [DEBUG] 	 <client.go:83>  	 EOFconnect offline
2018-05-25 15:51:18 	 [DEBUG] 	 <client.go:148>  	 close client:10002, 80d07eb7-09d5-4332-aa4d-01990a291dfd
2018-05-25 15:51:18 	 [DEBUG] 	 <client.go:112>  	 client: 80d07eb7-09d5-4332-aa4d-01990a291dfd 10002 socket closed
2018-05-25 15:51:38 	 [DEBUG] 	 <tcp.go:32>  	 新连接地址为:[192.168.31.41:51478]
2018-05-25 15:52:13 	 [DEBUG] 	 <protocol.go:134>  	 sock read error:EOF
2018-05-25 15:52:13 	 [DEBUG] 	 <client.go:83>  	 EOFconnect offline
2018-05-25 15:52:13 	 [DEBUG] 	 <client.go:148>  	 close client:10002, 80d07eb7-09d5-4332-aa4d-01990a291dfd
2018-05-25 15:52:13 	 [DEBUG] 	 <client.go:112>  	 client: 80d07eb7-09d5-4332-aa4d-01990a291dfd 10002 socket closed
2018-05-25 15:52:24 	 [DEBUG] 	 <tcp.go:32>  	 新连接地址为:[192.168.31.41:51494]
2018-05-25 15:52:43 	 [DEBUG] 	 <tcp.go:32>  	 新连接地址为:[127.0.0.1:49981]
2018-05-25 15:52:43 	 [DEBUG] 	 <client_im.go:98>  	 offline msg :sender:10002,receiver:10001,timestamp:1527232507,msgId:11052,body:{"text":"hello","type":1,"uuid":"B9F5EF47-3A59-43B1-999D-AB9F3B358B15"}
2018-05-25 15:53:09 	 [DEBUG] 	 <protocol.go:134>  	 sock read error:EOF
2018-05-25 15:53:09 	 [DEBUG] 	 <client.go:83>  	 EOFconnect offline
2018-05-25 15:53:09 	 [DEBUG] 	 <client.go:148>  	 close client:10002, 80d07eb7-09d5-4332-aa4d-01990a291dfd
2018-05-25 15:53:09 	 [DEBUG] 	 <client.go:112>  	 client: 80d07eb7-09d5-4332-aa4d-01990a291dfd 10002 socket closed
2018-05-25 15:53:55 	 [DEBUG] 	 <tcp.go:32>  	 新连接地址为:[192.168.31.41:51510]
2018-05-25 15:53:55 	 [DEBUG] 	 <client_im.go:98>  	 offline msg :sender:10001,receiver:10002,timestamp:1527234788,msgId:11061,body:{"ack_msg_id":11060,"ack_uuid":"5C2CAEB0-6A8E-49C1-856E-A1ADC4B7BEEC","status":2,"type":0,"uuid":"2F2332A2-09D8-43DC-8364-F76738EAFD5F"}
2018-05-25 15:54:43 	 [DEBUG] 	 <client_heartbeat.go:9>  	 heartBeet
2018-05-25 15:54:48 	 [DEBUG] 	 <protocol.go:134>  	 sock read error:EOF
2018-05-25 15:54:48 	 [DEBUG] 	 <client.go:83>  	 EOFconnect offline
2018-05-25 15:54:48 	 [DEBUG] 	 <client.go:148>  	 close client:10002, 80d07eb7-09d5-4332-aa4d-01990a291dfd
2018-05-25 15:54:48 	 [DEBUG] 	 <client.go:112>  	 client: 80d07eb7-09d5-4332-aa4d-01990a291dfd 10002 socket closed
2018-05-25 15:54:58 	 [DEBUG] 	 <tcp.go:32>  	 新连接地址为:[192.168.31.41:51526]
2018-05-25 15:54:58 	 [DEBUG] 	 <client_im.go:98>  	 offline msg :sender:10001,receiver:10002,timestamp:1527234845,msgId:11259,body:{"ack_msg_id":11258,"ack_uuid":"2336F8C3-DDA2-46E8-98EA-00FA21FDB75C","status":2,"type":0,"uuid":"CA0E335D-93B0-4732-8F2F-EBC24F4259DA"}
2018-05-25 15:58:51 	 [DEBUG] 	 <tcp.go:32>  	 新连接地址为:[127.0.0.1:50086]
2018-05-25 15:59:54 	 [DEBUG] 	 <tcp.go:32>  	 新连接地址为:[192.168.31.41:51544]
2018-05-25 16:00:43 	 [DEBUG] 	 <client_heartbeat.go:9>  	 heartBeet
2018-05-25 16:01:54 	 [DEBUG] 	 <client_heartbeat.go:9>  	 heartBeet
2018-05-25 16:02:16 	 [DEBUG] 	 <protocol.go:134>  	 sock read error:EOF
2018-05-25 16:02:16 	 [DEBUG] 	 <client.go:83>  	 EOFconnect offline
2018-05-25 16:02:16 	 [DEBUG] 	 <client.go:148>  	 close client:10002, 80d07eb7-09d5-4332-aa4d-01990a291dfd
2018-05-25 16:02:16 	 [DEBUG] 	 <client.go:112>  	 client: 80d07eb7-09d5-4332-aa4d-01990a291dfd 10002 socket closed
2018-05-25 16:02:43 	 [DEBUG] 	 <client_heartbeat.go:9>  	 heartBeet
2018-05-25 16:04:22 	 [DEBUG] 	 <protocol.go:134>  	 sock read error:EOF
2018-05-25 16:04:22 	 [DEBUG] 	 <client.go:83>  	 EOFconnect offline
2018-05-25 16:04:22 	 [DEBUG] 	 <client.go:148>  	 close client:10001, d5f75fbc-4f64-4f78-b320-2ca770847800
2018-05-25 16:04:22 	 [DEBUG] 	 <client.go:112>  	 client: d5f75fbc-4f64-4f78-b320-2ca770847800 10001 socket closed
2018-05-25 16:04:28 	 [DEBUG] 	 <tcp.go:32>  	 新连接地址为:[127.0.0.1:50177]
2018-05-25 16:04:49 	 [DEBUG] 	 <tcp.go:32>  	 新连接地址为:[192.168.31.41:51560]
2018-05-25 16:06:28 	 [DEBUG] 	 <client_heartbeat.go:9>  	 heartBeet
2018-05-25 16:06:51 	 [DEBUG] 	 <client_heartbeat.go:9>  	 heartBeet
2018-05-25 16:08:25 	 [DEBUG] 	 <protocol.go:134>  	 sock read error:EOF
2018-05-25 16:08:25 	 [DEBUG] 	 <client.go:83>  	 EOFconnect offline
2018-05-25 16:08:25 	 [DEBUG] 	 <client.go:148>  	 close client:10002, 80d07eb7-09d5-4332-aa4d-01990a291dfd
2018-05-25 16:08:25 	 [DEBUG] 	 <client.go:112>  	 client: 80d07eb7-09d5-4332-aa4d-01990a291dfd 10002 socket closed
2018-05-25 16:08:28 	 [DEBUG] 	 <client_heartbeat.go:9>  	 heartBeet
2018-05-25 16:08:36 	 [DEBUG] 	 <tcp.go:32>  	 新连接地址为:[192.168.31.41:51576]
2018-05-25 16:09:58 	 [DEBUG] 	 <protocol.go:134>  	 sock read error:EOF
2018-05-25 16:09:58 	 [DEBUG] 	 <client.go:83>  	 EOFconnect offline
2018-05-25 16:09:58 	 [DEBUG] 	 <client.go:148>  	 close client:10002, 80d07eb7-09d5-4332-aa4d-01990a291dfd
2018-05-25 16:09:58 	 [DEBUG] 	 <client.go:112>  	 client: 80d07eb7-09d5-4332-aa4d-01990a291dfd 10002 socket closed
2018-05-25 16:10:09 	 [DEBUG] 	 <tcp.go:32>  	 新连接地址为:[192.168.31.41:51592]
2018-05-25 16:10:28 	 [DEBUG] 	 <client_heartbeat.go:9>  	 heartBeet
2018-05-25 16:12:09 	 [DEBUG] 	 <protocol.go:134>  	 sock read error:EOF
2018-05-25 16:12:09 	 [DEBUG] 	 <client.go:83>  	 EOFconnect offline
2018-05-25 16:12:09 	 [DEBUG] 	 <client.go:148>  	 close client:10002, 80d07eb7-09d5-4332-aa4d-01990a291dfd
2018-05-25 16:12:09 	 [DEBUG] 	 <client.go:112>  	 client: 80d07eb7-09d5-4332-aa4d-01990a291dfd 10002 socket closed
2018-05-25 16:12:21 	 [DEBUG] 	 <tcp.go:32>  	 新连接地址为:[192.168.31.41:51608]
2018-05-25 16:12:28 	 [DEBUG] 	 <client_heartbeat.go:9>  	 heartBeet
2018-05-25 16:12:33 	 [DEBUG] 	 <protocol.go:134>  	 sock read error:EOF
2018-05-25 16:12:33 	 [DEBUG] 	 <client.go:83>  	 EOFconnect offline
2018-05-25 16:12:33 	 [DEBUG] 	 <client.go:148>  	 close client:10002, 80d07eb7-09d5-4332-aa4d-01990a291dfd
2018-05-25 16:12:33 	 [DEBUG] 	 <client.go:112>  	 client: 80d07eb7-09d5-4332-aa4d-01990a291dfd 10002 socket closed
2018-05-25 16:13:13 	 [DEBUG] 	 <tcp.go:32>  	 新连接地址为:[192.168.31.41:51622]
2018-05-25 16:14:28 	 [DEBUG] 	 <client_heartbeat.go:9>  	 heartBeet
2018-05-25 16:15:15 	 [DEBUG] 	 <client_heartbeat.go:9>  	 heartBeet
2018-05-25 16:16:28 	 [DEBUG] 	 <client_heartbeat.go:9>  	 heartBeet
2018-05-25 16:17:15 	 [DEBUG] 	 <client_heartbeat.go:9>  	 heartBeet
2018-05-25 16:18:28 	 [DEBUG] 	 <client_heartbeat.go:9>  	 heartBeet
2018-05-25 16:19:15 	 [DEBUG] 	 <client_heartbeat.go:9>  	 heartBeet
2018-05-25 16:20:30 	 [DEBUG] 	 <client_heartbeat.go:9>  	 heartBeet
2018-05-25 16:21:15 	 [DEBUG] 	 <client_heartbeat.go:9>  	 heartBeet
2018-05-25 16:22:28 	 [DEBUG] 	 <client_heartbeat.go:9>  	 heartBeet
2018-05-25 16:23:16 	 [DEBUG] 	 <client_heartbeat.go:9>  	 heartBeet
2018-05-25 16:24:28 	 [DEBUG] 	 <client_heartbeat.go:9>  	 heartBeet
2018-05-25 16:25:16 	 [DEBUG] 	 <client_heartbeat.go:9>  	 heartBeet
2018-05-25 16:25:36 	 [DEBUG] 	 <protocol.go:134>  	 sock read error:EOF
2018-05-25 16:25:36 	 [DEBUG] 	 <client.go:83>  	 EOFconnect offline
2018-05-25 16:25:36 	 [DEBUG] 	 <client.go:148>  	 close client:10002, 80d07eb7-09d5-4332-aa4d-01990a291dfd
2018-05-25 16:25:36 	 [DEBUG] 	 <client.go:112>  	 client: 80d07eb7-09d5-4332-aa4d-01990a291dfd 10002 socket closed
2018-05-25 16:25:47 	 [DEBUG] 	 <tcp.go:32>  	 新连接地址为:[192.168.31.41:51640]
2018-05-25 16:25:58 	 [DEBUG] 	 <protocol.go:134>  	 sock read error:EOF
2018-05-25 16:25:58 	 [DEBUG] 	 <client.go:83>  	 EOFconnect offline
2018-05-25 16:25:58 	 [DEBUG] 	 <client.go:148>  	 close client:10002, 80d07eb7-09d5-4332-aa4d-01990a291dfd
2018-05-25 16:25:58 	 [DEBUG] 	 <client.go:112>  	 client: 80d07eb7-09d5-4332-aa4d-01990a291dfd 10002 socket closed
2018-05-25 16:26:19 	 [DEBUG] 	 <tcp.go:32>  	 新连接地址为:[192.168.31.41:51656]
2018-05-25 16:26:28 	 [DEBUG] 	 <client_heartbeat.go:9>  	 heartBeet
2018-05-25 16:28:19 	 [DEBUG] 	 <client_heartbeat.go:9>  	 heartBeet
2018-05-25 16:28:28 	 [DEBUG] 	 <client_heartbeat.go:9>  	 heartBeet
2018-05-25 16:30:21 	 [DEBUG] 	 <client_heartbeat.go:9>  	 heartBeet
2018-05-25 16:30:28 	 [DEBUG] 	 <client_heartbeat.go:9>  	 heartBeet
2018-05-25 16:32:21 	 [DEBUG] 	 <client_heartbeat.go:9>  	 heartBeet
2018-05-25 16:32:28 	 [DEBUG] 	 <client_heartbeat.go:9>  	 heartBeet
2018-05-25 16:32:50 	 [DEBUG] 	 <protocol.go:134>  	 sock read error:EOF
2018-05-25 16:32:50 	 [DEBUG] 	 <client.go:83>  	 EOFconnect offline
2018-05-25 16:32:50 	 [DEBUG] 	 <client.go:148>  	 close client:10002, 80d07eb7-09d5-4332-aa4d-01990a291dfd
2018-05-25 16:32:50 	 [DEBUG] 	 <client.go:112>  	 client: 80d07eb7-09d5-4332-aa4d-01990a291dfd 10002 socket closed
2018-05-25 16:33:01 	 [DEBUG] 	 <tcp.go:32>  	 新连接地址为:[192.168.31.41:51674]
2018-05-25 16:33:16 	 [DEBUG] 	 <protocol.go:134>  	 sock read error:EOF
2018-05-25 16:33:16 	 [DEBUG] 	 <client.go:83>  	 EOFconnect offline
2018-05-25 16:33:16 	 [DEBUG] 	 <client.go:148>  	 close client:10002, 80d07eb7-09d5-4332-aa4d-01990a291dfd
2018-05-25 16:33:16 	 [DEBUG] 	 <client.go:112>  	 client: 80d07eb7-09d5-4332-aa4d-01990a291dfd 10002 socket closed
2018-05-25 16:33:38 	 [DEBUG] 	 <tcp.go:32>  	 新连接地址为:[192.168.31.41:51696]
2018-05-25 16:34:00 	 [DEBUG] 	 <protocol.go:134>  	 sock read error:EOF
2018-05-25 16:34:00 	 [DEBUG] 	 <client.go:83>  	 EOFconnect offline
2018-05-25 16:34:00 	 [DEBUG] 	 <client.go:148>  	 close client:10002, 80d07eb7-09d5-4332-aa4d-01990a291dfd
2018-05-25 16:34:00 	 [DEBUG] 	 <client.go:112>  	 client: 80d07eb7-09d5-4332-aa4d-01990a291dfd 10002 socket closed
2018-05-25 16:34:26 	 [DEBUG] 	 <tcp.go:32>  	 新连接地址为:[192.168.31.41:51716]
2018-05-25 16:34:28 	 [DEBUG] 	 <client_heartbeat.go:9>  	 heartBeet
2018-05-25 16:36:28 	 [DEBUG] 	 <client_heartbeat.go:9>  	 heartBeet
2018-05-25 16:37:43 	 [DEBUG] 	 <protocol.go:134>  	 sock read error:EOF
2018-05-25 16:37:43 	 [DEBUG] 	 <client.go:83>  	 EOFconnect offline
2018-05-25 16:37:43 	 [DEBUG] 	 <client.go:148>  	 close client:10002, 80d07eb7-09d5-4332-aa4d-01990a291dfd
2018-05-25 16:37:43 	 [DEBUG] 	 <client.go:112>  	 client: 80d07eb7-09d5-4332-aa4d-01990a291dfd 10002 socket closed
2018-05-25 16:37:53 	 [DEBUG] 	 <tcp.go:32>  	 新连接地址为:[192.168.31.41:51732]
2018-05-25 16:38:28 	 [DEBUG] 	 <client_heartbeat.go:9>  	 heartBeet
2018-05-25 16:39:54 	 [DEBUG] 	 <protocol.go:134>  	 sock read error:EOF
2018-05-25 16:39:54 	 [DEBUG] 	 <client.go:83>  	 EOFconnect offline
2018-05-25 16:39:54 	 [DEBUG] 	 <client.go:148>  	 close client:10002, 80d07eb7-09d5-4332-aa4d-01990a291dfd
2018-05-25 16:39:54 	 [DEBUG] 	 <client.go:112>  	 client: 80d07eb7-09d5-4332-aa4d-01990a291dfd 10002 socket closed
2018-05-25 16:40:04 	 [DEBUG] 	 <tcp.go:32>  	 新连接地址为:[192.168.31.41:51748]
2018-05-25 16:40:28 	 [DEBUG] 	 <client_heartbeat.go:9>  	 heartBeet
2018-05-25 16:40:58 	 [DEBUG] 	 <protocol.go:134>  	 sock read error:EOF
2018-05-25 16:40:58 	 [DEBUG] 	 <client.go:83>  	 EOFconnect offline
2018-05-25 16:40:58 	 [DEBUG] 	 <client.go:148>  	 close client:10002, 80d07eb7-09d5-4332-aa4d-01990a291dfd
2018-05-25 16:40:58 	 [DEBUG] 	 <client.go:112>  	 client: 80d07eb7-09d5-4332-aa4d-01990a291dfd 10002 socket closed
2018-05-25 16:41:08 	 [DEBUG] 	 <tcp.go:32>  	 新连接地址为:[192.168.31.41:51764]
2018-05-25 16:42:28 	 [DEBUG] 	 <client_heartbeat.go:9>  	 heartBeet
2018-05-25 16:43:41 	 [DEBUG] 	 <client_heartbeat.go:9>  	 heartBeet
2018-05-25 16:44:28 	 [DEBUG] 	 <client_heartbeat.go:9>  	 heartBeet
2018-05-25 16:45:10 	 [DEBUG] 	 <client_heartbeat.go:9>  	 heartBeet
2018-05-25 16:46:28 	 [DEBUG] 	 <client_heartbeat.go:9>  	 heartBeet
2018-05-25 16:47:10 	 [DEBUG] 	 <client_heartbeat.go:9>  	 heartBeet
2018-05-25 16:47:51 	 [DEBUG] 	 <protocol.go:134>  	 sock read error:EOF
2018-05-25 16:47:51 	 [DEBUG] 	 <client.go:83>  	 EOFconnect offline
2018-05-25 16:47:51 	 [DEBUG] 	 <client.go:148>  	 close client:10002, 80d07eb7-09d5-4332-aa4d-01990a291dfd
2018-05-25 16:47:51 	 [DEBUG] 	 <client.go:112>  	 client: 80d07eb7-09d5-4332-aa4d-01990a291dfd 10002 socket closed
2018-05-25 16:48:02 	 [DEBUG] 	 <tcp.go:32>  	 新连接地址为:[192.168.31.41:51781]
2018-05-25 16:48:28 	 [DEBUG] 	 <client_heartbeat.go:9>  	 heartBeet
2018-05-25 16:50:04 	 [DEBUG] 	 <client_heartbeat.go:9>  	 heartBeet
2018-05-25 16:50:30 	 [DEBUG] 	 <client_heartbeat.go:9>  	 heartBeet
2018-05-25 16:52:05 	 [DEBUG] 	 <client_heartbeat.go:9>  	 heartBeet
2018-05-25 16:52:28 	 [DEBUG] 	 <client_heartbeat.go:9>  	 heartBeet
2018-05-25 16:54:05 	 [DEBUG] 	 <client_heartbeat.go:9>  	 heartBeet
2018-05-25 16:54:30 	 [DEBUG] 	 <client_heartbeat.go:9>  	 heartBeet
2018-05-25 16:56:05 	 [DEBUG] 	 <client_heartbeat.go:9>  	 heartBeet
2018-05-25 16:56:28 	 [DEBUG] 	 <client_heartbeat.go:9>  	 heartBeet
2018-05-25 16:58:05 	 [DEBUG] 	 <client_heartbeat.go:9>  	 heartBeet
2018-05-25 16:58:28 	 [DEBUG] 	 <client_heartbeat.go:9>  	 heartBeet
2018-05-25 17:00:05 	 [DEBUG] 	 <client_heartbeat.go:9>  	 heartBeet
2018-05-25 17:00:30 	 [DEBUG] 	 <client_heartbeat.go:9>  	 heartBeet
2018-05-25 17:02:05 	 [DEBUG] 	 <client_heartbeat.go:9>  	 heartBeet
2018-05-25 17:02:28 	 [DEBUG] 	 <client_heartbeat.go:9>  	 heartBeet
2018-05-25 17:04:05 	 [DEBUG] 	 <client_heartbeat.go:9>  	 heartBeet
2018-05-25 17:04:28 	 [DEBUG] 	 <client_heartbeat.go:9>  	 heartBeet
2018-05-25 17:06:05 	 [DEBUG] 	 <client_heartbeat.go:9>  	 heartBeet
2018-05-25 17:06:28 	 [DEBUG] 	 <client_heartbeat.go:9>  	 heartBeet
2018-05-25 17:08:05 	 [DEBUG] 	 <client_heartbeat.go:9>  	 heartBeet
2018-05-25 17:08:30 	 [DEBUG] 	 <client_heartbeat.go:9>  	 heartBeet
2018-05-25 17:10:05 	 [DEBUG] 	 <client_heartbeat.go:9>  	 heartBeet
2018-05-25 17:10:28 	 [DEBUG] 	 <client_heartbeat.go:9>  	 heartBeet
2018-05-25 17:12:05 	 [DEBUG] 	 <client_heartbeat.go:9>  	 heartBeet
2018-05-25 17:12:30 	 [DEBUG] 	 <client_heartbeat.go:9>  	 heartBeet
2018-05-25 17:14:04 	 [DEBUG] 	 <client_heartbeat.go:9>  	 heartBeet
2018-05-25 17:14:28 	 [DEBUG] 	 <client_heartbeat.go:9>  	 heartBeet
2018-05-25 17:16:05 	 [DEBUG] 	 <client_heartbeat.go:9>  	 heartBeet
2018-05-25 17:16:28 	 [DEBUG] 	 <client_heartbeat.go:9>  	 heartBeet
2018-05-25 17:18:05 	 [DEBUG] 	 <client_heartbeat.go:9>  	 heartBeet
2018-05-25 17:18:28 	 [DEBUG] 	 <client_heartbeat.go:9>  	 heartBeet
2018-05-25 17:20:05 	 [DEBUG] 	 <client_heartbeat.go:9>  	 heartBeet
2018-05-25 17:20:28 	 [DEBUG] 	 <client_heartbeat.go:9>  	 heartBeet
2018-05-25 17:22:05 	 [DEBUG] 	 <client_heartbeat.go:9>  	 heartBeet
2018-05-25 17:22:28 	 [DEBUG] 	 <client_heartbeat.go:9>  	 heartBeet
2018-05-25 17:24:05 	 [DEBUG] 	 <client_heartbeat.go:9>  	 heartBeet
2018-05-25 17:24:28 	 [DEBUG] 	 <client_heartbeat.go:9>  	 heartBeet
2018-05-25 17:26:05 	 [DEBUG] 	 <client_heartbeat.go:9>  	 heartBeet
2018-05-25 17:26:28 	 [DEBUG] 	 <client_heartbeat.go:9>  	 heartBeet
2018-05-25 17:28:05 	 [DEBUG] 	 <client_heartbeat.go:9>  	 heartBeet
2018-05-25 17:28:28 	 [DEBUG] 	 <client_heartbeat.go:9>  	 heartBeet
2018-05-25 17:30:05 	 [DEBUG] 	 <client_heartbeat.go:9>  	 heartBeet
2018-05-25 17:30:30 	 [DEBUG] 	 <client_heartbeat.go:9>  	 heartBeet
2018-05-25 17:32:05 	 [DEBUG] 	 <client_heartbeat.go:9>  	 heartBeet
2018-05-25 17:32:30 	 [DEBUG] 	 <client_heartbeat.go:9>  	 heartBeet
2018-05-25 17:34:05 	 [DEBUG] 	 <client_heartbeat.go:9>  	 heartBeet
2018-05-25 17:34:28 	 [DEBUG] 	 <client_heartbeat.go:9>  	 heartBeet
2018-05-25 17:36:04 	 [DEBUG] 	 <client_heartbeat.go:9>  	 heartBeet
2018-05-25 17:36:28 	 [DEBUG] 	 <client_heartbeat.go:9>  	 heartBeet
2018-05-25 17:38:05 	 [DEBUG] 	 <client_heartbeat.go:9>  	 heartBeet
2018-05-25 17:38:30 	 [DEBUG] 	 <client_heartbeat.go:9>  	 heartBeet
2018-05-25 17:40:05 	 [DEBUG] 	 <client_heartbeat.go:9>  	 heartBeet
2018-05-25 17:40:28 	 [DEBUG] 	 <client_heartbeat.go:9>  	 heartBeet
2018-05-25 17:42:04 	 [DEBUG] 	 <client_heartbeat.go:9>  	 heartBeet
2018-05-25 17:42:28 	 [DEBUG] 	 <client_heartbeat.go:9>  	 heartBeet
2018-05-25 17:44:05 	 [DEBUG] 	 <client_heartbeat.go:9>  	 heartBeet
2018-05-25 17:44:30 	 [DEBUG] 	 <client_heartbeat.go:9>  	 heartBeet
2018-05-25 17:46:05 	 [DEBUG] 	 <client_heartbeat.go:9>  	 heartBeet
2018-05-25 17:46:30 	 [DEBUG] 	 <client_heartbeat.go:9>  	 heartBeet
2018-05-25 17:48:05 	 [DEBUG] 	 <client_heartbeat.go:9>  	 heartBeet
2018-05-25 17:48:30 	 [DEBUG] 	 <client_heartbeat.go:9>  	 heartBeet
2018-05-25 17:50:05 	 [DEBUG] 	 <client_heartbeat.go:9>  	 heartBeet
2018-05-25 17:50:28 	 [DEBUG] 	 <client_heartbeat.go:9>  	 heartBeet
2018-05-25 17:52:05 	 [DEBUG] 	 <client_heartbeat.go:9>  	 heartBeet
2018-05-25 17:52:28 	 [DEBUG] 	 <client_heartbeat.go:9>  	 heartBeet
2018-05-25 17:54:04 	 [DEBUG] 	 <client_heartbeat.go:9>  	 heartBeet
2018-05-25 17:54:28 	 [DEBUG] 	 <client_heartbeat.go:9>  	 heartBeet
2018-05-25 17:55:00 	 [DEBUG] 	 <protocol.go:134>  	 sock read error:EOF
2018-05-25 17:55:00 	 [DEBUG] 	 <client.go:83>  	 EOFconnect offline
2018-05-25 17:55:00 	 [DEBUG] 	 <client.go:148>  	 close client:10002, 80d07eb7-09d5-4332-aa4d-01990a291dfd
2018-05-25 17:55:00 	 [DEBUG] 	 <client.go:112>  	 client: 80d07eb7-09d5-4332-aa4d-01990a291dfd 10002 socket closed
2018-05-25 17:56:28 	 [DEBUG] 	 <client_heartbeat.go:9>  	 heartBeet
2018-05-25 17:58:28 	 [DEBUG] 	 <client_heartbeat.go:9>  	 heartBeet
2018-05-25 17:59:28 	 [DEBUG] 	 <tcp.go:32>  	 新连接地址为:[192.168.31.41:51910]
2018-05-25 17:59:41 	 [DEBUG] 	 <protocol.go:134>  	 sock read error:EOF
2018-05-25 17:59:41 	 [DEBUG] 	 <client.go:83>  	 EOFconnect offline
2018-05-25 17:59:41 	 [DEBUG] 	 <client.go:148>  	 close client:10002, 80d07eb7-09d5-4332-aa4d-01990a291dfd
2018-05-25 17:59:41 	 [DEBUG] 	 <client.go:112>  	 client: 80d07eb7-09d5-4332-aa4d-01990a291dfd 10002 socket closed
2018-05-25 17:59:52 	 [DEBUG] 	 <tcp.go:32>  	 新连接地址为:[192.168.31.41:51911]
2018-05-25 18:00:30 	 [DEBUG] 	 <client_heartbeat.go:9>  	 heartBeet
2018-05-25 18:01:02 	 [DEBUG] 	 <protocol.go:134>  	 sock read error:EOF
2018-05-25 18:01:02 	 [DEBUG] 	 <client.go:83>  	 EOFconnect offline
2018-05-25 18:01:02 	 [DEBUG] 	 <client.go:148>  	 close client:10002, 80d07eb7-09d5-4332-aa4d-01990a291dfd
2018-05-25 18:01:02 	 [DEBUG] 	 <client.go:112>  	 client: 80d07eb7-09d5-4332-aa4d-01990a291dfd 10002 socket closed
2018-05-25 18:01:49 	 [DEBUG] 	 <tcp.go:32>  	 新连接地址为:[192.168.31.82:53608]
2018-05-25 18:01:57 	 [DEBUG] 	 <protocol.go:134>  	 sock read error:EOF
2018-05-25 18:01:57 	 [DEBUG] 	 <client.go:83>  	 EOFconnect offline
2018-05-25 18:01:57 	 [DEBUG] 	 <client.go:148>  	 close client:10002, 80d07eb7-09d5-4332-aa4d-01990a291dfd
2018-05-25 18:01:57 	 [DEBUG] 	 <client.go:112>  	 client: 80d07eb7-09d5-4332-aa4d-01990a291dfd 10002 socket closed
2018-05-25 18:02:24 	 [DEBUG] 	 <tcp.go:32>  	 新连接地址为:[192.168.31.82:53668]
2018-05-25 18:02:28 	 [DEBUG] 	 <client_heartbeat.go:9>  	 heartBeet
2018-05-25 18:03:05 	 [DEBUG] 	 <protocol.go:134>  	 sock read error:EOF
2018-05-25 18:03:05 	 [DEBUG] 	 <client.go:83>  	 EOFconnect offline
2018-05-25 18:03:05 	 [DEBUG] 	 <client.go:148>  	 close client:10002, 80d07eb7-09d5-4332-aa4d-01990a291dfd
2018-05-25 18:03:05 	 [DEBUG] 	 <client.go:112>  	 client: 80d07eb7-09d5-4332-aa4d-01990a291dfd 10002 socket closed
2018-05-25 18:04:30 	 [DEBUG] 	 <client_heartbeat.go:9>  	 heartBeet
2018-05-25 18:06:28 	 [DEBUG] 	 <client_heartbeat.go:9>  	 heartBeet
2018-05-25 18:08:30 	 [DEBUG] 	 <client_heartbeat.go:9>  	 heartBeet
2018-05-25 18:10:30 	 [DEBUG] 	 <client_heartbeat.go:9>  	 heartBeet
2018-05-25 18:12:30 	 [DEBUG] 	 <client_heartbeat.go:9>  	 heartBeet
2018-05-25 18:14:30 	 [DEBUG] 	 <client_heartbeat.go:9>  	 heartBeet
2018-05-25 18:16:30 	 [DEBUG] 	 <client_heartbeat.go:9>  	 heartBeet
2018-05-25 18:18:30 	 [DEBUG] 	 <client_heartbeat.go:9>  	 heartBeet
2018-05-25 18:20:30 	 [DEBUG] 	 <client_heartbeat.go:9>  	 heartBeet
2018-05-25 18:22:30 	 [DEBUG] 	 <client_heartbeat.go:9>  	 heartBeet
2018-05-25 18:24:30 	 [DEBUG] 	 <client_heartbeat.go:9>  	 heartBeet
2018-05-25 18:26:30 	 [DEBUG] 	 <client_heartbeat.go:9>  	 heartBeet
2018-05-25 18:28:30 	 [DEBUG] 	 <client_heartbeat.go:9>  	 heartBeet
2018-05-25 18:30:28 	 [DEBUG] 	 <client_heartbeat.go:9>  	 heartBeet
2018-05-25 18:32:28 	 [DEBUG] 	 <client_heartbeat.go:9>  	 heartBeet
2018-05-25 18:34:30 	 [DEBUG] 	 <client_heartbeat.go:9>  	 heartBeet
2018-05-25 18:36:30 	 [DEBUG] 	 <client_heartbeat.go:9>  	 heartBeet
2018-05-25 18:38:30 	 [DEBUG] 	 <client_heartbeat.go:9>  	 heartBeet
2018-05-25 18:40:28 	 [DEBUG] 	 <client_heartbeat.go:9>  	 heartBeet
2018-05-25 18:42:30 	 [DEBUG] 	 <client_heartbeat.go:9>  	 heartBeet
2018-05-25 18:44:30 	 [DEBUG] 	 <client_heartbeat.go:9>  	 heartBeet
2018-05-25 18:46:30 	 [DEBUG] 	 <client_heartbeat.go:9>  	 heartBeet
2018-05-25 18:48:30 	 [DEBUG] 	 <client_heartbeat.go:9>  	 heartBeet
2018-05-25 18:50:28 	 [DEBUG] 	 <client_heartbeat.go:9>  	 heartBeet
2018-05-25 18:52:30 	 [DEBUG] 	 <client_heartbeat.go:9>  	 heartBeet
2018-05-25 18:54:29 	 [DEBUG] 	 <client_heartbeat.go:9>  	 heartBeet
2018-05-25 18:56:30 	 [DEBUG] 	 <client_heartbeat.go:9>  	 heartBeet
2018-05-25 18:58:28 	 [DEBUG] 	 <client_heartbeat.go:9>  	 heartBeet
2018-05-25 19:00:30 	 [DEBUG] 	 <client_heartbeat.go:9>  	 heartBeet
2018-05-25 19:02:30 	 [DEBUG] 	 <client_heartbeat.go:9>  	 heartBeet
2018-05-25 19:04:30 	 [DEBUG] 	 <client_heartbeat.go:9>  	 heartBeet
2018-05-25 19:06:28 	 [DEBUG] 	 <client_heartbeat.go:9>  	 heartBeet
2018-05-25 19:08:30 	 [DEBUG] 	 <client_heartbeat.go:9>  	 heartBeet
2018-05-25 19:10:30 	 [DEBUG] 	 <client_heartbeat.go:9>  	 heartBeet
2018-05-25 19:12:30 	 [DEBUG] 	 <client_heartbeat.go:9>  	 heartBeet
2018-05-25 19:14:28 	 [DEBUG] 	 <client_heartbeat.go:9>  	 heartBeet
2018-05-25 19:16:30 	 [DEBUG] 	 <client_heartbeat.go:9>  	 heartBeet
2018-05-25 19:18:30 	 [DEBUG] 	 <client_heartbeat.go:9>  	 heartBeet
2018-05-25 19:20:28 	 [DEBUG] 	 <client_heartbeat.go:9>  	 heartBeet
2018-05-25 19:22:28 	 [DEBUG] 	 <client_heartbeat.go:9>  	 heartBeet
2018-05-25 19:24:28 	 [DEBUG] 	 <client_heartbeat.go:9>  	 heartBeet
2018-05-25 19:26:28 	 [DEBUG] 	 <client_heartbeat.go:9>  	 heartBeet
2018-05-25 19:28:30 	 [DEBUG] 	 <client_heartbeat.go:9>  	 heartBeet
2018-05-25 19:30:30 	 [DEBUG] 	 <client_heartbeat.go:9>  	 heartBeet
2018-05-25 19:32:28 	 [DEBUG] 	 <client_heartbeat.go:9>  	 heartBeet
2018-05-25 19:34:28 	 [DEBUG] 	 <client_heartbeat.go:9>  	 heartBeet
2018-05-25 19:36:28 	 [DEBUG] 	 <client_heartbeat.go:9>  	 heartBeet
2018-05-25 19:38:30 	 [DEBUG] 	 <client_heartbeat.go:9>  	 heartBeet
2018-05-25 19:40:28 	 [DEBUG] 	 <client_heartbeat.go:9>  	 heartBeet
2018-05-25 19:42:29 	 [DEBUG] 	 <client_heartbeat.go:9>  	 heartBeet
2018-05-25 19:44:30 	 [DEBUG] 	 <client_heartbeat.go:9>  	 heartBeet
2018-05-25 19:46:30 	 [DEBUG] 	 <client_heartbeat.go:9>  	 heartBeet
2018-05-25 19:48:30 	 [DEBUG] 	 <client_heartbeat.go:9>  	 heartBeet
2018-05-25 19:50:30 	 [DEBUG] 	 <client_heartbeat.go:9>  	 heartBeet
2018-05-25 19:52:30 	 [DEBUG] 	 <client_heartbeat.go:9>  	 heartBeet
2018-05-25 19:54:28 	 [DEBUG] 	 <client_heartbeat.go:9>  	 heartBeet
2018-05-25 19:56:28 	 [DEBUG] 	 <client_heartbeat.go:9>  	 heartBeet
2018-05-25 19:58:28 	 [DEBUG] 	 <client_heartbeat.go:9>  	 heartBeet
2018-05-25 20:00:28 	 [DEBUG] 	 <client_heartbeat.go:9>  	 heartBeet
2018-05-25 20:02:28 	 [DEBUG] 	 <client_heartbeat.go:9>  	 heartBeet
2018-05-25 20:04:31 	 [DEBUG] 	 <client_heartbeat.go:9>  	 heartBeet
2018-05-25 20:06:28 	 [DEBUG] 	 <client_heartbeat.go:9>  	 heartBeet
2018-05-25 20:08:28 	 [DEBUG] 	 <client_heartbeat.go:9>  	 heartBeet
2018-05-25 20:10:28 	 [DEBUG] 	 <client_heartbeat.go:9>  	 heartBeet
2018-05-25 20:12:28 	 [DEBUG] 	 <client_heartbeat.go:9>  	 heartBeet
2018-05-25 20:14:28 	 [DEBUG] 	 <client_heartbeat.go:9>  	 heartBeet
2018-05-25 20:16:28 	 [DEBUG] 	 <client_heartbeat.go:9>  	 heartBeet
2018-05-25 20:18:28 	 [DEBUG] 	 <client_heartbeat.go:9>  	 heartBeet
2018-05-25 20:20:28 	 [DEBUG] 	 <client_heartbeat.go:9>  	 heartBeet
2018-05-25 20:22:28 	 [DEBUG] 	 <client_heartbeat.go:9>  	 heartBeet
2018-05-25 20:24:28 	 [DEBUG] 	 <client_heartbeat.go:9>  	 heartBeet
2018-05-25 20:26:28 	 [DEBUG] 	 <client_heartbeat.go:9>  	 heartBeet
2018-05-25 20:28:28 	 [DEBUG] 	 <client_heartbeat.go:9>  	 heartBeet
2018-05-25 20:30:31 	 [DEBUG] 	 <client_heartbeat.go:9>  	 heartBeet
2018-05-25 20:32:30 	 [DEBUG] 	 <client_heartbeat.go:9>  	 heartBeet
2018-05-25 20:34:28 	 [DEBUG] 	 <client_heartbeat.go:9>  	 heartBeet
2018-05-25 20:36:28 	 [DEBUG] 	 <client_heartbeat.go:9>  	 heartBeet
2018-05-25 20:38:28 	 [DEBUG] 	 <client_heartbeat.go:9>  	 heartBeet
2018-05-25 20:40:28 	 [DEBUG] 	 <client_heartbeat.go:9>  	 heartBeet
2018-05-25 20:42:28 	 [DEBUG] 	 <client_heartbeat.go:9>  	 heartBeet
2018-05-25 20:44:28 	 [DEBUG] 	 <client_heartbeat.go:9>  	 heartBeet
2018-05-25 20:45:45 	 [DEBUG] 	 <protocol.go:134>  	 sock read error:EOF
2018-05-25 20:45:45 	 [DEBUG] 	 <client.go:83>  	 EOFconnect offline
2018-05-25 20:45:45 	 [DEBUG] 	 <client.go:148>  	 close client:10001, d5f75fbc-4f64-4f78-b320-2ca770847800
2018-05-25 20:45:45 	 [DEBUG] 	 <client.go:112>  	 client: d5f75fbc-4f64-4f78-b320-2ca770847800 10001 socket closed
2018-05-25 20:45:50 	 [DEBUG] 	 <tcp.go:32>  	 新连接地址为:[127.0.0.1:54445]
2018-05-25 20:46:17 	 [DEBUG] 	 <protocol.go:134>  	 sock read error:EOF
2018-05-25 20:46:17 	 [DEBUG] 	 <client.go:83>  	 EOFconnect offline
2018-05-25 20:46:17 	 [DEBUG] 	 <client.go:148>  	 close client:10001, d5f75fbc-4f64-4f78-b320-2ca770847800
2018-05-25 20:46:17 	 [DEBUG] 	 <client.go:112>  	 client: d5f75fbc-4f64-4f78-b320-2ca770847800 10001 socket closed
2018-05-25 20:46:40 	 [DEBUG] 	 <tcp.go:32>  	 新连接地址为:[127.0.0.1:54457]
2018-05-25 20:46:41 	 [DEBUG] 	 <connection.go:106>  	 TODO(need offline push )can't send message, appid:10 uid:10002 cmd:4
2018-05-25 20:46:42 	 [DEBUG] 	 <connection.go:106>  	 TODO(need offline push )can't send message, appid:10 uid:10002 cmd:4
2018-05-25 20:47:27 	 [DEBUG] 	 <connection.go:106>  	 TODO(need offline push )can't send message, appid:10 uid:10002 cmd:4
2018-05-25 20:47:27 	 [DEBUG] 	 <connection.go:106>  	 TODO(need offline push )can't send message, appid:10 uid:10002 cmd:4
2018-05-25 20:47:27 	 [DEBUG] 	 <connection.go:106>  	 TODO(need offline push )can't send message, appid:10 uid:10002 cmd:4
2018-05-25 20:47:27 	 [DEBUG] 	 <connection.go:106>  	 TODO(need offline push )can't send message, appid:10 uid:10002 cmd:4
2018-05-25 20:47:27 	 [DEBUG] 	 <connection.go:106>  	 TODO(need offline push )can't send message, appid:10 uid:10002 cmd:4
2018-05-25 20:47:44 	 [DEBUG] 	 <tcp.go:32>  	 新连接地址为:[192.168.31.41:52142]
2018-05-25 20:47:44 	 [DEBUG] 	 <client_heartbeat.go:9>  	 heartBeet
2018-05-25 20:47:44 	 [DEBUG] 	 <client_im.go:98>  	 offline msg :sender:10001,receiver:10002,timestamp:1527252401,msgId:122,body:{"content":"hello","type":1,"uuid":"E8DB4465-F76C-44F0-B75D-9BFB5A72A482"}
2018-05-25 20:47:44 	 [DEBUG] 	 <client_im.go:98>  	 offline msg :sender:10001,receiver:10002,timestamp:1527252402,msgId:123,body:{"content":"hello","type":1,"uuid":"78589670-B699-4878-A8BF-F1896C7958BA"}
2018-05-25 20:47:44 	 [DEBUG] 	 <client_im.go:98>  	 offline msg :sender:10001,receiver:10002,timestamp:1527252447,msgId:124,body:{"content":"hello","type":1,"uuid":"5D22B23E-B983-4BFC-B04F-A4B4DB90B311"}
2018-05-25 20:47:44 	 [DEBUG] 	 <client_im.go:98>  	 offline msg :sender:10001,receiver:10002,timestamp:1527252447,msgId:125,body:{"content":"hello","type":1,"uuid":"C90DF6D2-18E0-413C-B560-FBF6320E1F7A"}
2018-05-25 20:47:44 	 [DEBUG] 	 <client_im.go:98>  	 offline msg :sender:10001,receiver:10002,timestamp:1527252447,msgId:126,body:{"content":"hello","type":1,"uuid":"CF23A719-A74A-4C76-B452-7F53061F86C0"}
2018-05-25 20:47:44 	 [DEBUG] 	 <client_im.go:98>  	 offline msg :sender:10001,receiver:10002,timestamp:1527252447,msgId:127,body:{"content":"hello","type":1,"uuid":"EF930C29-1CCC-42C3-A178-D5C3B054074F"}
2018-05-25 20:47:44 	 [DEBUG] 	 <client_im.go:98>  	 offline msg :sender:10001,receiver:10002,timestamp:1527252447,msgId:128,body:{"content":"hello","type":1,"uuid":"4365B90F-21B6-40D0-9D47-EFD45ADEA0C2"}
2018-05-25 20:47:45 	 [DEBUG] 	 <protocol.go:134>  	 sock read error:EOF
2018-05-25 20:47:45 	 [DEBUG] 	 <client.go:83>  	 EOFconnect offline
2018-05-25 20:47:45 	 [DEBUG] 	 <client.go:148>  	 close client:10002, 80d07eb7-09d5-4332-aa4d-01990a291dfd
2018-05-25 20:47:45 	 [DEBUG] 	 <client.go:112>  	 client: 80d07eb7-09d5-4332-aa4d-01990a291dfd 10002 socket closed
2018-05-25 20:47:51 	 [DEBUG] 	 <protocol.go:134>  	 sock read error:EOF
2018-05-25 20:47:51 	 [DEBUG] 	 <client.go:83>  	 EOFconnect offline
2018-05-25 20:47:51 	 [DEBUG] 	 <client.go:148>  	 close client:10001, d5f75fbc-4f64-4f78-b320-2ca770847800
2018-05-25 20:47:51 	 [DEBUG] 	 <client.go:112>  	 client: d5f75fbc-4f64-4f78-b320-2ca770847800 10001 socket closed
2018-05-25 20:48:09 	 [DEBUG] 	 <tcp.go:32>  	 新连接地址为:[192.168.31.41:52325]
2018-05-25 20:48:12 	 [DEBUG] 	 <connection.go:106>  	 TODO(need offline push )can't send message, appid:10 uid:10001 cmd:4
2018-05-25 20:48:13 	 [DEBUG] 	 <connection.go:106>  	 TODO(need offline push )can't send message, appid:10 uid:10001 cmd:4
2018-05-25 20:48:21 	 [DEBUG] 	 <tcp.go:32>  	 新连接地址为:[127.0.0.1:54520]
2018-05-25 20:48:21 	 [DEBUG] 	 <client_im.go:98>  	 offline msg :sender:10002,receiver:10001,timestamp:1527252492,msgId:136,body:{"content":"hello","type":1,"uuid":"612E7634-310C-4D8C-BA3D-B6FB759378E2"}
2018-05-25 20:48:21 	 [DEBUG] 	 <client_im.go:98>  	 offline msg :sender:10002,receiver:10001,timestamp:1527252493,msgId:137,body:{"content":"hello","type":1,"uuid":"2DA60BD8-16AA-4D97-9996-50AD320F5CAE"}
2018-05-25 20:49:12 	 [DEBUG] 	 <protocol.go:134>  	 sock read error:EOF
2018-05-25 20:49:12 	 [DEBUG] 	 <client.go:83>  	 EOFconnect offline
2018-05-25 20:49:12 	 [DEBUG] 	 <client.go:148>  	 close client:10001, d5f75fbc-4f64-4f78-b320-2ca770847800
2018-05-25 20:49:12 	 [DEBUG] 	 <client.go:112>  	 client: d5f75fbc-4f64-4f78-b320-2ca770847800 10001 socket closed
2018-05-25 20:50:10 	 [DEBUG] 	 <client_heartbeat.go:9>  	 heartBeet
2018-05-25 20:50:49 	 [DEBUG] 	 <protocol.go:134>  	 sock read error:EOF
2018-05-25 20:50:49 	 [DEBUG] 	 <client.go:83>  	 EOFconnect offline
2018-05-25 20:50:49 	 [DEBUG] 	 <client.go:148>  	 close client:10002, 80d07eb7-09d5-4332-aa4d-01990a291dfd
2018-05-25 20:50:49 	 [DEBUG] 	 <client.go:112>  	 client: 80d07eb7-09d5-4332-aa4d-01990a291dfd 10002 socket closed
2018-05-25 20:51:20 	 [DEBUG] 	 <tcp.go:32>  	 新连接地址为:[127.0.0.1:54572]
2018-05-25 20:51:24 	 [DEBUG] 	 <tcp.go:32>  	 新连接地址为:[192.168.31.41:52418]
2018-05-25 20:53:20 	 [DEBUG] 	 <client_heartbeat.go:9>  	 heartBeet
2018-05-25 20:53:24 	 [DEBUG] 	 <client_heartbeat.go:9>  	 heartBeet
2018-05-25 20:55:26 	 [DEBUG] 	 <client_heartbeat.go:9>  	 heartBeet
2018-05-25 20:55:45 	 [DEBUG] 	 <client_heartbeat.go:9>  	 heartBeet
2018-05-25 20:57:20 	 [DEBUG] 	 <client_heartbeat.go:9>  	 heartBeet
2018-05-25 20:57:26 	 [DEBUG] 	 <client_heartbeat.go:9>  	 heartBeet
2018-05-25 20:59:20 	 [DEBUG] 	 <client_heartbeat.go:9>  	 heartBeet
2018-05-25 20:59:29 	 [DEBUG] 	 <client_heartbeat.go:9>  	 heartBeet
2018-05-25 21:01:20 	 [DEBUG] 	 <client_heartbeat.go:9>  	 heartBeet
2018-05-25 21:01:26 	 [DEBUG] 	 <client_heartbeat.go:9>  	 heartBeet
2018-05-25 21:03:20 	 [DEBUG] 	 <client_heartbeat.go:9>  	 heartBeet
2018-05-25 21:03:24 	 [DEBUG] 	 <client_heartbeat.go:9>  	 heartBeet
2018-05-25 21:05:19 	 [DEBUG] 	 <protocol.go:134>  	 sock read error:EOF
2018-05-25 21:05:19 	 [DEBUG] 	 <client.go:83>  	 EOFconnect offline
2018-05-25 21:05:19 	 [DEBUG] 	 <client.go:148>  	 close client:10002, 80d07eb7-09d5-4332-aa4d-01990a291dfd
2018-05-25 21:05:19 	 [DEBUG] 	 <client.go:112>  	 client: 80d07eb7-09d5-4332-aa4d-01990a291dfd 10002 socket closed
2018-05-25 21:05:20 	 [DEBUG] 	 <client_heartbeat.go:9>  	 heartBeet
2018-05-25 21:05:27 	 [DEBUG] 	 <tcp.go:32>  	 新连接地址为:[192.168.31.41:52494]
2018-05-25 21:07:20 	 [DEBUG] 	 <client_heartbeat.go:9>  	 heartBeet
2018-05-25 21:07:29 	 [DEBUG] 	 <client_heartbeat.go:9>  	 heartBeet
2018-05-25 21:07:45 	 [DEBUG] 	 <protocol.go:134>  	 sock read error:EOF
2018-05-25 21:07:45 	 [DEBUG] 	 <client.go:83>  	 EOFconnect offline
2018-05-25 21:07:45 	 [DEBUG] 	 <client.go:148>  	 close client:10002, 80d07eb7-09d5-4332-aa4d-01990a291dfd
2018-05-25 21:07:45 	 [DEBUG] 	 <client.go:112>  	 client: 80d07eb7-09d5-4332-aa4d-01990a291dfd 10002 socket closed
2018-05-25 21:07:52 	 [DEBUG] 	 <tcp.go:32>  	 新连接地址为:[192.168.31.41:52546]
2018-05-25 21:08:00 	 [DEBUG] 	 <protocol.go:134>  	 sock read error:EOF
2018-05-25 21:08:00 	 [DEBUG] 	 <client.go:83>  	 EOFconnect offline
2018-05-25 21:08:00 	 [DEBUG] 	 <client.go:148>  	 close client:10002, 80d07eb7-09d5-4332-aa4d-01990a291dfd
2018-05-25 21:08:00 	 [DEBUG] 	 <client.go:112>  	 client: 80d07eb7-09d5-4332-aa4d-01990a291dfd 10002 socket closed
2018-05-25 21:09:20 	 [DEBUG] 	 <client_heartbeat.go:9>  	 heartBeet
2018-05-25 21:09:48 	 [DEBUG] 	 <protocol.go:134>  	 sock read error:EOF
2018-05-25 21:09:48 	 [DEBUG] 	 <client.go:83>  	 EOFconnect offline
2018-05-25 21:09:48 	 [DEBUG] 	 <client.go:148>  	 close client:10001, d5f75fbc-4f64-4f78-b320-2ca770847800
2018-05-25 21:09:48 	 [DEBUG] 	 <client.go:112>  	 client: d5f75fbc-4f64-4f78-b320-2ca770847800 10001 socket closed
2018-05-25 21:09:57 	 [DEBUG] 	 <tcp.go:32>  	 新连接地址为:[127.0.0.1:54770]
2018-05-25 21:10:11 	 [DEBUG] 	 <tcp.go:32>  	 新连接地址为:[192.168.31.41:52613]
2018-05-25 21:11:57 	 [DEBUG] 	 <client_heartbeat.go:9>  	 heartBeet
2018-05-25 21:12:13 	 [DEBUG] 	 <client_heartbeat.go:9>  	 heartBeet
2018-05-25 21:14:13 	 [DEBUG] 	 <client_heartbeat.go:9>  	 heartBeet
2018-05-25 21:15:06 	 [DEBUG] 	 <client_heartbeat.go:9>  	 heartBeet
2018-05-25 21:16:12 	 [DEBUG] 	 <client_heartbeat.go:9>  	 heartBeet
2018-05-25 21:16:36 	 [DEBUG] 	 <protocol.go:134>  	 sock read error:EOF
2018-05-25 21:16:36 	 [DEBUG] 	 <client.go:83>  	 EOFconnect offline
2018-05-25 21:16:36 	 [DEBUG] 	 <client.go:148>  	 close client:10001, d5f75fbc-4f64-4f78-b320-2ca770847800
2018-05-25 21:16:36 	 [DEBUG] 	 <client.go:112>  	 client: d5f75fbc-4f64-4f78-b320-2ca770847800 10001 socket closed
2018-05-25 21:18:34 	 [DEBUG] 	 <client_heartbeat.go:9>  	 heartBeet
2018-05-25 21:18:37 	 [DEBUG] 	 <connection.go:106>  	 TODO(need offline push )can't send message, appid:10 uid:10001 cmd:4
2018-05-25 21:18:40 	 [DEBUG] 	 <connection.go:106>  	 TODO(need offline push )can't send message, appid:10 uid:10001 cmd:4
2018-05-25 21:18:52 	 [DEBUG] 	 <tcp.go:32>  	 新连接地址为:[127.0.0.1:54855]
2018-05-25 21:18:52 	 [DEBUG] 	 <client_im.go:98>  	 offline msg :sender:10002,receiver:10001,timestamp:1527254125,msgId:210,body:{"content":"hello","type":1,"uuid":"69B19210-27F8-4404-B344-DD2EAF51C905"}
2018-05-25 21:18:52 	 [DEBUG] 	 <client_im.go:98>  	 offline msg :sender:10002,receiver:10001,timestamp:1527254317,msgId:212,body:{"content":"hello","type":1,"uuid":"EADE1425-A212-4045-B011-A3986DE819BD"}
2018-05-25 21:18:52 	 [DEBUG] 	 <client_im.go:98>  	 offline msg :sender:10002,receiver:10001,timestamp:1527254320,msgId:213,body:{"content":"hello","type":1,"uuid":"0118E099-2FCC-4A71-985C-5D71324AFF22"}
2018-05-25 21:19:59 	 [DEBUG] 	 <protocol.go:134>  	 sock read error:EOF
2018-05-25 21:19:59 	 [DEBUG] 	 <client.go:83>  	 EOFconnect offline
2018-05-25 21:19:59 	 [DEBUG] 	 <client.go:148>  	 close client:10001, d5f75fbc-4f64-4f78-b320-2ca770847800
2018-05-25 21:19:59 	 [DEBUG] 	 <client.go:112>  	 client: d5f75fbc-4f64-4f78-b320-2ca770847800 10001 socket closed
2018-05-25 21:20:05 	 [DEBUG] 	 <tcp.go:32>  	 新连接地址为:[127.0.0.1:54868]
2018-05-25 21:20:05 	 [DEBUG] 	 <client_im.go:98>  	 offline msg :sender:10002,receiver:10001,timestamp:1527254345,msgId:217,body:{"content":"hello","type":1,"uuid":"762AF0D2-B701-4C55-99D2-F1543F48261C"}
2018-05-25 21:20:13 	 [DEBUG] 	 <client_heartbeat.go:9>  	 heartBeet
2018-05-25 21:21:01 	 [DEBUG] 	 <protocol.go:134>  	 sock read error:EOF
2018-05-25 21:21:01 	 [DEBUG] 	 <client.go:83>  	 EOFconnect offline
2018-05-25 21:21:01 	 [DEBUG] 	 <client.go:148>  	 close client:10001, d5f75fbc-4f64-4f78-b320-2ca770847800
2018-05-25 21:21:01 	 [DEBUG] 	 <client.go:112>  	 client: d5f75fbc-4f64-4f78-b320-2ca770847800 10001 socket closed
2018-05-25 21:21:26 	 [DEBUG] 	 <tcp.go:32>  	 新连接地址为:[127.0.0.1:54889]
2018-05-25 21:21:26 	 [DEBUG] 	 <client_im.go:98>  	 offline msg :sender:10002,receiver:10001,timestamp:1527254345,msgId:217,body:{"content":"hello","type":1,"uuid":"762AF0D2-B701-4C55-99D2-F1543F48261C"}
2018-05-25 21:22:13 	 [DEBUG] 	 <client_heartbeat.go:9>  	 heartBeet
2018-05-25 21:23:21 	 [DEBUG] 	 <protocol.go:134>  	 sock read error:EOF
2018-05-25 21:23:21 	 [DEBUG] 	 <client.go:83>  	 EOFconnect offline
2018-05-25 21:23:21 	 [DEBUG] 	 <client.go:148>  	 close client:10002, 80d07eb7-09d5-4332-aa4d-01990a291dfd
2018-05-25 21:23:21 	 [DEBUG] 	 <client.go:112>  	 client: 80d07eb7-09d5-4332-aa4d-01990a291dfd 10002 socket closed
2018-05-25 21:23:26 	 [DEBUG] 	 <client_heartbeat.go:9>  	 heartBeet
2018-05-25 21:23:29 	 [DEBUG] 	 <tcp.go:32>  	 新连接地址为:[192.168.31.41:52688]
2018-05-25 21:25:26 	 [DEBUG] 	 <client_heartbeat.go:9>  	 heartBeet
2018-05-25 21:25:43 	 [DEBUG] 	 <client_heartbeat.go:9>  	 heartBeet
2018-05-25 21:27:32 	 [DEBUG] 	 <client_heartbeat.go:9>  	 heartBeet
2018-05-25 21:29:32 	 [DEBUG] 	 <client_heartbeat.go:9>  	 heartBeet
2018-05-25 21:33:47 	 [DEBUG] 	 <client_heartbeat.go:9>  	 heartBeet
2018-05-25 21:34:04 	 [DEBUG] 	 <protocol.go:134>  	 sock read error:EOF
2018-05-25 21:34:04 	 [DEBUG] 	 <client.go:83>  	 EOFconnect offline
2018-05-25 21:34:04 	 [DEBUG] 	 <client.go:148>  	 close client:10001, d5f75fbc-4f64-4f78-b320-2ca770847800
2018-05-25 21:34:04 	 [DEBUG] 	 <client.go:112>  	 client: d5f75fbc-4f64-4f78-b320-2ca770847800 10001 socket closed
2018-05-25 21:35:32 	 [DEBUG] 	 <protocol.go:134>  	 sock read error:read tcp 192.168.31.74:62310->192.168.31.41:52688: i/o timeout
2018-05-25 21:35:32 	 [DEBUG] 	 <client.go:148>  	 close client:10002, 80d07eb7-09d5-4332-aa4d-01990a291dfd
2018-05-25 21:35:32 	 [DEBUG] 	 <client.go:112>  	 client: 80d07eb7-09d5-4332-aa4d-01990a291dfd 10002 socket closed
2018-05-25 21:39:56 	 [DEBUG] 	 <tcp.go:32>  	 新连接地址为:[127.0.0.1:55019]
2018-05-25 21:40:17 	 [DEBUG] 	 <tcp.go:32>  	 新连接地址为:[192.168.31.41:52707]
2018-05-25 21:40:17 	 [DEBUG] 	 <client_im.go:98>  	 offline msg :sender:10001,receiver:10002,timestamp:1527254987,msgId:222,body:{"ack_msgId":221,"ack_uuid":"0ADA6428-69EE-4413-A8B7-ED72A731301B","sequeneceId":0,"status":2,"type":20,"uuid":"92D1974E-7441-4D51-8274-89E03E84DED5"}
2018-05-25 21:41:32 	 [DEBUG] 	 <client_heartbeat.go:9>  	 heartBeet
2018-05-25 21:41:32 	 [DEBUG] 	 <protocol.go:134>  	 sock read error:EOF
2018-05-25 21:41:32 	 [DEBUG] 	 <client.go:83>  	 EOFconnect offline
2018-05-25 21:41:32 	 [DEBUG] 	 <client.go:148>  	 close client:10001, d5f75fbc-4f64-4f78-b320-2ca770847800
2018-05-25 21:41:32 	 [DEBUG] 	 <client.go:112>  	 client: d5f75fbc-4f64-4f78-b320-2ca770847800 10001 socket closed
2018-05-25 21:41:38 	 [DEBUG] 	 <tcp.go:32>  	 新连接地址为:[127.0.0.1:55030]
2018-05-25 21:42:08 	 [DEBUG] 	 <protocol.go:134>  	 sock read error:read tcp 127.0.0.1:62310->127.0.0.1:55030: read: connection reset by peer
2018-05-25 21:42:08 	 [DEBUG] 	 <client.go:148>  	 close client:10001, d5f75fbc-4f64-4f78-b320-2ca770847800
2018-05-25 21:42:08 	 [DEBUG] 	 <client.go:112>  	 client: d5f75fbc-4f64-4f78-b320-2ca770847800 10001 socket closed
2018-05-25 21:42:13 	 [DEBUG] 	 <tcp.go:32>  	 新连接地址为:[127.0.0.1:55035]
2018-05-25 21:42:13 	 [DEBUG] 	 <client_im.go:98>  	 offline msg :sender:10002,receiver:10001,timestamp:1527255700,msgId:227,body:{"content":"hello","type":1,"uuid":"FB3C7836-99AC-4AD2-8D64-CB1D43D565C5"}
2018-05-25 21:42:13 	 [DEBUG] 	 <client_im.go:98>  	 offline msg :sender:10002,receiver:10001,timestamp:1527255720,msgId:229,body:{"content":"hello","type":1,"uuid":"4B983C4C-27F4-462A-9519-0CC3189D96AD"}
2018-05-25 21:42:13 	 [DEBUG] 	 <client_im.go:98>  	 offline msg :sender:10002,receiver:10001,timestamp:1527255723,msgId:230,body:{"content":"hello","type":1,"uuid":"A3B4B199-8B6E-4BCE-AA8B-5DE0F6D350A6"}
2018-05-25 21:42:13 	 [DEBUG] 	 <client_im.go:98>  	 offline msg :sender:10002,receiver:10001,timestamp:1527255724,msgId:231,body:{"content":"hello","type":1,"uuid":"295D5F18-2A4B-4329-95A0-CBA8B8CF382C"}
2018-05-25 21:42:13 	 [DEBUG] 	 <client_im.go:98>  	 offline msg :sender:10002,receiver:10001,timestamp:1527255726,msgId:232,body:{"content":"hello","type":1,"uuid":"207B1366-F541-4AF6-A014-41A35DCD4CED"}
2018-05-25 21:43:32 	 [DEBUG] 	 <client_heartbeat.go:9>  	 heartBeet
2018-05-25 21:43:40 	 [DEBUG] 	 <protocol.go:134>  	 sock read error:EOF
2018-05-25 21:43:40 	 [DEBUG] 	 <client.go:83>  	 EOFconnect offline
2018-05-25 21:43:40 	 [DEBUG] 	 <client.go:148>  	 close client:10001, d5f75fbc-4f64-4f78-b320-2ca770847800
2018-05-25 21:43:40 	 [DEBUG] 	 <client.go:112>  	 client: d5f75fbc-4f64-4f78-b320-2ca770847800 10001 socket closed
2018-05-25 21:43:46 	 [DEBUG] 	 <tcp.go:32>  	 新连接地址为:[127.0.0.1:55052]
2018-05-25 21:45:32 	 [DEBUG] 	 <client_heartbeat.go:9>  	 heartBeet
2018-05-25 21:45:44 	 [DEBUG] 	 <protocol.go:134>  	 sock read error:EOF
2018-05-25 21:45:44 	 [DEBUG] 	 <client.go:83>  	 EOFconnect offline
2018-05-25 21:45:44 	 [DEBUG] 	 <client.go:148>  	 close client:10001, d5f75fbc-4f64-4f78-b320-2ca770847800
2018-05-25 21:45:44 	 [DEBUG] 	 <client.go:112>  	 client: d5f75fbc-4f64-4f78-b320-2ca770847800 10001 socket closed
2018-05-25 21:45:46 	 [DEBUG] 	 <protocol.go:134>  	 sock read error:EOF
2018-05-25 21:45:46 	 [DEBUG] 	 <client.go:83>  	 EOFconnect offline
2018-05-25 21:45:46 	 [DEBUG] 	 <client.go:148>  	 close client:10002, 80d07eb7-09d5-4332-aa4d-01990a291dfd
2018-05-25 21:45:46 	 [DEBUG] 	 <client.go:112>  	 client: 80d07eb7-09d5-4332-aa4d-01990a291dfd 10002 socket closed
2018-05-25 21:46:00 	 [DEBUG] 	 <tcp.go:32>  	 新连接地址为:[127.0.0.1:55099]
2018-05-25 21:46:11 	 [DEBUG] 	 <protocol.go:134>  	 sock read error:EOF
2018-05-25 21:46:11 	 [DEBUG] 	 <client.go:83>  	 EOFconnect offline
2018-05-25 21:46:11 	 [DEBUG] 	 <client.go:148>  	 close client:10001, d5f75fbc-4f64-4f78-b320-2ca770847800
2018-05-25 21:46:11 	 [DEBUG] 	 <client.go:112>  	 client: d5f75fbc-4f64-4f78-b320-2ca770847800 10001 socket closed
