2018-05-22 10:27:00 	 [DEBUG] 	 <tcp.go:32>  	 新连接地址为:[127.0.0.1:51916]
2018-05-22 10:28:45 	 [DEBUG] 	 <client_heartbeat.go:9>  	 heartBeet
2018-05-22 10:30:45 	 [DEBUG] 	 <client_heartbeat.go:9>  	 heartBeet
2018-05-22 10:32:45 	 [DEBUG] 	 <client_heartbeat.go:9>  	 heartBeet
2018-05-22 10:34:45 	 [DEBUG] 	 <client_heartbeat.go:9>  	 heartBeet
2018-05-22 10:36:47 	 [DEBUG] 	 <client_heartbeat.go:9>  	 heartBeet
2018-05-22 10:38:47 	 [DEBUG] 	 <client_heartbeat.go:9>  	 heartBeet
2018-05-22 10:40:45 	 [DEBUG] 	 <client_heartbeat.go:9>  	 heartBeet
2018-05-22 10:42:45 	 [DEBUG] 	 <client_heartbeat.go:9>  	 heartBeet
2018-05-22 10:43:39 	 [DEBUG] 	 <protocol.go:134>  	 sock read error:EOF
2018-05-22 10:43:39 	 [DEBUG] 	 <client.go:83>  	 EOFconnect offline
2018-05-22 10:43:39 	 [DEBUG] 	 <client.go:148>  	 close client:10001, d5f75fbc-4f64-4f78-b320-2ca770847800
2018-05-22 10:43:39 	 [DEBUG] 	 <client.go:112>  	 client: d5f75fbc-4f64-4f78-b320-2ca770847800 10001 socket closed
2018-05-22 10:46:13 	 [DEBUG] 	 <tcp.go:32>  	 新连接地址为:[192.168.31.41:50500]
2018-05-22 10:46:14 	 [DEBUG] 	 <protocol.go:134>  	 sock read error:EOF
2018-05-22 10:46:14 	 [DEBUG] 	 <client.go:83>  	 EOFconnect offline
2018-05-22 10:46:14 	 [DEBUG] 	 <client.go:148>  	 close client:10001, d5f75fbc-4f64-4f78-b320-2ca770847800
2018-05-22 10:46:14 	 [DEBUG] 	 <client.go:112>  	 client: d5f75fbc-4f64-4f78-b320-2ca770847800 10001 socket closed
2018-05-22 10:46:25 	 [DEBUG] 	 <tcp.go:32>  	 新连接地址为:[192.168.31.41:50501]
2018-05-22 10:46:47 	 [DEBUG] 	 <protocol.go:134>  	 sock read error:EOF
2018-05-22 10:46:47 	 [DEBUG] 	 <client.go:83>  	 EOFconnect offline
2018-05-22 10:46:47 	 [DEBUG] 	 <client.go:148>  	 close client:10002, 80d07eb7-09d5-4332-aa4d-01990a291dfd
2018-05-22 10:46:47 	 [DEBUG] 	 <client.go:112>  	 client: 80d07eb7-09d5-4332-aa4d-01990a291dfd 10002 socket closed
2018-05-22 10:47:00 	 [DEBUG] 	 <tcp.go:32>  	 新连接地址为:[192.168.31.41:50502]
2018-05-22 10:47:00 	 [DEBUG] 	 <client_im.go:98>  	 offline msg :sender:10002,receiver:10002,timestamp:1526957202,msgId:10531,body:{"type":1,"uuid":"DFBBC0BF-F7F4-4564-B194-6D4E68686DC7"}
2018-05-22 10:47:01 	 [DEBUG] 	 <protocol.go:134>  	 sock read error:EOF
2018-05-22 10:47:01 	 [DEBUG] 	 <client.go:83>  	 EOFconnect offline
2018-05-22 10:47:01 	 [DEBUG] 	 <client.go:148>  	 close client:10002, 80d07eb7-09d5-4332-aa4d-01990a291dfd
2018-05-22 10:47:01 	 [DEBUG] 	 <client.go:112>  	 client: 80d07eb7-09d5-4332-aa4d-01990a291dfd 10002 socket closed
2018-05-22 10:47:07 	 [DEBUG] 	 <tcp.go:32>  	 新连接地址为:[192.168.31.41:50517]
2018-05-22 10:47:07 	 [DEBUG] 	 <client_im.go:98>  	 offline msg :sender:10002,receiver:10002,timestamp:1526957221,msgId:10532,body:{"type":20,"uuid":"49EB231E-E59F-4145-A032-ADF323B0DBE8"}
2018-05-22 10:47:10 	 [DEBUG] 	 <tcp.go:32>  	 新连接地址为:[127.0.0.1:52397]
2018-05-22 10:48:08 	 [DEBUG] 	 <protocol.go:134>  	 sock read error:EOF
2018-05-22 10:48:08 	 [DEBUG] 	 <client.go:83>  	 EOFconnect offline
2018-05-22 10:48:08 	 [DEBUG] 	 <client.go:148>  	 close client:10001, d5f75fbc-4f64-4f78-b320-2ca770847800
2018-05-22 10:48:08 	 [DEBUG] 	 <client.go:112>  	 client: d5f75fbc-4f64-4f78-b320-2ca770847800 10001 socket closed
2018-05-22 10:48:13 	 [DEBUG] 	 <protocol.go:134>  	 sock read error:EOF
2018-05-22 10:48:13 	 [DEBUG] 	 <client.go:83>  	 EOFconnect offline
2018-05-22 10:48:13 	 [DEBUG] 	 <client.go:148>  	 close client:10002, 80d07eb7-09d5-4332-aa4d-01990a291dfd
2018-05-22 10:48:13 	 [DEBUG] 	 <client.go:112>  	 client: 80d07eb7-09d5-4332-aa4d-01990a291dfd 10002 socket closed
2018-05-22 10:48:33 	 [DEBUG] 	 <tcp.go:32>  	 新连接地址为:[192.168.31.41:50737]
2018-05-22 10:48:33 	 [DEBUG] 	 <client_im.go:98>  	 offline msg :sender:10002,receiver:10002,timestamp:1526957243,msgId:10533,body:{"type":1,"uuid":"60BA64AB-E5CE-4045-9FAF-7C9AED1B9332"}
2018-05-22 10:48:33 	 [DEBUG] 	 <client_im.go:98>  	 offline msg :sender:10002,receiver:10002,timestamp:1526957250,msgId:10534,body:{"type":1,"uuid":"329D29F6-19A8-4B92-9EA4-AA1056A883C4"}
2018-05-22 10:48:33 	 [DEBUG] 	 <client_im.go:98>  	 offline msg :sender:10002,receiver:10002,timestamp:1526957251,msgId:10535,body:{"type":1,"uuid":"DC26B80D-9C82-4151-86BA-31B33A276AB1"}
2018-05-22 10:48:33 	 [DEBUG] 	 <client_im.go:98>  	 offline msg :sender:10002,receiver:10002,timestamp:1526957252,msgId:10536,body:{"type":1,"uuid":"A90D5C19-1499-4C0B-8EC1-F788CE8F2D52"}
2018-05-22 10:48:33 	 [DEBUG] 	 <client_im.go:98>  	 offline msg :sender:10002,receiver:10002,timestamp:1526957252,msgId:10537,body:{"type":1,"uuid":"E42F37F2-AE34-4EE8-8D4C-2F428D45E996"}
2018-05-22 10:48:33 	 [DEBUG] 	 <client_im.go:98>  	 offline msg :sender:10002,receiver:10002,timestamp:1526957253,msgId:10538,body:{"type":1,"uuid":"E8C41CE2-AB3C-4268-B7F4-7F9C9FA84257"}
2018-05-22 10:48:33 	 [DEBUG] 	 <client_im.go:98>  	 offline msg :sender:10002,receiver:10002,timestamp:1526957253,msgId:10539,body:{"type":1,"uuid":"6171AA34-8935-43B3-B97F-4710925AC710"}
2018-05-22 10:48:46 	 [DEBUG] 	 <connection.go:106>  	 TODO(need offline push )can't send message, appid:10 uid:100001 cmd:4
2018-05-22 10:48:52 	 [DEBUG] 	 <protocol.go:134>  	 sock read error:EOF
2018-05-22 10:48:52 	 [DEBUG] 	 <client.go:83>  	 EOFconnect offline
2018-05-22 10:48:52 	 [DEBUG] 	 <client.go:148>  	 close client:10002, 80d07eb7-09d5-4332-aa4d-01990a291dfd
2018-05-22 10:48:52 	 [DEBUG] 	 <client.go:112>  	 client: 80d07eb7-09d5-4332-aa4d-01990a291dfd 10002 socket closed
2018-05-22 10:49:06 	 [DEBUG] 	 <tcp.go:32>  	 新连接地址为:[127.0.0.1:52441]
2018-05-22 10:49:22 	 [DEBUG] 	 <tcp.go:32>  	 新连接地址为:[192.168.31.41:50738]
2018-05-22 10:49:22 	 [DEBUG] 	 <client_im.go:98>  	 offline msg :sender:10002,receiver:10002,timestamp:1526957319,msgId:10540,body:{"type":20,"uuid":"55FB4BE1-C50C-409C-8217-2467459268ED"}
2018-05-22 10:49:22 	 [DEBUG] 	 <client_im.go:98>  	 offline msg :sender:10002,receiver:10002,timestamp:1526957319,msgId:10541,body:{"type":20,"uuid":"3C4E7FF6-1894-48B9-AB5F-D449847E1468"}
2018-05-22 10:49:22 	 [DEBUG] 	 <client_im.go:98>  	 offline msg :sender:10002,receiver:10002,timestamp:1526957319,msgId:10542,body:{"type":20,"uuid":"E18FBDB6-DE49-4B14-820E-151809EF8BAB"}
2018-05-22 10:49:22 	 [DEBUG] 	 <client_im.go:98>  	 offline msg :sender:10002,receiver:10002,timestamp:1526957319,msgId:10543,body:{"type":20,"uuid":"1820408E-E1A2-4192-AADC-76202CF92939"}
2018-05-22 10:49:22 	 [DEBUG] 	 <client_im.go:98>  	 offline msg :sender:10002,receiver:10002,timestamp:1526957319,msgId:10544,body:{"type":20,"uuid":"C51423A1-9C70-4B40-8AC1-DD2A10A14DA9"}
2018-05-22 10:49:22 	 [DEBUG] 	 <client_im.go:98>  	 offline msg :sender:10002,receiver:10002,timestamp:1526957319,msgId:10545,body:{"type":20,"uuid":"040AF0EA-C9EB-40FD-9DEA-B2422B0669DA"}
2018-05-22 10:49:22 	 [DEBUG] 	 <client_im.go:98>  	 offline msg :sender:10002,receiver:10002,timestamp:1526957319,msgId:10546,body:{"type":20,"uuid":"A0623DDC-AC28-4FD2-971D-ED94BB6F90ED"}
2018-05-22 10:49:23 	 [DEBUG] 	 <connection.go:106>  	 TODO(need offline push )can't send message, appid:10 uid:100001 cmd:4
2018-05-22 10:49:33 	 [DEBUG] 	 <protocol.go:134>  	 sock read error:EOF
2018-05-22 10:49:33 	 [DEBUG] 	 <client.go:83>  	 EOFconnect offline
2018-05-22 10:49:33 	 [DEBUG] 	 <client.go:148>  	 close client:10001, d5f75fbc-4f64-4f78-b320-2ca770847800
2018-05-22 10:49:33 	 [DEBUG] 	 <client.go:112>  	 client: d5f75fbc-4f64-4f78-b320-2ca770847800 10001 socket closed
2018-05-22 10:49:34 	 [DEBUG] 	 <tcp.go:32>  	 新连接地址为:[127.0.0.1:52470]
2018-05-22 10:49:41 	 [DEBUG] 	 <connection.go:106>  	 TODO(need offline push )can't send message, appid:10 uid:100001 cmd:4
2018-05-22 10:49:58 	 [DEBUG] 	 <connection.go:106>  	 TODO(need offline push )can't send message, appid:10 uid:100001 cmd:4
2018-05-22 10:50:17 	 [DEBUG] 	 <protocol.go:134>  	 sock read error:EOF
2018-05-22 10:50:17 	 [DEBUG] 	 <client.go:83>  	 EOFconnect offline
2018-05-22 10:50:17 	 [DEBUG] 	 <client.go:148>  	 close client:10001, d5f75fbc-4f64-4f78-b320-2ca770847800
2018-05-22 10:50:17 	 [DEBUG] 	 <client.go:112>  	 client: d5f75fbc-4f64-4f78-b320-2ca770847800 10001 socket closed
2018-05-22 10:50:32 	 [DEBUG] 	 <tcp.go:32>  	 新连接地址为:[127.0.0.1:52531]
2018-05-22 10:50:36 	 [DEBUG] 	 <connection.go:106>  	 TODO(need offline push )can't send message, appid:10 uid:10001 cmd:4
2018-05-22 10:50:44 	 [DEBUG] 	 <tcp.go:32>  	 新连接地址为:[127.0.0.1:52533]
2018-05-22 10:50:44 	 [DEBUG] 	 <client_im.go:98>  	 offline msg :sender:10002,receiver:10001,timestamp:1526957436,msgId:10551,body:{"type" : 1,"text" : "hello"}
2018-05-22 10:50:47 	 [ERROR] 	 <ack_handle.go:17>  	 error未有记录被修改MessageACK=>msgId:10552
2018-05-22 10:50:58 	 [DEBUG] 	 <protocol.go:134>  	 sock read error:EOF
2018-05-22 10:50:58 	 [DEBUG] 	 <client.go:83>  	 EOFconnect offline
2018-05-22 10:50:58 	 [DEBUG] 	 <client.go:148>  	 close client:10002, 80d07eb7-09d5-4332-aa4d-01990a291dfd
2018-05-22 10:50:58 	 [DEBUG] 	 <client.go:112>  	 client: 80d07eb7-09d5-4332-aa4d-01990a291dfd 10002 socket closed
2018-05-22 10:51:10 	 [DEBUG] 	 <protocol.go:134>  	 sock read error:EOF
2018-05-22 10:51:10 	 [DEBUG] 	 <client.go:83>  	 EOFconnect offline
2018-05-22 10:51:10 	 [DEBUG] 	 <client.go:148>  	 close client:10001, d5f75fbc-4f64-4f78-b320-2ca770847800
2018-05-22 10:51:10 	 [DEBUG] 	 <client.go:112>  	 client: d5f75fbc-4f64-4f78-b320-2ca770847800 10001 socket closed
2018-05-22 10:51:37 	 [DEBUG] 	 <tcp.go:32>  	 新连接地址为:[127.0.0.1:52571]
2018-05-22 10:52:09 	 [DEBUG] 	 <tcp.go:32>  	 新连接地址为:[192.168.31.41:50829]
2018-05-22 10:53:12 	 [DEBUG] 	 <protocol.go:134>  	 sock read error:EOF
2018-05-22 10:53:12 	 [DEBUG] 	 <client.go:83>  	 EOFconnect offline
2018-05-22 10:53:12 	 [DEBUG] 	 <client.go:148>  	 close client:10002, 80d07eb7-09d5-4332-aa4d-01990a291dfd
2018-05-22 10:53:12 	 [DEBUG] 	 <client.go:112>  	 client: 80d07eb7-09d5-4332-aa4d-01990a291dfd 10002 socket closed
2018-05-22 10:54:14 	 [DEBUG] 	 <client_heartbeat.go:9>  	 heartBeet
2018-05-22 10:54:54 	 [DEBUG] 	 <tcp.go:32>  	 新连接地址为:[192.168.31.41:50834]
2018-05-22 10:54:54 	 [DEBUG] 	 <client_heartbeat.go:9>  	 heartBeet
2018-05-22 10:55:57 	 [DEBUG] 	 <client_heartbeat.go:9>  	 heartBeet
2018-05-22 10:56:11 	 [DEBUG] 	 <protocol.go:134>  	 sock read error:EOF
2018-05-22 10:56:11 	 [DEBUG] 	 <client.go:83>  	 EOFconnect offline
2018-05-22 10:56:11 	 [DEBUG] 	 <client.go:148>  	 close client:10002, 80d07eb7-09d5-4332-aa4d-01990a291dfd
2018-05-22 10:56:11 	 [DEBUG] 	 <client.go:112>  	 client: 80d07eb7-09d5-4332-aa4d-01990a291dfd 10002 socket closed
2018-05-22 10:56:48 	 [DEBUG] 	 <protocol.go:134>  	 sock read error:EOF
2018-05-22 10:56:48 	 [DEBUG] 	 <client.go:83>  	 EOFconnect offline
2018-05-22 10:56:48 	 [DEBUG] 	 <client.go:148>  	 close client:10001, d5f75fbc-4f64-4f78-b320-2ca770847800
2018-05-22 10:56:48 	 [DEBUG] 	 <client.go:112>  	 client: d5f75fbc-4f64-4f78-b320-2ca770847800 10001 socket closed
2018-05-22 11:00:14 	 [DEBUG] 	 <protocol.go:134>  	 sock read error:read tcp 127.0.0.1:62310->127.0.0.1:52531: i/o timeout
2018-05-22 11:00:14 	 [DEBUG] 	 <client.go:148>  	 close client:10002, 80d07eb7-09d5-4332-aa4d-01990a291dfd
2018-05-22 11:00:14 	 [DEBUG] 	 <client.go:112>  	 client: 80d07eb7-09d5-4332-aa4d-01990a291dfd 10002 socket closed
2018-05-22 11:48:35 	 [DEBUG] 	 <tcp.go:32>  	 新连接地址为:[192.168.31.41:50859]
2018-05-22 11:48:35 	 [DEBUG] 	 <client_heartbeat.go:9>  	 heartBeet
2018-05-22 11:48:43 	 [DEBUG] 	 <tcp.go:32>  	 新连接地址为:[127.0.0.1:54403]
2018-05-22 11:48:43 	 [DEBUG] 	 <client_im.go:98>  	 offline msg :sender:10002,receiver:10001,timestamp:1526957711,msgId:10557,body:{"type":1,"uuid":"08738CD3-0CF8-4425-A5AF-7BD497D993E5"}
2018-05-22 11:49:39 	 [DEBUG] 	 <protocol.go:134>  	 sock read error:EOF
2018-05-22 11:49:39 	 [DEBUG] 	 <client.go:83>  	 EOFconnect offline
2018-05-22 11:49:39 	 [DEBUG] 	 <client.go:148>  	 close client:10002, 80d07eb7-09d5-4332-aa4d-01990a291dfd
2018-05-22 11:49:39 	 [DEBUG] 	 <client.go:112>  	 client: 80d07eb7-09d5-4332-aa4d-01990a291dfd 10002 socket closed
2018-05-22 11:50:43 	 [DEBUG] 	 <client_heartbeat.go:9>  	 heartBeet
2018-05-22 11:50:47 	 [DEBUG] 	 <protocol.go:134>  	 sock read error:EOF
2018-05-22 11:50:47 	 [DEBUG] 	 <client.go:83>  	 EOFconnect offline
2018-05-22 11:50:47 	 [DEBUG] 	 <client.go:148>  	 close client:10001, d5f75fbc-4f64-4f78-b320-2ca770847800
2018-05-22 11:50:47 	 [DEBUG] 	 <client.go:112>  	 client: d5f75fbc-4f64-4f78-b320-2ca770847800 10001 socket closed
2018-05-22 11:51:09 	 [DEBUG] 	 <tcp.go:32>  	 新连接地址为:[192.168.31.41:50955]
2018-05-22 11:51:24 	 [DEBUG] 	 <connection.go:106>  	 TODO(need offline push )can't send message, appid:10 uid:10001 cmd:4
2018-05-22 11:51:45 	 [DEBUG] 	 <protocol.go:134>  	 sock read error:EOF
2018-05-22 11:51:45 	 [DEBUG] 	 <client.go:83>  	 EOFconnect offline
2018-05-22 11:51:45 	 [DEBUG] 	 <client.go:148>  	 close client:10002, 80d07eb7-09d5-4332-aa4d-01990a291dfd
2018-05-22 11:51:45 	 [DEBUG] 	 <client.go:112>  	 client: 80d07eb7-09d5-4332-aa4d-01990a291dfd 10002 socket closed
2018-05-22 11:51:54 	 [DEBUG] 	 <tcp.go:32>  	 新连接地址为:[192.168.31.41:50956]
2018-05-22 11:51:58 	 [DEBUG] 	 <tcp.go:32>  	 新连接地址为:[127.0.0.1:54502]
2018-05-22 11:51:58 	 [DEBUG] 	 <client_im.go:98>  	 offline msg :sender:10002,receiver:10001,timestamp:1526961084,msgId:10561,body:{"type":1,"uuid":"D4C5AF57-5553-4A36-B8BC-931B62FBB812"}
2018-05-22 11:53:10 	 [DEBUG] 	 <protocol.go:134>  	 sock read error:EOF
2018-05-22 11:53:10 	 [DEBUG] 	 <client.go:83>  	 EOFconnect offline
2018-05-22 11:53:10 	 [DEBUG] 	 <client.go:148>  	 close client:10002, 80d07eb7-09d5-4332-aa4d-01990a291dfd
2018-05-22 11:53:10 	 [DEBUG] 	 <client.go:112>  	 client: 80d07eb7-09d5-4332-aa4d-01990a291dfd 10002 socket closed
2018-05-22 11:54:01 	 [DEBUG] 	 <protocol.go:134>  	 sock read error:EOF
2018-05-22 11:54:01 	 [DEBUG] 	 <client.go:83>  	 EOFconnect offline
2018-05-22 11:54:01 	 [DEBUG] 	 <client.go:148>  	 close client:10001, d5f75fbc-4f64-4f78-b320-2ca770847800
2018-05-22 11:54:01 	 [DEBUG] 	 <client.go:112>  	 client: d5f75fbc-4f64-4f78-b320-2ca770847800 10001 socket closed
2018-05-22 11:54:08 	 [DEBUG] 	 <tcp.go:32>  	 新连接地址为:[127.0.0.1:54568]
2018-05-22 11:54:08 	 [DEBUG] 	 <client_im.go:98>  	 offline msg :sender:10002,receiver:10001,timestamp:1526961129,msgId:10563,body:{"type":1,"uuid":"CF76F7F0-C7D5-4905-8393-76758B0991C6"}
2018-05-22 11:54:18 	 [DEBUG] 	 <connection.go:106>  	 TODO(need offline push )can't send message, appid:10 uid:10002 cmd:4
2018-05-22 11:55:46 	 [DEBUG] 	 <protocol.go:134>  	 sock read error:EOF
2018-05-22 11:55:46 	 [DEBUG] 	 <client.go:83>  	 EOFconnect offline
2018-05-22 11:55:46 	 [DEBUG] 	 <client.go:148>  	 close client:10001, d5f75fbc-4f64-4f78-b320-2ca770847800
2018-05-22 11:55:46 	 [DEBUG] 	 <client.go:112>  	 client: d5f75fbc-4f64-4f78-b320-2ca770847800 10001 socket closed
2018-05-22 11:56:16 	 [DEBUG] 	 <tcp.go:32>  	 新连接地址为:[192.168.31.41:50961]
2018-05-22 11:56:16 	 [DEBUG] 	 <client_heartbeat.go:9>  	 heartBeet
2018-05-22 11:56:16 	 [DEBUG] 	 <client_im.go:98>  	 offline msg :sender:10001,receiver:10002,timestamp:1526961258,msgId:10564,body:{"type":20,"uuid":"136A85CF-EBFF-471D-A8C4-033AD2E0FA15"}
2018-05-22 11:56:30 	 [DEBUG] 	 <protocol.go:134>  	 sock read error:EOF
2018-05-22 11:56:30 	 [DEBUG] 	 <client.go:83>  	 EOFconnect offline
2018-05-22 11:56:30 	 [DEBUG] 	 <client.go:148>  	 close client:10002, 80d07eb7-09d5-4332-aa4d-01990a291dfd
2018-05-22 11:56:30 	 [DEBUG] 	 <client.go:112>  	 client: 80d07eb7-09d5-4332-aa4d-01990a291dfd 10002 socket closed
2018-05-22 11:56:34 	 [DEBUG] 	 <tcp.go:32>  	 新连接地址为:[127.0.0.1:54661]
2018-05-22 11:56:39 	 [DEBUG] 	 <tcp.go:32>  	 新连接地址为:[192.168.31.41:51060]
2018-05-22 11:58:34 	 [DEBUG] 	 <client_heartbeat.go:9>  	 heartBeet
2018-05-22 11:58:41 	 [DEBUG] 	 <client_heartbeat.go:9>  	 heartBeet
2018-05-22 11:59:28 	 [DEBUG] 	 <protocol.go:134>  	 sock read error:EOF
2018-05-22 11:59:28 	 [DEBUG] 	 <client.go:83>  	 EOFconnect offline
2018-05-22 11:59:28 	 [DEBUG] 	 <client.go:148>  	 close client:10001, d5f75fbc-4f64-4f78-b320-2ca770847800
2018-05-22 11:59:28 	 [DEBUG] 	 <client.go:112>  	 client: d5f75fbc-4f64-4f78-b320-2ca770847800 10001 socket closed
2018-05-22 11:59:49 	 [DEBUG] 	 <tcp.go:32>  	 新连接地址为:[127.0.0.1:54708]
2018-05-22 12:00:08 	 [DEBUG] 	 <protocol.go:134>  	 sock read error:EOF
2018-05-22 12:00:08 	 [DEBUG] 	 <client.go:83>  	 EOFconnect offline
2018-05-22 12:00:08 	 [DEBUG] 	 <client.go:148>  	 close client:10001, d5f75fbc-4f64-4f78-b320-2ca770847800
2018-05-22 12:00:08 	 [DEBUG] 	 <client.go:112>  	 client: d5f75fbc-4f64-4f78-b320-2ca770847800 10001 socket closed
2018-05-22 12:00:25 	 [DEBUG] 	 <protocol.go:134>  	 sock read error:EOF
2018-05-22 12:00:25 	 [DEBUG] 	 <client.go:83>  	 EOFconnect offline
2018-05-22 12:00:25 	 [DEBUG] 	 <client.go:148>  	 close client:10002, 80d07eb7-09d5-4332-aa4d-01990a291dfd
2018-05-22 12:00:25 	 [DEBUG] 	 <client.go:112>  	 client: 80d07eb7-09d5-4332-aa4d-01990a291dfd 10002 socket closed
2018-05-22 12:00:27 	 [DEBUG] 	 <tcp.go:32>  	 新连接地址为:[127.0.0.1:54716]
2018-05-22 12:00:36 	 [DEBUG] 	 <tcp.go:32>  	 新连接地址为:[192.168.31.41:51153]
2018-05-22 12:02:27 	 [DEBUG] 	 <client_heartbeat.go:9>  	 heartBeet
2018-05-22 12:02:40 	 [DEBUG] 	 <client_heartbeat.go:9>  	 heartBeet
2018-05-22 12:04:51 	 [DEBUG] 	 <client_heartbeat.go:9>  	 heartBeet
2018-05-22 12:05:19 	 [DEBUG] 	 <client_heartbeat.go:9>  	 heartBeet
2018-05-22 12:07:46 	 [DEBUG] 	 <client_heartbeat.go:9>  	 heartBeet
2018-05-22 12:07:51 	 [DEBUG] 	 <client_heartbeat.go:9>  	 heartBeet
2018-05-22 12:08:29 	 [DEBUG] 	 <client_heartbeat.go:9>  	 heartBeet
2018-05-22 12:08:38 	 [DEBUG] 	 <client_heartbeat.go:9>  	 heartBeet
2018-05-22 12:10:27 	 [DEBUG] 	 <client_heartbeat.go:9>  	 heartBeet
2018-05-22 12:10:49 	 [DEBUG] 	 <client_heartbeat.go:9>  	 heartBeet
2018-05-22 12:12:16 	 [DEBUG] 	 <protocol.go:134>  	 sock read error:EOF
2018-05-22 12:12:16 	 [DEBUG] 	 <client.go:83>  	 EOFconnect offline
2018-05-22 12:12:16 	 [DEBUG] 	 <client.go:148>  	 close client:10002, 80d07eb7-09d5-4332-aa4d-01990a291dfd
2018-05-22 12:12:16 	 [DEBUG] 	 <client.go:112>  	 client: 80d07eb7-09d5-4332-aa4d-01990a291dfd 10002 socket closed
2018-05-22 12:12:27 	 [DEBUG] 	 <client_heartbeat.go:9>  	 heartBeet
2018-05-22 12:12:43 	 [DEBUG] 	 <tcp.go:32>  	 新连接地址为:[192.168.31.41:51256]
2018-05-22 12:12:43 	 [DEBUG] 	 <client_im.go:98>  	 offline msg :sender:10001,receiver:10002,timestamp:1526962138,msgId:10572,body:{"ack_msg_id":10571,"ack_uuid":"247E7E46-4D84-48CA-AD08-2D75F4A39DB9","status":2,"type":20,"uuid":"37BBE8E2-7240-4371-8E20-64A33AF1D51A"}
2018-05-22 12:14:27 	 [DEBUG] 	 <client_heartbeat.go:9>  	 heartBeet
2018-05-22 12:15:03 	 [DEBUG] 	 <client_heartbeat.go:9>  	 heartBeet
2018-05-22 12:15:35 	 [DEBUG] 	 <protocol.go:134>  	 sock read error:EOF
2018-05-22 12:15:35 	 [DEBUG] 	 <client.go:83>  	 EOFconnect offline
2018-05-22 12:15:35 	 [DEBUG] 	 <client.go:148>  	 close client:10002, 80d07eb7-09d5-4332-aa4d-01990a291dfd
2018-05-22 12:15:35 	 [DEBUG] 	 <client.go:112>  	 client: 80d07eb7-09d5-4332-aa4d-01990a291dfd 10002 socket closed
2018-05-22 12:15:45 	 [DEBUG] 	 <tcp.go:32>  	 新连接地址为:[192.168.31.41:51349]
2018-05-22 12:16:27 	 [DEBUG] 	 <client_heartbeat.go:9>  	 heartBeet
2018-05-22 12:17:45 	 [DEBUG] 	 <client_heartbeat.go:9>  	 heartBeet
2018-05-22 12:18:27 	 [DEBUG] 	 <client_heartbeat.go:9>  	 heartBeet
2018-05-22 12:18:40 	 [DEBUG] 	 <protocol.go:134>  	 sock read error:read tcp 192.168.31.74:62310->192.168.31.41:51349: read: connection reset by peer
2018-05-22 12:18:40 	 [DEBUG] 	 <client.go:148>  	 close client:10002, 80d07eb7-09d5-4332-aa4d-01990a291dfd
2018-05-22 12:18:40 	 [DEBUG] 	 <client.go:112>  	 client: 80d07eb7-09d5-4332-aa4d-01990a291dfd 10002 socket closed
2018-05-22 12:20:17 	 [DEBUG] 	 <protocol.go:134>  	 sock read error:EOF
2018-05-22 12:20:17 	 [DEBUG] 	 <client.go:83>  	 EOFconnect offline
2018-05-22 12:20:17 	 [DEBUG] 	 <client.go:148>  	 close client:10001, d5f75fbc-4f64-4f78-b320-2ca770847800
2018-05-22 12:20:17 	 [DEBUG] 	 <client.go:112>  	 client: d5f75fbc-4f64-4f78-b320-2ca770847800 10001 socket closed
2018-05-22 12:21:41 	 [DEBUG] 	 <tcp.go:32>  	 新连接地址为:[127.0.0.1:55372]
2018-05-22 12:21:42 	 [DEBUG] 	 <tcp.go:32>  	 新连接地址为:[192.168.31.41:51500]
2018-05-22 12:21:42 	 [DEBUG] 	 <client_im.go:98>  	 offline msg :sender:10001,receiver:10002,timestamp:1526962606,msgId:10580,body:{"ack_msg_id":10579,"ack_uuid":"5B2D8182-BE6D-4504-8EF0-35F952CA0960","status":2,"type":20,"uuid":"18EDA41A-6474-4D90-95D7-926CFBFA384C"}
2018-05-22 12:22:14 	 [DEBUG] 	 <protocol.go:134>  	 sock read error:EOF
2018-05-22 12:22:14 	 [DEBUG] 	 <client.go:83>  	 EOFconnect offline
2018-05-22 12:22:14 	 [DEBUG] 	 <client.go:148>  	 close client:10002, 80d07eb7-09d5-4332-aa4d-01990a291dfd
2018-05-22 12:22:14 	 [DEBUG] 	 <client.go:112>  	 client: 80d07eb7-09d5-4332-aa4d-01990a291dfd 10002 socket closed
2018-05-22 12:22:21 	 [DEBUG] 	 <tcp.go:32>  	 新连接地址为:[192.168.31.41:51605]
2018-05-22 12:22:21 	 [DEBUG] 	 <client_im.go:98>  	 offline msg :sender:10001,receiver:10002,timestamp:1526962606,msgId:10580,body:{"ack_msg_id":10579,"ack_uuid":"5B2D8182-BE6D-4504-8EF0-35F952CA0960","status":2,"type":20,"uuid":"18EDA41A-6474-4D90-95D7-926CFBFA384C"}
2018-05-22 12:22:43 	 [DEBUG] 	 <protocol.go:134>  	 sock read error:EOF
2018-05-22 12:22:43 	 [DEBUG] 	 <client.go:83>  	 EOFconnect offline
2018-05-22 12:22:43 	 [DEBUG] 	 <client.go:148>  	 close client:10002, 80d07eb7-09d5-4332-aa4d-01990a291dfd
2018-05-22 12:22:43 	 [DEBUG] 	 <client.go:112>  	 client: 80d07eb7-09d5-4332-aa4d-01990a291dfd 10002 socket closed
2018-05-22 12:22:57 	 [DEBUG] 	 <tcp.go:32>  	 新连接地址为:[192.168.31.41:51693]
2018-05-22 12:23:42 	 [DEBUG] 	 <client_heartbeat.go:9>  	 heartBeet
2018-05-22 12:24:59 	 [DEBUG] 	 <client_heartbeat.go:9>  	 heartBeet
2018-05-22 12:25:41 	 [DEBUG] 	 <client_heartbeat.go:9>  	 heartBeet
2018-05-22 12:26:59 	 [DEBUG] 	 <client_heartbeat.go:9>  	 heartBeet
2018-05-22 12:27:40 	 [DEBUG] 	 <protocol.go:134>  	 sock read error:EOF
2018-05-22 12:27:40 	 [DEBUG] 	 <client.go:83>  	 EOFconnect offline
2018-05-22 12:27:40 	 [DEBUG] 	 <client.go:148>  	 close client:10002, 80d07eb7-09d5-4332-aa4d-01990a291dfd
2018-05-22 12:27:40 	 [DEBUG] 	 <client.go:112>  	 client: 80d07eb7-09d5-4332-aa4d-01990a291dfd 10002 socket closed
2018-05-22 12:27:41 	 [DEBUG] 	 <client_heartbeat.go:9>  	 heartBeet
2018-05-22 12:27:59 	 [DEBUG] 	 <tcp.go:32>  	 新连接地址为:[192.168.31.41:51783]
2018-05-22 12:29:44 	 [DEBUG] 	 <client_heartbeat.go:9>  	 heartBeet
2018-05-22 12:31:44 	 [DEBUG] 	 <client_heartbeat.go:9>  	 heartBeet
2018-05-22 12:33:41 	 [DEBUG] 	 <client_heartbeat.go:9>  	 heartBeet
2018-05-22 12:33:43 	 [DEBUG] 	 <protocol.go:134>  	 sock read error:EOF
2018-05-22 12:33:43 	 [DEBUG] 	 <client.go:83>  	 EOFconnect offline
2018-05-22 12:33:43 	 [DEBUG] 	 <client.go:148>  	 close client:10001, d5f75fbc-4f64-4f78-b320-2ca770847800
2018-05-22 12:33:43 	 [DEBUG] 	 <client.go:112>  	 client: d5f75fbc-4f64-4f78-b320-2ca770847800 10001 socket closed
2018-05-22 12:33:45 	 [DEBUG] 	 <protocol.go:134>  	 sock read error:EOF
2018-05-22 12:33:45 	 [DEBUG] 	 <client.go:83>  	 EOFconnect offline
2018-05-22 12:33:45 	 [DEBUG] 	 <client.go:148>  	 close client:10002, 80d07eb7-09d5-4332-aa4d-01990a291dfd
2018-05-22 12:33:45 	 [DEBUG] 	 <client.go:112>  	 client: 80d07eb7-09d5-4332-aa4d-01990a291dfd 10002 socket closed
2018-05-22 12:40:00 	 [DEBUG] 	 <tcp.go:32>  	 新连接地址为:[127.0.0.1:55907]
2018-05-22 12:40:21 	 [DEBUG] 	 <connection.go:106>  	 TODO(need offline push )can't send message, appid:10 uid:10002 cmd:4
2018-05-22 12:41:27 	 [DEBUG] 	 <connection.go:106>  	 TODO(need offline push )can't send message, appid:10 uid:10002 cmd:4
2018-05-22 12:41:57 	 [DEBUG] 	 <protocol.go:134>  	 sock read error:EOF
2018-05-22 12:41:57 	 [DEBUG] 	 <client.go:83>  	 EOFconnect offline
2018-05-22 12:41:57 	 [DEBUG] 	 <client.go:148>  	 close client:10001, d5f75fbc-4f64-4f78-b320-2ca770847800
2018-05-22 12:41:57 	 [DEBUG] 	 <client.go:112>  	 client: d5f75fbc-4f64-4f78-b320-2ca770847800 10001 socket closed
2018-05-22 12:43:21 	 [DEBUG] 	 <tcp.go:32>  	 新连接地址为:[127.0.0.1:56009]
2018-05-22 12:43:24 	 [DEBUG] 	 <tcp.go:32>  	 新连接地址为:[192.168.31.41:51995]
2018-05-22 12:43:25 	 [DEBUG] 	 <client_im.go:98>  	 offline msg :sender:10001,receiver:10002,timestamp:1526964021,msgId:10581,body:{"text":"hello","type":1,"uuid":"42C21AAC-B5BE-4876-957D-493B9AD173F5"}
2018-05-22 12:43:25 	 [DEBUG] 	 <client_im.go:98>  	 offline msg :sender:10001,receiver:10002,timestamp:1526964087,msgId:10582,body:{"text":"hello","type":1,"uuid":"D6D5E2CB-1368-4460-AF36-D2317F33E136"}
2018-05-22 12:45:27 	 [DEBUG] 	 <client_heartbeat.go:9>  	 heartBeet
2018-05-22 12:46:32 	 [DEBUG] 	 <client_heartbeat.go:9>  	 heartBeet
2018-05-22 12:47:04 	 [DEBUG] 	 <protocol.go:134>  	 sock read error:EOF
2018-05-22 12:47:04 	 [DEBUG] 	 <client.go:83>  	 EOFconnect offline
2018-05-22 12:47:04 	 [DEBUG] 	 <client.go:148>  	 close client:10001, d5f75fbc-4f64-4f78-b320-2ca770847800
2018-05-22 12:47:04 	 [DEBUG] 	 <client.go:112>  	 client: d5f75fbc-4f64-4f78-b320-2ca770847800 10001 socket closed
2018-05-22 12:47:11 	 [DEBUG] 	 <tcp.go:32>  	 新连接地址为:[127.0.0.1:56080]
2018-05-22 12:47:27 	 [DEBUG] 	 <client_heartbeat.go:9>  	 heartBeet
2018-05-22 12:49:25 	 [DEBUG] 	 <client_heartbeat.go:9>  	 heartBeet
2018-05-22 12:49:27 	 [DEBUG] 	 <client_heartbeat.go:9>  	 heartBeet
2018-05-22 12:51:27 	 [DEBUG] 	 <client_heartbeat.go:9>  	 heartBeet
2018-05-22 12:51:36 	 [DEBUG] 	 <client_heartbeat.go:9>  	 heartBeet
2018-05-22 12:53:13 	 [DEBUG] 	 <client_heartbeat.go:9>  	 heartBeet
2018-05-22 12:53:27 	 [DEBUG] 	 <client_heartbeat.go:9>  	 heartBeet
2018-05-22 12:55:11 	 [DEBUG] 	 <client_heartbeat.go:9>  	 heartBeet
2018-05-22 12:55:27 	 [DEBUG] 	 <client_heartbeat.go:9>  	 heartBeet
2018-05-22 12:56:03 	 [DEBUG] 	 <protocol.go:134>  	 sock read error:EOF
2018-05-22 12:56:03 	 [DEBUG] 	 <client.go:83>  	 EOFconnect offline
2018-05-22 12:56:03 	 [DEBUG] 	 <client.go:148>  	 close client:10002, 80d07eb7-09d5-4332-aa4d-01990a291dfd
2018-05-22 12:56:03 	 [DEBUG] 	 <client.go:112>  	 client: 80d07eb7-09d5-4332-aa4d-01990a291dfd 10002 socket closed
2018-05-22 12:57:13 	 [DEBUG] 	 <client_heartbeat.go:9>  	 heartBeet
2018-05-22 12:59:13 	 [DEBUG] 	 <client_heartbeat.go:9>  	 heartBeet
2018-05-22 13:01:11 	 [DEBUG] 	 <client_heartbeat.go:9>  	 heartBeet
2018-05-22 13:03:11 	 [DEBUG] 	 <client_heartbeat.go:9>  	 heartBeet
2018-05-22 13:05:11 	 [DEBUG] 	 <client_heartbeat.go:9>  	 heartBeet
2018-05-22 13:07:11 	 [DEBUG] 	 <client_heartbeat.go:9>  	 heartBeet
2018-05-22 13:09:13 	 [DEBUG] 	 <client_heartbeat.go:9>  	 heartBeet
2018-05-22 13:11:11 	 [DEBUG] 	 <client_heartbeat.go:9>  	 heartBeet
2018-05-22 13:13:11 	 [DEBUG] 	 <client_heartbeat.go:9>  	 heartBeet
2018-05-22 13:15:11 	 [DEBUG] 	 <client_heartbeat.go:9>  	 heartBeet
2018-05-22 13:17:14 	 [DEBUG] 	 <client_heartbeat.go:9>  	 heartBeet
2018-05-22 13:19:13 	 [DEBUG] 	 <client_heartbeat.go:9>  	 heartBeet
2018-05-22 13:21:13 	 [DEBUG] 	 <client_heartbeat.go:9>  	 heartBeet
2018-05-22 13:23:11 	 [DEBUG] 	 <client_heartbeat.go:9>  	 heartBeet
2018-05-22 13:25:13 	 [DEBUG] 	 <client_heartbeat.go:9>  	 heartBeet
2018-05-22 13:27:13 	 [DEBUG] 	 <client_heartbeat.go:9>  	 heartBeet
2018-05-22 13:29:13 	 [DEBUG] 	 <client_heartbeat.go:9>  	 heartBeet
2018-05-22 13:31:13 	 [DEBUG] 	 <client_heartbeat.go:9>  	 heartBeet
2018-05-22 13:33:13 	 [DEBUG] 	 <client_heartbeat.go:9>  	 heartBeet
2018-05-22 13:35:11 	 [DEBUG] 	 <client_heartbeat.go:9>  	 heartBeet
2018-05-22 13:37:13 	 [DEBUG] 	 <client_heartbeat.go:9>  	 heartBeet
2018-05-22 13:39:13 	 [DEBUG] 	 <client_heartbeat.go:9>  	 heartBeet
2018-05-22 13:41:13 	 [DEBUG] 	 <client_heartbeat.go:9>  	 heartBeet
2018-05-22 13:41:46 	 [DEBUG] 	 <connection.go:106>  	 TODO(need offline push )can't send message, appid:10 uid:10002 cmd:4
2018-05-22 13:41:59 	 [DEBUG] 	 <tcp.go:32>  	 新连接地址为:[192.168.31.41:52007]
2018-05-22 13:41:59 	 [DEBUG] 	 <client_heartbeat.go:9>  	 heartBeet
2018-05-22 13:41:59 	 [DEBUG] 	 <client_im.go:98>  	 offline msg :sender:10001,receiver:10002,timestamp:1526967706,msgId:10595,body:{"text":"hello","type":1,"uuid":"63F92E98-881B-49A2-972D-219B936D1306"}
2018-05-22 13:43:11 	 [DEBUG] 	 <client_heartbeat.go:9>  	 heartBeet
2018-05-22 13:43:27 	 [DEBUG] 	 <client_heartbeat.go:9>  	 heartBeet
2018-05-22 13:45:11 	 [DEBUG] 	 <client_heartbeat.go:9>  	 heartBeet
2018-05-22 13:45:27 	 [DEBUG] 	 <client_heartbeat.go:9>  	 heartBeet
2018-05-22 13:47:11 	 [DEBUG] 	 <client_heartbeat.go:9>  	 heartBeet
2018-05-22 13:47:30 	 [DEBUG] 	 <client_heartbeat.go:9>  	 heartBeet
2018-05-22 13:49:13 	 [DEBUG] 	 <client_heartbeat.go:9>  	 heartBeet
2018-05-22 13:49:27 	 [DEBUG] 	 <client_heartbeat.go:9>  	 heartBeet
2018-05-22 13:51:11 	 [DEBUG] 	 <client_heartbeat.go:9>  	 heartBeet
2018-05-22 13:51:27 	 [DEBUG] 	 <client_heartbeat.go:9>  	 heartBeet
2018-05-22 13:53:11 	 [DEBUG] 	 <client_heartbeat.go:9>  	 heartBeet
2018-05-22 13:53:14 	 [DEBUG] 	 <protocol.go:134>  	 sock read error:EOF
2018-05-22 13:53:14 	 [DEBUG] 	 <client.go:83>  	 EOFconnect offline
2018-05-22 13:53:14 	 [DEBUG] 	 <client.go:148>  	 close client:10002, 80d07eb7-09d5-4332-aa4d-01990a291dfd
2018-05-22 13:53:14 	 [DEBUG] 	 <client.go:112>  	 client: 80d07eb7-09d5-4332-aa4d-01990a291dfd 10002 socket closed
2018-05-22 13:55:11 	 [DEBUG] 	 <client_heartbeat.go:9>  	 heartBeet
2018-05-22 13:57:11 	 [DEBUG] 	 <client_heartbeat.go:9>  	 heartBeet
2018-05-22 13:59:14 	 [DEBUG] 	 <client_heartbeat.go:9>  	 heartBeet
2018-05-22 14:01:11 	 [DEBUG] 	 <client_heartbeat.go:9>  	 heartBeet
2018-05-22 14:03:11 	 [DEBUG] 	 <client_heartbeat.go:9>  	 heartBeet
2018-05-22 14:05:11 	 [DEBUG] 	 <client_heartbeat.go:9>  	 heartBeet
2018-05-22 14:07:14 	 [DEBUG] 	 <client_heartbeat.go:9>  	 heartBeet
2018-05-22 14:09:11 	 [DEBUG] 	 <client_heartbeat.go:9>  	 heartBeet
2018-05-22 14:11:14 	 [DEBUG] 	 <client_heartbeat.go:9>  	 heartBeet
2018-05-22 14:13:14 	 [DEBUG] 	 <client_heartbeat.go:9>  	 heartBeet
2018-05-22 14:15:14 	 [DEBUG] 	 <client_heartbeat.go:9>  	 heartBeet
2018-05-22 14:17:11 	 [DEBUG] 	 <client_heartbeat.go:9>  	 heartBeet
2018-05-22 14:19:11 	 [DEBUG] 	 <client_heartbeat.go:9>  	 heartBeet
2018-05-22 14:21:11 	 [DEBUG] 	 <client_heartbeat.go:9>  	 heartBeet
2018-05-22 14:21:14 	 [DEBUG] 	 <tcp.go:32>  	 新连接地址为:[192.168.31.41:52314]
2018-05-22 14:22:51 	 [DEBUG] 	 <protocol.go:134>  	 sock read error:read tcp 192.168.31.74:62310->192.168.31.41:52314: read: connection reset by peer
2018-05-22 14:22:51 	 [DEBUG] 	 <client.go:148>  	 close client:10002, 80d07eb7-09d5-4332-aa4d-01990a291dfd
2018-05-22 14:22:51 	 [DEBUG] 	 <client.go:112>  	 client: 80d07eb7-09d5-4332-aa4d-01990a291dfd 10002 socket closed
2018-05-22 14:22:58 	 [DEBUG] 	 <tcp.go:32>  	 新连接地址为:[192.168.31.41:52425]
2018-05-22 14:22:58 	 [DEBUG] 	 <client_im.go:98>  	 offline msg :sender:10001,receiver:10002,timestamp:1526970141,msgId:10600,body:{"ack_msg_id":10599,"ack_uuid":"A8EED6CA-540C-4A09-8B4A-3248E1D56247","status":2,"type":20,"uuid":"CF9E95A8-1F07-4194-90CB-96F1ABAB7BE3"}
2018-05-22 14:23:11 	 [DEBUG] 	 <client_heartbeat.go:9>  	 heartBeet
2018-05-22 14:25:01 	 [DEBUG] 	 <client_heartbeat.go:9>  	 heartBeet
2018-05-22 14:25:11 	 [DEBUG] 	 <client_heartbeat.go:9>  	 heartBeet
2018-05-22 14:27:01 	 [DEBUG] 	 <client_heartbeat.go:9>  	 heartBeet
2018-05-22 14:27:11 	 [DEBUG] 	 <client_heartbeat.go:9>  	 heartBeet
2018-05-22 14:29:01 	 [DEBUG] 	 <client_heartbeat.go:9>  	 heartBeet
2018-05-22 14:29:11 	 [DEBUG] 	 <client_heartbeat.go:9>  	 heartBeet
2018-05-22 14:30:31 	 [DEBUG] 	 <protocol.go:134>  	 sock read error:EOF
2018-05-22 14:30:31 	 [DEBUG] 	 <client.go:83>  	 EOFconnect offline
2018-05-22 14:30:31 	 [DEBUG] 	 <client.go:148>  	 close client:10002, 80d07eb7-09d5-4332-aa4d-01990a291dfd
2018-05-22 14:30:31 	 [DEBUG] 	 <client.go:112>  	 client: 80d07eb7-09d5-4332-aa4d-01990a291dfd 10002 socket closed
2018-05-22 14:31:14 	 [DEBUG] 	 <client_heartbeat.go:9>  	 heartBeet
2018-05-22 14:33:11 	 [DEBUG] 	 <client_heartbeat.go:9>  	 heartBeet
2018-05-22 14:33:32 	 [DEBUG] 	 <protocol.go:134>  	 sock read error:EOF
2018-05-22 14:33:32 	 [DEBUG] 	 <client.go:83>  	 EOFconnect offline
2018-05-22 14:33:32 	 [DEBUG] 	 <client.go:148>  	 close client:10001, d5f75fbc-4f64-4f78-b320-2ca770847800
2018-05-22 14:33:32 	 [DEBUG] 	 <client.go:112>  	 client: d5f75fbc-4f64-4f78-b320-2ca770847800 10001 socket closed
2018-05-22 14:34:49 	 [DEBUG] 	 <tcp.go:32>  	 新连接地址为:[127.0.0.1:58465]
2018-05-22 14:35:32 	 [DEBUG] 	 <tcp.go:32>  	 新连接地址为:[192.168.31.41:52429]
2018-05-22 14:36:35 	 [DEBUG] 	 <protocol.go:134>  	 sock read error:EOF
2018-05-22 14:36:35 	 [DEBUG] 	 <client.go:83>  	 EOFconnect offline
2018-05-22 14:36:35 	 [DEBUG] 	 <client.go:148>  	 close client:10002, 80d07eb7-09d5-4332-aa4d-01990a291dfd
2018-05-22 14:36:35 	 [DEBUG] 	 <client.go:112>  	 client: 80d07eb7-09d5-4332-aa4d-01990a291dfd 10002 socket closed
2018-05-22 14:36:49 	 [DEBUG] 	 <client_heartbeat.go:9>  	 heartBeet
2018-05-22 14:38:11 	 [DEBUG] 	 <protocol.go:134>  	 sock read error:EOF
2018-05-22 14:38:11 	 [DEBUG] 	 <client.go:83>  	 EOFconnect offline
2018-05-22 14:38:11 	 [DEBUG] 	 <client.go:148>  	 close client:10001, d5f75fbc-4f64-4f78-b320-2ca770847800
2018-05-22 14:38:11 	 [DEBUG] 	 <client.go:112>  	 client: d5f75fbc-4f64-4f78-b320-2ca770847800 10001 socket closed
2018-05-22 14:38:14 	 [DEBUG] 	 <tcp.go:32>  	 新连接地址为:[192.168.31.41:52433]
2018-05-22 14:38:14 	 [DEBUG] 	 <client_heartbeat.go:9>  	 heartBeet
2018-05-22 14:38:21 	 [DEBUG] 	 <tcp.go:32>  	 新连接地址为:[127.0.0.1:58506]
2018-05-22 14:39:28 	 [DEBUG] 	 <protocol.go:134>  	 sock read error:EOF
2018-05-22 14:39:28 	 [DEBUG] 	 <client.go:83>  	 EOFconnect offline
2018-05-22 14:39:28 	 [DEBUG] 	 <client.go:148>  	 close client:10002, 80d07eb7-09d5-4332-aa4d-01990a291dfd
2018-05-22 14:39:28 	 [DEBUG] 	 <client.go:112>  	 client: 80d07eb7-09d5-4332-aa4d-01990a291dfd 10002 socket closed
2018-05-22 14:40:21 	 [DEBUG] 	 <client_heartbeat.go:9>  	 heartBeet
2018-05-22 14:42:21 	 [DEBUG] 	 <client_heartbeat.go:9>  	 heartBeet
2018-05-22 14:44:06 	 [DEBUG] 	 <tcp.go:32>  	 新连接地址为:[192.168.31.41:52437]
2018-05-22 14:44:06 	 [DEBUG] 	 <client_heartbeat.go:9>  	 heartBeet
2018-05-22 14:44:21 	 [DEBUG] 	 <client_heartbeat.go:9>  	 heartBeet
2018-05-22 14:45:11 	 [DEBUG] 	 <protocol.go:134>  	 sock read error:EOF
2018-05-22 14:45:11 	 [DEBUG] 	 <client.go:83>  	 EOFconnect offline
2018-05-22 14:45:11 	 [DEBUG] 	 <client.go:148>  	 close client:10002, 80d07eb7-09d5-4332-aa4d-01990a291dfd
2018-05-22 14:45:11 	 [DEBUG] 	 <client.go:112>  	 client: 80d07eb7-09d5-4332-aa4d-01990a291dfd 10002 socket closed
2018-05-22 14:46:21 	 [DEBUG] 	 <client_heartbeat.go:9>  	 heartBeet
2018-05-22 14:46:34 	 [DEBUG] 	 <protocol.go:134>  	 sock read error:EOF
2018-05-22 14:46:34 	 [DEBUG] 	 <client.go:83>  	 EOFconnect offline
2018-05-22 14:46:34 	 [DEBUG] 	 <client.go:148>  	 close client:10001, d5f75fbc-4f64-4f78-b320-2ca770847800
2018-05-22 14:46:34 	 [DEBUG] 	 <client.go:112>  	 client: d5f75fbc-4f64-4f78-b320-2ca770847800 10001 socket closed
2018-05-22 14:50:19 	 [DEBUG] 	 <tcp.go:32>  	 新连接地址为:[192.168.31.41:52536]
2018-05-22 14:51:12 	 [DEBUG] 	 <tcp.go:32>  	 新连接地址为:[127.0.0.1:58859]
2018-05-22 14:52:21 	 [DEBUG] 	 <client_heartbeat.go:9>  	 heartBeet
2018-05-22 14:53:12 	 [DEBUG] 	 <client_heartbeat.go:9>  	 heartBeet
2018-05-22 14:54:05 	 [DEBUG] 	 <protocol.go:134>  	 sock read error:EOF
2018-05-22 14:54:05 	 [DEBUG] 	 <client.go:83>  	 EOFconnect offline
2018-05-22 14:54:05 	 [DEBUG] 	 <client.go:148>  	 close client:10002, 80d07eb7-09d5-4332-aa4d-01990a291dfd
2018-05-22 14:54:05 	 [DEBUG] 	 <client.go:112>  	 client: 80d07eb7-09d5-4332-aa4d-01990a291dfd 10002 socket closed
2018-05-22 14:54:14 	 [DEBUG] 	 <protocol.go:134>  	 sock read error:EOF
2018-05-22 14:54:14 	 [DEBUG] 	 <client.go:83>  	 EOFconnect offline
2018-05-22 14:54:14 	 [DEBUG] 	 <client.go:148>  	 close client:10001, d5f75fbc-4f64-4f78-b320-2ca770847800
2018-05-22 14:54:14 	 [DEBUG] 	 <client.go:112>  	 client: d5f75fbc-4f64-4f78-b320-2ca770847800 10001 socket closed
2018-05-22 14:54:24 	 [DEBUG] 	 <tcp.go:32>  	 新连接地址为:[127.0.0.1:58935]
2018-05-22 14:54:35 	 [DEBUG] 	 <tcp.go:32>  	 新连接地址为:[192.168.31.41:52607]
2018-05-22 14:55:37 	 [DEBUG] 	 <protocol.go:134>  	 sock read error:EOF
2018-05-22 14:55:37 	 [DEBUG] 	 <client.go:83>  	 EOFconnect offline
2018-05-22 14:55:37 	 [DEBUG] 	 <client.go:148>  	 close client:10002, 80d07eb7-09d5-4332-aa4d-01990a291dfd
2018-05-22 14:55:37 	 [DEBUG] 	 <client.go:112>  	 client: 80d07eb7-09d5-4332-aa4d-01990a291dfd 10002 socket closed
2018-05-22 14:56:24 	 [DEBUG] 	 <client_heartbeat.go:9>  	 heartBeet
2018-05-22 14:57:26 	 [DEBUG] 	 <protocol.go:134>  	 sock read error:EOF
2018-05-22 14:57:26 	 [DEBUG] 	 <client.go:83>  	 EOFconnect offline
2018-05-22 14:57:26 	 [DEBUG] 	 <client.go:148>  	 close client:10001, d5f75fbc-4f64-4f78-b320-2ca770847800
2018-05-22 14:57:26 	 [DEBUG] 	 <client.go:112>  	 client: d5f75fbc-4f64-4f78-b320-2ca770847800 10001 socket closed
2018-05-22 14:57:38 	 [DEBUG] 	 <tcp.go:32>  	 新连接地址为:[127.0.0.1:59005]
2018-05-22 14:57:57 	 [DEBUG] 	 <tcp.go:32>  	 新连接地址为:[192.168.31.41:52789]
2018-05-22 14:58:06 	 [DEBUG] 	 <protocol.go:134>  	 sock read error:EOF
2018-05-22 14:58:06 	 [DEBUG] 	 <client.go:83>  	 EOFconnect offline
2018-05-22 14:58:06 	 [DEBUG] 	 <client.go:148>  	 close client:10002, 80d07eb7-09d5-4332-aa4d-01990a291dfd
2018-05-22 14:58:06 	 [DEBUG] 	 <client.go:112>  	 client: 80d07eb7-09d5-4332-aa4d-01990a291dfd 10002 socket closed
2018-05-22 14:58:42 	 [DEBUG] 	 <tcp.go:32>  	 新连接地址为:[192.168.31.41:52790]
2018-05-22 14:59:38 	 [DEBUG] 	 <client_heartbeat.go:9>  	 heartBeet
2018-05-22 14:59:58 	 [DEBUG] 	 <protocol.go:134>  	 sock read error:EOF
2018-05-22 14:59:58 	 [DEBUG] 	 <client.go:83>  	 EOFconnect offline
2018-05-22 14:59:58 	 [DEBUG] 	 <client.go:148>  	 close client:10002, 80d07eb7-09d5-4332-aa4d-01990a291dfd
2018-05-22 14:59:58 	 [DEBUG] 	 <client.go:112>  	 client: 80d07eb7-09d5-4332-aa4d-01990a291dfd 10002 socket closed
2018-05-22 15:00:08 	 [DEBUG] 	 <connection.go:106>  	 TODO(need offline push )can't send message, appid:10 uid:10002 cmd:4
2018-05-22 15:00:09 	 [DEBUG] 	 <connection.go:106>  	 TODO(need offline push )can't send message, appid:10 uid:10002 cmd:4
2018-05-22 15:00:09 	 [DEBUG] 	 <connection.go:106>  	 TODO(need offline push )can't send message, appid:10 uid:10002 cmd:4
2018-05-22 15:00:09 	 [DEBUG] 	 <connection.go:106>  	 TODO(need offline push )can't send message, appid:10 uid:10002 cmd:4
2018-05-22 15:00:25 	 [DEBUG] 	 <protocol.go:134>  	 sock read error:EOF
2018-05-22 15:00:25 	 [DEBUG] 	 <client.go:83>  	 EOFconnect offline
2018-05-22 15:00:25 	 [DEBUG] 	 <client.go:148>  	 close client:10001, d5f75fbc-4f64-4f78-b320-2ca770847800
2018-05-22 15:00:25 	 [DEBUG] 	 <client.go:112>  	 client: d5f75fbc-4f64-4f78-b320-2ca770847800 10001 socket closed
2018-05-22 15:00:37 	 [DEBUG] 	 <tcp.go:32>  	 新连接地址为:[127.0.0.1:59037]
2018-05-22 15:00:38 	 [DEBUG] 	 <connection.go:106>  	 TODO(need offline push )can't send message, appid:10 uid:10002 cmd:4
2018-05-22 15:00:38 	 [DEBUG] 	 <connection.go:106>  	 TODO(need offline push )can't send message, appid:10 uid:10002 cmd:4
2018-05-22 15:00:38 	 [DEBUG] 	 <connection.go:106>  	 TODO(need offline push )can't send message, appid:10 uid:10002 cmd:4
2018-05-22 15:02:02 	 [DEBUG] 	 <protocol.go:134>  	 sock read error:EOF
2018-05-22 15:02:02 	 [DEBUG] 	 <client.go:83>  	 EOFconnect offline
2018-05-22 15:02:02 	 [DEBUG] 	 <client.go:148>  	 close client:10001, d5f75fbc-4f64-4f78-b320-2ca770847800
2018-05-22 15:02:02 	 [DEBUG] 	 <client.go:112>  	 client: d5f75fbc-4f64-4f78-b320-2ca770847800 10001 socket closed
2018-05-22 15:02:21 	 [DEBUG] 	 <tcp.go:32>  	 新连接地址为:[127.0.0.1:59082]
2018-05-22 15:02:39 	 [DEBUG] 	 <connection.go:106>  	 TODO(need offline push )can't send message, appid:10 uid:10002 cmd:4
2018-05-22 15:02:44 	 [DEBUG] 	 <tcp.go:32>  	 新连接地址为:[192.168.31.41:52886]
2018-05-22 15:02:44 	 [DEBUG] 	 <client_im.go:98>  	 offline msg :sender:10001,receiver:10002,timestamp:1526972367,msgId:10677,body:{"text":"hello","type":1,"uuid":"412DF613-0D2A-4971-BF3A-3A8E140CC8DC"}
2018-05-22 15:02:44 	 [DEBUG] 	 <client_im.go:98>  	 offline msg :sender:10001,receiver:10002,timestamp:1526972408,msgId:10678,body:{"text":"hello","type":1,"uuid":"BAA26C56-421C-4A22-90E3-2089E0A54924"}
2018-05-22 15:02:44 	 [DEBUG] 	 <client_im.go:98>  	 offline msg :sender:10001,receiver:10002,timestamp:1526972409,msgId:10679,body:{"text":"hello","type":1,"uuid":"E4FFDD84-E851-4EA4-972E-E86BB155B246"}
2018-05-22 15:02:44 	 [DEBUG] 	 <client_im.go:98>  	 offline msg :sender:10001,receiver:10002,timestamp:1526972409,msgId:10680,body:{"text":"hello","type":1,"uuid":"F01077E3-731D-48E2-993B-2FAAA6B96C97"}
2018-05-22 15:02:44 	 [DEBUG] 	 <client_im.go:98>  	 offline msg :sender:10001,receiver:10002,timestamp:1526972409,msgId:10681,body:{"text":"hello","type":1,"uuid":"D051009F-EE30-43DC-B027-B1A893A1ADB7"}
2018-05-22 15:02:44 	 [DEBUG] 	 <client_im.go:98>  	 offline msg :sender:10001,receiver:10002,timestamp:1526972438,msgId:10682,body:{"text":"hello","type":1,"uuid":"009FC430-FCA0-445D-97FA-B675A5507A9F"}
2018-05-22 15:02:44 	 [DEBUG] 	 <client_im.go:98>  	 offline msg :sender:10001,receiver:10002,timestamp:1526972438,msgId:10683,body:{"text":"hello","type":1,"uuid":"95A52E3E-9E8E-4E7A-98A5-2ED8CF51528D"}
2018-05-22 15:02:44 	 [DEBUG] 	 <client_im.go:98>  	 offline msg :sender:10001,receiver:10002,timestamp:1526972438,msgId:10684,body:{"text":"hello","type":1,"uuid":"E15A90A3-2414-4F81-AD57-90700E0A9D50"}
2018-05-22 15:02:44 	 [DEBUG] 	 <client_im.go:98>  	 offline msg :sender:10001,receiver:10002,timestamp:1526972559,msgId:10685,body:{"text":"hello","type":1,"uuid":"6AD15763-5D26-48F4-997A-651D015EB8EA"}
2018-05-22 15:04:21 	 [DEBUG] 	 <client_heartbeat.go:9>  	 heartBeet
2018-05-22 15:04:22 	 [DEBUG] 	 <protocol.go:134>  	 sock read error:EOF
2018-05-22 15:04:22 	 [DEBUG] 	 <client.go:83>  	 EOFconnect offline
2018-05-22 15:04:22 	 [DEBUG] 	 <client.go:148>  	 close client:10002, 80d07eb7-09d5-4332-aa4d-01990a291dfd
2018-05-22 15:04:22 	 [DEBUG] 	 <client.go:112>  	 client: 80d07eb7-09d5-4332-aa4d-01990a291dfd 10002 socket closed
2018-05-22 15:05:01 	 [DEBUG] 	 <tcp.go:32>  	 新连接地址为:[192.168.31.41:52967]
2018-05-22 15:06:21 	 [DEBUG] 	 <client_heartbeat.go:9>  	 heartBeet
2018-05-22 15:07:00 	 [DEBUG] 	 <protocol.go:134>  	 sock read error:read tcp 192.168.31.74:62310->192.168.31.41:52967: read: connection reset by peer
2018-05-22 15:07:00 	 [DEBUG] 	 <client.go:148>  	 close client:10002, 80d07eb7-09d5-4332-aa4d-01990a291dfd
2018-05-22 15:07:00 	 [DEBUG] 	 <client.go:112>  	 client: 80d07eb7-09d5-4332-aa4d-01990a291dfd 10002 socket closed
2018-05-22 15:07:08 	 [DEBUG] 	 <tcp.go:32>  	 新连接地址为:[192.168.31.41:53087]
2018-05-22 15:07:08 	 [DEBUG] 	 <client_im.go:98>  	 offline msg :sender:10001,receiver:10002,timestamp:1526972711,msgId:10708,body:{"ack_msg_id":10707,"ack_uuid":"82330FA4-BFFE-4562-9BA8-EE6A9E330247","status":2,"type":20,"uuid":"F7B8B4E2-1A47-4552-B327-D49979E9BDC1"}
2018-05-22 15:07:38 	 [DEBUG] 	 <protocol.go:134>  	 sock read error:EOF
2018-05-22 15:07:38 	 [DEBUG] 	 <client.go:83>  	 EOFconnect offline
2018-05-22 15:07:38 	 [DEBUG] 	 <client.go:148>  	 close client:10001, d5f75fbc-4f64-4f78-b320-2ca770847800
2018-05-22 15:07:38 	 [DEBUG] 	 <client.go:112>  	 client: d5f75fbc-4f64-4f78-b320-2ca770847800 10001 socket closed
2018-05-22 15:08:07 	 [DEBUG] 	 <tcp.go:32>  	 新连接地址为:[127.0.0.1:59182]
2018-05-22 15:08:20 	 [DEBUG] 	 <protocol.go:134>  	 sock read error:EOF
2018-05-22 15:08:20 	 [DEBUG] 	 <client.go:83>  	 EOFconnect offline
2018-05-22 15:08:20 	 [DEBUG] 	 <client.go:148>  	 close client:10002, 80d07eb7-09d5-4332-aa4d-01990a291dfd
2018-05-22 15:08:20 	 [DEBUG] 	 <client.go:112>  	 client: 80d07eb7-09d5-4332-aa4d-01990a291dfd 10002 socket closed
2018-05-22 15:08:33 	 [DEBUG] 	 <tcp.go:32>  	 新连接地址为:[192.168.31.41:53200]
2018-05-22 15:10:07 	 [DEBUG] 	 <client_heartbeat.go:9>  	 heartBeet
2018-05-22 15:10:36 	 [DEBUG] 	 <client_heartbeat.go:9>  	 heartBeet
2018-05-22 15:12:07 	 [DEBUG] 	 <client_heartbeat.go:9>  	 heartBeet
2018-05-22 15:12:36 	 [DEBUG] 	 <client_heartbeat.go:9>  	 heartBeet
2018-05-22 15:12:48 	 [DEBUG] 	 <protocol.go:134>  	 sock read error:EOF
2018-05-22 15:12:48 	 [DEBUG] 	 <client.go:83>  	 EOFconnect offline
2018-05-22 15:12:48 	 [DEBUG] 	 <client.go:148>  	 close client:10002, 80d07eb7-09d5-4332-aa4d-01990a291dfd
2018-05-22 15:12:48 	 [DEBUG] 	 <client.go:112>  	 client: 80d07eb7-09d5-4332-aa4d-01990a291dfd 10002 socket closed
2018-05-22 15:13:06 	 [DEBUG] 	 <protocol.go:134>  	 sock read error:EOF
2018-05-22 15:13:06 	 [DEBUG] 	 <client.go:83>  	 EOFconnect offline
2018-05-22 15:13:06 	 [DEBUG] 	 <client.go:148>  	 close client:10001, d5f75fbc-4f64-4f78-b320-2ca770847800
2018-05-22 15:13:06 	 [DEBUG] 	 <client.go:112>  	 client: d5f75fbc-4f64-4f78-b320-2ca770847800 10001 socket closed
2018-05-22 15:13:15 	 [DEBUG] 	 <tcp.go:32>  	 新连接地址为:[127.0.0.1:59254]
2018-05-22 15:13:27 	 [DEBUG] 	 <connection.go:106>  	 TODO(need offline push )can't send message, appid:10 uid:10002 cmd:4
2018-05-22 15:13:27 	 [DEBUG] 	 <connection.go:106>  	 TODO(need offline push )can't send message, appid:10 uid:10002 cmd:4
2018-05-22 15:13:28 	 [DEBUG] 	 <connection.go:106>  	 TODO(need offline push )can't send message, appid:10 uid:10002 cmd:4
2018-05-22 15:14:19 	 [DEBUG] 	 <tcp.go:32>  	 新连接地址为:[192.168.31.41:53384]
2018-05-22 15:14:19 	 [DEBUG] 	 <client_im.go:98>  	 offline msg :sender:10001,receiver:10002,timestamp:1526973207,msgId:10715,body:{"text":"hello","type":1,"uuid":"FDEE8795-3804-4DAD-8A01-EF0FE1B397A3"}
2018-05-22 15:14:19 	 [DEBUG] 	 <client_im.go:98>  	 offline msg :sender:10001,receiver:10002,timestamp:1526973207,msgId:10716,body:{"text":"hello","type":1,"uuid":"3D7DEFA1-96F2-46E4-82C9-A6EDBF87C6B3"}
2018-05-22 15:14:19 	 [DEBUG] 	 <client_im.go:98>  	 offline msg :sender:10001,receiver:10002,timestamp:1526973207,msgId:10717,body:{"text":"hello","type":1,"uuid":"6D758D0E-CFBE-4F32-8DCF-4BA4348E4D00"}
2018-05-22 15:15:18 	 [DEBUG] 	 <client_heartbeat.go:9>  	 heartBeet
2018-05-22 15:16:22 	 [DEBUG] 	 <client_heartbeat.go:9>  	 heartBeet
2018-05-22 15:17:18 	 [DEBUG] 	 <client_heartbeat.go:9>  	 heartBeet
2018-05-22 15:17:43 	 [DEBUG] 	 <protocol.go:134>  	 sock read error:EOF
2018-05-22 15:17:43 	 [DEBUG] 	 <client.go:83>  	 EOFconnect offline
2018-05-22 15:17:43 	 [DEBUG] 	 <client.go:148>  	 close client:10002, 80d07eb7-09d5-4332-aa4d-01990a291dfd
2018-05-22 15:17:43 	 [DEBUG] 	 <client.go:112>  	 client: 80d07eb7-09d5-4332-aa4d-01990a291dfd 10002 socket closed
2018-05-22 15:18:52 	 [DEBUG] 	 <protocol.go:134>  	 sock read error:EOF
2018-05-22 15:18:52 	 [DEBUG] 	 <client.go:83>  	 EOFconnect offline
2018-05-22 15:18:52 	 [DEBUG] 	 <client.go:148>  	 close client:10001, d5f75fbc-4f64-4f78-b320-2ca770847800
2018-05-22 15:18:52 	 [DEBUG] 	 <client.go:112>  	 client: d5f75fbc-4f64-4f78-b320-2ca770847800 10001 socket closed
2018-05-22 15:18:56 	 [DEBUG] 	 <tcp.go:32>  	 新连接地址为:[192.168.31.41:53486]
2018-05-22 15:18:58 	 [DEBUG] 	 <connection.go:106>  	 TODO(need offline push )can't send message, appid:10 uid:10001 cmd:4
2018-05-22 15:18:59 	 [DEBUG] 	 <connection.go:106>  	 TODO(need offline push )can't send message, appid:10 uid:10001 cmd:4
2018-05-22 15:19:02 	 [DEBUG] 	 <tcp.go:32>  	 新连接地址为:[127.0.0.1:59369]
2018-05-22 15:19:02 	 [DEBUG] 	 <client_im.go:98>  	 offline msg :sender:10002,receiver:10001,timestamp:1526973538,msgId:10735,body:{"text":"hello","type":1,"uuid":"A96691CB-8D60-4714-BE19-EBBA1014AFB5"}
2018-05-22 15:19:02 	 [DEBUG] 	 <client_im.go:98>  	 offline msg :sender:10002,receiver:10001,timestamp:1526973539,msgId:10736,body:{"text":"hello","type":1,"uuid":"7400F492-BE10-4FC7-B240-A6C051BD85A5"}
2018-05-22 15:20:59 	 [DEBUG] 	 <client_heartbeat.go:9>  	 heartBeet
2018-05-22 15:21:05 	 [DEBUG] 	 <client_heartbeat.go:9>  	 heartBeet
2018-05-22 15:22:59 	 [DEBUG] 	 <client_heartbeat.go:9>  	 heartBeet
2018-05-22 15:23:05 	 [DEBUG] 	 <client_heartbeat.go:9>  	 heartBeet
2018-05-22 15:24:59 	 [DEBUG] 	 <client_heartbeat.go:9>  	 heartBeet
2018-05-22 15:25:05 	 [DEBUG] 	 <client_heartbeat.go:9>  	 heartBeet
2018-05-22 15:26:59 	 [DEBUG] 	 <client_heartbeat.go:9>  	 heartBeet
2018-05-22 15:27:05 	 [DEBUG] 	 <client_heartbeat.go:9>  	 heartBeet
2018-05-22 15:28:59 	 [DEBUG] 	 <client_heartbeat.go:9>  	 heartBeet
2018-05-22 15:29:05 	 [DEBUG] 	 <client_heartbeat.go:9>  	 heartBeet
2018-05-22 15:30:59 	 [DEBUG] 	 <client_heartbeat.go:9>  	 heartBeet
2018-05-22 15:31:02 	 [DEBUG] 	 <client_heartbeat.go:9>  	 heartBeet
2018-05-22 15:32:59 	 [DEBUG] 	 <client_heartbeat.go:9>  	 heartBeet
2018-05-22 15:33:05 	 [DEBUG] 	 <client_heartbeat.go:9>  	 heartBeet
2018-05-22 15:34:59 	 [DEBUG] 	 <client_heartbeat.go:9>  	 heartBeet
2018-05-22 15:35:02 	 [DEBUG] 	 <client_heartbeat.go:9>  	 heartBeet
2018-05-22 15:36:59 	 [DEBUG] 	 <client_heartbeat.go:9>  	 heartBeet
2018-05-22 15:37:05 	 [DEBUG] 	 <client_heartbeat.go:9>  	 heartBeet
2018-05-22 15:38:59 	 [DEBUG] 	 <client_heartbeat.go:9>  	 heartBeet
2018-05-22 15:39:05 	 [DEBUG] 	 <client_heartbeat.go:9>  	 heartBeet
2018-05-22 15:40:59 	 [DEBUG] 	 <client_heartbeat.go:9>  	 heartBeet
2018-05-22 15:41:05 	 [DEBUG] 	 <client_heartbeat.go:9>  	 heartBeet
2018-05-22 15:42:59 	 [DEBUG] 	 <client_heartbeat.go:9>  	 heartBeet
2018-05-22 15:43:05 	 [DEBUG] 	 <client_heartbeat.go:9>  	 heartBeet
2018-05-22 15:44:59 	 [DEBUG] 	 <client_heartbeat.go:9>  	 heartBeet
2018-05-22 15:45:05 	 [DEBUG] 	 <client_heartbeat.go:9>  	 heartBeet
2018-05-22 15:46:59 	 [DEBUG] 	 <client_heartbeat.go:9>  	 heartBeet
2018-05-22 15:47:05 	 [DEBUG] 	 <client_heartbeat.go:9>  	 heartBeet
2018-05-22 15:48:59 	 [DEBUG] 	 <client_heartbeat.go:9>  	 heartBeet
2018-05-22 15:49:05 	 [DEBUG] 	 <client_heartbeat.go:9>  	 heartBeet
2018-05-22 15:50:59 	 [DEBUG] 	 <client_heartbeat.go:9>  	 heartBeet
2018-05-22 15:51:05 	 [DEBUG] 	 <client_heartbeat.go:9>  	 heartBeet
2018-05-22 15:52:59 	 [DEBUG] 	 <client_heartbeat.go:9>  	 heartBeet
2018-05-22 15:53:05 	 [DEBUG] 	 <client_heartbeat.go:9>  	 heartBeet
2018-05-22 15:54:59 	 [DEBUG] 	 <client_heartbeat.go:9>  	 heartBeet
2018-05-22 15:55:05 	 [DEBUG] 	 <client_heartbeat.go:9>  	 heartBeet
2018-05-22 15:56:59 	 [DEBUG] 	 <client_heartbeat.go:9>  	 heartBeet
2018-05-22 15:57:02 	 [DEBUG] 	 <client_heartbeat.go:9>  	 heartBeet
2018-05-22 15:58:59 	 [DEBUG] 	 <client_heartbeat.go:9>  	 heartBeet
2018-05-22 15:59:02 	 [DEBUG] 	 <protocol.go:134>  	 sock read error:EOF
2018-05-22 15:59:02 	 [DEBUG] 	 <client.go:83>  	 EOFconnect offline
2018-05-22 15:59:02 	 [DEBUG] 	 <client.go:148>  	 close client:10002, 80d07eb7-09d5-4332-aa4d-01990a291dfd
2018-05-22 15:59:02 	 [DEBUG] 	 <client.go:112>  	 client: 80d07eb7-09d5-4332-aa4d-01990a291dfd 10002 socket closed
2018-05-22 15:59:02 	 [DEBUG] 	 <client_heartbeat.go:9>  	 heartBeet
2018-05-22 15:59:05 	 [DEBUG] 	 <protocol.go:134>  	 sock read error:EOF
2018-05-22 15:59:05 	 [DEBUG] 	 <client.go:83>  	 EOFconnect offline
2018-05-22 15:59:05 	 [DEBUG] 	 <client.go:148>  	 close client:10001, d5f75fbc-4f64-4f78-b320-2ca770847800
2018-05-22 15:59:05 	 [DEBUG] 	 <client.go:112>  	 client: d5f75fbc-4f64-4f78-b320-2ca770847800 10001 socket closed
2018-05-22 16:04:23 	 [DEBUG] 	 <tcp.go:32>  	 新连接地址为:[192.168.31.41:53700]
2018-05-22 16:06:25 	 [DEBUG] 	 <client_heartbeat.go:9>  	 heartBeet
2018-05-22 16:08:25 	 [DEBUG] 	 <client_heartbeat.go:9>  	 heartBeet
2018-05-22 16:10:26 	 [DEBUG] 	 <client_heartbeat.go:9>  	 heartBeet
2018-05-22 16:12:25 	 [DEBUG] 	 <client_heartbeat.go:9>  	 heartBeet
2018-05-22 16:14:25 	 [DEBUG] 	 <client_heartbeat.go:9>  	 heartBeet
2018-05-22 16:16:25 	 [DEBUG] 	 <client_heartbeat.go:9>  	 heartBeet
2018-05-22 16:18:25 	 [DEBUG] 	 <client_heartbeat.go:9>  	 heartBeet
2018-05-22 16:20:26 	 [DEBUG] 	 <client_heartbeat.go:9>  	 heartBeet
2018-05-22 16:22:26 	 [DEBUG] 	 <client_heartbeat.go:9>  	 heartBeet
2018-05-22 16:24:25 	 [DEBUG] 	 <client_heartbeat.go:9>  	 heartBeet
2018-05-22 16:26:25 	 [DEBUG] 	 <client_heartbeat.go:9>  	 heartBeet
2018-05-22 16:28:25 	 [DEBUG] 	 <client_heartbeat.go:9>  	 heartBeet
2018-05-22 16:30:26 	 [DEBUG] 	 <client_heartbeat.go:9>  	 heartBeet
2018-05-22 16:32:25 	 [DEBUG] 	 <client_heartbeat.go:9>  	 heartBeet
2018-05-22 16:34:25 	 [DEBUG] 	 <client_heartbeat.go:9>  	 heartBeet
2018-05-22 16:36:26 	 [DEBUG] 	 <client_heartbeat.go:9>  	 heartBeet
2018-05-22 16:38:26 	 [DEBUG] 	 <client_heartbeat.go:9>  	 heartBeet
2018-05-22 16:40:25 	 [DEBUG] 	 <client_heartbeat.go:9>  	 heartBeet
2018-05-22 16:42:25 	 [DEBUG] 	 <client_heartbeat.go:9>  	 heartBeet
2018-05-22 16:48:11 	 [DEBUG] 	 <client_heartbeat.go:9>  	 heartBeet
2018-05-22 16:48:11 	 [DEBUG] 	 <client_heartbeat.go:9>  	 heartBeet
2018-05-22 16:48:11 	 [DEBUG] 	 <protocol.go:134>  	 sock read error:EOF
2018-05-22 16:48:11 	 [DEBUG] 	 <client.go:83>  	 EOFconnect offline
2018-05-22 16:48:11 	 [DEBUG] 	 <client.go:148>  	 close client:10002, 80d07eb7-09d5-4332-aa4d-01990a291dfd
2018-05-22 16:48:11 	 [DEBUG] 	 <client.go:112>  	 client: 80d07eb7-09d5-4332-aa4d-01990a291dfd 10002 socket closed
2018-05-22 19:29:09 	 [DEBUG] 	 <tcp.go:32>  	 新连接地址为:[192.168.31.41:53718]
2018-05-22 19:29:09 	 [DEBUG] 	 <client_heartbeat.go:9>  	 heartBeet
2018-05-22 19:29:11 	 [DEBUG] 	 <protocol.go:134>  	 sock read error:EOF
2018-05-22 19:29:11 	 [DEBUG] 	 <client.go:83>  	 EOFconnect offline
2018-05-22 19:29:11 	 [DEBUG] 	 <client.go:148>  	 close client:10002, 80d07eb7-09d5-4332-aa4d-01990a291dfd
2018-05-22 19:29:11 	 [DEBUG] 	 <client.go:112>  	 client: 80d07eb7-09d5-4332-aa4d-01990a291dfd 10002 socket closed
2018-05-22 22:00:45 	 [DEBUG] 	 <tcp.go:32>  	 新连接地址为:[127.0.0.1:52450]
2018-05-22 22:01:02 	 [DEBUG] 	 <connection.go:106>  	 TODO(need offline push )can't send message, appid:10 uid:10002 cmd:4
2018-05-22 22:01:02 	 [DEBUG] 	 <connection.go:106>  	 TODO(need offline push )can't send message, appid:10 uid:10002 cmd:4
2018-05-22 22:01:02 	 [DEBUG] 	 <connection.go:106>  	 TODO(need offline push )can't send message, appid:10 uid:10002 cmd:4
2018-05-22 22:01:02 	 [DEBUG] 	 <connection.go:106>  	 TODO(need offline push )can't send message, appid:10 uid:10002 cmd:4
2018-05-22 22:01:02 	 [DEBUG] 	 <connection.go:106>  	 TODO(need offline push )can't send message, appid:10 uid:10002 cmd:4
2018-05-22 22:01:03 	 [DEBUG] 	 <connection.go:106>  	 TODO(need offline push )can't send message, appid:10 uid:10002 cmd:4
2018-05-22 22:01:03 	 [DEBUG] 	 <connection.go:106>  	 TODO(need offline push )can't send message, appid:10 uid:10002 cmd:4
2018-05-22 22:01:03 	 [DEBUG] 	 <connection.go:106>  	 TODO(need offline push )can't send message, appid:10 uid:10002 cmd:4
2018-05-22 22:01:03 	 [DEBUG] 	 <connection.go:106>  	 TODO(need offline push )can't send message, appid:10 uid:10002 cmd:4
2018-05-22 22:01:21 	 [DEBUG] 	 <tcp.go:32>  	 新连接地址为:[192.168.31.41:54436]
2018-05-22 22:01:21 	 [DEBUG] 	 <client_im.go:98>  	 offline msg :sender:10001,receiver:10002,timestamp:1526997662,msgId:10749,body:{"text":"hello","type":1,"uuid":"F877FDD7-1C1E-487E-ADA0-8BE90A7151B6"}
2018-05-22 22:01:21 	 [DEBUG] 	 <client_im.go:98>  	 offline msg :sender:10001,receiver:10002,timestamp:1526997662,msgId:10750,body:{"text":"hello","type":1,"uuid":"46AB46E2-9AB4-40E3-A96B-F016CAA93A4E"}
2018-05-22 22:01:21 	 [DEBUG] 	 <client_im.go:98>  	 offline msg :sender:10001,receiver:10002,timestamp:1526997662,msgId:10751,body:{"text":"hello","type":1,"uuid":"1114BAF8-9BE4-4B79-9823-ACA2B37BE222"}
2018-05-22 22:01:21 	 [DEBUG] 	 <client_im.go:98>  	 offline msg :sender:10001,receiver:10002,timestamp:1526997662,msgId:10752,body:{"text":"hello","type":1,"uuid":"D9AB0DF0-AD65-4F0E-9DFC-5A0B9E2C5506"}
2018-05-22 22:01:21 	 [DEBUG] 	 <client_im.go:98>  	 offline msg :sender:10001,receiver:10002,timestamp:1526997662,msgId:10753,body:{"text":"hello","type":1,"uuid":"BB5B2B96-BFC7-4D3D-AFBA-4FE7BE5A3EF8"}
2018-05-22 22:01:21 	 [DEBUG] 	 <client_im.go:98>  	 offline msg :sender:10001,receiver:10002,timestamp:1526997663,msgId:10754,body:{"text":"hello","type":1,"uuid":"079FAAE0-5222-4419-9B98-01BF241DB21F"}
2018-05-22 22:01:21 	 [DEBUG] 	 <client_im.go:98>  	 offline msg :sender:10001,receiver:10002,timestamp:1526997663,msgId:10755,body:{"text":"hello","type":1,"uuid":"47F01071-0291-4EC8-AF67-067C9A569666"}
2018-05-22 22:01:21 	 [DEBUG] 	 <client_im.go:98>  	 offline msg :sender:10001,receiver:10002,timestamp:1526997663,msgId:10756,body:{"text":"hello","type":1,"uuid":"68730DEC-3412-4AD3-AD73-D8C84298A5CD"}
2018-05-22 22:01:21 	 [DEBUG] 	 <client_im.go:98>  	 offline msg :sender:10001,receiver:10002,timestamp:1526997663,msgId:10757,body:{"text":"hello","type":1,"uuid":"87CBCEFF-A017-4F96-B1B5-658327C1ABAB"}
2018-05-22 22:01:38 	 [DEBUG] 	 <protocol.go:134>  	 sock read error:EOF
2018-05-22 22:01:38 	 [DEBUG] 	 <client.go:83>  	 EOFconnect offline
2018-05-22 22:01:38 	 [DEBUG] 	 <client.go:148>  	 close client:10002, 80d07eb7-09d5-4332-aa4d-01990a291dfd
2018-05-22 22:01:38 	 [DEBUG] 	 <client.go:112>  	 client: 80d07eb7-09d5-4332-aa4d-01990a291dfd 10002 socket closed
2018-05-22 22:01:39 	 [DEBUG] 	 <connection.go:106>  	 TODO(need offline push )can't send message, appid:10 uid:10002 cmd:4
2018-05-22 22:01:39 	 [DEBUG] 	 <connection.go:106>  	 TODO(need offline push )can't send message, appid:10 uid:10002 cmd:4
2018-05-22 22:01:39 	 [DEBUG] 	 <connection.go:106>  	 TODO(need offline push )can't send message, appid:10 uid:10002 cmd:4
2018-05-22 22:01:39 	 [DEBUG] 	 <connection.go:106>  	 TODO(need offline push )can't send message, appid:10 uid:10002 cmd:4
2018-05-22 22:01:39 	 [DEBUG] 	 <connection.go:106>  	 TODO(need offline push )can't send message, appid:10 uid:10002 cmd:4
2018-05-22 22:02:45 	 [DEBUG] 	 <client_heartbeat.go:9>  	 heartBeet
2018-05-22 22:03:01 	 [DEBUG] 	 <connection.go:106>  	 TODO(need offline push )can't send message, appid:10 uid:10002 cmd:4
2018-05-22 22:03:01 	 [DEBUG] 	 <connection.go:106>  	 TODO(need offline push )can't send message, appid:10 uid:10002 cmd:4
2018-05-22 22:03:01 	 [DEBUG] 	 <connection.go:106>  	 TODO(need offline push )can't send message, appid:10 uid:10002 cmd:4
2018-05-22 22:04:45 	 [DEBUG] 	 <client_heartbeat.go:9>  	 heartBeet
2018-05-22 22:04:47 	 [DEBUG] 	 <connection.go:106>  	 TODO(need offline push )can't send message, appid:10 uid:10002 cmd:4
2018-05-22 22:05:02 	 [DEBUG] 	 <tcp.go:32>  	 新连接地址为:[192.168.31.41:54437]
2018-05-22 22:05:02 	 [DEBUG] 	 <client_heartbeat.go:9>  	 heartBeet
2018-05-22 22:05:02 	 [DEBUG] 	 <client_im.go:98>  	 offline msg :sender:10001,receiver:10002,timestamp:1526997699,msgId:10767,body:{"text":"hello","type":1,"uuid":"76E9AE8B-29C2-4205-93A1-4DB024254CEA"}
2018-05-22 22:05:02 	 [DEBUG] 	 <client_im.go:98>  	 offline msg :sender:10001,receiver:10002,timestamp:1526997699,msgId:10768,body:{"text":"hello","type":1,"uuid":"94F21ADC-0A1E-4535-8505-48ADC641DADC"}
2018-05-22 22:05:02 	 [DEBUG] 	 <client_im.go:98>  	 offline msg :sender:10001,receiver:10002,timestamp:1526997699,msgId:10769,body:{"text":"hello","type":1,"uuid":"05419B79-2CF8-4A8C-BE8C-A45A31F9793B"}
2018-05-22 22:05:02 	 [DEBUG] 	 <client_im.go:98>  	 offline msg :sender:10001,receiver:10002,timestamp:1526997699,msgId:10770,body:{"text":"hello","type":1,"uuid":"DF1CA51E-611E-4174-9276-241DB656DDDE"}
2018-05-22 22:05:02 	 [DEBUG] 	 <client_im.go:98>  	 offline msg :sender:10001,receiver:10002,timestamp:1526997699,msgId:10771,body:{"text":"hello","type":1,"uuid":"AD5EBFCA-1911-41A1-88A0-97B6A172BD8B"}
2018-05-22 22:05:02 	 [DEBUG] 	 <client_im.go:98>  	 offline msg :sender:10001,receiver:10002,timestamp:1526997781,msgId:10772,body:{"text":"hello","type":1,"uuid":"C1172BC7-AB1A-4A4C-AB0E-A73C31A457E2"}
2018-05-22 22:05:02 	 [DEBUG] 	 <client_im.go:98>  	 offline msg :sender:10001,receiver:10002,timestamp:1526997781,msgId:10773,body:{"text":"hello","type":1,"uuid":"BF8360C6-F6A7-42D4-A338-2E433C2017B4"}
2018-05-22 22:05:02 	 [DEBUG] 	 <client_im.go:98>  	 offline msg :sender:10001,receiver:10002,timestamp:1526997781,msgId:10774,body:{"text":"hello","type":1,"uuid":"8B09FCDD-2793-4BBE-850A-87F6C6ABD415"}
2018-05-22 22:05:02 	 [DEBUG] 	 <client_im.go:98>  	 offline msg :sender:10001,receiver:10002,timestamp:1526997887,msgId:10775,body:{"text":"hello","type":1,"uuid":"AFFA41BC-F016-4F16-A8EA-1EF03E5AE775"}
2018-05-22 22:05:22 	 [DEBUG] 	 <client_heartbeat.go:9>  	 heartBeet
2018-05-22 22:05:24 	 [DEBUG] 	 <protocol.go:134>  	 sock read error:read tcp 127.0.0.1:62310->127.0.0.1:52450: read: connection reset by peer
2018-05-22 22:05:24 	 [DEBUG] 	 <client.go:148>  	 close client:10001, d5f75fbc-4f64-4f78-b320-2ca770847800
2018-05-22 22:05:24 	 [DEBUG] 	 <client.go:112>  	 client: d5f75fbc-4f64-4f78-b320-2ca770847800 10001 socket closed
2018-05-22 22:05:42 	 [DEBUG] 	 <tcp.go:32>  	 新连接地址为:[127.0.0.1:52517]
2018-05-22 22:05:42 	 [DEBUG] 	 <client_im.go:98>  	 offline msg :sender:10002,receiver:10001,timestamp:1526997681,msgId:10763,body:{"ack_msg_id":10754,"ack_uuid":"079FAAE0-5222-4419-9B98-01BF241DB21F","status":2,"type":20,"uuid":"AA53084D-8422-4C19-A7B9-130E73176E99"}
2018-05-22 22:05:42 	 [DEBUG] 	 <client_im.go:98>  	 offline msg :sender:10002,receiver:10001,timestamp:1526997902,msgId:10776,body:{"ack_msg_id":10770,"ack_uuid":"DF1CA51E-611E-4174-9276-241DB656DDDE","status":2,"type":20,"uuid":"1C0A97CD-9706-4F4A-997A-FB9A517DF5AB"}
2018-05-22 22:05:42 	 [DEBUG] 	 <client_im.go:98>  	 offline msg :sender:10002,receiver:10001,timestamp:1526997902,msgId:10777,body:{"ack_msg_id":10774,"ack_uuid":"8B09FCDD-2793-4BBE-850A-87F6C6ABD415","status":2,"type":20,"uuid":"D7746913-E31E-4DD3-9348-12210FCF9E41"}
2018-05-22 22:05:42 	 [DEBUG] 	 <client_im.go:98>  	 offline msg :sender:10002,receiver:10001,timestamp:1526997902,msgId:10778,body:{"ack_msg_id":10767,"ack_uuid":"76E9AE8B-29C2-4205-93A1-4DB024254CEA","status":2,"type":20,"uuid":"4EACB6BD-5BF9-4AA8-99D7-CF122ABFD5EA"}
2018-05-22 22:05:42 	 [DEBUG] 	 <client_im.go:98>  	 offline msg :sender:10002,receiver:10001,timestamp:1526997902,msgId:10779,body:{"ack_msg_id":10775,"ack_uuid":"AFFA41BC-F016-4F16-A8EA-1EF03E5AE775","status":2,"type":20,"uuid":"A8968FE9-0A92-4E90-804F-75B6BFD9DB64"}
2018-05-22 22:05:42 	 [DEBUG] 	 <client_im.go:98>  	 offline msg :sender:10002,receiver:10001,timestamp:1526997902,msgId:10780,body:{"ack_msg_id":10771,"ack_uuid":"AD5EBFCA-1911-41A1-88A0-97B6A172BD8B","status":2,"type":20,"uuid":"413F2027-1020-4150-A4B0-82564F7CAC72"}
2018-05-22 22:05:42 	 [DEBUG] 	 <client_im.go:98>  	 offline msg :sender:10002,receiver:10001,timestamp:1526997902,msgId:10781,body:{"ack_msg_id":10768,"ack_uuid":"94F21ADC-0A1E-4535-8505-48ADC641DADC","status":2,"type":20,"uuid":"DC80908F-24E8-4A62-AE7F-4D47E8FF046A"}
2018-05-22 22:05:42 	 [DEBUG] 	 <client_im.go:98>  	 offline msg :sender:10002,receiver:10001,timestamp:1526997902,msgId:10782,body:{"ack_msg_id":10772,"ack_uuid":"C1172BC7-AB1A-4A4C-AB0E-A73C31A457E2","status":2,"type":20,"uuid":"AC63B926-4812-4F7F-BCBC-89163CB404AF"}
2018-05-22 22:05:42 	 [DEBUG] 	 <client_im.go:98>  	 offline msg :sender:10002,receiver:10001,timestamp:1526997902,msgId:10783,body:{"ack_msg_id":10769,"ack_uuid":"05419B79-2CF8-4A8C-BE8C-A45A31F9793B","status":2,"type":20,"uuid":"70F7B2F8-BECB-4042-B349-4ED9F0DBCC18"}
2018-05-22 22:05:42 	 [DEBUG] 	 <client_im.go:98>  	 offline msg :sender:10002,receiver:10001,timestamp:1526997902,msgId:10784,body:{"ack_msg_id":10773,"ack_uuid":"BF8360C6-F6A7-42D4-A338-2E433C2017B4","status":2,"type":20,"uuid":"D412A01D-32F6-407B-AD41-2C22E22B876D"}
2018-05-22 22:06:06 	 [DEBUG] 	 <protocol.go:134>  	 sock read error:EOF
2018-05-22 22:06:06 	 [DEBUG] 	 <client.go:83>  	 EOFconnect offline
2018-05-22 22:06:06 	 [DEBUG] 	 <client.go:148>  	 close client:10002, 80d07eb7-09d5-4332-aa4d-01990a291dfd
2018-05-22 22:06:06 	 [DEBUG] 	 <client.go:112>  	 client: 80d07eb7-09d5-4332-aa4d-01990a291dfd 10002 socket closed
2018-05-22 22:06:08 	 [DEBUG] 	 <connection.go:106>  	 TODO(need offline push )can't send message, appid:10 uid:10002 cmd:4
2018-05-22 22:06:08 	 [DEBUG] 	 <connection.go:106>  	 TODO(need offline push )can't send message, appid:10 uid:10002 cmd:4
2018-05-22 22:06:08 	 [DEBUG] 	 <connection.go:106>  	 TODO(need offline push )can't send message, appid:10 uid:10002 cmd:4
2018-05-22 22:06:13 	 [DEBUG] 	 <tcp.go:32>  	 新连接地址为:[192.168.31.41:54438]
2018-05-22 22:06:13 	 [DEBUG] 	 <client_im.go:98>  	 offline msg :sender:10001,receiver:10002,timestamp:1526997968,msgId:10791,body:{"text":"hello","type":1,"uuid":"0E3FD969-A1EA-4784-9B2A-10DBD00AD81A"}
2018-05-22 22:06:13 	 [DEBUG] 	 <client_im.go:98>  	 offline msg :sender:10001,receiver:10002,timestamp:1526997968,msgId:10792,body:{"text":"hello","type":1,"uuid":"D8624037-6893-48B8-8562-F967566E7FFC"}
2018-05-22 22:06:13 	 [DEBUG] 	 <client_im.go:98>  	 offline msg :sender:10001,receiver:10002,timestamp:1526997968,msgId:10793,body:{"text":"hello","type":1,"uuid":"73CA4B81-5E44-48FB-9A21-225D2376A149"}
2018-05-22 22:07:24 	 [DEBUG] 	 <client_heartbeat.go:9>  	 heartBeet
2018-05-22 22:07:45 	 [DEBUG] 	 <client_heartbeat.go:9>  	 heartBeet
2018-05-22 22:08:42 	 [DEBUG] 	 <protocol.go:134>  	 sock read error:EOF
2018-05-22 22:08:42 	 [DEBUG] 	 <client.go:83>  	 EOFconnect offline
2018-05-22 22:08:42 	 [DEBUG] 	 <client.go:148>  	 close client:10001, d5f75fbc-4f64-4f78-b320-2ca770847800
2018-05-22 22:08:42 	 [DEBUG] 	 <client.go:112>  	 client: d5f75fbc-4f64-4f78-b320-2ca770847800 10001 socket closed
2018-05-22 22:08:59 	 [DEBUG] 	 <tcp.go:32>  	 新连接地址为:[127.0.0.1:52551]
2018-05-22 22:09:10 	 [DEBUG] 	 <protocol.go:134>  	 sock read error:EOF
2018-05-22 22:09:10 	 [DEBUG] 	 <client.go:83>  	 EOFconnect offline
2018-05-22 22:09:10 	 [DEBUG] 	 <client.go:148>  	 close client:10002, 80d07eb7-09d5-4332-aa4d-01990a291dfd
2018-05-22 22:09:10 	 [DEBUG] 	 <client.go:112>  	 client: 80d07eb7-09d5-4332-aa4d-01990a291dfd 10002 socket closed
2018-05-22 22:09:45 	 [DEBUG] 	 <connection.go:106>  	 TODO(need offline push )can't send message, appid:10 uid:10002 cmd:4
2018-05-22 22:10:42 	 [DEBUG] 	 <tcp.go:32>  	 新连接地址为:[192.168.31.41:54439]
2018-05-22 22:10:42 	 [DEBUG] 	 <client_heartbeat.go:9>  	 heartBeet
2018-05-22 22:10:42 	 [DEBUG] 	 <client_im.go:98>  	 offline msg :sender:10001,receiver:10002,timestamp:1526998185,msgId:10811,body:{"text":"hello","type":1,"uuid":"31626195-8EBD-4A2B-A5FF-1BE99E92DEC8"}
2018-05-22 22:10:59 	 [DEBUG] 	 <client_heartbeat.go:9>  	 heartBeet
2018-05-22 22:11:24 	 [DEBUG] 	 <client_heartbeat.go:9>  	 heartBeet
2018-05-22 22:12:09 	 [DEBUG] 	 <protocol.go:134>  	 sock read error:EOF
2018-05-22 22:12:09 	 [DEBUG] 	 <client.go:83>  	 EOFconnect offline
2018-05-22 22:12:09 	 [DEBUG] 	 <client.go:148>  	 close client:10002, 80d07eb7-09d5-4332-aa4d-01990a291dfd
2018-05-22 22:12:09 	 [DEBUG] 	 <client.go:112>  	 client: 80d07eb7-09d5-4332-aa4d-01990a291dfd 10002 socket closed
2018-05-22 22:13:00 	 [DEBUG] 	 <client_heartbeat.go:9>  	 heartBeet
2018-05-22 22:14:29 	 [DEBUG] 	 <protocol.go:134>  	 sock read error:EOF
2018-05-22 22:14:29 	 [DEBUG] 	 <client.go:83>  	 EOFconnect offline
2018-05-22 22:14:29 	 [DEBUG] 	 <client.go:148>  	 close client:10001, d5f75fbc-4f64-4f78-b320-2ca770847800
2018-05-22 22:14:29 	 [DEBUG] 	 <client.go:112>  	 client: d5f75fbc-4f64-4f78-b320-2ca770847800 10001 socket closed
2018-05-22 22:15:45 	 [DEBUG] 	 <tcp.go:32>  	 新连接地址为:[127.0.0.1:52681]
2018-05-22 22:15:45 	 [DEBUG] 	 <connection.go:106>  	 TODO(need offline push )can't send message, appid:10 uid:10002 cmd:4
2018-05-22 22:15:46 	 [DEBUG] 	 <connection.go:106>  	 TODO(need offline push )can't send message, appid:10 uid:10002 cmd:4
2018-05-22 22:16:45 	 [DEBUG] 	 <protocol.go:134>  	 sock read error:EOF
2018-05-22 22:16:45 	 [DEBUG] 	 <client.go:83>  	 EOFconnect offline
2018-05-22 22:16:45 	 [DEBUG] 	 <client.go:148>  	 close client:10001, d5f75fbc-4f64-4f78-b320-2ca770847800
2018-05-22 22:16:45 	 [DEBUG] 	 <client.go:112>  	 client: d5f75fbc-4f64-4f78-b320-2ca770847800 10001 socket closed
2018-05-22 22:18:48 	 [DEBUG] 	 <tcp.go:32>  	 新连接地址为:[127.0.0.1:52844]
2018-05-22 22:18:49 	 [DEBUG] 	 <connection.go:106>  	 TODO(need offline push )can't send message, appid:10 uid:10002 cmd:4
2018-05-22 22:18:49 	 [DEBUG] 	 <connection.go:106>  	 TODO(need offline push )can't send message, appid:10 uid:10002 cmd:4
2018-05-22 22:18:50 	 [DEBUG] 	 <connection.go:106>  	 TODO(need offline push )can't send message, appid:10 uid:10002 cmd:4
2018-05-22 22:19:03 	 [DEBUG] 	 <connection.go:106>  	 TODO(need offline push )can't send message, appid:10 uid:10002 cmd:4
2018-05-22 22:19:03 	 [DEBUG] 	 <connection.go:106>  	 TODO(need offline push )can't send message, appid:10 uid:10002 cmd:4
2018-05-22 22:19:04 	 [DEBUG] 	 <connection.go:106>  	 TODO(need offline push )can't send message, appid:10 uid:10002 cmd:4
2018-05-22 22:19:04 	 [DEBUG] 	 <connection.go:106>  	 TODO(need offline push )can't send message, appid:10 uid:10002 cmd:4
2018-05-22 22:19:04 	 [DEBUG] 	 <connection.go:106>  	 TODO(need offline push )can't send message, appid:10 uid:10002 cmd:4
2018-05-22 22:19:05 	 [DEBUG] 	 <connection.go:106>  	 TODO(need offline push )can't send message, appid:10 uid:10002 cmd:4
2018-05-22 22:19:05 	 [DEBUG] 	 <connection.go:106>  	 TODO(need offline push )can't send message, appid:10 uid:10002 cmd:4
2018-05-22 22:19:20 	 [DEBUG] 	 <tcp.go:32>  	 新连接地址为:[192.168.31.41:54464]
2018-05-22 22:19:20 	 [DEBUG] 	 <client_im.go:98>  	 offline msg :sender:10001,receiver:10002,timestamp:1526998545,msgId:10815,body:{"text":"hello","type":1,"uuid":"9A231A55-33A2-446A-9BF5-D40D1B269CDA"}
2018-05-22 22:19:20 	 [DEBUG] 	 <client_im.go:98>  	 offline msg :sender:10001,receiver:10002,timestamp:1526998546,msgId:10816,body:{"text":"hello","type":1,"uuid":"D0F023B2-C79B-4A87-928C-80DC83EC3A3B"}
2018-05-22 22:19:20 	 [DEBUG] 	 <client_im.go:98>  	 offline msg :sender:10001,receiver:10002,timestamp:1526998729,msgId:10817,body:{"text":"hello","type":1,"uuid":"7A2DC997-3AF5-4E4E-9D38-A41D85147376"}
2018-05-22 22:19:20 	 [DEBUG] 	 <client_im.go:98>  	 offline msg :sender:10001,receiver:10002,timestamp:1526998729,msgId:10818,body:{"text":"hello","type":1,"uuid":"1B35F714-2EE2-49B3-B407-BC145D0722B0"}
2018-05-22 22:19:20 	 [DEBUG] 	 <client_im.go:98>  	 offline msg :sender:10001,receiver:10002,timestamp:1526998730,msgId:10819,body:{"text":"hello","type":1,"uuid":"3C49D3AA-35D7-4F3D-866E-2DC39DEDE66D"}
2018-05-22 22:19:20 	 [DEBUG] 	 <client_im.go:98>  	 offline msg :sender:10001,receiver:10002,timestamp:1526998743,msgId:10820,body:{"text":"hello","type":1,"uuid":"C256F0D5-8C69-49A7-AF94-7AC44B13E938"}
2018-05-22 22:19:20 	 [DEBUG] 	 <client_im.go:98>  	 offline msg :sender:10001,receiver:10002,timestamp:1526998743,msgId:10821,body:{"text":"hello","type":1,"uuid":"850CAE4F-95CC-4C30-A909-7E901B7D8120"}
2018-05-22 22:19:20 	 [DEBUG] 	 <client_im.go:98>  	 offline msg :sender:10001,receiver:10002,timestamp:1526998744,msgId:10822,body:{"text":"hello","type":1,"uuid":"712C07A0-9D36-4B1E-98DF-76FBE01A117E"}
2018-05-22 22:19:20 	 [DEBUG] 	 <client_im.go:98>  	 offline msg :sender:10001,receiver:10002,timestamp:1526998744,msgId:10823,body:{"text":"hello","type":1,"uuid":"9BD1D8AF-2238-4EB3-A03E-34951B7F9F8A"}
2018-05-22 22:19:20 	 [DEBUG] 	 <client_im.go:98>  	 offline msg :sender:10001,receiver:10002,timestamp:1526998744,msgId:10824,body:{"text":"hello","type":1,"uuid":"25A4254A-0538-493D-AEF2-DEBAAD3A6DB5"}
2018-05-22 22:19:20 	 [DEBUG] 	 <client_im.go:98>  	 offline msg :sender:10001,receiver:10002,timestamp:1526998745,msgId:10825,body:{"text":"hello","type":1,"uuid":"09BA69A3-4656-4796-84A4-64ADF71557D5"}
2018-05-22 22:19:20 	 [DEBUG] 	 <client_im.go:98>  	 offline msg :sender:10001,receiver:10002,timestamp:1526998745,msgId:10826,body:{"text":"hello","type":1,"uuid":"492DD009-048E-4C5E-95B7-ECB1E66A60FD"}
2018-05-22 22:20:22 	 [DEBUG] 	 <protocol.go:134>  	 sock read error:EOF
2018-05-22 22:20:22 	 [DEBUG] 	 <client.go:83>  	 EOFconnect offline
2018-05-22 22:20:22 	 [DEBUG] 	 <client.go:148>  	 close client:10002, 80d07eb7-09d5-4332-aa4d-01990a291dfd
2018-05-22 22:20:22 	 [DEBUG] 	 <client.go:112>  	 client: 80d07eb7-09d5-4332-aa4d-01990a291dfd 10002 socket closed
2018-05-22 22:20:51 	 [DEBUG] 	 <client_heartbeat.go:9>  	 heartBeet
