2018-05-30 15:07:56 	 [DEBUG] 	 <tcp.go:32>  	 新连接地址为:[192.168.31.41:50579]
2018-05-30 15:07:56 	 [DEBUG] 	 <client_im.go:85>  	 offlineMsg count 159
2018-05-30 15:07:56 	 [DEBUG] 	 <client_im.go:99>  	 offline msg :sender:10002,receiver:10002,timestamp:1527599931,msgId:8964,body:{"ack_msgId":6493,"ack_uuid":"4D4D3F64-D2D9-45CB-B72B-640D6BE36C18","sequeneceId":0,"status":2,"type":20,"uuid":"7C130645-03CB-45DD-8FA4-95FB098E0A43"}
2018-05-30 15:07:56 	 [DEBUG] 	 <client_im.go:99>  	 offline msg :sender:10002,receiver:10002,timestamp:1527599931,msgId:8965,body:{"ack_msgId":6503,"ack_uuid":"74E758DA-A8AC-4934-AAE0-930AB067B6D2","sequeneceId":0,"status":2,"type":20,"uuid":"001F15CF-870B-430F-B410-011D4BF221A4"}
2018-05-30 15:07:56 	 [DEBUG] 	 <client_im.go:99>  	 offline msg :sender:10002,receiver:10002,timestamp:1527599931,msgId:8966,body:{"ack_msgId":6513,"ack_uuid":"F3FD628F-8C86-4512-85EA-3DE6B219FC09","sequeneceId":0,"status":2,"type":20,"uuid":"E4BF8B49-CE24-489B-B175-CE9A886345CD"}
2018-05-30 15:07:56 	 [DEBUG] 	 <client_im.go:99>  	 offline msg :sender:10002,receiver:10002,timestamp:1527599931,msgId:8967,body:{"ack_msgId":6523,"ack_uuid":"AA3F888F-AD2C-4D57-BD7F-05FD524919BE","sequeneceId":0,"status":2,"type":20,"uuid":"8075AD34-8344-4937-B07C-A630F3A6CAE6"}
2018-05-30 15:07:56 	 [DEBUG] 	 <client_im.go:99>  	 offline msg :sender:10002,receiver:10002,timestamp:1527599931,msgId:8968,body:{"ack_msgId":6533,"ack_uuid":"5AB4E570-2767-4BC8-B0FF-1D2ADC9800F5","sequeneceId":0,"status":2,"type":20,"uuid":"B01CB8EE-6FA5-412B-8ECC-F476C66DD59C"}
2018-05-30 15:07:56 	 [DEBUG] 	 <client_im.go:99>  	 offline msg :sender:10002,receiver:10002,timestamp:1527599931,msgId:8969,body:{"ack_msgId":6543,"ack_uuid":"B0581DCD-F167-43FC-A6E5-C7BC958F4D38","sequeneceId":0,"status":2,"type":20,"uuid":"3C9A90B2-3598-42A1-9060-A8E4E001E174"}
2018-05-30 15:07:56 	 [DEBUG] 	 <client_im.go:99>  	 offline msg :sender:10002,receiver:10002,timestamp:1527599931,msgId:8974,body:{"ack_msgId":6593,"ack_uuid":"09705820-5B19-441A-AB65-44FEA59F812F","sequeneceId":0,"status":2,"type":20,"uuid":"0B8542CE-7EBA-4B2F-8B56-ED99E46E61DB"}
2018-05-30 15:07:56 	 [DEBUG] 	 <client_im.go:99>  	 offline msg :sender:10002,receiver:10002,timestamp:1527599931,msgId:8975,body:{"ack_msgId":6603,"ack_uuid":"24B4E9BD-04A8-43E4-A479-CAEDBE7C9AAB","sequeneceId":0,"status":2,"type":20,"uuid":"1BD5E57D-EE4B-4390-A621-4D664873BDCB"}
2018-05-30 15:07:56 	 [DEBUG] 	 <client_im.go:99>  	 offline msg :sender:10002,receiver:10002,timestamp:1527599931,msgId:8976,body:{"ack_msgId":6613,"ack_uuid":"7587D3B6-A3D9-4C1A-8A2C-88731E4196EA","sequeneceId":0,"status":2,"type":20,"uuid":"64DA0E8B-742C-4620-B3DC-26CAC1D7019D"}
2018-05-30 15:07:56 	 [DEBUG] 	 <client_im.go:99>  	 offline msg :sender:10002,receiver:10002,timestamp:1527599931,msgId:8977,body:{"ack_msgId":6623,"ack_uuid":"F25C7897-64A4-4AF5-A8D7-8D23A4B01346","sequeneceId":0,"status":2,"type":20,"uuid":"B8F60369-D56F-480F-8A2B-5A3B82A82A43"}
2018-05-30 15:07:56 	 [DEBUG] 	 <client_im.go:99>  	 offline msg :sender:10002,receiver:10002,timestamp:1527599931,msgId:8978,body:{"ack_msgId":6633,"ack_uuid":"872EA581-A895-418E-AF9B-C4D8D61530D0","sequeneceId":0,"status":2,"type":20,"uuid":"70F69124-1D9F-444A-9E00-21A03A60EB89"}
2018-05-30 15:07:56 	 [DEBUG] 	 <client_im.go:99>  	 offline msg :sender:10002,receiver:10002,timestamp:1527599931,msgId:8979,body:{"ack_msgId":6643,"ack_uuid":"19E8BD3C-5A35-4C8E-A37D-62A43DF27552","sequeneceId":0,"status":2,"type":20,"uuid":"9F535126-073E-42FB-A989-EF057576247E"}
2018-05-30 15:07:56 	 [DEBUG] 	 <client_im.go:99>  	 offline msg :sender:10002,receiver:10002,timestamp:1527599931,msgId:8980,body:{"ack_msgId":6653,"ack_uuid":"ED0092BD-D845-4073-8306-17A8E2FCAA48","sequeneceId":0,"status":2,"type":20,"uuid":"DFA72408-8506-4447-8677-36E4E2EE0F61"}
2018-05-30 15:07:56 	 [DEBUG] 	 <client_im.go:99>  	 offline msg :sender:10002,receiver:10002,timestamp:1527599931,msgId:8981,body:{"ack_msgId":6673,"ack_uuid":"A75D126B-D976-4502-9B40-D0351F5F005B","sequeneceId":0,"status":2,"type":20,"uuid":"BCFF9633-F440-4F52-85C2-0D59265F6417"}
2018-05-30 15:07:56 	 [DEBUG] 	 <client_im.go:99>  	 offline msg :sender:10002,receiver:10002,timestamp:1527599931,msgId:8982,body:{"ack_msgId":6683,"ack_uuid":"2E89E3BB-C91D-4D95-93CC-9E50E381532A","sequeneceId":0,"status":2,"type":20,"uuid":"E8AA08E8-9189-4435-80E0-3F2231FD0BD8"}
2018-05-30 15:07:56 	 [DEBUG] 	 <client_im.go:99>  	 offline msg :sender:10002,receiver:10002,timestamp:1527599931,msgId:8983,body:{"ack_msgId":6663,"ack_uuid":"0E14699F-DF6F-470B-8163-4B0F45F71B15","sequeneceId":0,"status":2,"type":20,"uuid":"36075D0D-C9B5-47F5-8880-9CDC3BB8C560"}
2018-05-30 15:07:56 	 [DEBUG] 	 <client_im.go:99>  	 offline msg :sender:10002,receiver:10002,timestamp:1527599931,msgId:8984,body:{"ack_msgId":6693,"ack_uuid":"4423D63A-81FF-4020-9B72-B4B35EDBEA69","sequeneceId":0,"status":2,"type":20,"uuid":"2891D6BC-D4F2-4A9A-AFED-2B9BF7FC726E"}
2018-05-30 15:07:56 	 [DEBUG] 	 <client_im.go:99>  	 offline msg :sender:10002,receiver:10002,timestamp:1527599931,msgId:8985,body:{"ack_msgId":6703,"ack_uuid":"44C07E1D-B71C-4394-818A-D5F5A9CF2E4F","sequeneceId":0,"status":2,"type":20,"uuid":"5E61F3A0-5C11-458D-9E41-406030CBE105"}
2018-05-30 15:07:56 	 [DEBUG] 	 <client_im.go:99>  	 offline msg :sender:10002,receiver:10002,timestamp:1527599931,msgId:8986,body:{"ack_msgId":6713,"ack_uuid":"CA879245-BAAE-4D95-B746-F98CBE1092C7","sequeneceId":0,"status":2,"type":20,"uuid":"FE8041CF-4943-4685-BC39-81C197A89CFA"}
2018-05-30 15:07:56 	 [DEBUG] 	 <client_im.go:99>  	 offline msg :sender:10002,receiver:10002,timestamp:1527599931,msgId:8987,body:{"ack_msgId":6723,"ack_uuid":"790BC6B3-F119-4859-B2EE-E7918AB716F7","sequeneceId":0,"status":2,"type":20,"uuid":"363C127D-F59F-4AB7-82DE-41D06B4BB337"}
2018-05-30 15:07:56 	 [DEBUG] 	 <client_im.go:99>  	 offline msg :sender:10002,receiver:10002,timestamp:1527599931,msgId:8988,body:{"ack_msgId":6733,"ack_uuid":"2514F3E3-1E53-4711-9299-12979337C68E","sequeneceId":0,"status":2,"type":20,"uuid":"4FB99C15-56FD-47F2-86F4-3F94345D49CC"}
2018-05-30 15:07:56 	 [DEBUG] 	 <client_im.go:99>  	 offline msg :sender:10002,receiver:10002,timestamp:1527599931,msgId:8989,body:{"ack_msgId":6743,"ack_uuid":"21D84038-C692-4B44-AA60-ADFEAC0080AE","sequeneceId":0,"status":2,"type":20,"uuid":"784322E5-EFA9-415C-8F80-08646D36C7E1"}
2018-05-30 15:07:56 	 [DEBUG] 	 <client_im.go:99>  	 offline msg :sender:10002,receiver:10002,timestamp:1527599931,msgId:8990,body:{"ack_msgId":6753,"ack_uuid":"A82CF7EA-A8D2-4D4D-ACB0-3455829F10F6","sequeneceId":0,"status":2,"type":20,"uuid":"43A0C4F2-C89C-4C4B-829F-1499FFD9754A"}
2018-05-30 15:07:56 	 [DEBUG] 	 <client_im.go:99>  	 offline msg :sender:10002,receiver:10002,timestamp:1527599931,msgId:8991,body:{"ack_msgId":6763,"ack_uuid":"30D53736-C6F3-47B4-B2F3-3ED027A0BFB6","sequeneceId":0,"status":2,"type":20,"uuid":"93352F38-D657-4477-A24B-32FEBA5CCE99"}
2018-05-30 15:07:56 	 [DEBUG] 	 <client_im.go:99>  	 offline msg :sender:10002,receiver:10002,timestamp:1527599931,msgId:8992,body:{"ack_msgId":6773,"ack_uuid":"3422E772-6EFC-426C-8939-5E9F33F64757","sequeneceId":0,"status":2,"type":20,"uuid":"8A2F3339-9C0F-4E8A-AB5D-2DA765F8F7A5"}
2018-05-30 15:07:56 	 [DEBUG] 	 <client_im.go:99>  	 offline msg :sender:10002,receiver:10002,timestamp:1527599931,msgId:8993,body:{"ack_msgId":6783,"ack_uuid":"75EB5B6E-1A9E-4093-93C9-28EFD72E4C46","sequeneceId":0,"status":2,"type":20,"uuid":"45576A24-511B-4867-AC8D-6DD44F5179E0"}
2018-05-30 15:07:56 	 [DEBUG] 	 <client_im.go:99>  	 offline msg :sender:10002,receiver:10002,timestamp:1527599931,msgId:8994,body:{"ack_msgId":6793,"ack_uuid":"7EE66372-910D-476C-AA65-EACED0884C99","sequeneceId":0,"status":2,"type":20,"uuid":"7A7AC430-2CFD-48C6-875D-7544651D9744"}
2018-05-30 15:07:56 	 [DEBUG] 	 <client_im.go:99>  	 offline msg :sender:10002,receiver:10002,timestamp:1527599931,msgId:8995,body:{"ack_msgId":6803,"ack_uuid":"90DE854A-A2DB-4CAE-8002-6C8C411C8E21","sequeneceId":0,"status":2,"type":20,"uuid":"B796EA68-3643-4C11-AFC3-A6F336B16DFF"}
2018-05-30 15:07:56 	 [DEBUG] 	 <client_im.go:99>  	 offline msg :sender:10002,receiver:10002,timestamp:1527599931,msgId:8996,body:{"ack_msgId":6813,"ack_uuid":"6A75873F-EE4E-4D37-9CA4-F789742B006A","sequeneceId":0,"status":2,"type":20,"uuid":"B51CFF93-4389-4656-B02E-F2569CE0A5BD"}
2018-05-30 15:07:56 	 [DEBUG] 	 <client_im.go:99>  	 offline msg :sender:10002,receiver:10002,timestamp:1527599931,msgId:8997,body:{"ack_msgId":6823,"ack_uuid":"A42CCBC0-096C-4756-A0EB-3492490A43AD","sequeneceId":0,"status":2,"type":20,"uuid":"DABA9461-87A1-4F42-8195-3B4FA6DE3673"}
2018-05-30 15:07:56 	 [DEBUG] 	 <client_im.go:99>  	 offline msg :sender:10002,receiver:10002,timestamp:1527599931,msgId:8998,body:{"ack_msgId":6833,"ack_uuid":"B69B2B74-CF7D-455C-B725-BE04A82A80A8","sequeneceId":0,"status":2,"type":20,"uuid":"DF3FA224-E557-4435-94F5-7EC705FDD090"}
2018-05-30 15:07:56 	 [DEBUG] 	 <client_im.go:99>  	 offline msg :sender:10002,receiver:10002,timestamp:1527599938,msgId:8999,body:{"ack_msgId":8863,"ack_uuid":"D1CCE29C-8C1D-4D39-8CB7-FD48BB88586C","sequeneceId":0,"status":2,"type":20,"uuid":"4C898107-A1DB-4751-94C4-4BB0B3B0A6DB"}
2018-05-30 15:07:56 	 [DEBUG] 	 <client_im.go:99>  	 offline msg :sender:10002,receiver:10002,timestamp:1527599938,msgId:9000,body:{"ack_msgId":8873,"ack_uuid":"7F5638E0-CABC-4C13-B042-CEBBC2286BEB","sequeneceId":0,"status":2,"type":20,"uuid":"3703AA62-BF62-4579-B3FE-2057E168A59A"}
2018-05-30 15:07:56 	 [DEBUG] 	 <client_im.go:99>  	 offline msg :sender:10002,receiver:10002,timestamp:1527599938,msgId:9001,body:{"ack_msgId":8883,"ack_uuid":"605FB21C-322F-4ECC-9360-F2D335BA7D7A","sequeneceId":0,"status":2,"type":20,"uuid":"842C6651-618A-44B5-A476-59257635B55B"}
2018-05-30 15:07:56 	 [DEBUG] 	 <client_im.go:99>  	 offline msg :sender:10002,receiver:10002,timestamp:1527599938,msgId:9002,body:{"ack_msgId":6843,"ack_uuid":"574E4451-444F-4450-B449-BC569D95F3CE","sequeneceId":0,"status":2,"type":20,"uuid":"42E57F8F-F7FB-40F1-B773-F8074DF19162"}
2018-05-30 15:07:56 	 [DEBUG] 	 <client_im.go:99>  	 offline msg :sender:10002,receiver:10002,timestamp:1527599938,msgId:9003,body:{"ack_msgId":8893,"ack_uuid":"44CD5AC4-C428-4EFE-84B0-46ED3FAE0FC9","sequeneceId":0,"status":2,"type":20,"uuid":"F22CCF96-49B4-4BD1-BEAC-38A3254F4350"}
2018-05-30 15:07:56 	 [DEBUG] 	 <client_im.go:99>  	 offline msg :sender:10002,receiver:10002,timestamp:1527599938,msgId:9004,body:{"ack_msgId":8903,"ack_uuid":"82CD1667-E937-4AF0-BDE3-74D83CC20621","sequeneceId":0,"status":2,"type":20,"uuid":"F8560D08-FC1E-4841-8796-7BF413D36DC4"}
2018-05-30 15:07:56 	 [DEBUG] 	 <client_im.go:99>  	 offline msg :sender:10002,receiver:10002,timestamp:1527599938,msgId:9005,body:{"ack_msgId":6853,"ack_uuid":"A14057C0-A3E0-423B-9841-0E1F2D321A42","sequeneceId":0,"status":2,"type":20,"uuid":"0620BEE6-A9DA-4D64-AC74-D8A95745C3E9"}
2018-05-30 15:07:56 	 [DEBUG] 	 <client_im.go:99>  	 offline msg :sender:10002,receiver:10002,timestamp:1527599938,msgId:9006,body:{"ack_msgId":6863,"ack_uuid":"9DA5DC6C-6C6B-4FE2-AF32-49AF96D64286","sequeneceId":0,"status":2,"type":20,"uuid":"E8D50FD7-CC42-4E82-A826-6BEB724BEF41"}
2018-05-30 15:07:56 	 [DEBUG] 	 <client_im.go:99>  	 offline msg :sender:10002,receiver:10002,timestamp:1527599938,msgId:9007,body:{"ack_msgId":6873,"ack_uuid":"CF96167F-BD61-4175-B7C8-3146EF6C22A7","sequeneceId":0,"status":2,"type":20,"uuid":"1983AEDD-4314-4941-84D2-C05386ED3AA2"}
2018-05-30 15:07:56 	 [DEBUG] 	 <client_im.go:99>  	 offline msg :sender:10002,receiver:10002,timestamp:1527599938,msgId:9008,body:{"ack_msgId":6883,"ack_uuid":"EFEFABC1-3D2B-45B1-ACA8-7028AA306464","sequeneceId":0,"status":2,"type":20,"uuid":"F53B7E88-77B4-4ABB-957B-BE41DF6BAF95"}
2018-05-30 15:07:56 	 [DEBUG] 	 <client_im.go:99>  	 offline msg :sender:10002,receiver:10002,timestamp:1527599938,msgId:9009,body:{"ack_msgId":6893,"ack_uuid":"AAB03902-5796-49C4-AAD9-5E0840C4938D","sequeneceId":0,"status":2,"type":20,"uuid":"DAF6226E-664B-41D3-8C6B-8DF7243E0D85"}
2018-05-30 15:07:56 	 [DEBUG] 	 <client_im.go:99>  	 offline msg :sender:10002,receiver:10002,timestamp:1527599938,msgId:9010,body:{"ack_msgId":6903,"ack_uuid":"59663361-F69A-46DD-A285-83A21036BF4B","sequeneceId":0,"status":2,"type":20,"uuid":"B2F9516F-977E-4960-9982-6A9188EFF4D8"}
2018-05-30 15:07:56 	 [DEBUG] 	 <client_im.go:99>  	 offline msg :sender:10002,receiver:10002,timestamp:1527599938,msgId:9011,body:{"ack_msgId":6913,"ack_uuid":"1EA7524E-6A52-469B-A8CC-984FE0EB0DD8","sequeneceId":0,"status":2,"type":20,"uuid":"BC919232-946B-4148-83EF-68FCC6D8A384"}
2018-05-30 15:07:56 	 [DEBUG] 	 <client_im.go:99>  	 offline msg :sender:10002,receiver:10002,timestamp:1527599938,msgId:9012,body:{"ack_msgId":6923,"ack_uuid":"6AA2B155-BE42-4CA2-9849-20E1C9DA4DF6","sequeneceId":0,"status":2,"type":20,"uuid":"0A68CB17-8CC4-4FC8-8DA3-E65EBBC1895E"}
2018-05-30 15:07:56 	 [DEBUG] 	 <client_im.go:99>  	 offline msg :sender:10002,receiver:10002,timestamp:1527599938,msgId:9013,body:{"ack_msgId":6933,"ack_uuid":"EC71D2B0-E144-4C0D-9CF3-E6DB80A8EA67","sequeneceId":0,"status":2,"type":20,"uuid":"86DC568A-D871-40F8-A1CA-A87D50967465"}
2018-05-30 15:07:56 	 [DEBUG] 	 <client_im.go:99>  	 offline msg :sender:10002,receiver:10002,timestamp:1527599938,msgId:9014,body:{"ack_msgId":6943,"ack_uuid":"64E4B01B-30B0-4413-89B8-D198EB8A0C2D","sequeneceId":0,"status":2,"type":20,"uuid":"FF35D5EB-DF5F-43AD-8D84-68C98E7059C2"}
2018-05-30 15:07:56 	 [DEBUG] 	 <client_im.go:99>  	 offline msg :sender:10002,receiver:10002,timestamp:1527599938,msgId:9015,body:{"ack_msgId":6953,"ack_uuid":"3C7812C9-4283-49AC-8718-0CB3288C0A54","sequeneceId":0,"status":2,"type":20,"uuid":"BD801BEF-F2D0-4041-ACBB-E7EAA337D2E5"}
2018-05-30 15:07:56 	 [DEBUG] 	 <client_im.go:99>  	 offline msg :sender:10002,receiver:10002,timestamp:1527599938,msgId:9016,body:{"ack_msgId":6963,"ack_uuid":"ECE387AF-B234-4BDB-BBDB-8EA43FB8D8AE","sequeneceId":0,"status":2,"type":20,"uuid":"48609614-4018-410F-84A9-E4621F448EA1"}
2018-05-30 15:07:56 	 [DEBUG] 	 <client_im.go:99>  	 offline msg :sender:10002,receiver:10002,timestamp:1527599938,msgId:9017,body:{"ack_msgId":6973,"ack_uuid":"7CC607A9-F32E-4078-95B8-3EEDBE993158","sequeneceId":0,"status":2,"type":20,"uuid":"8E12933B-A114-4FA3-BEC6-AAB15345FFCE"}
2018-05-30 15:07:56 	 [DEBUG] 	 <client_im.go:99>  	 offline msg :sender:10002,receiver:10002,timestamp:1527599938,msgId:9018,body:{"ack_msgId":6983,"ack_uuid":"1ACD1DDB-2A72-416D-B79D-D5661E5AEBC2","sequeneceId":0,"status":2,"type":20,"uuid":"CBC8A4FB-FE5A-481A-A722-06451815608A"}
2018-05-30 15:07:56 	 [DEBUG] 	 <client_im.go:99>  	 offline msg :sender:10002,receiver:10002,timestamp:1527599938,msgId:9019,body:{"ack_msgId":6993,"ack_uuid":"D1A14516-614D-49ED-8699-E65FCA40D325","sequeneceId":0,"status":2,"type":20,"uuid":"E33A98AA-5005-4F7C-A44B-EACE96483B76"}
2018-05-30 15:07:56 	 [DEBUG] 	 <client_im.go:99>  	 offline msg :sender:10002,receiver:10002,timestamp:1527599938,msgId:9020,body:{"ack_msgId":7003,"ack_uuid":"7E148031-A559-406B-A4CA-395EC2972858","sequeneceId":0,"status":2,"type":20,"uuid":"8BA848DB-5BE3-44FC-8AAC-224161E1BB3B"}
2018-05-30 15:07:56 	 [DEBUG] 	 <client_im.go:99>  	 offline msg :sender:10002,receiver:10002,timestamp:1527599938,msgId:9021,body:{"ack_msgId":7013,"ack_uuid":"57FB5FF8-57A5-43FF-ACF8-C8C2829FF799","sequeneceId":0,"status":2,"type":20,"uuid":"FD1C65F3-D8AD-49A7-BCCB-24AD9A2217C2"}
2018-05-30 15:07:56 	 [DEBUG] 	 <client_im.go:99>  	 offline msg :sender:10002,receiver:10002,timestamp:1527599938,msgId:9022,body:{"ack_msgId":7023,"ack_uuid":"B709E46D-EF28-40AB-87D9-8C94644CD706","sequeneceId":0,"status":2,"type":20,"uuid":"E7B97EF1-83D4-43D6-B594-6E4BF99D66EA"}
2018-05-30 15:07:56 	 [DEBUG] 	 <client_im.go:99>  	 offline msg :sender:10002,receiver:10002,timestamp:1527599938,msgId:9023,body:{"ack_msgId":7033,"ack_uuid":"A2CA1124-CD21-4B08-8BF3-0F803391CDAB","sequeneceId":0,"status":2,"type":20,"uuid":"C3A28DBC-90E7-45AD-A77E-AD64B1AEB41E"}
2018-05-30 15:07:56 	 [DEBUG] 	 <client_im.go:99>  	 offline msg :sender:10002,receiver:10002,timestamp:1527599938,msgId:9024,body:{"ack_msgId":7043,"ack_uuid":"492DD9B5-E31A-4C04-A472-335EAA54475B","sequeneceId":0,"status":2,"type":20,"uuid":"AE264A68-C788-48B6-B7D4-B522C437AD37"}
2018-05-30 15:07:56 	 [DEBUG] 	 <client_im.go:99>  	 offline msg :sender:10002,receiver:10002,timestamp:1527599938,msgId:9025,body:{"ack_msgId":7053,"ack_uuid":"A5FA9C15-35C5-4B61-9832-AD863DB203BA","sequeneceId":0,"status":2,"type":20,"uuid":"7E36B865-3D47-4A92-8B86-FDB913E9A412"}
2018-05-30 15:07:56 	 [DEBUG] 	 <client_im.go:99>  	 offline msg :sender:10002,receiver:10002,timestamp:1527599938,msgId:9026,body:{"ack_msgId":7063,"ack_uuid":"26C3EE3A-F679-4588-96DC-2B82F187DA4D","sequeneceId":0,"status":2,"type":20,"uuid":"94FAE303-AE59-4B13-BEA3-A9D3F8BFA0B6"}
2018-05-30 15:07:56 	 [DEBUG] 	 <client_im.go:99>  	 offline msg :sender:10002,receiver:10002,timestamp:1527599938,msgId:9027,body:{"ack_msgId":7073,"ack_uuid":"D437B7A6-FD73-44AD-A011-162BA4DF9209","sequeneceId":0,"status":2,"type":20,"uuid":"E6F5E7F2-1648-4CD5-9BFC-2C56FBF50F8F"}
2018-05-30 15:07:56 	 [DEBUG] 	 <client_im.go:99>  	 offline msg :sender:10002,receiver:10002,timestamp:1527599938,msgId:9029,body:{"ack_msgId":7093,"ack_uuid":"74901E59-C4F7-4F9D-BFB6-BF8B87D9DC55","sequeneceId":0,"status":2,"type":20,"uuid":"B21EABE6-109F-405F-B99C-CEE2C6E0B845"}
2018-05-30 15:07:56 	 [DEBUG] 	 <client_im.go:99>  	 offline msg :sender:10002,receiver:10002,timestamp:1527599938,msgId:9030,body:{"ack_msgId":7103,"ack_uuid":"F431BF97-2D31-485C-9F7E-AE9E88692FD4","sequeneceId":0,"status":2,"type":20,"uuid":"A5A51ACC-0313-4D33-BC89-14968B387C38"}
2018-05-30 15:07:56 	 [DEBUG] 	 <client_im.go:99>  	 offline msg :sender:10002,receiver:10002,timestamp:1527599938,msgId:9031,body:{"ack_msgId":7113,"ack_uuid":"48E5B406-6178-4D63-9EDF-4DB1E3195F5B","sequeneceId":0,"status":2,"type":20,"uuid":"B9CC3012-F753-4C7B-9B75-7398460D22DF"}
2018-05-30 15:07:56 	 [DEBUG] 	 <client_im.go:99>  	 offline msg :sender:10002,receiver:10002,timestamp:1527599938,msgId:9032,body:{"ack_msgId":7123,"ack_uuid":"0C1A4C11-74ED-4CE4-BA1F-AE294A1177EC","sequeneceId":0,"status":2,"type":20,"uuid":"D2401C6A-903D-4554-8259-B6887E6C170A"}
2018-05-30 15:07:56 	 [DEBUG] 	 <client_im.go:99>  	 offline msg :sender:10002,receiver:10002,timestamp:1527599938,msgId:9033,body:{"ack_msgId":7133,"ack_uuid":"84C506DD-2281-4A28-B55E-7F598A0E04EB","sequeneceId":0,"status":2,"type":20,"uuid":"DCB3069D-DC3E-489A-97FD-E806AFE19AA7"}
2018-05-30 15:07:56 	 [DEBUG] 	 <client_im.go:99>  	 offline msg :sender:10002,receiver:10002,timestamp:1527599938,msgId:9034,body:{"ack_msgId":7143,"ack_uuid":"6C39FF55-BA88-4FFD-A2B5-883AB4AC2C60","sequeneceId":0,"status":2,"type":20,"uuid":"446D4666-C17E-499A-A934-0C990F61AAC3"}
2018-05-30 15:07:56 	 [DEBUG] 	 <client_im.go:99>  	 offline msg :sender:10002,receiver:10002,timestamp:1527599938,msgId:9035,body:{"ack_msgId":7153,"ack_uuid":"B5DF11D7-274D-4559-B8B6-76086DF40D38","sequeneceId":0,"status":2,"type":20,"uuid":"82657D77-9BCE-431D-ADA2-59CB4F063D8F"}
2018-05-30 15:07:56 	 [DEBUG] 	 <client_im.go:99>  	 offline msg :sender:10002,receiver:10002,timestamp:1527599938,msgId:9036,body:{"ack_msgId":7163,"ack_uuid":"D01D2CFF-3245-4F4F-B779-E6B24E720D71","sequeneceId":0,"status":2,"type":20,"uuid":"99793C0B-0F93-401F-B9E5-CA8077E4E200"}
2018-05-30 15:07:56 	 [DEBUG] 	 <client_im.go:99>  	 offline msg :sender:10002,receiver:10002,timestamp:1527599938,msgId:9037,body:{"ack_msgId":7173,"ack_uuid":"3C32A025-B8A0-430F-B904-DF9E1425524B","sequeneceId":0,"status":2,"type":20,"uuid":"1005DAC6-AFD2-415A-9A20-ACE9B2FC04DA"}
2018-05-30 15:07:56 	 [DEBUG] 	 <client_im.go:99>  	 offline msg :sender:10002,receiver:10002,timestamp:1527599938,msgId:9045,body:{"ack_msgId":7253,"ack_uuid":"F757FEA7-AD17-44C3-99D4-8F9A50C8F028","sequeneceId":0,"status":2,"type":20,"uuid":"9F40C1CA-5D20-493D-BF52-B4AC3807D5DB"}
2018-05-30 15:07:56 	 [DEBUG] 	 <client_im.go:99>  	 offline msg :sender:10002,receiver:10002,timestamp:1527599938,msgId:9046,body:{"ack_msgId":7263,"ack_uuid":"1AC12942-4912-428C-B775-418C53A6F8A9","sequeneceId":0,"status":2,"type":20,"uuid":"A7AA787E-BC32-46DA-BA8B-B10BD01D7715"}
2018-05-30 15:07:56 	 [DEBUG] 	 <client_im.go:99>  	 offline msg :sender:10002,receiver:10002,timestamp:1527599938,msgId:9047,body:{"ack_msgId":7273,"ack_uuid":"60528E2F-15E0-48C4-A8C0-7A769FD9ADBE","sequeneceId":0,"status":2,"type":20,"uuid":"51FEB104-0D0A-4831-BCA8-1431DD109787"}
2018-05-30 15:07:56 	 [DEBUG] 	 <client_im.go:99>  	 offline msg :sender:10002,receiver:10002,timestamp:1527599938,msgId:9048,body:{"ack_msgId":7283,"ack_uuid":"FD8729DC-983B-42AB-8A3C-09D9A75932E7","sequeneceId":0,"status":2,"type":20,"uuid":"8F392C9D-DA5B-457E-B675-F11E46208C79"}
2018-05-30 15:07:56 	 [DEBUG] 	 <client_im.go:99>  	 offline msg :sender:10002,receiver:10002,timestamp:1527599938,msgId:9049,body:{"ack_msgId":7293,"ack_uuid":"4C372CC8-F270-4A0A-B986-388247FDAF30","sequeneceId":0,"status":2,"type":20,"uuid":"AD750999-02E9-44F8-BE60-6A246AE21FA4"}
2018-05-30 15:07:56 	 [DEBUG] 	 <client_im.go:99>  	 offline msg :sender:10002,receiver:10002,timestamp:1527599938,msgId:9050,body:{"ack_msgId":7303,"ack_uuid":"1A7E3C58-BBAC-4837-8FC1-B4F1A812FC0B","sequeneceId":0,"status":2,"type":20,"uuid":"62A22EDC-2469-475D-B707-4F0137758E8B"}
2018-05-30 15:07:56 	 [DEBUG] 	 <client_im.go:99>  	 offline msg :sender:10002,receiver:10002,timestamp:1527599938,msgId:9051,body:{"ack_msgId":7313,"ack_uuid":"F10AB938-E8CA-431E-956D-6C8C28D42F5C","sequeneceId":0,"status":2,"type":20,"uuid":"A1AC37B8-A84B-4349-AF60-B242ABC5C66E"}
2018-05-30 15:07:56 	 [DEBUG] 	 <client_im.go:99>  	 offline msg :sender:10002,receiver:10002,timestamp:1527599938,msgId:9052,body:{"ack_msgId":7323,"ack_uuid":"0DA78C9B-E820-445C-8128-28C3377F46F4","sequeneceId":0,"status":2,"type":20,"uuid":"9064E41C-09A0-4BBB-B536-149317E2785C"}
2018-05-30 15:07:56 	 [DEBUG] 	 <client_im.go:99>  	 offline msg :sender:10002,receiver:10002,timestamp:1527599938,msgId:9053,body:{"ack_msgId":7333,"ack_uuid":"B2FF2EC2-CBDE-4909-8DA7-427B809F8892","sequeneceId":0,"status":2,"type":20,"uuid":"54FE35BD-2592-4C83-A8D5-AE7ABBCCF3E4"}
2018-05-30 15:07:56 	 [DEBUG] 	 <client_im.go:99>  	 offline msg :sender:10002,receiver:10002,timestamp:1527599938,msgId:9098,body:{"ack_msgId":7783,"ack_uuid":"A2B7AA73-FE1B-457F-8E70-AD684C3449DB","sequeneceId":0,"status":2,"type":20,"uuid":"8790DB6B-357C-4941-8AED-EC1F544EB548"}
2018-05-30 15:07:56 	 [DEBUG] 	 <client_im.go:99>  	 offline msg :sender:10002,receiver:10002,timestamp:1527599938,msgId:9099,body:{"ack_msgId":7793,"ack_uuid":"A536181E-D04F-41E0-9C11-8E6F4C958792","sequeneceId":0,"status":2,"type":20,"uuid":"D48C5306-3F4F-4203-BD4D-A23CF76ADFD6"}
2018-05-30 15:07:56 	 [DEBUG] 	 <client_im.go:99>  	 offline msg :sender:10002,receiver:10002,timestamp:1527599938,msgId:9100,body:{"ack_msgId":7803,"ack_uuid":"0A5A22F6-55B8-427B-B9C3-CE1A90C7EB91","sequeneceId":0,"status":2,"type":20,"uuid":"231722A6-8CFE-4EAD-B12C-D065DCBE8C58"}
2018-05-30 15:07:56 	 [DEBUG] 	 <client_im.go:99>  	 offline msg :sender:10002,receiver:10002,timestamp:1527599938,msgId:9101,body:{"ack_msgId":7813,"ack_uuid":"BD9033AA-F865-4C69-8E72-3FC879CBA347","sequeneceId":0,"status":2,"type":20,"uuid":"AF9E20D9-1829-4F5F-92FA-17C283F7DDCD"}
2018-05-30 15:07:56 	 [DEBUG] 	 <client_im.go:99>  	 offline msg :sender:10002,receiver:10002,timestamp:1527599938,msgId:9102,body:{"ack_msgId":7823,"ack_uuid":"60EB3060-879E-44E3-9661-78712100597D","sequeneceId":0,"status":2,"type":20,"uuid":"77CB1B26-658E-4592-B341-0E99617DEE3D"}
2018-05-30 15:07:56 	 [DEBUG] 	 <client_im.go:99>  	 offline msg :sender:10002,receiver:10002,timestamp:1527599938,msgId:9103,body:{"ack_msgId":7833,"ack_uuid":"AABE12ED-3847-4151-A6D7-D959190B36F2","sequeneceId":0,"status":2,"type":20,"uuid":"2751D404-B22A-41C0-98FF-66AAF35A93A4"}
2018-05-30 15:07:56 	 [DEBUG] 	 <client_im.go:99>  	 offline msg :sender:10002,receiver:10002,timestamp:1527599938,msgId:9104,body:{"ack_msgId":7843,"ack_uuid":"6B8ACFB6-2E62-4CAE-BF90-7D80E3E6F583","sequeneceId":0,"status":2,"type":20,"uuid":"75788ECD-F41E-4CE9-8220-65DAC3E2790A"}
2018-05-30 15:07:56 	 [DEBUG] 	 <client_im.go:99>  	 offline msg :sender:10002,receiver:10002,timestamp:1527599938,msgId:9105,body:{"ack_msgId":7853,"ack_uuid":"3B2B6936-1FB7-4797-84F2-948760010F79","sequeneceId":0,"status":2,"type":20,"uuid":"F01D66E9-09BC-4243-8F3A-542EBEF8873B"}
2018-05-30 15:07:56 	 [DEBUG] 	 <client_im.go:99>  	 offline msg :sender:10002,receiver:10002,timestamp:1527599938,msgId:9106,body:{"ack_msgId":7863,"ack_uuid":"52547B0B-2E09-46D9-9CE1-A55F024F06FE","sequeneceId":0,"status":2,"type":20,"uuid":"43D8EAD2-185C-455F-AA0B-A3BF20C80350"}
2018-05-30 15:07:56 	 [DEBUG] 	 <client_im.go:99>  	 offline msg :sender:10002,receiver:10002,timestamp:1527599938,msgId:9107,body:{"ack_msgId":7873,"ack_uuid":"6799DC56-7D44-4ECC-864B-47BF903A3529","sequeneceId":0,"status":2,"type":20,"uuid":"34244511-E588-4CED-861F-430694830B6C"}
2018-05-30 15:07:56 	 [DEBUG] 	 <client_im.go:99>  	 offline msg :sender:10002,receiver:10002,timestamp:1527599938,msgId:9108,body:{"ack_msgId":7883,"ack_uuid":"D21B21EB-E0D4-4166-95BF-B974EFF2D238","sequeneceId":0,"status":2,"type":20,"uuid":"F5F032DE-D395-4C11-842E-563F55F7F493"}
2018-05-30 15:07:56 	 [DEBUG] 	 <client_im.go:99>  	 offline msg :sender:10002,receiver:10002,timestamp:1527599938,msgId:9109,body:{"ack_msgId":7893,"ack_uuid":"CA61F1D0-CA29-4361-8BFC-7F90C4A721B7","sequeneceId":0,"status":2,"type":20,"uuid":"17F645BD-04DD-438D-879B-2F372192E4DA"}
2018-05-30 15:07:56 	 [DEBUG] 	 <client_im.go:99>  	 offline msg :sender:10002,receiver:10002,timestamp:1527599938,msgId:9110,body:{"ack_msgId":7903,"ack_uuid":"7CDBE453-0036-484F-9681-90CB5B7EE9F7","sequeneceId":0,"status":2,"type":20,"uuid":"DEADC1CC-62A7-494D-9A31-BEEF699ADFB4"}
2018-05-30 15:07:56 	 [DEBUG] 	 <client_im.go:99>  	 offline msg :sender:10002,receiver:10002,timestamp:1527599938,msgId:9111,body:{"ack_msgId":7913,"ack_uuid":"3074038E-D9E2-4467-9F03-E812D2835488","sequeneceId":0,"status":2,"type":20,"uuid":"A96075DA-6383-452B-A2ED-3ECCCBF916DF"}
2018-05-30 15:07:56 	 [DEBUG] 	 <client_im.go:99>  	 offline msg :sender:10002,receiver:10002,timestamp:1527599938,msgId:9112,body:{"ack_msgId":7923,"ack_uuid":"C27CBB7E-0922-49A2-9E2E-258CF69E56F5","sequeneceId":0,"status":2,"type":20,"uuid":"4D223CA4-00E5-4553-A1DE-84BFB3D9C6F7"}
2018-05-30 15:07:56 	 [DEBUG] 	 <client_im.go:99>  	 offline msg :sender:10002,receiver:10002,timestamp:1527599938,msgId:9113,body:{"ack_msgId":7933,"ack_uuid":"A4657851-2C0B-4833-B4EB-747138BE85E8","sequeneceId":0,"status":2,"type":20,"uuid":"A90A9A71-0335-4970-A040-EAF4AF576DBC"}
2018-05-30 15:07:56 	 [DEBUG] 	 <client_im.go:99>  	 offline msg :sender:10002,receiver:10002,timestamp:1527599938,msgId:9114,body:{"ack_msgId":7943,"ack_uuid":"8A60C4FF-27B2-440A-8119-2089897944A6","sequeneceId":0,"status":2,"type":20,"uuid":"824BEC71-EF12-4A16-9B9F-4A7645CE81B0"}
2018-05-30 15:07:56 	 [DEBUG] 	 <client_im.go:99>  	 offline msg :sender:10002,receiver:10002,timestamp:1527599938,msgId:9115,body:{"ack_msgId":7953,"ack_uuid":"8039E812-F669-4D1D-A9EB-D488192F82B7","sequeneceId":0,"status":2,"type":20,"uuid":"5183AB7C-724B-411D-B36F-244F29769C24"}
2018-05-30 15:07:56 	 [DEBUG] 	 <client_im.go:99>  	 offline msg :sender:10002,receiver:10002,timestamp:1527599938,msgId:9116,body:{"ack_msgId":7963,"ack_uuid":"401D0F3F-C870-4304-A411-A1DE7A31CE9F","sequeneceId":0,"status":2,"type":20,"uuid":"C3B74A0F-7C1B-40D1-B965-80405EB431EE"}
2018-05-30 15:07:56 	 [DEBUG] 	 <client_im.go:99>  	 offline msg :sender:10002,receiver:10002,timestamp:1527599938,msgId:9117,body:{"ack_msgId":7973,"ack_uuid":"C43C09E6-9CB0-4D3C-BCFD-FC814247DDAD","sequeneceId":0,"status":2,"type":20,"uuid":"7F1FAA6B-1CEA-445E-B722-D66F2501D610"}
2018-05-30 15:07:56 	 [DEBUG] 	 <client_im.go:99>  	 offline msg :sender:10002,receiver:10002,timestamp:1527599938,msgId:9118,body:{"ack_msgId":7983,"ack_uuid":"7D1C1010-9C2D-43AC-8550-DE9F4D7DED2E","sequeneceId":0,"status":2,"type":20,"uuid":"6C26D289-DB49-4105-AC4C-2C483F111EDD"}
2018-05-30 15:07:56 	 [DEBUG] 	 <client_im.go:99>  	 offline msg :sender:10002,receiver:10002,timestamp:1527599938,msgId:9119,body:{"ack_msgId":7993,"ack_uuid":"2D5B81EC-A77B-48CC-AC3C-0DF2C83A1352","sequeneceId":0,"status":2,"type":20,"uuid":"B40FF96E-286A-49D5-B11C-52B09FABFE27"}
2018-05-30 15:07:56 	 [DEBUG] 	 <client_im.go:99>  	 offline msg :sender:10002,receiver:10002,timestamp:1527599938,msgId:9120,body:{"ack_msgId":8003,"ack_uuid":"A8D88335-0F7C-404A-A8D5-A8B8D74AFE85","sequeneceId":0,"status":2,"type":20,"uuid":"B7746504-3AEB-469A-81D6-3FD2474375AE"}
2018-05-30 15:07:56 	 [DEBUG] 	 <client_im.go:99>  	 offline msg :sender:10002,receiver:10002,timestamp:1527599938,msgId:9121,body:{"ack_msgId":8013,"ack_uuid":"FAA1F731-902F-4F45-8D9C-F7AB51D3501F","sequeneceId":0,"status":2,"type":20,"uuid":"1499A578-014F-4BD6-A91D-29782FEB0C32"}
2018-05-30 15:07:56 	 [DEBUG] 	 <client_im.go:99>  	 offline msg :sender:10002,receiver:10002,timestamp:1527599938,msgId:9122,body:{"ack_msgId":8023,"ack_uuid":"4EC720E3-D058-4609-8703-88AD1A7E08B8","sequeneceId":0,"status":2,"type":20,"uuid":"3BAA7F4F-0E95-47F3-B4FC-A53045ED0443"}
2018-05-30 15:07:56 	 [DEBUG] 	 <client_im.go:99>  	 offline msg :sender:10002,receiver:10002,timestamp:1527599938,msgId:9123,body:{"ack_msgId":8033,"ack_uuid":"EDC53A83-B269-4D28-8794-D6813BB16096","sequeneceId":0,"status":2,"type":20,"uuid":"666ED02F-F467-4550-BAAC-FBFF09C7BB42"}
2018-05-30 15:07:56 	 [DEBUG] 	 <client_im.go:99>  	 offline msg :sender:10002,receiver:10002,timestamp:1527599938,msgId:9124,body:{"ack_msgId":8043,"ack_uuid":"B1B54E1B-0814-47A0-B1D8-8F0A1E2D5277","sequeneceId":0,"status":2,"type":20,"uuid":"A921DB2F-3A48-4E7E-BBAF-E709DDE649BA"}
2018-05-30 15:07:56 	 [DEBUG] 	 <client_im.go:99>  	 offline msg :sender:10002,receiver:10002,timestamp:1527599938,msgId:9125,body:{"ack_msgId":8053,"ack_uuid":"266FC21E-6E5C-436F-9E64-57F7F6C6D4AB","sequeneceId":0,"status":2,"type":20,"uuid":"377A54F3-BA15-4F4B-A58A-6730D30B1412"}
2018-05-30 15:07:56 	 [DEBUG] 	 <client_im.go:99>  	 offline msg :sender:10002,receiver:10002,timestamp:1527599938,msgId:9126,body:{"ack_msgId":8063,"ack_uuid":"4781047D-95F3-46CD-B7D9-3B3D72A10BE8","sequeneceId":0,"status":2,"type":20,"uuid":"B6DC6AA9-09B1-439A-B281-CCFC460F5928"}
2018-05-30 15:07:56 	 [DEBUG] 	 <client_im.go:99>  	 offline msg :sender:10002,receiver:10002,timestamp:1527599938,msgId:9127,body:{"ack_msgId":8073,"ack_uuid":"0B4F6166-249C-403A-945E-B5C5A326BC06","sequeneceId":0,"status":2,"type":20,"uuid":"A8825FC2-22EC-4CE3-92BF-3F9CB3C55EE7"}
2018-05-30 15:07:56 	 [DEBUG] 	 <client_im.go:99>  	 offline msg :sender:10002,receiver:10002,timestamp:1527599938,msgId:9128,body:{"ack_msgId":8083,"ack_uuid":"8EBF9257-836C-4837-8137-2BB8248F72E5","sequeneceId":0,"status":2,"type":20,"uuid":"49E0EB93-365A-4DC6-9C93-0945DD031E7F"}
2018-05-30 15:07:56 	 [DEBUG] 	 <client_im.go:99>  	 offline msg :sender:10002,receiver:10002,timestamp:1527599938,msgId:9129,body:{"ack_msgId":8093,"ack_uuid":"9757B236-887C-4B8C-AD07-8DC74CCDC9A8","sequeneceId":0,"status":2,"type":20,"uuid":"B03439D3-E16C-4873-AA5E-0B11116712D2"}
2018-05-30 15:07:56 	 [DEBUG] 	 <client_im.go:99>  	 offline msg :sender:10002,receiver:10002,timestamp:1527599938,msgId:9130,body:{"ack_msgId":8103,"ack_uuid":"418C42D4-2FC4-48F2-B2FA-54ED9CECDC98","sequeneceId":0,"status":2,"type":20,"uuid":"5C96FC87-9122-4F09-ADC6-CD23C023C164"}
2018-05-30 15:07:56 	 [DEBUG] 	 <client_im.go:99>  	 offline msg :sender:10002,receiver:10002,timestamp:1527599938,msgId:9131,body:{"ack_msgId":8113,"ack_uuid":"B0BC1907-1D8D-4B6E-9031-72F2E60ED152","sequeneceId":0,"status":2,"type":20,"uuid":"5D3B5FB3-9433-43BC-B20A-59433814BC2A"}
2018-05-30 15:07:56 	 [DEBUG] 	 <client_im.go:99>  	 offline msg :sender:10002,receiver:10002,timestamp:1527599938,msgId:9132,body:{"ack_msgId":8123,"ack_uuid":"87F42164-3417-4670-A108-3763B650150E","sequeneceId":0,"status":2,"type":20,"uuid":"378D61BC-5E57-445B-A1B9-4B3963373B76"}
2018-05-30 15:07:56 	 [DEBUG] 	 <client_im.go:99>  	 offline msg :sender:10002,receiver:10002,timestamp:1527599938,msgId:9133,body:{"ack_msgId":8133,"ack_uuid":"9D61033F-ED9F-4583-B8B1-96642B3A3DF9","sequeneceId":0,"status":2,"type":20,"uuid":"454572E5-FA7B-4645-A785-CEE4CCACC543"}
2018-05-30 15:07:56 	 [DEBUG] 	 <client_im.go:99>  	 offline msg :sender:10002,receiver:10002,timestamp:1527599938,msgId:9134,body:{"ack_msgId":8143,"ack_uuid":"3B7EA2A5-2BFF-442E-A4AF-5F0BE98F7715","sequeneceId":0,"status":2,"type":20,"uuid":"CE91D9FE-2457-44B8-9667-01678061BFA9"}
2018-05-30 15:07:56 	 [DEBUG] 	 <client_im.go:99>  	 offline msg :sender:10002,receiver:10002,timestamp:1527599938,msgId:9135,body:{"ack_msgId":8153,"ack_uuid":"1C9C20FA-35C1-4525-9EC1-B80BDE49B232","sequeneceId":0,"status":2,"type":20,"uuid":"2D43D3C9-50DE-40CF-8B19-712E04E9D6C7"}
2018-05-30 15:07:56 	 [DEBUG] 	 <client_im.go:99>  	 offline msg :sender:10002,receiver:10002,timestamp:1527599938,msgId:9136,body:{"ack_msgId":8163,"ack_uuid":"16ABD965-3C39-4341-929C-9054BEFC72B2","sequeneceId":0,"status":2,"type":20,"uuid":"338BB39E-F732-4EE6-8972-93DB2FFE9C70"}
2018-05-30 15:07:56 	 [DEBUG] 	 <client_im.go:99>  	 offline msg :sender:10002,receiver:10002,timestamp:1527599938,msgId:9137,body:{"ack_msgId":8173,"ack_uuid":"E88029E5-F7F7-4638-A3F3-C0A39EA27B68","sequeneceId":0,"status":2,"type":20,"uuid":"F2750BB2-2961-444E-91AA-C96ABD798843"}
2018-05-30 15:07:56 	 [DEBUG] 	 <client_im.go:99>  	 offline msg :sender:10002,receiver:10002,timestamp:1527599938,msgId:9138,body:{"ack_msgId":8183,"ack_uuid":"F21A649E-919B-456D-9472-8181D5774652","sequeneceId":0,"status":2,"type":20,"uuid":"5CCF8CD1-43D8-4C03-83C4-9DFF45372226"}
2018-05-30 15:07:56 	 [DEBUG] 	 <client_im.go:99>  	 offline msg :sender:10002,receiver:10002,timestamp:1527599938,msgId:9139,body:{"ack_msgId":8193,"ack_uuid":"46348860-28A3-4563-9DD0-0EBF2F6CEE58","sequeneceId":0,"status":2,"type":20,"uuid":"B1152B15-1E16-41F9-A9B8-272DDAFEC3C6"}
2018-05-30 15:07:56 	 [DEBUG] 	 <client_im.go:99>  	 offline msg :sender:10002,receiver:10002,timestamp:1527599938,msgId:9140,body:{"ack_msgId":8203,"ack_uuid":"856757F6-EE73-4998-93B2-D53E8171FB6C","sequeneceId":0,"status":2,"type":20,"uuid":"1EB18F36-EA42-48CF-96A2-A9BC5D5332DF"}
2018-05-30 15:07:56 	 [DEBUG] 	 <client_im.go:99>  	 offline msg :sender:10002,receiver:10002,timestamp:1527599938,msgId:9141,body:{"ack_msgId":8213,"ack_uuid":"0A11F338-4E4E-4E25-9257-186B3E95DBEB","sequeneceId":0,"status":2,"type":20,"uuid":"AE6B314A-E1FB-47F5-9A34-869504157A03"}
2018-05-30 15:07:56 	 [DEBUG] 	 <client_im.go:99>  	 offline msg :sender:10002,receiver:10002,timestamp:1527599938,msgId:9142,body:{"ack_msgId":8223,"ack_uuid":"6D16DAF5-0061-4E21-96C0-15FB7356A9FB","sequeneceId":0,"status":2,"type":20,"uuid":"8D22851D-7AA6-44E4-8690-50126790FB5F"}
2018-05-30 15:07:56 	 [DEBUG] 	 <client_im.go:99>  	 offline msg :sender:10002,receiver:10002,timestamp:1527599938,msgId:9143,body:{"ack_msgId":8233,"ack_uuid":"567E3911-1BFC-4E0B-91A4-6CB4FAE3C1F9","sequeneceId":0,"status":2,"type":20,"uuid":"8909D826-D9E6-4846-B15A-C3CF02CB5FE8"}
2018-05-30 15:07:56 	 [DEBUG] 	 <client_im.go:99>  	 offline msg :sender:10002,receiver:10002,timestamp:1527599938,msgId:9144,body:{"ack_msgId":8243,"ack_uuid":"92587248-1BBC-4672-A602-DE0FE0EEA2B4","sequeneceId":0,"status":2,"type":20,"uuid":"018A9A3B-9619-484D-B44E-7BBF167904A5"}
2018-05-30 15:07:56 	 [DEBUG] 	 <client_im.go:99>  	 offline msg :sender:10002,receiver:10002,timestamp:1527599938,msgId:9145,body:{"ack_msgId":8253,"ack_uuid":"E51D326A-0A64-497C-90B7-714DA790EEC9","sequeneceId":0,"status":2,"type":20,"uuid":"A99FB43D-31E1-4D39-9B63-C898A3B0CEE6"}
2018-05-30 15:07:56 	 [DEBUG] 	 <client_im.go:99>  	 offline msg :sender:10002,receiver:10002,timestamp:1527599938,msgId:9146,body:{"ack_msgId":8263,"ack_uuid":"2B85CEDD-1634-4F2D-BEA8-DB6B7BF2476D","sequeneceId":0,"status":2,"type":20,"uuid":"EF0C294C-2257-4793-AD4F-AE4C605D02D5"}
2018-05-30 15:07:56 	 [DEBUG] 	 <client_im.go:99>  	 offline msg :sender:10002,receiver:10002,timestamp:1527599938,msgId:9147,body:{"ack_msgId":8273,"ack_uuid":"C21A38E3-BF48-4921-95C1-C6CF4CE338B1","sequeneceId":0,"status":2,"type":20,"uuid":"9B04FC59-A611-43F8-B68A-4BC030C4EB80"}
2018-05-30 15:07:56 	 [DEBUG] 	 <client_im.go:99>  	 offline msg :sender:10002,receiver:10002,timestamp:1527599938,msgId:9148,body:{"ack_msgId":8283,"ack_uuid":"E441B8F7-244E-4092-A513-F718E870CF59","sequeneceId":0,"status":2,"type":20,"uuid":"C6021058-20C5-4D9F-B413-AD6B6890A5C6"}
2018-05-30 15:07:56 	 [DEBUG] 	 <client_im.go:99>  	 offline msg :sender:10002,receiver:10002,timestamp:1527599938,msgId:9149,body:{"ack_msgId":8293,"ack_uuid":"6D83DD41-BE3D-4EC4-9CFD-54D97A2B8EEE","sequeneceId":0,"status":2,"type":20,"uuid":"A3B08668-C74A-458B-8DB1-8C78C937D037"}
2018-05-30 15:07:56 	 [DEBUG] 	 <client_im.go:99>  	 offline msg :sender:10002,receiver:10002,timestamp:1527599938,msgId:9150,body:{"ack_msgId":8303,"ack_uuid":"20B779D6-0AE2-4F03-BBE2-141C92261B58","sequeneceId":0,"status":2,"type":20,"uuid":"51F259B1-DAAC-49F9-BA8C-A90E01A82368"}
2018-05-30 15:07:56 	 [DEBUG] 	 <client_im.go:99>  	 offline msg :sender:10002,receiver:10002,timestamp:1527599938,msgId:9151,body:{"ack_msgId":8313,"ack_uuid":"3417CCF1-43CF-4D9B-BBE3-6C103B711D8E","sequeneceId":0,"status":2,"type":20,"uuid":"F6D19D4F-1E95-445E-B35D-A441CD5212B4"}
2018-05-30 15:07:56 	 [DEBUG] 	 <client_im.go:99>  	 offline msg :sender:10002,receiver:10002,timestamp:1527599938,msgId:9152,body:{"ack_msgId":8323,"ack_uuid":"EA495C49-08D8-4E17-86EA-BE51C32DBDF3","sequeneceId":0,"status":2,"type":20,"uuid":"DE73292B-0B91-419C-BE9E-316D3567D598"}
2018-05-30 15:07:56 	 [DEBUG] 	 <client_im.go:99>  	 offline msg :sender:10002,receiver:10002,timestamp:1527599938,msgId:9153,body:{"ack_msgId":8333,"ack_uuid":"FB561515-3D7F-4829-A0C9-19FC18824B1F","sequeneceId":0,"status":2,"type":20,"uuid":"CADC202A-8166-4CC2-8B6A-89202E0561B4"}
2018-05-30 15:07:56 	 [DEBUG] 	 <client_im.go:99>  	 offline msg :sender:10002,receiver:10002,timestamp:1527599938,msgId:9154,body:{"ack_msgId":8343,"ack_uuid":"9024CB0A-4183-464B-9139-7A42382A3620","sequeneceId":0,"status":2,"type":20,"uuid":"70BDB542-4A8B-4DF6-AB07-FA310F4B82D5"}
2018-05-30 15:07:56 	 [DEBUG] 	 <client_im.go:99>  	 offline msg :sender:10002,receiver:10002,timestamp:1527599938,msgId:9155,body:{"ack_msgId":8353,"ack_uuid":"BA1406F5-DCF6-42AF-9878-BCB16F53AA96","sequeneceId":0,"status":2,"type":20,"uuid":"4B79E7F7-94FB-4F8E-A1CE-0E36FF103595"}
2018-05-30 15:07:56 	 [DEBUG] 	 <client_im.go:99>  	 offline msg :sender:10002,receiver:10002,timestamp:1527599938,msgId:9156,body:{"ack_msgId":8363,"ack_uuid":"0CAE6C5F-A379-44F1-91AD-5A24E6857AD4","sequeneceId":0,"status":2,"type":20,"uuid":"79ECC0D1-C4D7-4FF2-B1CF-360ADEC6EDC0"}
2018-05-30 15:07:56 	 [DEBUG] 	 <client_im.go:99>  	 offline msg :sender:10002,receiver:10002,timestamp:1527599938,msgId:9157,body:{"ack_msgId":8373,"ack_uuid":"B2527BE0-8219-45B8-9E51-7AB7554212BE","sequeneceId":0,"status":2,"type":20,"uuid":"3E745C3C-56FF-4233-8280-30BE053E18BF"}
2018-05-30 15:07:56 	 [DEBUG] 	 <client_im.go:99>  	 offline msg :sender:10002,receiver:10002,timestamp:1527599938,msgId:9185,body:{"ack_msgId":8653,"ack_uuid":"A2BE577A-7E6C-42C6-9BFB-F6EDB5B25263","sequeneceId":0,"status":2,"type":20,"uuid":"0A3FE86C-6B20-4F04-BB3E-2D6EBEB67F3B"}
2018-05-30 15:07:56 	 [DEBUG] 	 <client_im.go:99>  	 offline msg :sender:10002,receiver:10002,timestamp:1527599938,msgId:9186,body:{"ack_msgId":8663,"ack_uuid":"E351CC95-1089-468B-A692-965D3594DB0B","sequeneceId":0,"status":2,"type":20,"uuid":"A26F9743-8F1A-4FD6-A17C-42230F96A43B"}
2018-05-30 15:07:56 	 [DEBUG] 	 <client_im.go:99>  	 offline msg :sender:10002,receiver:10002,timestamp:1527599938,msgId:9187,body:{"ack_msgId":8673,"ack_uuid":"57F7B573-4541-4BE9-B549-8F77B121FD4B","sequeneceId":0,"status":2,"type":20,"uuid":"D7A4D18D-F32E-4A54-A7F6-4D4C8398CE9D"}
2018-05-30 15:07:56 	 [DEBUG] 	 <client_im.go:99>  	 offline msg :sender:10002,receiver:10002,timestamp:1527602758,msgId:9188,body:{"ack_msgId":8683,"ack_uuid":"EEF8A3BC-64AB-4BBD-945E-981AD87AE3B7","sequeneceId":0,"status":2,"type":20,"uuid":"D213018F-D696-44BF-98F4-6BAA02E080F0"}
2018-05-30 15:07:56 	 [DEBUG] 	 <client_im.go:99>  	 offline msg :sender:10002,receiver:10002,timestamp:1527602758,msgId:9189,body:{"ack_msgId":8693,"ack_uuid":"4128255F-1DD3-4D95-BD7F-90FB814E7EBA","sequeneceId":0,"status":2,"type":20,"uuid":"F775528D-82A8-40CF-8022-63497417A2DC"}
2018-05-30 15:07:56 	 [DEBUG] 	 <client_im.go:99>  	 offline msg :sender:10002,receiver:10002,timestamp:1527602758,msgId:9190,body:{"ack_msgId":8703,"ack_uuid":"D2EA2FE5-A2C1-42D0-BE71-F3D08AA8EE39","sequeneceId":0,"status":2,"type":20,"uuid":"3CE1F768-3CCA-4092-8D78-CABF367E10D3"}
2018-05-30 15:07:56 	 [DEBUG] 	 <client_im.go:99>  	 offline msg :sender:10002,receiver:10002,timestamp:1527602758,msgId:9191,body:{"ack_msgId":8713,"ack_uuid":"58A92AAA-E134-4B33-B078-1C031C487E8E","sequeneceId":0,"status":2,"type":20,"uuid":"9E23F6FD-B38C-45E8-B4FD-172D6D90D367"}
2018-05-30 15:07:56 	 [DEBUG] 	 <client_im.go:99>  	 offline msg :sender:10002,receiver:10002,timestamp:1527602758,msgId:9192,body:{"ack_msgId":8723,"ack_uuid":"A1A5CF8F-4A02-4DD8-8762-DCBAAC138E7A","sequeneceId":0,"status":2,"type":20,"uuid":"0BC24331-A25B-47A1-8C4C-BE4774A7F846"}
2018-05-30 15:07:56 	 [DEBUG] 	 <client_im.go:99>  	 offline msg :sender:10002,receiver:10002,timestamp:1527602758,msgId:9193,body:{"ack_msgId":8733,"ack_uuid":"DA5834C6-2868-4312-A29D-80AC015F186B","sequeneceId":0,"status":2,"type":20,"uuid":"AB0B46F2-AD41-4CEC-BC91-E4D48ED0EDC7"}
2018-05-30 15:07:56 	 [DEBUG] 	 <client_im.go:99>  	 offline msg :sender:10002,receiver:10002,timestamp:1527602758,msgId:9194,body:{"ack_msgId":8743,"ack_uuid":"76F14442-C43A-4E84-81AB-46562951057B","sequeneceId":0,"status":2,"type":20,"uuid":"11654533-CFA9-4ED9-A2EA-45ABA7D6FBA5"}
2018-05-30 15:07:56 	 [DEBUG] 	 <client_im.go:99>  	 offline msg :sender:10002,receiver:10002,timestamp:1527602758,msgId:9195,body:{"ack_msgId":8753,"ack_uuid":"7B3FEF58-74DB-421B-861A-91CD0519C077","sequeneceId":0,"status":2,"type":20,"uuid":"B27575A0-213A-4F6A-8AC8-017D6239A6EB"}
2018-05-30 15:07:56 	 [DEBUG] 	 <client_im.go:99>  	 offline msg :sender:10002,receiver:10002,timestamp:1527602758,msgId:9196,body:{"ack_msgId":8763,"ack_uuid":"BC03000B-1943-4BC0-B53B-55E2EAEE6EA0","sequeneceId":0,"status":2,"type":20,"uuid":"FD33D666-5C0F-450D-B4AA-B1270BFA0756"}
2018-05-30 15:07:56 	 [DEBUG] 	 <client_im.go:99>  	 offline msg :sender:10002,receiver:10002,timestamp:1527602758,msgId:9197,body:{"ack_msgId":8773,"ack_uuid":"B8BF3B28-9824-43CF-8D16-E74D3B70F108","sequeneceId":0,"status":2,"type":20,"uuid":"C5B7D548-2309-46D6-8F21-83857FB2EF3D"}
2018-05-30 15:07:56 	 [DEBUG] 	 <client_im.go:99>  	 offline msg :sender:10002,receiver:10002,timestamp:1527602758,msgId:9198,body:{"ack_msgId":8783,"ack_uuid":"6C199B42-FA58-4F9D-BF56-6791E5386369","sequeneceId":0,"status":2,"type":20,"uuid":"2F1F7AEA-FB0E-48B5-8DCD-27541361FB7D"}
2018-05-30 15:07:56 	 [DEBUG] 	 <client_im.go:99>  	 offline msg :sender:10002,receiver:10002,timestamp:1527602758,msgId:9199,body:{"ack_msgId":8793,"ack_uuid":"FE95CCD0-C192-41DC-A63D-AFCA9DB7E576","sequeneceId":0,"status":2,"type":20,"uuid":"94B6F1F3-16E7-484B-A54B-9C381E81E125"}
2018-05-30 15:07:56 	 [DEBUG] 	 <client_im.go:99>  	 offline msg :sender:10002,receiver:10002,timestamp:1527602758,msgId:9200,body:{"ack_msgId":8803,"ack_uuid":"16F330CE-FB8B-40E9-887E-7FAE324E7F44","sequeneceId":0,"status":2,"type":20,"uuid":"DBBA0EF9-15D9-47E0-A89A-512C7192C50A"}
2018-05-30 15:07:56 	 [DEBUG] 	 <client_im.go:99>  	 offline msg :sender:10002,receiver:10002,timestamp:1527602758,msgId:9201,body:{"ack_msgId":8813,"ack_uuid":"F30A3D3D-E9B6-440F-973B-C9F9BFCE0B1A","sequeneceId":0,"status":2,"type":20,"uuid":"FF452966-05F7-4660-A468-3831ACDBFC12"}
2018-05-30 15:07:56 	 [DEBUG] 	 <client_im.go:99>  	 offline msg :sender:10002,receiver:10002,timestamp:1527602758,msgId:9202,body:{"ack_msgId":8823,"ack_uuid":"A5ACBAB7-BF3A-4CEC-9343-05203DB1FD65","sequeneceId":0,"status":2,"type":20,"uuid":"5D606AA6-AB74-4AB5-8F1B-8A37D2D990A8"}
2018-05-30 15:07:56 	 [DEBUG] 	 <client_im.go:99>  	 offline msg :sender:10002,receiver:10002,timestamp:1527602758,msgId:9203,body:{"ack_msgId":8833,"ack_uuid":"CEE86597-EA22-4EC4-A518-E15D5B10C095","sequeneceId":0,"status":2,"type":20,"uuid":"8F7337E8-4DE2-4273-9D96-FF47B0C93775"}
2018-05-30 15:07:56 	 [DEBUG] 	 <client_im.go:99>  	 offline msg :sender:10002,receiver:10002,timestamp:1527602758,msgId:9204,body:{"ack_msgId":8843,"ack_uuid":"3892CA56-306E-4450-9CC5-ECF80BF285D3","sequeneceId":0,"status":2,"type":20,"uuid":"EE2D3187-8D28-45C4-BD60-E8CF68A8D877"}
2018-05-30 15:07:56 	 [DEBUG] 	 <client_im.go:99>  	 offline msg :sender:10002,receiver:10002,timestamp:1527602758,msgId:9205,body:{"ack_msgId":8853,"ack_uuid":"4C5DF766-F1B4-4BEF-B2E3-3032164ED753","sequeneceId":0,"status":2,"type":20,"uuid":"864B3BE6-2BDD-497D-BD34-48997324C74A"}
2018-05-30 15:09:52 	 [DEBUG] 	 <protocol.go:134>  	 sock read error:EOF
2018-05-30 15:09:52 	 [DEBUG] 	 <client.go:83>  	 EOFconnect offline
2018-05-30 15:09:52 	 [DEBUG] 	 <client.go:148>  	 close client:10002, 80d07eb7-09d5-4332-aa4d-01990a291dfd
2018-05-30 15:09:52 	 [DEBUG] 	 <client.go:112>  	 client: 80d07eb7-09d5-4332-aa4d-01990a291dfd 10002 socket closed
2018-05-30 16:26:05 	 [DEBUG] 	 <tcp.go:32>  	 新连接地址为:[192.168.31.41:50824]
2018-05-30 16:26:05 	 [DEBUG] 	 <client_im.go:85>  	 offlineMsg count 1
2018-05-30 16:26:05 	 [DEBUG] 	 <client_im.go:99>  	 offline msg :sender:10002,receiver:10002,timestamp:1527599938,msgId:9154,body:{"ack_msgId":8343,"ack_uuid":"9024CB0A-4183-464B-9139-7A42382A3620","sequeneceId":0,"status":2,"type":20,"uuid":"70BDB542-4A8B-4DF6-AB07-FA310F4B82D5"}
2018-05-30 16:28:08 	 [DEBUG] 	 <client_heartbeat.go:9>  	 heartBeet
2018-05-30 16:30:08 	 [DEBUG] 	 <client_heartbeat.go:9>  	 heartBeet
2018-05-30 16:32:08 	 [DEBUG] 	 <client_heartbeat.go:9>  	 heartBeet
2018-05-30 16:34:06 	 [DEBUG] 	 <protocol.go:134>  	 sock read error:EOF
2018-05-30 16:34:06 	 [DEBUG] 	 <client.go:83>  	 EOFconnect offline
2018-05-30 16:34:06 	 [DEBUG] 	 <client.go:148>  	 close client:10002, 80d07eb7-09d5-4332-aa4d-01990a291dfd
2018-05-30 16:34:06 	 [DEBUG] 	 <client.go:112>  	 client: 80d07eb7-09d5-4332-aa4d-01990a291dfd 10002 socket closed
2018-05-30 16:34:18 	 [DEBUG] 	 <tcp.go:32>  	 新连接地址为:[192.168.31.41:50844]
2018-05-30 16:34:18 	 [DEBUG] 	 <client_im.go:85>  	 offlineMsg count 0
2018-05-30 16:36:07 	 [DEBUG] 	 <protocol.go:134>  	 sock read error:EOF
2018-05-30 16:36:07 	 [DEBUG] 	 <client.go:83>  	 EOFconnect offline
2018-05-30 16:36:07 	 [DEBUG] 	 <client.go:148>  	 close client:10002, 80d07eb7-09d5-4332-aa4d-01990a291dfd
2018-05-30 16:36:07 	 [DEBUG] 	 <client.go:112>  	 client: 80d07eb7-09d5-4332-aa4d-01990a291dfd 10002 socket closed
2018-05-30 16:38:09 	 [DEBUG] 	 <tcp.go:32>  	 新连接地址为:[192.168.31.41:50878]
2018-05-30 16:38:09 	 [DEBUG] 	 <client_im.go:85>  	 offlineMsg count 0
2018-05-30 16:40:12 	 [DEBUG] 	 <client_heartbeat.go:9>  	 heartBeet
2018-05-30 16:42:12 	 [DEBUG] 	 <client_heartbeat.go:9>  	 heartBeet
2018-05-30 16:44:12 	 [DEBUG] 	 <client_heartbeat.go:9>  	 heartBeet
2018-05-30 16:44:57 	 [DEBUG] 	 <protocol.go:134>  	 sock read error:EOF
2018-05-30 16:44:57 	 [DEBUG] 	 <client.go:83>  	 EOFconnect offline
2018-05-30 16:44:57 	 [DEBUG] 	 <client.go:148>  	 close client:10002, 80d07eb7-09d5-4332-aa4d-01990a291dfd
2018-05-30 16:44:57 	 [DEBUG] 	 <client.go:112>  	 client: 80d07eb7-09d5-4332-aa4d-01990a291dfd 10002 socket closed
2018-05-30 16:45:10 	 [DEBUG] 	 <tcp.go:32>  	 新连接地址为:[192.168.31.41:50895]
2018-05-30 16:45:10 	 [DEBUG] 	 <client_im.go:85>  	 offlineMsg count 0
2018-05-30 16:45:52 	 [DEBUG] 	 <protocol.go:134>  	 sock read error:EOF
2018-05-30 16:45:52 	 [DEBUG] 	 <client.go:83>  	 EOFconnect offline
2018-05-30 16:45:52 	 [DEBUG] 	 <client.go:148>  	 close client:10002, 80d07eb7-09d5-4332-aa4d-01990a291dfd
2018-05-30 16:45:52 	 [DEBUG] 	 <client.go:112>  	 client: 80d07eb7-09d5-4332-aa4d-01990a291dfd 10002 socket closed
2018-05-30 16:45:58 	 [DEBUG] 	 <tcp.go:32>  	 新连接地址为:[192.168.31.41:50909]
2018-05-30 16:45:58 	 [DEBUG] 	 <client_im.go:85>  	 offlineMsg count 0
2018-05-30 16:47:16 	 [DEBUG] 	 <protocol.go:134>  	 sock read error:EOF
2018-05-30 16:47:16 	 [DEBUG] 	 <client.go:83>  	 EOFconnect offline
2018-05-30 16:47:16 	 [DEBUG] 	 <client.go:148>  	 close client:10002, 80d07eb7-09d5-4332-aa4d-01990a291dfd
2018-05-30 16:47:16 	 [DEBUG] 	 <client.go:112>  	 client: 80d07eb7-09d5-4332-aa4d-01990a291dfd 10002 socket closed
2018-05-30 16:47:29 	 [DEBUG] 	 <tcp.go:32>  	 新连接地址为:[192.168.31.41:50929]
2018-05-30 16:47:29 	 [DEBUG] 	 <client_im.go:85>  	 offlineMsg count 0
2018-05-30 16:48:52 	 [DEBUG] 	 <protocol.go:134>  	 sock read error:EOF
2018-05-30 16:48:52 	 [DEBUG] 	 <client.go:83>  	 EOFconnect offline
2018-05-30 16:48:52 	 [DEBUG] 	 <client.go:148>  	 close client:10002, 80d07eb7-09d5-4332-aa4d-01990a291dfd
2018-05-30 16:48:52 	 [DEBUG] 	 <client.go:112>  	 client: 80d07eb7-09d5-4332-aa4d-01990a291dfd 10002 socket closed
2018-05-30 16:57:17 	 [DEBUG] 	 <tcp.go:32>  	 新连接地址为:[192.168.31.41:50984]
2018-05-30 16:57:18 	 [DEBUG] 	 <client_im.go:85>  	 offlineMsg count 0
2018-05-30 16:59:20 	 [DEBUG] 	 <client_heartbeat.go:9>  	 heartBeet
2018-05-30 17:01:20 	 [DEBUG] 	 <client_heartbeat.go:9>  	 heartBeet
2018-05-30 17:03:20 	 [DEBUG] 	 <client_heartbeat.go:9>  	 heartBeet
2018-05-30 17:05:20 	 [DEBUG] 	 <client_heartbeat.go:9>  	 heartBeet
2018-05-30 17:07:20 	 [DEBUG] 	 <client_heartbeat.go:9>  	 heartBeet
2018-05-30 17:09:20 	 [DEBUG] 	 <client_heartbeat.go:9>  	 heartBeet
2018-05-30 17:09:51 	 [DEBUG] 	 <protocol.go:134>  	 sock read error:EOF
2018-05-30 17:09:51 	 [DEBUG] 	 <client.go:83>  	 EOFconnect offline
2018-05-30 17:09:51 	 [DEBUG] 	 <client.go:148>  	 close client:10002, 80d07eb7-09d5-4332-aa4d-01990a291dfd
2018-05-30 17:09:51 	 [DEBUG] 	 <client.go:112>  	 client: 80d07eb7-09d5-4332-aa4d-01990a291dfd 10002 socket closed
2018-05-30 18:28:51 	 [DEBUG] 	 <tcp.go:32>  	 新连接地址为:[192.168.31.41:51209]
2018-05-30 18:28:51 	 [DEBUG] 	 <client_im.go:85>  	 offlineMsg count 0
2018-05-30 18:30:53 	 [DEBUG] 	 <client_heartbeat.go:9>  	 heartBeet
2018-05-30 18:31:04 	 [DEBUG] 	 <protocol.go:134>  	 sock read error:EOF
2018-05-30 18:31:04 	 [DEBUG] 	 <client.go:83>  	 EOFconnect offline
2018-05-30 18:31:04 	 [DEBUG] 	 <client.go:148>  	 close client:10002, 80d07eb7-09d5-4332-aa4d-01990a291dfd
2018-05-30 18:31:04 	 [DEBUG] 	 <client.go:112>  	 client: 80d07eb7-09d5-4332-aa4d-01990a291dfd 10002 socket closed
2018-05-30 18:40:18 	 [DEBUG] 	 <tcp.go:32>  	 新连接地址为:[192.168.31.41:51249]
2018-05-30 18:40:18 	 [DEBUG] 	 <client_im.go:85>  	 offlineMsg count 0
2018-05-30 18:41:16 	 [DEBUG] 	 <protocol.go:134>  	 sock read error:EOF
2018-05-30 18:41:16 	 [DEBUG] 	 <client.go:83>  	 EOFconnect offline
2018-05-30 18:41:16 	 [DEBUG] 	 <client.go:148>  	 close client:10002, 80d07eb7-09d5-4332-aa4d-01990a291dfd
2018-05-30 18:41:16 	 [DEBUG] 	 <client.go:112>  	 client: 80d07eb7-09d5-4332-aa4d-01990a291dfd 10002 socket closed
2018-05-30 18:44:44 	 [DEBUG] 	 <tcp.go:32>  	 新连接地址为:[192.168.31.41:51294]
2018-05-30 18:44:44 	 [DEBUG] 	 <client_im.go:85>  	 offlineMsg count 0
2018-05-30 18:45:54 	 [DEBUG] 	 <protocol.go:134>  	 sock read error:EOF
2018-05-30 18:45:54 	 [DEBUG] 	 <client.go:83>  	 EOFconnect offline
2018-05-30 18:45:54 	 [DEBUG] 	 <client.go:148>  	 close client:10002, 80d07eb7-09d5-4332-aa4d-01990a291dfd
2018-05-30 18:45:54 	 [DEBUG] 	 <client.go:112>  	 client: 80d07eb7-09d5-4332-aa4d-01990a291dfd 10002 socket closed
2018-05-30 18:47:17 	 [DEBUG] 	 <tcp.go:32>  	 新连接地址为:[192.168.31.41:51324]
2018-05-30 18:47:17 	 [DEBUG] 	 <client_im.go:85>  	 offlineMsg count 0
2018-05-30 18:48:44 	 [DEBUG] 	 <protocol.go:134>  	 sock read error:EOF
2018-05-30 18:48:44 	 [DEBUG] 	 <client.go:83>  	 EOFconnect offline
2018-05-30 18:48:44 	 [DEBUG] 	 <client.go:148>  	 close client:10002, 80d07eb7-09d5-4332-aa4d-01990a291dfd
2018-05-30 18:48:44 	 [DEBUG] 	 <client.go:112>  	 client: 80d07eb7-09d5-4332-aa4d-01990a291dfd 10002 socket closed
2018-05-30 18:48:52 	 [DEBUG] 	 <tcp.go:32>  	 新连接地址为:[192.168.31.41:51343]
2018-05-30 18:48:52 	 [DEBUG] 	 <client_im.go:85>  	 offlineMsg count 0
2018-05-30 18:50:54 	 [DEBUG] 	 <client_heartbeat.go:9>  	 heartBeet
2018-05-30 18:52:15 	 [DEBUG] 	 <protocol.go:134>  	 sock read error:EOF
2018-05-30 18:52:15 	 [DEBUG] 	 <client.go:83>  	 EOFconnect offline
2018-05-30 18:52:15 	 [DEBUG] 	 <client.go:148>  	 close client:10002, 80d07eb7-09d5-4332-aa4d-01990a291dfd
2018-05-30 18:52:15 	 [DEBUG] 	 <client.go:112>  	 client: 80d07eb7-09d5-4332-aa4d-01990a291dfd 10002 socket closed
2018-05-30 18:53:29 	 [DEBUG] 	 <tcp.go:32>  	 新连接地址为:[192.168.31.41:51376]
2018-05-30 18:53:29 	 [DEBUG] 	 <client_im.go:85>  	 offlineMsg count 0
2018-05-30 18:55:15 	 [DEBUG] 	 <protocol.go:134>  	 sock read error:EOF
2018-05-30 18:55:15 	 [DEBUG] 	 <client.go:83>  	 EOFconnect offline
2018-05-30 18:55:15 	 [DEBUG] 	 <client.go:148>  	 close client:10002, 80d07eb7-09d5-4332-aa4d-01990a291dfd
2018-05-30 18:55:15 	 [DEBUG] 	 <client.go:112>  	 client: 80d07eb7-09d5-4332-aa4d-01990a291dfd 10002 socket closed
2018-05-30 18:55:33 	 [DEBUG] 	 <tcp.go:32>  	 新连接地址为:[192.168.31.41:51393]
2018-05-30 18:55:33 	 [DEBUG] 	 <client_im.go:85>  	 offlineMsg count 0
2018-05-30 18:57:09 	 [DEBUG] 	 <protocol.go:134>  	 sock read error:EOF
2018-05-30 18:57:09 	 [DEBUG] 	 <client.go:83>  	 EOFconnect offline
2018-05-30 18:57:09 	 [DEBUG] 	 <client.go:148>  	 close client:10002, 80d07eb7-09d5-4332-aa4d-01990a291dfd
2018-05-30 18:57:09 	 [DEBUG] 	 <client.go:112>  	 client: 80d07eb7-09d5-4332-aa4d-01990a291dfd 10002 socket closed
2018-05-30 18:57:20 	 [DEBUG] 	 <tcp.go:32>  	 新连接地址为:[192.168.31.41:51409]
2018-05-30 18:57:20 	 [DEBUG] 	 <client_im.go:85>  	 offlineMsg count 0
2018-05-30 18:57:26 	 [DEBUG] 	 <protocol.go:134>  	 sock read error:EOF
2018-05-30 18:57:26 	 [DEBUG] 	 <client.go:83>  	 EOFconnect offline
2018-05-30 18:57:26 	 [DEBUG] 	 <client.go:148>  	 close client:10002, 80d07eb7-09d5-4332-aa4d-01990a291dfd
2018-05-30 18:57:26 	 [DEBUG] 	 <client.go:112>  	 client: 80d07eb7-09d5-4332-aa4d-01990a291dfd 10002 socket closed
2018-05-30 20:17:16 	 [DEBUG] 	 <tcp.go:32>  	 新连接地址为:[192.168.31.41:51452]
2018-05-30 20:17:16 	 [DEBUG] 	 <client_im.go:85>  	 offlineMsg count 0
2018-05-30 20:17:59 	 [DEBUG] 	 <protocol.go:134>  	 sock read error:EOF
2018-05-30 20:17:59 	 [DEBUG] 	 <client.go:83>  	 EOFconnect offline
2018-05-30 20:17:59 	 [DEBUG] 	 <client.go:148>  	 close client:10002, 80d07eb7-09d5-4332-aa4d-01990a291dfd
2018-05-30 20:17:59 	 [DEBUG] 	 <client.go:112>  	 client: 80d07eb7-09d5-4332-aa4d-01990a291dfd 10002 socket closed
2018-05-30 20:18:10 	 [DEBUG] 	 <tcp.go:32>  	 新连接地址为:[192.168.31.41:51468]
2018-05-30 20:18:10 	 [DEBUG] 	 <client_im.go:85>  	 offlineMsg count 0
2018-05-30 20:20:12 	 [DEBUG] 	 <client_heartbeat.go:9>  	 heartBeet
2018-05-30 20:21:22 	 [DEBUG] 	 <protocol.go:134>  	 sock read error:EOF
2018-05-30 20:21:22 	 [DEBUG] 	 <client.go:83>  	 EOFconnect offline
2018-05-30 20:21:22 	 [DEBUG] 	 <client.go:148>  	 close client:10002, 80d07eb7-09d5-4332-aa4d-01990a291dfd
2018-05-30 20:21:22 	 [DEBUG] 	 <client.go:112>  	 client: 80d07eb7-09d5-4332-aa4d-01990a291dfd 10002 socket closed
2018-05-30 20:21:33 	 [DEBUG] 	 <tcp.go:32>  	 新连接地址为:[192.168.31.41:51485]
2018-05-30 20:21:33 	 [DEBUG] 	 <client_im.go:85>  	 offlineMsg count 0
2018-05-30 20:22:56 	 [DEBUG] 	 <protocol.go:134>  	 sock read error:EOF
2018-05-30 20:22:56 	 [DEBUG] 	 <client.go:83>  	 EOFconnect offline
2018-05-30 20:22:56 	 [DEBUG] 	 <client.go:148>  	 close client:10002, 80d07eb7-09d5-4332-aa4d-01990a291dfd
2018-05-30 20:22:56 	 [DEBUG] 	 <client.go:112>  	 client: 80d07eb7-09d5-4332-aa4d-01990a291dfd 10002 socket closed
2018-05-30 20:25:24 	 [DEBUG] 	 <tcp.go:32>  	 新连接地址为:[192.168.31.41:51513]
2018-05-30 20:25:24 	 [DEBUG] 	 <client_im.go:85>  	 offlineMsg count 0
2018-05-30 20:26:25 	 [DEBUG] 	 <protocol.go:134>  	 sock read error:EOF
2018-05-30 20:26:25 	 [DEBUG] 	 <client.go:83>  	 EOFconnect offline
2018-05-30 20:26:25 	 [DEBUG] 	 <client.go:148>  	 close client:10002, 80d07eb7-09d5-4332-aa4d-01990a291dfd
2018-05-30 20:26:25 	 [DEBUG] 	 <client.go:112>  	 client: 80d07eb7-09d5-4332-aa4d-01990a291dfd 10002 socket closed
2018-05-30 20:26:37 	 [DEBUG] 	 <tcp.go:32>  	 新连接地址为:[192.168.31.41:51531]
2018-05-30 20:26:37 	 [DEBUG] 	 <client_im.go:85>  	 offlineMsg count 0
2018-05-30 20:27:15 	 [DEBUG] 	 <protocol.go:134>  	 sock read error:EOF
2018-05-30 20:27:15 	 [DEBUG] 	 <client.go:83>  	 EOFconnect offline
2018-05-30 20:27:15 	 [DEBUG] 	 <client.go:148>  	 close client:10002, 80d07eb7-09d5-4332-aa4d-01990a291dfd
2018-05-30 20:27:15 	 [DEBUG] 	 <client.go:112>  	 client: 80d07eb7-09d5-4332-aa4d-01990a291dfd 10002 socket closed
2018-05-30 20:27:30 	 [DEBUG] 	 <tcp.go:32>  	 新连接地址为:[192.168.31.41:51546]
2018-05-30 20:27:30 	 [DEBUG] 	 <client_im.go:85>  	 offlineMsg count 0
2018-05-30 20:27:57 	 [DEBUG] 	 <protocol.go:134>  	 sock read error:EOF
2018-05-30 20:27:57 	 [DEBUG] 	 <client.go:83>  	 EOFconnect offline
2018-05-30 20:27:57 	 [DEBUG] 	 <client.go:148>  	 close client:10002, 80d07eb7-09d5-4332-aa4d-01990a291dfd
2018-05-30 20:27:57 	 [DEBUG] 	 <client.go:112>  	 client: 80d07eb7-09d5-4332-aa4d-01990a291dfd 10002 socket closed
2018-05-30 20:28:09 	 [DEBUG] 	 <tcp.go:32>  	 新连接地址为:[192.168.31.41:51562]
2018-05-30 20:28:09 	 [DEBUG] 	 <client_im.go:85>  	 offlineMsg count 0
2018-05-30 20:29:14 	 [DEBUG] 	 <protocol.go:134>  	 sock read error:EOF
2018-05-30 20:29:14 	 [DEBUG] 	 <client.go:83>  	 EOFconnect offline
2018-05-30 20:29:14 	 [DEBUG] 	 <client.go:148>  	 close client:10002, 80d07eb7-09d5-4332-aa4d-01990a291dfd
2018-05-30 20:29:14 	 [DEBUG] 	 <client.go:112>  	 client: 80d07eb7-09d5-4332-aa4d-01990a291dfd 10002 socket closed
2018-05-30 20:34:19 	 [DEBUG] 	 <tcp.go:32>  	 新连接地址为:[192.168.31.41:51586]
2018-05-30 20:34:19 	 [DEBUG] 	 <client_im.go:85>  	 offlineMsg count 0
2018-05-30 20:34:25 	 [DEBUG] 	 <protocol.go:134>  	 sock read error:EOF
2018-05-30 20:34:25 	 [DEBUG] 	 <client.go:83>  	 EOFconnect offline
2018-05-30 20:34:25 	 [DEBUG] 	 <client.go:148>  	 close client:10002, 80d07eb7-09d5-4332-aa4d-01990a291dfd
2018-05-30 20:34:25 	 [DEBUG] 	 <client.go:112>  	 client: 80d07eb7-09d5-4332-aa4d-01990a291dfd 10002 socket closed
2018-05-30 20:34:26 	 [DEBUG] 	 <tcp.go:32>  	 新连接地址为:[192.168.31.41:51587]
2018-05-30 20:34:26 	 [DEBUG] 	 <client_im.go:85>  	 offlineMsg count 0
2018-05-30 20:34:51 	 [DEBUG] 	 <protocol.go:134>  	 sock read error:EOF
2018-05-30 20:34:51 	 [DEBUG] 	 <client.go:83>  	 EOFconnect offline
2018-05-30 20:34:51 	 [DEBUG] 	 <client.go:148>  	 close client:10002, 80d07eb7-09d5-4332-aa4d-01990a291dfd
2018-05-30 20:34:51 	 [DEBUG] 	 <client.go:112>  	 client: 80d07eb7-09d5-4332-aa4d-01990a291dfd 10002 socket closed
2018-05-30 20:34:52 	 [DEBUG] 	 <tcp.go:32>  	 新连接地址为:[192.168.31.41:51588]
2018-05-30 20:34:52 	 [DEBUG] 	 <client_im.go:85>  	 offlineMsg count 0
2018-05-30 20:34:52 	 [DEBUG] 	 <protocol.go:134>  	 sock read error:EOF
2018-05-30 20:34:52 	 [DEBUG] 	 <client.go:83>  	 EOFconnect offline
2018-05-30 20:34:52 	 [DEBUG] 	 <client.go:148>  	 close client:10002, 80d07eb7-09d5-4332-aa4d-01990a291dfd
2018-05-30 20:34:52 	 [DEBUG] 	 <client.go:112>  	 client: 80d07eb7-09d5-4332-aa4d-01990a291dfd 10002 socket closed
2018-05-30 20:34:55 	 [DEBUG] 	 <tcp.go:32>  	 新连接地址为:[192.168.31.41:51589]
2018-05-30 20:34:55 	 [DEBUG] 	 <client_im.go:85>  	 offlineMsg count 0
2018-05-30 20:35:20 	 [DEBUG] 	 <protocol.go:134>  	 sock read error:EOF
2018-05-30 20:35:20 	 [DEBUG] 	 <client.go:83>  	 EOFconnect offline
2018-05-30 20:35:20 	 [DEBUG] 	 <client.go:148>  	 close client:10002, 80d07eb7-09d5-4332-aa4d-01990a291dfd
2018-05-30 20:35:20 	 [DEBUG] 	 <client.go:112>  	 client: 80d07eb7-09d5-4332-aa4d-01990a291dfd 10002 socket closed
2018-05-30 20:35:24 	 [DEBUG] 	 <tcp.go:32>  	 新连接地址为:[192.168.31.41:51591]
2018-05-30 20:35:24 	 [DEBUG] 	 <client_im.go:85>  	 offlineMsg count 0
2018-05-30 20:36:31 	 [DEBUG] 	 <protocol.go:134>  	 sock read error:EOF
2018-05-30 20:36:31 	 [DEBUG] 	 <client.go:83>  	 EOFconnect offline
2018-05-30 20:36:31 	 [DEBUG] 	 <client.go:148>  	 close client:10002, 80d07eb7-09d5-4332-aa4d-01990a291dfd
2018-05-30 20:36:31 	 [DEBUG] 	 <client.go:112>  	 client: 80d07eb7-09d5-4332-aa4d-01990a291dfd 10002 socket closed
2018-05-30 20:45:43 	 [DEBUG] 	 <tcp.go:32>  	 新连接地址为:[192.168.31.41:51615]
2018-05-30 20:45:43 	 [DEBUG] 	 <client_heartbeat.go:9>  	 heartBeet
2018-05-30 20:45:43 	 [DEBUG] 	 <client_im.go:85>  	 offlineMsg count 0
2018-05-30 20:46:29 	 [DEBUG] 	 <client_heartbeat.go:9>  	 heartBeet
2018-05-30 20:46:34 	 [DEBUG] 	 <protocol.go:134>  	 sock read error:EOF
2018-05-30 20:46:34 	 [DEBUG] 	 <client.go:83>  	 EOFconnect offline
2018-05-30 20:46:34 	 [DEBUG] 	 <client.go:148>  	 close client:10002, 80d07eb7-09d5-4332-aa4d-01990a291dfd
2018-05-30 20:46:34 	 [DEBUG] 	 <client.go:112>  	 client: 80d07eb7-09d5-4332-aa4d-01990a291dfd 10002 socket closed
2018-05-30 20:46:41 	 [DEBUG] 	 <tcp.go:32>  	 新连接地址为:[192.168.31.41:51639]
2018-05-30 20:46:41 	 [DEBUG] 	 <client_im.go:85>  	 offlineMsg count 0
2018-05-30 20:48:44 	 [DEBUG] 	 <client_heartbeat.go:9>  	 heartBeet
2018-05-30 20:50:44 	 [DEBUG] 	 <client_heartbeat.go:9>  	 heartBeet
2018-05-30 20:50:56 	 [DEBUG] 	 <protocol.go:134>  	 sock read error:EOF
2018-05-30 20:50:56 	 [DEBUG] 	 <client.go:83>  	 EOFconnect offline
2018-05-30 20:50:56 	 [DEBUG] 	 <client.go:148>  	 close client:10002, 80d07eb7-09d5-4332-aa4d-01990a291dfd
2018-05-30 20:50:56 	 [DEBUG] 	 <client.go:112>  	 client: 80d07eb7-09d5-4332-aa4d-01990a291dfd 10002 socket closed
2018-05-30 20:51:08 	 [DEBUG] 	 <tcp.go:32>  	 新连接地址为:[192.168.31.41:51661]
2018-05-30 20:51:08 	 [DEBUG] 	 <client_im.go:85>  	 offlineMsg count 0
2018-05-30 20:53:10 	 [DEBUG] 	 <client_heartbeat.go:9>  	 heartBeet
2018-05-30 20:55:10 	 [DEBUG] 	 <client_heartbeat.go:9>  	 heartBeet
2018-05-30 20:57:07 	 [DEBUG] 	 <protocol.go:134>  	 sock read error:EOF
2018-05-30 20:57:07 	 [DEBUG] 	 <client.go:83>  	 EOFconnect offline
2018-05-30 20:57:07 	 [DEBUG] 	 <client.go:148>  	 close client:10002, 80d07eb7-09d5-4332-aa4d-01990a291dfd
2018-05-30 20:57:07 	 [DEBUG] 	 <client.go:112>  	 client: 80d07eb7-09d5-4332-aa4d-01990a291dfd 10002 socket closed
2018-05-30 20:57:11 	 [DEBUG] 	 <tcp.go:32>  	 新连接地址为:[192.168.31.41:51664]
2018-05-30 20:57:11 	 [DEBUG] 	 <client_heartbeat.go:9>  	 heartBeet
2018-05-30 20:57:11 	 [DEBUG] 	 <client_im.go:85>  	 offlineMsg count 0
2018-05-30 20:57:25 	 [DEBUG] 	 <protocol.go:134>  	 sock read error:EOF
2018-05-30 20:57:25 	 [DEBUG] 	 <client.go:83>  	 EOFconnect offline
2018-05-30 20:57:25 	 [DEBUG] 	 <client.go:148>  	 close client:10002, 80d07eb7-09d5-4332-aa4d-01990a291dfd
2018-05-30 20:57:25 	 [DEBUG] 	 <client.go:112>  	 client: 80d07eb7-09d5-4332-aa4d-01990a291dfd 10002 socket closed
2018-05-30 20:57:28 	 [DEBUG] 	 <tcp.go:32>  	 新连接地址为:[192.168.31.41:51667]
2018-05-30 20:57:28 	 [DEBUG] 	 <client_im.go:85>  	 offlineMsg count 0
2018-05-30 20:57:35 	 [DEBUG] 	 <protocol.go:134>  	 sock read error:EOF
2018-05-30 20:57:35 	 [DEBUG] 	 <client.go:83>  	 EOFconnect offline
2018-05-30 20:57:35 	 [DEBUG] 	 <client.go:148>  	 close client:10002, 80d07eb7-09d5-4332-aa4d-01990a291dfd
2018-05-30 20:57:35 	 [DEBUG] 	 <client.go:112>  	 client: 80d07eb7-09d5-4332-aa4d-01990a291dfd 10002 socket closed
2018-05-30 20:57:38 	 [DEBUG] 	 <tcp.go:32>  	 新连接地址为:[192.168.31.41:51670]
2018-05-30 20:57:38 	 [DEBUG] 	 <client_im.go:85>  	 offlineMsg count 0
2018-05-30 20:57:47 	 [DEBUG] 	 <protocol.go:134>  	 sock read error:EOF
2018-05-30 20:57:47 	 [DEBUG] 	 <client.go:83>  	 EOFconnect offline
2018-05-30 20:57:47 	 [DEBUG] 	 <client.go:148>  	 close client:10002, 80d07eb7-09d5-4332-aa4d-01990a291dfd
2018-05-30 20:57:47 	 [DEBUG] 	 <client.go:112>  	 client: 80d07eb7-09d5-4332-aa4d-01990a291dfd 10002 socket closed
2018-05-30 20:57:50 	 [DEBUG] 	 <tcp.go:32>  	 新连接地址为:[192.168.31.41:51672]
2018-05-30 20:57:50 	 [DEBUG] 	 <client_im.go:85>  	 offlineMsg count 0
2018-05-30 20:57:57 	 [DEBUG] 	 <protocol.go:134>  	 sock read error:EOF
2018-05-30 20:57:57 	 [DEBUG] 	 <client.go:83>  	 EOFconnect offline
2018-05-30 20:57:57 	 [DEBUG] 	 <client.go:148>  	 close client:10002, 80d07eb7-09d5-4332-aa4d-01990a291dfd
2018-05-30 20:57:57 	 [DEBUG] 	 <client.go:112>  	 client: 80d07eb7-09d5-4332-aa4d-01990a291dfd 10002 socket closed
2018-05-30 20:58:00 	 [DEBUG] 	 <tcp.go:32>  	 新连接地址为:[192.168.31.41:51675]
2018-05-30 20:58:00 	 [DEBUG] 	 <client_im.go:85>  	 offlineMsg count 0
2018-05-30 20:58:07 	 [DEBUG] 	 <protocol.go:134>  	 sock read error:EOF
2018-05-30 20:58:07 	 [DEBUG] 	 <client.go:83>  	 EOFconnect offline
2018-05-30 20:58:07 	 [DEBUG] 	 <client.go:148>  	 close client:10002, 80d07eb7-09d5-4332-aa4d-01990a291dfd
2018-05-30 20:58:07 	 [DEBUG] 	 <client.go:112>  	 client: 80d07eb7-09d5-4332-aa4d-01990a291dfd 10002 socket closed
2018-05-30 20:58:10 	 [DEBUG] 	 <tcp.go:32>  	 新连接地址为:[192.168.31.41:51677]
2018-05-30 20:58:10 	 [DEBUG] 	 <client_im.go:85>  	 offlineMsg count 0
2018-05-30 20:58:17 	 [DEBUG] 	 <protocol.go:134>  	 sock read error:EOF
2018-05-30 20:58:17 	 [DEBUG] 	 <client.go:83>  	 EOFconnect offline
2018-05-30 20:58:17 	 [DEBUG] 	 <client.go:148>  	 close client:10002, 80d07eb7-09d5-4332-aa4d-01990a291dfd
2018-05-30 20:58:17 	 [DEBUG] 	 <client.go:112>  	 client: 80d07eb7-09d5-4332-aa4d-01990a291dfd 10002 socket closed
2018-05-30 20:58:20 	 [DEBUG] 	 <tcp.go:32>  	 新连接地址为:[192.168.31.41:51680]
2018-05-30 20:58:20 	 [DEBUG] 	 <client_im.go:85>  	 offlineMsg count 0
2018-05-30 20:59:10 	 [DEBUG] 	 <client_heartbeat.go:9>  	 heartBeet
2018-05-30 21:01:10 	 [DEBUG] 	 <client_heartbeat.go:9>  	 heartBeet
2018-05-30 21:02:35 	 [DEBUG] 	 <protocol.go:134>  	 sock read error:EOF
2018-05-30 21:02:35 	 [DEBUG] 	 <client.go:83>  	 EOFconnect offline
2018-05-30 21:02:35 	 [DEBUG] 	 <client.go:148>  	 close client:10002, 80d07eb7-09d5-4332-aa4d-01990a291dfd
2018-05-30 21:02:35 	 [DEBUG] 	 <client.go:112>  	 client: 80d07eb7-09d5-4332-aa4d-01990a291dfd 10002 socket closed
2018-05-30 21:02:38 	 [DEBUG] 	 <tcp.go:32>  	 新连接地址为:[192.168.31.41:51682]
2018-05-30 21:02:38 	 [DEBUG] 	 <client_im.go:85>  	 offlineMsg count 0
2018-05-30 21:02:42 	 [DEBUG] 	 <protocol.go:134>  	 sock read error:EOF
2018-05-30 21:02:42 	 [DEBUG] 	 <client.go:83>  	 EOFconnect offline
2018-05-30 21:02:42 	 [DEBUG] 	 <client.go:148>  	 close client:10002, 80d07eb7-09d5-4332-aa4d-01990a291dfd
2018-05-30 21:02:42 	 [DEBUG] 	 <client.go:112>  	 client: 80d07eb7-09d5-4332-aa4d-01990a291dfd 10002 socket closed
2018-05-30 21:02:45 	 [DEBUG] 	 <tcp.go:32>  	 新连接地址为:[192.168.31.41:51685]
2018-05-30 21:02:45 	 [DEBUG] 	 <client_im.go:85>  	 offlineMsg count 0
2018-05-30 21:02:54 	 [DEBUG] 	 <protocol.go:134>  	 sock read error:EOF
2018-05-30 21:02:54 	 [DEBUG] 	 <client.go:83>  	 EOFconnect offline
2018-05-30 21:02:54 	 [DEBUG] 	 <client.go:148>  	 close client:10002, 80d07eb7-09d5-4332-aa4d-01990a291dfd
2018-05-30 21:02:54 	 [DEBUG] 	 <client.go:112>  	 client: 80d07eb7-09d5-4332-aa4d-01990a291dfd 10002 socket closed
2018-05-30 21:02:56 	 [DEBUG] 	 <tcp.go:32>  	 新连接地址为:[192.168.31.41:51688]
2018-05-30 21:02:56 	 [DEBUG] 	 <client_im.go:85>  	 offlineMsg count 0
2018-05-30 21:03:05 	 [DEBUG] 	 <protocol.go:134>  	 sock read error:EOF
2018-05-30 21:03:05 	 [DEBUG] 	 <client.go:83>  	 EOFconnect offline
2018-05-30 21:03:05 	 [DEBUG] 	 <client.go:148>  	 close client:10002, 80d07eb7-09d5-4332-aa4d-01990a291dfd
2018-05-30 21:03:05 	 [DEBUG] 	 <client.go:112>  	 client: 80d07eb7-09d5-4332-aa4d-01990a291dfd 10002 socket closed
2018-05-30 21:03:07 	 [DEBUG] 	 <tcp.go:32>  	 新连接地址为:[192.168.31.41:51691]
2018-05-30 21:03:07 	 [DEBUG] 	 <client_im.go:85>  	 offlineMsg count 0
2018-05-30 21:03:10 	 [DEBUG] 	 <client_heartbeat.go:9>  	 heartBeet
2018-05-30 21:03:15 	 [DEBUG] 	 <protocol.go:134>  	 sock read error:EOF
2018-05-30 21:03:15 	 [DEBUG] 	 <client.go:83>  	 EOFconnect offline
2018-05-30 21:03:15 	 [DEBUG] 	 <client.go:148>  	 close client:10002, 80d07eb7-09d5-4332-aa4d-01990a291dfd
2018-05-30 21:03:15 	 [DEBUG] 	 <client.go:112>  	 client: 80d07eb7-09d5-4332-aa4d-01990a291dfd 10002 socket closed
2018-05-30 21:03:18 	 [DEBUG] 	 <tcp.go:32>  	 新连接地址为:[192.168.31.41:51694]
2018-05-30 21:03:18 	 [DEBUG] 	 <client_im.go:85>  	 offlineMsg count 0
2018-05-30 21:03:26 	 [DEBUG] 	 <protocol.go:134>  	 sock read error:EOF
2018-05-30 21:03:26 	 [DEBUG] 	 <client.go:83>  	 EOFconnect offline
2018-05-30 21:03:26 	 [DEBUG] 	 <client.go:148>  	 close client:10002, 80d07eb7-09d5-4332-aa4d-01990a291dfd
2018-05-30 21:03:26 	 [DEBUG] 	 <client.go:112>  	 client: 80d07eb7-09d5-4332-aa4d-01990a291dfd 10002 socket closed
2018-05-30 21:03:28 	 [DEBUG] 	 <tcp.go:32>  	 新连接地址为:[192.168.31.41:51696]
2018-05-30 21:03:28 	 [DEBUG] 	 <client_im.go:85>  	 offlineMsg count 0
2018-05-30 21:03:38 	 [DEBUG] 	 <protocol.go:134>  	 sock read error:EOF
2018-05-30 21:03:38 	 [DEBUG] 	 <client.go:83>  	 EOFconnect offline
2018-05-30 21:03:38 	 [DEBUG] 	 <client.go:148>  	 close client:10002, 80d07eb7-09d5-4332-aa4d-01990a291dfd
2018-05-30 21:03:38 	 [DEBUG] 	 <client.go:112>  	 client: 80d07eb7-09d5-4332-aa4d-01990a291dfd 10002 socket closed
2018-05-30 21:03:40 	 [DEBUG] 	 <tcp.go:32>  	 新连接地址为:[192.168.31.41:51698]
2018-05-30 21:03:40 	 [DEBUG] 	 <client_im.go:85>  	 offlineMsg count 0
2018-05-30 21:03:50 	 [DEBUG] 	 <protocol.go:134>  	 sock read error:EOF
2018-05-30 21:03:50 	 [DEBUG] 	 <client.go:83>  	 EOFconnect offline
2018-05-30 21:03:50 	 [DEBUG] 	 <client.go:148>  	 close client:10002, 80d07eb7-09d5-4332-aa4d-01990a291dfd
2018-05-30 21:03:50 	 [DEBUG] 	 <client.go:112>  	 client: 80d07eb7-09d5-4332-aa4d-01990a291dfd 10002 socket closed
2018-05-30 21:03:52 	 [DEBUG] 	 <tcp.go:32>  	 新连接地址为:[192.168.31.41:51700]
2018-05-30 21:03:52 	 [DEBUG] 	 <client_im.go:85>  	 offlineMsg count 0
2018-05-30 21:04:50 	 [DEBUG] 	 <protocol.go:134>  	 sock read error:EOF
2018-05-30 21:04:50 	 [DEBUG] 	 <client.go:83>  	 EOFconnect offline
2018-05-30 21:04:50 	 [DEBUG] 	 <client.go:148>  	 close client:10002, 80d07eb7-09d5-4332-aa4d-01990a291dfd
2018-05-30 21:04:50 	 [DEBUG] 	 <client.go:112>  	 client: 80d07eb7-09d5-4332-aa4d-01990a291dfd 10002 socket closed
2018-05-30 21:04:53 	 [DEBUG] 	 <tcp.go:32>  	 新连接地址为:[192.168.31.41:51702]
2018-05-30 21:04:53 	 [DEBUG] 	 <client_im.go:85>  	 offlineMsg count 0
2018-05-30 21:05:00 	 [DEBUG] 	 <protocol.go:134>  	 sock read error:EOF
2018-05-30 21:05:00 	 [DEBUG] 	 <client.go:83>  	 EOFconnect offline
2018-05-30 21:05:00 	 [DEBUG] 	 <client.go:148>  	 close client:10002, 80d07eb7-09d5-4332-aa4d-01990a291dfd
2018-05-30 21:05:00 	 [DEBUG] 	 <client.go:112>  	 client: 80d07eb7-09d5-4332-aa4d-01990a291dfd 10002 socket closed
2018-05-30 21:05:02 	 [DEBUG] 	 <tcp.go:32>  	 新连接地址为:[192.168.31.41:51705]
2018-05-30 21:05:02 	 [DEBUG] 	 <client_im.go:85>  	 offlineMsg count 0
2018-05-30 21:05:03 	 [DEBUG] 	 <protocol.go:134>  	 sock read error:EOF
2018-05-30 21:05:03 	 [DEBUG] 	 <client.go:83>  	 EOFconnect offline
2018-05-30 21:05:03 	 [DEBUG] 	 <client.go:148>  	 close client:10002, 80d07eb7-09d5-4332-aa4d-01990a291dfd
2018-05-30 21:05:03 	 [DEBUG] 	 <client.go:112>  	 client: 80d07eb7-09d5-4332-aa4d-01990a291dfd 10002 socket closed
2018-05-30 21:05:06 	 [DEBUG] 	 <tcp.go:32>  	 新连接地址为:[192.168.31.41:51708]
2018-05-30 21:05:06 	 [DEBUG] 	 <client_im.go:85>  	 offlineMsg count 0
2018-05-30 21:05:08 	 [DEBUG] 	 <protocol.go:134>  	 sock read error:EOF
2018-05-30 21:05:08 	 [DEBUG] 	 <client.go:83>  	 EOFconnect offline
2018-05-30 21:05:08 	 [DEBUG] 	 <client.go:148>  	 close client:10002, 80d07eb7-09d5-4332-aa4d-01990a291dfd
2018-05-30 21:05:08 	 [DEBUG] 	 <client.go:112>  	 client: 80d07eb7-09d5-4332-aa4d-01990a291dfd 10002 socket closed
2018-05-30 21:05:10 	 [DEBUG] 	 <tcp.go:32>  	 新连接地址为:[192.168.31.41:51711]
2018-05-30 21:05:10 	 [DEBUG] 	 <client_heartbeat.go:9>  	 heartBeet
2018-05-30 21:05:10 	 [DEBUG] 	 <client_im.go:85>  	 offlineMsg count 0
2018-05-30 21:05:20 	 [DEBUG] 	 <protocol.go:134>  	 sock read error:EOF
2018-05-30 21:05:20 	 [DEBUG] 	 <client.go:83>  	 EOFconnect offline
2018-05-30 21:05:20 	 [DEBUG] 	 <client.go:148>  	 close client:10002, 80d07eb7-09d5-4332-aa4d-01990a291dfd
2018-05-30 21:05:20 	 [DEBUG] 	 <client.go:112>  	 client: 80d07eb7-09d5-4332-aa4d-01990a291dfd 10002 socket closed
2018-05-30 21:05:22 	 [DEBUG] 	 <tcp.go:32>  	 新连接地址为:[192.168.31.41:51714]
2018-05-30 21:05:22 	 [DEBUG] 	 <client_im.go:85>  	 offlineMsg count 0
2018-05-30 21:05:32 	 [DEBUG] 	 <protocol.go:134>  	 sock read error:EOF
2018-05-30 21:05:32 	 [DEBUG] 	 <client.go:83>  	 EOFconnect offline
2018-05-30 21:05:32 	 [DEBUG] 	 <client.go:148>  	 close client:10002, 80d07eb7-09d5-4332-aa4d-01990a291dfd
2018-05-30 21:05:32 	 [DEBUG] 	 <client.go:112>  	 client: 80d07eb7-09d5-4332-aa4d-01990a291dfd 10002 socket closed
2018-05-30 21:05:34 	 [DEBUG] 	 <tcp.go:32>  	 新连接地址为:[192.168.31.41:51716]
2018-05-30 21:05:34 	 [DEBUG] 	 <client_im.go:85>  	 offlineMsg count 0
2018-05-30 21:05:45 	 [DEBUG] 	 <protocol.go:134>  	 sock read error:EOF
2018-05-30 21:05:45 	 [DEBUG] 	 <client.go:83>  	 EOFconnect offline
2018-05-30 21:05:45 	 [DEBUG] 	 <client.go:148>  	 close client:10002, 80d07eb7-09d5-4332-aa4d-01990a291dfd
2018-05-30 21:05:45 	 [DEBUG] 	 <client.go:112>  	 client: 80d07eb7-09d5-4332-aa4d-01990a291dfd 10002 socket closed
2018-05-30 21:05:47 	 [DEBUG] 	 <tcp.go:32>  	 新连接地址为:[192.168.31.41:51718]
2018-05-30 21:05:47 	 [DEBUG] 	 <client_im.go:85>  	 offlineMsg count 0
2018-05-30 21:05:55 	 [DEBUG] 	 <protocol.go:134>  	 sock read error:EOF
2018-05-30 21:05:55 	 [DEBUG] 	 <client.go:83>  	 EOFconnect offline
2018-05-30 21:05:55 	 [DEBUG] 	 <client.go:148>  	 close client:10002, 80d07eb7-09d5-4332-aa4d-01990a291dfd
2018-05-30 21:05:55 	 [DEBUG] 	 <client.go:112>  	 client: 80d07eb7-09d5-4332-aa4d-01990a291dfd 10002 socket closed
2018-05-30 21:05:58 	 [DEBUG] 	 <tcp.go:32>  	 新连接地址为:[192.168.31.41:51721]
2018-05-30 21:05:58 	 [DEBUG] 	 <client_im.go:85>  	 offlineMsg count 0
2018-05-30 21:06:11 	 [DEBUG] 	 <protocol.go:134>  	 sock read error:EOF
2018-05-30 21:06:11 	 [DEBUG] 	 <client.go:83>  	 EOFconnect offline
2018-05-30 21:06:11 	 [DEBUG] 	 <client.go:148>  	 close client:10002, 80d07eb7-09d5-4332-aa4d-01990a291dfd
2018-05-30 21:06:11 	 [DEBUG] 	 <client.go:112>  	 client: 80d07eb7-09d5-4332-aa4d-01990a291dfd 10002 socket closed
2018-05-30 21:06:13 	 [DEBUG] 	 <tcp.go:32>  	 新连接地址为:[192.168.31.41:51723]
2018-05-30 21:06:13 	 [DEBUG] 	 <client_im.go:85>  	 offlineMsg count 0
2018-05-30 21:06:22 	 [DEBUG] 	 <protocol.go:134>  	 sock read error:EOF
2018-05-30 21:06:22 	 [DEBUG] 	 <client.go:83>  	 EOFconnect offline
2018-05-30 21:06:22 	 [DEBUG] 	 <client.go:148>  	 close client:10002, 80d07eb7-09d5-4332-aa4d-01990a291dfd
2018-05-30 21:06:22 	 [DEBUG] 	 <client.go:112>  	 client: 80d07eb7-09d5-4332-aa4d-01990a291dfd 10002 socket closed
2018-05-30 21:06:24 	 [DEBUG] 	 <tcp.go:32>  	 新连接地址为:[192.168.31.41:51725]
2018-05-30 21:06:24 	 [DEBUG] 	 <client_im.go:85>  	 offlineMsg count 0
2018-05-30 21:06:34 	 [DEBUG] 	 <protocol.go:134>  	 sock read error:EOF
2018-05-30 21:06:34 	 [DEBUG] 	 <client.go:83>  	 EOFconnect offline
2018-05-30 21:06:34 	 [DEBUG] 	 <client.go:148>  	 close client:10002, 80d07eb7-09d5-4332-aa4d-01990a291dfd
2018-05-30 21:06:34 	 [DEBUG] 	 <client.go:112>  	 client: 80d07eb7-09d5-4332-aa4d-01990a291dfd 10002 socket closed
2018-05-30 21:06:37 	 [DEBUG] 	 <tcp.go:32>  	 新连接地址为:[192.168.31.41:51727]
2018-05-30 21:06:37 	 [DEBUG] 	 <client_im.go:85>  	 offlineMsg count 0
2018-05-30 21:07:10 	 [DEBUG] 	 <client_heartbeat.go:9>  	 heartBeet
2018-05-30 21:08:02 	 [DEBUG] 	 <protocol.go:134>  	 sock read error:EOF
2018-05-30 21:08:02 	 [DEBUG] 	 <client.go:83>  	 EOFconnect offline
2018-05-30 21:08:02 	 [DEBUG] 	 <client.go:148>  	 close client:10002, 80d07eb7-09d5-4332-aa4d-01990a291dfd
2018-05-30 21:08:02 	 [DEBUG] 	 <client.go:112>  	 client: 80d07eb7-09d5-4332-aa4d-01990a291dfd 10002 socket closed
2018-05-30 21:23:47 	 [DEBUG] 	 <tcp.go:32>  	 新连接地址为:[192.168.31.41:51772]
2018-05-30 21:23:47 	 [DEBUG] 	 <client_im.go:85>  	 offlineMsg count 0
2018-05-30 21:25:17 	 [DEBUG] 	 <protocol.go:134>  	 sock read error:EOF
2018-05-30 21:25:17 	 [DEBUG] 	 <client.go:83>  	 EOFconnect offline
2018-05-30 21:25:17 	 [DEBUG] 	 <client.go:148>  	 close client:10002, 80d07eb7-09d5-4332-aa4d-01990a291dfd
2018-05-30 21:25:17 	 [DEBUG] 	 <client.go:112>  	 client: 80d07eb7-09d5-4332-aa4d-01990a291dfd 10002 socket closed
