2018-08-06 04:50:26 	 [FATAL] 	 <main.go:52>  	 open mail_body: no such file or directory
2018-08-06 04:50:26 	 [ INFO] 	 <main.go:54>  	 
2018-08-06 04:50:44 	 [ INFO] 	 <main.go:54>  	 <tr>
          <td style="background-color:#fff;border-radius:6px;padding:40px 40px 0">
            <table>
              <tbody><tr height="40">
                <td style="padding-left:25px;padding-right:25px;font-size:18px;font-family:'\005fae\008f6f\0096c5\009ed1','\009ed1\004f53',arial">
                  尊敬的<a href="mailto:%!s(MISSING)" target="_blank">flywithbug@gmail.com</a>，您好,
                </td>
              </tr>
              <tr height="15">
                <td></td>
              </tr>
              <tr height="30">
                <td style="padding-left:55px;padding-right:55px;font-family:'\005fae\008f6f\0096c5\009ed1','\009ed1\004f53',arial;font-size:14px">
                  感谢您使用足迹的服务。
                </td>
              </tr>
              <tr height="30">
                <td style="padding-left:55px;padding-right:55px;font-family:'\005fae\008f6f\0096c5\009ed1','\009ed1\004f53',arial;font-size:14px">
                  请点击以下链接进行邮箱验证：
                </td>
              </tr>
              <tr height="60">
                <td style="padding-left:55px;padding-right:55px;font-family:'\005fae\008f6f\0096c5\009ed1','\009ed1\004f53',arial;font-size:14px">
                  <a href="%!s(MISSING)" style="display:inline-block;color:#fff;line-height:40px;background-color:#1989fa;border-radius:5px;text-align:center;text-decoration:none;font-size:14px;padding:1px 30px" target="_blank" data-saferedirecturl="%!s(MISSING)">
                    马上验证邮箱
                  </a>
                </td>
              </tr>
              <tr height="10">
                <td></td>
              </tr>
              <tr height="20">
                <td style="padding-left:55px;padding-right:55px;font-family:'\005fae\008f6f\0096c5\009ed1','\009ed1\004f53',arial;font-size:12px">
                  如果您无法点击以上链接，请复制以下网址到浏览器里直接打开：
                </td>
              </tr>
              <tr height="30">
                <td style="padding-left:55px;padding-right:65px;font-family:'\005fae\008f6f\0096c5\009ed1','\009ed1\004f53',arial;line-height:18px">
                  <a style="color:#0c94de;font-size:12px" href="%!s(MISSING)" target="_blank" data-saferedirecturl="%!s(MISSING)">
                    %!s(MISSING)
                  </a>
                </td>
              </tr>
              <tr height="20">
                <td style="padding-left:55px;padding-right:55px;font-family:'\005fae\008f6f\0096c5\009ed1','\009ed1\004f53',arial;font-size:12px">
                  如果您并未申请足迹账户，可能是其他用户误输入了您的邮箱地址。。
                </td>
              </tr>
              <tr height="20">
                <td></td>
              </tr>
            </tbody></table>
          </td>
        </tr>
