2018-06-09 01:26:40 	 [DEBUG] 	 <tcp.go:32>  	 新连接地址为:[192.168.31.41:61115]
2018-06-09 01:26:40 	 [DEBUG] 	 <client_im.go:88>  	 offlineMsg count 0
2018-06-09 01:26:49 	 [DEBUG] 	 <connection.go:106>  	 TODO(need offline push )can't send message, appid:10 uid:10001 cmd:4
2018-06-09 01:26:59 	 [DEBUG] 	 <tcp.go:32>  	 新连接地址为:[127.0.0.1:58970]
2018-06-09 01:26:59 	 [DEBUG] 	 <client_im.go:88>  	 offlineMsg count 1
2018-06-09 01:26:59 	 [DEBUG] 	 <client_im.go:102>  	 offline msg :sender:10002,receiver:10001,timestamp:1528478809,msgId:185,body:{"content":"gKPCjuomkWdHIv13892929899vUlPn8ypgtrsMmTAqjPhaHh3ZPHnZa0gZXG02KLsIkAZ9NcPnf5CBVKNOjvfdR5O9TtW1kXRCwkxveiFc69NmU5CuvehCDDNip2rMv5bgwUS6i4mT9d3mPofxE5mgqGo1JAS9guqqhttp:\/\/blog.flywithme.top","receiver_id":"d5f75fbc-4f64-4f78-b320-2ca770847800","sender_id":"80d07eb7-09d5-4332-aa4d-01990a291dfd","type":1,"uuid":"6C6716A5-FF4E-4DD7-AF2D-8C100B0890AD"}
2018-06-09 01:28:41 	 [DEBUG] 	 <client_heartbeat.go:9>  	 heartBeet
2018-06-09 01:28:59 	 [DEBUG] 	 <client_heartbeat.go:9>  	 heartBeet
2018-06-09 01:29:22 	 [DEBUG] 	 <protocol.go:134>  	 sock read error:EOF
2018-06-09 01:29:22 	 [DEBUG] 	 <client.go:83>  	 EOFconnect offline
2018-06-09 01:29:22 	 [DEBUG] 	 <client.go:148>  	 close client:10002, 80d07eb7-09d5-4332-aa4d-01990a291dfd
2018-06-09 01:29:22 	 [DEBUG] 	 <client.go:112>  	 client: 80d07eb7-09d5-4332-aa4d-01990a291dfd 10002 socket closed
2018-06-09 01:29:33 	 [DEBUG] 	 <tcp.go:32>  	 新连接地址为:[192.168.31.41:61157]
2018-06-09 01:29:33 	 [DEBUG] 	 <client_im.go:88>  	 offlineMsg count 0
2018-06-09 01:30:20 	 [DEBUG] 	 <protocol.go:134>  	 sock read error:EOF
2018-06-09 01:30:20 	 [DEBUG] 	 <client.go:83>  	 EOFconnect offline
2018-06-09 01:30:20 	 [DEBUG] 	 <client.go:148>  	 close client:10002, 80d07eb7-09d5-4332-aa4d-01990a291dfd
2018-06-09 01:30:20 	 [DEBUG] 	 <client.go:112>  	 client: 80d07eb7-09d5-4332-aa4d-01990a291dfd 10002 socket closed
2018-06-09 01:30:31 	 [DEBUG] 	 <tcp.go:32>  	 新连接地址为:[192.168.31.41:61197]
2018-06-09 01:30:31 	 [DEBUG] 	 <client_im.go:88>  	 offlineMsg count 0
2018-06-09 01:31:00 	 [DEBUG] 	 <client_heartbeat.go:9>  	 heartBeet
2018-06-09 01:31:37 	 [DEBUG] 	 <protocol.go:134>  	 sock read error:EOF
2018-06-09 01:31:37 	 [DEBUG] 	 <client.go:83>  	 EOFconnect offline
2018-06-09 01:31:37 	 [DEBUG] 	 <client.go:148>  	 close client:10002, 80d07eb7-09d5-4332-aa4d-01990a291dfd
2018-06-09 01:31:37 	 [DEBUG] 	 <client.go:112>  	 client: 80d07eb7-09d5-4332-aa4d-01990a291dfd 10002 socket closed
2018-06-09 01:31:51 	 [DEBUG] 	 <tcp.go:32>  	 新连接地址为:[192.168.31.41:61239]
2018-06-09 01:31:51 	 [DEBUG] 	 <client_im.go:88>  	 offlineMsg count 0
2018-06-09 01:32:59 	 [DEBUG] 	 <client_heartbeat.go:9>  	 heartBeet
2018-06-09 01:33:30 	 [DEBUG] 	 <protocol.go:134>  	 sock read error:EOF
2018-06-09 01:33:30 	 [DEBUG] 	 <client.go:83>  	 EOFconnect offline
2018-06-09 01:33:30 	 [DEBUG] 	 <client.go:148>  	 close client:10002, 80d07eb7-09d5-4332-aa4d-01990a291dfd
2018-06-09 01:33:30 	 [DEBUG] 	 <client.go:112>  	 client: 80d07eb7-09d5-4332-aa4d-01990a291dfd 10002 socket closed
2018-06-09 01:33:42 	 [DEBUG] 	 <tcp.go:32>  	 新连接地址为:[192.168.31.41:61281]
2018-06-09 01:33:42 	 [DEBUG] 	 <client_im.go:88>  	 offlineMsg count 0
2018-06-09 01:33:51 	 [DEBUG] 	 <protocol.go:134>  	 sock read error:EOF
2018-06-09 01:33:51 	 [DEBUG] 	 <client.go:83>  	 EOFconnect offline
2018-06-09 01:33:51 	 [DEBUG] 	 <client.go:148>  	 close client:10002, 80d07eb7-09d5-4332-aa4d-01990a291dfd
2018-06-09 01:33:51 	 [DEBUG] 	 <client.go:112>  	 client: 80d07eb7-09d5-4332-aa4d-01990a291dfd 10002 socket closed
2018-06-09 01:34:59 	 [DEBUG] 	 <client_heartbeat.go:9>  	 heartBeet
2018-06-09 01:35:14 	 [DEBUG] 	 <tcp.go:32>  	 新连接地址为:[192.168.31.41:61364]
2018-06-09 01:35:14 	 [DEBUG] 	 <client_im.go:88>  	 offlineMsg count 0
2018-06-09 01:36:59 	 [DEBUG] 	 <client_heartbeat.go:9>  	 heartBeet
2018-06-09 01:37:17 	 [DEBUG] 	 <client_heartbeat.go:9>  	 heartBeet
2018-06-09 01:37:49 	 [DEBUG] 	 <tcp.go:32>  	 新连接地址为:[192.168.31.82:53752]
2018-06-09 01:37:49 	 [ WARN] 	 <login.go:36>  	 sql: no rows in result set
2018-06-09 01:37:49 	 [ WARN] 	 <auth_handle.go:37>  	 get login by token error, auth:Token:5eac1ff3-1828-4a7f-8187-c41f4eb237f3,PlatformType:1,DeviceId:28330583-468A-4485-99BB-8E5F49DE9C61
2018-06-09 01:37:49 	 [ WARN] 	 <auth_handle.go:38>  	 根据Token获取用户登录错误
2018-06-09 01:39:02 	 [DEBUG] 	 <client_heartbeat.go:9>  	 heartBeet
2018-06-09 01:39:04 	 [DEBUG] 	 <protocol.go:134>  	 sock read error:EOF
2018-06-09 01:39:04 	 [DEBUG] 	 <client.go:83>  	 EOFconnect offline
2018-06-09 01:39:04 	 [DEBUG] 	 <client.go:148>  	 close client:0, 
2018-06-09 01:39:04 	 [DEBUG] 	 <client.go:112>  	 client:  0 socket closed
2018-06-09 01:39:16 	 [DEBUG] 	 <protocol.go:134>  	 sock read error:EOF
2018-06-09 01:39:16 	 [DEBUG] 	 <client.go:83>  	 EOFconnect offline
2018-06-09 01:39:16 	 [DEBUG] 	 <client.go:148>  	 close client:10001, d5f75fbc-4f64-4f78-b320-2ca770847800
2018-06-09 01:39:16 	 [DEBUG] 	 <client.go:112>  	 client: d5f75fbc-4f64-4f78-b320-2ca770847800 10001 socket closed
2018-06-09 01:39:17 	 [DEBUG] 	 <client_heartbeat.go:9>  	 heartBeet
2018-06-09 01:39:22 	 [DEBUG] 	 <tcp.go:32>  	 新连接地址为:[127.0.0.1:59179]
2018-06-09 01:39:22 	 [DEBUG] 	 <client_im.go:88>  	 offlineMsg count 0
2018-06-09 01:39:39 	 [DEBUG] 	 <protocol.go:134>  	 sock read error:EOF
2018-06-09 01:39:39 	 [DEBUG] 	 <client.go:83>  	 EOFconnect offline
2018-06-09 01:39:39 	 [DEBUG] 	 <client.go:148>  	 close client:10001, d5f75fbc-4f64-4f78-b320-2ca770847800
2018-06-09 01:39:39 	 [DEBUG] 	 <client.go:112>  	 client: d5f75fbc-4f64-4f78-b320-2ca770847800 10001 socket closed
2018-06-09 01:39:48 	 [DEBUG] 	 <tcp.go:32>  	 新连接地址为:[127.0.0.1:59186]
2018-06-09 01:39:48 	 [DEBUG] 	 <client_im.go:88>  	 offlineMsg count 0
2018-06-09 01:41:14 	 [DEBUG] 	 <protocol.go:134>  	 sock read error:EOF
2018-06-09 01:41:14 	 [DEBUG] 	 <client.go:83>  	 EOFconnect offline
2018-06-09 01:41:14 	 [DEBUG] 	 <client.go:148>  	 close client:10002, 80d07eb7-09d5-4332-aa4d-01990a291dfd
2018-06-09 01:41:14 	 [DEBUG] 	 <client.go:112>  	 client: 80d07eb7-09d5-4332-aa4d-01990a291dfd 10002 socket closed
2018-06-09 01:41:27 	 [DEBUG] 	 <tcp.go:32>  	 新连接地址为:[192.168.31.41:61406]
2018-06-09 01:41:27 	 [DEBUG] 	 <client_im.go:88>  	 offlineMsg count 0
2018-06-09 01:41:43 	 [DEBUG] 	 <protocol.go:134>  	 sock read error:EOF
2018-06-09 01:41:43 	 [DEBUG] 	 <client.go:83>  	 EOFconnect offline
2018-06-09 01:41:43 	 [DEBUG] 	 <client.go:148>  	 close client:10002, 80d07eb7-09d5-4332-aa4d-01990a291dfd
2018-06-09 01:41:43 	 [DEBUG] 	 <client.go:112>  	 client: 80d07eb7-09d5-4332-aa4d-01990a291dfd 10002 socket closed
2018-06-09 01:41:51 	 [DEBUG] 	 <client_heartbeat.go:9>  	 heartBeet
2018-06-09 01:41:54 	 [DEBUG] 	 <tcp.go:32>  	 新连接地址为:[192.168.31.82:53754]
2018-06-09 01:41:54 	 [ WARN] 	 <login.go:36>  	 sql: no rows in result set
2018-06-09 01:41:54 	 [ WARN] 	 <auth_handle.go:37>  	 get login by token error, auth:Token:5eac1ff3-1828-4a7f-8187-c41f4eb237f3,PlatformType:1,DeviceId:28330583-468A-4485-99BB-8E5F49DE9C61
2018-06-09 01:41:54 	 [ WARN] 	 <auth_handle.go:38>  	 根据Token获取用户登录错误
2018-06-09 01:41:55 	 [DEBUG] 	 <tcp.go:32>  	 新连接地址为:[192.168.31.41:61446]
2018-06-09 01:41:55 	 [DEBUG] 	 <client_im.go:88>  	 offlineMsg count 0
2018-06-09 01:41:56 	 [DEBUG] 	 <protocol.go:134>  	 sock read error:EOF
2018-06-09 01:41:56 	 [DEBUG] 	 <client.go:83>  	 EOFconnect offline
2018-06-09 01:41:56 	 [DEBUG] 	 <client.go:148>  	 close client:0, 
2018-06-09 01:41:56 	 [DEBUG] 	 <client.go:112>  	 client:  0 socket closed
2018-06-09 01:41:57 	 [DEBUG] 	 <tcp.go:32>  	 新连接地址为:[192.168.31.82:53762]
2018-06-09 01:41:57 	 [ WARN] 	 <login.go:36>  	 sql: no rows in result set
2018-06-09 01:41:57 	 [ WARN] 	 <auth_handle.go:37>  	 get login by token error, auth:Token:5eac1ff3-1828-4a7f-8187-c41f4eb237f3,PlatformType:1,DeviceId:28330583-468A-4485-99BB-8E5F49DE9C61
2018-06-09 01:41:57 	 [ WARN] 	 <auth_handle.go:38>  	 根据Token获取用户登录错误
2018-06-09 01:41:57 	 [DEBUG] 	 <protocol.go:134>  	 sock read error:EOF
2018-06-09 01:41:57 	 [DEBUG] 	 <client.go:83>  	 EOFconnect offline
2018-06-09 01:41:57 	 [DEBUG] 	 <client.go:148>  	 close client:0, 
2018-06-09 01:41:57 	 [DEBUG] 	 <client.go:112>  	 client:  0 socket closed
2018-06-09 01:43:03 	 [DEBUG] 	 <protocol.go:134>  	 sock read error:EOF
2018-06-09 01:43:03 	 [DEBUG] 	 <client.go:83>  	 EOFconnect offline
2018-06-09 01:43:03 	 [DEBUG] 	 <client.go:148>  	 close client:10002, 80d07eb7-09d5-4332-aa4d-01990a291dfd
2018-06-09 01:43:03 	 [DEBUG] 	 <client.go:112>  	 client: 80d07eb7-09d5-4332-aa4d-01990a291dfd 10002 socket closed
2018-06-09 01:43:13 	 [DEBUG] 	 <protocol.go:134>  	 sock read error:EOF
2018-06-09 01:43:13 	 [DEBUG] 	 <client.go:83>  	 EOFconnect offline
2018-06-09 01:43:13 	 [DEBUG] 	 <client.go:148>  	 close client:10001, d5f75fbc-4f64-4f78-b320-2ca770847800
2018-06-09 01:43:13 	 [DEBUG] 	 <client.go:112>  	 client: d5f75fbc-4f64-4f78-b320-2ca770847800 10001 socket closed
2018-06-09 01:43:20 	 [DEBUG] 	 <tcp.go:32>  	 新连接地址为:[127.0.0.1:59296]
2018-06-09 01:43:20 	 [DEBUG] 	 <client_im.go:88>  	 offlineMsg count 0
2018-06-09 01:43:49 	 [DEBUG] 	 <protocol.go:134>  	 sock read error:EOF
2018-06-09 01:43:49 	 [DEBUG] 	 <client.go:83>  	 EOFconnect offline
2018-06-09 01:43:49 	 [DEBUG] 	 <client.go:148>  	 close client:10001, d5f75fbc-4f64-4f78-b320-2ca770847800
2018-06-09 01:43:49 	 [DEBUG] 	 <client.go:112>  	 client: d5f75fbc-4f64-4f78-b320-2ca770847800 10001 socket closed
2018-06-09 01:43:55 	 [DEBUG] 	 <tcp.go:32>  	 新连接地址为:[127.0.0.1:59328]
2018-06-09 01:43:55 	 [DEBUG] 	 <client_im.go:88>  	 offlineMsg count 0
2018-06-09 01:45:25 	 [DEBUG] 	 <tcp.go:32>  	 新连接地址为:[192.168.31.41:61491]
2018-06-09 01:45:25 	 [DEBUG] 	 <client_im.go:88>  	 offlineMsg count 0
2018-06-09 01:45:54 	 [DEBUG] 	 <protocol.go:134>  	 sock read error:EOF
2018-06-09 01:45:54 	 [DEBUG] 	 <client.go:83>  	 EOFconnect offline
2018-06-09 01:45:54 	 [DEBUG] 	 <client.go:148>  	 close client:10002, 80d07eb7-09d5-4332-aa4d-01990a291dfd
2018-06-09 01:45:54 	 [DEBUG] 	 <client.go:112>  	 client: 80d07eb7-09d5-4332-aa4d-01990a291dfd 10002 socket closed
2018-06-09 01:45:57 	 [DEBUG] 	 <client_heartbeat.go:9>  	 heartBeet
2018-06-09 01:46:05 	 [DEBUG] 	 <tcp.go:32>  	 新连接地址为:[192.168.31.41:61531]
2018-06-09 01:46:05 	 [DEBUG] 	 <client_im.go:88>  	 offlineMsg count 0
2018-06-09 01:46:17 	 [DEBUG] 	 <protocol.go:134>  	 sock read error:EOF
2018-06-09 01:46:17 	 [DEBUG] 	 <client.go:83>  	 EOFconnect offline
2018-06-09 01:46:17 	 [DEBUG] 	 <client.go:148>  	 close client:10002, 80d07eb7-09d5-4332-aa4d-01990a291dfd
2018-06-09 01:46:17 	 [DEBUG] 	 <client.go:112>  	 client: 80d07eb7-09d5-4332-aa4d-01990a291dfd 10002 socket closed
2018-06-09 01:46:46 	 [DEBUG] 	 <tcp.go:32>  	 新连接地址为:[192.168.31.41:61576]
2018-06-09 01:46:46 	 [DEBUG] 	 <client_im.go:88>  	 offlineMsg count 0
2018-06-09 01:47:15 	 [DEBUG] 	 <protocol.go:134>  	 sock read error:EOF
2018-06-09 01:47:15 	 [DEBUG] 	 <client.go:83>  	 EOFconnect offline
2018-06-09 01:47:15 	 [DEBUG] 	 <client.go:148>  	 close client:10002, 80d07eb7-09d5-4332-aa4d-01990a291dfd
2018-06-09 01:47:15 	 [DEBUG] 	 <client.go:112>  	 client: 80d07eb7-09d5-4332-aa4d-01990a291dfd 10002 socket closed
2018-06-09 01:47:57 	 [DEBUG] 	 <client_heartbeat.go:9>  	 heartBeet
2018-06-09 01:49:49 	 [DEBUG] 	 <tcp.go:32>  	 新连接地址为:[192.168.31.41:61620]
2018-06-09 01:49:49 	 [DEBUG] 	 <client_im.go:88>  	 offlineMsg count 0
2018-06-09 01:49:51 	 [DEBUG] 	 <tcp.go:32>  	 新连接地址为:[192.168.31.82:53800]
2018-06-09 01:49:51 	 [DEBUG] 	 <client_heartbeat.go:9>  	 heartBeet
2018-06-09 01:49:51 	 [ WARN] 	 <login.go:36>  	 sql: no rows in result set
2018-06-09 01:49:51 	 [ WARN] 	 <auth_handle.go:37>  	 get login by token error, auth:Token:5eac1ff3-1828-4a7f-8187-c41f4eb237f3,PlatformType:1,DeviceId:28330583-468A-4485-99BB-8E5F49DE9C61
2018-06-09 01:49:51 	 [ WARN] 	 <auth_handle.go:38>  	 根据Token获取用户登录错误
2018-06-09 01:49:52 	 [DEBUG] 	 <protocol.go:134>  	 sock read error:EOF
2018-06-09 01:49:52 	 [DEBUG] 	 <client.go:83>  	 EOFconnect offline
2018-06-09 01:49:52 	 [DEBUG] 	 <client.go:148>  	 close client:0, 
2018-06-09 01:49:52 	 [DEBUG] 	 <client.go:112>  	 client:  0 socket closed
2018-06-09 01:49:57 	 [DEBUG] 	 <client_heartbeat.go:9>  	 heartBeet
2018-06-09 01:51:51 	 [DEBUG] 	 <protocol.go:134>  	 sock read error:EOF
2018-06-09 01:51:51 	 [DEBUG] 	 <client.go:83>  	 EOFconnect offline
2018-06-09 01:51:51 	 [DEBUG] 	 <client.go:148>  	 close client:10002, 80d07eb7-09d5-4332-aa4d-01990a291dfd
2018-06-09 01:51:51 	 [DEBUG] 	 <client.go:112>  	 client: 80d07eb7-09d5-4332-aa4d-01990a291dfd 10002 socket closed
2018-06-09 01:51:58 	 [DEBUG] 	 <client_heartbeat.go:9>  	 heartBeet
2018-06-09 01:52:03 	 [DEBUG] 	 <tcp.go:32>  	 新连接地址为:[192.168.31.41:61662]
2018-06-09 01:52:03 	 [DEBUG] 	 <client_im.go:88>  	 offlineMsg count 0
2018-06-09 01:53:05 	 [DEBUG] 	 <protocol.go:134>  	 sock read error:EOF
2018-06-09 01:53:05 	 [DEBUG] 	 <client.go:83>  	 EOFconnect offline
2018-06-09 01:53:05 	 [DEBUG] 	 <client.go:148>  	 close client:10002, 80d07eb7-09d5-4332-aa4d-01990a291dfd
2018-06-09 01:53:05 	 [DEBUG] 	 <client.go:112>  	 client: 80d07eb7-09d5-4332-aa4d-01990a291dfd 10002 socket closed
2018-06-09 01:53:17 	 [DEBUG] 	 <tcp.go:32>  	 新连接地址为:[192.168.31.41:61704]
2018-06-09 01:53:17 	 [DEBUG] 	 <client_im.go:88>  	 offlineMsg count 0
2018-06-09 01:53:55 	 [DEBUG] 	 <client_heartbeat.go:9>  	 heartBeet
2018-06-09 01:54:48 	 [DEBUG] 	 <protocol.go:134>  	 sock read error:EOF
2018-06-09 01:54:48 	 [DEBUG] 	 <client.go:83>  	 EOFconnect offline
2018-06-09 01:54:48 	 [DEBUG] 	 <client.go:148>  	 close client:10002, 80d07eb7-09d5-4332-aa4d-01990a291dfd
2018-06-09 01:54:48 	 [DEBUG] 	 <client.go:112>  	 client: 80d07eb7-09d5-4332-aa4d-01990a291dfd 10002 socket closed
2018-06-09 01:55:00 	 [DEBUG] 	 <tcp.go:32>  	 新连接地址为:[192.168.31.41:61746]
2018-06-09 01:55:00 	 [DEBUG] 	 <client_im.go:88>  	 offlineMsg count 0
2018-06-09 01:55:58 	 [DEBUG] 	 <client_heartbeat.go:9>  	 heartBeet
2018-06-09 01:57:01 	 [DEBUG] 	 <protocol.go:134>  	 sock read error:EOF
2018-06-09 01:57:01 	 [DEBUG] 	 <client.go:83>  	 EOFconnect offline
2018-06-09 01:57:01 	 [DEBUG] 	 <client.go:148>  	 close client:10002, 80d07eb7-09d5-4332-aa4d-01990a291dfd
2018-06-09 01:57:01 	 [DEBUG] 	 <client.go:112>  	 client: 80d07eb7-09d5-4332-aa4d-01990a291dfd 10002 socket closed
2018-06-09 01:57:19 	 [DEBUG] 	 <tcp.go:32>  	 新连接地址为:[192.168.31.41:61788]
2018-06-09 01:57:19 	 [DEBUG] 	 <client_im.go:88>  	 offlineMsg count 0
2018-06-09 01:57:37 	 [DEBUG] 	 <protocol.go:134>  	 sock read error:EOF
2018-06-09 01:57:37 	 [DEBUG] 	 <client.go:83>  	 EOFconnect offline
2018-06-09 01:57:37 	 [DEBUG] 	 <client.go:148>  	 close client:10002, 80d07eb7-09d5-4332-aa4d-01990a291dfd
2018-06-09 01:57:37 	 [DEBUG] 	 <client.go:112>  	 client: 80d07eb7-09d5-4332-aa4d-01990a291dfd 10002 socket closed
2018-06-09 01:57:49 	 [DEBUG] 	 <tcp.go:32>  	 新连接地址为:[192.168.31.41:61828]
2018-06-09 01:57:49 	 [DEBUG] 	 <client_im.go:88>  	 offlineMsg count 0
2018-06-09 01:57:58 	 [DEBUG] 	 <client_heartbeat.go:9>  	 heartBeet
2018-06-09 01:58:39 	 [DEBUG] 	 <protocol.go:134>  	 sock read error:EOF
2018-06-09 01:58:39 	 [DEBUG] 	 <client.go:83>  	 EOFconnect offline
2018-06-09 01:58:39 	 [DEBUG] 	 <client.go:148>  	 close client:10002, 80d07eb7-09d5-4332-aa4d-01990a291dfd
2018-06-09 01:58:39 	 [DEBUG] 	 <client.go:112>  	 client: 80d07eb7-09d5-4332-aa4d-01990a291dfd 10002 socket closed
2018-06-09 01:58:51 	 [DEBUG] 	 <tcp.go:32>  	 新连接地址为:[192.168.31.41:61868]
2018-06-09 01:58:51 	 [DEBUG] 	 <client_im.go:88>  	 offlineMsg count 0
2018-06-09 01:59:13 	 [DEBUG] 	 <protocol.go:134>  	 sock read error:EOF
2018-06-09 01:59:13 	 [DEBUG] 	 <client.go:83>  	 EOFconnect offline
2018-06-09 01:59:13 	 [DEBUG] 	 <client.go:148>  	 close client:10002, 80d07eb7-09d5-4332-aa4d-01990a291dfd
2018-06-09 01:59:13 	 [DEBUG] 	 <client.go:112>  	 client: 80d07eb7-09d5-4332-aa4d-01990a291dfd 10002 socket closed
2018-06-09 01:59:25 	 [DEBUG] 	 <tcp.go:32>  	 新连接地址为:[192.168.31.41:61910]
2018-06-09 01:59:25 	 [DEBUG] 	 <client_im.go:88>  	 offlineMsg count 0
2018-06-09 01:59:57 	 [DEBUG] 	 <client_heartbeat.go:9>  	 heartBeet
2018-06-09 02:01:20 	 [DEBUG] 	 <protocol.go:134>  	 sock read error:EOF
2018-06-09 02:01:20 	 [DEBUG] 	 <client.go:83>  	 EOFconnect offline
2018-06-09 02:01:20 	 [DEBUG] 	 <client.go:148>  	 close client:10002, 80d07eb7-09d5-4332-aa4d-01990a291dfd
2018-06-09 02:01:20 	 [DEBUG] 	 <client.go:112>  	 client: 80d07eb7-09d5-4332-aa4d-01990a291dfd 10002 socket closed
2018-06-09 02:01:32 	 [DEBUG] 	 <tcp.go:32>  	 新连接地址为:[192.168.31.41:61952]
2018-06-09 02:01:32 	 [DEBUG] 	 <client_im.go:88>  	 offlineMsg count 0
2018-06-09 02:01:58 	 [DEBUG] 	 <client_heartbeat.go:9>  	 heartBeet
2018-06-09 02:02:35 	 [DEBUG] 	 <protocol.go:134>  	 sock read error:EOF
2018-06-09 02:02:35 	 [DEBUG] 	 <client.go:83>  	 EOFconnect offline
2018-06-09 02:02:35 	 [DEBUG] 	 <client.go:148>  	 close client:10002, 80d07eb7-09d5-4332-aa4d-01990a291dfd
2018-06-09 02:02:35 	 [DEBUG] 	 <client.go:112>  	 client: 80d07eb7-09d5-4332-aa4d-01990a291dfd 10002 socket closed
2018-06-09 02:02:47 	 [DEBUG] 	 <tcp.go:32>  	 新连接地址为:[192.168.31.41:61994]
2018-06-09 02:02:47 	 [DEBUG] 	 <client_im.go:88>  	 offlineMsg count 0
2018-06-09 02:03:57 	 [DEBUG] 	 <client_heartbeat.go:9>  	 heartBeet
2018-06-09 02:04:50 	 [DEBUG] 	 <client_heartbeat.go:9>  	 heartBeet
2018-06-09 02:05:56 	 [DEBUG] 	 <client_heartbeat.go:9>  	 heartBeet
2018-06-09 02:06:50 	 [DEBUG] 	 <client_heartbeat.go:9>  	 heartBeet
2018-06-09 02:07:56 	 [DEBUG] 	 <client_heartbeat.go:9>  	 heartBeet
2018-06-09 02:08:50 	 [DEBUG] 	 <client_heartbeat.go:9>  	 heartBeet
2018-06-09 02:09:22 	 [DEBUG] 	 <protocol.go:134>  	 sock read error:EOF
2018-06-09 02:09:22 	 [DEBUG] 	 <client.go:83>  	 EOFconnect offline
2018-06-09 02:09:22 	 [DEBUG] 	 <client.go:148>  	 close client:10002, 80d07eb7-09d5-4332-aa4d-01990a291dfd
2018-06-09 02:09:22 	 [DEBUG] 	 <client.go:112>  	 client: 80d07eb7-09d5-4332-aa4d-01990a291dfd 10002 socket closed
2018-06-09 02:09:22 	 [DEBUG] 	 <tcp.go:32>  	 新连接地址为:[192.168.31.41:62025]
2018-06-09 02:09:22 	 [DEBUG] 	 <client_im.go:88>  	 offlineMsg count 0
2018-06-09 02:09:55 	 [DEBUG] 	 <client_heartbeat.go:9>  	 heartBeet
2018-06-09 02:10:13 	 [DEBUG] 	 <protocol.go:134>  	 sock read error:EOF
2018-06-09 02:10:13 	 [DEBUG] 	 <client.go:83>  	 EOFconnect offline
2018-06-09 02:10:13 	 [DEBUG] 	 <client.go:148>  	 close client:10002, 80d07eb7-09d5-4332-aa4d-01990a291dfd
2018-06-09 02:10:13 	 [DEBUG] 	 <client.go:112>  	 client: 80d07eb7-09d5-4332-aa4d-01990a291dfd 10002 socket closed
2018-06-09 02:10:26 	 [DEBUG] 	 <tcp.go:32>  	 新连接地址为:[192.168.31.41:62067]
2018-06-09 02:10:26 	 [DEBUG] 	 <protocol.go:134>  	 sock read error:EOF
2018-06-09 02:10:26 	 [DEBUG] 	 <client.go:83>  	 EOFconnect offline
2018-06-09 02:10:26 	 [DEBUG] 	 <client.go:148>  	 close client:0, 
2018-06-09 02:10:26 	 [DEBUG] 	 <client.go:112>  	 client:  0 socket closed
2018-06-09 02:10:38 	 [DEBUG] 	 <tcp.go:32>  	 新连接地址为:[192.168.31.41:62108]
2018-06-09 02:10:38 	 [DEBUG] 	 <client_im.go:88>  	 offlineMsg count 0
2018-06-09 02:11:55 	 [DEBUG] 	 <client_heartbeat.go:9>  	 heartBeet
2018-06-09 02:12:40 	 [DEBUG] 	 <client_heartbeat.go:9>  	 heartBeet
2018-06-09 02:13:55 	 [DEBUG] 	 <client_heartbeat.go:9>  	 heartBeet
2018-06-09 02:14:40 	 [DEBUG] 	 <client_heartbeat.go:9>  	 heartBeet
2018-06-09 02:15:26 	 [DEBUG] 	 <protocol.go:134>  	 sock read error:EOF
2018-06-09 02:15:26 	 [DEBUG] 	 <client.go:83>  	 EOFconnect offline
2018-06-09 02:15:26 	 [DEBUG] 	 <client.go:148>  	 close client:10002, 80d07eb7-09d5-4332-aa4d-01990a291dfd
2018-06-09 02:15:26 	 [DEBUG] 	 <client.go:112>  	 client: 80d07eb7-09d5-4332-aa4d-01990a291dfd 10002 socket closed
2018-06-09 02:15:55 	 [DEBUG] 	 <client_heartbeat.go:9>  	 heartBeet
2018-06-09 02:16:15 	 [DEBUG] 	 <tcp.go:32>  	 新连接地址为:[192.168.31.41:62154]
2018-06-09 02:16:15 	 [DEBUG] 	 <client_im.go:88>  	 offlineMsg count 0
2018-06-09 02:16:59 	 [DEBUG] 	 <protocol.go:134>  	 sock read error:EOF
2018-06-09 02:16:59 	 [DEBUG] 	 <client.go:83>  	 EOFconnect offline
2018-06-09 02:16:59 	 [DEBUG] 	 <client.go:148>  	 close client:10002, 80d07eb7-09d5-4332-aa4d-01990a291dfd
2018-06-09 02:16:59 	 [DEBUG] 	 <client.go:112>  	 client: 80d07eb7-09d5-4332-aa4d-01990a291dfd 10002 socket closed
2018-06-09 02:17:11 	 [DEBUG] 	 <tcp.go:32>  	 新连接地址为:[192.168.31.41:62194]
2018-06-09 02:17:11 	 [DEBUG] 	 <client_im.go:88>  	 offlineMsg count 0
2018-06-09 02:17:11 	 [DEBUG] 	 <protocol.go:134>  	 sock read error:EOF
2018-06-09 02:17:11 	 [DEBUG] 	 <client.go:83>  	 EOFconnect offline
2018-06-09 02:17:11 	 [DEBUG] 	 <client.go:148>  	 close client:10002, 80d07eb7-09d5-4332-aa4d-01990a291dfd
2018-06-09 02:17:11 	 [DEBUG] 	 <client.go:112>  	 client: 80d07eb7-09d5-4332-aa4d-01990a291dfd 10002 socket closed
2018-06-09 02:17:13 	 [DEBUG] 	 <tcp.go:32>  	 新连接地址为:[192.168.31.41:62195]
2018-06-09 02:17:13 	 [DEBUG] 	 <client_im.go:88>  	 offlineMsg count 0
2018-06-09 02:17:34 	 [DEBUG] 	 <protocol.go:134>  	 sock read error:EOF
2018-06-09 02:17:34 	 [DEBUG] 	 <client.go:83>  	 EOFconnect offline
2018-06-09 02:17:34 	 [DEBUG] 	 <client.go:148>  	 close client:10002, 80d07eb7-09d5-4332-aa4d-01990a291dfd
2018-06-09 02:17:34 	 [DEBUG] 	 <client.go:112>  	 client: 80d07eb7-09d5-4332-aa4d-01990a291dfd 10002 socket closed
2018-06-09 02:17:36 	 [DEBUG] 	 <tcp.go:32>  	 新连接地址为:[192.168.31.41:62196]
2018-06-09 02:17:36 	 [DEBUG] 	 <client_im.go:88>  	 offlineMsg count 0
2018-06-09 02:17:37 	 [DEBUG] 	 <protocol.go:134>  	 sock read error:EOF
2018-06-09 02:17:37 	 [DEBUG] 	 <client.go:83>  	 EOFconnect offline
2018-06-09 02:17:37 	 [DEBUG] 	 <client.go:148>  	 close client:10002, 80d07eb7-09d5-4332-aa4d-01990a291dfd
2018-06-09 02:17:37 	 [DEBUG] 	 <client.go:112>  	 client: 80d07eb7-09d5-4332-aa4d-01990a291dfd 10002 socket closed
2018-06-09 02:17:39 	 [DEBUG] 	 <tcp.go:32>  	 新连接地址为:[192.168.31.41:62197]
2018-06-09 02:17:39 	 [DEBUG] 	 <client_im.go:88>  	 offlineMsg count 0
2018-06-09 02:17:51 	 [DEBUG] 	 <protocol.go:134>  	 sock read error:EOF
2018-06-09 02:17:51 	 [DEBUG] 	 <client.go:83>  	 EOFconnect offline
2018-06-09 02:17:51 	 [DEBUG] 	 <client.go:148>  	 close client:10002, 80d07eb7-09d5-4332-aa4d-01990a291dfd
2018-06-09 02:17:51 	 [DEBUG] 	 <client.go:112>  	 client: 80d07eb7-09d5-4332-aa4d-01990a291dfd 10002 socket closed
2018-06-09 02:17:58 	 [DEBUG] 	 <client_heartbeat.go:9>  	 heartBeet
2018-06-09 02:18:02 	 [DEBUG] 	 <tcp.go:32>  	 新连接地址为:[192.168.31.41:62239]
2018-06-09 02:18:02 	 [DEBUG] 	 <client_im.go:88>  	 offlineMsg count 0
2018-06-09 02:18:07 	 [DEBUG] 	 <protocol.go:134>  	 sock read error:EOF
2018-06-09 02:18:07 	 [DEBUG] 	 <client.go:83>  	 EOFconnect offline
2018-06-09 02:18:07 	 [DEBUG] 	 <client.go:148>  	 close client:10002, 80d07eb7-09d5-4332-aa4d-01990a291dfd
2018-06-09 02:18:07 	 [DEBUG] 	 <client.go:112>  	 client: 80d07eb7-09d5-4332-aa4d-01990a291dfd 10002 socket closed
2018-06-09 02:18:08 	 [DEBUG] 	 <tcp.go:32>  	 新连接地址为:[192.168.31.41:62240]
2018-06-09 02:18:08 	 [DEBUG] 	 <client_im.go:88>  	 offlineMsg count 0
2018-06-09 02:18:08 	 [DEBUG] 	 <protocol.go:134>  	 sock read error:EOF
2018-06-09 02:18:08 	 [DEBUG] 	 <client.go:83>  	 EOFconnect offline
2018-06-09 02:18:08 	 [DEBUG] 	 <client.go:148>  	 close client:10002, 80d07eb7-09d5-4332-aa4d-01990a291dfd
2018-06-09 02:18:08 	 [DEBUG] 	 <client.go:112>  	 client: 80d07eb7-09d5-4332-aa4d-01990a291dfd 10002 socket closed
2018-06-09 02:18:11 	 [DEBUG] 	 <tcp.go:32>  	 新连接地址为:[192.168.31.41:62241]
2018-06-09 02:18:11 	 [DEBUG] 	 <client_im.go:88>  	 offlineMsg count 0
2018-06-09 02:19:55 	 [DEBUG] 	 <protocol.go:134>  	 sock read error:EOF
2018-06-09 02:19:55 	 [DEBUG] 	 <client.go:83>  	 EOFconnect offline
2018-06-09 02:19:55 	 [DEBUG] 	 <client.go:148>  	 close client:10002, 80d07eb7-09d5-4332-aa4d-01990a291dfd
2018-06-09 02:19:55 	 [DEBUG] 	 <client.go:112>  	 client: 80d07eb7-09d5-4332-aa4d-01990a291dfd 10002 socket closed
2018-06-09 02:19:56 	 [DEBUG] 	 <client_heartbeat.go:9>  	 heartBeet
2018-06-09 02:20:02 	 [DEBUG] 	 <protocol.go:134>  	 sock read error:EOF
2018-06-09 02:20:02 	 [DEBUG] 	 <client.go:83>  	 EOFconnect offline
2018-06-09 02:20:02 	 [DEBUG] 	 <client.go:148>  	 close client:10001, d5f75fbc-4f64-4f78-b320-2ca770847800
2018-06-09 02:20:02 	 [DEBUG] 	 <client.go:112>  	 client: d5f75fbc-4f64-4f78-b320-2ca770847800 10001 socket closed
2018-06-09 03:05:22 	 [DEBUG] 	 <tcp.go:32>  	 新连接地址为:[192.168.31.41:62537]
2018-06-09 03:05:22 	 [DEBUG] 	 <client_im.go:88>  	 offlineMsg count 0
2018-06-09 03:05:22 	 [DEBUG] 	 <protocol.go:134>  	 sock read error:EOF
2018-06-09 03:05:22 	 [DEBUG] 	 <client.go:83>  	 EOFconnect offline
2018-06-09 03:05:22 	 [DEBUG] 	 <client.go:148>  	 close client:10002, 80d07eb7-09d5-4332-aa4d-01990a291dfd
2018-06-09 03:05:22 	 [DEBUG] 	 <client.go:112>  	 client: 80d07eb7-09d5-4332-aa4d-01990a291dfd 10002 socket closed
2018-06-09 03:06:12 	 [DEBUG] 	 <tcp.go:32>  	 新连接地址为:[192.168.31.41:62539]
2018-06-09 03:06:12 	 [DEBUG] 	 <client_im.go:88>  	 offlineMsg count 0
2018-06-09 03:06:16 	 [DEBUG] 	 <protocol.go:134>  	 sock read error:EOF
2018-06-09 03:06:16 	 [DEBUG] 	 <client.go:83>  	 EOFconnect offline
2018-06-09 03:06:16 	 [DEBUG] 	 <client.go:148>  	 close client:10002, 80d07eb7-09d5-4332-aa4d-01990a291dfd
2018-06-09 03:06:16 	 [DEBUG] 	 <client.go:112>  	 client: 80d07eb7-09d5-4332-aa4d-01990a291dfd 10002 socket closed
2018-06-09 03:06:20 	 [DEBUG] 	 <tcp.go:32>  	 新连接地址为:[192.168.31.41:62582]
2018-06-09 03:06:20 	 [DEBUG] 	 <client_im.go:88>  	 offlineMsg count 0
2018-06-09 03:06:20 	 [DEBUG] 	 <protocol.go:134>  	 sock read error:EOF
2018-06-09 03:06:20 	 [DEBUG] 	 <client.go:83>  	 EOFconnect offline
2018-06-09 03:06:20 	 [DEBUG] 	 <client.go:148>  	 close client:10002, 80d07eb7-09d5-4332-aa4d-01990a291dfd
2018-06-09 03:06:20 	 [DEBUG] 	 <client.go:112>  	 client: 80d07eb7-09d5-4332-aa4d-01990a291dfd 10002 socket closed
2018-06-09 03:07:06 	 [DEBUG] 	 <tcp.go:32>  	 新连接地址为:[192.168.31.41:62629]
2018-06-09 03:07:06 	 [DEBUG] 	 <client_im.go:88>  	 offlineMsg count 0
2018-06-09 03:07:06 	 [DEBUG] 	 <protocol.go:134>  	 sock read error:EOF
2018-06-09 03:07:06 	 [DEBUG] 	 <client.go:83>  	 EOFconnect offline
2018-06-09 03:07:06 	 [DEBUG] 	 <client.go:148>  	 close client:10002, 80d07eb7-09d5-4332-aa4d-01990a291dfd
2018-06-09 03:07:06 	 [DEBUG] 	 <client.go:112>  	 client: 80d07eb7-09d5-4332-aa4d-01990a291dfd 10002 socket closed
2018-06-09 03:11:04 	 [DEBUG] 	 <tcp.go:32>  	 新连接地址为:[192.168.31.41:62674]
2018-06-09 03:11:04 	 [DEBUG] 	 <client_im.go:88>  	 offlineMsg count 0
2018-06-09 03:11:04 	 [DEBUG] 	 <protocol.go:134>  	 sock read error:EOF
2018-06-09 03:11:04 	 [DEBUG] 	 <client.go:83>  	 EOFconnect offline
2018-06-09 03:11:04 	 [DEBUG] 	 <client.go:148>  	 close client:10002, 80d07eb7-09d5-4332-aa4d-01990a291dfd
2018-06-09 03:11:04 	 [DEBUG] 	 <client.go:112>  	 client: 80d07eb7-09d5-4332-aa4d-01990a291dfd 10002 socket closed
2018-06-09 16:32:07 	 [DEBUG] 	 <tcp.go:32>  	 新连接地址为:[192.168.31.41:62911]
2018-06-09 16:32:08 	 [DEBUG] 	 <client_im.go:88>  	 offlineMsg count 0
2018-06-09 16:32:17 	 [DEBUG] 	 <protocol.go:134>  	 sock read error:EOF
2018-06-09 16:32:17 	 [DEBUG] 	 <client.go:83>  	 EOFconnect offline
2018-06-09 16:32:17 	 [DEBUG] 	 <client.go:148>  	 close client:10002, 80d07eb7-09d5-4332-aa4d-01990a291dfd
2018-06-09 16:32:17 	 [DEBUG] 	 <client.go:112>  	 client: 80d07eb7-09d5-4332-aa4d-01990a291dfd 10002 socket closed
2018-06-09 16:32:18 	 [DEBUG] 	 <tcp.go:32>  	 新连接地址为:[192.168.31.41:62912]
2018-06-09 16:32:18 	 [DEBUG] 	 <client_im.go:88>  	 offlineMsg count 0
2018-06-09 16:32:54 	 [DEBUG] 	 <protocol.go:134>  	 sock read error:EOF
2018-06-09 16:32:54 	 [DEBUG] 	 <client.go:83>  	 EOFconnect offline
2018-06-09 16:32:54 	 [DEBUG] 	 <client.go:148>  	 close client:10002, 80d07eb7-09d5-4332-aa4d-01990a291dfd
2018-06-09 16:32:54 	 [DEBUG] 	 <client.go:112>  	 client: 80d07eb7-09d5-4332-aa4d-01990a291dfd 10002 socket closed
2018-06-09 16:37:28 	 [DEBUG] 	 <tcp.go:32>  	 新连接地址为:[192.168.31.41:62960]
2018-06-09 16:37:28 	 [DEBUG] 	 <client_im.go:88>  	 offlineMsg count 0
2018-06-09 16:37:28 	 [DEBUG] 	 <protocol.go:134>  	 sock read error:EOF
2018-06-09 16:37:28 	 [DEBUG] 	 <client.go:83>  	 EOFconnect offline
2018-06-09 16:37:28 	 [DEBUG] 	 <client.go:148>  	 close client:10002, 80d07eb7-09d5-4332-aa4d-01990a291dfd
2018-06-09 16:37:28 	 [DEBUG] 	 <client.go:112>  	 client: 80d07eb7-09d5-4332-aa4d-01990a291dfd 10002 socket closed
2018-06-09 16:39:02 	 [DEBUG] 	 <tcp.go:32>  	 新连接地址为:[192.168.31.41:63005]
2018-06-09 16:39:02 	 [DEBUG] 	 <client_im.go:88>  	 offlineMsg count 0
2018-06-09 16:43:17 	 [DEBUG] 	 <protocol.go:134>  	 sock read error:EOF
2018-06-09 16:43:17 	 [DEBUG] 	 <client.go:83>  	 EOFconnect offline
2018-06-09 16:43:17 	 [DEBUG] 	 <client.go:148>  	 close client:10002, 80d07eb7-09d5-4332-aa4d-01990a291dfd
2018-06-09 16:43:17 	 [DEBUG] 	 <client.go:112>  	 client: 80d07eb7-09d5-4332-aa4d-01990a291dfd 10002 socket closed
2018-06-09 16:43:31 	 [DEBUG] 	 <tcp.go:32>  	 新连接地址为:[192.168.31.41:63050]
2018-06-09 16:43:38 	 [DEBUG] 	 <client_im.go:88>  	 offlineMsg count 0
2018-06-09 16:44:19 	 [DEBUG] 	 <protocol.go:134>  	 sock read error:EOF
2018-06-09 16:44:19 	 [DEBUG] 	 <client.go:83>  	 EOFconnect offline
2018-06-09 16:44:19 	 [DEBUG] 	 <client.go:148>  	 close client:10002, 80d07eb7-09d5-4332-aa4d-01990a291dfd
2018-06-09 16:44:19 	 [DEBUG] 	 <client.go:112>  	 client: 80d07eb7-09d5-4332-aa4d-01990a291dfd 10002 socket closed
2018-06-09 16:44:39 	 [DEBUG] 	 <tcp.go:32>  	 新连接地址为:[192.168.31.41:63095]
2018-06-09 16:45:30 	 [DEBUG] 	 <protocol.go:134>  	 sock read error:EOF
2018-06-09 16:45:30 	 [DEBUG] 	 <client.go:83>  	 EOFconnect offline
2018-06-09 16:45:30 	 [DEBUG] 	 <client.go:148>  	 close client:0, 
2018-06-09 16:45:30 	 [DEBUG] 	 <client.go:112>  	 client:  0 socket closed
2018-06-09 16:45:38 	 [DEBUG] 	 <tcp.go:32>  	 新连接地址为:[192.168.31.41:63140]
2018-06-09 16:45:38 	 [DEBUG] 	 <client_im.go:88>  	 offlineMsg count 0
2018-06-09 16:45:38 	 [DEBUG] 	 <protocol.go:134>  	 sock read error:EOF
2018-06-09 16:45:38 	 [DEBUG] 	 <client.go:83>  	 EOFconnect offline
2018-06-09 16:45:38 	 [DEBUG] 	 <client.go:148>  	 close client:10002, 80d07eb7-09d5-4332-aa4d-01990a291dfd
2018-06-09 16:45:38 	 [DEBUG] 	 <client.go:112>  	 client: 80d07eb7-09d5-4332-aa4d-01990a291dfd 10002 socket closed
2018-06-09 16:46:07 	 [DEBUG] 	 <tcp.go:32>  	 新连接地址为:[192.168.31.41:63183]
2018-06-09 16:47:08 	 [DEBUG] 	 <protocol.go:134>  	 sock read error:EOF
2018-06-09 16:47:08 	 [DEBUG] 	 <client.go:83>  	 EOFconnect offline
2018-06-09 16:47:08 	 [DEBUG] 	 <client.go:148>  	 close client:0, 
2018-06-09 16:47:08 	 [DEBUG] 	 <client.go:112>  	 client:  0 socket closed
2018-06-09 16:47:16 	 [DEBUG] 	 <tcp.go:32>  	 新连接地址为:[192.168.31.41:63228]
2018-06-09 16:47:16 	 [DEBUG] 	 <client_im.go:88>  	 offlineMsg count 0
2018-06-09 16:47:16 	 [DEBUG] 	 <protocol.go:134>  	 sock read error:EOF
2018-06-09 16:47:16 	 [DEBUG] 	 <client.go:83>  	 EOFconnect offline
2018-06-09 16:47:16 	 [DEBUG] 	 <client.go:148>  	 close client:10002, 80d07eb7-09d5-4332-aa4d-01990a291dfd
2018-06-09 16:47:16 	 [DEBUG] 	 <client.go:112>  	 client: 80d07eb7-09d5-4332-aa4d-01990a291dfd 10002 socket closed
2018-06-09 16:48:30 	 [DEBUG] 	 <tcp.go:32>  	 新连接地址为:[192.168.31.41:63273]
2018-06-09 16:48:30 	 [DEBUG] 	 <client_im.go:88>  	 offlineMsg count 0
2018-06-09 16:48:30 	 [DEBUG] 	 <protocol.go:134>  	 sock read error:EOF
2018-06-09 16:48:30 	 [DEBUG] 	 <client.go:83>  	 EOFconnect offline
2018-06-09 16:48:30 	 [DEBUG] 	 <client.go:148>  	 close client:10002, 80d07eb7-09d5-4332-aa4d-01990a291dfd
2018-06-09 16:48:30 	 [DEBUG] 	 <client.go:112>  	 client: 80d07eb7-09d5-4332-aa4d-01990a291dfd 10002 socket closed
2018-06-09 16:48:51 	 [DEBUG] 	 <tcp.go:32>  	 新连接地址为:[192.168.31.41:63316]
2018-06-09 16:48:51 	 [DEBUG] 	 <client_im.go:88>  	 offlineMsg count 0
2018-06-09 16:48:51 	 [DEBUG] 	 <protocol.go:134>  	 sock read error:EOF
2018-06-09 16:48:51 	 [DEBUG] 	 <client.go:83>  	 EOFconnect offline
2018-06-09 16:48:51 	 [DEBUG] 	 <client.go:148>  	 close client:10002, 80d07eb7-09d5-4332-aa4d-01990a291dfd
2018-06-09 16:48:51 	 [DEBUG] 	 <client.go:112>  	 client: 80d07eb7-09d5-4332-aa4d-01990a291dfd 10002 socket closed
2018-06-09 16:50:03 	 [DEBUG] 	 <tcp.go:32>  	 新连接地址为:[192.168.31.41:63361]
2018-06-09 16:50:03 	 [DEBUG] 	 <client_im.go:88>  	 offlineMsg count 0
2018-06-09 16:50:03 	 [DEBUG] 	 <protocol.go:134>  	 sock read error:EOF
2018-06-09 16:50:03 	 [DEBUG] 	 <client.go:83>  	 EOFconnect offline
2018-06-09 16:50:03 	 [DEBUG] 	 <client.go:148>  	 close client:10002, 80d07eb7-09d5-4332-aa4d-01990a291dfd
2018-06-09 16:50:03 	 [DEBUG] 	 <client.go:112>  	 client: 80d07eb7-09d5-4332-aa4d-01990a291dfd 10002 socket closed
2018-06-09 16:54:39 	 [DEBUG] 	 <tcp.go:32>  	 新连接地址为:[192.168.31.41:63406]
2018-06-09 16:54:39 	 [DEBUG] 	 <client_im.go:88>  	 offlineMsg count 0
2018-06-09 16:54:39 	 [DEBUG] 	 <protocol.go:134>  	 sock read error:EOF
2018-06-09 16:54:39 	 [DEBUG] 	 <client.go:83>  	 EOFconnect offline
2018-06-09 16:54:39 	 [DEBUG] 	 <client.go:148>  	 close client:10002, 80d07eb7-09d5-4332-aa4d-01990a291dfd
2018-06-09 16:54:39 	 [DEBUG] 	 <client.go:112>  	 client: 80d07eb7-09d5-4332-aa4d-01990a291dfd 10002 socket closed
2018-06-09 16:56:25 	 [DEBUG] 	 <tcp.go:32>  	 新连接地址为:[192.168.31.41:63451]
2018-06-09 16:56:25 	 [DEBUG] 	 <client_im.go:88>  	 offlineMsg count 0
2018-06-09 16:56:25 	 [DEBUG] 	 <protocol.go:134>  	 sock read error:EOF
2018-06-09 16:56:25 	 [DEBUG] 	 <client.go:83>  	 EOFconnect offline
2018-06-09 16:56:25 	 [DEBUG] 	 <client.go:148>  	 close client:10002, 80d07eb7-09d5-4332-aa4d-01990a291dfd
2018-06-09 16:56:25 	 [DEBUG] 	 <client.go:112>  	 client: 80d07eb7-09d5-4332-aa4d-01990a291dfd 10002 socket closed
2018-06-09 16:56:55 	 [DEBUG] 	 <tcp.go:32>  	 新连接地址为:[192.168.31.41:63494]
2018-06-09 16:56:55 	 [DEBUG] 	 <client_im.go:88>  	 offlineMsg count 0
2018-06-09 16:56:55 	 [DEBUG] 	 <protocol.go:134>  	 sock read error:EOF
2018-06-09 16:56:55 	 [DEBUG] 	 <client.go:83>  	 EOFconnect offline
2018-06-09 16:56:55 	 [DEBUG] 	 <client.go:148>  	 close client:10002, 80d07eb7-09d5-4332-aa4d-01990a291dfd
2018-06-09 16:56:55 	 [DEBUG] 	 <client.go:112>  	 client: 80d07eb7-09d5-4332-aa4d-01990a291dfd 10002 socket closed
2018-06-09 17:06:41 	 [DEBUG] 	 <tcp.go:32>  	 新连接地址为:[192.168.31.41:63594]
2018-06-09 17:06:41 	 [DEBUG] 	 <client_im.go:88>  	 offlineMsg count 0
2018-06-09 17:06:41 	 [DEBUG] 	 <protocol.go:134>  	 sock read error:EOF
2018-06-09 17:06:41 	 [DEBUG] 	 <client.go:83>  	 EOFconnect offline
2018-06-09 17:06:41 	 [DEBUG] 	 <client.go:148>  	 close client:10002, 80d07eb7-09d5-4332-aa4d-01990a291dfd
2018-06-09 17:06:41 	 [DEBUG] 	 <client.go:112>  	 client: 80d07eb7-09d5-4332-aa4d-01990a291dfd 10002 socket closed
2018-06-09 17:12:41 	 [DEBUG] 	 <tcp.go:32>  	 新连接地址为:[192.168.31.41:63688]
2018-06-09 17:12:41 	 [DEBUG] 	 <client_im.go:88>  	 offlineMsg count 0
2018-06-09 17:12:42 	 [DEBUG] 	 <protocol.go:134>  	 sock read error:EOF
2018-06-09 17:12:42 	 [DEBUG] 	 <client.go:83>  	 EOFconnect offline
2018-06-09 17:12:42 	 [DEBUG] 	 <client.go:148>  	 close client:10002, 80d07eb7-09d5-4332-aa4d-01990a291dfd
2018-06-09 17:12:42 	 [DEBUG] 	 <client.go:112>  	 client: 80d07eb7-09d5-4332-aa4d-01990a291dfd 10002 socket closed
2018-06-09 17:17:40 	 [DEBUG] 	 <tcp.go:32>  	 新连接地址为:[192.168.31.41:63778]
2018-06-09 17:17:44 	 [DEBUG] 	 <client_im.go:88>  	 offlineMsg count 0
2018-06-09 17:17:44 	 [DEBUG] 	 <protocol.go:134>  	 sock read error:EOF
2018-06-09 17:17:44 	 [DEBUG] 	 <client.go:83>  	 EOFconnect offline
2018-06-09 17:17:44 	 [DEBUG] 	 <client.go:148>  	 close client:10002, 80d07eb7-09d5-4332-aa4d-01990a291dfd
2018-06-09 17:17:44 	 [DEBUG] 	 <client.go:112>  	 client: 80d07eb7-09d5-4332-aa4d-01990a291dfd 10002 socket closed
2018-06-09 17:18:39 	 [DEBUG] 	 <tcp.go:32>  	 新连接地址为:[192.168.31.41:63821]
2018-06-09 17:18:39 	 [DEBUG] 	 <client_im.go:88>  	 offlineMsg count 0
2018-06-09 17:18:43 	 [DEBUG] 	 <protocol.go:134>  	 sock read error:EOF
2018-06-09 17:18:43 	 [DEBUG] 	 <client.go:83>  	 EOFconnect offline
2018-06-09 17:18:43 	 [DEBUG] 	 <client.go:148>  	 close client:10002, 80d07eb7-09d5-4332-aa4d-01990a291dfd
2018-06-09 17:18:43 	 [DEBUG] 	 <client.go:112>  	 client: 80d07eb7-09d5-4332-aa4d-01990a291dfd 10002 socket closed
2018-06-09 17:19:55 	 [DEBUG] 	 <tcp.go:32>  	 新连接地址为:[192.168.31.41:63866]
2018-06-09 17:19:55 	 [DEBUG] 	 <client_im.go:88>  	 offlineMsg count 0
2018-06-09 17:19:55 	 [DEBUG] 	 <protocol.go:134>  	 sock read error:EOF
2018-06-09 17:19:55 	 [DEBUG] 	 <client.go:83>  	 EOFconnect offline
2018-06-09 17:19:55 	 [DEBUG] 	 <client.go:148>  	 close client:10002, 80d07eb7-09d5-4332-aa4d-01990a291dfd
2018-06-09 17:19:55 	 [DEBUG] 	 <client.go:112>  	 client: 80d07eb7-09d5-4332-aa4d-01990a291dfd 10002 socket closed
2018-06-09 17:20:16 	 [DEBUG] 	 <tcp.go:32>  	 新连接地址为:[192.168.31.41:63909]
2018-06-09 17:20:16 	 [DEBUG] 	 <client_im.go:88>  	 offlineMsg count 0
2018-06-09 17:20:16 	 [DEBUG] 	 <protocol.go:134>  	 sock read error:EOF
2018-06-09 17:20:16 	 [DEBUG] 	 <client.go:83>  	 EOFconnect offline
2018-06-09 17:20:16 	 [DEBUG] 	 <client.go:148>  	 close client:10002, 80d07eb7-09d5-4332-aa4d-01990a291dfd
2018-06-09 17:20:16 	 [DEBUG] 	 <client.go:112>  	 client: 80d07eb7-09d5-4332-aa4d-01990a291dfd 10002 socket closed
2018-06-09 17:20:31 	 [DEBUG] 	 <tcp.go:32>  	 新连接地址为:[192.168.31.41:63952]
2018-06-09 17:20:31 	 [DEBUG] 	 <client_im.go:88>  	 offlineMsg count 0
2018-06-09 17:20:35 	 [DEBUG] 	 <connection.go:106>  	 TODO(need offline push )can't send message, appid:10 uid:10001 cmd:4
2018-06-09 17:20:35 	 [DEBUG] 	 <connection.go:106>  	 TODO(need offline push )can't send message, appid:10 uid:10001 cmd:4
2018-06-09 17:20:38 	 [DEBUG] 	 <connection.go:106>  	 TODO(need offline push )can't send message, appid:10 uid:10001 cmd:4
2018-06-09 17:20:40 	 [DEBUG] 	 <connection.go:106>  	 TODO(need offline push )can't send message, appid:10 uid:10001 cmd:4
2018-06-09 17:20:41 	 [DEBUG] 	 <connection.go:106>  	 TODO(need offline push )can't send message, appid:10 uid:10001 cmd:4
2018-06-09 17:21:15 	 [DEBUG] 	 <protocol.go:134>  	 sock read error:EOF
2018-06-09 17:21:15 	 [DEBUG] 	 <client.go:83>  	 EOFconnect offline
2018-06-09 17:21:15 	 [DEBUG] 	 <client.go:148>  	 close client:10002, 80d07eb7-09d5-4332-aa4d-01990a291dfd
2018-06-09 17:21:15 	 [DEBUG] 	 <client.go:112>  	 client: 80d07eb7-09d5-4332-aa4d-01990a291dfd 10002 socket closed
2018-06-09 17:21:57 	 [DEBUG] 	 <tcp.go:32>  	 新连接地址为:[192.168.31.41:63955]
2018-06-09 17:21:57 	 [DEBUG] 	 <client_im.go:88>  	 offlineMsg count 0
2018-06-09 17:22:01 	 [DEBUG] 	 <tcp.go:32>  	 新连接地址为:[127.0.0.1:64661]
2018-06-09 17:22:01 	 [DEBUG] 	 <client_im.go:88>  	 offlineMsg count 5
2018-06-09 17:22:01 	 [DEBUG] 	 <client_im.go:102>  	 offline msg :sender:10002,receiver:10001,timestamp:1528536035,msgId:197,body:{"content":"等等嘛事情都是这样的","receiver_id":"d5f75fbc-4f64-4f78-b320-2ca770847800","sender_id":"80d07eb7-09d5-4332-aa4d-01990a291dfd","type":1,"uuid":"05FA92D3-E443-42DF-BECB-7F2EFE05DA7C"}
2018-06-09 17:22:01 	 [DEBUG] 	 <client_im.go:102>  	 offline msg :sender:10002,receiver:10001,timestamp:1528536035,msgId:198,body:{"content":"doom","receiver_id":"d5f75fbc-4f64-4f78-b320-2ca770847800","sender_id":"80d07eb7-09d5-4332-aa4d-01990a291dfd","type":1,"uuid":"ADBC55DA-390B-40DF-9B01-2E06B242F086"}
2018-06-09 17:22:01 	 [DEBUG] 	 <client_im.go:102>  	 offline msg :sender:10002,receiver:10001,timestamp:1528536038,msgId:199,body:{"content":"顶你了半天","receiver_id":"d5f75fbc-4f64-4f78-b320-2ca770847800","sender_id":"80d07eb7-09d5-4332-aa4d-01990a291dfd","type":1,"uuid":"EB8C9B85-24CD-421C-961B-9FF7812BE071"}
2018-06-09 17:22:01 	 [DEBUG] 	 <client_im.go:102>  	 offline msg :sender:10002,receiver:10001,timestamp:1528536040,msgId:200,body:{"content":"噢噢噢噢噢噢","receiver_id":"d5f75fbc-4f64-4f78-b320-2ca770847800","sender_id":"80d07eb7-09d5-4332-aa4d-01990a291dfd","type":1,"uuid":"DCC7DE81-31EC-49AB-BFD8-F4883FAA943A"}
2018-06-09 17:22:01 	 [DEBUG] 	 <client_im.go:102>  	 offline msg :sender:10002,receiver:10001,timestamp:1528536041,msgId:201,body:{"content":"doom","receiver_id":"d5f75fbc-4f64-4f78-b320-2ca770847800","sender_id":"80d07eb7-09d5-4332-aa4d-01990a291dfd","type":1,"uuid":"ADBC55DA-390B-40DF-9B01-2E06B242F086"}
2018-06-09 17:24:00 	 [DEBUG] 	 <client_heartbeat.go:9>  	 heartBeet
2018-06-09 17:24:03 	 [DEBUG] 	 <client_heartbeat.go:9>  	 heartBeet
2018-06-09 17:25:06 	 [DEBUG] 	 <protocol.go:134>  	 sock read error:EOF
2018-06-09 17:25:06 	 [DEBUG] 	 <client.go:83>  	 EOFconnect offline
2018-06-09 17:25:06 	 [DEBUG] 	 <client.go:148>  	 close client:10002, 80d07eb7-09d5-4332-aa4d-01990a291dfd
2018-06-09 17:25:06 	 [DEBUG] 	 <client.go:112>  	 client: 80d07eb7-09d5-4332-aa4d-01990a291dfd 10002 socket closed
2018-06-09 17:25:12 	 [DEBUG] 	 <protocol.go:134>  	 sock read error:EOF
2018-06-09 17:25:12 	 [DEBUG] 	 <client.go:83>  	 EOFconnect offline
2018-06-09 17:25:12 	 [DEBUG] 	 <client.go:148>  	 close client:10001, d5f75fbc-4f64-4f78-b320-2ca770847800
2018-06-09 17:25:12 	 [DEBUG] 	 <client.go:112>  	 client: d5f75fbc-4f64-4f78-b320-2ca770847800 10001 socket closed
2018-06-09 17:25:19 	 [DEBUG] 	 <tcp.go:32>  	 新连接地址为:[127.0.0.1:64751]
2018-06-09 17:25:19 	 [DEBUG] 	 <client_im.go:88>  	 offlineMsg count 0
2018-06-09 17:25:42 	 [DEBUG] 	 <protocol.go:134>  	 sock read error:EOF
2018-06-09 17:25:42 	 [DEBUG] 	 <client.go:83>  	 EOFconnect offline
2018-06-09 17:25:42 	 [DEBUG] 	 <client.go:148>  	 close client:10001, d5f75fbc-4f64-4f78-b320-2ca770847800
2018-06-09 17:25:42 	 [DEBUG] 	 <client.go:112>  	 client: d5f75fbc-4f64-4f78-b320-2ca770847800 10001 socket closed
2018-06-09 17:26:40 	 [DEBUG] 	 <tcp.go:32>  	 新连接地址为:[192.168.31.41:64003]
2018-06-09 17:26:40 	 [DEBUG] 	 <client_im.go:88>  	 offlineMsg count 0
2018-06-09 17:27:22 	 [DEBUG] 	 <protocol.go:134>  	 sock read error:EOF
2018-06-09 17:27:22 	 [DEBUG] 	 <client.go:83>  	 EOFconnect offline
2018-06-09 17:27:22 	 [DEBUG] 	 <client.go:148>  	 close client:10002, 80d07eb7-09d5-4332-aa4d-01990a291dfd
2018-06-09 17:27:22 	 [DEBUG] 	 <client.go:112>  	 client: 80d07eb7-09d5-4332-aa4d-01990a291dfd 10002 socket closed
2018-06-09 17:27:34 	 [DEBUG] 	 <tcp.go:32>  	 新连接地址为:[192.168.31.41:64048]
2018-06-09 17:27:34 	 [DEBUG] 	 <client_im.go:88>  	 offlineMsg count 0
2018-06-09 17:28:16 	 [DEBUG] 	 <connection.go:106>  	 TODO(need offline push )can't send message, appid:10 uid:10001 cmd:4
2018-06-09 17:28:43 	 [DEBUG] 	 <protocol.go:134>  	 sock read error:EOF
2018-06-09 17:28:43 	 [DEBUG] 	 <client.go:83>  	 EOFconnect offline
2018-06-09 17:28:43 	 [DEBUG] 	 <client.go:148>  	 close client:10002, 80d07eb7-09d5-4332-aa4d-01990a291dfd
2018-06-09 17:28:43 	 [DEBUG] 	 <client.go:112>  	 client: 80d07eb7-09d5-4332-aa4d-01990a291dfd 10002 socket closed
2018-06-09 17:28:51 	 [DEBUG] 	 <tcp.go:32>  	 新连接地址为:[192.168.31.41:64093]
2018-06-09 17:28:51 	 [DEBUG] 	 <client_im.go:88>  	 offlineMsg count 0
2018-06-09 17:29:13 	 [DEBUG] 	 <protocol.go:134>  	 sock read error:EOF
2018-06-09 17:29:13 	 [DEBUG] 	 <client.go:83>  	 EOFconnect offline
2018-06-09 17:29:13 	 [DEBUG] 	 <client.go:148>  	 close client:10002, 80d07eb7-09d5-4332-aa4d-01990a291dfd
2018-06-09 17:29:13 	 [DEBUG] 	 <client.go:112>  	 client: 80d07eb7-09d5-4332-aa4d-01990a291dfd 10002 socket closed
2018-06-09 17:29:20 	 [DEBUG] 	 <tcp.go:32>  	 新连接地址为:[192.168.31.41:64136]
2018-06-09 17:29:20 	 [DEBUG] 	 <client_im.go:88>  	 offlineMsg count 0
2018-06-09 17:31:19 	 [DEBUG] 	 <protocol.go:134>  	 sock read error:EOF
2018-06-09 17:31:19 	 [DEBUG] 	 <client.go:83>  	 EOFconnect offline
2018-06-09 17:31:19 	 [DEBUG] 	 <client.go:148>  	 close client:10002, 80d07eb7-09d5-4332-aa4d-01990a291dfd
2018-06-09 17:31:19 	 [DEBUG] 	 <client.go:112>  	 client: 80d07eb7-09d5-4332-aa4d-01990a291dfd 10002 socket closed
2018-06-09 17:33:11 	 [DEBUG] 	 <tcp.go:32>  	 新连接地址为:[192.168.31.41:64184]
2018-06-09 17:33:11 	 [DEBUG] 	 <client_im.go:88>  	 offlineMsg count 0
2018-06-09 17:34:22 	 [DEBUG] 	 <protocol.go:134>  	 sock read error:EOF
2018-06-09 17:34:22 	 [DEBUG] 	 <client.go:83>  	 EOFconnect offline
2018-06-09 17:34:22 	 [DEBUG] 	 <client.go:148>  	 close client:10002, 80d07eb7-09d5-4332-aa4d-01990a291dfd
2018-06-09 17:34:22 	 [DEBUG] 	 <client.go:112>  	 client: 80d07eb7-09d5-4332-aa4d-01990a291dfd 10002 socket closed
2018-06-09 17:34:34 	 [DEBUG] 	 <tcp.go:32>  	 新连接地址为:[192.168.31.41:64229]
2018-06-09 17:34:34 	 [DEBUG] 	 <client_im.go:88>  	 offlineMsg count 0
2018-06-09 17:34:56 	 [DEBUG] 	 <protocol.go:134>  	 sock read error:EOF
2018-06-09 17:34:56 	 [DEBUG] 	 <client.go:83>  	 EOFconnect offline
2018-06-09 17:34:56 	 [DEBUG] 	 <client.go:148>  	 close client:10002, 80d07eb7-09d5-4332-aa4d-01990a291dfd
2018-06-09 17:34:56 	 [DEBUG] 	 <client.go:112>  	 client: 80d07eb7-09d5-4332-aa4d-01990a291dfd 10002 socket closed
2018-06-09 17:35:08 	 [DEBUG] 	 <tcp.go:32>  	 新连接地址为:[192.168.31.41:64272]
2018-06-09 17:35:08 	 [DEBUG] 	 <client_im.go:88>  	 offlineMsg count 0
2018-06-09 17:35:27 	 [DEBUG] 	 <protocol.go:134>  	 sock read error:EOF
2018-06-09 17:35:27 	 [DEBUG] 	 <client.go:83>  	 EOFconnect offline
2018-06-09 17:35:27 	 [DEBUG] 	 <client.go:148>  	 close client:10002, 80d07eb7-09d5-4332-aa4d-01990a291dfd
2018-06-09 17:35:27 	 [DEBUG] 	 <client.go:112>  	 client: 80d07eb7-09d5-4332-aa4d-01990a291dfd 10002 socket closed
2018-06-09 17:37:53 	 [DEBUG] 	 <tcp.go:32>  	 新连接地址为:[192.168.31.41:64320]
2018-06-09 17:37:53 	 [DEBUG] 	 <client_im.go:88>  	 offlineMsg count 0
2018-06-09 17:39:01 	 [DEBUG] 	 <connection.go:106>  	 TODO(need offline push )can't send message, appid:10 uid:10001 cmd:4
2018-06-09 17:39:10 	 [DEBUG] 	 <connection.go:106>  	 TODO(need offline push )can't send message, appid:10 uid:10001 cmd:4
2018-06-09 17:39:20 	 [DEBUG] 	 <connection.go:106>  	 TODO(need offline push )can't send message, appid:10 uid:10001 cmd:4
2018-06-09 17:39:55 	 [DEBUG] 	 <protocol.go:134>  	 sock read error:EOF
2018-06-09 17:39:55 	 [DEBUG] 	 <client.go:83>  	 EOFconnect offline
2018-06-09 17:39:55 	 [DEBUG] 	 <client.go:148>  	 close client:10002, 80d07eb7-09d5-4332-aa4d-01990a291dfd
2018-06-09 17:39:55 	 [DEBUG] 	 <client.go:112>  	 client: 80d07eb7-09d5-4332-aa4d-01990a291dfd 10002 socket closed
2018-06-09 17:40:07 	 [DEBUG] 	 <tcp.go:32>  	 新连接地址为:[192.168.31.41:64366]
2018-06-09 17:40:07 	 [DEBUG] 	 <client_im.go:88>  	 offlineMsg count 0
2018-06-09 17:40:35 	 [DEBUG] 	 <protocol.go:134>  	 sock read error:EOF
2018-06-09 17:40:35 	 [DEBUG] 	 <client.go:83>  	 EOFconnect offline
2018-06-09 17:40:35 	 [DEBUG] 	 <client.go:148>  	 close client:10002, 80d07eb7-09d5-4332-aa4d-01990a291dfd
2018-06-09 17:40:35 	 [DEBUG] 	 <client.go:112>  	 client: 80d07eb7-09d5-4332-aa4d-01990a291dfd 10002 socket closed
2018-06-09 17:40:42 	 [DEBUG] 	 <tcp.go:32>  	 新连接地址为:[192.168.31.41:64409]
2018-06-09 17:40:42 	 [DEBUG] 	 <client_im.go:88>  	 offlineMsg count 0
2018-06-09 17:41:52 	 [DEBUG] 	 <protocol.go:134>  	 sock read error:EOF
2018-06-09 17:41:52 	 [DEBUG] 	 <client.go:83>  	 EOFconnect offline
2018-06-09 17:41:52 	 [DEBUG] 	 <client.go:148>  	 close client:10002, 80d07eb7-09d5-4332-aa4d-01990a291dfd
2018-06-09 17:41:52 	 [DEBUG] 	 <client.go:112>  	 client: 80d07eb7-09d5-4332-aa4d-01990a291dfd 10002 socket closed
2018-06-09 17:42:04 	 [DEBUG] 	 <tcp.go:32>  	 新连接地址为:[192.168.31.41:64454]
2018-06-09 17:42:04 	 [DEBUG] 	 <client_im.go:88>  	 offlineMsg count 0
2018-06-09 17:42:38 	 [DEBUG] 	 <protocol.go:134>  	 sock read error:EOF
2018-06-09 17:42:38 	 [DEBUG] 	 <client.go:83>  	 EOFconnect offline
2018-06-09 17:42:38 	 [DEBUG] 	 <client.go:148>  	 close client:10002, 80d07eb7-09d5-4332-aa4d-01990a291dfd
2018-06-09 17:42:38 	 [DEBUG] 	 <client.go:112>  	 client: 80d07eb7-09d5-4332-aa4d-01990a291dfd 10002 socket closed
2018-06-09 17:42:50 	 [DEBUG] 	 <tcp.go:32>  	 新连接地址为:[192.168.31.41:64497]
2018-06-09 17:42:50 	 [DEBUG] 	 <client_im.go:88>  	 offlineMsg count 0
2018-06-09 17:43:22 	 [DEBUG] 	 <protocol.go:134>  	 sock read error:EOF
2018-06-09 17:43:22 	 [DEBUG] 	 <client.go:83>  	 EOFconnect offline
2018-06-09 17:43:22 	 [DEBUG] 	 <client.go:148>  	 close client:10002, 80d07eb7-09d5-4332-aa4d-01990a291dfd
2018-06-09 17:43:22 	 [DEBUG] 	 <client.go:112>  	 client: 80d07eb7-09d5-4332-aa4d-01990a291dfd 10002 socket closed
2018-06-09 17:43:34 	 [DEBUG] 	 <tcp.go:32>  	 新连接地址为:[192.168.31.41:64542]
2018-06-09 17:43:34 	 [DEBUG] 	 <client_im.go:88>  	 offlineMsg count 0
2018-06-09 17:43:59 	 [DEBUG] 	 <connection.go:106>  	 TODO(need offline push )can't send message, appid:10 uid:10001 cmd:4
2018-06-09 17:44:03 	 [DEBUG] 	 <connection.go:106>  	 TODO(need offline push )can't send message, appid:10 uid:10001 cmd:4
2018-06-09 17:44:05 	 [DEBUG] 	 <connection.go:106>  	 TODO(need offline push )can't send message, appid:10 uid:10001 cmd:4
2018-06-09 17:44:11 	 [DEBUG] 	 <connection.go:106>  	 TODO(need offline push )can't send message, appid:10 uid:10001 cmd:4
2018-06-09 17:44:20 	 [DEBUG] 	 <connection.go:106>  	 TODO(need offline push )can't send message, appid:10 uid:10001 cmd:4
2018-06-09 17:44:25 	 [DEBUG] 	 <protocol.go:134>  	 sock read error:EOF
2018-06-09 17:44:25 	 [DEBUG] 	 <client.go:83>  	 EOFconnect offline
2018-06-09 17:44:25 	 [DEBUG] 	 <client.go:148>  	 close client:10002, 80d07eb7-09d5-4332-aa4d-01990a291dfd
2018-06-09 17:44:25 	 [DEBUG] 	 <client.go:112>  	 client: 80d07eb7-09d5-4332-aa4d-01990a291dfd 10002 socket closed
2018-06-09 17:49:27 	 [DEBUG] 	 <tcp.go:32>  	 新连接地址为:[192.168.31.41:64592]
2018-06-09 17:49:27 	 [DEBUG] 	 <client_im.go:88>  	 offlineMsg count 0
2018-06-09 17:49:30 	 [DEBUG] 	 <tcp.go:32>  	 新连接地址为:[127.0.0.1:65093]
2018-06-09 17:49:30 	 [DEBUG] 	 <client_im.go:88>  	 offlineMsg count 9
2018-06-09 17:49:30 	 [DEBUG] 	 <client_im.go:102>  	 offline msg :sender:10002,receiver:10001,timestamp:1528536496,msgId:235,body:{"content":"⊙∀⊙！嗯嘛晚安现在去","receiver_id":"d5f75fbc-4f64-4f78-b320-2ca770847800","sender_id":"80d07eb7-09d5-4332-aa4d-01990a291dfd","type":1,"uuid":"F5C9EAF1-E00A-4667-81A9-270DF0F7E490"}
2018-06-09 17:49:30 	 [DEBUG] 	 <client_im.go:102>  	 offline msg :sender:10002,receiver:10001,timestamp:1528537141,msgId:236,body:{"content":"测的","receiver_id":"d5f75fbc-4f64-4f78-b320-2ca770847800","sender_id":"80d07eb7-09d5-4332-aa4d-01990a291dfd","type":1,"uuid":"E4E084E1-C12A-40E3-B7F1-084E7A6BA44C"}
2018-06-09 17:49:30 	 [DEBUG] 	 <client_im.go:102>  	 offline msg :sender:10002,receiver:10001,timestamp:1528537150,msgId:237,body:{"content":"的歌哦哦那明天下午我要睡觉了","receiver_id":"d5f75fbc-4f64-4f78-b320-2ca770847800","sender_id":"80d07eb7-09d5-4332-aa4d-01990a291dfd","type":1,"uuid":"B8A21779-70C8-4AF1-9182-D4E2098F3EB3"}
2018-06-09 17:49:30 	 [DEBUG] 	 <client_im.go:102>  	 offline msg :sender:10002,receiver:10001,timestamp:1528537160,msgId:238,body:{"content":"的恶魔校草你们那边","receiver_id":"d5f75fbc-4f64-4f78-b320-2ca770847800","sender_id":"80d07eb7-09d5-4332-aa4d-01990a291dfd","type":1,"uuid":"2E68162A-0B6C-4E99-A183-27348329DACE"}
2018-06-09 17:49:30 	 [DEBUG] 	 <client_im.go:102>  	 offline msg :sender:10002,receiver:10001,timestamp:1528537439,msgId:239,body:{"content":"IMMessageTableViewModel","receiver_id":"d5f75fbc-4f64-4f78-b320-2ca770847800","sender_id":"80d07eb7-09d5-4332-aa4d-01990a291dfd","type":1,"uuid":"7A9EE4EC-1DB8-40FC-8255-49A88FA01960"}
2018-06-09 17:49:30 	 [DEBUG] 	 <client_im.go:102>  	 offline msg :sender:10002,receiver:10001,timestamp:1528537443,msgId:240,body:{"content":"饿饿饿","receiver_id":"d5f75fbc-4f64-4f78-b320-2ca770847800","sender_id":"80d07eb7-09d5-4332-aa4d-01990a291dfd","type":1,"uuid":"A365F7F7-5562-4206-80E3-93EA57D055CA"}
2018-06-09 17:49:30 	 [DEBUG] 	 <client_im.go:102>  	 offline msg :sender:10002,receiver:10001,timestamp:1528537445,msgId:241,body:{"content":"噢噢噢","receiver_id":"d5f75fbc-4f64-4f78-b320-2ca770847800","sender_id":"80d07eb7-09d5-4332-aa4d-01990a291dfd","type":1,"uuid":"E10AF611-53F1-4198-9680-7B0453F934B9"}
2018-06-09 17:49:30 	 [DEBUG] 	 <client_im.go:102>  	 offline msg :sender:10002,receiver:10001,timestamp:1528537451,msgId:242,body:{"content":"YY","receiver_id":"d5f75fbc-4f64-4f78-b320-2ca770847800","sender_id":"80d07eb7-09d5-4332-aa4d-01990a291dfd","type":1,"uuid":"4B4BCAD6-7BFC-4B95-B486-F75DCE0FFADA"}
2018-06-09 17:49:30 	 [DEBUG] 	 <client_im.go:102>  	 offline msg :sender:10002,receiver:10001,timestamp:1528537460,msgId:243,body:{"content":"低的","receiver_id":"d5f75fbc-4f64-4f78-b320-2ca770847800","sender_id":"80d07eb7-09d5-4332-aa4d-01990a291dfd","type":1,"uuid":"A8C7C9D2-047B-4DC7-9CF1-A32230F9C552"}
2018-06-09 17:50:16 	 [DEBUG] 	 <protocol.go:134>  	 sock read error:EOF
2018-06-09 17:50:16 	 [DEBUG] 	 <client.go:83>  	 EOFconnect offline
2018-06-09 17:50:16 	 [DEBUG] 	 <client.go:148>  	 close client:10002, 80d07eb7-09d5-4332-aa4d-01990a291dfd
2018-06-09 17:50:16 	 [DEBUG] 	 <client.go:112>  	 client: 80d07eb7-09d5-4332-aa4d-01990a291dfd 10002 socket closed
2018-06-09 17:50:18 	 [DEBUG] 	 <tcp.go:32>  	 新连接地址为:[192.168.31.41:64593]
2018-06-09 17:50:18 	 [DEBUG] 	 <client_im.go:88>  	 offlineMsg count 0
2018-06-09 17:50:58 	 [DEBUG] 	 <protocol.go:134>  	 sock read error:EOF
2018-06-09 17:50:58 	 [DEBUG] 	 <client.go:83>  	 EOFconnect offline
2018-06-09 17:50:58 	 [DEBUG] 	 <client.go:148>  	 close client:10002, 80d07eb7-09d5-4332-aa4d-01990a291dfd
2018-06-09 17:50:58 	 [DEBUG] 	 <client.go:112>  	 client: 80d07eb7-09d5-4332-aa4d-01990a291dfd 10002 socket closed
2018-06-09 17:51:03 	 [DEBUG] 	 <tcp.go:32>  	 新连接地址为:[192.168.31.41:64638]
2018-06-09 17:51:03 	 [DEBUG] 	 <client_im.go:88>  	 offlineMsg count 0
2018-06-09 17:51:32 	 [DEBUG] 	 <client_heartbeat.go:9>  	 heartBeet
2018-06-09 17:53:05 	 [DEBUG] 	 <client_heartbeat.go:9>  	 heartBeet
2018-06-09 17:53:29 	 [DEBUG] 	 <protocol.go:134>  	 sock read error:EOF
2018-06-09 17:53:29 	 [DEBUG] 	 <client.go:83>  	 EOFconnect offline
2018-06-09 17:53:29 	 [DEBUG] 	 <client.go:148>  	 close client:10002, 80d07eb7-09d5-4332-aa4d-01990a291dfd
2018-06-09 17:53:29 	 [DEBUG] 	 <client.go:112>  	 client: 80d07eb7-09d5-4332-aa4d-01990a291dfd 10002 socket closed
2018-06-09 17:53:31 	 [DEBUG] 	 <client_heartbeat.go:9>  	 heartBeet
2018-06-09 17:54:33 	 [DEBUG] 	 <tcp.go:32>  	 新连接地址为:[192.168.31.41:64686]
2018-06-09 17:54:33 	 [DEBUG] 	 <client_im.go:88>  	 offlineMsg count 0
2018-06-09 17:54:52 	 [DEBUG] 	 <protocol.go:134>  	 sock read error:EOF
2018-06-09 17:54:52 	 [DEBUG] 	 <client.go:83>  	 EOFconnect offline
2018-06-09 17:54:52 	 [DEBUG] 	 <client.go:148>  	 close client:10002, 80d07eb7-09d5-4332-aa4d-01990a291dfd
2018-06-09 17:54:52 	 [DEBUG] 	 <client.go:112>  	 client: 80d07eb7-09d5-4332-aa4d-01990a291dfd 10002 socket closed
2018-06-09 17:54:58 	 [DEBUG] 	 <tcp.go:32>  	 新连接地址为:[192.168.31.41:64687]
2018-06-09 17:54:58 	 [DEBUG] 	 <client_im.go:88>  	 offlineMsg count 0
2018-06-09 17:55:31 	 [DEBUG] 	 <client_heartbeat.go:9>  	 heartBeet
2018-06-09 17:55:34 	 [DEBUG] 	 <protocol.go:134>  	 sock read error:EOF
2018-06-09 17:55:34 	 [DEBUG] 	 <client.go:83>  	 EOFconnect offline
2018-06-09 17:55:34 	 [DEBUG] 	 <client.go:148>  	 close client:10001, d5f75fbc-4f64-4f78-b320-2ca770847800
2018-06-09 17:55:34 	 [DEBUG] 	 <client.go:112>  	 client: d5f75fbc-4f64-4f78-b320-2ca770847800 10001 socket closed
2018-06-09 17:55:38 	 [DEBUG] 	 <tcp.go:32>  	 新连接地址为:[127.0.0.1:65170]
2018-06-09 17:55:38 	 [DEBUG] 	 <client_im.go:88>  	 offlineMsg count 0
2018-06-09 17:56:58 	 [DEBUG] 	 <client_heartbeat.go:9>  	 heartBeet
2018-06-09 17:57:40 	 [DEBUG] 	 <client_heartbeat.go:9>  	 heartBeet
2018-06-09 17:57:59 	 [DEBUG] 	 <protocol.go:134>  	 sock read error:EOF
2018-06-09 17:57:59 	 [DEBUG] 	 <client.go:83>  	 EOFconnect offline
2018-06-09 17:57:59 	 [DEBUG] 	 <client.go:148>  	 close client:10001, d5f75fbc-4f64-4f78-b320-2ca770847800
2018-06-09 17:57:59 	 [DEBUG] 	 <client.go:112>  	 client: d5f75fbc-4f64-4f78-b320-2ca770847800 10001 socket closed
2018-06-09 17:58:05 	 [DEBUG] 	 <protocol.go:134>  	 sock read error:EOF
2018-06-09 17:58:05 	 [DEBUG] 	 <client.go:83>  	 EOFconnect offline
2018-06-09 17:58:05 	 [DEBUG] 	 <client.go:148>  	 close client:10002, 80d07eb7-09d5-4332-aa4d-01990a291dfd
2018-06-09 17:58:05 	 [DEBUG] 	 <client.go:112>  	 client: 80d07eb7-09d5-4332-aa4d-01990a291dfd 10002 socket closed
2018-06-09 17:58:08 	 [DEBUG] 	 <tcp.go:32>  	 新连接地址为:[127.0.0.1:65212]
2018-06-09 17:58:08 	 [DEBUG] 	 <client_im.go:88>  	 offlineMsg count 0
2018-06-09 17:58:10 	 [DEBUG] 	 <protocol.go:134>  	 sock read error:EOF
2018-06-09 17:58:10 	 [DEBUG] 	 <client.go:83>  	 EOFconnect offline
2018-06-09 17:58:10 	 [DEBUG] 	 <client.go:148>  	 close client:10001, d5f75fbc-4f64-4f78-b320-2ca770847800
2018-06-09 17:58:10 	 [DEBUG] 	 <client.go:112>  	 client: d5f75fbc-4f64-4f78-b320-2ca770847800 10001 socket closed
2018-06-09 17:59:23 	 [DEBUG] 	 <tcp.go:32>  	 新连接地址为:[192.168.31.41:64735]
2018-06-09 17:59:23 	 [DEBUG] 	 <client_im.go:88>  	 offlineMsg count 0
2018-06-09 17:59:44 	 [DEBUG] 	 <connection.go:106>  	 TODO(need offline push )can't send message, appid:10 uid:10001 cmd:4
2018-06-09 17:59:45 	 [DEBUG] 	 <connection.go:106>  	 TODO(need offline push )can't send message, appid:10 uid:10001 cmd:4
2018-06-09 17:59:50 	 [DEBUG] 	 <connection.go:106>  	 TODO(need offline push )can't send message, appid:10 uid:10001 cmd:4
2018-06-09 18:00:07 	 [DEBUG] 	 <connection.go:106>  	 TODO(need offline push )can't send message, appid:10 uid:10001 cmd:4
2018-06-09 18:00:20 	 [DEBUG] 	 <connection.go:106>  	 TODO(need offline push )can't send message, appid:10 uid:10001 cmd:4
2018-06-09 18:00:43 	 [DEBUG] 	 <protocol.go:134>  	 sock read error:EOF
2018-06-09 18:00:43 	 [DEBUG] 	 <client.go:83>  	 EOFconnect offline
2018-06-09 18:00:43 	 [DEBUG] 	 <client.go:148>  	 close client:10002, 80d07eb7-09d5-4332-aa4d-01990a291dfd
2018-06-09 18:00:43 	 [DEBUG] 	 <client.go:112>  	 client: 80d07eb7-09d5-4332-aa4d-01990a291dfd 10002 socket closed
2018-06-09 18:00:55 	 [DEBUG] 	 <tcp.go:32>  	 新连接地址为:[192.168.31.41:64780]
2018-06-09 18:00:55 	 [DEBUG] 	 <client_im.go:88>  	 offlineMsg count 0
2018-06-09 18:01:05 	 [DEBUG] 	 <connection.go:106>  	 TODO(need offline push )can't send message, appid:10 uid:10001 cmd:4
2018-06-09 18:01:08 	 [DEBUG] 	 <protocol.go:134>  	 sock read error:EOF
2018-06-09 18:01:08 	 [DEBUG] 	 <client.go:83>  	 EOFconnect offline
2018-06-09 18:01:08 	 [DEBUG] 	 <client.go:148>  	 close client:10002, 80d07eb7-09d5-4332-aa4d-01990a291dfd
2018-06-09 18:01:08 	 [DEBUG] 	 <client.go:112>  	 client: 80d07eb7-09d5-4332-aa4d-01990a291dfd 10002 socket closed
2018-06-09 18:05:00 	 [DEBUG] 	 <tcp.go:32>  	 新连接地址为:[192.168.31.41:64784]
2018-06-09 18:05:00 	 [DEBUG] 	 <client_heartbeat.go:9>  	 heartBeet
2018-06-09 18:05:00 	 [DEBUG] 	 <client_im.go:88>  	 offlineMsg count 0
2018-06-09 18:05:01 	 [DEBUG] 	 <protocol.go:134>  	 sock read error:EOF
2018-06-09 18:05:01 	 [DEBUG] 	 <client.go:83>  	 EOFconnect offline
2018-06-09 18:05:01 	 [DEBUG] 	 <client.go:148>  	 close client:10002, 80d07eb7-09d5-4332-aa4d-01990a291dfd
2018-06-09 18:05:01 	 [DEBUG] 	 <client.go:112>  	 client: 80d07eb7-09d5-4332-aa4d-01990a291dfd 10002 socket closed
2018-06-09 18:05:03 	 [DEBUG] 	 <tcp.go:32>  	 新连接地址为:[192.168.31.41:64785]
2018-06-09 18:05:03 	 [DEBUG] 	 <client_im.go:88>  	 offlineMsg count 0
2018-06-09 18:05:21 	 [DEBUG] 	 <protocol.go:134>  	 sock read error:EOF
2018-06-09 18:05:21 	 [DEBUG] 	 <client.go:83>  	 EOFconnect offline
2018-06-09 18:05:21 	 [DEBUG] 	 <client.go:148>  	 close client:10002, 80d07eb7-09d5-4332-aa4d-01990a291dfd
2018-06-09 18:05:21 	 [DEBUG] 	 <client.go:112>  	 client: 80d07eb7-09d5-4332-aa4d-01990a291dfd 10002 socket closed
2018-06-09 18:05:34 	 [DEBUG] 	 <tcp.go:32>  	 新连接地址为:[192.168.31.41:64829]
2018-06-09 18:05:34 	 [DEBUG] 	 <client_im.go:88>  	 offlineMsg count 0
2018-06-09 18:05:45 	 [DEBUG] 	 <protocol.go:134>  	 sock read error:EOF
2018-06-09 18:05:45 	 [DEBUG] 	 <client.go:83>  	 EOFconnect offline
2018-06-09 18:05:45 	 [DEBUG] 	 <client.go:148>  	 close client:10002, 80d07eb7-09d5-4332-aa4d-01990a291dfd
2018-06-09 18:05:45 	 [DEBUG] 	 <client.go:112>  	 client: 80d07eb7-09d5-4332-aa4d-01990a291dfd 10002 socket closed
2018-06-09 18:07:58 	 [DEBUG] 	 <tcp.go:32>  	 新连接地址为:[192.168.31.41:64877]
2018-06-09 18:07:58 	 [DEBUG] 	 <client_im.go:88>  	 offlineMsg count 0
2018-06-09 18:08:08 	 [DEBUG] 	 <tcp.go:32>  	 新连接地址为:[127.0.0.1:49317]
2018-06-09 18:08:08 	 [DEBUG] 	 <client_im.go:88>  	 offlineMsg count 6
2018-06-09 18:08:08 	 [DEBUG] 	 <client_im.go:102>  	 offline msg :sender:10002,receiver:10001,timestamp:1528538384,msgId:309,body:{"content":"弄弄","receiver_id":"d5f75fbc-4f64-4f78-b320-2ca770847800","sender_id":"80d07eb7-09d5-4332-aa4d-01990a291dfd","type":1,"uuid":"6D61653A-1353-47F4-9AB2-2A6C2192DCC5"}
2018-06-09 18:08:08 	 [DEBUG] 	 <client_im.go:102>  	 offline msg :sender:10002,receiver:10001,timestamp:1528538385,msgId:310,body:{"content":"跌啊，你是","receiver_id":"d5f75fbc-4f64-4f78-b320-2ca770847800","sender_id":"80d07eb7-09d5-4332-aa4d-01990a291dfd","type":1,"uuid":"BA807BB9-F990-4FB3-AA27-1BD05910132E"}
2018-06-09 18:08:08 	 [DEBUG] 	 <client_im.go:102>  	 offline msg :sender:10002,receiver:10001,timestamp:1528538390,msgId:311,body:{"content":"锕佛洪老师说的那个什么什么什么东西？你不","receiver_id":"d5f75fbc-4f64-4f78-b320-2ca770847800","sender_id":"80d07eb7-09d5-4332-aa4d-01990a291dfd","type":1,"uuid":"941CE492-566D-4C83-A116-19EC6D427793"}
2018-06-09 18:08:08 	 [DEBUG] 	 <client_im.go:102>  	 offline msg :sender:10002,receiver:10001,timestamp:1528538407,msgId:312,body:{"content":"您给语音何埂冰块了啊我都不好意思去哪里玩啊，你在干嘛啊这是我们学校的啊！我在外面吃饭呢，？我的照片发给我看一下你的名字吗哦！我们这边的房子啊我在看直播吗老婆大人有大量招人喜欢我的人吗你们两个都要给我发红包的时候我给你发了个链接我们啊？！，！你","receiver_id":"d5f75fbc-4f64-4f78-b320-2ca770847800","sender_id":"80d07eb7-09d5-4332-aa4d-01990a291dfd","type":1,"uuid":"5F2D304B-5A11-4F28-811C-54DADD50945D"}
2018-06-09 18:08:08 	 [DEBUG] 	 <client_im.go:102>  	 offline msg :sender:10002,receiver:10001,timestamp:1528538420,msgId:313,body:{"content":"OK哦kmRNG扣的是真的假的呀我是男的聊天背景音乐老师说的好像你不是说我们在一起这么久啊哦那就好嗯嗯好的好的好的，谢谢你的","receiver_id":"d5f75fbc-4f64-4f78-b320-2ca770847800","sender_id":"80d07eb7-09d5-4332-aa4d-01990a291dfd","type":1,"uuid":"35AD0BBC-30E1-4F2B-9444-447794CC0E2C"}
2018-06-09 18:08:08 	 [DEBUG] 	 <client_im.go:102>  	 offline msg :sender:10002,receiver:10001,timestamp:1528538465,msgId:314,body:{"content":"⊙∀⊙！公","receiver_id":"d5f75fbc-4f64-4f78-b320-2ca770847800","sender_id":"80d07eb7-09d5-4332-aa4d-01990a291dfd","type":1,"uuid":"5F237A40-35C0-4FA7-940E-42DD9FA09686"}
2018-06-09 18:08:18 	 [DEBUG] 	 <protocol.go:134>  	 sock read error:EOF
2018-06-09 18:08:18 	 [DEBUG] 	 <client.go:83>  	 EOFconnect offline
2018-06-09 18:08:18 	 [DEBUG] 	 <client.go:148>  	 close client:10002, 80d07eb7-09d5-4332-aa4d-01990a291dfd
2018-06-09 18:08:18 	 [DEBUG] 	 <client.go:112>  	 client: 80d07eb7-09d5-4332-aa4d-01990a291dfd 10002 socket closed
2018-06-09 18:08:34 	 [DEBUG] 	 <tcp.go:32>  	 新连接地址为:[192.168.31.41:64920]
2018-06-09 18:08:34 	 [DEBUG] 	 <client_im.go:88>  	 offlineMsg count 0
2018-06-09 18:08:44 	 [DEBUG] 	 <protocol.go:134>  	 sock read error:EOF
2018-06-09 18:08:44 	 [DEBUG] 	 <client.go:83>  	 EOFconnect offline
2018-06-09 18:08:44 	 [DEBUG] 	 <client.go:148>  	 close client:10002, 80d07eb7-09d5-4332-aa4d-01990a291dfd
2018-06-09 18:08:44 	 [DEBUG] 	 <client.go:112>  	 client: 80d07eb7-09d5-4332-aa4d-01990a291dfd 10002 socket closed
2018-06-09 18:10:10 	 [DEBUG] 	 <client_heartbeat.go:9>  	 heartBeet
2018-06-09 18:10:39 	 [DEBUG] 	 <tcp.go:32>  	 新连接地址为:[192.168.31.41:65007]
2018-06-09 18:10:39 	 [DEBUG] 	 <client_im.go:88>  	 offlineMsg count 0
2018-06-09 18:10:44 	 [DEBUG] 	 <protocol.go:134>  	 sock read error:EOF
2018-06-09 18:10:44 	 [DEBUG] 	 <client.go:83>  	 EOFconnect offline
2018-06-09 18:10:44 	 [DEBUG] 	 <client.go:148>  	 close client:10002, 80d07eb7-09d5-4332-aa4d-01990a291dfd
2018-06-09 18:10:44 	 [DEBUG] 	 <client.go:112>  	 client: 80d07eb7-09d5-4332-aa4d-01990a291dfd 10002 socket closed
2018-06-09 18:10:45 	 [DEBUG] 	 <tcp.go:32>  	 新连接地址为:[192.168.31.41:65008]
2018-06-09 18:10:45 	 [DEBUG] 	 <client_im.go:88>  	 offlineMsg count 0
2018-06-09 18:10:48 	 [DEBUG] 	 <protocol.go:134>  	 sock read error:EOF
2018-06-09 18:10:48 	 [DEBUG] 	 <client.go:83>  	 EOFconnect offline
2018-06-09 18:10:48 	 [DEBUG] 	 <client.go:148>  	 close client:10002, 80d07eb7-09d5-4332-aa4d-01990a291dfd
2018-06-09 18:10:48 	 [DEBUG] 	 <client.go:112>  	 client: 80d07eb7-09d5-4332-aa4d-01990a291dfd 10002 socket closed
2018-06-09 18:10:52 	 [DEBUG] 	 <tcp.go:32>  	 新连接地址为:[192.168.31.41:65009]
2018-06-09 18:10:52 	 [DEBUG] 	 <client_im.go:88>  	 offlineMsg count 0
2018-06-09 18:11:05 	 [DEBUG] 	 <protocol.go:134>  	 sock read error:EOF
2018-06-09 18:11:05 	 [DEBUG] 	 <client.go:83>  	 EOFconnect offline
2018-06-09 18:11:05 	 [DEBUG] 	 <client.go:148>  	 close client:10002, 80d07eb7-09d5-4332-aa4d-01990a291dfd
2018-06-09 18:11:05 	 [DEBUG] 	 <client.go:112>  	 client: 80d07eb7-09d5-4332-aa4d-01990a291dfd 10002 socket closed
2018-06-09 18:11:20 	 [DEBUG] 	 <tcp.go:32>  	 新连接地址为:[192.168.31.41:65052]
2018-06-09 18:11:20 	 [DEBUG] 	 <client_im.go:88>  	 offlineMsg count 0
2018-06-09 18:11:32 	 [DEBUG] 	 <protocol.go:134>  	 sock read error:EOF
2018-06-09 18:11:32 	 [DEBUG] 	 <client.go:83>  	 EOFconnect offline
2018-06-09 18:11:32 	 [DEBUG] 	 <client.go:148>  	 close client:10002, 80d07eb7-09d5-4332-aa4d-01990a291dfd
2018-06-09 18:11:32 	 [DEBUG] 	 <client.go:112>  	 client: 80d07eb7-09d5-4332-aa4d-01990a291dfd 10002 socket closed
2018-06-09 18:11:34 	 [DEBUG] 	 <tcp.go:32>  	 新连接地址为:[192.168.31.41:65053]
2018-06-09 18:11:34 	 [DEBUG] 	 <client_im.go:88>  	 offlineMsg count 0
2018-06-09 18:12:11 	 [DEBUG] 	 <client_heartbeat.go:9>  	 heartBeet
2018-06-09 18:13:22 	 [DEBUG] 	 <client_heartbeat.go:9>  	 heartBeet
2018-06-09 18:14:08 	 [DEBUG] 	 <client_heartbeat.go:9>  	 heartBeet
2018-06-09 18:14:38 	 [DEBUG] 	 <protocol.go:134>  	 sock read error:EOF
2018-06-09 18:14:38 	 [DEBUG] 	 <client.go:83>  	 EOFconnect offline
2018-06-09 18:14:38 	 [DEBUG] 	 <client.go:148>  	 close client:10002, 80d07eb7-09d5-4332-aa4d-01990a291dfd
2018-06-09 18:14:38 	 [DEBUG] 	 <client.go:112>  	 client: 80d07eb7-09d5-4332-aa4d-01990a291dfd 10002 socket closed
2018-06-09 18:14:51 	 [DEBUG] 	 <tcp.go:32>  	 新连接地址为:[192.168.31.41:65098]
2018-06-09 18:14:51 	 [DEBUG] 	 <client_im.go:88>  	 offlineMsg count 0
2018-06-09 18:15:02 	 [DEBUG] 	 <protocol.go:134>  	 sock read error:EOF
2018-06-09 18:15:02 	 [DEBUG] 	 <client.go:83>  	 EOFconnect offline
2018-06-09 18:15:02 	 [DEBUG] 	 <client.go:148>  	 close client:10002, 80d07eb7-09d5-4332-aa4d-01990a291dfd
2018-06-09 18:15:02 	 [DEBUG] 	 <client.go:112>  	 client: 80d07eb7-09d5-4332-aa4d-01990a291dfd 10002 socket closed
2018-06-09 18:15:04 	 [DEBUG] 	 <tcp.go:32>  	 新连接地址为:[192.168.31.41:65099]
2018-06-09 18:15:04 	 [DEBUG] 	 <client_im.go:88>  	 offlineMsg count 0
2018-06-09 18:16:07 	 [DEBUG] 	 <protocol.go:134>  	 sock read error:EOF
2018-06-09 18:16:07 	 [DEBUG] 	 <client.go:83>  	 EOFconnect offline
2018-06-09 18:16:07 	 [DEBUG] 	 <client.go:148>  	 close client:10002, 80d07eb7-09d5-4332-aa4d-01990a291dfd
2018-06-09 18:16:07 	 [DEBUG] 	 <client.go:112>  	 client: 80d07eb7-09d5-4332-aa4d-01990a291dfd 10002 socket closed
2018-06-09 18:16:08 	 [DEBUG] 	 <client_heartbeat.go:9>  	 heartBeet
2018-06-09 18:17:25 	 [DEBUG] 	 <tcp.go:32>  	 新连接地址为:[192.168.31.41:65147]
2018-06-09 18:17:25 	 [DEBUG] 	 <client_im.go:88>  	 offlineMsg count 0
2018-06-09 18:17:51 	 [DEBUG] 	 <protocol.go:134>  	 sock read error:EOF
2018-06-09 18:17:51 	 [DEBUG] 	 <client.go:83>  	 EOFconnect offline
2018-06-09 18:17:51 	 [DEBUG] 	 <client.go:148>  	 close client:10002, 80d07eb7-09d5-4332-aa4d-01990a291dfd
2018-06-09 18:17:51 	 [DEBUG] 	 <client.go:112>  	 client: 80d07eb7-09d5-4332-aa4d-01990a291dfd 10002 socket closed
2018-06-09 18:18:06 	 [DEBUG] 	 <tcp.go:32>  	 新连接地址为:[192.168.31.41:65190]
2018-06-09 18:18:06 	 [DEBUG] 	 <client_im.go:88>  	 offlineMsg count 0
2018-06-09 18:18:10 	 [DEBUG] 	 <client_heartbeat.go:9>  	 heartBeet
2018-06-09 18:18:22 	 [DEBUG] 	 <protocol.go:134>  	 sock read error:EOF
2018-06-09 18:18:22 	 [DEBUG] 	 <client.go:83>  	 EOFconnect offline
2018-06-09 18:18:22 	 [DEBUG] 	 <client.go:148>  	 close client:10002, 80d07eb7-09d5-4332-aa4d-01990a291dfd
2018-06-09 18:18:22 	 [DEBUG] 	 <client.go:112>  	 client: 80d07eb7-09d5-4332-aa4d-01990a291dfd 10002 socket closed
2018-06-09 18:18:24 	 [DEBUG] 	 <tcp.go:32>  	 新连接地址为:[192.168.31.41:65191]
2018-06-09 18:18:24 	 [DEBUG] 	 <client_im.go:88>  	 offlineMsg count 0
2018-06-09 18:20:04 	 [DEBUG] 	 <protocol.go:134>  	 sock read error:EOF
2018-06-09 18:20:04 	 [DEBUG] 	 <client.go:83>  	 EOFconnect offline
2018-06-09 18:20:04 	 [DEBUG] 	 <client.go:148>  	 close client:10002, 80d07eb7-09d5-4332-aa4d-01990a291dfd
2018-06-09 18:20:04 	 [DEBUG] 	 <client.go:112>  	 client: 80d07eb7-09d5-4332-aa4d-01990a291dfd 10002 socket closed
2018-06-09 18:20:09 	 [DEBUG] 	 <client_heartbeat.go:9>  	 heartBeet
2018-06-09 18:21:31 	 [DEBUG] 	 <protocol.go:134>  	 sock read error:EOF
2018-06-09 18:21:31 	 [DEBUG] 	 <client.go:83>  	 EOFconnect offline
2018-06-09 18:21:31 	 [DEBUG] 	 <client.go:148>  	 close client:10001, d5f75fbc-4f64-4f78-b320-2ca770847800
2018-06-09 18:21:31 	 [DEBUG] 	 <client.go:112>  	 client: d5f75fbc-4f64-4f78-b320-2ca770847800 10001 socket closed
2018-06-09 18:28:56 	 [DEBUG] 	 <tcp.go:32>  	 新连接地址为:[192.168.31.41:65352]
2018-06-09 18:28:57 	 [DEBUG] 	 <client_im.go:88>  	 offlineMsg count 0
2018-06-09 18:29:08 	 [DEBUG] 	 <connection.go:106>  	 TODO(need offline push )can't send message, appid:10 uid:10001 cmd:4
2018-06-09 18:29:19 	 [DEBUG] 	 <connection.go:106>  	 TODO(need offline push )can't send message, appid:10 uid:10001 cmd:4
2018-06-09 18:29:21 	 [DEBUG] 	 <connection.go:106>  	 TODO(need offline push )can't send message, appid:10 uid:10001 cmd:4
2018-06-09 18:29:37 	 [DEBUG] 	 <protocol.go:134>  	 sock read error:EOF
2018-06-09 18:29:37 	 [DEBUG] 	 <client.go:83>  	 EOFconnect offline
2018-06-09 18:29:37 	 [DEBUG] 	 <client.go:148>  	 close client:10002, 80d07eb7-09d5-4332-aa4d-01990a291dfd
2018-06-09 18:29:37 	 [DEBUG] 	 <client.go:112>  	 client: 80d07eb7-09d5-4332-aa4d-01990a291dfd 10002 socket closed
2018-06-09 18:29:50 	 [DEBUG] 	 <tcp.go:32>  	 新连接地址为:[192.168.31.41:65400]
2018-06-09 18:29:50 	 [DEBUG] 	 <client_im.go:88>  	 offlineMsg count 0
2018-06-09 18:29:56 	 [DEBUG] 	 <connection.go:106>  	 TODO(need offline push )can't send message, appid:10 uid:10001 cmd:4
2018-06-09 18:29:58 	 [DEBUG] 	 <connection.go:106>  	 TODO(need offline push )can't send message, appid:10 uid:10001 cmd:4
2018-06-09 18:30:02 	 [DEBUG] 	 <connection.go:106>  	 TODO(need offline push )can't send message, appid:10 uid:10001 cmd:4
2018-06-09 18:30:03 	 [DEBUG] 	 <connection.go:106>  	 TODO(need offline push )can't send message, appid:10 uid:10001 cmd:4
2018-06-09 18:31:52 	 [DEBUG] 	 <client_heartbeat.go:9>  	 heartBeet
2018-06-09 18:32:56 	 [DEBUG] 	 <connection.go:106>  	 TODO(need offline push )can't send message, appid:10 uid:10001 cmd:4
2018-06-09 18:32:59 	 [DEBUG] 	 <connection.go:106>  	 TODO(need offline push )can't send message, appid:10 uid:10001 cmd:4
2018-06-09 18:33:52 	 [DEBUG] 	 <client_heartbeat.go:9>  	 heartBeet
2018-06-09 18:35:51 	 [DEBUG] 	 <client_heartbeat.go:9>  	 heartBeet
2018-06-09 18:37:52 	 [DEBUG] 	 <client_heartbeat.go:9>  	 heartBeet
2018-06-09 18:39:15 	 [DEBUG] 	 <protocol.go:134>  	 sock read error:EOF
2018-06-09 18:39:15 	 [DEBUG] 	 <client.go:83>  	 EOFconnect offline
2018-06-09 18:39:15 	 [DEBUG] 	 <client.go:148>  	 close client:10002, 80d07eb7-09d5-4332-aa4d-01990a291dfd
2018-06-09 18:39:15 	 [DEBUG] 	 <client.go:112>  	 client: 80d07eb7-09d5-4332-aa4d-01990a291dfd 10002 socket closed
2018-06-09 18:40:50 	 [DEBUG] 	 <tcp.go:32>  	 新连接地址为:[192.168.31.41:65451]
2018-06-09 18:40:50 	 [DEBUG] 	 <client_im.go:88>  	 offlineMsg count 0
2018-06-09 18:41:03 	 [DEBUG] 	 <connection.go:106>  	 TODO(need offline push )can't send message, appid:10 uid:10001 cmd:4
2018-06-09 18:41:07 	 [DEBUG] 	 <connection.go:106>  	 TODO(need offline push )can't send message, appid:10 uid:10001 cmd:4
2018-06-09 18:41:17 	 [DEBUG] 	 <protocol.go:134>  	 sock read error:EOF
2018-06-09 18:41:17 	 [DEBUG] 	 <client.go:83>  	 EOFconnect offline
2018-06-09 18:41:17 	 [DEBUG] 	 <client.go:148>  	 close client:10002, 80d07eb7-09d5-4332-aa4d-01990a291dfd
2018-06-09 18:41:17 	 [DEBUG] 	 <client.go:112>  	 client: 80d07eb7-09d5-4332-aa4d-01990a291dfd 10002 socket closed
2018-06-09 18:41:18 	 [DEBUG] 	 <tcp.go:32>  	 新连接地址为:[192.168.31.41:65453]
2018-06-09 18:41:18 	 [DEBUG] 	 <client_im.go:88>  	 offlineMsg count 0
2018-06-09 18:41:31 	 [DEBUG] 	 <protocol.go:134>  	 sock read error:EOF
2018-06-09 18:41:31 	 [DEBUG] 	 <client.go:83>  	 EOFconnect offline
2018-06-09 18:41:31 	 [DEBUG] 	 <client.go:148>  	 close client:10002, 80d07eb7-09d5-4332-aa4d-01990a291dfd
2018-06-09 18:41:31 	 [DEBUG] 	 <client.go:112>  	 client: 80d07eb7-09d5-4332-aa4d-01990a291dfd 10002 socket closed
2018-06-09 18:41:32 	 [DEBUG] 	 <tcp.go:32>  	 新连接地址为:[192.168.31.41:65460]
2018-06-09 18:41:32 	 [DEBUG] 	 <client_im.go:88>  	 offlineMsg count 0
2018-06-09 18:41:35 	 [DEBUG] 	 <connection.go:106>  	 TODO(need offline push )can't send message, appid:10 uid:10001 cmd:4
2018-06-09 18:41:48 	 [DEBUG] 	 <connection.go:106>  	 TODO(need offline push )can't send message, appid:10 uid:10001 cmd:4
2018-06-09 18:41:54 	 [DEBUG] 	 <protocol.go:134>  	 sock read error:EOF
2018-06-09 18:41:54 	 [DEBUG] 	 <client.go:83>  	 EOFconnect offline
2018-06-09 18:41:54 	 [DEBUG] 	 <client.go:148>  	 close client:10002, 80d07eb7-09d5-4332-aa4d-01990a291dfd
2018-06-09 18:41:54 	 [DEBUG] 	 <client.go:112>  	 client: 80d07eb7-09d5-4332-aa4d-01990a291dfd 10002 socket closed
2018-06-09 18:41:57 	 [DEBUG] 	 <tcp.go:32>  	 新连接地址为:[192.168.31.41:65462]
2018-06-09 18:41:57 	 [DEBUG] 	 <client_im.go:88>  	 offlineMsg count 0
2018-06-09 18:42:36 	 [DEBUG] 	 <connection.go:106>  	 TODO(need offline push )can't send message, appid:10 uid:10001 cmd:4
2018-06-09 18:42:47 	 [DEBUG] 	 <tcp.go:32>  	 新连接地址为:[127.0.0.1:51551]
2018-06-09 18:42:47 	 [DEBUG] 	 <client_heartbeat.go:9>  	 heartBeet
2018-06-09 18:42:47 	 [DEBUG] 	 <client_im.go:88>  	 offlineMsg count 14
2018-06-09 18:42:47 	 [DEBUG] 	 <client_im.go:102>  	 offline msg :sender:10002,receiver:10001,timestamp:1528540148,msgId:359,body:{"content":"敏你哦⊙∀⊙！","receiver_id":"d5f75fbc-4f64-4f78-b320-2ca770847800","sender_id":"80d07eb7-09d5-4332-aa4d-01990a291dfd","type":1,"uuid":"F7970EF1-34EF-46B5-AEB1-F2449227819A"}
2018-06-09 18:42:47 	 [DEBUG] 	 <client_im.go:102>  	 offline msg :sender:10002,receiver:10001,timestamp:1528540159,msgId:360,body:{"content":"呃呃呃","receiver_id":"d5f75fbc-4f64-4f78-b320-2ca770847800","sender_id":"80d07eb7-09d5-4332-aa4d-01990a291dfd","type":1,"uuid":"61ECB21F-6637-4330-BC97-C43A4FBB173C"}
2018-06-09 18:42:47 	 [DEBUG] 	 <client_im.go:102>  	 offline msg :sender:10002,receiver:10001,timestamp:1528540161,msgId:361,body:{"content":"哦公","receiver_id":"d5f75fbc-4f64-4f78-b320-2ca770847800","sender_id":"80d07eb7-09d5-4332-aa4d-01990a291dfd","type":1,"uuid":"8A0BBE14-C0B9-4033-920F-F3599E40864B"}
2018-06-09 18:42:47 	 [DEBUG] 	 <client_im.go:102>  	 offline msg :sender:10002,receiver:10001,timestamp:1528540196,msgId:362,body:{"content":"新年","receiver_id":"d5f75fbc-4f64-4f78-b320-2ca770847800","sender_id":"80d07eb7-09d5-4332-aa4d-01990a291dfd","type":1,"uuid":"FD16FDBD-17BB-4C36-BA37-6B1BDCD91D43"}
2018-06-09 18:42:47 	 [DEBUG] 	 <client_im.go:102>  	 offline msg :sender:10002,receiver:10001,timestamp:1528540198,msgId:363,body:{"content":"我让我哥","receiver_id":"d5f75fbc-4f64-4f78-b320-2ca770847800","sender_id":"80d07eb7-09d5-4332-aa4d-01990a291dfd","type":1,"uuid":"C397050F-D4D5-460C-A7DE-1323CCB668E2"}
2018-06-09 18:42:47 	 [DEBUG] 	 <client_im.go:102>  	 offline msg :sender:10002,receiver:10001,timestamp:1528540202,msgId:364,body:{"content":"新宁泯灭","receiver_id":"d5f75fbc-4f64-4f78-b320-2ca770847800","sender_id":"80d07eb7-09d5-4332-aa4d-01990a291dfd","type":1,"uuid":"35C542B9-D557-45D6-B545-3ABF82DEDD84"}
2018-06-09 18:42:47 	 [DEBUG] 	 <client_im.go:102>  	 offline msg :sender:10002,receiver:10001,timestamp:1528540203,msgId:365,body:{"content":"一种","receiver_id":"d5f75fbc-4f64-4f78-b320-2ca770847800","sender_id":"80d07eb7-09d5-4332-aa4d-01990a291dfd","type":1,"uuid":"3AA67FB1-3E12-438B-851B-C420B8DA7DE3"}
2018-06-09 18:42:47 	 [DEBUG] 	 <client_im.go:102>  	 offline msg :sender:10002,receiver:10001,timestamp:1528540376,msgId:366,body:{"content":"! Put user rules line by line in this file.\n! See https:\/\/adblockplus.org\/en\/filter-cheatsheet\ngithub.com\nhttps.github.com\ngit@github.com\nhttps:\/\/store.docker.com\/editions\/community\/docker-ce-desktop-mac\ncode.google.com\nhomebrew.bintray.com\nhttps:\/\/www.jetbrains.com\nassets-cdn.github.com","receiver_id":"d5f75fbc-4f64-4f78-b320-2ca770847800","sender_id":"80d07eb7-09d5-4332-aa4d-01990a291dfd","type":1,"uuid":"045774CA-942C-42AC-83A8-0D36DE725668"}
2018-06-09 18:42:47 	 [DEBUG] 	 <client_im.go:102>  	 offline msg :sender:10002,receiver:10001,timestamp:1528540379,msgId:367,body:{"content":"秘密of","receiver_id":"d5f75fbc-4f64-4f78-b320-2ca770847800","sender_id":"80d07eb7-09d5-4332-aa4d-01990a291dfd","type":1,"uuid":"96FB6C26-D1C6-464F-99DE-4CDD5309D201"}
2018-06-09 18:42:47 	 [DEBUG] 	 <client_im.go:102>  	 offline msg :sender:10002,receiver:10001,timestamp:1528540863,msgId:368,body:{"content":"闵IMMessageTableViewModel","receiver_id":"d5f75fbc-4f64-4f78-b320-2ca770847800","sender_id":"80d07eb7-09d5-4332-aa4d-01990a291dfd","type":1,"uuid":"0ECEDE24-1992-4AEF-B893-53B069BD3A36"}
2018-06-09 18:42:47 	 [DEBUG] 	 <client_im.go:102>  	 offline msg :sender:10002,receiver:10001,timestamp:1528540867,msgId:369,body:{"content":"公","receiver_id":"d5f75fbc-4f64-4f78-b320-2ca770847800","sender_id":"80d07eb7-09d5-4332-aa4d-01990a291dfd","type":1,"uuid":"7B49A7E4-ECCB-4CD8-9F27-6213A3D0E683"}
2018-06-09 18:42:47 	 [DEBUG] 	 <client_im.go:102>  	 offline msg :sender:10002,receiver:10001,timestamp:1528540895,msgId:370,body:{"content":"IMMessageTableViewMo ","receiver_id":"d5f75fbc-4f64-4f78-b320-2ca770847800","sender_id":"80d07eb7-09d5-4332-aa4d-01990a291dfd","type":1,"uuid":"C399EF8E-1876-4569-92A3-23E41164455D"}
2018-06-09 18:42:47 	 [DEBUG] 	 <client_im.go:102>  	 offline msg :sender:10002,receiver:10001,timestamp:1528540908,msgId:371,body:{"content":"就go","receiver_id":"d5f75fbc-4f64-4f78-b320-2ca770847800","sender_id":"80d07eb7-09d5-4332-aa4d-01990a291dfd","type":1,"uuid":"C178B0B3-8605-429B-83CF-4C62A16C38BB"}
2018-06-09 18:42:47 	 [DEBUG] 	 <client_im.go:102>  	 offline msg :sender:10002,receiver:10001,timestamp:1528540956,msgId:372,body:{"content":"您给语音何埂冰块了啊我都不好意思去哪里玩啊，你在干嘛啊这是我们学校的啊！我在外面吃饭呢，？我的照片发给我看一下你的名字吗哦！我们这边的房子啊我在看直播吗老婆大人有大量招人喜欢我的人吗你们两个都要给我发红包的时候我给你发了个链接我们啊？！，！你您给语音何埂冰块了啊我都不好意思去哪里玩啊，你在干嘛啊这是我们学校的啊！我在外面吃饭呢，？我的照片发给我看一下你的名字吗哦！我们这边的房子啊我在看直播吗老婆大人有大量招人喜欢我的人吗你们两个都要给我发红包的时候我给你发了个链接我们啊？！，！你您给语音何埂冰块了啊我都不好意思去哪里玩啊，你在干嘛啊这是我们学校的啊！我在外面吃饭呢，？我的照片发给我看一下你的名字吗哦！我们这边的房子啊我在看直播吗老婆大人有大量招人喜欢我的人吗你们两个都要给我发红包的时候我给你发了个链接我们啊？！，！你您给语音何埂冰块了啊我都不好意思去哪里玩啊，你在干嘛啊这是我们学校的啊！我在外面吃饭呢，？我的照片发给我看一下你的名字吗哦！我们这边的房子啊我在看直播吗老婆大人有大量招人喜欢我的人吗你们两个都要给我发红包的时候我给你发了个链接我们啊？！，！你您给语音何埂冰块了啊我都不好意思去哪里玩啊，你在干嘛啊这是我们学校的啊！我在外面吃饭呢，？我的照片发给我看一下你的名字吗哦！我们这边的房子啊我在看直播吗老婆大人有大量招人喜欢我的人吗你们两个都要给我发红包的时候我给你发了个链接我们啊？！，！你您给语音何埂冰块了啊我都不好意思去哪里玩啊，你在干嘛啊这是我们学校的啊！我在外面吃饭呢，？我的照片发给我看一下你的名字吗哦！我们这边的房子啊我在看直播吗老婆大人有大量招人喜欢我的人吗你们两个都要给我发红包的时候我给你发了个链接我们啊？！，！你您给语音何埂冰块了啊我都不好意思去哪里玩啊，你在干嘛啊这是我们学校的啊！我在外面吃饭呢，？我的照片发给我看一下你的名字吗哦！我们这边的房子啊我在看直播吗老婆大人有大量招人喜欢我的人吗你们两个都要给我发红包的时候我给你发了个链接我们啊？！，！你您给语音何埂冰块了啊我都不好意思去哪里玩啊，你在干嘛啊这是我们学校的啊！我在外面吃饭呢，？我的照片发给我看一下你的名字吗哦！我们这边的房子啊我在看直播吗老婆大人有大量招人喜欢我的人吗你们两个都要给我发红包的时候我给你发了个链接我们啊？！，！你您给语音何埂冰块了啊我都不好意思去哪里玩啊，你在干嘛啊这是我们学校的啊！我在外面吃饭呢，？我的照片发给我看一下你的名字吗哦！我们这边的房子啊我在看直播吗老婆大人有大量招人喜欢我的人吗你们两个都要给我发红包的时候我给你发了个链接我们啊？！，！你","receiver_id":"d5f75fbc-4f64-4f78-b320-2ca770847800","sender_id":"80d07eb7-09d5-4332-aa4d-01990a291dfd","type":1,"uuid":"D906EF3B-3561-4CDB-BB3D-449590054F6E"}
2018-06-09 18:42:53 	 [DEBUG] 	 <client_heartbeat.go:9>  	 heartBeet
2018-06-09 18:43:31 	 [ INFO] 	 <protocol.go:143>  	 invalid len:39393
2018-06-09 18:43:31 	 [DEBUG] 	 <client.go:148>  	 close client:10002, 80d07eb7-09d5-4332-aa4d-01990a291dfd
2018-06-09 18:43:31 	 [DEBUG] 	 <client.go:112>  	 client: 80d07eb7-09d5-4332-aa4d-01990a291dfd 10002 socket closed
2018-06-09 18:43:32 	 [DEBUG] 	 <tcp.go:32>  	 新连接地址为:[192.168.31.41:65463]
2018-06-09 18:43:32 	 [DEBUG] 	 <client_im.go:88>  	 offlineMsg count 0
2018-06-09 18:43:46 	 [ INFO] 	 <protocol.go:143>  	 invalid len:78597
2018-06-09 18:43:46 	 [DEBUG] 	 <client.go:148>  	 close client:10002, 80d07eb7-09d5-4332-aa4d-01990a291dfd
2018-06-09 18:43:46 	 [DEBUG] 	 <client.go:112>  	 client: 80d07eb7-09d5-4332-aa4d-01990a291dfd 10002 socket closed
2018-06-09 18:43:48 	 [DEBUG] 	 <tcp.go:32>  	 新连接地址为:[192.168.31.41:65464]
2018-06-09 18:43:48 	 [DEBUG] 	 <client_im.go:88>  	 offlineMsg count 0
2018-06-09 18:43:50 	 [DEBUG] 	 <protocol.go:134>  	 sock read error:EOF
2018-06-09 18:43:50 	 [DEBUG] 	 <client.go:83>  	 EOFconnect offline
2018-06-09 18:43:50 	 [DEBUG] 	 <client.go:148>  	 close client:10001, d5f75fbc-4f64-4f78-b320-2ca770847800
2018-06-09 18:43:50 	 [DEBUG] 	 <client.go:112>  	 client: d5f75fbc-4f64-4f78-b320-2ca770847800 10001 socket closed
2018-06-09 18:43:52 	 [DEBUG] 	 <tcp.go:32>  	 新连接地址为:[127.0.0.1:51558]
2018-06-09 18:43:52 	 [DEBUG] 	 <client_im.go:88>  	 offlineMsg count 0
2018-06-09 18:44:06 	 [ INFO] 	 <protocol.go:143>  	 invalid len:39396
2018-06-09 18:44:06 	 [DEBUG] 	 <client.go:148>  	 close client:10002, 80d07eb7-09d5-4332-aa4d-01990a291dfd
2018-06-09 18:44:06 	 [DEBUG] 	 <client.go:112>  	 client: 80d07eb7-09d5-4332-aa4d-01990a291dfd 10002 socket closed
2018-06-09 18:44:08 	 [DEBUG] 	 <tcp.go:32>  	 新连接地址为:[192.168.31.41:65465]
2018-06-09 18:44:08 	 [DEBUG] 	 <client_im.go:88>  	 offlineMsg count 0
2018-06-09 18:44:08 	 [DEBUG] 	 <client_heartbeat.go:9>  	 heartBeet
2018-06-09 18:44:22 	 [ INFO] 	 <protocol.go:143>  	 invalid len:39402
2018-06-09 18:44:22 	 [DEBUG] 	 <client.go:148>  	 close client:10002, 80d07eb7-09d5-4332-aa4d-01990a291dfd
2018-06-09 18:44:22 	 [DEBUG] 	 <client.go:112>  	 client: 80d07eb7-09d5-4332-aa4d-01990a291dfd 10002 socket closed
2018-06-09 18:44:27 	 [DEBUG] 	 <tcp.go:32>  	 新连接地址为:[192.168.31.41:65466]
2018-06-09 18:44:27 	 [DEBUG] 	 <client_im.go:88>  	 offlineMsg count 0
2018-06-09 18:44:53 	 [DEBUG] 	 <client_heartbeat.go:9>  	 heartBeet
2018-06-09 18:46:10 	 [DEBUG] 	 <client_heartbeat.go:9>  	 heartBeet
2018-06-09 18:46:53 	 [DEBUG] 	 <client_heartbeat.go:9>  	 heartBeet
2018-06-09 18:47:16 	 [DEBUG] 	 <tcp.go:32>  	 新连接地址为:[127.0.0.1:51677]
2018-06-09 18:47:16 	 [DEBUG] 	 <client_im.go:88>  	 offlineMsg count 0
2018-06-09 18:47:18 	 [DEBUG] 	 <tcp.go:32>  	 新连接地址为:[192.168.31.41:65468]
2018-06-09 18:47:18 	 [DEBUG] 	 <client_im.go:88>  	 offlineMsg count 0
2018-06-09 18:48:08 	 [DEBUG] 	 <client_heartbeat.go:9>  	 heartBeet
2018-06-09 18:48:23 	 [DEBUG] 	 <tcp.go:32>  	 新连接地址为:[192.168.31.41:65469]
2018-06-09 18:48:23 	 [DEBUG] 	 <client_im.go:88>  	 offlineMsg count 0
2018-06-09 18:48:26 	 [DEBUG] 	 <tcp.go:32>  	 新连接地址为:[127.0.0.1:51688]
2018-06-09 18:48:26 	 [DEBUG] 	 <client_im.go:88>  	 offlineMsg count 0
2018-06-09 18:48:51 	 [DEBUG] 	 <client_heartbeat.go:9>  	 heartBeet
2018-06-09 18:49:14 	 [ INFO] 	 <protocol.go:143>  	 invalid len:39393
2018-06-09 18:49:14 	 [DEBUG] 	 <client.go:148>  	 close client:10002, 80d07eb7-09d5-4332-aa4d-01990a291dfd
2018-06-09 18:49:14 	 [DEBUG] 	 <client.go:112>  	 client: 80d07eb7-09d5-4332-aa4d-01990a291dfd 10002 socket closed
2018-06-09 18:49:18 	 [DEBUG] 	 <tcp.go:32>  	 新连接地址为:[192.168.31.41:65470]
2018-06-09 18:49:18 	 [DEBUG] 	 <client_im.go:88>  	 offlineMsg count 0
2018-06-09 18:49:24 	 [ INFO] 	 <protocol.go:143>  	 invalid len:39393
2018-06-09 18:49:24 	 [DEBUG] 	 <client.go:148>  	 close client:10002, 80d07eb7-09d5-4332-aa4d-01990a291dfd
2018-06-09 18:49:24 	 [DEBUG] 	 <client.go:112>  	 client: 80d07eb7-09d5-4332-aa4d-01990a291dfd 10002 socket closed
2018-06-09 18:49:28 	 [DEBUG] 	 <tcp.go:32>  	 新连接地址为:[192.168.31.41:65471]
2018-06-09 18:49:28 	 [DEBUG] 	 <client_im.go:88>  	 offlineMsg count 0
2018-06-09 18:50:10 	 [DEBUG] 	 <client_heartbeat.go:9>  	 heartBeet
2018-06-09 18:50:53 	 [DEBUG] 	 <client_heartbeat.go:9>  	 heartBeet
2018-06-09 18:52:09 	 [DEBUG] 	 <client_heartbeat.go:9>  	 heartBeet
2018-06-09 18:52:53 	 [DEBUG] 	 <client_heartbeat.go:9>  	 heartBeet
2018-06-09 18:54:08 	 [DEBUG] 	 <client_heartbeat.go:9>  	 heartBeet
2018-06-09 18:54:50 	 [DEBUG] 	 <protocol.go:134>  	 sock read error:EOF
2018-06-09 18:54:50 	 [DEBUG] 	 <client.go:83>  	 EOFconnect offline
2018-06-09 18:54:50 	 [DEBUG] 	 <client.go:148>  	 close client:10002, 80d07eb7-09d5-4332-aa4d-01990a291dfd
2018-06-09 18:54:50 	 [DEBUG] 	 <client.go:112>  	 client: 80d07eb7-09d5-4332-aa4d-01990a291dfd 10002 socket closed
2018-06-09 18:55:03 	 [DEBUG] 	 <tcp.go:32>  	 新连接地址为:[192.168.31.41:65518]
2018-06-09 18:55:03 	 [DEBUG] 	 <client_im.go:88>  	 offlineMsg count 0
2018-06-09 18:55:11 	 [ INFO] 	 <protocol.go:143>  	 invalid len:39393
2018-06-09 18:55:11 	 [DEBUG] 	 <client.go:148>  	 close client:10002, 80d07eb7-09d5-4332-aa4d-01990a291dfd
2018-06-09 18:55:11 	 [DEBUG] 	 <client.go:112>  	 client: 80d07eb7-09d5-4332-aa4d-01990a291dfd 10002 socket closed
2018-06-09 18:55:13 	 [DEBUG] 	 <tcp.go:32>  	 新连接地址为:[192.168.31.41:65519]
2018-06-09 18:55:13 	 [DEBUG] 	 <client_im.go:88>  	 offlineMsg count 0
2018-06-09 18:55:17 	 [ INFO] 	 <protocol.go:143>  	 invalid len:39393
2018-06-09 18:55:17 	 [DEBUG] 	 <client.go:148>  	 close client:10002, 80d07eb7-09d5-4332-aa4d-01990a291dfd
2018-06-09 18:55:17 	 [DEBUG] 	 <client.go:112>  	 client: 80d07eb7-09d5-4332-aa4d-01990a291dfd 10002 socket closed
2018-06-09 18:55:19 	 [DEBUG] 	 <tcp.go:32>  	 新连接地址为:[192.168.31.41:65520]
2018-06-09 18:55:19 	 [DEBUG] 	 <client_im.go:88>  	 offlineMsg count 0
2018-06-09 18:56:09 	 [DEBUG] 	 <client_heartbeat.go:9>  	 heartBeet
2018-06-09 18:57:05 	 [DEBUG] 	 <client_heartbeat.go:9>  	 heartBeet
2018-06-09 18:58:10 	 [DEBUG] 	 <client_heartbeat.go:9>  	 heartBeet
2018-06-09 18:59:05 	 [DEBUG] 	 <client_heartbeat.go:9>  	 heartBeet
2018-06-09 18:59:39 	 [DEBUG] 	 <protocol.go:134>  	 sock read error:EOF
2018-06-09 18:59:39 	 [DEBUG] 	 <client.go:83>  	 EOFconnect offline
2018-06-09 18:59:39 	 [DEBUG] 	 <client.go:148>  	 close client:10002, 80d07eb7-09d5-4332-aa4d-01990a291dfd
2018-06-09 18:59:39 	 [DEBUG] 	 <client.go:112>  	 client: 80d07eb7-09d5-4332-aa4d-01990a291dfd 10002 socket closed
2018-06-09 18:59:52 	 [DEBUG] 	 <tcp.go:32>  	 新连接地址为:[192.168.31.41:49183]
2018-06-09 18:59:52 	 [DEBUG] 	 <client_im.go:88>  	 offlineMsg count 0
2018-06-09 19:00:10 	 [DEBUG] 	 <client_heartbeat.go:9>  	 heartBeet
2018-06-09 19:01:55 	 [DEBUG] 	 <client_heartbeat.go:9>  	 heartBeet
2018-06-09 19:02:09 	 [DEBUG] 	 <client_heartbeat.go:9>  	 heartBeet
2018-06-09 19:03:55 	 [DEBUG] 	 <client_heartbeat.go:9>  	 heartBeet
2018-06-09 19:04:10 	 [DEBUG] 	 <client_heartbeat.go:9>  	 heartBeet
2018-06-09 19:05:55 	 [DEBUG] 	 <client_heartbeat.go:9>  	 heartBeet
2018-06-09 19:06:08 	 [DEBUG] 	 <client_heartbeat.go:9>  	 heartBeet
2018-06-09 19:06:42 	 [DEBUG] 	 <protocol.go:134>  	 sock read error:EOF
2018-06-09 19:06:42 	 [DEBUG] 	 <client.go:83>  	 EOFconnect offline
2018-06-09 19:06:42 	 [DEBUG] 	 <client.go:148>  	 close client:10002, 80d07eb7-09d5-4332-aa4d-01990a291dfd
2018-06-09 19:06:42 	 [DEBUG] 	 <client.go:112>  	 client: 80d07eb7-09d5-4332-aa4d-01990a291dfd 10002 socket closed
2018-06-09 19:06:50 	 [DEBUG] 	 <tcp.go:32>  	 新连接地址为:[192.168.31.41:49230]
2018-06-09 19:06:50 	 [DEBUG] 	 <client_im.go:88>  	 offlineMsg count 0
2018-06-09 19:07:06 	 [DEBUG] 	 <protocol.go:134>  	 sock read error:EOF
2018-06-09 19:07:06 	 [DEBUG] 	 <client.go:83>  	 EOFconnect offline
2018-06-09 19:07:06 	 [DEBUG] 	 <client.go:148>  	 close client:10002, 80d07eb7-09d5-4332-aa4d-01990a291dfd
2018-06-09 19:07:06 	 [DEBUG] 	 <client.go:112>  	 client: 80d07eb7-09d5-4332-aa4d-01990a291dfd 10002 socket closed
2018-06-09 19:07:13 	 [DEBUG] 	 <tcp.go:32>  	 新连接地址为:[192.168.31.41:49275]
2018-06-09 19:07:13 	 [DEBUG] 	 <client_im.go:88>  	 offlineMsg count 0
2018-06-09 19:08:11 	 [DEBUG] 	 <client_heartbeat.go:9>  	 heartBeet
2018-06-09 19:09:04 	 [DEBUG] 	 <protocol.go:134>  	 sock read error:EOF
2018-06-09 19:09:04 	 [DEBUG] 	 <client.go:83>  	 EOFconnect offline
2018-06-09 19:09:04 	 [DEBUG] 	 <client.go:148>  	 close client:10002, 80d07eb7-09d5-4332-aa4d-01990a291dfd
2018-06-09 19:09:04 	 [DEBUG] 	 <client.go:112>  	 client: 80d07eb7-09d5-4332-aa4d-01990a291dfd 10002 socket closed
2018-06-09 19:09:16 	 [DEBUG] 	 <tcp.go:32>  	 新连接地址为:[192.168.31.41:49322]
2018-06-09 19:09:16 	 [DEBUG] 	 <client_im.go:88>  	 offlineMsg count 0
2018-06-09 19:10:08 	 [DEBUG] 	 <client_heartbeat.go:9>  	 heartBeet
2018-06-09 19:11:18 	 [DEBUG] 	 <client_heartbeat.go:9>  	 heartBeet
2018-06-09 19:12:01 	 [DEBUG] 	 <protocol.go:134>  	 sock read error:EOF
2018-06-09 19:12:01 	 [DEBUG] 	 <client.go:83>  	 EOFconnect offline
2018-06-09 19:12:01 	 [DEBUG] 	 <client.go:148>  	 close client:10002, 80d07eb7-09d5-4332-aa4d-01990a291dfd
2018-06-09 19:12:01 	 [DEBUG] 	 <client.go:112>  	 client: 80d07eb7-09d5-4332-aa4d-01990a291dfd 10002 socket closed
2018-06-09 19:12:08 	 [DEBUG] 	 <client_heartbeat.go:9>  	 heartBeet
2018-06-09 19:12:13 	 [DEBUG] 	 <tcp.go:32>  	 新连接地址为:[192.168.31.41:49369]
2018-06-09 19:12:13 	 [DEBUG] 	 <client_im.go:88>  	 offlineMsg count 0
2018-06-09 19:14:08 	 [DEBUG] 	 <client_heartbeat.go:9>  	 heartBeet
2018-06-09 19:14:56 	 [DEBUG] 	 <protocol.go:134>  	 sock read error:EOF
2018-06-09 19:14:56 	 [DEBUG] 	 <client.go:83>  	 EOFconnect offline
2018-06-09 19:14:56 	 [DEBUG] 	 <client.go:148>  	 close client:10002, 80d07eb7-09d5-4332-aa4d-01990a291dfd
2018-06-09 19:14:56 	 [DEBUG] 	 <client.go:112>  	 client: 80d07eb7-09d5-4332-aa4d-01990a291dfd 10002 socket closed
2018-06-09 19:15:09 	 [DEBUG] 	 <tcp.go:32>  	 新连接地址为:[192.168.31.41:49419]
2018-06-09 19:15:09 	 [DEBUG] 	 <client_im.go:88>  	 offlineMsg count 0
2018-06-09 19:16:09 	 [DEBUG] 	 <client_heartbeat.go:9>  	 heartBeet
2018-06-09 19:17:11 	 [DEBUG] 	 <client_heartbeat.go:9>  	 heartBeet
2018-06-09 19:18:09 	 [DEBUG] 	 <client_heartbeat.go:9>  	 heartBeet
2018-06-09 19:19:11 	 [DEBUG] 	 <client_heartbeat.go:9>  	 heartBeet
2018-06-09 19:20:10 	 [DEBUG] 	 <client_heartbeat.go:9>  	 heartBeet
2018-06-09 19:21:11 	 [DEBUG] 	 <client_heartbeat.go:9>  	 heartBeet
2018-06-09 19:22:09 	 [DEBUG] 	 <client_heartbeat.go:9>  	 heartBeet
2018-06-09 19:23:11 	 [DEBUG] 	 <client_heartbeat.go:9>  	 heartBeet
2018-06-09 19:24:09 	 [DEBUG] 	 <client_heartbeat.go:9>  	 heartBeet
2018-06-09 19:25:11 	 [DEBUG] 	 <client_heartbeat.go:9>  	 heartBeet
2018-06-09 19:26:10 	 [DEBUG] 	 <client_heartbeat.go:9>  	 heartBeet
2018-06-09 19:27:11 	 [DEBUG] 	 <client_heartbeat.go:9>  	 heartBeet
2018-06-09 19:27:14 	 [DEBUG] 	 <protocol.go:134>  	 sock read error:EOF
2018-06-09 19:27:14 	 [DEBUG] 	 <client.go:83>  	 EOFconnect offline
2018-06-09 19:27:14 	 [DEBUG] 	 <client.go:148>  	 close client:10001, d5f75fbc-4f64-4f78-b320-2ca770847800
2018-06-09 19:27:14 	 [DEBUG] 	 <client.go:112>  	 client: d5f75fbc-4f64-4f78-b320-2ca770847800 10001 socket closed
2018-06-09 19:27:17 	 [DEBUG] 	 <tcp.go:32>  	 新连接地址为:[127.0.0.1:52763]
2018-06-09 19:27:17 	 [DEBUG] 	 <client_im.go:88>  	 offlineMsg count 0
2018-06-09 19:28:11 	 [DEBUG] 	 <client_heartbeat.go:9>  	 heartBeet
2018-06-09 19:29:04 	 [DEBUG] 	 <protocol.go:134>  	 sock read error:EOF
2018-06-09 19:29:04 	 [DEBUG] 	 <client.go:83>  	 EOFconnect offline
2018-06-09 19:29:04 	 [DEBUG] 	 <client.go:148>  	 close client:10002, 80d07eb7-09d5-4332-aa4d-01990a291dfd
2018-06-09 19:29:04 	 [DEBUG] 	 <client.go:112>  	 client: 80d07eb7-09d5-4332-aa4d-01990a291dfd 10002 socket closed
2018-06-09 19:29:12 	 [DEBUG] 	 <tcp.go:32>  	 新连接地址为:[192.168.31.41:49466]
2018-06-09 19:29:12 	 [DEBUG] 	 <client_im.go:88>  	 offlineMsg count 0
2018-06-09 19:30:00 	 [DEBUG] 	 <protocol.go:134>  	 sock read error:EOF
2018-06-09 19:30:00 	 [DEBUG] 	 <client.go:83>  	 EOFconnect offline
2018-06-09 19:30:00 	 [DEBUG] 	 <client.go:148>  	 close client:10001, d5f75fbc-4f64-4f78-b320-2ca770847800
2018-06-09 19:30:00 	 [DEBUG] 	 <client.go:112>  	 client: d5f75fbc-4f64-4f78-b320-2ca770847800 10001 socket closed
2018-06-09 19:30:04 	 [DEBUG] 	 <protocol.go:134>  	 sock read error:EOF
2018-06-09 19:30:04 	 [DEBUG] 	 <client.go:83>  	 EOFconnect offline
2018-06-09 19:30:04 	 [DEBUG] 	 <client.go:148>  	 close client:10002, 80d07eb7-09d5-4332-aa4d-01990a291dfd
2018-06-09 19:30:04 	 [DEBUG] 	 <client.go:112>  	 client: 80d07eb7-09d5-4332-aa4d-01990a291dfd 10002 socket closed
