2018-06-18 00:00:41 	 [DEBUG] 	 <protocol.go:134>  	 sock read error:EOF
2018-06-18 00:00:41 	 [DEBUG] 	 <client.go:83>  	 EOFconnect offline
2018-06-18 00:00:41 	 [DEBUG] 	 <client.go:148>  	 close client:10002, 80d07eb7-09d5-4332-aa4d-01990a291dfd
2018-06-18 00:00:41 	 [DEBUG] 	 <client.go:112>  	 client: 80d07eb7-09d5-4332-aa4d-01990a291dfd 10002 socket closed
2018-06-18 00:03:25 	 [DEBUG] 	 <tcp.go:32>  	 新连接地址为:[192.168.31.41:61414]
2018-06-18 00:03:25 	 [DEBUG] 	 <client_im.go:90>  	 offlineMsg count 0
2018-06-18 00:04:32 	 [DEBUG] 	 <protocol.go:134>  	 sock read error:EOF
2018-06-18 00:04:32 	 [DEBUG] 	 <client.go:83>  	 EOFconnect offline
2018-06-18 00:04:32 	 [DEBUG] 	 <client.go:148>  	 close client:10002, 80d07eb7-09d5-4332-aa4d-01990a291dfd
2018-06-18 00:04:32 	 [DEBUG] 	 <client.go:112>  	 client: 80d07eb7-09d5-4332-aa4d-01990a291dfd 10002 socket closed
2018-06-18 00:04:39 	 [DEBUG] 	 <tcp.go:32>  	 新连接地址为:[192.168.31.41:61482]
2018-06-18 00:04:39 	 [DEBUG] 	 <client_im.go:90>  	 offlineMsg count 0
2018-06-18 00:06:40 	 [DEBUG] 	 <client_heartbeat.go:9>  	 heartBeet
2018-06-18 00:08:41 	 [DEBUG] 	 <client_heartbeat.go:9>  	 heartBeet
2018-06-18 00:10:42 	 [DEBUG] 	 <client_heartbeat.go:9>  	 heartBeet
2018-06-18 00:11:51 	 [DEBUG] 	 <protocol.go:134>  	 sock read error:EOF
2018-06-18 00:11:51 	 [DEBUG] 	 <client.go:83>  	 EOFconnect offline
2018-06-18 00:11:51 	 [DEBUG] 	 <client.go:148>  	 close client:10002, 80d07eb7-09d5-4332-aa4d-01990a291dfd
2018-06-18 00:11:51 	 [DEBUG] 	 <client.go:112>  	 client: 80d07eb7-09d5-4332-aa4d-01990a291dfd 10002 socket closed
2018-06-18 00:11:58 	 [DEBUG] 	 <tcp.go:32>  	 新连接地址为:[192.168.31.41:61637]
2018-06-18 00:11:58 	 [DEBUG] 	 <client_im.go:90>  	 offlineMsg count 0
2018-06-18 00:14:03 	 [DEBUG] 	 <protocol.go:134>  	 sock read error:EOF
2018-06-18 00:14:03 	 [DEBUG] 	 <client.go:83>  	 EOFconnect offline
2018-06-18 00:14:03 	 [DEBUG] 	 <client.go:148>  	 close client:10002, 80d07eb7-09d5-4332-aa4d-01990a291dfd
2018-06-18 00:14:03 	 [DEBUG] 	 <client.go:112>  	 client: 80d07eb7-09d5-4332-aa4d-01990a291dfd 10002 socket closed
2018-06-18 00:14:10 	 [DEBUG] 	 <tcp.go:32>  	 新连接地址为:[192.168.31.41:61711]
2018-06-18 00:14:10 	 [DEBUG] 	 <client_im.go:90>  	 offlineMsg count 0
2018-06-18 00:14:19 	 [DEBUG] 	 <protocol.go:134>  	 sock read error:EOF
2018-06-18 00:14:19 	 [DEBUG] 	 <client.go:83>  	 EOFconnect offline
2018-06-18 00:14:19 	 [DEBUG] 	 <client.go:148>  	 close client:10002, 80d07eb7-09d5-4332-aa4d-01990a291dfd
2018-06-18 00:14:19 	 [DEBUG] 	 <client.go:112>  	 client: 80d07eb7-09d5-4332-aa4d-01990a291dfd 10002 socket closed
2018-06-18 00:14:34 	 [DEBUG] 	 <tcp.go:32>  	 新连接地址为:[192.168.31.41:61851]
2018-06-18 00:14:34 	 [DEBUG] 	 <client_im.go:90>  	 offlineMsg count 0
2018-06-18 00:14:34 	 [DEBUG] 	 <protocol.go:134>  	 sock read error:EOF
2018-06-18 00:14:34 	 [DEBUG] 	 <client.go:83>  	 EOFconnect offline
2018-06-18 00:14:34 	 [DEBUG] 	 <client.go:148>  	 close client:10002, 80d07eb7-09d5-4332-aa4d-01990a291dfd
2018-06-18 00:14:34 	 [DEBUG] 	 <client.go:112>  	 client: 80d07eb7-09d5-4332-aa4d-01990a291dfd 10002 socket closed
2018-06-18 00:14:35 	 [DEBUG] 	 <tcp.go:32>  	 新连接地址为:[192.168.31.41:61852]
2018-06-18 00:14:35 	 [DEBUG] 	 <client_im.go:90>  	 offlineMsg count 0
2018-06-18 00:16:34 	 [DEBUG] 	 <client_heartbeat.go:9>  	 heartBeet
2018-06-18 00:18:37 	 [DEBUG] 	 <client_heartbeat.go:9>  	 heartBeet
2018-06-18 00:20:35 	 [DEBUG] 	 <client_heartbeat.go:9>  	 heartBeet
2018-06-18 00:22:02 	 [DEBUG] 	 <protocol.go:134>  	 sock read error:EOF
2018-06-18 00:22:02 	 [DEBUG] 	 <client.go:83>  	 EOFconnect offline
2018-06-18 00:22:02 	 [DEBUG] 	 <client.go:148>  	 close client:10002, 80d07eb7-09d5-4332-aa4d-01990a291dfd
2018-06-18 00:22:02 	 [DEBUG] 	 <client.go:112>  	 client: 80d07eb7-09d5-4332-aa4d-01990a291dfd 10002 socket closed
2018-06-18 00:22:16 	 [DEBUG] 	 <tcp.go:32>  	 新连接地址为:[192.168.31.41:61993]
2018-06-18 00:22:16 	 [DEBUG] 	 <client_im.go:90>  	 offlineMsg count 0
2018-06-18 00:22:16 	 [DEBUG] 	 <protocol.go:134>  	 sock read error:EOF
2018-06-18 00:22:16 	 [DEBUG] 	 <client.go:83>  	 EOFconnect offline
2018-06-18 00:22:16 	 [DEBUG] 	 <client.go:148>  	 close client:10002, 80d07eb7-09d5-4332-aa4d-01990a291dfd
2018-06-18 00:22:16 	 [DEBUG] 	 <client.go:112>  	 client: 80d07eb7-09d5-4332-aa4d-01990a291dfd 10002 socket closed
2018-06-18 00:22:20 	 [DEBUG] 	 <tcp.go:32>  	 新连接地址为:[192.168.31.41:61994]
2018-06-18 00:22:22 	 [DEBUG] 	 <client_im.go:90>  	 offlineMsg count 0
2018-06-18 00:22:38 	 [DEBUG] 	 <protocol.go:134>  	 sock read error:EOF
2018-06-18 00:22:38 	 [DEBUG] 	 <client.go:83>  	 EOFconnect offline
2018-06-18 00:22:38 	 [DEBUG] 	 <client.go:148>  	 close client:10002, 80d07eb7-09d5-4332-aa4d-01990a291dfd
2018-06-18 00:22:38 	 [DEBUG] 	 <client.go:112>  	 client: 80d07eb7-09d5-4332-aa4d-01990a291dfd 10002 socket closed
2018-06-18 00:22:44 	 [DEBUG] 	 <tcp.go:32>  	 新连接地址为:[192.168.31.41:62052]
2018-06-18 00:22:44 	 [DEBUG] 	 <client_im.go:90>  	 offlineMsg count 0
2018-06-18 00:24:06 	 [DEBUG] 	 <protocol.go:134>  	 sock read error:EOF
2018-06-18 00:24:06 	 [DEBUG] 	 <client.go:83>  	 EOFconnect offline
2018-06-18 00:24:06 	 [DEBUG] 	 <client.go:148>  	 close client:10002, 80d07eb7-09d5-4332-aa4d-01990a291dfd
2018-06-18 00:24:06 	 [DEBUG] 	 <client.go:112>  	 client: 80d07eb7-09d5-4332-aa4d-01990a291dfd 10002 socket closed
2018-06-18 00:24:13 	 [DEBUG] 	 <tcp.go:32>  	 新连接地址为:[192.168.31.41:62133]
2018-06-18 00:24:13 	 [DEBUG] 	 <client_im.go:90>  	 offlineMsg count 0
2018-06-18 00:26:13 	 [DEBUG] 	 <client_heartbeat.go:9>  	 heartBeet
2018-06-18 00:27:13 	 [DEBUG] 	 <protocol.go:134>  	 sock read error:EOF
2018-06-18 00:27:13 	 [DEBUG] 	 <client.go:83>  	 EOFconnect offline
2018-06-18 00:27:13 	 [DEBUG] 	 <client.go:148>  	 close client:10002, 80d07eb7-09d5-4332-aa4d-01990a291dfd
2018-06-18 00:27:13 	 [DEBUG] 	 <client.go:112>  	 client: 80d07eb7-09d5-4332-aa4d-01990a291dfd 10002 socket closed
2018-06-18 00:27:20 	 [DEBUG] 	 <tcp.go:32>  	 新连接地址为:[192.168.31.41:62205]
2018-06-18 00:27:20 	 [DEBUG] 	 <client_im.go:90>  	 offlineMsg count 0
2018-06-18 00:28:00 	 [DEBUG] 	 <protocol.go:134>  	 sock read error:EOF
2018-06-18 00:28:00 	 [DEBUG] 	 <client.go:83>  	 EOFconnect offline
2018-06-18 00:28:00 	 [DEBUG] 	 <client.go:148>  	 close client:10002, 80d07eb7-09d5-4332-aa4d-01990a291dfd
2018-06-18 00:28:00 	 [DEBUG] 	 <client.go:112>  	 client: 80d07eb7-09d5-4332-aa4d-01990a291dfd 10002 socket closed
2018-06-18 00:29:43 	 [DEBUG] 	 <tcp.go:32>  	 新连接地址为:[192.168.31.41:62425]
2018-06-18 00:29:43 	 [DEBUG] 	 <client_im.go:90>  	 offlineMsg count 0
2018-06-18 00:30:26 	 [DEBUG] 	 <protocol.go:134>  	 sock read error:EOF
2018-06-18 00:30:26 	 [DEBUG] 	 <client.go:83>  	 EOFconnect offline
2018-06-18 00:30:26 	 [DEBUG] 	 <client.go:148>  	 close client:10002, 80d07eb7-09d5-4332-aa4d-01990a291dfd
2018-06-18 00:30:26 	 [DEBUG] 	 <client.go:112>  	 client: 80d07eb7-09d5-4332-aa4d-01990a291dfd 10002 socket closed
2018-06-18 00:30:33 	 [DEBUG] 	 <tcp.go:32>  	 新连接地址为:[192.168.31.41:62479]
2018-06-18 00:30:33 	 [DEBUG] 	 <client_im.go:90>  	 offlineMsg count 0
2018-06-18 00:32:34 	 [DEBUG] 	 <client_heartbeat.go:9>  	 heartBeet
2018-06-18 00:34:35 	 [DEBUG] 	 <client_heartbeat.go:9>  	 heartBeet
2018-06-18 00:36:36 	 [DEBUG] 	 <client_heartbeat.go:9>  	 heartBeet
2018-06-18 00:38:34 	 [DEBUG] 	 <client_heartbeat.go:9>  	 heartBeet
2018-06-18 00:39:33 	 [DEBUG] 	 <protocol.go:134>  	 sock read error:EOF
2018-06-18 00:39:33 	 [DEBUG] 	 <client.go:83>  	 EOFconnect offline
2018-06-18 00:39:33 	 [DEBUG] 	 <client.go:148>  	 close client:10002, 80d07eb7-09d5-4332-aa4d-01990a291dfd
2018-06-18 00:39:33 	 [DEBUG] 	 <client.go:112>  	 client: 80d07eb7-09d5-4332-aa4d-01990a291dfd 10002 socket closed
2018-06-18 00:39:41 	 [DEBUG] 	 <tcp.go:32>  	 新连接地址为:[192.168.31.41:62545]
2018-06-18 00:39:41 	 [DEBUG] 	 <client_im.go:90>  	 offlineMsg count 0
2018-06-18 00:39:51 	 [DEBUG] 	 <protocol.go:134>  	 sock read error:EOF
2018-06-18 00:39:51 	 [DEBUG] 	 <client.go:83>  	 EOFconnect offline
2018-06-18 00:39:51 	 [DEBUG] 	 <client.go:148>  	 close client:10002, 80d07eb7-09d5-4332-aa4d-01990a291dfd
2018-06-18 00:39:51 	 [DEBUG] 	 <client.go:112>  	 client: 80d07eb7-09d5-4332-aa4d-01990a291dfd 10002 socket closed
2018-06-18 00:39:58 	 [DEBUG] 	 <tcp.go:32>  	 新连接地址为:[192.168.31.41:62619]
2018-06-18 00:39:58 	 [DEBUG] 	 <client_im.go:90>  	 offlineMsg count 0
2018-06-18 00:40:58 	 [DEBUG] 	 <protocol.go:134>  	 sock read error:EOF
2018-06-18 00:40:58 	 [DEBUG] 	 <client.go:83>  	 EOFconnect offline
2018-06-18 00:40:58 	 [DEBUG] 	 <client.go:148>  	 close client:10002, 80d07eb7-09d5-4332-aa4d-01990a291dfd
2018-06-18 00:40:58 	 [DEBUG] 	 <client.go:112>  	 client: 80d07eb7-09d5-4332-aa4d-01990a291dfd 10002 socket closed
2018-06-18 00:41:04 	 [DEBUG] 	 <tcp.go:32>  	 新连接地址为:[192.168.31.41:62701]
2018-06-18 00:41:04 	 [DEBUG] 	 <client_im.go:90>  	 offlineMsg count 0
2018-06-18 00:42:22 	 [DEBUG] 	 <protocol.go:134>  	 sock read error:EOF
2018-06-18 00:42:22 	 [DEBUG] 	 <client.go:83>  	 EOFconnect offline
2018-06-18 00:42:22 	 [DEBUG] 	 <client.go:148>  	 close client:10002, 80d07eb7-09d5-4332-aa4d-01990a291dfd
2018-06-18 00:42:22 	 [DEBUG] 	 <client.go:112>  	 client: 80d07eb7-09d5-4332-aa4d-01990a291dfd 10002 socket closed
2018-06-18 00:42:29 	 [DEBUG] 	 <tcp.go:32>  	 新连接地址为:[192.168.31.41:62843]
2018-06-18 00:42:29 	 [DEBUG] 	 <client_im.go:90>  	 offlineMsg count 0
2018-06-18 00:43:16 	 [DEBUG] 	 <protocol.go:134>  	 sock read error:EOF
2018-06-18 00:43:16 	 [DEBUG] 	 <client.go:83>  	 EOFconnect offline
2018-06-18 00:43:16 	 [DEBUG] 	 <client.go:148>  	 close client:10002, 80d07eb7-09d5-4332-aa4d-01990a291dfd
2018-06-18 00:43:16 	 [DEBUG] 	 <client.go:112>  	 client: 80d07eb7-09d5-4332-aa4d-01990a291dfd 10002 socket closed
2018-06-18 00:43:22 	 [DEBUG] 	 <tcp.go:32>  	 新连接地址为:[192.168.31.41:62947]
2018-06-18 00:43:22 	 [DEBUG] 	 <client_im.go:90>  	 offlineMsg count 0
2018-06-18 00:44:13 	 [DEBUG] 	 <protocol.go:134>  	 sock read error:EOF
2018-06-18 00:44:13 	 [DEBUG] 	 <client.go:83>  	 EOFconnect offline
2018-06-18 00:44:13 	 [DEBUG] 	 <client.go:148>  	 close client:10002, 80d07eb7-09d5-4332-aa4d-01990a291dfd
2018-06-18 00:44:13 	 [DEBUG] 	 <client.go:112>  	 client: 80d07eb7-09d5-4332-aa4d-01990a291dfd 10002 socket closed
2018-06-18 00:44:19 	 [DEBUG] 	 <tcp.go:32>  	 新连接地址为:[192.168.31.41:63059]
2018-06-18 00:44:19 	 [DEBUG] 	 <client_im.go:90>  	 offlineMsg count 0
2018-06-18 00:44:57 	 [DEBUG] 	 <protocol.go:134>  	 sock read error:EOF
2018-06-18 00:44:57 	 [DEBUG] 	 <client.go:83>  	 EOFconnect offline
2018-06-18 00:44:57 	 [DEBUG] 	 <client.go:148>  	 close client:10002, 80d07eb7-09d5-4332-aa4d-01990a291dfd
2018-06-18 00:44:57 	 [DEBUG] 	 <client.go:112>  	 client: 80d07eb7-09d5-4332-aa4d-01990a291dfd 10002 socket closed
2018-06-18 00:45:43 	 [DEBUG] 	 <tcp.go:32>  	 新连接地址为:[192.168.31.41:63243]
2018-06-18 00:45:43 	 [DEBUG] 	 <client_im.go:90>  	 offlineMsg count 0
2018-06-18 00:45:46 	 [DEBUG] 	 <protocol.go:134>  	 sock read error:EOF
2018-06-18 00:45:46 	 [DEBUG] 	 <client.go:83>  	 EOFconnect offline
2018-06-18 00:45:46 	 [DEBUG] 	 <client.go:148>  	 close client:10002, 80d07eb7-09d5-4332-aa4d-01990a291dfd
2018-06-18 00:45:46 	 [DEBUG] 	 <client.go:112>  	 client: 80d07eb7-09d5-4332-aa4d-01990a291dfd 10002 socket closed
2018-06-18 00:48:55 	 [DEBUG] 	 <tcp.go:32>  	 新连接地址为:[192.168.31.41:63326]
2018-06-18 00:48:55 	 [DEBUG] 	 <client_im.go:90>  	 offlineMsg count 0
2018-06-18 00:49:01 	 [DEBUG] 	 <protocol.go:134>  	 sock read error:EOF
2018-06-18 00:49:01 	 [DEBUG] 	 <client.go:83>  	 EOFconnect offline
2018-06-18 00:49:01 	 [DEBUG] 	 <client.go:148>  	 close client:10002, 80d07eb7-09d5-4332-aa4d-01990a291dfd
2018-06-18 00:49:01 	 [DEBUG] 	 <client.go:112>  	 client: 80d07eb7-09d5-4332-aa4d-01990a291dfd 10002 socket closed
2018-06-18 00:49:12 	 [DEBUG] 	 <tcp.go:32>  	 新连接地址为:[192.168.31.41:63396]
2018-06-18 00:49:12 	 [DEBUG] 	 <client_im.go:90>  	 offlineMsg count 0
2018-06-18 00:49:44 	 [DEBUG] 	 <protocol.go:134>  	 sock read error:EOF
2018-06-18 00:49:44 	 [DEBUG] 	 <client.go:83>  	 EOFconnect offline
2018-06-18 00:49:44 	 [DEBUG] 	 <client.go:148>  	 close client:10002, 80d07eb7-09d5-4332-aa4d-01990a291dfd
2018-06-18 00:49:44 	 [DEBUG] 	 <client.go:112>  	 client: 80d07eb7-09d5-4332-aa4d-01990a291dfd 10002 socket closed
2018-06-18 00:49:51 	 [DEBUG] 	 <tcp.go:32>  	 新连接地址为:[192.168.31.41:63454]
2018-06-18 00:49:51 	 [DEBUG] 	 <client_im.go:90>  	 offlineMsg count 0
2018-06-18 00:50:05 	 [DEBUG] 	 <protocol.go:134>  	 sock read error:EOF
2018-06-18 00:50:05 	 [DEBUG] 	 <client.go:83>  	 EOFconnect offline
2018-06-18 00:50:05 	 [DEBUG] 	 <client.go:148>  	 close client:10002, 80d07eb7-09d5-4332-aa4d-01990a291dfd
2018-06-18 00:50:05 	 [DEBUG] 	 <client.go:112>  	 client: 80d07eb7-09d5-4332-aa4d-01990a291dfd 10002 socket closed
2018-06-18 00:50:12 	 [DEBUG] 	 <tcp.go:32>  	 新连接地址为:[192.168.31.41:63515]
2018-06-18 00:50:12 	 [DEBUG] 	 <client_im.go:90>  	 offlineMsg count 0
2018-06-18 00:50:35 	 [DEBUG] 	 <protocol.go:134>  	 sock read error:EOF
2018-06-18 00:50:35 	 [DEBUG] 	 <client.go:83>  	 EOFconnect offline
2018-06-18 00:50:35 	 [DEBUG] 	 <client.go:148>  	 close client:10002, 80d07eb7-09d5-4332-aa4d-01990a291dfd
2018-06-18 00:50:35 	 [DEBUG] 	 <client.go:112>  	 client: 80d07eb7-09d5-4332-aa4d-01990a291dfd 10002 socket closed
2018-06-18 00:50:42 	 [DEBUG] 	 <tcp.go:32>  	 新连接地址为:[192.168.31.41:63586]
2018-06-18 00:50:42 	 [DEBUG] 	 <client_im.go:90>  	 offlineMsg count 0
2018-06-18 00:50:45 	 [DEBUG] 	 <protocol.go:134>  	 sock read error:EOF
2018-06-18 00:50:45 	 [DEBUG] 	 <client.go:83>  	 EOFconnect offline
2018-06-18 00:50:45 	 [DEBUG] 	 <client.go:148>  	 close client:10002, 80d07eb7-09d5-4332-aa4d-01990a291dfd
2018-06-18 00:50:45 	 [DEBUG] 	 <client.go:112>  	 client: 80d07eb7-09d5-4332-aa4d-01990a291dfd 10002 socket closed
2018-06-18 00:55:01 	 [DEBUG] 	 <tcp.go:32>  	 新连接地址为:[192.168.31.41:63683]
2018-06-18 00:55:01 	 [DEBUG] 	 <client_im.go:90>  	 offlineMsg count 0
2018-06-18 00:55:05 	 [DEBUG] 	 <protocol.go:134>  	 sock read error:EOF
2018-06-18 00:55:05 	 [DEBUG] 	 <client.go:83>  	 EOFconnect offline
2018-06-18 00:55:05 	 [DEBUG] 	 <client.go:148>  	 close client:10002, 80d07eb7-09d5-4332-aa4d-01990a291dfd
2018-06-18 00:55:05 	 [DEBUG] 	 <client.go:112>  	 client: 80d07eb7-09d5-4332-aa4d-01990a291dfd 10002 socket closed
2018-06-18 00:55:42 	 [DEBUG] 	 <tcp.go:32>  	 新连接地址为:[192.168.31.41:63752]
2018-06-18 00:55:42 	 [DEBUG] 	 <client_im.go:90>  	 offlineMsg count 0
2018-06-18 00:55:49 	 [DEBUG] 	 <protocol.go:134>  	 sock read error:EOF
2018-06-18 00:55:49 	 [DEBUG] 	 <client.go:83>  	 EOFconnect offline
2018-06-18 00:55:49 	 [DEBUG] 	 <client.go:148>  	 close client:10002, 80d07eb7-09d5-4332-aa4d-01990a291dfd
2018-06-18 00:55:49 	 [DEBUG] 	 <client.go:112>  	 client: 80d07eb7-09d5-4332-aa4d-01990a291dfd 10002 socket closed
2018-06-18 00:55:56 	 [DEBUG] 	 <tcp.go:32>  	 新连接地址为:[192.168.31.41:63821]
2018-06-18 00:55:56 	 [DEBUG] 	 <client_im.go:90>  	 offlineMsg count 0
2018-06-18 00:57:30 	 [DEBUG] 	 <protocol.go:134>  	 sock read error:EOF
2018-06-18 00:57:30 	 [DEBUG] 	 <client.go:83>  	 EOFconnect offline
2018-06-18 00:57:30 	 [DEBUG] 	 <client.go:148>  	 close client:10002, 80d07eb7-09d5-4332-aa4d-01990a291dfd
2018-06-18 00:57:30 	 [DEBUG] 	 <client.go:112>  	 client: 80d07eb7-09d5-4332-aa4d-01990a291dfd 10002 socket closed
2018-06-18 00:57:45 	 [DEBUG] 	 <tcp.go:32>  	 新连接地址为:[192.168.31.41:63947]
2018-06-18 00:57:45 	 [DEBUG] 	 <client_im.go:90>  	 offlineMsg count 0
2018-06-18 00:58:17 	 [DEBUG] 	 <protocol.go:134>  	 sock read error:EOF
2018-06-18 00:58:17 	 [DEBUG] 	 <client.go:83>  	 EOFconnect offline
2018-06-18 00:58:17 	 [DEBUG] 	 <client.go:148>  	 close client:10002, 80d07eb7-09d5-4332-aa4d-01990a291dfd
2018-06-18 00:58:17 	 [DEBUG] 	 <client.go:112>  	 client: 80d07eb7-09d5-4332-aa4d-01990a291dfd 10002 socket closed
2018-06-18 00:58:24 	 [DEBUG] 	 <tcp.go:32>  	 新连接地址为:[192.168.31.41:64070]
2018-06-18 00:58:24 	 [DEBUG] 	 <client_im.go:90>  	 offlineMsg count 0
2018-06-18 01:00:25 	 [DEBUG] 	 <client_heartbeat.go:9>  	 heartBeet
2018-06-18 01:02:26 	 [DEBUG] 	 <client_heartbeat.go:9>  	 heartBeet
2018-06-18 01:04:26 	 [DEBUG] 	 <client_heartbeat.go:9>  	 heartBeet
2018-06-18 01:06:25 	 [DEBUG] 	 <client_heartbeat.go:9>  	 heartBeet
2018-06-18 01:06:36 	 [DEBUG] 	 <protocol.go:134>  	 sock read error:EOF
2018-06-18 01:06:36 	 [DEBUG] 	 <client.go:83>  	 EOFconnect offline
2018-06-18 01:06:36 	 [DEBUG] 	 <client.go:148>  	 close client:10002, 80d07eb7-09d5-4332-aa4d-01990a291dfd
2018-06-18 01:06:36 	 [DEBUG] 	 <client.go:112>  	 client: 80d07eb7-09d5-4332-aa4d-01990a291dfd 10002 socket closed
2018-06-18 01:06:44 	 [DEBUG] 	 <tcp.go:32>  	 新连接地址为:[192.168.31.41:64163]
2018-06-18 01:06:44 	 [DEBUG] 	 <client_im.go:90>  	 offlineMsg count 0
2018-06-18 01:08:45 	 [DEBUG] 	 <client_heartbeat.go:9>  	 heartBeet
2018-06-18 01:08:56 	 [DEBUG] 	 <protocol.go:134>  	 sock read error:EOF
2018-06-18 01:08:56 	 [DEBUG] 	 <client.go:83>  	 EOFconnect offline
2018-06-18 01:08:56 	 [DEBUG] 	 <client.go:148>  	 close client:10002, 80d07eb7-09d5-4332-aa4d-01990a291dfd
2018-06-18 01:08:56 	 [DEBUG] 	 <client.go:112>  	 client: 80d07eb7-09d5-4332-aa4d-01990a291dfd 10002 socket closed
2018-06-18 01:09:02 	 [DEBUG] 	 <tcp.go:32>  	 新连接地址为:[192.168.31.41:64225]
2018-06-18 01:09:02 	 [DEBUG] 	 <client_im.go:90>  	 offlineMsg count 0
2018-06-18 01:10:02 	 [DEBUG] 	 <protocol.go:134>  	 sock read error:EOF
2018-06-18 01:10:02 	 [DEBUG] 	 <client.go:83>  	 EOFconnect offline
2018-06-18 01:10:02 	 [DEBUG] 	 <client.go:148>  	 close client:10002, 80d07eb7-09d5-4332-aa4d-01990a291dfd
2018-06-18 01:10:02 	 [DEBUG] 	 <client.go:112>  	 client: 80d07eb7-09d5-4332-aa4d-01990a291dfd 10002 socket closed
2018-06-18 01:10:09 	 [DEBUG] 	 <tcp.go:32>  	 新连接地址为:[192.168.31.41:64304]
2018-06-18 01:10:09 	 [DEBUG] 	 <client_im.go:90>  	 offlineMsg count 0
2018-06-18 01:10:23 	 [DEBUG] 	 <protocol.go:134>  	 sock read error:EOF
2018-06-18 01:10:23 	 [DEBUG] 	 <client.go:83>  	 EOFconnect offline
2018-06-18 01:10:23 	 [DEBUG] 	 <client.go:148>  	 close client:10002, 80d07eb7-09d5-4332-aa4d-01990a291dfd
2018-06-18 01:10:23 	 [DEBUG] 	 <client.go:112>  	 client: 80d07eb7-09d5-4332-aa4d-01990a291dfd 10002 socket closed
2018-06-18 01:10:29 	 [DEBUG] 	 <tcp.go:32>  	 新连接地址为:[192.168.31.41:64376]
2018-06-18 01:10:29 	 [DEBUG] 	 <client_im.go:90>  	 offlineMsg count 0
2018-06-18 01:11:02 	 [DEBUG] 	 <protocol.go:134>  	 sock read error:EOF
2018-06-18 01:11:02 	 [DEBUG] 	 <client.go:83>  	 EOFconnect offline
2018-06-18 01:11:02 	 [DEBUG] 	 <client.go:148>  	 close client:10002, 80d07eb7-09d5-4332-aa4d-01990a291dfd
2018-06-18 01:11:02 	 [DEBUG] 	 <client.go:112>  	 client: 80d07eb7-09d5-4332-aa4d-01990a291dfd 10002 socket closed
2018-06-18 01:11:51 	 [DEBUG] 	 <tcp.go:32>  	 新连接地址为:[192.168.31.41:64475]
2018-06-18 01:11:51 	 [DEBUG] 	 <client_im.go:90>  	 offlineMsg count 0
2018-06-18 01:13:22 	 [DEBUG] 	 <protocol.go:134>  	 sock read error:EOF
2018-06-18 01:13:22 	 [DEBUG] 	 <client.go:83>  	 EOFconnect offline
2018-06-18 01:13:22 	 [DEBUG] 	 <client.go:148>  	 close client:10002, 80d07eb7-09d5-4332-aa4d-01990a291dfd
2018-06-18 01:13:22 	 [DEBUG] 	 <client.go:112>  	 client: 80d07eb7-09d5-4332-aa4d-01990a291dfd 10002 socket closed
2018-06-18 01:13:33 	 [DEBUG] 	 <tcp.go:32>  	 新连接地址为:[192.168.31.41:64551]
2018-06-18 01:13:33 	 [DEBUG] 	 <client_im.go:90>  	 offlineMsg count 0
2018-06-18 01:13:55 	 [DEBUG] 	 <protocol.go:134>  	 sock read error:EOF
2018-06-18 01:13:55 	 [DEBUG] 	 <client.go:83>  	 EOFconnect offline
2018-06-18 01:13:55 	 [DEBUG] 	 <client.go:148>  	 close client:10002, 80d07eb7-09d5-4332-aa4d-01990a291dfd
2018-06-18 01:13:55 	 [DEBUG] 	 <client.go:112>  	 client: 80d07eb7-09d5-4332-aa4d-01990a291dfd 10002 socket closed
2018-06-18 01:14:01 	 [DEBUG] 	 <tcp.go:32>  	 新连接地址为:[192.168.31.41:64609]
2018-06-18 01:14:01 	 [DEBUG] 	 <client_im.go:90>  	 offlineMsg count 0
2018-06-18 01:16:02 	 [DEBUG] 	 <client_heartbeat.go:9>  	 heartBeet
2018-06-18 01:18:03 	 [DEBUG] 	 <client_heartbeat.go:9>  	 heartBeet
2018-06-18 01:19:46 	 [DEBUG] 	 <protocol.go:134>  	 sock read error:EOF
2018-06-18 01:19:46 	 [DEBUG] 	 <client.go:83>  	 EOFconnect offline
2018-06-18 01:19:46 	 [DEBUG] 	 <client.go:148>  	 close client:10002, 80d07eb7-09d5-4332-aa4d-01990a291dfd
2018-06-18 01:19:46 	 [DEBUG] 	 <client.go:112>  	 client: 80d07eb7-09d5-4332-aa4d-01990a291dfd 10002 socket closed
2018-06-18 01:19:52 	 [DEBUG] 	 <tcp.go:32>  	 新连接地址为:[192.168.31.41:64693]
2018-06-18 01:19:52 	 [DEBUG] 	 <client_im.go:90>  	 offlineMsg count 0
2018-06-18 01:21:20 	 [DEBUG] 	 <protocol.go:134>  	 sock read error:EOF
2018-06-18 01:21:20 	 [DEBUG] 	 <client.go:83>  	 EOFconnect offline
2018-06-18 01:21:20 	 [DEBUG] 	 <client.go:148>  	 close client:10002, 80d07eb7-09d5-4332-aa4d-01990a291dfd
2018-06-18 01:21:20 	 [DEBUG] 	 <client.go:112>  	 client: 80d07eb7-09d5-4332-aa4d-01990a291dfd 10002 socket closed
2018-06-18 01:21:26 	 [DEBUG] 	 <tcp.go:32>  	 新连接地址为:[192.168.31.41:64776]
2018-06-18 01:21:26 	 [DEBUG] 	 <client_im.go:90>  	 offlineMsg count 0
2018-06-18 01:21:33 	 [DEBUG] 	 <protocol.go:134>  	 sock read error:EOF
2018-06-18 01:21:33 	 [DEBUG] 	 <client.go:83>  	 EOFconnect offline
2018-06-18 01:21:33 	 [DEBUG] 	 <client.go:148>  	 close client:10002, 80d07eb7-09d5-4332-aa4d-01990a291dfd
2018-06-18 01:21:33 	 [DEBUG] 	 <client.go:112>  	 client: 80d07eb7-09d5-4332-aa4d-01990a291dfd 10002 socket closed
2018-06-18 01:21:34 	 [DEBUG] 	 <tcp.go:32>  	 新连接地址为:[192.168.31.41:64798]
2018-06-18 01:21:34 	 [DEBUG] 	 <client_im.go:90>  	 offlineMsg count 0
2018-06-18 01:22:05 	 [DEBUG] 	 <tcp.go:32>  	 新连接地址为:[192.168.31.82:52530]
2018-06-18 01:22:05 	 [DEBUG] 	 <client_im.go:90>  	 offlineMsg count 0
2018-06-18 01:22:09 	 [DEBUG] 	 <connection.go:106>  	 TODO(need offline push )can't send message, appid:10 uid:10001 cmd:4
2018-06-18 01:22:26 	 [DEBUG] 	 <protocol.go:134>  	 sock read error:EOF
2018-06-18 01:22:26 	 [DEBUG] 	 <client.go:83>  	 EOFconnect offline
2018-06-18 01:22:26 	 [DEBUG] 	 <client.go:148>  	 close client:10002, 80d07eb7-09d5-4332-aa4d-01990a291dfd
2018-06-18 01:22:26 	 [DEBUG] 	 <client.go:112>  	 client: 80d07eb7-09d5-4332-aa4d-01990a291dfd 10002 socket closed
2018-06-18 01:22:27 	 [DEBUG] 	 <tcp.go:32>  	 新连接地址为:[192.168.31.82:52540]
2018-06-18 01:22:27 	 [DEBUG] 	 <client_im.go:90>  	 offlineMsg count 0
2018-06-18 01:22:30 	 [DEBUG] 	 <connection.go:106>  	 TODO(need offline push )can't send message, appid:10 uid:10001 cmd:4
2018-06-18 01:22:32 	 [DEBUG] 	 <connection.go:106>  	 TODO(need offline push )can't send message, appid:10 uid:10001 cmd:4
2018-06-18 01:22:41 	 [DEBUG] 	 <connection.go:106>  	 TODO(need offline push )can't send message, appid:10 uid:10001 cmd:4
2018-06-18 01:22:43 	 [DEBUG] 	 <connection.go:106>  	 TODO(need offline push )can't send message, appid:10 uid:10001 cmd:4
2018-06-18 01:22:55 	 [DEBUG] 	 <protocol.go:134>  	 sock read error:EOF
2018-06-18 01:22:55 	 [DEBUG] 	 <client.go:83>  	 EOFconnect offline
2018-06-18 01:22:55 	 [DEBUG] 	 <client.go:148>  	 close client:10002, 80d07eb7-09d5-4332-aa4d-01990a291dfd
2018-06-18 01:22:55 	 [DEBUG] 	 <client.go:112>  	 client: 80d07eb7-09d5-4332-aa4d-01990a291dfd 10002 socket closed
2018-06-18 01:22:58 	 [DEBUG] 	 <protocol.go:134>  	 sock read error:EOF
2018-06-18 01:22:58 	 [DEBUG] 	 <client.go:83>  	 EOFconnect offline
2018-06-18 01:22:58 	 [DEBUG] 	 <client.go:148>  	 close client:10002, 80d07eb7-09d5-4332-aa4d-01990a291dfd
2018-06-18 01:22:58 	 [DEBUG] 	 <client.go:112>  	 client: 80d07eb7-09d5-4332-aa4d-01990a291dfd 10002 socket closed
2018-06-18 01:23:41 	 [DEBUG] 	 <tcp.go:32>  	 新连接地址为:[192.168.31.82:52575]
2018-06-18 01:23:41 	 [DEBUG] 	 <client_im.go:90>  	 offlineMsg count 0
2018-06-18 01:23:41 	 [DEBUG] 	 <protocol.go:134>  	 sock read error:EOF
2018-06-18 01:23:41 	 [DEBUG] 	 <client.go:83>  	 EOFconnect offline
2018-06-18 01:23:41 	 [DEBUG] 	 <client.go:148>  	 close client:10002, 80d07eb7-09d5-4332-aa4d-01990a291dfd
2018-06-18 01:23:41 	 [DEBUG] 	 <client.go:112>  	 client: 80d07eb7-09d5-4332-aa4d-01990a291dfd 10002 socket closed
2018-06-18 01:23:42 	 [DEBUG] 	 <tcp.go:32>  	 新连接地址为:[192.168.31.82:52578]
2018-06-18 01:23:50 	 [DEBUG] 	 <client_im.go:90>  	 offlineMsg count 0
2018-06-18 01:24:18 	 [DEBUG] 	 <protocol.go:134>  	 sock read error:EOF
2018-06-18 01:24:18 	 [DEBUG] 	 <client.go:83>  	 EOFconnect offline
2018-06-18 01:24:18 	 [DEBUG] 	 <client.go:148>  	 close client:10002, 80d07eb7-09d5-4332-aa4d-01990a291dfd
2018-06-18 01:24:18 	 [DEBUG] 	 <client.go:112>  	 client: 80d07eb7-09d5-4332-aa4d-01990a291dfd 10002 socket closed
2018-06-18 01:24:19 	 [DEBUG] 	 <tcp.go:32>  	 新连接地址为:[192.168.31.82:52581]
2018-06-18 01:24:19 	 [DEBUG] 	 <client_im.go:90>  	 offlineMsg count 0
2018-06-18 01:24:24 	 [DEBUG] 	 <protocol.go:134>  	 sock read error:EOF
2018-06-18 01:24:24 	 [DEBUG] 	 <client.go:83>  	 EOFconnect offline
2018-06-18 01:24:24 	 [DEBUG] 	 <client.go:148>  	 close client:10002, 80d07eb7-09d5-4332-aa4d-01990a291dfd
2018-06-18 01:24:24 	 [DEBUG] 	 <client.go:112>  	 client: 80d07eb7-09d5-4332-aa4d-01990a291dfd 10002 socket closed
2018-06-18 01:24:45 	 [DEBUG] 	 <tcp.go:32>  	 新连接地址为:[192.168.31.82:52610]
2018-06-18 01:24:45 	 [DEBUG] 	 <client_im.go:90>  	 offlineMsg count 0
2018-06-18 01:24:48 	 [DEBUG] 	 <protocol.go:134>  	 sock read error:EOF
2018-06-18 01:24:48 	 [DEBUG] 	 <client.go:83>  	 EOFconnect offline
2018-06-18 01:24:48 	 [DEBUG] 	 <client.go:148>  	 close client:10002, 80d07eb7-09d5-4332-aa4d-01990a291dfd
2018-06-18 01:24:48 	 [DEBUG] 	 <client.go:112>  	 client: 80d07eb7-09d5-4332-aa4d-01990a291dfd 10002 socket closed
2018-06-18 01:25:28 	 [DEBUG] 	 <tcp.go:32>  	 新连接地址为:[192.168.31.82:52631]
2018-06-18 01:25:28 	 [DEBUG] 	 <client_im.go:90>  	 offlineMsg count 0
2018-06-18 01:25:36 	 [DEBUG] 	 <protocol.go:134>  	 sock read error:EOF
2018-06-18 01:25:36 	 [DEBUG] 	 <client.go:83>  	 EOFconnect offline
2018-06-18 01:25:36 	 [DEBUG] 	 <client.go:148>  	 close client:10002, 80d07eb7-09d5-4332-aa4d-01990a291dfd
2018-06-18 01:25:36 	 [DEBUG] 	 <client.go:112>  	 client: 80d07eb7-09d5-4332-aa4d-01990a291dfd 10002 socket closed
2018-06-18 01:25:38 	 [DEBUG] 	 <tcp.go:32>  	 新连接地址为:[192.168.31.82:52632]
2018-06-18 01:25:38 	 [DEBUG] 	 <client_im.go:90>  	 offlineMsg count 0
2018-06-18 01:25:43 	 [DEBUG] 	 <client_heartbeat.go:9>  	 heartBeet
2018-06-18 01:26:20 	 [DEBUG] 	 <protocol.go:134>  	 sock read error:EOF
2018-06-18 01:26:20 	 [DEBUG] 	 <client.go:83>  	 EOFconnect offline
2018-06-18 01:26:20 	 [DEBUG] 	 <client.go:148>  	 close client:10002, 80d07eb7-09d5-4332-aa4d-01990a291dfd
2018-06-18 01:26:20 	 [DEBUG] 	 <client.go:112>  	 client: 80d07eb7-09d5-4332-aa4d-01990a291dfd 10002 socket closed
2018-06-18 01:26:34 	 [DEBUG] 	 <tcp.go:32>  	 新连接地址为:[192.168.31.82:52649]
2018-06-18 01:26:34 	 [DEBUG] 	 <client_im.go:90>  	 offlineMsg count 0
2018-06-18 01:26:57 	 [DEBUG] 	 <protocol.go:134>  	 sock read error:EOF
2018-06-18 01:26:57 	 [DEBUG] 	 <client.go:83>  	 EOFconnect offline
2018-06-18 01:26:57 	 [DEBUG] 	 <client.go:148>  	 close client:10002, 80d07eb7-09d5-4332-aa4d-01990a291dfd
2018-06-18 01:26:57 	 [DEBUG] 	 <client.go:112>  	 client: 80d07eb7-09d5-4332-aa4d-01990a291dfd 10002 socket closed
2018-06-18 01:27:08 	 [DEBUG] 	 <tcp.go:32>  	 新连接地址为:[192.168.31.82:52666]
2018-06-18 01:27:08 	 [DEBUG] 	 <client_im.go:90>  	 offlineMsg count 0
2018-06-18 01:27:13 	 [DEBUG] 	 <protocol.go:134>  	 sock read error:EOF
2018-06-18 01:27:13 	 [DEBUG] 	 <client.go:83>  	 EOFconnect offline
2018-06-18 01:27:13 	 [DEBUG] 	 <client.go:148>  	 close client:10002, 80d07eb7-09d5-4332-aa4d-01990a291dfd
2018-06-18 01:27:13 	 [DEBUG] 	 <client.go:112>  	 client: 80d07eb7-09d5-4332-aa4d-01990a291dfd 10002 socket closed
2018-06-18 01:27:23 	 [DEBUG] 	 <tcp.go:32>  	 新连接地址为:[192.168.31.82:52683]
2018-06-18 01:27:23 	 [DEBUG] 	 <client_im.go:90>  	 offlineMsg count 0
2018-06-18 01:27:33 	 [DEBUG] 	 <protocol.go:134>  	 sock read error:EOF
2018-06-18 01:27:33 	 [DEBUG] 	 <client.go:83>  	 EOFconnect offline
2018-06-18 01:27:33 	 [DEBUG] 	 <client.go:148>  	 close client:10002, 80d07eb7-09d5-4332-aa4d-01990a291dfd
2018-06-18 01:27:33 	 [DEBUG] 	 <client.go:112>  	 client: 80d07eb7-09d5-4332-aa4d-01990a291dfd 10002 socket closed
2018-06-18 01:27:44 	 [DEBUG] 	 <tcp.go:32>  	 新连接地址为:[192.168.31.82:52702]
2018-06-18 01:27:44 	 [DEBUG] 	 <client_im.go:90>  	 offlineMsg count 0
2018-06-18 01:29:38 	 [DEBUG] 	 <protocol.go:134>  	 sock read error:EOF
2018-06-18 01:29:38 	 [DEBUG] 	 <client.go:83>  	 EOFconnect offline
2018-06-18 01:29:38 	 [DEBUG] 	 <client.go:148>  	 close client:10002, 80d07eb7-09d5-4332-aa4d-01990a291dfd
2018-06-18 01:29:38 	 [DEBUG] 	 <client.go:112>  	 client: 80d07eb7-09d5-4332-aa4d-01990a291dfd 10002 socket closed
2018-06-18 01:30:11 	 [DEBUG] 	 <tcp.go:32>  	 新连接地址为:[192.168.31.82:52736]
2018-06-18 01:30:11 	 [DEBUG] 	 <client_im.go:90>  	 offlineMsg count 0
2018-06-18 01:31:23 	 [DEBUG] 	 <protocol.go:134>  	 sock read error:EOF
2018-06-18 01:31:23 	 [DEBUG] 	 <client.go:83>  	 EOFconnect offline
2018-06-18 01:31:23 	 [DEBUG] 	 <client.go:148>  	 close client:10002, 80d07eb7-09d5-4332-aa4d-01990a291dfd
2018-06-18 01:31:23 	 [DEBUG] 	 <client.go:112>  	 client: 80d07eb7-09d5-4332-aa4d-01990a291dfd 10002 socket closed
2018-06-18 01:36:49 	 [DEBUG] 	 <tcp.go:32>  	 新连接地址为:[192.168.31.82:52814]
2018-06-18 01:36:49 	 [DEBUG] 	 <client_im.go:90>  	 offlineMsg count 0
2018-06-18 01:37:23 	 [DEBUG] 	 <protocol.go:134>  	 sock read error:EOF
2018-06-18 01:37:23 	 [DEBUG] 	 <client.go:83>  	 EOFconnect offline
2018-06-18 01:37:23 	 [DEBUG] 	 <client.go:148>  	 close client:10002, 80d07eb7-09d5-4332-aa4d-01990a291dfd
2018-06-18 01:37:23 	 [DEBUG] 	 <client.go:112>  	 client: 80d07eb7-09d5-4332-aa4d-01990a291dfd 10002 socket closed
2018-06-18 01:37:33 	 [DEBUG] 	 <tcp.go:32>  	 新连接地址为:[192.168.31.82:52917]
2018-06-18 01:37:33 	 [DEBUG] 	 <client_im.go:90>  	 offlineMsg count 0
2018-06-18 01:38:59 	 [DEBUG] 	 <protocol.go:134>  	 sock read error:EOF
2018-06-18 01:38:59 	 [DEBUG] 	 <client.go:83>  	 EOFconnect offline
2018-06-18 01:38:59 	 [DEBUG] 	 <client.go:148>  	 close client:10002, 80d07eb7-09d5-4332-aa4d-01990a291dfd
2018-06-18 01:38:59 	 [DEBUG] 	 <client.go:112>  	 client: 80d07eb7-09d5-4332-aa4d-01990a291dfd 10002 socket closed
2018-06-18 01:39:10 	 [DEBUG] 	 <tcp.go:32>  	 新连接地址为:[192.168.31.82:52948]
2018-06-18 01:39:10 	 [DEBUG] 	 <client_im.go:90>  	 offlineMsg count 0
2018-06-18 01:39:13 	 [DEBUG] 	 <protocol.go:134>  	 sock read error:EOF
2018-06-18 01:39:13 	 [DEBUG] 	 <client.go:83>  	 EOFconnect offline
2018-06-18 01:39:13 	 [DEBUG] 	 <client.go:148>  	 close client:10002, 80d07eb7-09d5-4332-aa4d-01990a291dfd
2018-06-18 01:39:13 	 [DEBUG] 	 <client.go:112>  	 client: 80d07eb7-09d5-4332-aa4d-01990a291dfd 10002 socket closed
2018-06-18 01:39:24 	 [DEBUG] 	 <tcp.go:32>  	 新连接地址为:[192.168.31.82:52967]
2018-06-18 01:39:24 	 [DEBUG] 	 <client_im.go:90>  	 offlineMsg count 0
2018-06-18 01:39:33 	 [DEBUG] 	 <protocol.go:134>  	 sock read error:EOF
2018-06-18 01:39:33 	 [DEBUG] 	 <client.go:83>  	 EOFconnect offline
2018-06-18 01:39:33 	 [DEBUG] 	 <client.go:148>  	 close client:10002, 80d07eb7-09d5-4332-aa4d-01990a291dfd
2018-06-18 01:39:33 	 [DEBUG] 	 <client.go:112>  	 client: 80d07eb7-09d5-4332-aa4d-01990a291dfd 10002 socket closed
2018-06-18 01:39:44 	 [DEBUG] 	 <tcp.go:32>  	 新连接地址为:[192.168.31.82:52992]
2018-06-18 01:39:44 	 [DEBUG] 	 <client_im.go:90>  	 offlineMsg count 0
2018-06-18 01:41:46 	 [DEBUG] 	 <client_heartbeat.go:9>  	 heartBeet
2018-06-18 01:42:15 	 [DEBUG] 	 <protocol.go:134>  	 sock read error:EOF
2018-06-18 01:42:15 	 [DEBUG] 	 <client.go:83>  	 EOFconnect offline
2018-06-18 01:42:15 	 [DEBUG] 	 <client.go:148>  	 close client:10002, 80d07eb7-09d5-4332-aa4d-01990a291dfd
2018-06-18 01:42:15 	 [DEBUG] 	 <client.go:112>  	 client: 80d07eb7-09d5-4332-aa4d-01990a291dfd 10002 socket closed
2018-06-18 01:42:26 	 [DEBUG] 	 <tcp.go:32>  	 新连接地址为:[192.168.31.82:53317]
2018-06-18 01:42:26 	 [DEBUG] 	 <client_im.go:90>  	 offlineMsg count 0
2018-06-18 01:44:28 	 [DEBUG] 	 <client_heartbeat.go:9>  	 heartBeet
2018-06-18 01:46:18 	 [DEBUG] 	 <protocol.go:134>  	 sock read error:EOF
2018-06-18 01:46:18 	 [DEBUG] 	 <client.go:83>  	 EOFconnect offline
2018-06-18 01:46:18 	 [DEBUG] 	 <client.go:148>  	 close client:10002, 80d07eb7-09d5-4332-aa4d-01990a291dfd
2018-06-18 01:46:18 	 [DEBUG] 	 <client.go:112>  	 client: 80d07eb7-09d5-4332-aa4d-01990a291dfd 10002 socket closed
2018-06-18 01:46:32 	 [DEBUG] 	 <tcp.go:32>  	 新连接地址为:[192.168.31.41:64832]
2018-06-18 01:46:32 	 [DEBUG] 	 <client_im.go:90>  	 offlineMsg count 0
2018-06-18 01:46:41 	 [DEBUG] 	 <connection.go:106>  	 TODO(need offline push )can't send message, appid:10 uid:10001 cmd:4
2018-06-18 01:46:45 	 [DEBUG] 	 <tcp.go:32>  	 新连接地址为:[192.168.31.82:53540]
2018-06-18 01:46:45 	 [DEBUG] 	 <client_im.go:90>  	 offlineMsg count 0
2018-06-18 01:46:45 	 [DEBUG] 	 <protocol.go:134>  	 sock read error:EOF
2018-06-18 01:46:45 	 [DEBUG] 	 <client.go:83>  	 EOFconnect offline
2018-06-18 01:46:45 	 [DEBUG] 	 <client.go:148>  	 close client:10002, 80d07eb7-09d5-4332-aa4d-01990a291dfd
2018-06-18 01:46:45 	 [DEBUG] 	 <client.go:112>  	 client: 80d07eb7-09d5-4332-aa4d-01990a291dfd 10002 socket closed
2018-06-18 01:46:46 	 [DEBUG] 	 <tcp.go:32>  	 新连接地址为:[192.168.31.82:53541]
2018-06-18 01:46:46 	 [DEBUG] 	 <client_im.go:90>  	 offlineMsg count 0
2018-06-18 01:47:41 	 [DEBUG] 	 <protocol.go:134>  	 sock read error:EOF
2018-06-18 01:47:41 	 [DEBUG] 	 <client.go:83>  	 EOFconnect offline
2018-06-18 01:47:41 	 [DEBUG] 	 <client.go:148>  	 close client:10002, 80d07eb7-09d5-4332-aa4d-01990a291dfd
2018-06-18 01:47:41 	 [DEBUG] 	 <client.go:112>  	 client: 80d07eb7-09d5-4332-aa4d-01990a291dfd 10002 socket closed
2018-06-18 01:47:42 	 [DEBUG] 	 <protocol.go:134>  	 sock read error:EOF
2018-06-18 01:47:42 	 [DEBUG] 	 <client.go:83>  	 EOFconnect offline
2018-06-18 01:47:42 	 [DEBUG] 	 <client.go:148>  	 close client:10002, 80d07eb7-09d5-4332-aa4d-01990a291dfd
2018-06-18 01:47:42 	 [DEBUG] 	 <client.go:112>  	 client: 80d07eb7-09d5-4332-aa4d-01990a291dfd 10002 socket closed
2018-06-18 01:47:53 	 [DEBUG] 	 <tcp.go:32>  	 新连接地址为:[192.168.31.82:53660]
2018-06-18 01:47:53 	 [DEBUG] 	 <client_im.go:90>  	 offlineMsg count 0
2018-06-18 01:47:59 	 [DEBUG] 	 <protocol.go:134>  	 sock read error:EOF
2018-06-18 01:47:59 	 [DEBUG] 	 <client.go:83>  	 EOFconnect offline
2018-06-18 01:47:59 	 [DEBUG] 	 <client.go:148>  	 close client:10002, 80d07eb7-09d5-4332-aa4d-01990a291dfd
2018-06-18 01:47:59 	 [DEBUG] 	 <client.go:112>  	 client: 80d07eb7-09d5-4332-aa4d-01990a291dfd 10002 socket closed
2018-06-18 01:48:18 	 [DEBUG] 	 <tcp.go:32>  	 新连接地址为:[192.168.31.82:53707]
2018-06-18 01:48:18 	 [DEBUG] 	 <client_im.go:90>  	 offlineMsg count 0
2018-06-18 01:48:19 	 [DEBUG] 	 <protocol.go:134>  	 sock read error:EOF
2018-06-18 01:48:19 	 [DEBUG] 	 <client.go:83>  	 EOFconnect offline
2018-06-18 01:48:19 	 [DEBUG] 	 <client.go:148>  	 close client:10002, 80d07eb7-09d5-4332-aa4d-01990a291dfd
2018-06-18 01:48:19 	 [DEBUG] 	 <client.go:112>  	 client: 80d07eb7-09d5-4332-aa4d-01990a291dfd 10002 socket closed
2018-06-18 01:48:20 	 [DEBUG] 	 <tcp.go:32>  	 新连接地址为:[192.168.31.82:53708]
2018-06-18 01:48:20 	 [DEBUG] 	 <client_im.go:90>  	 offlineMsg count 0
2018-06-18 01:49:41 	 [DEBUG] 	 <protocol.go:134>  	 sock read error:EOF
2018-06-18 01:49:41 	 [DEBUG] 	 <client.go:83>  	 EOFconnect offline
2018-06-18 01:49:41 	 [DEBUG] 	 <client.go:148>  	 close client:10002, 80d07eb7-09d5-4332-aa4d-01990a291dfd
2018-06-18 01:49:41 	 [DEBUG] 	 <client.go:112>  	 client: 80d07eb7-09d5-4332-aa4d-01990a291dfd 10002 socket closed
2018-06-18 01:50:05 	 [DEBUG] 	 <tcp.go:32>  	 新连接地址为:[192.168.31.82:53829]
2018-06-18 01:50:05 	 [DEBUG] 	 <client_im.go:90>  	 offlineMsg count 0
2018-06-18 01:50:14 	 [DEBUG] 	 <protocol.go:134>  	 sock read error:EOF
2018-06-18 01:50:14 	 [DEBUG] 	 <client.go:83>  	 EOFconnect offline
2018-06-18 01:50:14 	 [DEBUG] 	 <client.go:148>  	 close client:10002, 80d07eb7-09d5-4332-aa4d-01990a291dfd
2018-06-18 01:50:14 	 [DEBUG] 	 <client.go:112>  	 client: 80d07eb7-09d5-4332-aa4d-01990a291dfd 10002 socket closed
2018-06-18 01:50:49 	 [DEBUG] 	 <tcp.go:32>  	 新连接地址为:[192.168.31.82:53858]
2018-06-18 01:50:49 	 [DEBUG] 	 <client_im.go:90>  	 offlineMsg count 0
2018-06-18 01:50:49 	 [DEBUG] 	 <protocol.go:134>  	 sock read error:EOF
2018-06-18 01:50:49 	 [DEBUG] 	 <client.go:83>  	 EOFconnect offline
2018-06-18 01:50:49 	 [DEBUG] 	 <client.go:148>  	 close client:10002, 80d07eb7-09d5-4332-aa4d-01990a291dfd
2018-06-18 01:50:49 	 [DEBUG] 	 <client.go:112>  	 client: 80d07eb7-09d5-4332-aa4d-01990a291dfd 10002 socket closed
2018-06-18 01:50:50 	 [DEBUG] 	 <tcp.go:32>  	 新连接地址为:[192.168.31.82:53859]
2018-06-18 01:50:50 	 [DEBUG] 	 <client_im.go:90>  	 offlineMsg count 0
2018-06-18 01:54:20 	 [DEBUG] 	 <client_heartbeat.go:9>  	 heartBeet
2018-06-18 01:54:30 	 [DEBUG] 	 <protocol.go:134>  	 sock read error:EOF
2018-06-18 01:54:30 	 [DEBUG] 	 <client.go:83>  	 EOFconnect offline
2018-06-18 01:54:30 	 [DEBUG] 	 <client.go:148>  	 close client:10002, 80d07eb7-09d5-4332-aa4d-01990a291dfd
2018-06-18 01:54:30 	 [DEBUG] 	 <client.go:112>  	 client: 80d07eb7-09d5-4332-aa4d-01990a291dfd 10002 socket closed
2018-06-18 01:54:37 	 [DEBUG] 	 <tcp.go:32>  	 新连接地址为:[192.168.31.41:64843]
2018-06-18 01:54:37 	 [DEBUG] 	 <client_heartbeat.go:9>  	 heartBeet
2018-06-18 01:54:37 	 [DEBUG] 	 <client_im.go:90>  	 offlineMsg count 0
2018-06-18 01:54:43 	 [DEBUG] 	 <protocol.go:134>  	 sock read error:EOF
2018-06-18 01:54:43 	 [DEBUG] 	 <client.go:83>  	 EOFconnect offline
2018-06-18 01:54:43 	 [DEBUG] 	 <client.go:148>  	 close client:10002, 80d07eb7-09d5-4332-aa4d-01990a291dfd
2018-06-18 01:54:43 	 [DEBUG] 	 <client.go:112>  	 client: 80d07eb7-09d5-4332-aa4d-01990a291dfd 10002 socket closed
2018-06-18 01:54:49 	 [DEBUG] 	 <tcp.go:32>  	 新连接地址为:[192.168.31.82:53898]
2018-06-18 01:54:49 	 [DEBUG] 	 <client_im.go:90>  	 offlineMsg count 0
2018-06-18 01:54:49 	 [DEBUG] 	 <protocol.go:134>  	 sock read error:EOF
2018-06-18 01:54:49 	 [DEBUG] 	 <client.go:83>  	 EOFconnect offline
2018-06-18 01:54:49 	 [DEBUG] 	 <client.go:148>  	 close client:10002, 80d07eb7-09d5-4332-aa4d-01990a291dfd
2018-06-18 01:54:49 	 [DEBUG] 	 <client.go:112>  	 client: 80d07eb7-09d5-4332-aa4d-01990a291dfd 10002 socket closed
2018-06-18 01:54:50 	 [DEBUG] 	 <tcp.go:32>  	 新连接地址为:[192.168.31.82:53899]
2018-06-18 01:54:50 	 [DEBUG] 	 <client_im.go:90>  	 offlineMsg count 0
2018-06-18 01:56:51 	 [DEBUG] 	 <client_heartbeat.go:9>  	 heartBeet
2018-06-18 01:58:51 	 [DEBUG] 	 <client_heartbeat.go:9>  	 heartBeet
2018-06-18 02:00:51 	 [DEBUG] 	 <client_heartbeat.go:9>  	 heartBeet
2018-06-18 02:02:51 	 [DEBUG] 	 <client_heartbeat.go:9>  	 heartBeet
2018-06-18 02:04:51 	 [DEBUG] 	 <client_heartbeat.go:9>  	 heartBeet
2018-06-18 02:04:56 	 [DEBUG] 	 <protocol.go:134>  	 sock read error:EOF
2018-06-18 02:04:56 	 [DEBUG] 	 <client.go:83>  	 EOFconnect offline
2018-06-18 02:04:56 	 [DEBUG] 	 <client.go:148>  	 close client:10002, 80d07eb7-09d5-4332-aa4d-01990a291dfd
2018-06-18 02:04:56 	 [DEBUG] 	 <client.go:112>  	 client: 80d07eb7-09d5-4332-aa4d-01990a291dfd 10002 socket closed
2018-06-18 02:05:07 	 [DEBUG] 	 <tcp.go:32>  	 新连接地址为:[192.168.31.82:54000]
2018-06-18 02:05:07 	 [DEBUG] 	 <client_im.go:90>  	 offlineMsg count 0
2018-06-18 02:06:19 	 [DEBUG] 	 <protocol.go:134>  	 sock read error:EOF
2018-06-18 02:06:19 	 [DEBUG] 	 <client.go:83>  	 EOFconnect offline
2018-06-18 02:06:19 	 [DEBUG] 	 <client.go:148>  	 close client:10002, 80d07eb7-09d5-4332-aa4d-01990a291dfd
2018-06-18 02:06:19 	 [DEBUG] 	 <client.go:112>  	 client: 80d07eb7-09d5-4332-aa4d-01990a291dfd 10002 socket closed
2018-06-18 02:06:30 	 [DEBUG] 	 <tcp.go:32>  	 新连接地址为:[192.168.31.82:54028]
2018-06-18 02:06:30 	 [DEBUG] 	 <client_im.go:90>  	 offlineMsg count 0
2018-06-18 02:08:33 	 [DEBUG] 	 <client_heartbeat.go:9>  	 heartBeet
2018-06-18 02:08:41 	 [DEBUG] 	 <protocol.go:134>  	 sock read error:EOF
2018-06-18 02:08:41 	 [DEBUG] 	 <client.go:83>  	 EOFconnect offline
2018-06-18 02:08:41 	 [DEBUG] 	 <client.go:148>  	 close client:10002, 80d07eb7-09d5-4332-aa4d-01990a291dfd
2018-06-18 02:08:41 	 [DEBUG] 	 <client.go:112>  	 client: 80d07eb7-09d5-4332-aa4d-01990a291dfd 10002 socket closed
2018-06-18 02:08:51 	 [DEBUG] 	 <tcp.go:32>  	 新连接地址为:[192.168.31.82:54049]
2018-06-18 02:08:52 	 [DEBUG] 	 <client_im.go:90>  	 offlineMsg count 0
2018-06-18 02:09:25 	 [DEBUG] 	 <protocol.go:134>  	 sock read error:EOF
2018-06-18 02:09:25 	 [DEBUG] 	 <client.go:83>  	 EOFconnect offline
2018-06-18 02:09:25 	 [DEBUG] 	 <client.go:148>  	 close client:10002, 80d07eb7-09d5-4332-aa4d-01990a291dfd
2018-06-18 02:09:25 	 [DEBUG] 	 <client.go:112>  	 client: 80d07eb7-09d5-4332-aa4d-01990a291dfd 10002 socket closed
2018-06-18 02:09:40 	 [DEBUG] 	 <tcp.go:32>  	 新连接地址为:[192.168.31.82:54068]
2018-06-18 02:09:40 	 [DEBUG] 	 <client_im.go:90>  	 offlineMsg count 0
2018-06-18 02:11:02 	 [DEBUG] 	 <protocol.go:134>  	 sock read error:EOF
2018-06-18 02:11:02 	 [DEBUG] 	 <client.go:83>  	 EOFconnect offline
2018-06-18 02:11:02 	 [DEBUG] 	 <client.go:148>  	 close client:10002, 80d07eb7-09d5-4332-aa4d-01990a291dfd
2018-06-18 02:11:02 	 [DEBUG] 	 <client.go:112>  	 client: 80d07eb7-09d5-4332-aa4d-01990a291dfd 10002 socket closed
2018-06-18 02:11:13 	 [DEBUG] 	 <tcp.go:32>  	 新连接地址为:[192.168.31.82:54089]
2018-06-18 02:11:13 	 [DEBUG] 	 <client_im.go:90>  	 offlineMsg count 0
2018-06-18 02:12:01 	 [DEBUG] 	 <protocol.go:134>  	 sock read error:EOF
2018-06-18 02:12:01 	 [DEBUG] 	 <client.go:83>  	 EOFconnect offline
2018-06-18 02:12:01 	 [DEBUG] 	 <client.go:148>  	 close client:10002, 80d07eb7-09d5-4332-aa4d-01990a291dfd
2018-06-18 02:12:01 	 [DEBUG] 	 <client.go:112>  	 client: 80d07eb7-09d5-4332-aa4d-01990a291dfd 10002 socket closed
2018-06-18 02:12:19 	 [DEBUG] 	 <tcp.go:32>  	 新连接地址为:[192.168.31.82:54127]
2018-06-18 02:12:19 	 [DEBUG] 	 <client_im.go:90>  	 offlineMsg count 0
2018-06-18 02:14:17 	 [DEBUG] 	 <protocol.go:134>  	 sock read error:EOF
2018-06-18 02:14:17 	 [DEBUG] 	 <client.go:83>  	 EOFconnect offline
2018-06-18 02:14:17 	 [DEBUG] 	 <client.go:148>  	 close client:10002, 80d07eb7-09d5-4332-aa4d-01990a291dfd
2018-06-18 02:14:17 	 [DEBUG] 	 <client.go:112>  	 client: 80d07eb7-09d5-4332-aa4d-01990a291dfd 10002 socket closed
2018-06-18 02:14:28 	 [DEBUG] 	 <tcp.go:32>  	 新连接地址为:[192.168.31.82:54156]
2018-06-18 02:14:28 	 [DEBUG] 	 <client_im.go:90>  	 offlineMsg count 0
2018-06-18 02:16:03 	 [DEBUG] 	 <protocol.go:134>  	 sock read error:EOF
2018-06-18 02:16:03 	 [DEBUG] 	 <client.go:83>  	 EOFconnect offline
2018-06-18 02:16:03 	 [DEBUG] 	 <client.go:148>  	 close client:10002, 80d07eb7-09d5-4332-aa4d-01990a291dfd
2018-06-18 02:16:03 	 [DEBUG] 	 <client.go:112>  	 client: 80d07eb7-09d5-4332-aa4d-01990a291dfd 10002 socket closed
2018-06-18 02:17:29 	 [DEBUG] 	 <tcp.go:32>  	 新连接地址为:[192.168.31.82:54187]
2018-06-18 02:17:29 	 [DEBUG] 	 <client_im.go:90>  	 offlineMsg count 0
2018-06-18 02:19:31 	 [DEBUG] 	 <client_heartbeat.go:9>  	 heartBeet
2018-06-18 02:21:31 	 [DEBUG] 	 <client_heartbeat.go:9>  	 heartBeet
2018-06-18 02:23:31 	 [DEBUG] 	 <client_heartbeat.go:9>  	 heartBeet
2018-06-18 02:23:52 	 [DEBUG] 	 <protocol.go:134>  	 sock read error:EOF
2018-06-18 02:23:52 	 [DEBUG] 	 <client.go:83>  	 EOFconnect offline
2018-06-18 02:23:52 	 [DEBUG] 	 <client.go:148>  	 close client:10002, 80d07eb7-09d5-4332-aa4d-01990a291dfd
2018-06-18 02:23:52 	 [DEBUG] 	 <client.go:112>  	 client: 80d07eb7-09d5-4332-aa4d-01990a291dfd 10002 socket closed
2018-06-18 02:24:03 	 [DEBUG] 	 <tcp.go:32>  	 新连接地址为:[192.168.31.82:54208]
2018-06-18 02:24:03 	 [DEBUG] 	 <client_im.go:90>  	 offlineMsg count 0
2018-06-18 02:24:33 	 [DEBUG] 	 <protocol.go:134>  	 sock read error:EOF
2018-06-18 02:24:33 	 [DEBUG] 	 <client.go:83>  	 EOFconnect offline
2018-06-18 02:24:33 	 [DEBUG] 	 <client.go:148>  	 close client:10002, 80d07eb7-09d5-4332-aa4d-01990a291dfd
2018-06-18 02:24:33 	 [DEBUG] 	 <client.go:112>  	 client: 80d07eb7-09d5-4332-aa4d-01990a291dfd 10002 socket closed
2018-06-18 02:24:44 	 [DEBUG] 	 <tcp.go:32>  	 新连接地址为:[192.168.31.82:54231]
2018-06-18 02:24:44 	 [DEBUG] 	 <client_im.go:90>  	 offlineMsg count 0
2018-06-18 02:25:14 	 [DEBUG] 	 <protocol.go:134>  	 sock read error:EOF
2018-06-18 02:25:14 	 [DEBUG] 	 <client.go:83>  	 EOFconnect offline
2018-06-18 02:25:14 	 [DEBUG] 	 <client.go:148>  	 close client:10002, 80d07eb7-09d5-4332-aa4d-01990a291dfd
2018-06-18 02:25:14 	 [DEBUG] 	 <client.go:112>  	 client: 80d07eb7-09d5-4332-aa4d-01990a291dfd 10002 socket closed
2018-06-18 02:25:25 	 [DEBUG] 	 <tcp.go:32>  	 新连接地址为:[192.168.31.82:54256]
2018-06-18 02:25:25 	 [DEBUG] 	 <client_im.go:90>  	 offlineMsg count 0
2018-06-18 02:26:50 	 [DEBUG] 	 <protocol.go:134>  	 sock read error:EOF
2018-06-18 02:26:50 	 [DEBUG] 	 <client.go:83>  	 EOFconnect offline
2018-06-18 02:26:50 	 [DEBUG] 	 <client.go:148>  	 close client:10002, 80d07eb7-09d5-4332-aa4d-01990a291dfd
2018-06-18 02:26:50 	 [DEBUG] 	 <client.go:112>  	 client: 80d07eb7-09d5-4332-aa4d-01990a291dfd 10002 socket closed
2018-06-18 02:27:01 	 [DEBUG] 	 <tcp.go:32>  	 新连接地址为:[192.168.31.82:54277]
2018-06-18 02:27:01 	 [DEBUG] 	 <client_im.go:90>  	 offlineMsg count 0
2018-06-18 02:29:53 	 [DEBUG] 	 <protocol.go:134>  	 sock read error:EOF
2018-06-18 02:29:53 	 [DEBUG] 	 <client.go:83>  	 EOFconnect offline
2018-06-18 02:29:53 	 [DEBUG] 	 <client.go:148>  	 close client:10002, 80d07eb7-09d5-4332-aa4d-01990a291dfd
2018-06-18 02:29:53 	 [DEBUG] 	 <client.go:112>  	 client: 80d07eb7-09d5-4332-aa4d-01990a291dfd 10002 socket closed
2018-06-18 02:30:04 	 [DEBUG] 	 <tcp.go:32>  	 新连接地址为:[192.168.31.82:54300]
2018-06-18 02:30:04 	 [DEBUG] 	 <client_im.go:90>  	 offlineMsg count 0
2018-06-18 02:32:07 	 [DEBUG] 	 <client_heartbeat.go:9>  	 heartBeet
2018-06-18 02:34:07 	 [DEBUG] 	 <client_heartbeat.go:9>  	 heartBeet
2018-06-18 02:36:30 	 [DEBUG] 	 <protocol.go:134>  	 sock read error:EOF
2018-06-18 02:36:30 	 [DEBUG] 	 <client.go:83>  	 EOFconnect offline
2018-06-18 02:36:30 	 [DEBUG] 	 <client.go:148>  	 close client:10002, 80d07eb7-09d5-4332-aa4d-01990a291dfd
2018-06-18 02:36:30 	 [DEBUG] 	 <client.go:112>  	 client: 80d07eb7-09d5-4332-aa4d-01990a291dfd 10002 socket closed
2018-06-18 02:36:43 	 [DEBUG] 	 <tcp.go:32>  	 新连接地址为:[192.168.31.82:54321]
2018-06-18 02:36:43 	 [DEBUG] 	 <client_im.go:90>  	 offlineMsg count 0
2018-06-18 02:37:20 	 [DEBUG] 	 <protocol.go:134>  	 sock read error:EOF
2018-06-18 02:37:20 	 [DEBUG] 	 <client.go:83>  	 EOFconnect offline
2018-06-18 02:37:20 	 [DEBUG] 	 <client.go:148>  	 close client:10002, 80d07eb7-09d5-4332-aa4d-01990a291dfd
2018-06-18 02:37:20 	 [DEBUG] 	 <client.go:112>  	 client: 80d07eb7-09d5-4332-aa4d-01990a291dfd 10002 socket closed
2018-06-18 02:37:52 	 [DEBUG] 	 <tcp.go:32>  	 新连接地址为:[192.168.31.82:54342]
2018-06-18 02:37:52 	 [DEBUG] 	 <client_im.go:90>  	 offlineMsg count 0
2018-06-18 02:39:38 	 [DEBUG] 	 <protocol.go:134>  	 sock read error:EOF
2018-06-18 02:39:38 	 [DEBUG] 	 <client.go:83>  	 EOFconnect offline
2018-06-18 02:39:38 	 [DEBUG] 	 <client.go:148>  	 close client:10002, 80d07eb7-09d5-4332-aa4d-01990a291dfd
2018-06-18 02:39:38 	 [DEBUG] 	 <client.go:112>  	 client: 80d07eb7-09d5-4332-aa4d-01990a291dfd 10002 socket closed
2018-06-18 02:40:11 	 [DEBUG] 	 <tcp.go:32>  	 新连接地址为:[192.168.31.82:54361]
2018-06-18 02:40:11 	 [DEBUG] 	 <client_heartbeat.go:9>  	 heartBeet
2018-06-18 02:40:11 	 [DEBUG] 	 <client_im.go:90>  	 offlineMsg count 0
2018-06-18 02:40:33 	 [DEBUG] 	 <protocol.go:134>  	 sock read error:EOF
2018-06-18 02:40:33 	 [DEBUG] 	 <client.go:83>  	 EOFconnect offline
2018-06-18 02:40:33 	 [DEBUG] 	 <client.go:148>  	 close client:10002, 80d07eb7-09d5-4332-aa4d-01990a291dfd
2018-06-18 02:40:33 	 [DEBUG] 	 <client.go:112>  	 client: 80d07eb7-09d5-4332-aa4d-01990a291dfd 10002 socket closed
2018-06-18 02:42:20 	 [DEBUG] 	 <tcp.go:32>  	 新连接地址为:[192.168.31.82:54418]
2018-06-18 02:42:20 	 [DEBUG] 	 <client_im.go:90>  	 offlineMsg count 0
2018-06-18 02:42:32 	 [DEBUG] 	 <protocol.go:134>  	 sock read error:EOF
2018-06-18 02:42:32 	 [DEBUG] 	 <client.go:83>  	 EOFconnect offline
2018-06-18 02:42:32 	 [DEBUG] 	 <client.go:148>  	 close client:10002, 80d07eb7-09d5-4332-aa4d-01990a291dfd
2018-06-18 02:42:32 	 [DEBUG] 	 <client.go:112>  	 client: 80d07eb7-09d5-4332-aa4d-01990a291dfd 10002 socket closed
2018-06-18 02:42:43 	 [DEBUG] 	 <tcp.go:32>  	 新连接地址为:[192.168.31.82:54437]
2018-06-18 02:42:43 	 [DEBUG] 	 <client_im.go:90>  	 offlineMsg count 0
2018-06-18 02:43:04 	 [DEBUG] 	 <protocol.go:134>  	 sock read error:EOF
2018-06-18 02:43:04 	 [DEBUG] 	 <client.go:83>  	 EOFconnect offline
2018-06-18 02:43:04 	 [DEBUG] 	 <client.go:148>  	 close client:10002, 80d07eb7-09d5-4332-aa4d-01990a291dfd
2018-06-18 02:43:04 	 [DEBUG] 	 <client.go:112>  	 client: 80d07eb7-09d5-4332-aa4d-01990a291dfd 10002 socket closed
2018-06-18 02:43:16 	 [DEBUG] 	 <tcp.go:32>  	 新连接地址为:[192.168.31.82:54456]
2018-06-18 02:43:16 	 [DEBUG] 	 <client_im.go:90>  	 offlineMsg count 0
2018-06-18 02:43:26 	 [DEBUG] 	 <protocol.go:134>  	 sock read error:EOF
2018-06-18 02:43:26 	 [DEBUG] 	 <client.go:83>  	 EOFconnect offline
2018-06-18 02:43:26 	 [DEBUG] 	 <client.go:148>  	 close client:10002, 80d07eb7-09d5-4332-aa4d-01990a291dfd
2018-06-18 02:43:26 	 [DEBUG] 	 <client.go:112>  	 client: 80d07eb7-09d5-4332-aa4d-01990a291dfd 10002 socket closed
2018-06-18 02:43:37 	 [DEBUG] 	 <tcp.go:32>  	 新连接地址为:[192.168.31.82:54477]
2018-06-18 02:43:37 	 [DEBUG] 	 <client_im.go:90>  	 offlineMsg count 0
2018-06-18 02:44:22 	 [DEBUG] 	 <protocol.go:134>  	 sock read error:EOF
2018-06-18 02:44:22 	 [DEBUG] 	 <client.go:83>  	 EOFconnect offline
2018-06-18 02:44:22 	 [DEBUG] 	 <client.go:148>  	 close client:10002, 80d07eb7-09d5-4332-aa4d-01990a291dfd
2018-06-18 02:44:22 	 [DEBUG] 	 <client.go:112>  	 client: 80d07eb7-09d5-4332-aa4d-01990a291dfd 10002 socket closed
2018-06-18 02:44:32 	 [DEBUG] 	 <tcp.go:32>  	 新连接地址为:[192.168.31.82:54496]
2018-06-18 02:44:32 	 [DEBUG] 	 <client_im.go:90>  	 offlineMsg count 0
2018-06-18 02:44:54 	 [DEBUG] 	 <protocol.go:134>  	 sock read error:EOF
2018-06-18 02:44:54 	 [DEBUG] 	 <client.go:83>  	 EOFconnect offline
2018-06-18 02:44:54 	 [DEBUG] 	 <client.go:148>  	 close client:10002, 80d07eb7-09d5-4332-aa4d-01990a291dfd
2018-06-18 02:44:54 	 [DEBUG] 	 <client.go:112>  	 client: 80d07eb7-09d5-4332-aa4d-01990a291dfd 10002 socket closed
2018-06-18 02:45:15 	 [DEBUG] 	 <tcp.go:32>  	 新连接地址为:[192.168.31.82:54535]
2018-06-18 02:45:15 	 [DEBUG] 	 <client_im.go:90>  	 offlineMsg count 0
2018-06-18 02:45:15 	 [DEBUG] 	 <protocol.go:134>  	 sock read error:EOF
2018-06-18 02:45:15 	 [DEBUG] 	 <client.go:83>  	 EOFconnect offline
2018-06-18 02:45:15 	 [DEBUG] 	 <client.go:148>  	 close client:10002, 80d07eb7-09d5-4332-aa4d-01990a291dfd
2018-06-18 02:45:15 	 [DEBUG] 	 <client.go:112>  	 client: 80d07eb7-09d5-4332-aa4d-01990a291dfd 10002 socket closed
2018-06-18 02:45:16 	 [DEBUG] 	 <tcp.go:32>  	 新连接地址为:[192.168.31.82:54536]
2018-06-18 02:45:16 	 [DEBUG] 	 <client_im.go:90>  	 offlineMsg count 0
2018-06-18 02:46:39 	 [DEBUG] 	 <protocol.go:134>  	 sock read error:EOF
2018-06-18 02:46:39 	 [DEBUG] 	 <client.go:83>  	 EOFconnect offline
2018-06-18 02:46:39 	 [DEBUG] 	 <client.go:148>  	 close client:10002, 80d07eb7-09d5-4332-aa4d-01990a291dfd
2018-06-18 02:46:39 	 [DEBUG] 	 <client.go:112>  	 client: 80d07eb7-09d5-4332-aa4d-01990a291dfd 10002 socket closed
2018-06-18 02:46:50 	 [DEBUG] 	 <tcp.go:32>  	 新连接地址为:[192.168.31.82:54569]
2018-06-18 02:46:50 	 [DEBUG] 	 <client_im.go:90>  	 offlineMsg count 0
2018-06-18 02:46:55 	 [DEBUG] 	 <protocol.go:134>  	 sock read error:EOF
2018-06-18 02:46:55 	 [DEBUG] 	 <client.go:83>  	 EOFconnect offline
2018-06-18 02:46:55 	 [DEBUG] 	 <client.go:148>  	 close client:10002, 80d07eb7-09d5-4332-aa4d-01990a291dfd
2018-06-18 02:46:55 	 [DEBUG] 	 <client.go:112>  	 client: 80d07eb7-09d5-4332-aa4d-01990a291dfd 10002 socket closed
2018-06-18 02:47:17 	 [DEBUG] 	 <tcp.go:32>  	 新连接地址为:[192.168.31.82:54600]
2018-06-18 02:47:17 	 [DEBUG] 	 <client_im.go:90>  	 offlineMsg count 0
2018-06-18 02:47:17 	 [DEBUG] 	 <protocol.go:134>  	 sock read error:EOF
2018-06-18 02:47:17 	 [DEBUG] 	 <client.go:83>  	 EOFconnect offline
2018-06-18 02:47:17 	 [DEBUG] 	 <client.go:148>  	 close client:10002, 80d07eb7-09d5-4332-aa4d-01990a291dfd
2018-06-18 02:47:17 	 [DEBUG] 	 <client.go:112>  	 client: 80d07eb7-09d5-4332-aa4d-01990a291dfd 10002 socket closed
2018-06-18 02:47:18 	 [DEBUG] 	 <tcp.go:32>  	 新连接地址为:[192.168.31.82:54601]
2018-06-18 02:47:18 	 [DEBUG] 	 <client_im.go:90>  	 offlineMsg count 0
2018-06-18 02:47:32 	 [DEBUG] 	 <protocol.go:134>  	 sock read error:EOF
2018-06-18 02:47:32 	 [DEBUG] 	 <client.go:83>  	 EOFconnect offline
2018-06-18 02:47:32 	 [DEBUG] 	 <client.go:148>  	 close client:10002, 80d07eb7-09d5-4332-aa4d-01990a291dfd
2018-06-18 02:47:32 	 [DEBUG] 	 <client.go:112>  	 client: 80d07eb7-09d5-4332-aa4d-01990a291dfd 10002 socket closed
2018-06-18 02:48:06 	 [DEBUG] 	 <tcp.go:32>  	 新连接地址为:[192.168.31.82:54654]
2018-06-18 02:48:06 	 [DEBUG] 	 <client_im.go:90>  	 offlineMsg count 0
2018-06-18 02:48:06 	 [DEBUG] 	 <protocol.go:134>  	 sock read error:EOF
2018-06-18 02:48:06 	 [DEBUG] 	 <client.go:83>  	 EOFconnect offline
2018-06-18 02:48:06 	 [DEBUG] 	 <client.go:148>  	 close client:10002, 80d07eb7-09d5-4332-aa4d-01990a291dfd
2018-06-18 02:48:06 	 [DEBUG] 	 <client.go:112>  	 client: 80d07eb7-09d5-4332-aa4d-01990a291dfd 10002 socket closed
2018-06-18 02:48:07 	 [DEBUG] 	 <tcp.go:32>  	 新连接地址为:[192.168.31.82:54655]
2018-06-18 02:48:07 	 [DEBUG] 	 <client_im.go:90>  	 offlineMsg count 0
2018-06-18 02:48:47 	 [DEBUG] 	 <protocol.go:134>  	 sock read error:EOF
2018-06-18 02:48:47 	 [DEBUG] 	 <client.go:83>  	 EOFconnect offline
2018-06-18 02:48:47 	 [DEBUG] 	 <client.go:148>  	 close client:10002, 80d07eb7-09d5-4332-aa4d-01990a291dfd
2018-06-18 02:48:47 	 [DEBUG] 	 <client.go:112>  	 client: 80d07eb7-09d5-4332-aa4d-01990a291dfd 10002 socket closed
2018-06-18 02:48:58 	 [DEBUG] 	 <tcp.go:32>  	 新连接地址为:[192.168.31.82:54772]
2018-06-18 02:48:58 	 [DEBUG] 	 <client_im.go:90>  	 offlineMsg count 0
2018-06-18 02:49:34 	 [DEBUG] 	 <protocol.go:134>  	 sock read error:EOF
2018-06-18 02:49:34 	 [DEBUG] 	 <client.go:83>  	 EOFconnect offline
2018-06-18 02:49:34 	 [DEBUG] 	 <client.go:148>  	 close client:10002, 80d07eb7-09d5-4332-aa4d-01990a291dfd
2018-06-18 02:49:34 	 [DEBUG] 	 <client.go:112>  	 client: 80d07eb7-09d5-4332-aa4d-01990a291dfd 10002 socket closed
2018-06-18 02:49:45 	 [DEBUG] 	 <tcp.go:32>  	 新连接地址为:[192.168.31.82:54793]
2018-06-18 02:49:45 	 [DEBUG] 	 <client_im.go:90>  	 offlineMsg count 0
2018-06-18 02:49:56 	 [DEBUG] 	 <protocol.go:134>  	 sock read error:EOF
2018-06-18 02:49:56 	 [DEBUG] 	 <client.go:83>  	 EOFconnect offline
2018-06-18 02:49:56 	 [DEBUG] 	 <client.go:148>  	 close client:10002, 80d07eb7-09d5-4332-aa4d-01990a291dfd
2018-06-18 02:49:56 	 [DEBUG] 	 <client.go:112>  	 client: 80d07eb7-09d5-4332-aa4d-01990a291dfd 10002 socket closed
2018-06-18 02:50:19 	 [DEBUG] 	 <tcp.go:32>  	 新连接地址为:[192.168.31.82:54828]
2018-06-18 02:50:19 	 [DEBUG] 	 <client_im.go:90>  	 offlineMsg count 0
2018-06-18 02:50:19 	 [DEBUG] 	 <protocol.go:134>  	 sock read error:EOF
2018-06-18 02:50:19 	 [DEBUG] 	 <client.go:83>  	 EOFconnect offline
2018-06-18 02:50:19 	 [DEBUG] 	 <client.go:148>  	 close client:10002, 80d07eb7-09d5-4332-aa4d-01990a291dfd
2018-06-18 02:50:19 	 [DEBUG] 	 <client.go:112>  	 client: 80d07eb7-09d5-4332-aa4d-01990a291dfd 10002 socket closed
2018-06-18 02:50:20 	 [DEBUG] 	 <tcp.go:32>  	 新连接地址为:[192.168.31.82:54829]
2018-06-18 02:50:20 	 [DEBUG] 	 <client_im.go:90>  	 offlineMsg count 0
2018-06-18 02:52:19 	 [DEBUG] 	 <client_heartbeat.go:9>  	 heartBeet
2018-06-18 02:52:27 	 [DEBUG] 	 <protocol.go:134>  	 sock read error:EOF
2018-06-18 02:52:27 	 [DEBUG] 	 <client.go:83>  	 EOFconnect offline
2018-06-18 02:52:27 	 [DEBUG] 	 <client.go:148>  	 close client:10002, 80d07eb7-09d5-4332-aa4d-01990a291dfd
2018-06-18 02:52:27 	 [DEBUG] 	 <client.go:112>  	 client: 80d07eb7-09d5-4332-aa4d-01990a291dfd 10002 socket closed
2018-06-18 02:52:54 	 [DEBUG] 	 <tcp.go:32>  	 新连接地址为:[192.168.31.82:54888]
2018-06-18 02:52:54 	 [DEBUG] 	 <client_im.go:90>  	 offlineMsg count 0
2018-06-18 02:52:54 	 [DEBUG] 	 <protocol.go:134>  	 sock read error:EOF
2018-06-18 02:52:54 	 [DEBUG] 	 <client.go:83>  	 EOFconnect offline
2018-06-18 02:52:54 	 [DEBUG] 	 <client.go:148>  	 close client:10002, 80d07eb7-09d5-4332-aa4d-01990a291dfd
2018-06-18 02:52:54 	 [DEBUG] 	 <client.go:112>  	 client: 80d07eb7-09d5-4332-aa4d-01990a291dfd 10002 socket closed
2018-06-18 02:52:54 	 [DEBUG] 	 <tcp.go:32>  	 新连接地址为:[192.168.31.82:54889]
2018-06-18 02:52:54 	 [DEBUG] 	 <client_im.go:90>  	 offlineMsg count 0
2018-06-18 02:53:45 	 [DEBUG] 	 <protocol.go:134>  	 sock read error:EOF
2018-06-18 02:53:45 	 [DEBUG] 	 <client.go:83>  	 EOFconnect offline
2018-06-18 02:53:45 	 [DEBUG] 	 <client.go:148>  	 close client:10002, 80d07eb7-09d5-4332-aa4d-01990a291dfd
2018-06-18 02:53:45 	 [DEBUG] 	 <client.go:112>  	 client: 80d07eb7-09d5-4332-aa4d-01990a291dfd 10002 socket closed
2018-06-18 14:12:35 	 [DEBUG] 	 <tcp.go:32>  	 新连接地址为:[192.168.31.41:65083]
2018-06-18 14:12:35 	 [DEBUG] 	 <client_im.go:90>  	 offlineMsg count 0
2018-06-18 14:12:35 	 [DEBUG] 	 <protocol.go:134>  	 sock read error:EOF
2018-06-18 14:12:35 	 [DEBUG] 	 <client.go:83>  	 EOFconnect offline
2018-06-18 14:12:35 	 [DEBUG] 	 <client.go:148>  	 close client:10002, 80d07eb7-09d5-4332-aa4d-01990a291dfd
2018-06-18 14:12:35 	 [DEBUG] 	 <client.go:112>  	 client: 80d07eb7-09d5-4332-aa4d-01990a291dfd 10002 socket closed
2018-06-18 14:12:36 	 [DEBUG] 	 <tcp.go:32>  	 新连接地址为:[192.168.31.41:65084]
2018-06-18 14:12:36 	 [DEBUG] 	 <client_im.go:90>  	 offlineMsg count 0
2018-06-18 14:14:21 	 [DEBUG] 	 <tcp.go:32>  	 新连接地址为:[192.168.31.82:60055]
2018-06-18 14:14:21 	 [DEBUG] 	 <client_im.go:90>  	 offlineMsg count 0
2018-06-18 14:14:30 	 [DEBUG] 	 <protocol.go:134>  	 sock read error:EOF
2018-06-18 14:14:30 	 [DEBUG] 	 <client.go:83>  	 EOFconnect offline
2018-06-18 14:14:30 	 [DEBUG] 	 <client.go:148>  	 close client:10002, 80d07eb7-09d5-4332-aa4d-01990a291dfd
2018-06-18 14:14:30 	 [DEBUG] 	 <client.go:112>  	 client: 80d07eb7-09d5-4332-aa4d-01990a291dfd 10002 socket closed
2018-06-18 14:14:57 	 [DEBUG] 	 <protocol.go:134>  	 sock read error:EOF
2018-06-18 14:14:57 	 [DEBUG] 	 <client.go:83>  	 EOFconnect offline
2018-06-18 14:14:57 	 [DEBUG] 	 <client.go:148>  	 close client:10002, 80d07eb7-09d5-4332-aa4d-01990a291dfd
2018-06-18 14:14:57 	 [DEBUG] 	 <client.go:112>  	 client: 80d07eb7-09d5-4332-aa4d-01990a291dfd 10002 socket closed
2018-06-18 14:15:05 	 [DEBUG] 	 <tcp.go:32>  	 新连接地址为:[192.168.31.82:60227]
2018-06-18 14:15:05 	 [DEBUG] 	 <client_im.go:90>  	 offlineMsg count 0
2018-06-18 14:17:08 	 [DEBUG] 	 <client_heartbeat.go:9>  	 heartBeet
2018-06-18 14:17:37 	 [DEBUG] 	 <protocol.go:134>  	 sock read error:EOF
2018-06-18 14:17:37 	 [DEBUG] 	 <client.go:83>  	 EOFconnect offline
2018-06-18 14:17:37 	 [DEBUG] 	 <client.go:148>  	 close client:10002, 80d07eb7-09d5-4332-aa4d-01990a291dfd
2018-06-18 14:17:37 	 [DEBUG] 	 <client.go:112>  	 client: 80d07eb7-09d5-4332-aa4d-01990a291dfd 10002 socket closed
2018-06-18 14:17:38 	 [DEBUG] 	 <tcp.go:32>  	 新连接地址为:[192.168.31.82:60249]
2018-06-18 14:17:38 	 [DEBUG] 	 <client_im.go:90>  	 offlineMsg count 0
2018-06-18 14:17:40 	 [DEBUG] 	 <protocol.go:134>  	 sock read error:EOF
2018-06-18 14:17:40 	 [DEBUG] 	 <client.go:83>  	 EOFconnect offline
2018-06-18 14:17:40 	 [DEBUG] 	 <client.go:148>  	 close client:10002, 80d07eb7-09d5-4332-aa4d-01990a291dfd
2018-06-18 14:17:40 	 [DEBUG] 	 <client.go:112>  	 client: 80d07eb7-09d5-4332-aa4d-01990a291dfd 10002 socket closed
2018-06-18 14:17:55 	 [DEBUG] 	 <tcp.go:32>  	 新连接地址为:[192.168.31.82:60270]
2018-06-18 14:17:55 	 [DEBUG] 	 <client_im.go:90>  	 offlineMsg count 0
2018-06-18 14:18:11 	 [DEBUG] 	 <protocol.go:134>  	 sock read error:EOF
2018-06-18 14:18:11 	 [DEBUG] 	 <client.go:83>  	 EOFconnect offline
2018-06-18 14:18:11 	 [DEBUG] 	 <client.go:148>  	 close client:10002, 80d07eb7-09d5-4332-aa4d-01990a291dfd
2018-06-18 14:18:11 	 [DEBUG] 	 <client.go:112>  	 client: 80d07eb7-09d5-4332-aa4d-01990a291dfd 10002 socket closed
2018-06-18 14:18:19 	 [DEBUG] 	 <tcp.go:32>  	 新连接地址为:[192.168.31.82:60320]
2018-06-18 14:18:19 	 [DEBUG] 	 <client_im.go:90>  	 offlineMsg count 0
2018-06-18 14:20:06 	 [DEBUG] 	 <protocol.go:134>  	 sock read error:EOF
2018-06-18 14:20:06 	 [DEBUG] 	 <client.go:83>  	 EOFconnect offline
2018-06-18 14:20:06 	 [DEBUG] 	 <client.go:148>  	 close client:10002, 80d07eb7-09d5-4332-aa4d-01990a291dfd
2018-06-18 14:20:06 	 [DEBUG] 	 <client.go:112>  	 client: 80d07eb7-09d5-4332-aa4d-01990a291dfd 10002 socket closed
2018-06-18 15:49:44 	 [DEBUG] 	 <tcp.go:32>  	 新连接地址为:[192.168.31.82:62460]
2018-06-18 15:49:44 	 [DEBUG] 	 <client_heartbeat.go:9>  	 heartBeet
2018-06-18 15:49:44 	 [DEBUG] 	 <client_im.go:90>  	 offlineMsg count 0
2018-06-18 15:49:45 	 [DEBUG] 	 <protocol.go:134>  	 sock read error:EOF
2018-06-18 15:49:45 	 [DEBUG] 	 <client.go:83>  	 EOFconnect offline
2018-06-18 15:49:45 	 [DEBUG] 	 <client.go:148>  	 close client:10002, 80d07eb7-09d5-4332-aa4d-01990a291dfd
2018-06-18 15:49:45 	 [DEBUG] 	 <client.go:112>  	 client: 80d07eb7-09d5-4332-aa4d-01990a291dfd 10002 socket closed
2018-06-18 15:49:49 	 [DEBUG] 	 <tcp.go:32>  	 新连接地址为:[192.168.31.82:62461]
2018-06-18 15:49:49 	 [DEBUG] 	 <client_im.go:90>  	 offlineMsg count 0
2018-06-18 15:50:21 	 [DEBUG] 	 <client_heartbeat.go:9>  	 heartBeet
2018-06-18 15:52:21 	 [DEBUG] 	 <client_heartbeat.go:9>  	 heartBeet
2018-06-18 15:53:37 	 [DEBUG] 	 <protocol.go:134>  	 sock read error:EOF
2018-06-18 15:53:37 	 [DEBUG] 	 <client.go:83>  	 EOFconnect offline
2018-06-18 15:53:37 	 [DEBUG] 	 <client.go:148>  	 close client:10002, 80d07eb7-09d5-4332-aa4d-01990a291dfd
2018-06-18 15:53:37 	 [DEBUG] 	 <client.go:112>  	 client: 80d07eb7-09d5-4332-aa4d-01990a291dfd 10002 socket closed
2018-06-18 15:53:53 	 [DEBUG] 	 <tcp.go:32>  	 新连接地址为:[192.168.31.82:62465]
2018-06-18 15:53:53 	 [DEBUG] 	 <client_im.go:90>  	 offlineMsg count 0
2018-06-18 15:54:21 	 [DEBUG] 	 <client_heartbeat.go:9>  	 heartBeet
2018-06-18 15:54:59 	 [DEBUG] 	 <protocol.go:134>  	 sock read error:EOF
2018-06-18 15:54:59 	 [DEBUG] 	 <client.go:83>  	 EOFconnect offline
2018-06-18 15:54:59 	 [DEBUG] 	 <client.go:148>  	 close client:10002, 80d07eb7-09d5-4332-aa4d-01990a291dfd
2018-06-18 15:54:59 	 [DEBUG] 	 <client.go:112>  	 client: 80d07eb7-09d5-4332-aa4d-01990a291dfd 10002 socket closed
2018-06-18 15:56:01 	 [DEBUG] 	 <tcp.go:32>  	 新连接地址为:[192.168.31.82:62523]
2018-06-18 15:56:01 	 [DEBUG] 	 <client_im.go:90>  	 offlineMsg count 0
2018-06-18 15:56:30 	 [DEBUG] 	 <protocol.go:134>  	 sock read error:EOF
2018-06-18 15:56:30 	 [DEBUG] 	 <client.go:83>  	 EOFconnect offline
2018-06-18 15:56:30 	 [DEBUG] 	 <client.go:148>  	 close client:10002, 80d07eb7-09d5-4332-aa4d-01990a291dfd
2018-06-18 15:56:30 	 [DEBUG] 	 <client.go:112>  	 client: 80d07eb7-09d5-4332-aa4d-01990a291dfd 10002 socket closed
2018-06-18 15:56:39 	 [DEBUG] 	 <tcp.go:32>  	 新连接地址为:[192.168.31.82:62575]
2018-06-18 15:56:39 	 [DEBUG] 	 <client_im.go:90>  	 offlineMsg count 0
2018-06-18 15:57:16 	 [DEBUG] 	 <protocol.go:134>  	 sock read error:EOF
2018-06-18 15:57:16 	 [DEBUG] 	 <client.go:83>  	 EOFconnect offline
2018-06-18 15:57:16 	 [DEBUG] 	 <client.go:148>  	 close client:10002, 80d07eb7-09d5-4332-aa4d-01990a291dfd
2018-06-18 15:57:16 	 [DEBUG] 	 <client.go:112>  	 client: 80d07eb7-09d5-4332-aa4d-01990a291dfd 10002 socket closed
2018-06-18 17:43:15 	 [DEBUG] 	 <tcp.go:32>  	 新连接地址为:[192.168.31.82:64443]
2018-06-18 17:43:15 	 [DEBUG] 	 <client_im.go:90>  	 offlineMsg count 0
2018-06-18 17:43:15 	 [DEBUG] 	 <protocol.go:134>  	 sock read error:EOF
2018-06-18 17:43:15 	 [DEBUG] 	 <client.go:83>  	 EOFconnect offline
2018-06-18 17:43:15 	 [DEBUG] 	 <client.go:148>  	 close client:10002, 80d07eb7-09d5-4332-aa4d-01990a291dfd
2018-06-18 17:43:15 	 [DEBUG] 	 <client.go:112>  	 client: 80d07eb7-09d5-4332-aa4d-01990a291dfd 10002 socket closed
2018-06-18 17:43:19 	 [DEBUG] 	 <tcp.go:32>  	 新连接地址为:[192.168.31.82:64448]
2018-06-18 17:43:19 	 [DEBUG] 	 <client_im.go:90>  	 offlineMsg count 0
2018-06-18 17:46:31 	 [DEBUG] 	 <protocol.go:134>  	 sock read error:EOF
2018-06-18 17:46:31 	 [DEBUG] 	 <client.go:83>  	 EOFconnect offline
2018-06-18 17:46:31 	 [DEBUG] 	 <client.go:148>  	 close client:10002, 80d07eb7-09d5-4332-aa4d-01990a291dfd
2018-06-18 17:46:31 	 [DEBUG] 	 <client.go:112>  	 client: 80d07eb7-09d5-4332-aa4d-01990a291dfd 10002 socket closed
