2018-06-06 00:01:02 	 [DEBUG] 	 <client_heartbeat.go:9>  	 heartBeet
2018-06-06 00:01:21 	 [DEBUG] 	 <client_heartbeat.go:9>  	 heartBeet
2018-06-06 00:03:02 	 [DEBUG] 	 <client_heartbeat.go:9>  	 heartBeet
2018-06-06 00:03:22 	 [DEBUG] 	 <client_heartbeat.go:9>  	 heartBeet
2018-06-06 00:04:37 	 [DEBUG] 	 <protocol.go:134>  	 sock read error:EOF
2018-06-06 00:04:37 	 [DEBUG] 	 <client.go:83>  	 EOFconnect offline
2018-06-06 00:04:37 	 [DEBUG] 	 <client.go:148>  	 close client:10002, 80d07eb7-09d5-4332-aa4d-01990a291dfd
2018-06-06 00:04:37 	 [DEBUG] 	 <client.go:112>  	 client: 80d07eb7-09d5-4332-aa4d-01990a291dfd 10002 socket closed
2018-06-06 00:04:52 	 [DEBUG] 	 <tcp.go:32>  	 新连接地址为:[192.168.31.82:60104]
2018-06-06 00:04:52 	 [DEBUG] 	 <client_im.go:88>  	 offlineMsg count 0
2018-06-06 00:05:02 	 [DEBUG] 	 <client_heartbeat.go:9>  	 heartBeet
2018-06-06 00:06:55 	 [DEBUG] 	 <client_heartbeat.go:9>  	 heartBeet
2018-06-06 00:07:02 	 [DEBUG] 	 <client_heartbeat.go:9>  	 heartBeet
2018-06-06 00:08:55 	 [DEBUG] 	 <client_heartbeat.go:9>  	 heartBeet
2018-06-06 00:09:05 	 [DEBUG] 	 <client_heartbeat.go:9>  	 heartBeet
2018-06-06 00:11:02 	 [DEBUG] 	 <client_heartbeat.go:9>  	 heartBeet
2018-06-06 00:13:02 	 [DEBUG] 	 <client_heartbeat.go:9>  	 heartBeet
2018-06-06 00:13:54 	 [DEBUG] 	 <client_heartbeat.go:9>  	 heartBeet
2018-06-06 00:14:54 	 [DEBUG] 	 <client_heartbeat.go:9>  	 heartBeet
2018-06-06 00:15:02 	 [DEBUG] 	 <client_heartbeat.go:9>  	 heartBeet
2018-06-06 00:15:27 	 [DEBUG] 	 <protocol.go:134>  	 sock read error:EOF
2018-06-06 00:15:27 	 [DEBUG] 	 <client.go:83>  	 EOFconnect offline
2018-06-06 00:15:27 	 [DEBUG] 	 <client.go:148>  	 close client:10002, 80d07eb7-09d5-4332-aa4d-01990a291dfd
2018-06-06 00:15:27 	 [DEBUG] 	 <client.go:112>  	 client: 80d07eb7-09d5-4332-aa4d-01990a291dfd 10002 socket closed
2018-06-06 00:15:44 	 [DEBUG] 	 <tcp.go:32>  	 新连接地址为:[192.168.31.82:60142]
2018-06-06 00:15:44 	 [DEBUG] 	 <client_im.go:88>  	 offlineMsg count 0
2018-06-06 00:16:53 	 [DEBUG] 	 <protocol.go:134>  	 sock read error:EOF
2018-06-06 00:16:53 	 [DEBUG] 	 <client.go:83>  	 EOFconnect offline
2018-06-06 00:16:53 	 [DEBUG] 	 <client.go:148>  	 close client:10002, 80d07eb7-09d5-4332-aa4d-01990a291dfd
2018-06-06 00:16:53 	 [DEBUG] 	 <client.go:112>  	 client: 80d07eb7-09d5-4332-aa4d-01990a291dfd 10002 socket closed
2018-06-06 00:17:02 	 [DEBUG] 	 <client_heartbeat.go:9>  	 heartBeet
2018-06-06 00:19:02 	 [DEBUG] 	 <client_heartbeat.go:9>  	 heartBeet
2018-06-06 00:20:25 	 [DEBUG] 	 <tcp.go:32>  	 新连接地址为:[192.168.31.82:60189]
2018-06-06 00:20:25 	 [DEBUG] 	 <client_im.go:88>  	 offlineMsg count 0
2018-06-06 00:21:02 	 [DEBUG] 	 <client_heartbeat.go:9>  	 heartBeet
2018-06-06 00:22:17 	 [DEBUG] 	 <protocol.go:134>  	 sock read error:EOF
2018-06-06 00:22:17 	 [DEBUG] 	 <client.go:83>  	 EOFconnect offline
2018-06-06 00:22:17 	 [DEBUG] 	 <client.go:148>  	 close client:10002, 80d07eb7-09d5-4332-aa4d-01990a291dfd
2018-06-06 00:22:17 	 [DEBUG] 	 <client.go:112>  	 client: 80d07eb7-09d5-4332-aa4d-01990a291dfd 10002 socket closed
2018-06-06 00:22:34 	 [DEBUG] 	 <tcp.go:32>  	 新连接地址为:[192.168.31.82:60231]
2018-06-06 00:22:34 	 [DEBUG] 	 <client_im.go:88>  	 offlineMsg count 0
2018-06-06 00:23:02 	 [DEBUG] 	 <client_heartbeat.go:9>  	 heartBeet
2018-06-06 00:23:13 	 [DEBUG] 	 <protocol.go:134>  	 sock read error:EOF
2018-06-06 00:23:13 	 [DEBUG] 	 <client.go:83>  	 EOFconnect offline
2018-06-06 00:23:13 	 [DEBUG] 	 <client.go:148>  	 close client:10002, 80d07eb7-09d5-4332-aa4d-01990a291dfd
2018-06-06 00:23:13 	 [DEBUG] 	 <client.go:112>  	 client: 80d07eb7-09d5-4332-aa4d-01990a291dfd 10002 socket closed
2018-06-06 00:23:28 	 [DEBUG] 	 <tcp.go:32>  	 新连接地址为:[192.168.31.82:60253]
2018-06-06 00:23:28 	 [DEBUG] 	 <client_im.go:88>  	 offlineMsg count 0
2018-06-06 00:23:57 	 [DEBUG] 	 <protocol.go:134>  	 sock read error:EOF
2018-06-06 00:23:57 	 [DEBUG] 	 <client.go:83>  	 EOFconnect offline
2018-06-06 00:23:57 	 [DEBUG] 	 <client.go:148>  	 close client:10002, 80d07eb7-09d5-4332-aa4d-01990a291dfd
2018-06-06 00:23:57 	 [DEBUG] 	 <client.go:112>  	 client: 80d07eb7-09d5-4332-aa4d-01990a291dfd 10002 socket closed
2018-06-06 00:24:11 	 [DEBUG] 	 <tcp.go:32>  	 新连接地址为:[192.168.31.82:60277]
2018-06-06 00:24:11 	 [DEBUG] 	 <client_im.go:88>  	 offlineMsg count 0
2018-06-06 00:25:02 	 [DEBUG] 	 <client_heartbeat.go:9>  	 heartBeet
2018-06-06 00:25:26 	 [DEBUG] 	 <protocol.go:134>  	 sock read error:EOF
2018-06-06 00:25:26 	 [DEBUG] 	 <client.go:83>  	 EOFconnect offline
2018-06-06 00:25:26 	 [DEBUG] 	 <client.go:148>  	 close client:10002, 80d07eb7-09d5-4332-aa4d-01990a291dfd
2018-06-06 00:25:26 	 [DEBUG] 	 <client.go:112>  	 client: 80d07eb7-09d5-4332-aa4d-01990a291dfd 10002 socket closed
2018-06-06 00:27:02 	 [DEBUG] 	 <client_heartbeat.go:9>  	 heartBeet
2018-06-06 00:29:02 	 [DEBUG] 	 <client_heartbeat.go:9>  	 heartBeet
2018-06-06 00:31:02 	 [DEBUG] 	 <client_heartbeat.go:9>  	 heartBeet
2018-06-06 00:33:02 	 [DEBUG] 	 <client_heartbeat.go:9>  	 heartBeet
2018-06-06 00:35:02 	 [DEBUG] 	 <client_heartbeat.go:9>  	 heartBeet
2018-06-06 00:37:02 	 [DEBUG] 	 <client_heartbeat.go:9>  	 heartBeet
2018-06-06 00:39:02 	 [DEBUG] 	 <client_heartbeat.go:9>  	 heartBeet
2018-06-06 00:41:02 	 [DEBUG] 	 <client_heartbeat.go:9>  	 heartBeet
2018-06-06 00:43:02 	 [DEBUG] 	 <client_heartbeat.go:9>  	 heartBeet
2018-06-06 00:45:02 	 [DEBUG] 	 <client_heartbeat.go:9>  	 heartBeet
2018-06-06 00:46:49 	 [DEBUG] 	 <tcp.go:32>  	 新连接地址为:[192.168.31.41:49500]
2018-06-06 00:46:49 	 [DEBUG] 	 <client_im.go:88>  	 offlineMsg count 0
2018-06-06 00:46:57 	 [DEBUG] 	 <protocol.go:134>  	 sock read error:EOF
2018-06-06 00:46:57 	 [DEBUG] 	 <client.go:83>  	 EOFconnect offline
2018-06-06 00:46:57 	 [DEBUG] 	 <client.go:148>  	 close client:10002, 80d07eb7-09d5-4332-aa4d-01990a291dfd
2018-06-06 00:46:57 	 [DEBUG] 	 <client.go:112>  	 client: 80d07eb7-09d5-4332-aa4d-01990a291dfd 10002 socket closed
2018-06-06 00:46:58 	 [DEBUG] 	 <tcp.go:32>  	 新连接地址为:[192.168.31.41:49501]
2018-06-06 00:46:58 	 [DEBUG] 	 <client_im.go:88>  	 offlineMsg count 0
2018-06-06 00:47:02 	 [DEBUG] 	 <client_heartbeat.go:9>  	 heartBeet
2018-06-06 00:47:21 	 [DEBUG] 	 <protocol.go:134>  	 sock read error:EOF
2018-06-06 00:47:21 	 [DEBUG] 	 <client.go:83>  	 EOFconnect offline
2018-06-06 00:47:21 	 [DEBUG] 	 <client.go:148>  	 close client:10002, 80d07eb7-09d5-4332-aa4d-01990a291dfd
2018-06-06 00:47:21 	 [DEBUG] 	 <client.go:112>  	 client: 80d07eb7-09d5-4332-aa4d-01990a291dfd 10002 socket closed
2018-06-06 00:47:27 	 [DEBUG] 	 <tcp.go:32>  	 新连接地址为:[192.168.31.41:49541]
2018-06-06 00:47:27 	 [DEBUG] 	 <client_im.go:88>  	 offlineMsg count 0
2018-06-06 00:47:32 	 [DEBUG] 	 <protocol.go:134>  	 sock read error:EOF
2018-06-06 00:47:32 	 [DEBUG] 	 <client.go:83>  	 EOFconnect offline
2018-06-06 00:47:32 	 [DEBUG] 	 <client.go:148>  	 close client:10002, 80d07eb7-09d5-4332-aa4d-01990a291dfd
2018-06-06 00:47:32 	 [DEBUG] 	 <client.go:112>  	 client: 80d07eb7-09d5-4332-aa4d-01990a291dfd 10002 socket closed
2018-06-06 00:47:33 	 [DEBUG] 	 <tcp.go:32>  	 新连接地址为:[192.168.31.41:49542]
2018-06-06 00:47:33 	 [DEBUG] 	 <client_im.go:88>  	 offlineMsg count 0
2018-06-06 00:48:00 	 [DEBUG] 	 <protocol.go:134>  	 sock read error:EOF
2018-06-06 00:48:00 	 [DEBUG] 	 <client.go:83>  	 EOFconnect offline
2018-06-06 00:48:00 	 [DEBUG] 	 <client.go:148>  	 close client:10002, 80d07eb7-09d5-4332-aa4d-01990a291dfd
2018-06-06 00:48:00 	 [DEBUG] 	 <client.go:112>  	 client: 80d07eb7-09d5-4332-aa4d-01990a291dfd 10002 socket closed
2018-06-06 00:48:14 	 [DEBUG] 	 <tcp.go:32>  	 新连接地址为:[192.168.31.41:49620]
2018-06-06 00:48:14 	 [DEBUG] 	 <client_im.go:88>  	 offlineMsg count 0
2018-06-06 00:49:02 	 [DEBUG] 	 <client_heartbeat.go:9>  	 heartBeet
2018-06-06 00:50:01 	 [DEBUG] 	 <protocol.go:134>  	 sock read error:EOF
2018-06-06 00:50:01 	 [DEBUG] 	 <client.go:83>  	 EOFconnect offline
2018-06-06 00:50:01 	 [DEBUG] 	 <client.go:148>  	 close client:10002, 80d07eb7-09d5-4332-aa4d-01990a291dfd
2018-06-06 00:50:01 	 [DEBUG] 	 <client.go:112>  	 client: 80d07eb7-09d5-4332-aa4d-01990a291dfd 10002 socket closed
2018-06-06 00:50:09 	 [DEBUG] 	 <tcp.go:32>  	 新连接地址为:[192.168.31.41:49662]
2018-06-06 00:50:09 	 [DEBUG] 	 <client_im.go:88>  	 offlineMsg count 0
2018-06-06 00:50:46 	 [DEBUG] 	 <protocol.go:134>  	 sock read error:EOF
2018-06-06 00:50:46 	 [DEBUG] 	 <client.go:83>  	 EOFconnect offline
2018-06-06 00:50:46 	 [DEBUG] 	 <client.go:148>  	 close client:10002, 80d07eb7-09d5-4332-aa4d-01990a291dfd
2018-06-06 00:50:46 	 [DEBUG] 	 <client.go:112>  	 client: 80d07eb7-09d5-4332-aa4d-01990a291dfd 10002 socket closed
2018-06-06 00:50:52 	 [DEBUG] 	 <tcp.go:32>  	 新连接地址为:[192.168.31.41:49702]
2018-06-06 00:50:52 	 [DEBUG] 	 <client_im.go:88>  	 offlineMsg count 0
2018-06-06 00:51:02 	 [DEBUG] 	 <client_heartbeat.go:9>  	 heartBeet
2018-06-06 00:51:13 	 [DEBUG] 	 <protocol.go:134>  	 sock read error:EOF
2018-06-06 00:51:13 	 [DEBUG] 	 <client.go:83>  	 EOFconnect offline
2018-06-06 00:51:13 	 [DEBUG] 	 <client.go:148>  	 close client:10002, 80d07eb7-09d5-4332-aa4d-01990a291dfd
2018-06-06 00:51:13 	 [DEBUG] 	 <client.go:112>  	 client: 80d07eb7-09d5-4332-aa4d-01990a291dfd 10002 socket closed
2018-06-06 00:51:20 	 [DEBUG] 	 <tcp.go:32>  	 新连接地址为:[192.168.31.41:49744]
2018-06-06 00:51:20 	 [DEBUG] 	 <client_im.go:88>  	 offlineMsg count 0
2018-06-06 00:51:29 	 [DEBUG] 	 <protocol.go:134>  	 sock read error:EOF
2018-06-06 00:51:29 	 [DEBUG] 	 <client.go:83>  	 EOFconnect offline
2018-06-06 00:51:29 	 [DEBUG] 	 <client.go:148>  	 close client:10002, 80d07eb7-09d5-4332-aa4d-01990a291dfd
2018-06-06 00:51:29 	 [DEBUG] 	 <client.go:112>  	 client: 80d07eb7-09d5-4332-aa4d-01990a291dfd 10002 socket closed
2018-06-06 00:51:35 	 [DEBUG] 	 <tcp.go:32>  	 新连接地址为:[192.168.31.41:49784]
2018-06-06 00:51:35 	 [DEBUG] 	 <client_im.go:88>  	 offlineMsg count 0
2018-06-06 00:52:07 	 [DEBUG] 	 <protocol.go:134>  	 sock read error:EOF
2018-06-06 00:52:07 	 [DEBUG] 	 <client.go:83>  	 EOFconnect offline
2018-06-06 00:52:07 	 [DEBUG] 	 <client.go:148>  	 close client:10002, 80d07eb7-09d5-4332-aa4d-01990a291dfd
2018-06-06 00:52:07 	 [DEBUG] 	 <client.go:112>  	 client: 80d07eb7-09d5-4332-aa4d-01990a291dfd 10002 socket closed
2018-06-06 00:52:13 	 [DEBUG] 	 <tcp.go:32>  	 新连接地址为:[192.168.31.41:49826]
2018-06-06 00:52:13 	 [DEBUG] 	 <client_im.go:88>  	 offlineMsg count 0
2018-06-06 00:52:23 	 [DEBUG] 	 <protocol.go:134>  	 sock read error:EOF
2018-06-06 00:52:23 	 [DEBUG] 	 <client.go:83>  	 EOFconnect offline
2018-06-06 00:52:23 	 [DEBUG] 	 <client.go:148>  	 close client:10002, 80d07eb7-09d5-4332-aa4d-01990a291dfd
2018-06-06 00:52:23 	 [DEBUG] 	 <client.go:112>  	 client: 80d07eb7-09d5-4332-aa4d-01990a291dfd 10002 socket closed
2018-06-06 00:52:38 	 [DEBUG] 	 <tcp.go:32>  	 新连接地址为:[192.168.31.41:49863]
2018-06-06 00:52:38 	 [DEBUG] 	 <client_im.go:88>  	 offlineMsg count 0
2018-06-06 00:53:02 	 [DEBUG] 	 <client_heartbeat.go:9>  	 heartBeet
2018-06-06 00:53:16 	 [DEBUG] 	 <protocol.go:134>  	 sock read error:EOF
2018-06-06 00:53:16 	 [DEBUG] 	 <client.go:83>  	 EOFconnect offline
2018-06-06 00:53:16 	 [DEBUG] 	 <client.go:148>  	 close client:10002, 80d07eb7-09d5-4332-aa4d-01990a291dfd
2018-06-06 00:53:16 	 [DEBUG] 	 <client.go:112>  	 client: 80d07eb7-09d5-4332-aa4d-01990a291dfd 10002 socket closed
2018-06-06 00:53:23 	 [DEBUG] 	 <tcp.go:32>  	 新连接地址为:[192.168.31.41:49907]
2018-06-06 00:53:23 	 [DEBUG] 	 <client_im.go:88>  	 offlineMsg count 0
2018-06-06 00:54:58 	 [DEBUG] 	 <protocol.go:134>  	 sock read error:EOF
2018-06-06 00:54:58 	 [DEBUG] 	 <client.go:83>  	 EOFconnect offline
2018-06-06 00:54:58 	 [DEBUG] 	 <client.go:148>  	 close client:10002, 80d07eb7-09d5-4332-aa4d-01990a291dfd
2018-06-06 00:54:58 	 [DEBUG] 	 <client.go:112>  	 client: 80d07eb7-09d5-4332-aa4d-01990a291dfd 10002 socket closed
2018-06-06 00:55:02 	 [DEBUG] 	 <client_heartbeat.go:9>  	 heartBeet
2018-06-06 00:55:17 	 [DEBUG] 	 <tcp.go:32>  	 新连接地址为:[192.168.31.41:49950]
2018-06-06 00:55:17 	 [DEBUG] 	 <client_im.go:88>  	 offlineMsg count 0
2018-06-06 00:57:02 	 [DEBUG] 	 <client_heartbeat.go:9>  	 heartBeet
2018-06-06 00:57:19 	 [DEBUG] 	 <client_heartbeat.go:9>  	 heartBeet
2018-06-06 00:59:02 	 [DEBUG] 	 <client_heartbeat.go:9>  	 heartBeet
2018-06-06 00:59:19 	 [DEBUG] 	 <client_heartbeat.go:9>  	 heartBeet
2018-06-06 01:01:02 	 [DEBUG] 	 <client_heartbeat.go:9>  	 heartBeet
2018-06-06 01:01:18 	 [DEBUG] 	 <client_heartbeat.go:9>  	 heartBeet
2018-06-06 01:03:02 	 [DEBUG] 	 <client_heartbeat.go:9>  	 heartBeet
2018-06-06 01:03:19 	 [DEBUG] 	 <client_heartbeat.go:9>  	 heartBeet
2018-06-06 01:05:02 	 [DEBUG] 	 <client_heartbeat.go:9>  	 heartBeet
2018-06-06 01:05:19 	 [DEBUG] 	 <client_heartbeat.go:9>  	 heartBeet
2018-06-06 01:07:05 	 [DEBUG] 	 <client_heartbeat.go:9>  	 heartBeet
2018-06-06 01:07:19 	 [DEBUG] 	 <client_heartbeat.go:9>  	 heartBeet
2018-06-06 01:07:27 	 [DEBUG] 	 <protocol.go:134>  	 sock read error:EOF
2018-06-06 01:07:27 	 [DEBUG] 	 <client.go:83>  	 EOFconnect offline
2018-06-06 01:07:27 	 [DEBUG] 	 <client.go:148>  	 close client:10002, 80d07eb7-09d5-4332-aa4d-01990a291dfd
2018-06-06 01:07:27 	 [DEBUG] 	 <client.go:112>  	 client: 80d07eb7-09d5-4332-aa4d-01990a291dfd 10002 socket closed
2018-06-06 01:07:34 	 [DEBUG] 	 <tcp.go:32>  	 新连接地址为:[192.168.31.41:49992]
2018-06-06 01:07:34 	 [DEBUG] 	 <client_im.go:88>  	 offlineMsg count 0
2018-06-06 01:08:48 	 [DEBUG] 	 <protocol.go:134>  	 sock read error:EOF
2018-06-06 01:08:48 	 [DEBUG] 	 <client.go:83>  	 EOFconnect offline
2018-06-06 01:08:48 	 [DEBUG] 	 <client.go:148>  	 close client:10002, 80d07eb7-09d5-4332-aa4d-01990a291dfd
2018-06-06 01:08:48 	 [DEBUG] 	 <client.go:112>  	 client: 80d07eb7-09d5-4332-aa4d-01990a291dfd 10002 socket closed
2018-06-06 01:08:54 	 [DEBUG] 	 <tcp.go:32>  	 新连接地址为:[192.168.31.41:50034]
2018-06-06 01:08:54 	 [DEBUG] 	 <client_im.go:88>  	 offlineMsg count 0
2018-06-06 01:09:00 	 [DEBUG] 	 <protocol.go:134>  	 sock read error:EOF
2018-06-06 01:09:00 	 [DEBUG] 	 <client.go:83>  	 EOFconnect offline
2018-06-06 01:09:00 	 [DEBUG] 	 <client.go:148>  	 close client:10002, 80d07eb7-09d5-4332-aa4d-01990a291dfd
2018-06-06 01:09:00 	 [DEBUG] 	 <client.go:112>  	 client: 80d07eb7-09d5-4332-aa4d-01990a291dfd 10002 socket closed
2018-06-06 01:09:02 	 [DEBUG] 	 <client_heartbeat.go:9>  	 heartBeet
2018-06-06 01:09:06 	 [DEBUG] 	 <tcp.go:32>  	 新连接地址为:[192.168.31.41:50074]
2018-06-06 01:09:06 	 [DEBUG] 	 <client_im.go:88>  	 offlineMsg count 0
2018-06-06 01:09:38 	 [DEBUG] 	 <protocol.go:134>  	 sock read error:EOF
2018-06-06 01:09:38 	 [DEBUG] 	 <client.go:83>  	 EOFconnect offline
2018-06-06 01:09:38 	 [DEBUG] 	 <client.go:148>  	 close client:10002, 80d07eb7-09d5-4332-aa4d-01990a291dfd
2018-06-06 01:09:38 	 [DEBUG] 	 <client.go:112>  	 client: 80d07eb7-09d5-4332-aa4d-01990a291dfd 10002 socket closed
2018-06-06 01:09:45 	 [DEBUG] 	 <tcp.go:32>  	 新连接地址为:[192.168.31.41:50114]
2018-06-06 01:09:45 	 [DEBUG] 	 <client_im.go:88>  	 offlineMsg count 0
2018-06-06 01:10:03 	 [DEBUG] 	 <protocol.go:134>  	 sock read error:EOF
2018-06-06 01:10:03 	 [DEBUG] 	 <client.go:83>  	 EOFconnect offline
2018-06-06 01:10:03 	 [DEBUG] 	 <client.go:148>  	 close client:10002, 80d07eb7-09d5-4332-aa4d-01990a291dfd
2018-06-06 01:10:03 	 [DEBUG] 	 <client.go:112>  	 client: 80d07eb7-09d5-4332-aa4d-01990a291dfd 10002 socket closed
2018-06-06 01:10:10 	 [DEBUG] 	 <tcp.go:32>  	 新连接地址为:[192.168.31.41:50156]
2018-06-06 01:10:10 	 [DEBUG] 	 <client_im.go:88>  	 offlineMsg count 0
2018-06-06 01:10:42 	 [DEBUG] 	 <protocol.go:134>  	 sock read error:EOF
2018-06-06 01:10:42 	 [DEBUG] 	 <client.go:83>  	 EOFconnect offline
2018-06-06 01:10:42 	 [DEBUG] 	 <client.go:148>  	 close client:10002, 80d07eb7-09d5-4332-aa4d-01990a291dfd
2018-06-06 01:10:42 	 [DEBUG] 	 <client.go:112>  	 client: 80d07eb7-09d5-4332-aa4d-01990a291dfd 10002 socket closed
2018-06-06 01:10:49 	 [DEBUG] 	 <tcp.go:32>  	 新连接地址为:[192.168.31.41:50196]
2018-06-06 01:10:49 	 [DEBUG] 	 <client_im.go:88>  	 offlineMsg count 0
2018-06-06 01:11:02 	 [DEBUG] 	 <client_heartbeat.go:9>  	 heartBeet
2018-06-06 01:11:06 	 [DEBUG] 	 <protocol.go:134>  	 sock read error:EOF
2018-06-06 01:11:06 	 [DEBUG] 	 <client.go:83>  	 EOFconnect offline
2018-06-06 01:11:06 	 [DEBUG] 	 <client.go:148>  	 close client:10002, 80d07eb7-09d5-4332-aa4d-01990a291dfd
2018-06-06 01:11:06 	 [DEBUG] 	 <client.go:112>  	 client: 80d07eb7-09d5-4332-aa4d-01990a291dfd 10002 socket closed
2018-06-06 01:11:12 	 [DEBUG] 	 <tcp.go:32>  	 新连接地址为:[192.168.31.41:50238]
2018-06-06 01:11:12 	 [DEBUG] 	 <client_im.go:88>  	 offlineMsg count 0
2018-06-06 01:12:10 	 [DEBUG] 	 <protocol.go:134>  	 sock read error:EOF
2018-06-06 01:12:10 	 [DEBUG] 	 <client.go:83>  	 EOFconnect offline
2018-06-06 01:12:10 	 [DEBUG] 	 <client.go:148>  	 close client:10002, 80d07eb7-09d5-4332-aa4d-01990a291dfd
2018-06-06 01:12:10 	 [DEBUG] 	 <client.go:112>  	 client: 80d07eb7-09d5-4332-aa4d-01990a291dfd 10002 socket closed
2018-06-06 01:12:17 	 [DEBUG] 	 <tcp.go:32>  	 新连接地址为:[192.168.31.41:50278]
2018-06-06 01:12:17 	 [DEBUG] 	 <client_im.go:88>  	 offlineMsg count 0
2018-06-06 01:13:02 	 [DEBUG] 	 <client_heartbeat.go:9>  	 heartBeet
2018-06-06 01:13:51 	 [DEBUG] 	 <protocol.go:134>  	 sock read error:EOF
2018-06-06 01:13:51 	 [DEBUG] 	 <client.go:83>  	 EOFconnect offline
2018-06-06 01:13:51 	 [DEBUG] 	 <client.go:148>  	 close client:10002, 80d07eb7-09d5-4332-aa4d-01990a291dfd
2018-06-06 01:13:51 	 [DEBUG] 	 <client.go:112>  	 client: 80d07eb7-09d5-4332-aa4d-01990a291dfd 10002 socket closed
2018-06-06 01:13:58 	 [DEBUG] 	 <tcp.go:32>  	 新连接地址为:[192.168.31.41:50320]
2018-06-06 01:13:58 	 [DEBUG] 	 <client_im.go:88>  	 offlineMsg count 0
2018-06-06 01:14:25 	 [DEBUG] 	 <protocol.go:134>  	 sock read error:EOF
2018-06-06 01:14:25 	 [DEBUG] 	 <client.go:83>  	 EOFconnect offline
2018-06-06 01:14:25 	 [DEBUG] 	 <client.go:148>  	 close client:10002, 80d07eb7-09d5-4332-aa4d-01990a291dfd
2018-06-06 01:14:25 	 [DEBUG] 	 <client.go:112>  	 client: 80d07eb7-09d5-4332-aa4d-01990a291dfd 10002 socket closed
2018-06-06 01:14:45 	 [DEBUG] 	 <protocol.go:134>  	 sock read error:EOF
2018-06-06 01:14:45 	 [DEBUG] 	 <client.go:83>  	 EOFconnect offline
2018-06-06 01:14:45 	 [DEBUG] 	 <client.go:148>  	 close client:10001, d5f75fbc-4f64-4f78-b320-2ca770847800
2018-06-06 01:14:45 	 [DEBUG] 	 <client.go:112>  	 client: d5f75fbc-4f64-4f78-b320-2ca770847800 10001 socket closed
2018-06-06 18:01:16 	 [DEBUG] 	 <tcp.go:32>  	 新连接地址为:[192.168.31.41:53050]
2018-06-06 18:01:16 	 [DEBUG] 	 <client_im.go:88>  	 offlineMsg count 0
2018-06-06 18:03:13 	 [DEBUG] 	 <protocol.go:134>  	 sock read error:EOF
2018-06-06 18:03:13 	 [DEBUG] 	 <client.go:83>  	 EOFconnect offline
2018-06-06 18:03:13 	 [DEBUG] 	 <client.go:148>  	 close client:10002, 80d07eb7-09d5-4332-aa4d-01990a291dfd
2018-06-06 18:03:13 	 [DEBUG] 	 <client.go:112>  	 client: 80d07eb7-09d5-4332-aa4d-01990a291dfd 10002 socket closed
2018-06-06 18:03:33 	 [DEBUG] 	 <tcp.go:32>  	 新连接地址为:[192.168.31.41:53093]
2018-06-06 18:03:33 	 [DEBUG] 	 <client_im.go:88>  	 offlineMsg count 0
2018-06-06 18:03:40 	 [DEBUG] 	 <protocol.go:134>  	 sock read error:EOF
2018-06-06 18:03:40 	 [DEBUG] 	 <client.go:83>  	 EOFconnect offline
2018-06-06 18:03:40 	 [DEBUG] 	 <client.go:148>  	 close client:10002, 80d07eb7-09d5-4332-aa4d-01990a291dfd
2018-06-06 18:03:40 	 [DEBUG] 	 <client.go:112>  	 client: 80d07eb7-09d5-4332-aa4d-01990a291dfd 10002 socket closed
2018-06-06 18:03:47 	 [DEBUG] 	 <tcp.go:32>  	 新连接地址为:[192.168.31.41:53133]
2018-06-06 18:03:47 	 [DEBUG] 	 <client_im.go:88>  	 offlineMsg count 0
2018-06-06 18:04:16 	 [DEBUG] 	 <protocol.go:134>  	 sock read error:EOF
2018-06-06 18:04:16 	 [DEBUG] 	 <client.go:83>  	 EOFconnect offline
2018-06-06 18:04:16 	 [DEBUG] 	 <client.go:148>  	 close client:10002, 80d07eb7-09d5-4332-aa4d-01990a291dfd
2018-06-06 18:04:16 	 [DEBUG] 	 <client.go:112>  	 client: 80d07eb7-09d5-4332-aa4d-01990a291dfd 10002 socket closed
2018-06-06 18:04:23 	 [DEBUG] 	 <tcp.go:32>  	 新连接地址为:[192.168.31.41:53173]
2018-06-06 18:04:23 	 [DEBUG] 	 <client_im.go:88>  	 offlineMsg count 0
2018-06-06 18:04:31 	 [DEBUG] 	 <protocol.go:134>  	 sock read error:EOF
2018-06-06 18:04:31 	 [DEBUG] 	 <client.go:83>  	 EOFconnect offline
2018-06-06 18:04:31 	 [DEBUG] 	 <client.go:148>  	 close client:10002, 80d07eb7-09d5-4332-aa4d-01990a291dfd
2018-06-06 18:04:31 	 [DEBUG] 	 <client.go:112>  	 client: 80d07eb7-09d5-4332-aa4d-01990a291dfd 10002 socket closed
2018-06-06 18:04:38 	 [DEBUG] 	 <tcp.go:32>  	 新连接地址为:[192.168.31.41:53220]
2018-06-06 18:04:38 	 [DEBUG] 	 <client_im.go:88>  	 offlineMsg count 0
2018-06-06 18:04:53 	 [DEBUG] 	 <protocol.go:134>  	 sock read error:EOF
2018-06-06 18:04:53 	 [DEBUG] 	 <client.go:83>  	 EOFconnect offline
2018-06-06 18:04:53 	 [DEBUG] 	 <client.go:148>  	 close client:10002, 80d07eb7-09d5-4332-aa4d-01990a291dfd
2018-06-06 18:04:53 	 [DEBUG] 	 <client.go:112>  	 client: 80d07eb7-09d5-4332-aa4d-01990a291dfd 10002 socket closed
2018-06-06 18:05:00 	 [DEBUG] 	 <tcp.go:32>  	 新连接地址为:[192.168.31.41:53262]
2018-06-06 18:05:00 	 [DEBUG] 	 <client_im.go:88>  	 offlineMsg count 0
2018-06-06 18:05:55 	 [DEBUG] 	 <protocol.go:134>  	 sock read error:EOF
2018-06-06 18:05:55 	 [DEBUG] 	 <client.go:83>  	 EOFconnect offline
2018-06-06 18:05:55 	 [DEBUG] 	 <client.go:148>  	 close client:10002, 80d07eb7-09d5-4332-aa4d-01990a291dfd
2018-06-06 18:05:55 	 [DEBUG] 	 <client.go:112>  	 client: 80d07eb7-09d5-4332-aa4d-01990a291dfd 10002 socket closed
2018-06-06 18:06:02 	 [DEBUG] 	 <tcp.go:32>  	 新连接地址为:[192.168.31.41:53302]
2018-06-06 18:06:02 	 [DEBUG] 	 <client_im.go:88>  	 offlineMsg count 0
2018-06-06 18:07:01 	 [DEBUG] 	 <protocol.go:134>  	 sock read error:EOF
2018-06-06 18:07:01 	 [DEBUG] 	 <client.go:83>  	 EOFconnect offline
2018-06-06 18:07:01 	 [DEBUG] 	 <client.go:148>  	 close client:10002, 80d07eb7-09d5-4332-aa4d-01990a291dfd
2018-06-06 18:07:01 	 [DEBUG] 	 <client.go:112>  	 client: 80d07eb7-09d5-4332-aa4d-01990a291dfd 10002 socket closed
2018-06-06 18:07:09 	 [DEBUG] 	 <tcp.go:32>  	 新连接地址为:[192.168.31.41:53344]
2018-06-06 18:07:09 	 [DEBUG] 	 <client_im.go:88>  	 offlineMsg count 0
2018-06-06 18:08:03 	 [DEBUG] 	 <protocol.go:134>  	 sock read error:EOF
2018-06-06 18:08:03 	 [DEBUG] 	 <client.go:83>  	 EOFconnect offline
2018-06-06 18:08:03 	 [DEBUG] 	 <client.go:148>  	 close client:10002, 80d07eb7-09d5-4332-aa4d-01990a291dfd
2018-06-06 18:08:03 	 [DEBUG] 	 <client.go:112>  	 client: 80d07eb7-09d5-4332-aa4d-01990a291dfd 10002 socket closed
2018-06-06 18:08:10 	 [DEBUG] 	 <tcp.go:32>  	 新连接地址为:[192.168.31.41:53386]
2018-06-06 18:08:10 	 [DEBUG] 	 <client_im.go:88>  	 offlineMsg count 0
2018-06-06 18:09:25 	 [DEBUG] 	 <protocol.go:134>  	 sock read error:EOF
2018-06-06 18:09:25 	 [DEBUG] 	 <client.go:83>  	 EOFconnect offline
2018-06-06 18:09:25 	 [DEBUG] 	 <client.go:148>  	 close client:10002, 80d07eb7-09d5-4332-aa4d-01990a291dfd
2018-06-06 18:09:25 	 [DEBUG] 	 <client.go:112>  	 client: 80d07eb7-09d5-4332-aa4d-01990a291dfd 10002 socket closed
2018-06-06 18:09:33 	 [DEBUG] 	 <tcp.go:32>  	 新连接地址为:[192.168.31.41:53428]
2018-06-06 18:09:33 	 [DEBUG] 	 <client_im.go:88>  	 offlineMsg count 0
2018-06-06 18:11:35 	 [DEBUG] 	 <client_heartbeat.go:9>  	 heartBeet
2018-06-06 18:13:34 	 [DEBUG] 	 <client_heartbeat.go:9>  	 heartBeet
2018-06-06 18:15:35 	 [DEBUG] 	 <client_heartbeat.go:9>  	 heartBeet
2018-06-06 18:17:35 	 [DEBUG] 	 <client_heartbeat.go:9>  	 heartBeet
2018-06-06 18:19:35 	 [DEBUG] 	 <client_heartbeat.go:9>  	 heartBeet
2018-06-06 18:21:35 	 [DEBUG] 	 <client_heartbeat.go:9>  	 heartBeet
2018-06-06 18:23:34 	 [DEBUG] 	 <client_heartbeat.go:9>  	 heartBeet
2018-06-06 18:25:35 	 [DEBUG] 	 <client_heartbeat.go:9>  	 heartBeet
2018-06-06 18:27:35 	 [DEBUG] 	 <client_heartbeat.go:9>  	 heartBeet
2018-06-06 18:29:35 	 [DEBUG] 	 <client_heartbeat.go:9>  	 heartBeet
2018-06-06 18:31:35 	 [DEBUG] 	 <client_heartbeat.go:9>  	 heartBeet
2018-06-06 18:33:34 	 [DEBUG] 	 <client_heartbeat.go:9>  	 heartBeet
2018-06-06 18:35:35 	 [DEBUG] 	 <client_heartbeat.go:9>  	 heartBeet
2018-06-06 18:36:07 	 [DEBUG] 	 <protocol.go:134>  	 sock read error:EOF
2018-06-06 18:36:07 	 [DEBUG] 	 <client.go:83>  	 EOFconnect offline
2018-06-06 18:36:07 	 [DEBUG] 	 <client.go:148>  	 close client:10002, 80d07eb7-09d5-4332-aa4d-01990a291dfd
2018-06-06 18:36:07 	 [DEBUG] 	 <client.go:112>  	 client: 80d07eb7-09d5-4332-aa4d-01990a291dfd 10002 socket closed
2018-06-06 18:36:19 	 [DEBUG] 	 <tcp.go:32>  	 新连接地址为:[192.168.31.41:53501]
2018-06-06 18:36:19 	 [DEBUG] 	 <client_im.go:88>  	 offlineMsg count 0
2018-06-06 18:37:04 	 [DEBUG] 	 <connection.go:106>  	 TODO(need offline push )can't send message, appid:10 uid:10001 cmd:4
2018-06-06 18:37:40 	 [DEBUG] 	 <protocol.go:134>  	 sock read error:EOF
2018-06-06 18:37:40 	 [DEBUG] 	 <client.go:83>  	 EOFconnect offline
2018-06-06 18:37:40 	 [DEBUG] 	 <client.go:148>  	 close client:10002, 80d07eb7-09d5-4332-aa4d-01990a291dfd
2018-06-06 18:37:40 	 [DEBUG] 	 <client.go:112>  	 client: 80d07eb7-09d5-4332-aa4d-01990a291dfd 10002 socket closed
2018-06-06 18:38:08 	 [DEBUG] 	 <tcp.go:32>  	 新连接地址为:[127.0.0.1:56319]
2018-06-06 18:38:08 	 [DEBUG] 	 <client_im.go:88>  	 offlineMsg count 1
2018-06-06 18:38:08 	 [DEBUG] 	 <client_im.go:102>  	 offline msg :sender:10002,receiver:10001,timestamp:1528281424,msgId:17433,body:{"content":"呃呃您    self.indicatorView.hidden = YES;\n","type":1,"uuid":"1973561A-8F15-4829-ABA5-967B378E923C"}
2018-06-06 18:38:08 	 [DEBUG] 	 <connection.go:106>  	 TODO(need offline push )can't send message, appid:10 uid:10002 cmd:4
2018-06-06 18:39:11 	 [DEBUG] 	 <protocol.go:134>  	 sock read error:EOF
2018-06-06 18:39:11 	 [DEBUG] 	 <client.go:83>  	 EOFconnect offline
2018-06-06 18:39:11 	 [DEBUG] 	 <client.go:148>  	 close client:10001, d5f75fbc-4f64-4f78-b320-2ca770847800
2018-06-06 18:39:11 	 [DEBUG] 	 <client.go:112>  	 client: d5f75fbc-4f64-4f78-b320-2ca770847800 10001 socket closed
2018-06-06 18:39:27 	 [DEBUG] 	 <tcp.go:32>  	 新连接地址为:[127.0.0.1:56362]
2018-06-06 18:39:27 	 [DEBUG] 	 <client_im.go:88>  	 offlineMsg count 0
2018-06-06 18:39:32 	 [DEBUG] 	 <connection.go:106>  	 TODO(need offline push )can't send message, appid:10 uid:10002 cmd:4
2018-06-06 18:40:52 	 [DEBUG] 	 <protocol.go:134>  	 sock read error:EOF
2018-06-06 18:40:52 	 [DEBUG] 	 <client.go:83>  	 EOFconnect offline
2018-06-06 18:40:52 	 [DEBUG] 	 <client.go:148>  	 close client:10001, d5f75fbc-4f64-4f78-b320-2ca770847800
2018-06-06 18:40:52 	 [DEBUG] 	 <client.go:112>  	 client: d5f75fbc-4f64-4f78-b320-2ca770847800 10001 socket closed
2018-06-06 18:40:59 	 [DEBUG] 	 <tcp.go:32>  	 新连接地址为:[127.0.0.1:56399]
2018-06-06 18:40:59 	 [DEBUG] 	 <client_im.go:88>  	 offlineMsg count 0
2018-06-06 18:41:07 	 [DEBUG] 	 <connection.go:106>  	 TODO(need offline push )can't send message, appid:10 uid:10002 cmd:4
2018-06-06 18:41:45 	 [DEBUG] 	 <connection.go:106>  	 TODO(need offline push )can't send message, appid:10 uid:10002 cmd:4
2018-06-06 18:43:27 	 [DEBUG] 	 <protocol.go:134>  	 sock read error:EOF
2018-06-06 18:43:27 	 [DEBUG] 	 <client.go:83>  	 EOFconnect offline
2018-06-06 18:43:27 	 [DEBUG] 	 <client.go:148>  	 close client:10001, d5f75fbc-4f64-4f78-b320-2ca770847800
2018-06-06 18:43:27 	 [DEBUG] 	 <client.go:112>  	 client: d5f75fbc-4f64-4f78-b320-2ca770847800 10001 socket closed
2018-06-06 18:43:34 	 [DEBUG] 	 <tcp.go:32>  	 新连接地址为:[127.0.0.1:56423]
2018-06-06 18:43:34 	 [DEBUG] 	 <client_im.go:88>  	 offlineMsg count 0
2018-06-06 18:44:06 	 [DEBUG] 	 <connection.go:106>  	 TODO(need offline push )can't send message, appid:10 uid:10002 cmd:4
2018-06-06 18:45:21 	 [DEBUG] 	 <tcp.go:32>  	 新连接地址为:[127.0.0.1:56437]
2018-06-06 18:45:21 	 [DEBUG] 	 <client_im.go:88>  	 offlineMsg count 0
2018-06-06 18:45:31 	 [DEBUG] 	 <connection.go:106>  	 TODO(need offline push )can't send message, appid:10 uid:10002 cmd:4
2018-06-06 18:45:38 	 [DEBUG] 	 <client_heartbeat.go:9>  	 heartBeet
2018-06-06 18:47:36 	 [DEBUG] 	 <client_heartbeat.go:9>  	 heartBeet
2018-06-06 18:49:36 	 [DEBUG] 	 <client_heartbeat.go:9>  	 heartBeet
2018-06-06 18:51:35 	 [DEBUG] 	 <client_heartbeat.go:9>  	 heartBeet
2018-06-06 18:53:34 	 [DEBUG] 	 <client_heartbeat.go:9>  	 heartBeet
2018-06-06 18:55:34 	 [DEBUG] 	 <client_heartbeat.go:9>  	 heartBeet
2018-06-06 18:56:42 	 [DEBUG] 	 <protocol.go:134>  	 sock read error:EOF
2018-06-06 18:56:42 	 [DEBUG] 	 <client.go:83>  	 EOFconnect offline
2018-06-06 18:56:42 	 [DEBUG] 	 <client.go:148>  	 close client:10001, d5f75fbc-4f64-4f78-b320-2ca770847800
2018-06-06 18:56:42 	 [DEBUG] 	 <client.go:112>  	 client: d5f75fbc-4f64-4f78-b320-2ca770847800 10001 socket closed
2018-06-06 18:56:49 	 [DEBUG] 	 <tcp.go:32>  	 新连接地址为:[127.0.0.1:56684]
2018-06-06 18:56:49 	 [DEBUG] 	 <client_im.go:88>  	 offlineMsg count 0
2018-06-06 18:57:25 	 [DEBUG] 	 <protocol.go:134>  	 sock read error:EOF
2018-06-06 18:57:25 	 [DEBUG] 	 <client.go:83>  	 EOFconnect offline
2018-06-06 18:57:25 	 [DEBUG] 	 <client.go:148>  	 close client:10001, d5f75fbc-4f64-4f78-b320-2ca770847800
2018-06-06 18:57:25 	 [DEBUG] 	 <client.go:112>  	 client: d5f75fbc-4f64-4f78-b320-2ca770847800 10001 socket closed
2018-06-06 18:57:32 	 [DEBUG] 	 <tcp.go:32>  	 新连接地址为:[127.0.0.1:56714]
2018-06-06 18:57:32 	 [DEBUG] 	 <client_im.go:88>  	 offlineMsg count 0
2018-06-06 18:57:48 	 [DEBUG] 	 <protocol.go:134>  	 sock read error:EOF
2018-06-06 18:57:48 	 [DEBUG] 	 <client.go:83>  	 EOFconnect offline
2018-06-06 18:57:48 	 [DEBUG] 	 <client.go:148>  	 close client:10001, d5f75fbc-4f64-4f78-b320-2ca770847800
2018-06-06 18:57:48 	 [DEBUG] 	 <client.go:112>  	 client: d5f75fbc-4f64-4f78-b320-2ca770847800 10001 socket closed
2018-06-06 18:57:54 	 [DEBUG] 	 <tcp.go:32>  	 新连接地址为:[127.0.0.1:56724]
2018-06-06 18:57:54 	 [DEBUG] 	 <client_im.go:88>  	 offlineMsg count 0
2018-06-06 18:59:05 	 [DEBUG] 	 <protocol.go:134>  	 sock read error:EOF
2018-06-06 18:59:05 	 [DEBUG] 	 <client.go:83>  	 EOFconnect offline
2018-06-06 18:59:05 	 [DEBUG] 	 <client.go:148>  	 close client:10001, d5f75fbc-4f64-4f78-b320-2ca770847800
2018-06-06 18:59:05 	 [DEBUG] 	 <client.go:112>  	 client: d5f75fbc-4f64-4f78-b320-2ca770847800 10001 socket closed
2018-06-06 18:59:13 	 [DEBUG] 	 <tcp.go:32>  	 新连接地址为:[127.0.0.1:56735]
2018-06-06 18:59:13 	 [DEBUG] 	 <client_im.go:88>  	 offlineMsg count 0
2018-06-06 18:59:27 	 [DEBUG] 	 <connection.go:106>  	 TODO(need offline push )can't send message, appid:10 uid:10002 cmd:4
2018-06-06 18:59:28 	 [DEBUG] 	 <connection.go:106>  	 TODO(need offline push )can't send message, appid:10 uid:10002 cmd:4
2018-06-06 18:59:30 	 [DEBUG] 	 <connection.go:106>  	 TODO(need offline push )can't send message, appid:10 uid:10002 cmd:4
2018-06-06 19:00:08 	 [DEBUG] 	 <protocol.go:134>  	 sock read error:EOF
2018-06-06 19:00:08 	 [DEBUG] 	 <client.go:83>  	 EOFconnect offline
2018-06-06 19:00:08 	 [DEBUG] 	 <client.go:148>  	 close client:10001, d5f75fbc-4f64-4f78-b320-2ca770847800
2018-06-06 19:00:08 	 [DEBUG] 	 <client.go:112>  	 client: d5f75fbc-4f64-4f78-b320-2ca770847800 10001 socket closed
2018-06-06 19:00:15 	 [DEBUG] 	 <tcp.go:32>  	 新连接地址为:[127.0.0.1:56746]
2018-06-06 19:00:15 	 [DEBUG] 	 <client_im.go:88>  	 offlineMsg count 0
2018-06-06 19:00:19 	 [DEBUG] 	 <connection.go:106>  	 TODO(need offline push )can't send message, appid:10 uid:10002 cmd:4
2018-06-06 19:01:43 	 [DEBUG] 	 <connection.go:106>  	 TODO(need offline push )can't send message, appid:10 uid:10002 cmd:4
2018-06-06 19:02:32 	 [DEBUG] 	 <protocol.go:134>  	 sock read error:read tcp 127.0.0.1:62310->127.0.0.1:56746: read: connection reset by peer
2018-06-06 19:02:32 	 [DEBUG] 	 <client.go:148>  	 close client:10001, d5f75fbc-4f64-4f78-b320-2ca770847800
2018-06-06 19:02:32 	 [DEBUG] 	 <client.go:112>  	 client: d5f75fbc-4f64-4f78-b320-2ca770847800 10001 socket closed
2018-06-06 19:02:39 	 [DEBUG] 	 <tcp.go:32>  	 新连接地址为:[127.0.0.1:56768]
2018-06-06 19:02:39 	 [DEBUG] 	 <client_im.go:88>  	 offlineMsg count 0
2018-06-06 19:02:58 	 [DEBUG] 	 <connection.go:106>  	 TODO(need offline push )can't send message, appid:10 uid:10002 cmd:4
2018-06-06 19:03:26 	 [DEBUG] 	 <connection.go:106>  	 TODO(need offline push )can't send message, appid:10 uid:10002 cmd:4
2018-06-06 19:03:29 	 [DEBUG] 	 <connection.go:106>  	 TODO(need offline push )can't send message, appid:10 uid:10002 cmd:4
2018-06-06 19:03:29 	 [DEBUG] 	 <connection.go:106>  	 TODO(need offline push )can't send message, appid:10 uid:10002 cmd:4
2018-06-06 19:03:29 	 [DEBUG] 	 <connection.go:106>  	 TODO(need offline push )can't send message, appid:10 uid:10002 cmd:4
2018-06-06 19:03:30 	 [DEBUG] 	 <connection.go:106>  	 TODO(need offline push )can't send message, appid:10 uid:10002 cmd:4
2018-06-06 19:03:30 	 [DEBUG] 	 <connection.go:106>  	 TODO(need offline push )can't send message, appid:10 uid:10002 cmd:4
2018-06-06 19:03:30 	 [DEBUG] 	 <connection.go:106>  	 TODO(need offline push )can't send message, appid:10 uid:10002 cmd:4
2018-06-06 19:03:30 	 [DEBUG] 	 <connection.go:106>  	 TODO(need offline push )can't send message, appid:10 uid:10002 cmd:4
2018-06-06 19:03:32 	 [DEBUG] 	 <connection.go:106>  	 TODO(need offline push )can't send message, appid:10 uid:10002 cmd:4
2018-06-06 19:03:40 	 [DEBUG] 	 <protocol.go:134>  	 sock read error:EOF
2018-06-06 19:03:40 	 [DEBUG] 	 <client.go:83>  	 EOFconnect offline
2018-06-06 19:03:40 	 [DEBUG] 	 <client.go:148>  	 close client:10001, d5f75fbc-4f64-4f78-b320-2ca770847800
2018-06-06 19:03:40 	 [DEBUG] 	 <client.go:112>  	 client: d5f75fbc-4f64-4f78-b320-2ca770847800 10001 socket closed
2018-06-06 19:03:47 	 [DEBUG] 	 <tcp.go:32>  	 新连接地址为:[127.0.0.1:56779]
2018-06-06 19:03:47 	 [DEBUG] 	 <client_im.go:88>  	 offlineMsg count 0
2018-06-06 19:03:53 	 [DEBUG] 	 <connection.go:106>  	 TODO(need offline push )can't send message, appid:10 uid:10002 cmd:4
2018-06-06 19:06:04 	 [DEBUG] 	 <client_heartbeat.go:9>  	 heartBeet
2018-06-06 19:06:10 	 [DEBUG] 	 <protocol.go:134>  	 sock read error:EOF
2018-06-06 19:06:10 	 [DEBUG] 	 <client.go:83>  	 EOFconnect offline
2018-06-06 19:06:10 	 [DEBUG] 	 <client.go:148>  	 close client:10001, d5f75fbc-4f64-4f78-b320-2ca770847800
2018-06-06 19:06:10 	 [DEBUG] 	 <client.go:112>  	 client: d5f75fbc-4f64-4f78-b320-2ca770847800 10001 socket closed
2018-06-06 19:06:17 	 [DEBUG] 	 <tcp.go:32>  	 新连接地址为:[127.0.0.1:56843]
2018-06-06 19:06:17 	 [DEBUG] 	 <client_im.go:88>  	 offlineMsg count 0
2018-06-06 19:06:54 	 [DEBUG] 	 <protocol.go:134>  	 sock read error:EOF
2018-06-06 19:06:54 	 [DEBUG] 	 <client.go:83>  	 EOFconnect offline
2018-06-06 19:06:54 	 [DEBUG] 	 <client.go:148>  	 close client:10001, d5f75fbc-4f64-4f78-b320-2ca770847800
2018-06-06 19:06:54 	 [DEBUG] 	 <client.go:112>  	 client: d5f75fbc-4f64-4f78-b320-2ca770847800 10001 socket closed
2018-06-06 19:07:00 	 [DEBUG] 	 <tcp.go:32>  	 新连接地址为:[127.0.0.1:56876]
2018-06-06 19:07:01 	 [DEBUG] 	 <client_im.go:88>  	 offlineMsg count 0
2018-06-06 19:09:00 	 [DEBUG] 	 <client_heartbeat.go:9>  	 heartBeet
2018-06-06 19:11:00 	 [DEBUG] 	 <client_heartbeat.go:9>  	 heartBeet
2018-06-06 19:12:24 	 [DEBUG] 	 <protocol.go:134>  	 sock read error:EOF
2018-06-06 19:12:24 	 [DEBUG] 	 <client.go:83>  	 EOFconnect offline
2018-06-06 19:12:24 	 [DEBUG] 	 <client.go:148>  	 close client:10001, d5f75fbc-4f64-4f78-b320-2ca770847800
2018-06-06 19:12:24 	 [DEBUG] 	 <client.go:112>  	 client: d5f75fbc-4f64-4f78-b320-2ca770847800 10001 socket closed
2018-06-06 19:20:32 	 [DEBUG] 	 <tcp.go:32>  	 新连接地址为:[127.0.0.1:57326]
2018-06-06 19:20:32 	 [DEBUG] 	 <client_im.go:88>  	 offlineMsg count 0
2018-06-06 19:22:33 	 [DEBUG] 	 <client_heartbeat.go:9>  	 heartBeet
2018-06-06 19:24:15 	 [DEBUG] 	 <protocol.go:134>  	 sock read error:EOF
2018-06-06 19:24:15 	 [DEBUG] 	 <client.go:83>  	 EOFconnect offline
2018-06-06 19:24:15 	 [DEBUG] 	 <client.go:148>  	 close client:10001, d5f75fbc-4f64-4f78-b320-2ca770847800
2018-06-06 19:24:15 	 [DEBUG] 	 <client.go:112>  	 client: d5f75fbc-4f64-4f78-b320-2ca770847800 10001 socket closed
2018-06-06 19:24:23 	 [DEBUG] 	 <tcp.go:32>  	 新连接地址为:[127.0.0.1:57410]
2018-06-06 19:24:23 	 [DEBUG] 	 <client_im.go:88>  	 offlineMsg count 0
2018-06-06 19:24:36 	 [DEBUG] 	 <tcp.go:32>  	 新连接地址为:[192.168.31.41:53534]
2018-06-06 19:24:36 	 [DEBUG] 	 <client_im.go:88>  	 offlineMsg count 22
2018-06-06 19:24:36 	 [DEBUG] 	 <client_im.go:102>  	 offline msg :sender:10001,receiver:10002,timestamp:1528281488,msgId:17434,body:{"ack_msgId":17433,"ack_uuid":"1973561A-8F15-4829-ABA5-967B378E923C","sequeneceId":0,"status":2,"type":20,"uuid":"5928DE23-4986-4EAA-9F87-5BDD40C282FB"}
2018-06-06 19:24:36 	 [DEBUG] 	 <client_im.go:102>  	 offline msg :sender:10001,receiver:10002,timestamp:1528281572,msgId:17435,body:{"content":"s4nc4gm5dJAYVb13892929899dgU4kXvOet57hOLQxL705DOOWKnqrzS2p6QGiVTqFSvnMcI5yhDs1wNaMmtLmnDT9GhXKKWsk8kPKeOVEKnDGf1s3aNASW6VstEqdHfQcgmELhhi7cvNNGZiLxodm5N1ap9gcNfoBhttp:\/\/www.baidu.com","type":1,"uuid":"384DF09D-3194-425E-9003-7A1C614F1AB5"}
2018-06-06 19:24:36 	 [DEBUG] 	 <client_im.go:102>  	 offline msg :sender:10001,receiver:10002,timestamp:1528281667,msgId:17436,body:{"content":"34343434","type":1,"uuid":"8B2055E5-4BAE-46D6-8D6A-3DF7A387D4BD"}
2018-06-06 19:24:36 	 [DEBUG] 	 <client_im.go:102>  	 offline msg :sender:10001,receiver:10002,timestamp:1528281705,msgId:17437,body:{"content":"Asdfasdfas","type":1,"uuid":"BC81C0F5-BD31-49B1-805E-FC9CDB86BDF2"}
2018-06-06 19:24:36 	 [DEBUG] 	 <client_im.go:102>  	 offline msg :sender:10001,receiver:10002,timestamp:1528281846,msgId:17438,body:{"content":"989898","type":1,"uuid":"59051764-7DC1-42F8-BFDC-8FA45E2CC93A"}
2018-06-06 19:24:36 	 [DEBUG] 	 <client_im.go:102>  	 offline msg :sender:10001,receiver:10002,timestamp:1528281931,msgId:17439,body:{"content":"Adams","type":1,"uuid":"24436AC5-12D5-4EA1-9E7F-6886DD2F8009"}
2018-06-06 19:24:36 	 [DEBUG] 	 <client_im.go:102>  	 offline msg :sender:10001,receiver:10002,timestamp:1528282767,msgId:17440,body:{"content":"Tyasdasdadf","type":1,"uuid":"E553903C-44B6-4897-A765-C2762D236E82"}
2018-06-06 19:24:36 	 [DEBUG] 	 <client_im.go:102>  	 offline msg :sender:10001,receiver:10002,timestamp:1528282768,msgId:17441,body:{"content":"Asdfasdfasdf","type":1,"uuid":"5325A455-75FF-4E7C-981F-DE71577C9F10"}
2018-06-06 19:24:36 	 [DEBUG] 	 <client_im.go:102>  	 offline msg :sender:10001,receiver:10002,timestamp:1528282770,msgId:17442,body:{"content":"Asdfasdfasdf","type":1,"uuid":"D5549FC3-6E67-4CA2-9CA3-A4EA220D63CB"}
2018-06-06 19:24:36 	 [DEBUG] 	 <client_im.go:102>  	 offline msg :sender:10001,receiver:10002,timestamp:1528282819,msgId:17443,body:{"content":"Asdfasdf","type":1,"uuid":"159AADA9-140A-4B5A-957E-50B0F052A936"}
2018-06-06 19:24:36 	 [DEBUG] 	 <client_im.go:102>  	 offline msg :sender:10001,receiver:10002,timestamp:1528282903,msgId:17444,body:{"content":"Asdfasdfasdf","type":1,"uuid":"8931E65A-246B-49D2-B2E9-1AFCEAFD4ABD"}
2018-06-06 19:24:36 	 [DEBUG] 	 <client_im.go:102>  	 offline msg :sender:10001,receiver:10002,timestamp:1528282978,msgId:17445,body:{"content":"Adfasdf","type":1,"uuid":"E6D618CF-9A01-40D2-ABAF-A48768455359"}
2018-06-06 19:24:36 	 [DEBUG] 	 <client_im.go:102>  	 offline msg :sender:10001,receiver:10002,timestamp:1528283006,msgId:17446,body:{"content":"Basdfasdfasdfadf","type":1,"uuid":"E218DF96-D408-4F3F-BE87-A09800DF6949"}
2018-06-06 19:24:36 	 [DEBUG] 	 <client_im.go:102>  	 offline msg :sender:10001,receiver:10002,timestamp:1528283009,msgId:17447,body:{"content":"Asdfasdfasdf","type":1,"uuid":"7CF4A703-FFDB-4197-A068-F533BD999ABE"}
2018-06-06 19:24:36 	 [DEBUG] 	 <client_im.go:102>  	 offline msg :sender:10001,receiver:10002,timestamp:1528283009,msgId:17448,body:{"content":"Asdfasdf","type":1,"uuid":"D7D29789-BD13-413B-9C4C-A3643E8AE435"}
2018-06-06 19:24:36 	 [DEBUG] 	 <client_im.go:102>  	 offline msg :sender:10001,receiver:10002,timestamp:1528283009,msgId:17449,body:{"content":"Asdf","type":1,"uuid":"3B6CE5D1-7A84-49C6-879E-32E05AB9AC07"}
2018-06-06 19:24:36 	 [DEBUG] 	 <client_im.go:102>  	 offline msg :sender:10001,receiver:10002,timestamp:1528283010,msgId:17450,body:{"content":"Asdf","type":1,"uuid":"C73A0688-06EB-4678-8906-8533560394F7"}
2018-06-06 19:24:36 	 [DEBUG] 	 <client_im.go:102>  	 offline msg :sender:10001,receiver:10002,timestamp:1528283010,msgId:17451,body:{"content":"Asdf","type":1,"uuid":"60F08674-3C74-4A2D-8577-D607CE7A65A9"}
2018-06-06 19:24:36 	 [DEBUG] 	 <client_im.go:102>  	 offline msg :sender:10001,receiver:10002,timestamp:1528283010,msgId:17452,body:{"content":"Asd","type":1,"uuid":"1BCF1166-4B67-4EAD-8A87-48120D168C3C"}
2018-06-06 19:24:36 	 [DEBUG] 	 <client_im.go:102>  	 offline msg :sender:10001,receiver:10002,timestamp:1528283010,msgId:17453,body:{"content":"few","type":1,"uuid":"DFEF5769-4905-47AB-926B-0E022D612F44"}
2018-06-06 19:24:36 	 [DEBUG] 	 <client_im.go:102>  	 offline msg :sender:10001,receiver:10002,timestamp:1528283012,msgId:17454,body:{"content":"Adfasdf asdfasdf","type":1,"uuid":"2B00B2D2-FD83-4BA3-99DF-91B084551D79"}
2018-06-06 19:24:36 	 [DEBUG] 	 <client_im.go:102>  	 offline msg :sender:10001,receiver:10002,timestamp:1528283033,msgId:17455,body:{"content":"Asdfasdfasdfasdf","type":1,"uuid":"E9901AB7-541E-48D2-9D9F-52DFADB3DCE2"}
2018-06-06 19:26:17 	 [DEBUG] 	 <protocol.go:134>  	 sock read error:EOF
2018-06-06 19:26:17 	 [DEBUG] 	 <client.go:83>  	 EOFconnect offline
2018-06-06 19:26:17 	 [DEBUG] 	 <client.go:148>  	 close client:10002, 80d07eb7-09d5-4332-aa4d-01990a291dfd
2018-06-06 19:26:17 	 [DEBUG] 	 <client.go:112>  	 client: 80d07eb7-09d5-4332-aa4d-01990a291dfd 10002 socket closed
2018-06-06 19:26:24 	 [DEBUG] 	 <client_heartbeat.go:9>  	 heartBeet
2018-06-06 19:27:05 	 [DEBUG] 	 <protocol.go:134>  	 sock read error:EOF
2018-06-06 19:27:05 	 [DEBUG] 	 <client.go:83>  	 EOFconnect offline
2018-06-06 19:27:05 	 [DEBUG] 	 <client.go:148>  	 close client:10001, d5f75fbc-4f64-4f78-b320-2ca770847800
2018-06-06 19:27:05 	 [DEBUG] 	 <client.go:112>  	 client: d5f75fbc-4f64-4f78-b320-2ca770847800 10001 socket closed
2018-06-06 19:27:12 	 [DEBUG] 	 <tcp.go:32>  	 新连接地址为:[127.0.0.1:57433]
2018-06-06 19:27:13 	 [DEBUG] 	 <client_im.go:88>  	 offlineMsg count 1
2018-06-06 19:27:13 	 [DEBUG] 	 <client_im.go:102>  	 offline msg :sender:10002,receiver:10001,timestamp:1528284276,msgId:17461,body:{"ack_msgId":17440,"ack_uuid":"E553903C-44B6-4897-A765-C2762D236E82","sequeneceId":0,"status":2,"type":20,"uuid":"198B2C89-938D-477C-9E46-C65347F5CB35"}
2018-06-06 19:28:10 	 [DEBUG] 	 <protocol.go:134>  	 sock read error:EOF
2018-06-06 19:28:10 	 [DEBUG] 	 <client.go:83>  	 EOFconnect offline
2018-06-06 19:28:10 	 [DEBUG] 	 <client.go:148>  	 close client:10001, d5f75fbc-4f64-4f78-b320-2ca770847800
2018-06-06 19:28:10 	 [DEBUG] 	 <client.go:112>  	 client: d5f75fbc-4f64-4f78-b320-2ca770847800 10001 socket closed
2018-06-06 19:28:14 	 [DEBUG] 	 <tcp.go:32>  	 新连接地址为:[192.168.31.41:53539]
2018-06-06 19:28:14 	 [DEBUG] 	 <client_heartbeat.go:9>  	 heartBeet
2018-06-06 19:28:14 	 [DEBUG] 	 <client_im.go:88>  	 offlineMsg count 0
2018-06-06 19:28:17 	 [DEBUG] 	 <tcp.go:32>  	 新连接地址为:[127.0.0.1:57472]
2018-06-06 19:28:17 	 [DEBUG] 	 <client_im.go:88>  	 offlineMsg count 0
2018-06-06 19:28:36 	 [DEBUG] 	 <protocol.go:134>  	 sock read error:EOF
2018-06-06 19:28:36 	 [DEBUG] 	 <client.go:83>  	 EOFconnect offline
2018-06-06 19:28:36 	 [DEBUG] 	 <client.go:148>  	 close client:10001, d5f75fbc-4f64-4f78-b320-2ca770847800
2018-06-06 19:28:36 	 [DEBUG] 	 <client.go:112>  	 client: d5f75fbc-4f64-4f78-b320-2ca770847800 10001 socket closed
2018-06-06 19:28:38 	 [DEBUG] 	 <client_heartbeat.go:9>  	 heartBeet
2018-06-06 19:28:41 	 [DEBUG] 	 <protocol.go:134>  	 sock read error:EOF
2018-06-06 19:28:41 	 [DEBUG] 	 <client.go:83>  	 EOFconnect offline
2018-06-06 19:28:41 	 [DEBUG] 	 <client.go:148>  	 close client:10002, 80d07eb7-09d5-4332-aa4d-01990a291dfd
2018-06-06 19:28:41 	 [DEBUG] 	 <client.go:112>  	 client: 80d07eb7-09d5-4332-aa4d-01990a291dfd 10002 socket closed
2018-06-06 19:28:46 	 [DEBUG] 	 <tcp.go:32>  	 新连接地址为:[192.168.31.41:53582]
2018-06-06 19:28:46 	 [DEBUG] 	 <client_im.go:88>  	 offlineMsg count 0
2018-06-06 19:28:54 	 [DEBUG] 	 <connection.go:106>  	 TODO(need offline push )can't send message, appid:10 uid:10001 cmd:4
2018-06-06 19:28:58 	 [DEBUG] 	 <connection.go:106>  	 TODO(need offline push )can't send message, appid:10 uid:10001 cmd:4
2018-06-06 19:29:00 	 [DEBUG] 	 <connection.go:106>  	 TODO(need offline push )can't send message, appid:10 uid:10001 cmd:4
2018-06-06 19:29:01 	 [DEBUG] 	 <connection.go:106>  	 TODO(need offline push )can't send message, appid:10 uid:10001 cmd:4
2018-06-06 19:29:26 	 [DEBUG] 	 <protocol.go:134>  	 sock read error:EOF
2018-06-06 19:29:26 	 [DEBUG] 	 <client.go:83>  	 EOFconnect offline
2018-06-06 19:29:26 	 [DEBUG] 	 <client.go:148>  	 close client:10002, 80d07eb7-09d5-4332-aa4d-01990a291dfd
2018-06-06 19:29:26 	 [DEBUG] 	 <client.go:112>  	 client: 80d07eb7-09d5-4332-aa4d-01990a291dfd 10002 socket closed
2018-06-06 19:29:33 	 [DEBUG] 	 <tcp.go:32>  	 新连接地址为:[192.168.31.41:53622]
2018-06-06 19:29:33 	 [DEBUG] 	 <client_im.go:88>  	 offlineMsg count 0
2018-06-06 19:29:39 	 [DEBUG] 	 <connection.go:106>  	 TODO(need offline push )can't send message, appid:10 uid:10001 cmd:4
2018-06-06 19:29:40 	 [DEBUG] 	 <connection.go:106>  	 TODO(need offline push )can't send message, appid:10 uid:10001 cmd:4
2018-06-06 19:29:43 	 [DEBUG] 	 <connection.go:106>  	 TODO(need offline push )can't send message, appid:10 uid:10001 cmd:4
2018-06-06 19:29:47 	 [DEBUG] 	 <tcp.go:32>  	 新连接地址为:[127.0.0.1:57511]
2018-06-06 19:29:47 	 [DEBUG] 	 <client_im.go:88>  	 offlineMsg count 7
2018-06-06 19:29:47 	 [DEBUG] 	 <client_im.go:102>  	 offline msg :sender:10002,receiver:10001,timestamp:1528284534,msgId:17487,body:{"content":" 呃呃呃","type":1,"uuid":"4A582980-B253-4996-80FD-CF9A7BB96D68"}
2018-06-06 19:29:47 	 [DEBUG] 	 <client_im.go:102>  	 offline msg :sender:10002,receiver:10001,timestamp:1528284538,msgId:17488,body:{"content":"提醒","type":1,"uuid":"71EA2A02-F88F-43B4-BFDC-4017DADCA6E3"}
2018-06-06 19:29:47 	 [DEBUG] 	 <client_im.go:102>  	 offline msg :sender:10002,receiver:10001,timestamp:1528284540,msgId:17489,body:{"content":"明年","type":1,"uuid":"D43B0E9B-DF1C-4F29-AC3B-6F29016F188E"}
2018-06-06 19:29:47 	 [DEBUG] 	 <client_im.go:102>  	 offline msg :sender:10002,receiver:10001,timestamp:1528284541,msgId:17490,body:{"content":"swing","type":1,"uuid":"F442D45C-BCAD-42A9-ADAD-89A551224759"}
2018-06-06 19:29:47 	 [DEBUG] 	 <client_im.go:102>  	 offline msg :sender:10002,receiver:10001,timestamp:1528284579,msgId:17491,body:{"content":"碟","type":1,"uuid":"74F147ED-4C19-4074-974B-3E26928ADFCE"}
2018-06-06 19:29:47 	 [DEBUG] 	 <client_im.go:102>  	 offline msg :sender:10002,receiver:10001,timestamp:1528284580,msgId:17492,body:{"content":"OK哦！","type":1,"uuid":"446FBBA3-CBED-4E6F-A93C-65A316C03268"}
2018-06-06 19:29:47 	 [DEBUG] 	 <client_im.go:102>  	 offline msg :sender:10002,receiver:10001,timestamp:1528284583,msgId:17493,body:{"content":"走咯h","type":1,"uuid":"B1145E7F-00AA-4E09-AED3-EF1E722FE305"}
2018-06-06 19:30:14 	 [DEBUG] 	 <protocol.go:134>  	 sock read error:EOF
2018-06-06 19:30:14 	 [DEBUG] 	 <client.go:83>  	 EOFconnect offline
2018-06-06 19:30:14 	 [DEBUG] 	 <client.go:148>  	 close client:10002, 80d07eb7-09d5-4332-aa4d-01990a291dfd
2018-06-06 19:30:14 	 [DEBUG] 	 <client.go:112>  	 client: 80d07eb7-09d5-4332-aa4d-01990a291dfd 10002 socket closed
2018-06-06 19:31:48 	 [DEBUG] 	 <client_heartbeat.go:9>  	 heartBeet
2018-06-06 19:33:48 	 [DEBUG] 	 <client_heartbeat.go:9>  	 heartBeet
2018-06-06 19:34:15 	 [DEBUG] 	 <tcp.go:32>  	 新连接地址为:[192.168.31.41:53665]
2018-06-06 19:34:15 	 [DEBUG] 	 <client_im.go:88>  	 offlineMsg count 0
2018-06-06 19:35:48 	 [DEBUG] 	 <client_heartbeat.go:9>  	 heartBeet
2018-06-06 19:36:17 	 [DEBUG] 	 <client_heartbeat.go:9>  	 heartBeet
2018-06-06 19:37:48 	 [DEBUG] 	 <client_heartbeat.go:9>  	 heartBeet
2018-06-06 19:38:17 	 [DEBUG] 	 <client_heartbeat.go:9>  	 heartBeet
2018-06-06 19:38:18 	 [DEBUG] 	 <protocol.go:134>  	 sock read error:EOF
2018-06-06 19:38:18 	 [DEBUG] 	 <client.go:83>  	 EOFconnect offline
2018-06-06 19:38:18 	 [DEBUG] 	 <client.go:148>  	 close client:10002, 80d07eb7-09d5-4332-aa4d-01990a291dfd
2018-06-06 19:38:18 	 [DEBUG] 	 <client.go:112>  	 client: 80d07eb7-09d5-4332-aa4d-01990a291dfd 10002 socket closed
2018-06-06 19:39:48 	 [DEBUG] 	 <client_heartbeat.go:9>  	 heartBeet
2018-06-06 19:41:48 	 [DEBUG] 	 <client_heartbeat.go:9>  	 heartBeet
2018-06-06 19:43:48 	 [DEBUG] 	 <client_heartbeat.go:9>  	 heartBeet
2018-06-06 19:45:48 	 [DEBUG] 	 <client_heartbeat.go:9>  	 heartBeet
2018-06-06 19:47:48 	 [DEBUG] 	 <client_heartbeat.go:9>  	 heartBeet
2018-06-06 19:49:48 	 [DEBUG] 	 <client_heartbeat.go:9>  	 heartBeet
2018-06-06 19:51:48 	 [DEBUG] 	 <client_heartbeat.go:9>  	 heartBeet
2018-06-06 19:53:48 	 [DEBUG] 	 <client_heartbeat.go:9>  	 heartBeet
2018-06-06 19:55:48 	 [DEBUG] 	 <client_heartbeat.go:9>  	 heartBeet
2018-06-06 19:57:49 	 [DEBUG] 	 <client_heartbeat.go:9>  	 heartBeet
2018-06-06 19:59:39 	 [DEBUG] 	 <tcp.go:32>  	 新连接地址为:[192.168.31.41:53727]
2018-06-06 19:59:39 	 [DEBUG] 	 <client_im.go:88>  	 offlineMsg count 0
2018-06-06 19:59:49 	 [DEBUG] 	 <client_heartbeat.go:9>  	 heartBeet
2018-06-06 20:01:08 	 [DEBUG] 	 <protocol.go:134>  	 sock read error:EOF
2018-06-06 20:01:08 	 [DEBUG] 	 <client.go:83>  	 EOFconnect offline
2018-06-06 20:01:08 	 [DEBUG] 	 <client.go:148>  	 close client:10002, 80d07eb7-09d5-4332-aa4d-01990a291dfd
2018-06-06 20:01:08 	 [DEBUG] 	 <client.go:112>  	 client: 80d07eb7-09d5-4332-aa4d-01990a291dfd 10002 socket closed
2018-06-06 20:01:49 	 [DEBUG] 	 <client_heartbeat.go:9>  	 heartBeet
2018-06-06 20:03:49 	 [DEBUG] 	 <client_heartbeat.go:9>  	 heartBeet
2018-06-06 20:05:45 	 [DEBUG] 	 <tcp.go:32>  	 新连接地址为:[192.168.31.41:53802]
2018-06-06 20:05:45 	 [DEBUG] 	 <client_im.go:88>  	 offlineMsg count 0
2018-06-06 20:05:49 	 [DEBUG] 	 <client_heartbeat.go:9>  	 heartBeet
2018-06-06 20:07:13 	 [DEBUG] 	 <tcp.go:32>  	 新连接地址为:[192.168.31.41:53803]
2018-06-06 20:07:14 	 [DEBUG] 	 <client_im.go:88>  	 offlineMsg count 0
2018-06-06 20:07:19 	 [DEBUG] 	 <connection.go:106>  	 TODO(need offline push )can't send message, appid:10 uid:10001 cmd:4
2018-06-06 20:07:45 	 [DEBUG] 	 <client_heartbeat.go:9>  	 heartBeet
2018-06-06 20:07:55 	 [DEBUG] 	 <protocol.go:134>  	 sock read error:EOF
2018-06-06 20:07:55 	 [DEBUG] 	 <client.go:83>  	 EOFconnect offline
2018-06-06 20:07:55 	 [DEBUG] 	 <client.go:148>  	 close client:10002, 80d07eb7-09d5-4332-aa4d-01990a291dfd
2018-06-06 20:07:55 	 [DEBUG] 	 <client.go:112>  	 client: 80d07eb7-09d5-4332-aa4d-01990a291dfd 10002 socket closed
2018-06-06 20:08:03 	 [DEBUG] 	 <tcp.go:32>  	 新连接地址为:[192.168.31.41:53848]
2018-06-06 20:08:03 	 [DEBUG] 	 <client_im.go:88>  	 offlineMsg count 0
2018-06-06 20:08:14 	 [DEBUG] 	 <connection.go:106>  	 TODO(need offline push )can't send message, appid:10 uid:10001 cmd:4
2018-06-06 20:09:04 	 [DEBUG] 	 <connection.go:106>  	 TODO(need offline push )can't send message, appid:10 uid:10001 cmd:4
2018-06-06 20:09:07 	 [DEBUG] 	 <connection.go:106>  	 TODO(need offline push )can't send message, appid:10 uid:10001 cmd:4
2018-06-06 20:09:10 	 [DEBUG] 	 <connection.go:106>  	 TODO(need offline push )can't send message, appid:10 uid:10001 cmd:4
2018-06-06 20:09:11 	 [DEBUG] 	 <connection.go:106>  	 TODO(need offline push )can't send message, appid:10 uid:10001 cmd:4
2018-06-06 20:09:12 	 [DEBUG] 	 <connection.go:106>  	 TODO(need offline push )can't send message, appid:10 uid:10001 cmd:4
2018-06-06 20:09:52 	 [DEBUG] 	 <tcp.go:32>  	 新连接地址为:[127.0.0.1:58920]
2018-06-06 20:09:52 	 [DEBUG] 	 <client_im.go:88>  	 offlineMsg count 7
2018-06-06 20:09:52 	 [DEBUG] 	 <client_im.go:102>  	 offline msg :sender:10002,receiver:10001,timestamp:1528286839,msgId:17535,body:{"content":"我","type":1,"uuid":"82E9B63F-4F6E-46FC-9467-5CE97AE7B28C"}
2018-06-06 20:09:52 	 [DEBUG] 	 <client_im.go:102>  	 offline msg :sender:10002,receiver:10001,timestamp:1528286894,msgId:17536,body:{"content":" minimum","type":1,"uuid":"E37B89A1-8859-4757-AC5F-07D6D9157E12"}
2018-06-06 20:09:52 	 [DEBUG] 	 <client_im.go:102>  	 offline msg :sender:10002,receiver:10001,timestamp:1528286944,msgId:17537,body:{"content":"寂寞","type":1,"uuid":"68CCAC27-067D-4894-9428-31ACA70113BB"}
2018-06-06 20:09:52 	 [DEBUG] 	 <client_im.go:102>  	 offline msg :sender:10002,receiver:10001,timestamp:1528286947,msgId:17538,body:{"content":"责任心","type":1,"uuid":"5346B8B2-52E8-46E8-9BD7-410CCC67C51A"}
2018-06-06 20:09:52 	 [DEBUG] 	 <client_im.go:102>  	 offline msg :sender:10002,receiver:10001,timestamp:1528286950,msgId:17539,body:{"content":"责任心","type":1,"uuid":"FEF1F215-2FFD-43D7-87FC-1C3B0123B902"}
2018-06-06 20:09:52 	 [DEBUG] 	 <client_im.go:102>  	 offline msg :sender:10002,receiver:10001,timestamp:1528286951,msgId:17540,body:{"content":"搜狗","type":1,"uuid":"B92E9FC8-103E-4D87-9F4F-8B4550AECFA2"}
2018-06-06 20:09:52 	 [DEBUG] 	 <client_im.go:102>  	 offline msg :sender:10002,receiver:10001,timestamp:1528286952,msgId:17541,body:{"content":"提醒","type":1,"uuid":"DA3C1FFE-E261-4D38-9008-8EF9E0E71266"}
2018-06-06 20:10:05 	 [DEBUG] 	 <client_heartbeat.go:9>  	 heartBeet
2018-06-06 20:11:47 	 [DEBUG] 	 <client_heartbeat.go:9>  	 heartBeet
2018-06-06 20:12:05 	 [DEBUG] 	 <client_heartbeat.go:9>  	 heartBeet
2018-06-06 20:13:47 	 [DEBUG] 	 <client_heartbeat.go:9>  	 heartBeet
2018-06-06 20:14:03 	 [DEBUG] 	 <client_heartbeat.go:9>  	 heartBeet
2018-06-06 20:14:20 	 [DEBUG] 	 <protocol.go:134>  	 sock read error:EOF
2018-06-06 20:14:20 	 [DEBUG] 	 <client.go:83>  	 EOFconnect offline
2018-06-06 20:14:20 	 [DEBUG] 	 <client.go:148>  	 close client:10002, 80d07eb7-09d5-4332-aa4d-01990a291dfd
2018-06-06 20:14:20 	 [DEBUG] 	 <client.go:112>  	 client: 80d07eb7-09d5-4332-aa4d-01990a291dfd 10002 socket closed
2018-06-06 20:14:30 	 [DEBUG] 	 <tcp.go:32>  	 新连接地址为:[192.168.31.41:53891]
2018-06-06 20:14:30 	 [DEBUG] 	 <client_im.go:88>  	 offlineMsg count 0
2018-06-06 20:14:55 	 [DEBUG] 	 <protocol.go:134>  	 sock read error:EOF
2018-06-06 20:14:55 	 [DEBUG] 	 <client.go:83>  	 EOFconnect offline
2018-06-06 20:14:55 	 [DEBUG] 	 <client.go:148>  	 close client:10002, 80d07eb7-09d5-4332-aa4d-01990a291dfd
2018-06-06 20:14:55 	 [DEBUG] 	 <client.go:112>  	 client: 80d07eb7-09d5-4332-aa4d-01990a291dfd 10002 socket closed
2018-06-06 20:15:00 	 [DEBUG] 	 <protocol.go:134>  	 sock read error:EOF
2018-06-06 20:15:00 	 [DEBUG] 	 <client.go:83>  	 EOFconnect offline
2018-06-06 20:15:00 	 [DEBUG] 	 <client.go:148>  	 close client:10001, d5f75fbc-4f64-4f78-b320-2ca770847800
2018-06-06 20:15:00 	 [DEBUG] 	 <client.go:112>  	 client: d5f75fbc-4f64-4f78-b320-2ca770847800 10001 socket closed
2018-06-06 20:15:05 	 [DEBUG] 	 <tcp.go:32>  	 新连接地址为:[127.0.0.1:59051]
2018-06-06 20:15:05 	 [DEBUG] 	 <client_im.go:88>  	 offlineMsg count 0
2018-06-06 20:15:10 	 [DEBUG] 	 <tcp.go:32>  	 新连接地址为:[192.168.31.41:53892]
2018-06-06 20:15:10 	 [DEBUG] 	 <client_im.go:88>  	 offlineMsg count 0
2018-06-06 20:17:05 	 [DEBUG] 	 <client_heartbeat.go:9>  	 heartBeet
2018-06-06 20:17:11 	 [DEBUG] 	 <client_heartbeat.go:9>  	 heartBeet
2018-06-06 20:17:15 	 [DEBUG] 	 <protocol.go:134>  	 sock read error:EOF
2018-06-06 20:17:15 	 [DEBUG] 	 <client.go:83>  	 EOFconnect offline
2018-06-06 20:17:15 	 [DEBUG] 	 <client.go:148>  	 close client:10002, 80d07eb7-09d5-4332-aa4d-01990a291dfd
2018-06-06 20:17:15 	 [DEBUG] 	 <client.go:112>  	 client: 80d07eb7-09d5-4332-aa4d-01990a291dfd 10002 socket closed
2018-06-06 20:17:39 	 [DEBUG] 	 <tcp.go:32>  	 新连接地址为:[192.168.31.41:53898]
2018-06-06 20:17:39 	 [DEBUG] 	 <client_im.go:88>  	 offlineMsg count 0
2018-06-06 20:17:42 	 [DEBUG] 	 <protocol.go:134>  	 sock read error:EOF
2018-06-06 20:17:42 	 [DEBUG] 	 <client.go:83>  	 EOFconnect offline
2018-06-06 20:17:42 	 [DEBUG] 	 <client.go:148>  	 close client:10002, 80d07eb7-09d5-4332-aa4d-01990a291dfd
2018-06-06 20:17:42 	 [DEBUG] 	 <client.go:112>  	 client: 80d07eb7-09d5-4332-aa4d-01990a291dfd 10002 socket closed
2018-06-06 20:19:05 	 [DEBUG] 	 <client_heartbeat.go:9>  	 heartBeet
2018-06-06 20:19:15 	 [DEBUG] 	 <protocol.go:134>  	 sock read error:EOF
2018-06-06 20:19:15 	 [DEBUG] 	 <client.go:83>  	 EOFconnect offline
2018-06-06 20:19:15 	 [DEBUG] 	 <client.go:148>  	 close client:10001, d5f75fbc-4f64-4f78-b320-2ca770847800
2018-06-06 20:19:15 	 [DEBUG] 	 <client.go:112>  	 client: d5f75fbc-4f64-4f78-b320-2ca770847800 10001 socket closed
2018-06-06 20:19:22 	 [DEBUG] 	 <tcp.go:32>  	 新连接地址为:[127.0.0.1:59466]
2018-06-06 20:19:22 	 [DEBUG] 	 <client_im.go:88>  	 offlineMsg count 0
2018-06-06 20:19:35 	 [DEBUG] 	 <protocol.go:134>  	 sock read error:EOF
2018-06-06 20:19:35 	 [DEBUG] 	 <client.go:83>  	 EOFconnect offline
2018-06-06 20:19:35 	 [DEBUG] 	 <client.go:148>  	 close client:10001, d5f75fbc-4f64-4f78-b320-2ca770847800
2018-06-06 20:19:35 	 [DEBUG] 	 <client.go:112>  	 client: d5f75fbc-4f64-4f78-b320-2ca770847800 10001 socket closed
2018-06-06 20:19:47 	 [DEBUG] 	 <tcp.go:32>  	 新连接地址为:[192.168.31.41:53971]
2018-06-06 20:19:47 	 [DEBUG] 	 <client_im.go:88>  	 offlineMsg count 0
2018-06-06 20:21:49 	 [DEBUG] 	 <client_heartbeat.go:9>  	 heartBeet
2018-06-06 20:23:01 	 [DEBUG] 	 <protocol.go:134>  	 sock read error:EOF
2018-06-06 20:23:01 	 [DEBUG] 	 <client.go:83>  	 EOFconnect offline
2018-06-06 20:23:01 	 [DEBUG] 	 <client.go:148>  	 close client:10002, 80d07eb7-09d5-4332-aa4d-01990a291dfd
2018-06-06 20:23:01 	 [DEBUG] 	 <client.go:112>  	 client: 80d07eb7-09d5-4332-aa4d-01990a291dfd 10002 socket closed
2018-06-06 20:23:09 	 [DEBUG] 	 <tcp.go:32>  	 新连接地址为:[192.168.31.41:54013]
2018-06-06 20:23:09 	 [DEBUG] 	 <client_im.go:88>  	 offlineMsg count 0
2018-06-06 20:23:15 	 [DEBUG] 	 <connection.go:106>  	 TODO(need offline push )can't send message, appid:10 uid:10001 cmd:4
2018-06-06 20:23:18 	 [DEBUG] 	 <connection.go:106>  	 TODO(need offline push )can't send message, appid:10 uid:10001 cmd:4
2018-06-06 20:23:19 	 [DEBUG] 	 <connection.go:106>  	 TODO(need offline push )can't send message, appid:10 uid:10001 cmd:4
2018-06-06 20:23:24 	 [DEBUG] 	 <connection.go:106>  	 TODO(need offline push )can't send message, appid:10 uid:10001 cmd:4
2018-06-06 20:23:39 	 [DEBUG] 	 <connection.go:106>  	 TODO(need offline push )can't send message, appid:10 uid:10001 cmd:4
2018-06-06 20:23:43 	 [DEBUG] 	 <connection.go:106>  	 TODO(need offline push )can't send message, appid:10 uid:10001 cmd:4
2018-06-06 20:24:07 	 [DEBUG] 	 <connection.go:106>  	 TODO(need offline push )can't send message, appid:10 uid:10001 cmd:4
2018-06-06 20:24:56 	 [DEBUG] 	 <connection.go:106>  	 TODO(need offline push )can't send message, appid:10 uid:10001 cmd:4
2018-06-06 20:24:57 	 [DEBUG] 	 <connection.go:106>  	 TODO(need offline push )can't send message, appid:10 uid:10001 cmd:4
2018-06-06 20:25:04 	 [DEBUG] 	 <protocol.go:134>  	 sock read error:EOF
2018-06-06 20:25:04 	 [DEBUG] 	 <client.go:83>  	 EOFconnect offline
2018-06-06 20:25:04 	 [DEBUG] 	 <client.go:148>  	 close client:10002, 80d07eb7-09d5-4332-aa4d-01990a291dfd
2018-06-06 20:25:04 	 [DEBUG] 	 <client.go:112>  	 client: 80d07eb7-09d5-4332-aa4d-01990a291dfd 10002 socket closed
2018-06-06 20:25:11 	 [DEBUG] 	 <tcp.go:32>  	 新连接地址为:[192.168.31.41:54055]
2018-06-06 20:25:11 	 [DEBUG] 	 <client_im.go:88>  	 offlineMsg count 0
2018-06-06 20:25:21 	 [DEBUG] 	 <connection.go:106>  	 TODO(need offline push )can't send message, appid:10 uid:10001 cmd:4
2018-06-06 20:25:45 	 [DEBUG] 	 <protocol.go:134>  	 sock read error:EOF
2018-06-06 20:25:45 	 [DEBUG] 	 <client.go:83>  	 EOFconnect offline
2018-06-06 20:25:45 	 [DEBUG] 	 <client.go:148>  	 close client:10002, 80d07eb7-09d5-4332-aa4d-01990a291dfd
2018-06-06 20:25:45 	 [DEBUG] 	 <client.go:112>  	 client: 80d07eb7-09d5-4332-aa4d-01990a291dfd 10002 socket closed
2018-06-06 20:25:52 	 [DEBUG] 	 <tcp.go:32>  	 新连接地址为:[192.168.31.41:54095]
2018-06-06 20:25:52 	 [DEBUG] 	 <client_im.go:88>  	 offlineMsg count 0
2018-06-06 20:25:58 	 [DEBUG] 	 <connection.go:106>  	 TODO(need offline push )can't send message, appid:10 uid:10001 cmd:4
2018-06-06 20:26:14 	 [DEBUG] 	 <connection.go:106>  	 TODO(need offline push )can't send message, appid:10 uid:10001 cmd:4
2018-06-06 20:26:16 	 [DEBUG] 	 <connection.go:106>  	 TODO(need offline push )can't send message, appid:10 uid:10001 cmd:4
2018-06-06 20:26:20 	 [DEBUG] 	 <connection.go:106>  	 TODO(need offline push )can't send message, appid:10 uid:10001 cmd:4
2018-06-06 20:27:36 	 [DEBUG] 	 <protocol.go:134>  	 sock read error:EOF
2018-06-06 20:27:36 	 [DEBUG] 	 <client.go:83>  	 EOFconnect offline
2018-06-06 20:27:36 	 [DEBUG] 	 <client.go:148>  	 close client:10002, 80d07eb7-09d5-4332-aa4d-01990a291dfd
2018-06-06 20:27:36 	 [DEBUG] 	 <client.go:112>  	 client: 80d07eb7-09d5-4332-aa4d-01990a291dfd 10002 socket closed
2018-06-06 20:27:48 	 [DEBUG] 	 <tcp.go:32>  	 新连接地址为:[192.168.31.41:54137]
2018-06-06 20:27:48 	 [DEBUG] 	 <client_im.go:88>  	 offlineMsg count 0
2018-06-06 20:27:54 	 [DEBUG] 	 <connection.go:106>  	 TODO(need offline push )can't send message, appid:10 uid:10001 cmd:4
2018-06-06 20:27:58 	 [DEBUG] 	 <connection.go:106>  	 TODO(need offline push )can't send message, appid:10 uid:10001 cmd:4
2018-06-06 20:28:03 	 [DEBUG] 	 <tcp.go:32>  	 新连接地址为:[127.0.0.1:59607]
2018-06-06 20:28:03 	 [DEBUG] 	 <client_im.go:88>  	 offlineMsg count 16
2018-06-06 20:28:03 	 [DEBUG] 	 <client_im.go:102>  	 offline msg :sender:10002,receiver:10001,timestamp:1528287795,msgId:17619,body:{"content":"闽宁哦哦好的好的老婆大人","type":1,"uuid":"799CA145-2509-4793-8A8A-0524B786B477"}
2018-06-06 20:28:03 	 [DEBUG] 	 <client_im.go:102>  	 offline msg :sender:10002,receiver:10001,timestamp:1528287798,msgId:17620,body:{"content":"破功了","type":1,"uuid":"0C426DE2-07CC-432C-B969-9D574FE462BA"}
2018-06-06 20:28:03 	 [DEBUG] 	 <client_im.go:102>  	 offline msg :sender:10002,receiver:10001,timestamp:1528287799,msgId:17621,body:{"content":"中","type":1,"uuid":"7AED3E07-80E1-4591-BF25-3319502A60DB"}
2018-06-06 20:28:03 	 [DEBUG] 	 <client_im.go:102>  	 offline msg :sender:10002,receiver:10001,timestamp:1528287804,msgId:17622,body:{"content":"英敏","type":1,"uuid":"13E4B4E5-BFFE-4BE3-8289-DB7B540C93D4"}
2018-06-06 20:28:03 	 [DEBUG] 	 <client_im.go:102>  	 offline msg :sender:10002,receiver:10001,timestamp:1528287819,msgId:17623,body:{"content":"啃扣","type":1,"uuid":"E1A6B9EA-D871-400B-922B-146B93F3AD65"}
2018-06-06 20:28:03 	 [DEBUG] 	 <client_im.go:102>  	 offline msg :sender:10002,receiver:10001,timestamp:1528287823,msgId:17624,body:{"content":"推荐","type":1,"uuid":"16239934-5CD0-40F7-B8B9-E956D345F070"}
2018-06-06 20:28:03 	 [DEBUG] 	 <client_im.go:102>  	 offline msg :sender:10002,receiver:10001,timestamp:1528287847,msgId:17625,body:{"content":"minimum","type":1,"uuid":"6438E703-BB08-44CE-B9A4-A1DDC4698995"}
2018-06-06 20:28:03 	 [DEBUG] 	 <client_im.go:102>  	 offline msg :sender:10002,receiver:10001,timestamp:1528287896,msgId:17626,body:{"content":"您","type":1,"uuid":"184D8BAD-9C60-461A-98DF-1BF5A82D0455"}
2018-06-06 20:28:03 	 [DEBUG] 	 <client_im.go:102>  	 offline msg :sender:10002,receiver:10001,timestamp:1528287897,msgId:17627,body:{"content":"题目","type":1,"uuid":"0C44DF64-A6D1-4BE5-8328-F9C811CB2A22"}
2018-06-06 20:28:03 	 [DEBUG] 	 <client_im.go:102>  	 offline msg :sender:10002,receiver:10001,timestamp:1528287921,msgId:17630,body:{"content":"一下就","type":1,"uuid":"9305F10B-4A54-45E6-B92E-CF45C13FB335"}
2018-06-06 20:28:03 	 [DEBUG] 	 <client_im.go:102>  	 offline msg :sender:10002,receiver:10001,timestamp:1528287958,msgId:17631,body:{"content":"弟妹","type":1,"uuid":"FCE844C8-4572-4AC0-B972-3BAF0494C406"}
2018-06-06 20:28:03 	 [DEBUG] 	 <client_im.go:102>  	 offline msg :sender:10002,receiver:10001,timestamp:1528287974,msgId:17632,body:{"content":"噢噢噢","type":1,"uuid":"9434D132-338A-458B-94F3-B8CFA07A2DFE"}
2018-06-06 20:28:03 	 [DEBUG] 	 <client_im.go:102>  	 offline msg :sender:10002,receiver:10001,timestamp:1528287976,msgId:17633,body:{"content":"您","type":1,"uuid":"0B26447B-E4E5-47F0-B5A1-12EF43FA93BD"}
2018-06-06 20:28:03 	 [DEBUG] 	 <client_im.go:102>  	 offline msg :sender:10002,receiver:10001,timestamp:1528287980,msgId:17634,body:{"content":"OK哦喝点红糖水了","type":1,"uuid":"9979D2D6-17C2-465A-B097-41DD5C8692A0"}
2018-06-06 20:28:03 	 [DEBUG] 	 <client_im.go:102>  	 offline msg :sender:10002,receiver:10001,timestamp:1528288074,msgId:17635,body:{"content":" 民您那边","type":1,"uuid":"6650DD8F-ACB1-427B-A166-4BC0443A73DD"}
2018-06-06 20:28:03 	 [DEBUG] 	 <client_im.go:102>  	 offline msg :sender:10002,receiver:10001,timestamp:1528288078,msgId:17636,body:{"content":"VPN您那边","type":1,"uuid":"9DB436B1-5729-4BA2-995B-C7BFFFC93FC3"}
2018-06-06 20:28:03 	 [DEBUG] 	 <protocol.go:134>  	 sock read error:EOF
2018-06-06 20:28:03 	 [DEBUG] 	 <client.go:83>  	 EOFconnect offline
2018-06-06 20:28:03 	 [DEBUG] 	 <client.go:148>  	 close client:10001, d5f75fbc-4f64-4f78-b320-2ca770847800
2018-06-06 20:28:03 	 [DEBUG] 	 <client.go:112>  	 client: d5f75fbc-4f64-4f78-b320-2ca770847800 10001 socket closed
2018-06-06 20:28:09 	 [DEBUG] 	 <protocol.go:134>  	 sock read error:EOF
2018-06-06 20:28:09 	 [DEBUG] 	 <client.go:83>  	 EOFconnect offline
2018-06-06 20:28:09 	 [DEBUG] 	 <client.go:148>  	 close client:10002, 80d07eb7-09d5-4332-aa4d-01990a291dfd
2018-06-06 20:28:09 	 [DEBUG] 	 <client.go:112>  	 client: 80d07eb7-09d5-4332-aa4d-01990a291dfd 10002 socket closed
2018-06-06 20:29:00 	 [DEBUG] 	 <tcp.go:32>  	 新连接地址为:[127.0.0.1:59641]
2018-06-06 20:29:00 	 [DEBUG] 	 <client_im.go:88>  	 offlineMsg count 16
2018-06-06 20:29:00 	 [DEBUG] 	 <client_im.go:102>  	 offline msg :sender:10002,receiver:10001,timestamp:1528287795,msgId:17619,body:{"content":"闽宁哦哦好的好的老婆大人","type":1,"uuid":"799CA145-2509-4793-8A8A-0524B786B477"}
2018-06-06 20:29:00 	 [DEBUG] 	 <client_im.go:102>  	 offline msg :sender:10002,receiver:10001,timestamp:1528287798,msgId:17620,body:{"content":"破功了","type":1,"uuid":"0C426DE2-07CC-432C-B969-9D574FE462BA"}
2018-06-06 20:29:00 	 [DEBUG] 	 <client_im.go:102>  	 offline msg :sender:10002,receiver:10001,timestamp:1528287799,msgId:17621,body:{"content":"中","type":1,"uuid":"7AED3E07-80E1-4591-BF25-3319502A60DB"}
2018-06-06 20:29:00 	 [DEBUG] 	 <client_im.go:102>  	 offline msg :sender:10002,receiver:10001,timestamp:1528287804,msgId:17622,body:{"content":"英敏","type":1,"uuid":"13E4B4E5-BFFE-4BE3-8289-DB7B540C93D4"}
2018-06-06 20:29:00 	 [DEBUG] 	 <client_im.go:102>  	 offline msg :sender:10002,receiver:10001,timestamp:1528287819,msgId:17623,body:{"content":"啃扣","type":1,"uuid":"E1A6B9EA-D871-400B-922B-146B93F3AD65"}
2018-06-06 20:29:00 	 [DEBUG] 	 <client_im.go:102>  	 offline msg :sender:10002,receiver:10001,timestamp:1528287823,msgId:17624,body:{"content":"推荐","type":1,"uuid":"16239934-5CD0-40F7-B8B9-E956D345F070"}
2018-06-06 20:29:00 	 [DEBUG] 	 <client_im.go:102>  	 offline msg :sender:10002,receiver:10001,timestamp:1528287847,msgId:17625,body:{"content":"minimum","type":1,"uuid":"6438E703-BB08-44CE-B9A4-A1DDC4698995"}
2018-06-06 20:29:00 	 [DEBUG] 	 <client_im.go:102>  	 offline msg :sender:10002,receiver:10001,timestamp:1528287896,msgId:17626,body:{"content":"您","type":1,"uuid":"184D8BAD-9C60-461A-98DF-1BF5A82D0455"}
2018-06-06 20:29:00 	 [DEBUG] 	 <client_im.go:102>  	 offline msg :sender:10002,receiver:10001,timestamp:1528287897,msgId:17627,body:{"content":"题目","type":1,"uuid":"0C44DF64-A6D1-4BE5-8328-F9C811CB2A22"}
2018-06-06 20:29:00 	 [DEBUG] 	 <client_im.go:102>  	 offline msg :sender:10002,receiver:10001,timestamp:1528287921,msgId:17630,body:{"content":"一下就","type":1,"uuid":"9305F10B-4A54-45E6-B92E-CF45C13FB335"}
2018-06-06 20:29:00 	 [DEBUG] 	 <client_im.go:102>  	 offline msg :sender:10002,receiver:10001,timestamp:1528287958,msgId:17631,body:{"content":"弟妹","type":1,"uuid":"FCE844C8-4572-4AC0-B972-3BAF0494C406"}
2018-06-06 20:29:00 	 [DEBUG] 	 <client_im.go:102>  	 offline msg :sender:10002,receiver:10001,timestamp:1528287974,msgId:17632,body:{"content":"噢噢噢","type":1,"uuid":"9434D132-338A-458B-94F3-B8CFA07A2DFE"}
2018-06-06 20:29:00 	 [DEBUG] 	 <client_im.go:102>  	 offline msg :sender:10002,receiver:10001,timestamp:1528287976,msgId:17633,body:{"content":"您","type":1,"uuid":"0B26447B-E4E5-47F0-B5A1-12EF43FA93BD"}
2018-06-06 20:29:00 	 [DEBUG] 	 <client_im.go:102>  	 offline msg :sender:10002,receiver:10001,timestamp:1528287980,msgId:17634,body:{"content":"OK哦喝点红糖水了","type":1,"uuid":"9979D2D6-17C2-465A-B097-41DD5C8692A0"}
2018-06-06 20:29:00 	 [DEBUG] 	 <client_im.go:102>  	 offline msg :sender:10002,receiver:10001,timestamp:1528288074,msgId:17635,body:{"content":" 民您那边","type":1,"uuid":"6650DD8F-ACB1-427B-A166-4BC0443A73DD"}
2018-06-06 20:29:00 	 [DEBUG] 	 <client_im.go:102>  	 offline msg :sender:10002,receiver:10001,timestamp:1528288078,msgId:17636,body:{"content":"VPN您那边","type":1,"uuid":"9DB436B1-5729-4BA2-995B-C7BFFFC93FC3"}
2018-06-06 20:29:00 	 [DEBUG] 	 <connection.go:106>  	 TODO(need offline push )can't send message, appid:10 uid:10002 cmd:4
2018-06-06 20:29:00 	 [DEBUG] 	 <connection.go:106>  	 TODO(need offline push )can't send message, appid:10 uid:10002 cmd:4
2018-06-06 20:29:00 	 [DEBUG] 	 <connection.go:106>  	 TODO(need offline push )can't send message, appid:10 uid:10002 cmd:4
2018-06-06 20:29:00 	 [DEBUG] 	 <connection.go:106>  	 TODO(need offline push )can't send message, appid:10 uid:10002 cmd:4
2018-06-06 20:29:00 	 [DEBUG] 	 <connection.go:106>  	 TODO(need offline push )can't send message, appid:10 uid:10002 cmd:4
2018-06-06 20:29:00 	 [DEBUG] 	 <connection.go:106>  	 TODO(need offline push )can't send message, appid:10 uid:10002 cmd:4
2018-06-06 20:29:00 	 [DEBUG] 	 <connection.go:106>  	 TODO(need offline push )can't send message, appid:10 uid:10002 cmd:4
2018-06-06 20:29:00 	 [DEBUG] 	 <connection.go:106>  	 TODO(need offline push )can't send message, appid:10 uid:10002 cmd:4
2018-06-06 20:29:00 	 [DEBUG] 	 <connection.go:106>  	 TODO(need offline push )can't send message, appid:10 uid:10002 cmd:4
2018-06-06 20:29:00 	 [DEBUG] 	 <connection.go:106>  	 TODO(need offline push )can't send message, appid:10 uid:10002 cmd:4
2018-06-06 20:29:00 	 [DEBUG] 	 <connection.go:106>  	 TODO(need offline push )can't send message, appid:10 uid:10002 cmd:4
2018-06-06 20:29:00 	 [DEBUG] 	 <connection.go:106>  	 TODO(need offline push )can't send message, appid:10 uid:10002 cmd:4
2018-06-06 20:29:00 	 [DEBUG] 	 <connection.go:106>  	 TODO(need offline push )can't send message, appid:10 uid:10002 cmd:4
2018-06-06 20:29:00 	 [DEBUG] 	 <connection.go:106>  	 TODO(need offline push )can't send message, appid:10 uid:10002 cmd:4
2018-06-06 20:29:00 	 [DEBUG] 	 <connection.go:106>  	 TODO(need offline push )can't send message, appid:10 uid:10002 cmd:4
2018-06-06 20:29:00 	 [DEBUG] 	 <connection.go:106>  	 TODO(need offline push )can't send message, appid:10 uid:10002 cmd:4
2018-06-06 20:31:00 	 [DEBUG] 	 <client_heartbeat.go:9>  	 heartBeet
2018-06-06 20:33:00 	 [DEBUG] 	 <client_heartbeat.go:9>  	 heartBeet
2018-06-06 20:35:00 	 [DEBUG] 	 <client_heartbeat.go:9>  	 heartBeet
2018-06-06 20:37:00 	 [DEBUG] 	 <client_heartbeat.go:9>  	 heartBeet
2018-06-06 20:39:00 	 [DEBUG] 	 <client_heartbeat.go:9>  	 heartBeet
2018-06-06 20:41:00 	 [DEBUG] 	 <client_heartbeat.go:9>  	 heartBeet
2018-06-06 20:43:00 	 [DEBUG] 	 <client_heartbeat.go:9>  	 heartBeet
2018-06-06 20:45:00 	 [DEBUG] 	 <client_heartbeat.go:9>  	 heartBeet
2018-06-06 20:46:33 	 [DEBUG] 	 <protocol.go:134>  	 sock read error:EOF
2018-06-06 20:46:33 	 [DEBUG] 	 <client.go:83>  	 EOFconnect offline
2018-06-06 20:46:33 	 [DEBUG] 	 <client.go:148>  	 close client:10001, d5f75fbc-4f64-4f78-b320-2ca770847800
2018-06-06 20:46:33 	 [DEBUG] 	 <client.go:112>  	 client: d5f75fbc-4f64-4f78-b320-2ca770847800 10001 socket closed
2018-06-06 20:46:40 	 [DEBUG] 	 <tcp.go:32>  	 新连接地址为:[127.0.0.1:60002]
2018-06-06 20:46:40 	 [DEBUG] 	 <client_im.go:88>  	 offlineMsg count 0
2018-06-06 20:48:42 	 [DEBUG] 	 <client_heartbeat.go:9>  	 heartBeet
2018-06-06 20:50:40 	 [DEBUG] 	 <client_heartbeat.go:9>  	 heartBeet
2018-06-06 20:51:36 	 [DEBUG] 	 <protocol.go:134>  	 sock read error:EOF
2018-06-06 20:51:36 	 [DEBUG] 	 <client.go:83>  	 EOFconnect offline
2018-06-06 20:51:36 	 [DEBUG] 	 <client.go:148>  	 close client:10001, d5f75fbc-4f64-4f78-b320-2ca770847800
2018-06-06 20:51:36 	 [DEBUG] 	 <client.go:112>  	 client: d5f75fbc-4f64-4f78-b320-2ca770847800 10001 socket closed
2018-06-06 20:51:42 	 [DEBUG] 	 <tcp.go:32>  	 新连接地址为:[127.0.0.1:60067]
2018-06-06 20:51:42 	 [DEBUG] 	 <client_im.go:88>  	 offlineMsg count 0
2018-06-06 20:51:48 	 [DEBUG] 	 <connection.go:106>  	 TODO(need offline push )can't send message, appid:10 uid:10002 cmd:4
2018-06-06 20:52:05 	 [DEBUG] 	 <protocol.go:134>  	 sock read error:EOF
2018-06-06 20:52:05 	 [DEBUG] 	 <client.go:83>  	 EOFconnect offline
2018-06-06 20:52:05 	 [DEBUG] 	 <client.go:148>  	 close client:10001, d5f75fbc-4f64-4f78-b320-2ca770847800
2018-06-06 20:52:05 	 [DEBUG] 	 <client.go:112>  	 client: d5f75fbc-4f64-4f78-b320-2ca770847800 10001 socket closed
2018-06-06 20:52:11 	 [DEBUG] 	 <tcp.go:32>  	 新连接地址为:[127.0.0.1:60072]
2018-06-06 20:52:11 	 [DEBUG] 	 <client_im.go:88>  	 offlineMsg count 0
2018-06-06 20:52:47 	 [DEBUG] 	 <tcp.go:32>  	 新连接地址为:[192.168.31.41:54146]
2018-06-06 20:52:47 	 [DEBUG] 	 <client_im.go:88>  	 offlineMsg count 17
2018-06-06 20:52:47 	 [DEBUG] 	 <client_im.go:102>  	 offline msg :sender:10001,receiver:10002,timestamp:1528288140,msgId:17637,body:{"ack_msgId":17619,"ack_uuid":"799CA145-2509-4793-8A8A-0524B786B477","sequeneceId":0,"status":2,"type":20,"uuid":"A7157157-9F0B-4CDF-B56C-8E049AF76455"}
2018-06-06 20:52:47 	 [DEBUG] 	 <client_im.go:102>  	 offline msg :sender:10001,receiver:10002,timestamp:1528288140,msgId:17638,body:{"ack_msgId":17621,"ack_uuid":"7AED3E07-80E1-4591-BF25-3319502A60DB","sequeneceId":0,"status":2,"type":20,"uuid":"A44C2B36-7B5F-4C36-A272-FAC7631F3973"}
2018-06-06 20:52:47 	 [DEBUG] 	 <client_im.go:102>  	 offline msg :sender:10001,receiver:10002,timestamp:1528288140,msgId:17639,body:{"ack_msgId":17630,"ack_uuid":"9305F10B-4A54-45E6-B92E-CF45C13FB335","sequeneceId":0,"status":2,"type":20,"uuid":"79587D5B-9970-4E85-90B8-13664F8AEC04"}
2018-06-06 20:52:47 	 [DEBUG] 	 <client_im.go:102>  	 offline msg :sender:10001,receiver:10002,timestamp:1528288140,msgId:17640,body:{"ack_msgId":17631,"ack_uuid":"FCE844C8-4572-4AC0-B972-3BAF0494C406","sequeneceId":0,"status":2,"type":20,"uuid":"297DF800-56D0-47B7-BA69-ABFB2019B241"}
2018-06-06 20:52:47 	 [DEBUG] 	 <client_im.go:102>  	 offline msg :sender:10001,receiver:10002,timestamp:1528288140,msgId:17641,body:{"ack_msgId":17622,"ack_uuid":"13E4B4E5-BFFE-4BE3-8289-DB7B540C93D4","sequeneceId":0,"status":2,"type":20,"uuid":"6D6FFBF2-80FD-4C22-A22B-21194F0839A3"}
2018-06-06 20:52:47 	 [DEBUG] 	 <client_im.go:102>  	 offline msg :sender:10001,receiver:10002,timestamp:1528288140,msgId:17642,body:{"ack_msgId":17620,"ack_uuid":"0C426DE2-07CC-432C-B969-9D574FE462BA","sequeneceId":0,"status":2,"type":20,"uuid":"B80A0E3F-539F-42B2-B107-5E18F7CA487B"}
2018-06-06 20:52:47 	 [DEBUG] 	 <client_im.go:102>  	 offline msg :sender:10001,receiver:10002,timestamp:1528288140,msgId:17643,body:{"ack_msgId":17632,"ack_uuid":"9434D132-338A-458B-94F3-B8CFA07A2DFE","sequeneceId":0,"status":2,"type":20,"uuid":"D0D735BF-1A13-48E1-B747-B40A04C4C97A"}
2018-06-06 20:52:47 	 [DEBUG] 	 <client_im.go:102>  	 offline msg :sender:10001,receiver:10002,timestamp:1528288140,msgId:17644,body:{"ack_msgId":17623,"ack_uuid":"E1A6B9EA-D871-400B-922B-146B93F3AD65","sequeneceId":0,"status":2,"type":20,"uuid":"97122407-E4A2-4623-96FE-19F2DA776E81"}
2018-06-06 20:52:47 	 [DEBUG] 	 <client_im.go:102>  	 offline msg :sender:10001,receiver:10002,timestamp:1528288140,msgId:17645,body:{"ack_msgId":17633,"ack_uuid":"0B26447B-E4E5-47F0-B5A1-12EF43FA93BD","sequeneceId":0,"status":2,"type":20,"uuid":"A585A8E4-A180-4D67-9264-B79FE524FBF2"}
2018-06-06 20:52:47 	 [DEBUG] 	 <client_im.go:102>  	 offline msg :sender:10001,receiver:10002,timestamp:1528288140,msgId:17646,body:{"ack_msgId":17634,"ack_uuid":"9979D2D6-17C2-465A-B097-41DD5C8692A0","sequeneceId":0,"status":2,"type":20,"uuid":"5672BADC-EEC7-47C6-B3C3-3DB06513C970"}
2018-06-06 20:52:47 	 [DEBUG] 	 <client_im.go:102>  	 offline msg :sender:10001,receiver:10002,timestamp:1528288140,msgId:17647,body:{"ack_msgId":17635,"ack_uuid":"6650DD8F-ACB1-427B-A166-4BC0443A73DD","sequeneceId":0,"status":2,"type":20,"uuid":"8E479CFE-6E25-499B-ABFC-3C31E67AB1AD"}
2018-06-06 20:52:47 	 [DEBUG] 	 <client_im.go:102>  	 offline msg :sender:10001,receiver:10002,timestamp:1528288140,msgId:17648,body:{"ack_msgId":17636,"ack_uuid":"9DB436B1-5729-4BA2-995B-C7BFFFC93FC3","sequeneceId":0,"status":2,"type":20,"uuid":"743685A7-B6A1-4D04-8768-ECCD7399BA4E"}
2018-06-06 20:52:47 	 [DEBUG] 	 <client_im.go:102>  	 offline msg :sender:10001,receiver:10002,timestamp:1528288140,msgId:17649,body:{"ack_msgId":17624,"ack_uuid":"16239934-5CD0-40F7-B8B9-E956D345F070","sequeneceId":0,"status":2,"type":20,"uuid":"7B8568E3-4055-4987-9F3E-60AB79F7D632"}
2018-06-06 20:52:47 	 [DEBUG] 	 <client_im.go:102>  	 offline msg :sender:10001,receiver:10002,timestamp:1528288140,msgId:17650,body:{"ack_msgId":17625,"ack_uuid":"6438E703-BB08-44CE-B9A4-A1DDC4698995","sequeneceId":0,"status":2,"type":20,"uuid":"FCBE1E98-78FA-43B2-AC30-86316D60A95A"}
2018-06-06 20:52:47 	 [DEBUG] 	 <client_im.go:102>  	 offline msg :sender:10001,receiver:10002,timestamp:1528288140,msgId:17651,body:{"ack_msgId":17626,"ack_uuid":"184D8BAD-9C60-461A-98DF-1BF5A82D0455","sequeneceId":0,"status":2,"type":20,"uuid":"5C3950D6-FE7E-4529-AE20-D3338195AE61"}
2018-06-06 20:52:47 	 [DEBUG] 	 <client_im.go:102>  	 offline msg :sender:10001,receiver:10002,timestamp:1528288140,msgId:17652,body:{"ack_msgId":17627,"ack_uuid":"0C44DF64-A6D1-4BE5-8328-F9C811CB2A22","sequeneceId":0,"status":2,"type":20,"uuid":"18431443-1FE1-4999-AF5C-72DEED4440C7"}
2018-06-06 20:52:47 	 [DEBUG] 	 <client_im.go:102>  	 offline msg :sender:10001,receiver:10002,timestamp:1528289508,msgId:17654,body:{"content":"Asdfasdfas","type":1,"uuid":"D20E3735-C542-4D0C-8C83-3328258701C5"}
2018-06-06 20:54:11 	 [DEBUG] 	 <client_heartbeat.go:9>  	 heartBeet
2018-06-06 20:54:48 	 [DEBUG] 	 <client_heartbeat.go:9>  	 heartBeet
2018-06-06 20:55:07 	 [DEBUG] 	 <protocol.go:134>  	 sock read error:EOF
2018-06-06 20:55:07 	 [DEBUG] 	 <client.go:83>  	 EOFconnect offline
2018-06-06 20:55:07 	 [DEBUG] 	 <client.go:148>  	 close client:10001, d5f75fbc-4f64-4f78-b320-2ca770847800
2018-06-06 20:55:07 	 [DEBUG] 	 <client.go:112>  	 client: d5f75fbc-4f64-4f78-b320-2ca770847800 10001 socket closed
2018-06-06 20:56:20 	 [DEBUG] 	 <tcp.go:32>  	 新连接地址为:[192.168.31.41:54155]
2018-06-06 20:56:20 	 [DEBUG] 	 <client_im.go:88>  	 offlineMsg count 0
2018-06-06 20:56:21 	 [DEBUG] 	 <tcp.go:32>  	 新连接地址为:[127.0.0.1:60137]
2018-06-06 20:56:21 	 [DEBUG] 	 <client_im.go:88>  	 offlineMsg count 0
2018-06-06 20:56:50 	 [DEBUG] 	 <client_heartbeat.go:9>  	 heartBeet
2018-06-06 20:56:57 	 [DEBUG] 	 <protocol.go:134>  	 sock read error:EOF
2018-06-06 20:56:57 	 [DEBUG] 	 <client.go:83>  	 EOFconnect offline
2018-06-06 20:56:57 	 [DEBUG] 	 <client.go:148>  	 close client:10002, 80d07eb7-09d5-4332-aa4d-01990a291dfd
2018-06-06 20:56:57 	 [DEBUG] 	 <client.go:112>  	 client: 80d07eb7-09d5-4332-aa4d-01990a291dfd 10002 socket closed
2018-06-06 20:57:06 	 [DEBUG] 	 <tcp.go:32>  	 新连接地址为:[192.168.31.41:54233]
2018-06-06 20:57:06 	 [DEBUG] 	 <client_im.go:88>  	 offlineMsg count 0
2018-06-06 20:57:26 	 [DEBUG] 	 <client_heartbeat.go:9>  	 heartBeet
2018-06-06 20:57:30 	 [ WARN] 	 <client_im.go:35>  	 im message sender:10002 client uid:10001

2018-06-06 20:58:30 	 [DEBUG] 	 <protocol.go:134>  	 sock read error:EOF
2018-06-06 20:58:30 	 [DEBUG] 	 <client.go:83>  	 EOFconnect offline
2018-06-06 20:58:30 	 [DEBUG] 	 <client.go:148>  	 close client:10002, 80d07eb7-09d5-4332-aa4d-01990a291dfd
2018-06-06 20:58:30 	 [DEBUG] 	 <client.go:112>  	 client: 80d07eb7-09d5-4332-aa4d-01990a291dfd 10002 socket closed
2018-06-06 20:58:31 	 [DEBUG] 	 <protocol.go:134>  	 sock read error:EOF
2018-06-06 20:58:31 	 [DEBUG] 	 <client.go:83>  	 EOFconnect offline
2018-06-06 20:58:31 	 [DEBUG] 	 <client.go:148>  	 close client:10001, d5f75fbc-4f64-4f78-b320-2ca770847800
2018-06-06 20:58:31 	 [DEBUG] 	 <client.go:112>  	 client: d5f75fbc-4f64-4f78-b320-2ca770847800 10001 socket closed
