2018-06-24 02:56:33 	 [DEBUG] 	 <tcp.go:32>  	 新连接地址为:[192.168.31.41:59947]
2018-06-24 02:56:33 	 [DEBUG] 	 <client_im.go:91>  	 offlineMsg count 0
2018-06-24 02:57:13 	 [DEBUG] 	 <protocol.go:134>  	 sock read error:EOF
2018-06-24 02:57:13 	 [DEBUG] 	 <client.go:83>  	 EOFconnect offline
2018-06-24 02:57:13 	 [DEBUG] 	 <client.go:148>  	 close client:10001, d5f75fbc-4f64-4f78-b320-2ca770847800
2018-06-24 02:57:13 	 [DEBUG] 	 <client.go:112>  	 client: d5f75fbc-4f64-4f78-b320-2ca770847800 10001 socket closed
2018-06-24 02:57:26 	 [DEBUG] 	 <tcp.go:32>  	 新连接地址为:[192.168.31.41:60003]
2018-06-24 02:57:26 	 [DEBUG] 	 <client_im.go:91>  	 offlineMsg count 0
2018-06-24 02:57:33 	 [DEBUG] 	 <protocol.go:134>  	 sock read error:EOF
2018-06-24 02:57:33 	 [DEBUG] 	 <client.go:83>  	 EOFconnect offline
2018-06-24 02:57:33 	 [DEBUG] 	 <client.go:148>  	 close client:10001, d5f75fbc-4f64-4f78-b320-2ca770847800
2018-06-24 02:57:33 	 [DEBUG] 	 <client.go:112>  	 client: d5f75fbc-4f64-4f78-b320-2ca770847800 10001 socket closed
2018-06-24 02:57:39 	 [DEBUG] 	 <tcp.go:32>  	 新连接地址为:[192.168.31.41:60054]
2018-06-24 02:57:39 	 [DEBUG] 	 <client_im.go:91>  	 offlineMsg count 0
2018-06-24 02:58:43 	 [DEBUG] 	 <protocol.go:134>  	 sock read error:EOF
2018-06-24 02:58:43 	 [DEBUG] 	 <client.go:83>  	 EOFconnect offline
2018-06-24 02:58:43 	 [DEBUG] 	 <client.go:148>  	 close client:10001, d5f75fbc-4f64-4f78-b320-2ca770847800
2018-06-24 02:58:43 	 [DEBUG] 	 <client.go:112>  	 client: d5f75fbc-4f64-4f78-b320-2ca770847800 10001 socket closed
2018-06-24 02:59:00 	 [DEBUG] 	 <tcp.go:32>  	 新连接地址为:[192.168.31.41:60108]
2018-06-24 02:59:00 	 [DEBUG] 	 <client_im.go:91>  	 offlineMsg count 0
2018-06-24 03:00:06 	 [DEBUG] 	 <protocol.go:134>  	 sock read error:EOF
2018-06-24 03:00:06 	 [DEBUG] 	 <client.go:83>  	 EOFconnect offline
2018-06-24 03:00:06 	 [DEBUG] 	 <client.go:148>  	 close client:10001, d5f75fbc-4f64-4f78-b320-2ca770847800
2018-06-24 03:00:06 	 [DEBUG] 	 <client.go:112>  	 client: d5f75fbc-4f64-4f78-b320-2ca770847800 10001 socket closed
2018-06-24 03:00:12 	 [DEBUG] 	 <tcp.go:32>  	 新连接地址为:[192.168.31.41:60160]
2018-06-24 03:00:12 	 [DEBUG] 	 <client_im.go:91>  	 offlineMsg count 0
2018-06-24 03:01:16 	 [DEBUG] 	 <protocol.go:134>  	 sock read error:EOF
2018-06-24 03:01:16 	 [DEBUG] 	 <client.go:83>  	 EOFconnect offline
2018-06-24 03:01:16 	 [DEBUG] 	 <client.go:148>  	 close client:10001, d5f75fbc-4f64-4f78-b320-2ca770847800
2018-06-24 03:01:16 	 [DEBUG] 	 <client.go:112>  	 client: d5f75fbc-4f64-4f78-b320-2ca770847800 10001 socket closed
2018-06-24 03:02:33 	 [DEBUG] 	 <tcp.go:32>  	 新连接地址为:[192.168.31.41:60310]
2018-06-24 03:02:33 	 [DEBUG] 	 <client_im.go:91>  	 offlineMsg count 0
2018-06-24 03:05:53 	 [DEBUG] 	 <protocol.go:134>  	 sock read error:EOF
2018-06-24 03:05:53 	 [DEBUG] 	 <client.go:83>  	 EOFconnect offline
2018-06-24 03:05:53 	 [DEBUG] 	 <client.go:148>  	 close client:10001, d5f75fbc-4f64-4f78-b320-2ca770847800
2018-06-24 03:05:53 	 [DEBUG] 	 <client.go:112>  	 client: d5f75fbc-4f64-4f78-b320-2ca770847800 10001 socket closed
2018-06-24 03:06:29 	 [DEBUG] 	 <tcp.go:32>  	 新连接地址为:[192.168.31.41:60387]
2018-06-24 03:06:29 	 [DEBUG] 	 <client_im.go:91>  	 offlineMsg count 0
2018-06-24 03:06:30 	 [DEBUG] 	 <protocol.go:134>  	 sock read error:EOF
2018-06-24 03:06:30 	 [DEBUG] 	 <client.go:83>  	 EOFconnect offline
2018-06-24 03:06:30 	 [DEBUG] 	 <client.go:148>  	 close client:10001, d5f75fbc-4f64-4f78-b320-2ca770847800
2018-06-24 03:06:30 	 [DEBUG] 	 <client.go:112>  	 client: d5f75fbc-4f64-4f78-b320-2ca770847800 10001 socket closed
2018-06-24 03:06:30 	 [DEBUG] 	 <tcp.go:32>  	 新连接地址为:[192.168.31.41:60388]
2018-06-24 03:06:30 	 [DEBUG] 	 <client_im.go:91>  	 offlineMsg count 0
2018-06-24 03:07:03 	 [DEBUG] 	 <protocol.go:134>  	 sock read error:EOF
2018-06-24 03:07:03 	 [DEBUG] 	 <client.go:83>  	 EOFconnect offline
2018-06-24 03:07:03 	 [DEBUG] 	 <client.go:148>  	 close client:10001, d5f75fbc-4f64-4f78-b320-2ca770847800
2018-06-24 03:07:03 	 [DEBUG] 	 <client.go:112>  	 client: d5f75fbc-4f64-4f78-b320-2ca770847800 10001 socket closed
2018-06-24 03:07:58 	 [DEBUG] 	 <tcp.go:32>  	 新连接地址为:[192.168.31.41:60441]
2018-06-24 03:07:58 	 [DEBUG] 	 <client_im.go:91>  	 offlineMsg count 0
2018-06-24 03:07:59 	 [DEBUG] 	 <protocol.go:134>  	 sock read error:EOF
2018-06-24 03:07:59 	 [DEBUG] 	 <client.go:83>  	 EOFconnect offline
2018-06-24 03:07:59 	 [DEBUG] 	 <client.go:148>  	 close client:10001, d5f75fbc-4f64-4f78-b320-2ca770847800
2018-06-24 03:07:59 	 [DEBUG] 	 <client.go:112>  	 client: d5f75fbc-4f64-4f78-b320-2ca770847800 10001 socket closed
2018-06-24 03:08:19 	 [DEBUG] 	 <tcp.go:32>  	 新连接地址为:[192.168.31.41:60509]
2018-06-24 03:08:22 	 [DEBUG] 	 <protocol.go:134>  	 sock read error:EOF
2018-06-24 03:08:22 	 [DEBUG] 	 <client.go:83>  	 EOFconnect offline
2018-06-24 03:08:22 	 [DEBUG] 	 <client.go:148>  	 close client:0, 
2018-06-24 03:08:22 	 [DEBUG] 	 <client.go:112>  	 client:  0 socket closed
2018-06-24 03:08:22 	 [DEBUG] 	 <tcp.go:32>  	 新连接地址为:[192.168.31.41:60512]
2018-06-24 03:08:22 	 [DEBUG] 	 <client_im.go:91>  	 offlineMsg count 0
2018-06-24 03:08:22 	 [DEBUG] 	 <protocol.go:134>  	 sock read error:EOF
2018-06-24 03:08:22 	 [DEBUG] 	 <client.go:83>  	 EOFconnect offline
2018-06-24 03:08:22 	 [DEBUG] 	 <client.go:148>  	 close client:10001, d5f75fbc-4f64-4f78-b320-2ca770847800
2018-06-24 03:08:22 	 [DEBUG] 	 <client.go:112>  	 client: d5f75fbc-4f64-4f78-b320-2ca770847800 10001 socket closed
2018-06-24 03:08:23 	 [DEBUG] 	 <tcp.go:32>  	 新连接地址为:[192.168.31.41:60513]
2018-06-24 03:08:23 	 [DEBUG] 	 <client_im.go:91>  	 offlineMsg count 0
2018-06-24 03:08:53 	 [DEBUG] 	 <protocol.go:134>  	 sock read error:EOF
2018-06-24 03:08:53 	 [DEBUG] 	 <client.go:83>  	 EOFconnect offline
2018-06-24 03:08:53 	 [DEBUG] 	 <client.go:148>  	 close client:10001, d5f75fbc-4f64-4f78-b320-2ca770847800
2018-06-24 03:08:53 	 [DEBUG] 	 <client.go:112>  	 client: d5f75fbc-4f64-4f78-b320-2ca770847800 10001 socket closed
2018-06-24 03:10:26 	 [DEBUG] 	 <tcp.go:32>  	 新连接地址为:[192.168.31.41:60688]
2018-06-24 03:10:26 	 [DEBUG] 	 <client_im.go:91>  	 offlineMsg count 0
2018-06-24 03:10:26 	 [DEBUG] 	 <protocol.go:134>  	 sock read error:EOF
2018-06-24 03:10:26 	 [DEBUG] 	 <client.go:83>  	 EOFconnect offline
2018-06-24 03:10:26 	 [DEBUG] 	 <client.go:148>  	 close client:10001, d5f75fbc-4f64-4f78-b320-2ca770847800
2018-06-24 03:10:26 	 [DEBUG] 	 <client.go:112>  	 client: d5f75fbc-4f64-4f78-b320-2ca770847800 10001 socket closed
2018-06-24 03:10:26 	 [DEBUG] 	 <tcp.go:32>  	 新连接地址为:[192.168.31.41:60689]
2018-06-24 03:10:26 	 [DEBUG] 	 <client_im.go:91>  	 offlineMsg count 0
2018-06-24 03:11:18 	 [DEBUG] 	 <protocol.go:134>  	 sock read error:EOF
2018-06-24 03:11:18 	 [DEBUG] 	 <client.go:83>  	 EOFconnect offline
2018-06-24 03:11:18 	 [DEBUG] 	 <client.go:148>  	 close client:10001, d5f75fbc-4f64-4f78-b320-2ca770847800
2018-06-24 03:11:18 	 [DEBUG] 	 <client.go:112>  	 client: d5f75fbc-4f64-4f78-b320-2ca770847800 10001 socket closed
2018-06-24 03:11:25 	 [DEBUG] 	 <tcp.go:32>  	 新连接地址为:[192.168.31.41:60740]
2018-06-24 03:11:25 	 [DEBUG] 	 <client_im.go:91>  	 offlineMsg count 0
2018-06-24 03:11:44 	 [DEBUG] 	 <protocol.go:134>  	 sock read error:EOF
2018-06-24 03:11:44 	 [DEBUG] 	 <client.go:83>  	 EOFconnect offline
2018-06-24 03:11:44 	 [DEBUG] 	 <client.go:148>  	 close client:10001, d5f75fbc-4f64-4f78-b320-2ca770847800
2018-06-24 03:11:44 	 [DEBUG] 	 <client.go:112>  	 client: d5f75fbc-4f64-4f78-b320-2ca770847800 10001 socket closed
2018-06-24 03:12:21 	 [DEBUG] 	 <tcp.go:32>  	 新连接地址为:[192.168.31.41:60783]
2018-06-24 03:12:21 	 [DEBUG] 	 <client_im.go:91>  	 offlineMsg count 0
2018-06-24 03:12:52 	 [DEBUG] 	 <protocol.go:134>  	 sock read error:EOF
2018-06-24 03:12:52 	 [DEBUG] 	 <client.go:83>  	 EOFconnect offline
2018-06-24 03:12:52 	 [DEBUG] 	 <client.go:148>  	 close client:10001, d5f75fbc-4f64-4f78-b320-2ca770847800
2018-06-24 03:12:52 	 [DEBUG] 	 <client.go:112>  	 client: d5f75fbc-4f64-4f78-b320-2ca770847800 10001 socket closed
2018-06-24 03:13:13 	 [DEBUG] 	 <tcp.go:32>  	 新连接地址为:[192.168.31.41:60882]
2018-06-24 03:13:13 	 [DEBUG] 	 <client_im.go:91>  	 offlineMsg count 0
2018-06-24 03:13:30 	 [DEBUG] 	 <protocol.go:134>  	 sock read error:EOF
2018-06-24 03:13:30 	 [DEBUG] 	 <client.go:83>  	 EOFconnect offline
2018-06-24 03:13:30 	 [DEBUG] 	 <client.go:148>  	 close client:10001, d5f75fbc-4f64-4f78-b320-2ca770847800
2018-06-24 03:13:30 	 [DEBUG] 	 <client.go:112>  	 client: d5f75fbc-4f64-4f78-b320-2ca770847800 10001 socket closed
2018-06-24 03:13:36 	 [DEBUG] 	 <tcp.go:32>  	 新连接地址为:[192.168.31.41:60933]
2018-06-24 03:13:36 	 [DEBUG] 	 <client_im.go:91>  	 offlineMsg count 0
2018-06-24 03:13:43 	 [DEBUG] 	 <protocol.go:134>  	 sock read error:EOF
2018-06-24 03:13:43 	 [DEBUG] 	 <client.go:83>  	 EOFconnect offline
2018-06-24 03:13:43 	 [DEBUG] 	 <client.go:148>  	 close client:10001, d5f75fbc-4f64-4f78-b320-2ca770847800
2018-06-24 03:13:43 	 [DEBUG] 	 <client.go:112>  	 client: d5f75fbc-4f64-4f78-b320-2ca770847800 10001 socket closed
2018-06-24 03:13:49 	 [DEBUG] 	 <tcp.go:32>  	 新连接地址为:[192.168.31.41:60982]
2018-06-24 03:13:49 	 [DEBUG] 	 <client_im.go:91>  	 offlineMsg count 0
2018-06-24 03:13:54 	 [DEBUG] 	 <protocol.go:134>  	 sock read error:EOF
2018-06-24 03:13:54 	 [DEBUG] 	 <client.go:83>  	 EOFconnect offline
2018-06-24 03:13:54 	 [DEBUG] 	 <client.go:148>  	 close client:10001, d5f75fbc-4f64-4f78-b320-2ca770847800
2018-06-24 03:13:54 	 [DEBUG] 	 <client.go:112>  	 client: d5f75fbc-4f64-4f78-b320-2ca770847800 10001 socket closed
2018-06-24 03:13:57 	 [DEBUG] 	 <tcp.go:32>  	 新连接地址为:[192.168.31.41:60983]
2018-06-24 03:13:57 	 [DEBUG] 	 <client_im.go:91>  	 offlineMsg count 0
2018-06-24 03:14:01 	 [DEBUG] 	 <protocol.go:134>  	 sock read error:EOF
2018-06-24 03:14:01 	 [DEBUG] 	 <client.go:83>  	 EOFconnect offline
2018-06-24 03:14:01 	 [DEBUG] 	 <client.go:148>  	 close client:10001, d5f75fbc-4f64-4f78-b320-2ca770847800
2018-06-24 03:14:01 	 [DEBUG] 	 <client.go:112>  	 client: d5f75fbc-4f64-4f78-b320-2ca770847800 10001 socket closed
2018-06-24 03:17:00 	 [DEBUG] 	 <tcp.go:32>  	 新连接地址为:[192.168.31.41:61110]
2018-06-24 03:17:01 	 [DEBUG] 	 <protocol.go:134>  	 sock read error:EOF
2018-06-24 03:17:01 	 [DEBUG] 	 <client.go:83>  	 EOFconnect offline
2018-06-24 03:17:01 	 [DEBUG] 	 <client.go:148>  	 close client:0, 
2018-06-24 03:17:01 	 [DEBUG] 	 <client.go:112>  	 client:  0 socket closed
2018-06-24 03:17:01 	 [DEBUG] 	 <tcp.go:32>  	 新连接地址为:[192.168.31.41:61113]
2018-06-24 03:17:01 	 [DEBUG] 	 <client_im.go:91>  	 offlineMsg count 0
2018-06-24 03:17:01 	 [DEBUG] 	 <protocol.go:134>  	 sock read error:EOF
2018-06-24 03:17:01 	 [DEBUG] 	 <client.go:83>  	 EOFconnect offline
2018-06-24 03:17:01 	 [DEBUG] 	 <client.go:148>  	 close client:10002, 80d07eb7-09d5-4332-aa4d-01990a291dfd
2018-06-24 03:17:01 	 [DEBUG] 	 <client.go:112>  	 client: 80d07eb7-09d5-4332-aa4d-01990a291dfd 10002 socket closed
2018-06-24 03:17:02 	 [DEBUG] 	 <tcp.go:32>  	 新连接地址为:[192.168.31.41:61114]
2018-06-24 03:17:02 	 [DEBUG] 	 <client_im.go:91>  	 offlineMsg count 0
2018-06-24 03:17:23 	 [DEBUG] 	 <protocol.go:134>  	 sock read error:EOF
2018-06-24 03:17:23 	 [DEBUG] 	 <client.go:83>  	 EOFconnect offline
2018-06-24 03:17:23 	 [DEBUG] 	 <client.go:148>  	 close client:10002, 80d07eb7-09d5-4332-aa4d-01990a291dfd
2018-06-24 03:17:23 	 [DEBUG] 	 <client.go:112>  	 client: 80d07eb7-09d5-4332-aa4d-01990a291dfd 10002 socket closed
2018-06-24 03:17:29 	 [DEBUG] 	 <tcp.go:32>  	 新连接地址为:[192.168.31.41:61115]
2018-06-24 03:17:29 	 [DEBUG] 	 <client_im.go:91>  	 offlineMsg count 0
2018-06-24 03:17:47 	 [DEBUG] 	 <protocol.go:134>  	 sock read error:EOF
2018-06-24 03:17:47 	 [DEBUG] 	 <client.go:83>  	 EOFconnect offline
2018-06-24 03:17:47 	 [DEBUG] 	 <client.go:148>  	 close client:10002, 80d07eb7-09d5-4332-aa4d-01990a291dfd
2018-06-24 03:17:47 	 [DEBUG] 	 <client.go:112>  	 client: 80d07eb7-09d5-4332-aa4d-01990a291dfd 10002 socket closed
2018-06-24 03:18:22 	 [DEBUG] 	 <tcp.go:32>  	 新连接地址为:[192.168.31.41:61196]
2018-06-24 03:18:23 	 [DEBUG] 	 <protocol.go:134>  	 sock read error:EOF
2018-06-24 03:18:23 	 [DEBUG] 	 <client.go:83>  	 EOFconnect offline
2018-06-24 03:18:23 	 [DEBUG] 	 <client.go:148>  	 close client:0, 
2018-06-24 03:18:23 	 [DEBUG] 	 <client.go:112>  	 client:  0 socket closed
2018-06-24 03:18:23 	 [DEBUG] 	 <tcp.go:32>  	 新连接地址为:[192.168.31.41:61199]
2018-06-24 03:18:23 	 [DEBUG] 	 <client_im.go:91>  	 offlineMsg count 0
2018-06-24 03:18:23 	 [DEBUG] 	 <protocol.go:134>  	 sock read error:EOF
2018-06-24 03:18:23 	 [DEBUG] 	 <client.go:83>  	 EOFconnect offline
2018-06-24 03:18:23 	 [DEBUG] 	 <client.go:148>  	 close client:10002, 80d07eb7-09d5-4332-aa4d-01990a291dfd
2018-06-24 03:18:23 	 [DEBUG] 	 <client.go:112>  	 client: 80d07eb7-09d5-4332-aa4d-01990a291dfd 10002 socket closed
2018-06-24 03:18:24 	 [DEBUG] 	 <tcp.go:32>  	 新连接地址为:[192.168.31.41:61200]
2018-06-24 03:18:24 	 [DEBUG] 	 <client_im.go:91>  	 offlineMsg count 0
2018-06-24 03:20:18 	 [DEBUG] 	 <protocol.go:134>  	 sock read error:EOF
2018-06-24 03:20:18 	 [DEBUG] 	 <client.go:83>  	 EOFconnect offline
2018-06-24 03:20:18 	 [DEBUG] 	 <client.go:148>  	 close client:10002, 80d07eb7-09d5-4332-aa4d-01990a291dfd
2018-06-24 03:20:18 	 [DEBUG] 	 <client.go:112>  	 client: 80d07eb7-09d5-4332-aa4d-01990a291dfd 10002 socket closed
2018-06-24 03:25:48 	 [DEBUG] 	 <tcp.go:32>  	 新连接地址为:[192.168.31.41:61262]
2018-06-24 03:25:48 	 [DEBUG] 	 <client_im.go:91>  	 offlineMsg count 0
2018-06-24 03:26:01 	 [DEBUG] 	 <protocol.go:134>  	 sock read error:EOF
2018-06-24 03:26:01 	 [DEBUG] 	 <client.go:83>  	 EOFconnect offline
2018-06-24 03:26:01 	 [DEBUG] 	 <client.go:148>  	 close client:10002, 80d07eb7-09d5-4332-aa4d-01990a291dfd
2018-06-24 03:26:01 	 [DEBUG] 	 <client.go:112>  	 client: 80d07eb7-09d5-4332-aa4d-01990a291dfd 10002 socket closed
2018-06-24 03:26:25 	 [DEBUG] 	 <tcp.go:32>  	 新连接地址为:[192.168.31.41:61311]
2018-06-24 03:26:25 	 [DEBUG] 	 <client_im.go:91>  	 offlineMsg count 0
2018-06-24 03:26:51 	 [DEBUG] 	 <protocol.go:134>  	 sock read error:EOF
2018-06-24 03:26:51 	 [DEBUG] 	 <client.go:83>  	 EOFconnect offline
2018-06-24 03:26:51 	 [DEBUG] 	 <client.go:148>  	 close client:10002, 80d07eb7-09d5-4332-aa4d-01990a291dfd
2018-06-24 03:26:51 	 [DEBUG] 	 <client.go:112>  	 client: 80d07eb7-09d5-4332-aa4d-01990a291dfd 10002 socket closed
2018-06-24 03:27:06 	 [DEBUG] 	 <tcp.go:32>  	 新连接地址为:[192.168.31.41:61312]
2018-06-24 03:27:06 	 [DEBUG] 	 <client_im.go:91>  	 offlineMsg count 0
2018-06-24 03:27:20 	 [DEBUG] 	 <protocol.go:134>  	 sock read error:EOF
2018-06-24 03:27:20 	 [DEBUG] 	 <client.go:83>  	 EOFconnect offline
2018-06-24 03:27:20 	 [DEBUG] 	 <client.go:148>  	 close client:10002, 80d07eb7-09d5-4332-aa4d-01990a291dfd
2018-06-24 03:27:20 	 [DEBUG] 	 <client.go:112>  	 client: 80d07eb7-09d5-4332-aa4d-01990a291dfd 10002 socket closed
2018-06-24 03:29:14 	 [DEBUG] 	 <tcp.go:32>  	 新连接地址为:[192.168.31.41:61365]
2018-06-24 03:29:14 	 [DEBUG] 	 <client_im.go:91>  	 offlineMsg count 0
2018-06-24 03:29:36 	 [DEBUG] 	 <protocol.go:134>  	 sock read error:EOF
2018-06-24 03:29:36 	 [DEBUG] 	 <client.go:83>  	 EOFconnect offline
2018-06-24 03:29:36 	 [DEBUG] 	 <client.go:148>  	 close client:10002, 80d07eb7-09d5-4332-aa4d-01990a291dfd
2018-06-24 03:29:36 	 [DEBUG] 	 <client.go:112>  	 client: 80d07eb7-09d5-4332-aa4d-01990a291dfd 10002 socket closed
2018-06-24 03:29:52 	 [DEBUG] 	 <tcp.go:32>  	 新连接地址为:[192.168.31.41:61417]
2018-06-24 03:29:52 	 [DEBUG] 	 <client_im.go:91>  	 offlineMsg count 0
2018-06-24 03:30:57 	 [DEBUG] 	 <protocol.go:134>  	 sock read error:EOF
2018-06-24 03:30:57 	 [DEBUG] 	 <client.go:83>  	 EOFconnect offline
2018-06-24 03:30:57 	 [DEBUG] 	 <client.go:148>  	 close client:10002, 80d07eb7-09d5-4332-aa4d-01990a291dfd
2018-06-24 03:30:57 	 [DEBUG] 	 <client.go:112>  	 client: 80d07eb7-09d5-4332-aa4d-01990a291dfd 10002 socket closed
2018-06-24 03:31:43 	 [DEBUG] 	 <tcp.go:32>  	 新连接地址为:[127.0.0.1:64189]
2018-06-24 03:31:44 	 [DEBUG] 	 <protocol.go:134>  	 sock read error:EOF
2018-06-24 03:31:44 	 [DEBUG] 	 <client.go:83>  	 EOFconnect offline
2018-06-24 03:31:44 	 [DEBUG] 	 <client.go:148>  	 close client:0, 
2018-06-24 03:31:44 	 [DEBUG] 	 <client.go:112>  	 client:  0 socket closed
2018-06-24 03:31:44 	 [DEBUG] 	 <tcp.go:32>  	 新连接地址为:[127.0.0.1:64190]
2018-06-24 03:31:44 	 [DEBUG] 	 <client_im.go:91>  	 offlineMsg count 0
2018-06-24 03:31:44 	 [DEBUG] 	 <protocol.go:134>  	 sock read error:EOF
2018-06-24 03:31:44 	 [DEBUG] 	 <client.go:83>  	 EOFconnect offline
2018-06-24 03:31:44 	 [DEBUG] 	 <client.go:148>  	 close client:10002, 80d07eb7-09d5-4332-aa4d-01990a291dfd
2018-06-24 03:31:44 	 [DEBUG] 	 <client.go:112>  	 client: 80d07eb7-09d5-4332-aa4d-01990a291dfd 10002 socket closed
2018-06-24 03:31:45 	 [DEBUG] 	 <tcp.go:32>  	 新连接地址为:[127.0.0.1:64191]
2018-06-24 03:31:45 	 [DEBUG] 	 <client_im.go:91>  	 offlineMsg count 0
2018-06-24 03:33:17 	 [DEBUG] 	 <protocol.go:134>  	 sock read error:EOF
2018-06-24 03:33:17 	 [DEBUG] 	 <client.go:83>  	 EOFconnect offline
2018-06-24 03:33:17 	 [DEBUG] 	 <client.go:148>  	 close client:10002, 80d07eb7-09d5-4332-aa4d-01990a291dfd
2018-06-24 03:33:17 	 [DEBUG] 	 <client.go:112>  	 client: 80d07eb7-09d5-4332-aa4d-01990a291dfd 10002 socket closed
2018-06-24 03:33:24 	 [DEBUG] 	 <tcp.go:32>  	 新连接地址为:[127.0.0.1:64236]
2018-06-24 03:33:24 	 [DEBUG] 	 <client_im.go:91>  	 offlineMsg count 0
2018-06-24 03:34:21 	 [DEBUG] 	 <protocol.go:134>  	 sock read error:EOF
2018-06-24 03:34:21 	 [DEBUG] 	 <client.go:83>  	 EOFconnect offline
2018-06-24 03:34:21 	 [DEBUG] 	 <client.go:148>  	 close client:10002, 80d07eb7-09d5-4332-aa4d-01990a291dfd
2018-06-24 03:34:21 	 [DEBUG] 	 <client.go:112>  	 client: 80d07eb7-09d5-4332-aa4d-01990a291dfd 10002 socket closed
2018-06-24 03:34:29 	 [DEBUG] 	 <tcp.go:32>  	 新连接地址为:[127.0.0.1:64247]
2018-06-24 03:34:29 	 [DEBUG] 	 <client_im.go:91>  	 offlineMsg count 0
2018-06-24 03:36:30 	 [DEBUG] 	 <client_heartbeat.go:9>  	 heartBeet
2018-06-24 03:36:55 	 [DEBUG] 	 <protocol.go:134>  	 sock read error:EOF
2018-06-24 03:36:55 	 [DEBUG] 	 <client.go:83>  	 EOFconnect offline
2018-06-24 03:36:55 	 [DEBUG] 	 <client.go:148>  	 close client:10002, 80d07eb7-09d5-4332-aa4d-01990a291dfd
2018-06-24 03:36:55 	 [DEBUG] 	 <client.go:112>  	 client: 80d07eb7-09d5-4332-aa4d-01990a291dfd 10002 socket closed
2018-06-24 03:37:02 	 [DEBUG] 	 <tcp.go:32>  	 新连接地址为:[127.0.0.1:64282]
2018-06-24 03:37:02 	 [DEBUG] 	 <client_im.go:91>  	 offlineMsg count 0
2018-06-24 03:37:39 	 [DEBUG] 	 <protocol.go:134>  	 sock read error:EOF
2018-06-24 03:37:39 	 [DEBUG] 	 <client.go:83>  	 EOFconnect offline
2018-06-24 03:37:39 	 [DEBUG] 	 <client.go:148>  	 close client:10002, 80d07eb7-09d5-4332-aa4d-01990a291dfd
2018-06-24 03:37:39 	 [DEBUG] 	 <client.go:112>  	 client: 80d07eb7-09d5-4332-aa4d-01990a291dfd 10002 socket closed
2018-06-24 03:37:43 	 [DEBUG] 	 <tcp.go:32>  	 新连接地址为:[127.0.0.1:64284]
2018-06-24 03:37:43 	 [DEBUG] 	 <client_im.go:91>  	 offlineMsg count 0
2018-06-24 03:37:44 	 [DEBUG] 	 <protocol.go:134>  	 sock read error:EOF
2018-06-24 03:37:44 	 [DEBUG] 	 <client.go:83>  	 EOFconnect offline
2018-06-24 03:37:44 	 [DEBUG] 	 <client.go:148>  	 close client:10002, 80d07eb7-09d5-4332-aa4d-01990a291dfd
2018-06-24 03:37:44 	 [DEBUG] 	 <client.go:112>  	 client: 80d07eb7-09d5-4332-aa4d-01990a291dfd 10002 socket closed
2018-06-24 03:40:45 	 [DEBUG] 	 <tcp.go:32>  	 新连接地址为:[192.168.31.41:61428]
2018-06-24 03:40:45 	 [DEBUG] 	 <client_im.go:91>  	 offlineMsg count 0
2018-06-24 03:40:51 	 [DEBUG] 	 <protocol.go:134>  	 sock read error:EOF
2018-06-24 03:40:51 	 [DEBUG] 	 <client.go:83>  	 EOFconnect offline
2018-06-24 03:40:51 	 [DEBUG] 	 <client.go:148>  	 close client:10002, 80d07eb7-09d5-4332-aa4d-01990a291dfd
2018-06-24 03:40:51 	 [DEBUG] 	 <client.go:112>  	 client: 80d07eb7-09d5-4332-aa4d-01990a291dfd 10002 socket closed
2018-06-24 03:41:06 	 [DEBUG] 	 <tcp.go:32>  	 新连接地址为:[192.168.31.41:61429]
2018-06-24 03:41:06 	 [DEBUG] 	 <client_im.go:91>  	 offlineMsg count 0
2018-06-24 03:41:17 	 [DEBUG] 	 <protocol.go:134>  	 sock read error:EOF
2018-06-24 03:41:17 	 [DEBUG] 	 <client.go:83>  	 EOFconnect offline
2018-06-24 03:41:17 	 [DEBUG] 	 <client.go:148>  	 close client:10002, 80d07eb7-09d5-4332-aa4d-01990a291dfd
2018-06-24 03:41:17 	 [DEBUG] 	 <client.go:112>  	 client: 80d07eb7-09d5-4332-aa4d-01990a291dfd 10002 socket closed
2018-06-24 03:43:05 	 [DEBUG] 	 <tcp.go:32>  	 新连接地址为:[192.168.31.41:61435]
2018-06-24 03:43:05 	 [DEBUG] 	 <client_heartbeat.go:9>  	 heartBeet
2018-06-24 03:43:05 	 [DEBUG] 	 <client_im.go:91>  	 offlineMsg count 0
2018-06-24 03:44:09 	 [DEBUG] 	 <protocol.go:134>  	 sock read error:EOF
2018-06-24 03:44:09 	 [DEBUG] 	 <client.go:83>  	 EOFconnect offline
2018-06-24 03:44:09 	 [DEBUG] 	 <client.go:148>  	 close client:10002, 80d07eb7-09d5-4332-aa4d-01990a291dfd
2018-06-24 03:44:09 	 [DEBUG] 	 <client.go:112>  	 client: 80d07eb7-09d5-4332-aa4d-01990a291dfd 10002 socket closed
2018-06-24 03:46:27 	 [DEBUG] 	 <tcp.go:32>  	 新连接地址为:[192.168.31.41:61440]
2018-06-24 03:46:27 	 [DEBUG] 	 <client_heartbeat.go:9>  	 heartBeet
2018-06-24 03:46:27 	 [DEBUG] 	 <client_im.go:91>  	 offlineMsg count 0
2018-06-24 03:46:48 	 [DEBUG] 	 <client_heartbeat.go:9>  	 heartBeet
2018-06-24 03:47:32 	 [DEBUG] 	 <protocol.go:134>  	 sock read error:EOF
2018-06-24 03:47:32 	 [DEBUG] 	 <client.go:83>  	 EOFconnect offline
2018-06-24 03:47:32 	 [DEBUG] 	 <client.go:148>  	 close client:10002, 80d07eb7-09d5-4332-aa4d-01990a291dfd
2018-06-24 03:47:32 	 [DEBUG] 	 <client.go:112>  	 client: 80d07eb7-09d5-4332-aa4d-01990a291dfd 10002 socket closed
2018-06-24 03:49:18 	 [DEBUG] 	 <tcp.go:32>  	 新连接地址为:[127.0.0.1:64702]
2018-06-24 03:49:18 	 [DEBUG] 	 <client_im.go:91>  	 offlineMsg count 0
2018-06-24 03:49:46 	 [DEBUG] 	 <protocol.go:134>  	 sock read error:EOF
2018-06-24 03:49:46 	 [DEBUG] 	 <client.go:83>  	 EOFconnect offline
2018-06-24 03:49:46 	 [DEBUG] 	 <client.go:148>  	 close client:10002, 80d07eb7-09d5-4332-aa4d-01990a291dfd
2018-06-24 03:49:46 	 [DEBUG] 	 <client.go:112>  	 client: 80d07eb7-09d5-4332-aa4d-01990a291dfd 10002 socket closed
2018-06-24 03:49:53 	 [DEBUG] 	 <tcp.go:32>  	 新连接地址为:[127.0.0.1:64713]
2018-06-24 03:49:53 	 [DEBUG] 	 <client_im.go:91>  	 offlineMsg count 0
2018-06-24 03:50:25 	 [DEBUG] 	 <protocol.go:134>  	 sock read error:EOF
2018-06-24 03:50:25 	 [DEBUG] 	 <client.go:83>  	 EOFconnect offline
2018-06-24 03:50:25 	 [DEBUG] 	 <client.go:148>  	 close client:10002, 80d07eb7-09d5-4332-aa4d-01990a291dfd
2018-06-24 03:50:25 	 [DEBUG] 	 <client.go:112>  	 client: 80d07eb7-09d5-4332-aa4d-01990a291dfd 10002 socket closed
2018-06-24 03:50:46 	 [DEBUG] 	 <tcp.go:32>  	 新连接地址为:[192.168.31.41:61496]
2018-06-24 03:50:46 	 [DEBUG] 	 <client_im.go:91>  	 offlineMsg count 0
2018-06-24 03:51:00 	 [DEBUG] 	 <protocol.go:134>  	 sock read error:EOF
2018-06-24 03:51:00 	 [DEBUG] 	 <client.go:83>  	 EOFconnect offline
2018-06-24 03:51:00 	 [DEBUG] 	 <client.go:148>  	 close client:10002, 80d07eb7-09d5-4332-aa4d-01990a291dfd
2018-06-24 03:51:00 	 [DEBUG] 	 <client.go:112>  	 client: 80d07eb7-09d5-4332-aa4d-01990a291dfd 10002 socket closed
2018-06-24 03:51:18 	 [DEBUG] 	 <tcp.go:32>  	 新连接地址为:[192.168.31.41:61548]
2018-06-24 03:51:18 	 [DEBUG] 	 <client_im.go:91>  	 offlineMsg count 0
2018-06-24 03:51:26 	 [DEBUG] 	 <protocol.go:134>  	 sock read error:EOF
2018-06-24 03:51:26 	 [DEBUG] 	 <client.go:83>  	 EOFconnect offline
2018-06-24 03:51:26 	 [DEBUG] 	 <client.go:148>  	 close client:10002, 80d07eb7-09d5-4332-aa4d-01990a291dfd
2018-06-24 03:51:26 	 [DEBUG] 	 <client.go:112>  	 client: 80d07eb7-09d5-4332-aa4d-01990a291dfd 10002 socket closed
2018-06-24 04:00:09 	 [DEBUG] 	 <tcp.go:32>  	 新连接地址为:[192.168.31.41:61601]
2018-06-24 04:00:09 	 [DEBUG] 	 <client_im.go:91>  	 offlineMsg count 0
2018-06-24 04:00:51 	 [DEBUG] 	 <protocol.go:134>  	 sock read error:EOF
2018-06-24 04:00:51 	 [DEBUG] 	 <client.go:83>  	 EOFconnect offline
2018-06-24 04:00:51 	 [DEBUG] 	 <client.go:148>  	 close client:10002, 80d07eb7-09d5-4332-aa4d-01990a291dfd
2018-06-24 04:00:51 	 [DEBUG] 	 <client.go:112>  	 client: 80d07eb7-09d5-4332-aa4d-01990a291dfd 10002 socket closed
2018-06-24 04:00:57 	 [DEBUG] 	 <tcp.go:32>  	 新连接地址为:[192.168.31.41:61647]
2018-06-24 04:00:57 	 [DEBUG] 	 <client_im.go:91>  	 offlineMsg count 0
2018-06-24 04:02:16 	 [DEBUG] 	 <protocol.go:134>  	 sock read error:EOF
2018-06-24 04:02:16 	 [DEBUG] 	 <client.go:83>  	 EOFconnect offline
2018-06-24 04:02:16 	 [DEBUG] 	 <client.go:148>  	 close client:10002, 80d07eb7-09d5-4332-aa4d-01990a291dfd
2018-06-24 04:02:16 	 [DEBUG] 	 <client.go:112>  	 client: 80d07eb7-09d5-4332-aa4d-01990a291dfd 10002 socket closed
2018-06-24 04:04:43 	 [DEBUG] 	 <tcp.go:32>  	 新连接地址为:[192.168.31.41:61702]
2018-06-24 04:04:43 	 [DEBUG] 	 <client_im.go:91>  	 offlineMsg count 0
2018-06-24 04:05:58 	 [DEBUG] 	 <protocol.go:134>  	 sock read error:EOF
2018-06-24 04:05:58 	 [DEBUG] 	 <client.go:83>  	 EOFconnect offline
2018-06-24 04:05:58 	 [DEBUG] 	 <client.go:148>  	 close client:10002, 80d07eb7-09d5-4332-aa4d-01990a291dfd
2018-06-24 04:05:58 	 [DEBUG] 	 <client.go:112>  	 client: 80d07eb7-09d5-4332-aa4d-01990a291dfd 10002 socket closed
2018-06-24 04:06:05 	 [DEBUG] 	 <tcp.go:32>  	 新连接地址为:[192.168.31.41:61756]
2018-06-24 04:06:05 	 [DEBUG] 	 <client_im.go:91>  	 offlineMsg count 0
2018-06-24 04:06:44 	 [DEBUG] 	 <protocol.go:134>  	 sock read error:EOF
2018-06-24 04:06:44 	 [DEBUG] 	 <client.go:83>  	 EOFconnect offline
2018-06-24 04:06:44 	 [DEBUG] 	 <client.go:148>  	 close client:10002, 80d07eb7-09d5-4332-aa4d-01990a291dfd
2018-06-24 04:06:44 	 [DEBUG] 	 <client.go:112>  	 client: 80d07eb7-09d5-4332-aa4d-01990a291dfd 10002 socket closed
2018-06-24 04:06:57 	 [DEBUG] 	 <tcp.go:32>  	 新连接地址为:[192.168.31.41:61853]
2018-06-24 04:06:57 	 [DEBUG] 	 <client_im.go:91>  	 offlineMsg count 0
2018-06-24 04:07:30 	 [DEBUG] 	 <protocol.go:134>  	 sock read error:EOF
2018-06-24 04:07:30 	 [DEBUG] 	 <client.go:83>  	 EOFconnect offline
2018-06-24 04:07:30 	 [DEBUG] 	 <client.go:148>  	 close client:10002, 80d07eb7-09d5-4332-aa4d-01990a291dfd
2018-06-24 04:07:30 	 [DEBUG] 	 <client.go:112>  	 client: 80d07eb7-09d5-4332-aa4d-01990a291dfd 10002 socket closed
2018-06-24 04:07:42 	 [DEBUG] 	 <tcp.go:32>  	 新连接地址为:[192.168.31.41:61952]
2018-06-24 04:07:42 	 [DEBUG] 	 <client_im.go:91>  	 offlineMsg count 0
2018-06-24 04:09:09 	 [DEBUG] 	 <protocol.go:134>  	 sock read error:EOF
2018-06-24 04:09:09 	 [DEBUG] 	 <client.go:83>  	 EOFconnect offline
2018-06-24 04:09:09 	 [DEBUG] 	 <client.go:148>  	 close client:10002, 80d07eb7-09d5-4332-aa4d-01990a291dfd
2018-06-24 04:09:09 	 [DEBUG] 	 <client.go:112>  	 client: 80d07eb7-09d5-4332-aa4d-01990a291dfd 10002 socket closed
2018-06-24 04:09:15 	 [DEBUG] 	 <tcp.go:32>  	 新连接地址为:[192.168.31.41:62004]
2018-06-24 04:09:15 	 [DEBUG] 	 <client_im.go:91>  	 offlineMsg count 0
2018-06-24 04:10:27 	 [DEBUG] 	 <protocol.go:134>  	 sock read error:EOF
2018-06-24 04:10:27 	 [DEBUG] 	 <client.go:83>  	 EOFconnect offline
2018-06-24 04:10:27 	 [DEBUG] 	 <client.go:148>  	 close client:10002, 80d07eb7-09d5-4332-aa4d-01990a291dfd
2018-06-24 04:10:27 	 [DEBUG] 	 <client.go:112>  	 client: 80d07eb7-09d5-4332-aa4d-01990a291dfd 10002 socket closed
2018-06-24 04:11:00 	 [DEBUG] 	 <tcp.go:32>  	 新连接地址为:[192.168.31.41:62041]
2018-06-24 04:11:00 	 [DEBUG] 	 <client_im.go:91>  	 offlineMsg count 0
2018-06-24 04:12:38 	 [DEBUG] 	 <protocol.go:134>  	 sock read error:EOF
2018-06-24 04:12:38 	 [DEBUG] 	 <client.go:83>  	 EOFconnect offline
2018-06-24 04:12:38 	 [DEBUG] 	 <client.go:148>  	 close client:10002, 80d07eb7-09d5-4332-aa4d-01990a291dfd
2018-06-24 04:12:38 	 [DEBUG] 	 <client.go:112>  	 client: 80d07eb7-09d5-4332-aa4d-01990a291dfd 10002 socket closed
2018-06-24 04:12:48 	 [DEBUG] 	 <tcp.go:32>  	 新连接地址为:[192.168.31.41:62058]
2018-06-24 04:12:48 	 [DEBUG] 	 <client_im.go:91>  	 offlineMsg count 0
2018-06-24 04:14:49 	 [DEBUG] 	 <client_heartbeat.go:9>  	 heartBeet
2018-06-24 04:15:53 	 [DEBUG] 	 <protocol.go:134>  	 sock read error:EOF
2018-06-24 04:15:53 	 [DEBUG] 	 <client.go:83>  	 EOFconnect offline
2018-06-24 04:15:53 	 [DEBUG] 	 <client.go:148>  	 close client:10002, 80d07eb7-09d5-4332-aa4d-01990a291dfd
2018-06-24 04:15:53 	 [DEBUG] 	 <client.go:112>  	 client: 80d07eb7-09d5-4332-aa4d-01990a291dfd 10002 socket closed
2018-06-24 04:16:03 	 [DEBUG] 	 <tcp.go:32>  	 新连接地址为:[192.168.31.41:62077]
2018-06-24 04:16:03 	 [DEBUG] 	 <client_im.go:91>  	 offlineMsg count 0
2018-06-24 04:18:04 	 [DEBUG] 	 <client_heartbeat.go:9>  	 heartBeet
2018-06-24 04:20:05 	 [DEBUG] 	 <client_heartbeat.go:9>  	 heartBeet
2018-06-24 04:22:05 	 [DEBUG] 	 <client_heartbeat.go:9>  	 heartBeet
2018-06-24 04:24:03 	 [DEBUG] 	 <client_heartbeat.go:9>  	 heartBeet
2018-06-24 04:26:05 	 [DEBUG] 	 <client_heartbeat.go:9>  	 heartBeet
2018-06-24 04:28:05 	 [DEBUG] 	 <client_heartbeat.go:9>  	 heartBeet
2018-06-24 04:28:24 	 [DEBUG] 	 <protocol.go:134>  	 sock read error:EOF
2018-06-24 04:28:24 	 [DEBUG] 	 <client.go:83>  	 EOFconnect offline
2018-06-24 04:28:24 	 [DEBUG] 	 <client.go:148>  	 close client:10002, 80d07eb7-09d5-4332-aa4d-01990a291dfd
2018-06-24 04:28:24 	 [DEBUG] 	 <client.go:112>  	 client: 80d07eb7-09d5-4332-aa4d-01990a291dfd 10002 socket closed
2018-06-24 04:28:46 	 [DEBUG] 	 <tcp.go:32>  	 新连接地址为:[192.168.31.41:62114]
2018-06-24 04:28:46 	 [DEBUG] 	 <client_im.go:91>  	 offlineMsg count 0
2018-06-24 04:29:15 	 [DEBUG] 	 <protocol.go:134>  	 sock read error:EOF
2018-06-24 04:29:15 	 [DEBUG] 	 <client.go:83>  	 EOFconnect offline
2018-06-24 04:29:15 	 [DEBUG] 	 <client.go:148>  	 close client:10002, 80d07eb7-09d5-4332-aa4d-01990a291dfd
2018-06-24 04:29:15 	 [DEBUG] 	 <client.go:112>  	 client: 80d07eb7-09d5-4332-aa4d-01990a291dfd 10002 socket closed
2018-06-24 04:29:25 	 [DEBUG] 	 <tcp.go:32>  	 新连接地址为:[192.168.31.41:62130]
2018-06-24 04:29:25 	 [DEBUG] 	 <client_im.go:91>  	 offlineMsg count 0
2018-06-24 04:30:09 	 [DEBUG] 	 <protocol.go:134>  	 sock read error:EOF
2018-06-24 04:30:09 	 [DEBUG] 	 <client.go:83>  	 EOFconnect offline
2018-06-24 04:30:09 	 [DEBUG] 	 <client.go:148>  	 close client:10002, 80d07eb7-09d5-4332-aa4d-01990a291dfd
2018-06-24 04:30:09 	 [DEBUG] 	 <client.go:112>  	 client: 80d07eb7-09d5-4332-aa4d-01990a291dfd 10002 socket closed
2018-06-24 04:30:19 	 [DEBUG] 	 <tcp.go:32>  	 新连接地址为:[192.168.31.41:62148]
2018-06-24 04:30:19 	 [DEBUG] 	 <client_im.go:91>  	 offlineMsg count 0
2018-06-24 04:32:20 	 [DEBUG] 	 <client_heartbeat.go:9>  	 heartBeet
2018-06-24 04:34:20 	 [DEBUG] 	 <client_heartbeat.go:9>  	 heartBeet
2018-06-24 04:34:28 	 [DEBUG] 	 <protocol.go:134>  	 sock read error:EOF
2018-06-24 04:34:28 	 [DEBUG] 	 <client.go:83>  	 EOFconnect offline
2018-06-24 04:34:28 	 [DEBUG] 	 <client.go:148>  	 close client:10002, 80d07eb7-09d5-4332-aa4d-01990a291dfd
2018-06-24 04:34:28 	 [DEBUG] 	 <client.go:112>  	 client: 80d07eb7-09d5-4332-aa4d-01990a291dfd 10002 socket closed
2018-06-24 04:40:10 	 [DEBUG] 	 <tcp.go:32>  	 新连接地址为:[192.168.31.41:62184]
2018-06-24 04:40:10 	 [DEBUG] 	 <client_im.go:91>  	 offlineMsg count 0
2018-06-24 04:40:33 	 [DEBUG] 	 <protocol.go:134>  	 sock read error:EOF
2018-06-24 04:40:33 	 [DEBUG] 	 <client.go:83>  	 EOFconnect offline
2018-06-24 04:40:33 	 [DEBUG] 	 <client.go:148>  	 close client:10002, 80d07eb7-09d5-4332-aa4d-01990a291dfd
2018-06-24 04:40:33 	 [DEBUG] 	 <client.go:112>  	 client: 80d07eb7-09d5-4332-aa4d-01990a291dfd 10002 socket closed
2018-06-24 04:42:02 	 [DEBUG] 	 <tcp.go:32>  	 新连接地址为:[192.168.31.41:62211]
2018-06-24 04:42:02 	 [DEBUG] 	 <client_im.go:91>  	 offlineMsg count 0
2018-06-24 04:46:50 	 [DEBUG] 	 <protocol.go:134>  	 sock read error:EOF
2018-06-24 04:46:50 	 [DEBUG] 	 <client.go:83>  	 EOFconnect offline
2018-06-24 04:46:50 	 [DEBUG] 	 <client.go:148>  	 close client:10002, 80d07eb7-09d5-4332-aa4d-01990a291dfd
2018-06-24 04:46:50 	 [DEBUG] 	 <client.go:112>  	 client: 80d07eb7-09d5-4332-aa4d-01990a291dfd 10002 socket closed
2018-06-24 04:47:01 	 [DEBUG] 	 <tcp.go:32>  	 新连接地址为:[192.168.31.41:62228]
2018-06-24 04:47:01 	 [DEBUG] 	 <client_im.go:91>  	 offlineMsg count 0
2018-06-24 04:51:12 	 [DEBUG] 	 <client_heartbeat.go:9>  	 heartBeet
2018-06-24 04:51:21 	 [DEBUG] 	 <protocol.go:134>  	 sock read error:EOF
2018-06-24 04:51:21 	 [DEBUG] 	 <client.go:83>  	 EOFconnect offline
2018-06-24 04:51:21 	 [DEBUG] 	 <client.go:148>  	 close client:10002, 80d07eb7-09d5-4332-aa4d-01990a291dfd
2018-06-24 04:51:21 	 [DEBUG] 	 <client.go:112>  	 client: 80d07eb7-09d5-4332-aa4d-01990a291dfd 10002 socket closed
2018-06-24 04:52:10 	 [DEBUG] 	 <tcp.go:32>  	 新连接地址为:[192.168.31.41:62246]
2018-06-24 04:52:10 	 [DEBUG] 	 <client_im.go:91>  	 offlineMsg count 0
2018-06-24 04:52:13 	 [DEBUG] 	 <protocol.go:134>  	 sock read error:EOF
2018-06-24 04:52:13 	 [DEBUG] 	 <client.go:83>  	 EOFconnect offline
2018-06-24 04:52:13 	 [DEBUG] 	 <client.go:148>  	 close client:10002, 80d07eb7-09d5-4332-aa4d-01990a291dfd
2018-06-24 04:52:13 	 [DEBUG] 	 <client.go:112>  	 client: 80d07eb7-09d5-4332-aa4d-01990a291dfd 10002 socket closed
2018-06-24 04:52:28 	 [DEBUG] 	 <tcp.go:32>  	 新连接地址为:[192.168.31.41:62275]
2018-06-24 04:52:28 	 [DEBUG] 	 <client_im.go:91>  	 offlineMsg count 0
2018-06-24 04:52:41 	 [DEBUG] 	 <protocol.go:134>  	 sock read error:EOF
2018-06-24 04:52:41 	 [DEBUG] 	 <client.go:83>  	 EOFconnect offline
2018-06-24 04:52:41 	 [DEBUG] 	 <client.go:148>  	 close client:10002, 80d07eb7-09d5-4332-aa4d-01990a291dfd
2018-06-24 04:52:41 	 [DEBUG] 	 <client.go:112>  	 client: 80d07eb7-09d5-4332-aa4d-01990a291dfd 10002 socket closed
2018-06-24 04:52:52 	 [DEBUG] 	 <tcp.go:32>  	 新连接地址为:[192.168.31.41:62291]
2018-06-24 04:52:52 	 [DEBUG] 	 <client_im.go:91>  	 offlineMsg count 0
2018-06-24 04:54:07 	 [DEBUG] 	 <protocol.go:134>  	 sock read error:EOF
2018-06-24 04:54:07 	 [DEBUG] 	 <client.go:83>  	 EOFconnect offline
2018-06-24 04:54:07 	 [DEBUG] 	 <client.go:148>  	 close client:10002, 80d07eb7-09d5-4332-aa4d-01990a291dfd
2018-06-24 04:54:07 	 [DEBUG] 	 <client.go:112>  	 client: 80d07eb7-09d5-4332-aa4d-01990a291dfd 10002 socket closed
2018-06-24 04:54:20 	 [DEBUG] 	 <tcp.go:32>  	 新连接地址为:[192.168.31.41:62309]
2018-06-24 04:54:20 	 [DEBUG] 	 <client_im.go:91>  	 offlineMsg count 0
2018-06-24 04:55:56 	 [DEBUG] 	 <protocol.go:134>  	 sock read error:EOF
2018-06-24 04:55:56 	 [DEBUG] 	 <client.go:83>  	 EOFconnect offline
2018-06-24 04:55:56 	 [DEBUG] 	 <client.go:148>  	 close client:10002, 80d07eb7-09d5-4332-aa4d-01990a291dfd
2018-06-24 04:55:56 	 [DEBUG] 	 <client.go:112>  	 client: 80d07eb7-09d5-4332-aa4d-01990a291dfd 10002 socket closed
2018-06-24 04:57:05 	 [DEBUG] 	 <tcp.go:32>  	 新连接地址为:[192.168.31.41:62329]
2018-06-24 04:57:05 	 [DEBUG] 	 <client_im.go:91>  	 offlineMsg count 0
2018-06-24 04:59:06 	 [DEBUG] 	 <client_heartbeat.go:9>  	 heartBeet
2018-06-24 05:00:53 	 [DEBUG] 	 <protocol.go:134>  	 sock read error:EOF
2018-06-24 05:00:53 	 [DEBUG] 	 <client.go:83>  	 EOFconnect offline
2018-06-24 05:00:53 	 [DEBUG] 	 <client.go:148>  	 close client:10002, 80d07eb7-09d5-4332-aa4d-01990a291dfd
2018-06-24 05:00:53 	 [DEBUG] 	 <client.go:112>  	 client: 80d07eb7-09d5-4332-aa4d-01990a291dfd 10002 socket closed
2018-06-24 05:01:27 	 [DEBUG] 	 <tcp.go:32>  	 新连接地址为:[192.168.31.41:62347]
2018-06-24 05:01:27 	 [DEBUG] 	 <client_im.go:91>  	 offlineMsg count 0
2018-06-24 05:02:19 	 [DEBUG] 	 <protocol.go:134>  	 sock read error:EOF
2018-06-24 05:02:19 	 [DEBUG] 	 <client.go:83>  	 EOFconnect offline
2018-06-24 05:02:19 	 [DEBUG] 	 <client.go:148>  	 close client:10002, 80d07eb7-09d5-4332-aa4d-01990a291dfd
2018-06-24 05:02:19 	 [DEBUG] 	 <client.go:112>  	 client: 80d07eb7-09d5-4332-aa4d-01990a291dfd 10002 socket closed
2018-06-24 05:05:38 	 [DEBUG] 	 <tcp.go:32>  	 新连接地址为:[192.168.31.41:62405]
2018-06-24 05:05:38 	 [DEBUG] 	 <client_im.go:91>  	 offlineMsg count 0
2018-06-24 05:07:02 	 [DEBUG] 	 <protocol.go:134>  	 sock read error:EOF
2018-06-24 05:07:02 	 [DEBUG] 	 <client.go:83>  	 EOFconnect offline
2018-06-24 05:07:02 	 [DEBUG] 	 <client.go:148>  	 close client:10002, 80d07eb7-09d5-4332-aa4d-01990a291dfd
2018-06-24 05:07:02 	 [DEBUG] 	 <client.go:112>  	 client: 80d07eb7-09d5-4332-aa4d-01990a291dfd 10002 socket closed
2018-06-24 05:08:11 	 [DEBUG] 	 <tcp.go:32>  	 新连接地址为:[127.0.0.1:51743]
2018-06-24 05:08:11 	 [DEBUG] 	 <client_im.go:91>  	 offlineMsg count 0
2018-06-24 05:08:27 	 [DEBUG] 	 <protocol.go:134>  	 sock read error:EOF
2018-06-24 05:08:27 	 [DEBUG] 	 <client.go:83>  	 EOFconnect offline
2018-06-24 05:08:27 	 [DEBUG] 	 <client.go:148>  	 close client:10002, 80d07eb7-09d5-4332-aa4d-01990a291dfd
2018-06-24 05:08:27 	 [DEBUG] 	 <client.go:112>  	 client: 80d07eb7-09d5-4332-aa4d-01990a291dfd 10002 socket closed
2018-06-24 05:08:29 	 [DEBUG] 	 <tcp.go:32>  	 新连接地址为:[127.0.0.1:51753]
2018-06-24 05:08:29 	 [DEBUG] 	 <client_im.go:91>  	 offlineMsg count 0
2018-06-24 05:08:51 	 [DEBUG] 	 <protocol.go:134>  	 sock read error:EOF
2018-06-24 05:08:51 	 [DEBUG] 	 <client.go:83>  	 EOFconnect offline
2018-06-24 05:08:51 	 [DEBUG] 	 <client.go:148>  	 close client:10002, 80d07eb7-09d5-4332-aa4d-01990a291dfd
2018-06-24 05:08:51 	 [DEBUG] 	 <client.go:112>  	 client: 80d07eb7-09d5-4332-aa4d-01990a291dfd 10002 socket closed
2018-06-24 05:08:56 	 [DEBUG] 	 <tcp.go:32>  	 新连接地址为:[127.0.0.1:51759]
2018-06-24 05:08:56 	 [DEBUG] 	 <client_im.go:91>  	 offlineMsg count 0
2018-06-24 05:09:52 	 [DEBUG] 	 <protocol.go:134>  	 sock read error:EOF
2018-06-24 05:09:52 	 [DEBUG] 	 <client.go:83>  	 EOFconnect offline
2018-06-24 05:09:52 	 [DEBUG] 	 <client.go:148>  	 close client:10002, 80d07eb7-09d5-4332-aa4d-01990a291dfd
2018-06-24 05:09:52 	 [DEBUG] 	 <client.go:112>  	 client: 80d07eb7-09d5-4332-aa4d-01990a291dfd 10002 socket closed
2018-06-24 05:09:56 	 [DEBUG] 	 <tcp.go:32>  	 新连接地址为:[127.0.0.1:51774]
2018-06-24 05:09:56 	 [DEBUG] 	 <client_im.go:91>  	 offlineMsg count 0
2018-06-24 05:10:19 	 [DEBUG] 	 <protocol.go:134>  	 sock read error:EOF
2018-06-24 05:10:19 	 [DEBUG] 	 <client.go:83>  	 EOFconnect offline
2018-06-24 05:10:19 	 [DEBUG] 	 <client.go:148>  	 close client:10002, 80d07eb7-09d5-4332-aa4d-01990a291dfd
2018-06-24 05:10:19 	 [DEBUG] 	 <client.go:112>  	 client: 80d07eb7-09d5-4332-aa4d-01990a291dfd 10002 socket closed
2018-06-24 05:20:53 	 [DEBUG] 	 <tcp.go:32>  	 新连接地址为:[127.0.0.1:52014]
2018-06-24 05:20:53 	 [DEBUG] 	 <client_im.go:91>  	 offlineMsg count 0
2018-06-24 05:22:32 	 [DEBUG] 	 <protocol.go:134>  	 sock read error:EOF
2018-06-24 05:22:32 	 [DEBUG] 	 <client.go:83>  	 EOFconnect offline
2018-06-24 05:22:32 	 [DEBUG] 	 <client.go:148>  	 close client:10002, 80d07eb7-09d5-4332-aa4d-01990a291dfd
2018-06-24 05:22:32 	 [DEBUG] 	 <client.go:112>  	 client: 80d07eb7-09d5-4332-aa4d-01990a291dfd 10002 socket closed
2018-06-24 05:22:39 	 [DEBUG] 	 <tcp.go:32>  	 新连接地址为:[127.0.0.1:52028]
2018-06-24 05:22:39 	 [DEBUG] 	 <client_im.go:91>  	 offlineMsg count 0
2018-06-24 05:23:51 	 [DEBUG] 	 <protocol.go:134>  	 sock read error:EOF
2018-06-24 05:23:51 	 [DEBUG] 	 <client.go:83>  	 EOFconnect offline
2018-06-24 05:23:51 	 [DEBUG] 	 <client.go:148>  	 close client:10002, 80d07eb7-09d5-4332-aa4d-01990a291dfd
2018-06-24 05:23:51 	 [DEBUG] 	 <client.go:112>  	 client: 80d07eb7-09d5-4332-aa4d-01990a291dfd 10002 socket closed
2018-06-24 05:23:58 	 [DEBUG] 	 <tcp.go:32>  	 新连接地址为:[127.0.0.1:52044]
2018-06-24 05:23:58 	 [DEBUG] 	 <client_im.go:91>  	 offlineMsg count 0
2018-06-24 05:24:23 	 [DEBUG] 	 <protocol.go:134>  	 sock read error:EOF
2018-06-24 05:24:23 	 [DEBUG] 	 <client.go:83>  	 EOFconnect offline
2018-06-24 05:24:23 	 [DEBUG] 	 <client.go:148>  	 close client:10002, 80d07eb7-09d5-4332-aa4d-01990a291dfd
2018-06-24 05:24:23 	 [DEBUG] 	 <client.go:112>  	 client: 80d07eb7-09d5-4332-aa4d-01990a291dfd 10002 socket closed
2018-06-24 05:24:46 	 [DEBUG] 	 <tcp.go:32>  	 新连接地址为:[192.168.31.41:62463]
2018-06-24 05:24:46 	 [DEBUG] 	 <client_im.go:91>  	 offlineMsg count 0
2018-06-24 05:26:23 	 [DEBUG] 	 <protocol.go:134>  	 sock read error:EOF
2018-06-24 05:26:23 	 [DEBUG] 	 <client.go:83>  	 EOFconnect offline
2018-06-24 05:26:23 	 [DEBUG] 	 <client.go:148>  	 close client:10002, 80d07eb7-09d5-4332-aa4d-01990a291dfd
2018-06-24 05:26:23 	 [DEBUG] 	 <client.go:112>  	 client: 80d07eb7-09d5-4332-aa4d-01990a291dfd 10002 socket closed
2018-06-24 05:26:36 	 [DEBUG] 	 <tcp.go:32>  	 新连接地址为:[192.168.31.41:62464]
2018-06-24 05:26:36 	 [DEBUG] 	 <client_im.go:91>  	 offlineMsg count 0
2018-06-24 05:26:43 	 [DEBUG] 	 <protocol.go:134>  	 sock read error:EOF
2018-06-24 05:26:43 	 [DEBUG] 	 <client.go:83>  	 EOFconnect offline
2018-06-24 05:26:43 	 [DEBUG] 	 <client.go:148>  	 close client:10002, 80d07eb7-09d5-4332-aa4d-01990a291dfd
2018-06-24 05:26:43 	 [DEBUG] 	 <client.go:112>  	 client: 80d07eb7-09d5-4332-aa4d-01990a291dfd 10002 socket closed
2018-06-24 05:31:00 	 [DEBUG] 	 <tcp.go:32>  	 新连接地址为:[192.168.31.82:57888]
2018-06-24 05:31:00 	 [DEBUG] 	 <client_im.go:91>  	 offlineMsg count 0
2018-06-24 05:31:16 	 [DEBUG] 	 <protocol.go:134>  	 sock read error:EOF
2018-06-24 05:31:16 	 [DEBUG] 	 <client.go:83>  	 EOFconnect offline
2018-06-24 05:31:16 	 [DEBUG] 	 <client.go:148>  	 close client:10001, d5f75fbc-4f64-4f78-b320-2ca770847800
2018-06-24 05:31:16 	 [DEBUG] 	 <client.go:112>  	 client: d5f75fbc-4f64-4f78-b320-2ca770847800 10001 socket closed
2018-06-24 05:31:18 	 [DEBUG] 	 <tcp.go:32>  	 新连接地址为:[192.168.31.82:57889]
2018-06-24 05:31:18 	 [DEBUG] 	 <client_im.go:91>  	 offlineMsg count 0
2018-06-24 05:31:31 	 [DEBUG] 	 <protocol.go:134>  	 sock read error:EOF
2018-06-24 05:31:31 	 [DEBUG] 	 <client.go:83>  	 EOFconnect offline
2018-06-24 05:31:31 	 [DEBUG] 	 <client.go:148>  	 close client:10001, d5f75fbc-4f64-4f78-b320-2ca770847800
2018-06-24 05:31:31 	 [DEBUG] 	 <client.go:112>  	 client: d5f75fbc-4f64-4f78-b320-2ca770847800 10001 socket closed
2018-06-24 05:31:32 	 [DEBUG] 	 <tcp.go:32>  	 新连接地址为:[192.168.31.82:57893]
2018-06-24 05:31:32 	 [DEBUG] 	 <client_im.go:91>  	 offlineMsg count 0
2018-06-24 05:31:33 	 [DEBUG] 	 <protocol.go:134>  	 sock read error:EOF
2018-06-24 05:31:33 	 [DEBUG] 	 <client.go:83>  	 EOFconnect offline
2018-06-24 05:31:33 	 [DEBUG] 	 <client.go:148>  	 close client:10001, d5f75fbc-4f64-4f78-b320-2ca770847800
2018-06-24 05:31:33 	 [DEBUG] 	 <client.go:112>  	 client: d5f75fbc-4f64-4f78-b320-2ca770847800 10001 socket closed
2018-06-24 05:31:35 	 [DEBUG] 	 <tcp.go:32>  	 新连接地址为:[192.168.31.82:57894]
2018-06-24 05:31:35 	 [DEBUG] 	 <client_im.go:91>  	 offlineMsg count 0
2018-06-24 05:31:40 	 [DEBUG] 	 <protocol.go:134>  	 sock read error:EOF
2018-06-24 05:31:40 	 [DEBUG] 	 <client.go:83>  	 EOFconnect offline
2018-06-24 05:31:40 	 [DEBUG] 	 <client.go:148>  	 close client:10001, d5f75fbc-4f64-4f78-b320-2ca770847800
2018-06-24 05:31:40 	 [DEBUG] 	 <client.go:112>  	 client: d5f75fbc-4f64-4f78-b320-2ca770847800 10001 socket closed
2018-06-24 05:31:42 	 [DEBUG] 	 <tcp.go:32>  	 新连接地址为:[192.168.31.82:57895]
2018-06-24 05:31:42 	 [DEBUG] 	 <client_im.go:91>  	 offlineMsg count 0
2018-06-24 05:31:52 	 [DEBUG] 	 <protocol.go:134>  	 sock read error:EOF
2018-06-24 05:31:52 	 [DEBUG] 	 <client.go:83>  	 EOFconnect offline
2018-06-24 05:31:52 	 [DEBUG] 	 <client.go:148>  	 close client:10001, d5f75fbc-4f64-4f78-b320-2ca770847800
2018-06-24 05:31:52 	 [DEBUG] 	 <client.go:112>  	 client: d5f75fbc-4f64-4f78-b320-2ca770847800 10001 socket closed
2018-06-24 05:34:06 	 [DEBUG] 	 <tcp.go:32>  	 新连接地址为:[192.168.31.82:57936]
2018-06-24 05:34:06 	 [DEBUG] 	 <client_im.go:91>  	 offlineMsg count 0
2018-06-24 05:34:38 	 [DEBUG] 	 <protocol.go:134>  	 sock read error:EOF
2018-06-24 05:34:38 	 [DEBUG] 	 <client.go:83>  	 EOFconnect offline
2018-06-24 05:34:38 	 [DEBUG] 	 <client.go:148>  	 close client:10001, d5f75fbc-4f64-4f78-b320-2ca770847800
2018-06-24 05:34:38 	 [DEBUG] 	 <client.go:112>  	 client: d5f75fbc-4f64-4f78-b320-2ca770847800 10001 socket closed
2018-06-24 05:34:51 	 [DEBUG] 	 <tcp.go:32>  	 新连接地址为:[192.168.31.82:57958]
2018-06-24 05:34:51 	 [DEBUG] 	 <client_im.go:91>  	 offlineMsg count 0
2018-06-24 05:35:22 	 [DEBUG] 	 <protocol.go:134>  	 sock read error:EOF
2018-06-24 05:35:22 	 [DEBUG] 	 <client.go:83>  	 EOFconnect offline
2018-06-24 05:35:22 	 [DEBUG] 	 <client.go:148>  	 close client:10001, d5f75fbc-4f64-4f78-b320-2ca770847800
2018-06-24 05:35:22 	 [DEBUG] 	 <client.go:112>  	 client: d5f75fbc-4f64-4f78-b320-2ca770847800 10001 socket closed
2018-06-24 05:35:23 	 [DEBUG] 	 <tcp.go:32>  	 新连接地址为:[192.168.31.82:57959]
2018-06-24 05:35:23 	 [DEBUG] 	 <client_im.go:91>  	 offlineMsg count 0
2018-06-24 05:35:31 	 [DEBUG] 	 <protocol.go:134>  	 sock read error:EOF
2018-06-24 05:35:31 	 [DEBUG] 	 <client.go:83>  	 EOFconnect offline
2018-06-24 05:35:31 	 [DEBUG] 	 <client.go:148>  	 close client:10001, d5f75fbc-4f64-4f78-b320-2ca770847800
2018-06-24 05:35:31 	 [DEBUG] 	 <client.go:112>  	 client: d5f75fbc-4f64-4f78-b320-2ca770847800 10001 socket closed
2018-06-24 06:43:48 	 [DEBUG] 	 <tcp.go:32>  	 新连接地址为:[192.168.31.82:58149]
2018-06-24 06:43:48 	 [DEBUG] 	 <client_im.go:91>  	 offlineMsg count 0
2018-06-24 06:44:04 	 [DEBUG] 	 <protocol.go:134>  	 sock read error:EOF
2018-06-24 06:44:04 	 [DEBUG] 	 <client.go:83>  	 EOFconnect offline
2018-06-24 06:44:04 	 [DEBUG] 	 <client.go:148>  	 close client:10001, d5f75fbc-4f64-4f78-b320-2ca770847800
2018-06-24 06:44:04 	 [DEBUG] 	 <client.go:112>  	 client: d5f75fbc-4f64-4f78-b320-2ca770847800 10001 socket closed
2018-06-24 06:44:13 	 [DEBUG] 	 <tcp.go:32>  	 新连接地址为:[192.168.31.82:58212]
2018-06-24 06:44:13 	 [DEBUG] 	 <client_im.go:91>  	 offlineMsg count 0
2018-06-24 06:44:31 	 [DEBUG] 	 <protocol.go:134>  	 sock read error:EOF
2018-06-24 06:44:31 	 [DEBUG] 	 <client.go:83>  	 EOFconnect offline
2018-06-24 06:44:31 	 [DEBUG] 	 <client.go:148>  	 close client:10001, d5f75fbc-4f64-4f78-b320-2ca770847800
2018-06-24 06:44:31 	 [DEBUG] 	 <client.go:112>  	 client: d5f75fbc-4f64-4f78-b320-2ca770847800 10001 socket closed
2018-06-24 07:13:01 	 [DEBUG] 	 <tcp.go:32>  	 新连接地址为:[192.168.31.82:58459]
2018-06-24 07:13:01 	 [DEBUG] 	 <client_im.go:91>  	 offlineMsg count 0
2018-06-24 07:13:03 	 [DEBUG] 	 <protocol.go:134>  	 sock read error:EOF
2018-06-24 07:13:03 	 [DEBUG] 	 <client.go:83>  	 EOFconnect offline
2018-06-24 07:13:03 	 [DEBUG] 	 <client.go:148>  	 close client:10001, d5f75fbc-4f64-4f78-b320-2ca770847800
2018-06-24 07:13:03 	 [DEBUG] 	 <client.go:112>  	 client: d5f75fbc-4f64-4f78-b320-2ca770847800 10001 socket closed
2018-06-24 07:13:13 	 [DEBUG] 	 <tcp.go:32>  	 新连接地址为:[192.168.31.82:58522]
2018-06-24 07:13:13 	 [DEBUG] 	 <client_im.go:91>  	 offlineMsg count 0
2018-06-24 07:15:14 	 [DEBUG] 	 <client_heartbeat.go:9>  	 heartBeet
2018-06-24 07:17:14 	 [DEBUG] 	 <client_heartbeat.go:9>  	 heartBeet
2018-06-24 07:19:13 	 [DEBUG] 	 <client_heartbeat.go:9>  	 heartBeet
2018-06-24 07:20:48 	 [DEBUG] 	 <protocol.go:134>  	 sock read error:EOF
2018-06-24 07:20:48 	 [DEBUG] 	 <client.go:83>  	 EOFconnect offline
2018-06-24 07:20:48 	 [DEBUG] 	 <client.go:148>  	 close client:10001, d5f75fbc-4f64-4f78-b320-2ca770847800
2018-06-24 07:20:48 	 [DEBUG] 	 <client.go:112>  	 client: d5f75fbc-4f64-4f78-b320-2ca770847800 10001 socket closed
2018-06-24 07:20:50 	 [DEBUG] 	 <tcp.go:32>  	 新连接地址为:[192.168.31.82:58525]
2018-06-24 07:20:50 	 [DEBUG] 	 <client_im.go:91>  	 offlineMsg count 0
2018-06-24 07:20:58 	 [DEBUG] 	 <protocol.go:134>  	 sock read error:EOF
2018-06-24 07:20:58 	 [DEBUG] 	 <client.go:83>  	 EOFconnect offline
2018-06-24 07:20:58 	 [DEBUG] 	 <client.go:148>  	 close client:10001, d5f75fbc-4f64-4f78-b320-2ca770847800
2018-06-24 07:20:58 	 [DEBUG] 	 <client.go:112>  	 client: d5f75fbc-4f64-4f78-b320-2ca770847800 10001 socket closed
2018-06-24 07:21:08 	 [DEBUG] 	 <tcp.go:32>  	 新连接地址为:[192.168.31.82:58590]
2018-06-24 07:21:08 	 [DEBUG] 	 <client_im.go:91>  	 offlineMsg count 0
2018-06-24 07:23:09 	 [DEBUG] 	 <client_heartbeat.go:9>  	 heartBeet
2018-06-24 07:23:43 	 [DEBUG] 	 <protocol.go:134>  	 sock read error:EOF
2018-06-24 07:23:43 	 [DEBUG] 	 <client.go:83>  	 EOFconnect offline
2018-06-24 07:23:43 	 [DEBUG] 	 <client.go:148>  	 close client:10001, d5f75fbc-4f64-4f78-b320-2ca770847800
2018-06-24 07:23:43 	 [DEBUG] 	 <client.go:112>  	 client: d5f75fbc-4f64-4f78-b320-2ca770847800 10001 socket closed
2018-06-24 07:23:53 	 [DEBUG] 	 <tcp.go:32>  	 新连接地址为:[192.168.31.82:58656]
2018-06-24 07:23:53 	 [DEBUG] 	 <client_im.go:91>  	 offlineMsg count 0
2018-06-24 07:25:53 	 [DEBUG] 	 <client_heartbeat.go:9>  	 heartBeet
2018-06-24 07:26:11 	 [DEBUG] 	 <protocol.go:134>  	 sock read error:EOF
2018-06-24 07:26:11 	 [DEBUG] 	 <client.go:83>  	 EOFconnect offline
2018-06-24 07:26:11 	 [DEBUG] 	 <client.go:148>  	 close client:10001, d5f75fbc-4f64-4f78-b320-2ca770847800
2018-06-24 07:26:11 	 [DEBUG] 	 <client.go:112>  	 client: d5f75fbc-4f64-4f78-b320-2ca770847800 10001 socket closed
2018-06-24 07:26:21 	 [DEBUG] 	 <tcp.go:32>  	 新连接地址为:[192.168.31.82:58721]
2018-06-24 07:26:21 	 [DEBUG] 	 <client_im.go:91>  	 offlineMsg count 0
2018-06-24 07:27:14 	 [DEBUG] 	 <protocol.go:134>  	 sock read error:EOF
2018-06-24 07:27:14 	 [DEBUG] 	 <client.go:83>  	 EOFconnect offline
2018-06-24 07:27:14 	 [DEBUG] 	 <client.go:148>  	 close client:10001, d5f75fbc-4f64-4f78-b320-2ca770847800
2018-06-24 07:27:14 	 [DEBUG] 	 <client.go:112>  	 client: d5f75fbc-4f64-4f78-b320-2ca770847800 10001 socket closed
2018-06-24 07:27:33 	 [DEBUG] 	 <tcp.go:32>  	 新连接地址为:[192.168.31.82:58836]
2018-06-24 07:27:33 	 [DEBUG] 	 <client_im.go:91>  	 offlineMsg count 0
2018-06-24 07:27:50 	 [DEBUG] 	 <protocol.go:134>  	 sock read error:EOF
2018-06-24 07:27:50 	 [DEBUG] 	 <client.go:83>  	 EOFconnect offline
2018-06-24 07:27:50 	 [DEBUG] 	 <client.go:148>  	 close client:10001, d5f75fbc-4f64-4f78-b320-2ca770847800
2018-06-24 07:27:50 	 [DEBUG] 	 <client.go:112>  	 client: d5f75fbc-4f64-4f78-b320-2ca770847800 10001 socket closed
2018-06-24 07:27:54 	 [DEBUG] 	 <tcp.go:32>  	 新连接地址为:[192.168.31.82:58837]
2018-06-24 07:27:54 	 [DEBUG] 	 <client_im.go:91>  	 offlineMsg count 0
2018-06-24 07:27:58 	 [DEBUG] 	 <protocol.go:134>  	 sock read error:EOF
2018-06-24 07:27:58 	 [DEBUG] 	 <client.go:83>  	 EOFconnect offline
2018-06-24 07:27:58 	 [DEBUG] 	 <client.go:148>  	 close client:10001, d5f75fbc-4f64-4f78-b320-2ca770847800
2018-06-24 07:27:58 	 [DEBUG] 	 <client.go:112>  	 client: d5f75fbc-4f64-4f78-b320-2ca770847800 10001 socket closed
2018-06-24 07:28:24 	 [DEBUG] 	 <tcp.go:32>  	 新连接地址为:[192.168.31.82:58900]
2018-06-24 07:28:24 	 [DEBUG] 	 <client_im.go:91>  	 offlineMsg count 0
2018-06-24 07:28:43 	 [DEBUG] 	 <protocol.go:134>  	 sock read error:EOF
2018-06-24 07:28:43 	 [DEBUG] 	 <client.go:83>  	 EOFconnect offline
2018-06-24 07:28:43 	 [DEBUG] 	 <client.go:148>  	 close client:10001, d5f75fbc-4f64-4f78-b320-2ca770847800
2018-06-24 07:28:43 	 [DEBUG] 	 <client.go:112>  	 client: d5f75fbc-4f64-4f78-b320-2ca770847800 10001 socket closed
2018-06-24 07:28:54 	 [DEBUG] 	 <tcp.go:32>  	 新连接地址为:[192.168.31.82:58965]
2018-06-24 07:28:54 	 [DEBUG] 	 <client_im.go:91>  	 offlineMsg count 0
2018-06-24 07:29:37 	 [DEBUG] 	 <protocol.go:134>  	 sock read error:EOF
2018-06-24 07:29:37 	 [DEBUG] 	 <client.go:83>  	 EOFconnect offline
2018-06-24 07:29:37 	 [DEBUG] 	 <client.go:148>  	 close client:10001, d5f75fbc-4f64-4f78-b320-2ca770847800
2018-06-24 07:29:37 	 [DEBUG] 	 <client.go:112>  	 client: d5f75fbc-4f64-4f78-b320-2ca770847800 10001 socket closed
2018-06-24 07:58:52 	 [DEBUG] 	 <tcp.go:32>  	 新连接地址为:[192.168.31.82:59006]
2018-06-24 07:58:52 	 [DEBUG] 	 <client_im.go:91>  	 offlineMsg count 0
2018-06-24 07:59:21 	 [DEBUG] 	 <protocol.go:134>  	 sock read error:EOF
2018-06-24 07:59:21 	 [DEBUG] 	 <client.go:83>  	 EOFconnect offline
2018-06-24 07:59:21 	 [DEBUG] 	 <client.go:148>  	 close client:10001, d5f75fbc-4f64-4f78-b320-2ca770847800
2018-06-24 07:59:21 	 [DEBUG] 	 <client.go:112>  	 client: d5f75fbc-4f64-4f78-b320-2ca770847800 10001 socket closed
2018-06-24 07:59:29 	 [DEBUG] 	 <tcp.go:32>  	 新连接地址为:[192.168.31.82:59071]
2018-06-24 07:59:29 	 [DEBUG] 	 <client_im.go:91>  	 offlineMsg count 0
2018-06-24 08:00:13 	 [DEBUG] 	 <protocol.go:134>  	 sock read error:EOF
2018-06-24 08:00:13 	 [DEBUG] 	 <client.go:83>  	 EOFconnect offline
2018-06-24 08:00:13 	 [DEBUG] 	 <client.go:148>  	 close client:10001, d5f75fbc-4f64-4f78-b320-2ca770847800
2018-06-24 08:00:13 	 [DEBUG] 	 <client.go:112>  	 client: d5f75fbc-4f64-4f78-b320-2ca770847800 10001 socket closed
2018-06-24 08:00:23 	 [DEBUG] 	 <tcp.go:32>  	 新连接地址为:[192.168.31.82:59135]
2018-06-24 08:00:23 	 [DEBUG] 	 <client_im.go:91>  	 offlineMsg count 0
2018-06-24 08:00:39 	 [DEBUG] 	 <protocol.go:134>  	 sock read error:EOF
2018-06-24 08:00:39 	 [DEBUG] 	 <client.go:83>  	 EOFconnect offline
2018-06-24 08:00:39 	 [DEBUG] 	 <client.go:148>  	 close client:10001, d5f75fbc-4f64-4f78-b320-2ca770847800
2018-06-24 08:00:39 	 [DEBUG] 	 <client.go:112>  	 client: d5f75fbc-4f64-4f78-b320-2ca770847800 10001 socket closed
2018-06-24 08:00:49 	 [DEBUG] 	 <tcp.go:32>  	 新连接地址为:[192.168.31.82:59200]
2018-06-24 08:00:49 	 [DEBUG] 	 <client_im.go:91>  	 offlineMsg count 0
2018-06-24 08:01:10 	 [DEBUG] 	 <protocol.go:134>  	 sock read error:EOF
2018-06-24 08:01:10 	 [DEBUG] 	 <client.go:83>  	 EOFconnect offline
2018-06-24 08:01:10 	 [DEBUG] 	 <client.go:148>  	 close client:10001, d5f75fbc-4f64-4f78-b320-2ca770847800
2018-06-24 08:01:10 	 [DEBUG] 	 <client.go:112>  	 client: d5f75fbc-4f64-4f78-b320-2ca770847800 10001 socket closed
2018-06-24 08:03:59 	 [DEBUG] 	 <tcp.go:32>  	 新连接地址为:[192.168.31.82:59328]
2018-06-24 08:03:59 	 [DEBUG] 	 <protocol.go:134>  	 sock read error:EOF
2018-06-24 08:03:59 	 [DEBUG] 	 <client.go:83>  	 EOFconnect offline
2018-06-24 08:03:59 	 [DEBUG] 	 <client.go:148>  	 close client:0, 
2018-06-24 08:03:59 	 [DEBUG] 	 <client.go:112>  	 client:  0 socket closed
2018-06-24 08:03:59 	 [DEBUG] 	 <tcp.go:32>  	 新连接地址为:[192.168.31.82:59331]
2018-06-24 08:03:59 	 [DEBUG] 	 <client_im.go:91>  	 offlineMsg count 0
2018-06-24 08:04:00 	 [DEBUG] 	 <protocol.go:134>  	 sock read error:EOF
2018-06-24 08:04:00 	 [DEBUG] 	 <client.go:83>  	 EOFconnect offline
2018-06-24 08:04:00 	 [DEBUG] 	 <client.go:148>  	 close client:10002, 80d07eb7-09d5-4332-aa4d-01990a291dfd
2018-06-24 08:04:00 	 [DEBUG] 	 <client.go:112>  	 client: 80d07eb7-09d5-4332-aa4d-01990a291dfd 10002 socket closed
2018-06-24 08:04:00 	 [DEBUG] 	 <tcp.go:32>  	 新连接地址为:[192.168.31.82:59332]
2018-06-24 08:04:00 	 [DEBUG] 	 <client_im.go:91>  	 offlineMsg count 0
2018-06-24 08:05:04 	 [DEBUG] 	 <protocol.go:134>  	 sock read error:EOF
2018-06-24 08:05:04 	 [DEBUG] 	 <client.go:83>  	 EOFconnect offline
2018-06-24 08:05:04 	 [DEBUG] 	 <client.go:148>  	 close client:10002, 80d07eb7-09d5-4332-aa4d-01990a291dfd
2018-06-24 08:05:04 	 [DEBUG] 	 <client.go:112>  	 client: 80d07eb7-09d5-4332-aa4d-01990a291dfd 10002 socket closed
2018-06-24 08:06:42 	 [DEBUG] 	 <tcp.go:32>  	 新连接地址为:[192.168.31.82:59452]
2018-06-24 08:06:42 	 [DEBUG] 	 <client_im.go:91>  	 offlineMsg count 0
2018-06-24 08:07:17 	 [DEBUG] 	 <protocol.go:134>  	 sock read error:EOF
2018-06-24 08:07:17 	 [DEBUG] 	 <client.go:83>  	 EOFconnect offline
2018-06-24 08:07:17 	 [DEBUG] 	 <client.go:148>  	 close client:10002, 80d07eb7-09d5-4332-aa4d-01990a291dfd
2018-06-24 08:07:17 	 [DEBUG] 	 <client.go:112>  	 client: 80d07eb7-09d5-4332-aa4d-01990a291dfd 10002 socket closed
2018-06-24 08:10:50 	 [DEBUG] 	 <tcp.go:32>  	 新连接地址为:[192.168.31.82:59590]
2018-06-24 08:10:51 	 [DEBUG] 	 <protocol.go:134>  	 sock read error:EOF
2018-06-24 08:10:51 	 [DEBUG] 	 <client.go:83>  	 EOFconnect offline
2018-06-24 08:10:51 	 [DEBUG] 	 <client.go:148>  	 close client:0, 
2018-06-24 08:10:51 	 [DEBUG] 	 <client.go:112>  	 client:  0 socket closed
2018-06-24 08:10:51 	 [DEBUG] 	 <tcp.go:32>  	 新连接地址为:[192.168.31.82:59593]
2018-06-24 08:10:51 	 [DEBUG] 	 <client_im.go:91>  	 offlineMsg count 0
2018-06-24 08:10:51 	 [DEBUG] 	 <protocol.go:134>  	 sock read error:EOF
2018-06-24 08:10:51 	 [DEBUG] 	 <client.go:83>  	 EOFconnect offline
2018-06-24 08:10:51 	 [DEBUG] 	 <client.go:148>  	 close client:10002, 80d07eb7-09d5-4332-aa4d-01990a291dfd
2018-06-24 08:10:51 	 [DEBUG] 	 <client.go:112>  	 client: 80d07eb7-09d5-4332-aa4d-01990a291dfd 10002 socket closed
2018-06-24 08:10:52 	 [DEBUG] 	 <tcp.go:32>  	 新连接地址为:[192.168.31.82:59594]
2018-06-24 08:10:52 	 [DEBUG] 	 <client_im.go:91>  	 offlineMsg count 0
2018-06-24 08:11:23 	 [DEBUG] 	 <protocol.go:134>  	 sock read error:EOF
2018-06-24 08:11:23 	 [DEBUG] 	 <client.go:83>  	 EOFconnect offline
2018-06-24 08:11:23 	 [DEBUG] 	 <client.go:148>  	 close client:10002, 80d07eb7-09d5-4332-aa4d-01990a291dfd
2018-06-24 08:11:23 	 [DEBUG] 	 <client.go:112>  	 client: 80d07eb7-09d5-4332-aa4d-01990a291dfd 10002 socket closed
2018-06-24 08:12:43 	 [DEBUG] 	 <tcp.go:32>  	 新连接地址为:[192.168.31.82:59659]
2018-06-24 08:12:43 	 [DEBUG] 	 <client_im.go:91>  	 offlineMsg count 0
2018-06-24 08:12:54 	 [DEBUG] 	 <protocol.go:134>  	 sock read error:EOF
2018-06-24 08:12:54 	 [DEBUG] 	 <client.go:83>  	 EOFconnect offline
2018-06-24 08:12:54 	 [DEBUG] 	 <client.go:148>  	 close client:10002, 80d07eb7-09d5-4332-aa4d-01990a291dfd
2018-06-24 08:12:54 	 [DEBUG] 	 <client.go:112>  	 client: 80d07eb7-09d5-4332-aa4d-01990a291dfd 10002 socket closed
2018-06-24 08:12:56 	 [DEBUG] 	 <tcp.go:32>  	 新连接地址为:[192.168.31.82:59660]
2018-06-24 08:12:56 	 [DEBUG] 	 <client_im.go:91>  	 offlineMsg count 0
2018-06-24 08:13:12 	 [DEBUG] 	 <protocol.go:134>  	 sock read error:EOF
2018-06-24 08:13:12 	 [DEBUG] 	 <client.go:83>  	 EOFconnect offline
2018-06-24 08:13:12 	 [DEBUG] 	 <client.go:148>  	 close client:10002, 80d07eb7-09d5-4332-aa4d-01990a291dfd
2018-06-24 08:13:12 	 [DEBUG] 	 <client.go:112>  	 client: 80d07eb7-09d5-4332-aa4d-01990a291dfd 10002 socket closed
2018-06-24 08:13:15 	 [DEBUG] 	 <tcp.go:32>  	 新连接地址为:[192.168.31.82:59661]
2018-06-24 08:13:15 	 [DEBUG] 	 <client_im.go:91>  	 offlineMsg count 0
2018-06-24 08:13:15 	 [DEBUG] 	 <protocol.go:134>  	 sock read error:EOF
2018-06-24 08:13:15 	 [DEBUG] 	 <client.go:83>  	 EOFconnect offline
2018-06-24 08:13:15 	 [DEBUG] 	 <client.go:148>  	 close client:10002, 80d07eb7-09d5-4332-aa4d-01990a291dfd
2018-06-24 08:13:15 	 [DEBUG] 	 <client.go:112>  	 client: 80d07eb7-09d5-4332-aa4d-01990a291dfd 10002 socket closed
2018-06-24 08:13:21 	 [DEBUG] 	 <tcp.go:32>  	 新连接地址为:[192.168.31.82:59662]
2018-06-24 08:13:21 	 [DEBUG] 	 <client_im.go:91>  	 offlineMsg count 0
2018-06-24 08:13:26 	 [DEBUG] 	 <protocol.go:134>  	 sock read error:EOF
2018-06-24 08:13:26 	 [DEBUG] 	 <client.go:83>  	 EOFconnect offline
2018-06-24 08:13:26 	 [DEBUG] 	 <client.go:148>  	 close client:10002, 80d07eb7-09d5-4332-aa4d-01990a291dfd
2018-06-24 08:13:26 	 [DEBUG] 	 <client.go:112>  	 client: 80d07eb7-09d5-4332-aa4d-01990a291dfd 10002 socket closed
2018-06-24 08:14:39 	 [DEBUG] 	 <tcp.go:32>  	 新连接地址为:[192.168.31.82:59674]
2018-06-24 08:14:39 	 [DEBUG] 	 <client_im.go:91>  	 offlineMsg count 0
2018-06-24 08:14:44 	 [DEBUG] 	 <client_heartbeat.go:9>  	 heartBeet
2018-06-24 08:15:12 	 [DEBUG] 	 <protocol.go:134>  	 sock read error:EOF
2018-06-24 08:15:12 	 [DEBUG] 	 <client.go:83>  	 EOFconnect offline
2018-06-24 08:15:12 	 [DEBUG] 	 <client.go:148>  	 close client:10002, 80d07eb7-09d5-4332-aa4d-01990a291dfd
2018-06-24 08:15:12 	 [DEBUG] 	 <client.go:112>  	 client: 80d07eb7-09d5-4332-aa4d-01990a291dfd 10002 socket closed
2018-06-24 08:15:14 	 [DEBUG] 	 <tcp.go:32>  	 新连接地址为:[192.168.31.82:59676]
2018-06-24 08:15:14 	 [DEBUG] 	 <client_im.go:91>  	 offlineMsg count 0
2018-06-24 08:15:21 	 [DEBUG] 	 <protocol.go:134>  	 sock read error:EOF
2018-06-24 08:15:21 	 [DEBUG] 	 <client.go:83>  	 EOFconnect offline
2018-06-24 08:15:21 	 [DEBUG] 	 <client.go:148>  	 close client:10002, 80d07eb7-09d5-4332-aa4d-01990a291dfd
2018-06-24 08:15:21 	 [DEBUG] 	 <client.go:112>  	 client: 80d07eb7-09d5-4332-aa4d-01990a291dfd 10002 socket closed
2018-06-24 08:15:24 	 [DEBUG] 	 <tcp.go:32>  	 新连接地址为:[192.168.31.82:59677]
2018-06-24 08:15:24 	 [DEBUG] 	 <client_im.go:91>  	 offlineMsg count 0
2018-06-24 08:15:29 	 [DEBUG] 	 <protocol.go:134>  	 sock read error:EOF
2018-06-24 08:15:29 	 [DEBUG] 	 <client.go:83>  	 EOFconnect offline
2018-06-24 08:15:29 	 [DEBUG] 	 <client.go:148>  	 close client:10002, 80d07eb7-09d5-4332-aa4d-01990a291dfd
2018-06-24 08:15:29 	 [DEBUG] 	 <client.go:112>  	 client: 80d07eb7-09d5-4332-aa4d-01990a291dfd 10002 socket closed
2018-06-24 13:24:14 	 [DEBUG] 	 <tcp.go:32>  	 新连接地址为:[192.168.31.82:59796]
2018-06-24 13:24:14 	 [DEBUG] 	 <client_heartbeat.go:9>  	 heartBeet
2018-06-24 13:24:14 	 [DEBUG] 	 <client_im.go:91>  	 offlineMsg count 0
2018-06-24 13:25:16 	 [DEBUG] 	 <client_heartbeat.go:9>  	 heartBeet
2018-06-24 13:25:24 	 [DEBUG] 	 <protocol.go:134>  	 sock read error:EOF
2018-06-24 13:25:24 	 [DEBUG] 	 <client.go:83>  	 EOFconnect offline
2018-06-24 13:25:24 	 [DEBUG] 	 <client.go:148>  	 close client:10002, 80d07eb7-09d5-4332-aa4d-01990a291dfd
2018-06-24 13:25:24 	 [DEBUG] 	 <client.go:112>  	 client: 80d07eb7-09d5-4332-aa4d-01990a291dfd 10002 socket closed
2018-06-24 13:28:29 	 [DEBUG] 	 <tcp.go:32>  	 新连接地址为:[192.168.31.41:62681]
2018-06-24 13:28:29 	 [DEBUG] 	 <client_heartbeat.go:9>  	 heartBeet
2018-06-24 13:28:29 	 [DEBUG] 	 <client_im.go:91>  	 offlineMsg count 0
2018-06-24 13:28:37 	 [DEBUG] 	 <client_heartbeat.go:9>  	 heartBeet
2018-06-24 13:28:42 	 [DEBUG] 	 <tcp.go:32>  	 新连接地址为:[192.168.31.82:59803]
2018-06-24 13:28:42 	 [DEBUG] 	 <client_heartbeat.go:9>  	 heartBeet
2018-06-24 13:28:42 	 [DEBUG] 	 <client_im.go:91>  	 offlineMsg count 0
2018-06-24 13:29:16 	 [DEBUG] 	 <client_heartbeat.go:9>  	 heartBeet
2018-06-24 13:29:59 	 [DEBUG] 	 <protocol.go:134>  	 sock read error:EOF
2018-06-24 13:29:59 	 [DEBUG] 	 <client.go:83>  	 EOFconnect offline
2018-06-24 13:29:59 	 [DEBUG] 	 <client.go:148>  	 close client:10002, 80d07eb7-09d5-4332-aa4d-01990a291dfd
2018-06-24 13:29:59 	 [DEBUG] 	 <client.go:112>  	 client: 80d07eb7-09d5-4332-aa4d-01990a291dfd 10002 socket closed
2018-06-24 13:30:41 	 [DEBUG] 	 <protocol.go:134>  	 sock read error:EOF
2018-06-24 13:30:41 	 [DEBUG] 	 <client.go:83>  	 EOFconnect offline
2018-06-24 13:30:41 	 [DEBUG] 	 <client.go:148>  	 close client:10002, 80d07eb7-09d5-4332-aa4d-01990a291dfd
2018-06-24 13:30:41 	 [DEBUG] 	 <client.go:112>  	 client: 80d07eb7-09d5-4332-aa4d-01990a291dfd 10002 socket closed
2018-06-24 13:30:55 	 [DEBUG] 	 <tcp.go:32>  	 新连接地址为:[192.168.31.82:59826]
2018-06-24 13:30:55 	 [DEBUG] 	 <client_im.go:91>  	 offlineMsg count 0
2018-06-24 13:31:18 	 [DEBUG] 	 <protocol.go:134>  	 sock read error:EOF
2018-06-24 13:31:18 	 [DEBUG] 	 <client.go:83>  	 EOFconnect offline
2018-06-24 13:31:18 	 [DEBUG] 	 <client.go:148>  	 close client:10002, 80d07eb7-09d5-4332-aa4d-01990a291dfd
2018-06-24 13:31:18 	 [DEBUG] 	 <client.go:112>  	 client: 80d07eb7-09d5-4332-aa4d-01990a291dfd 10002 socket closed
2018-06-24 13:49:38 	 [DEBUG] 	 <tcp.go:32>  	 新连接地址为:[192.168.31.41:62772]
2018-06-24 13:49:38 	 [DEBUG] 	 <client_heartbeat.go:9>  	 heartBeet
2018-06-24 13:49:38 	 [DEBUG] 	 <client_im.go:91>  	 offlineMsg count 0
2018-06-24 13:50:38 	 [DEBUG] 	 <client_heartbeat.go:9>  	 heartBeet
2018-06-24 13:50:43 	 [DEBUG] 	 <protocol.go:134>  	 sock read error:EOF
2018-06-24 13:50:43 	 [DEBUG] 	 <client.go:83>  	 EOFconnect offline
2018-06-24 13:50:43 	 [DEBUG] 	 <client.go:148>  	 close client:10002, 80d07eb7-09d5-4332-aa4d-01990a291dfd
2018-06-24 13:50:43 	 [DEBUG] 	 <client.go:112>  	 client: 80d07eb7-09d5-4332-aa4d-01990a291dfd 10002 socket closed
2018-06-24 13:57:38 	 [DEBUG] 	 <tcp.go:32>  	 新连接地址为:[192.168.31.82:59972]
2018-06-24 13:57:39 	 [DEBUG] 	 <protocol.go:134>  	 sock read error:EOF
2018-06-24 13:57:39 	 [DEBUG] 	 <client.go:83>  	 EOFconnect offline
2018-06-24 13:57:39 	 [DEBUG] 	 <client.go:148>  	 close client:0, 
2018-06-24 13:57:39 	 [DEBUG] 	 <client.go:112>  	 client:  0 socket closed
2018-06-24 13:57:39 	 [DEBUG] 	 <tcp.go:32>  	 新连接地址为:[192.168.31.82:59975]
2018-06-24 13:57:39 	 [DEBUG] 	 <client_im.go:91>  	 offlineMsg count 0
2018-06-24 13:57:39 	 [DEBUG] 	 <protocol.go:134>  	 sock read error:EOF
2018-06-24 13:57:39 	 [DEBUG] 	 <client.go:83>  	 EOFconnect offline
2018-06-24 13:57:39 	 [DEBUG] 	 <client.go:148>  	 close client:10002, 80d07eb7-09d5-4332-aa4d-01990a291dfd
2018-06-24 13:57:39 	 [DEBUG] 	 <client.go:112>  	 client: 80d07eb7-09d5-4332-aa4d-01990a291dfd 10002 socket closed
2018-06-24 13:57:40 	 [DEBUG] 	 <tcp.go:32>  	 新连接地址为:[192.168.31.82:59976]
2018-06-24 13:57:40 	 [DEBUG] 	 <client_im.go:91>  	 offlineMsg count 0
2018-06-24 13:58:07 	 [DEBUG] 	 <protocol.go:134>  	 sock read error:EOF
2018-06-24 13:58:07 	 [DEBUG] 	 <client.go:83>  	 EOFconnect offline
2018-06-24 13:58:07 	 [DEBUG] 	 <client.go:148>  	 close client:10002, 80d07eb7-09d5-4332-aa4d-01990a291dfd
2018-06-24 13:58:07 	 [DEBUG] 	 <client.go:112>  	 client: 80d07eb7-09d5-4332-aa4d-01990a291dfd 10002 socket closed
2018-06-24 13:58:10 	 [DEBUG] 	 <tcp.go:32>  	 新连接地址为:[192.168.31.82:59978]
2018-06-24 13:58:10 	 [DEBUG] 	 <client_im.go:91>  	 offlineMsg count 0
2018-06-24 13:58:17 	 [DEBUG] 	 <protocol.go:134>  	 sock read error:EOF
2018-06-24 13:58:17 	 [DEBUG] 	 <client.go:83>  	 EOFconnect offline
2018-06-24 13:58:17 	 [DEBUG] 	 <client.go:148>  	 close client:10002, 80d07eb7-09d5-4332-aa4d-01990a291dfd
2018-06-24 13:58:17 	 [DEBUG] 	 <client.go:112>  	 client: 80d07eb7-09d5-4332-aa4d-01990a291dfd 10002 socket closed
2018-06-24 13:58:22 	 [DEBUG] 	 <tcp.go:32>  	 新连接地址为:[192.168.31.82:59979]
2018-06-24 13:58:22 	 [DEBUG] 	 <client_im.go:91>  	 offlineMsg count 0
2018-06-24 13:58:34 	 [DEBUG] 	 <protocol.go:134>  	 sock read error:EOF
2018-06-24 13:58:34 	 [DEBUG] 	 <client.go:83>  	 EOFconnect offline
2018-06-24 13:58:34 	 [DEBUG] 	 <client.go:148>  	 close client:10002, 80d07eb7-09d5-4332-aa4d-01990a291dfd
2018-06-24 13:58:34 	 [DEBUG] 	 <client.go:112>  	 client: 80d07eb7-09d5-4332-aa4d-01990a291dfd 10002 socket closed
2018-06-24 13:59:16 	 [DEBUG] 	 <tcp.go:32>  	 新连接地址为:[192.168.31.82:60001]
2018-06-24 13:59:16 	 [DEBUG] 	 <client_im.go:91>  	 offlineMsg count 0
2018-06-24 14:01:16 	 [DEBUG] 	 <client_heartbeat.go:9>  	 heartBeet
2018-06-24 14:03:18 	 [DEBUG] 	 <client_heartbeat.go:9>  	 heartBeet
2018-06-24 14:05:18 	 [DEBUG] 	 <client_heartbeat.go:9>  	 heartBeet
2018-06-24 14:07:17 	 [DEBUG] 	 <client_heartbeat.go:9>  	 heartBeet
2018-06-24 14:09:17 	 [DEBUG] 	 <client_heartbeat.go:9>  	 heartBeet
2018-06-24 14:11:18 	 [DEBUG] 	 <client_heartbeat.go:9>  	 heartBeet
2018-06-24 14:11:29 	 [DEBUG] 	 <protocol.go:134>  	 sock read error:EOF
2018-06-24 14:11:29 	 [DEBUG] 	 <client.go:83>  	 EOFconnect offline
2018-06-24 14:11:29 	 [DEBUG] 	 <client.go:148>  	 close client:10002, 80d07eb7-09d5-4332-aa4d-01990a291dfd
2018-06-24 14:11:29 	 [DEBUG] 	 <client.go:112>  	 client: 80d07eb7-09d5-4332-aa4d-01990a291dfd 10002 socket closed
2018-06-24 14:11:32 	 [DEBUG] 	 <tcp.go:32>  	 新连接地址为:[192.168.31.41:62923]
2018-06-24 14:11:32 	 [DEBUG] 	 <client_heartbeat.go:9>  	 heartBeet
2018-06-24 14:11:32 	 [DEBUG] 	 <client_im.go:91>  	 offlineMsg count 0
2018-06-24 14:12:36 	 [DEBUG] 	 <client_heartbeat.go:9>  	 heartBeet
2018-06-24 14:13:19 	 [DEBUG] 	 <protocol.go:134>  	 sock read error:EOF
2018-06-24 14:13:19 	 [DEBUG] 	 <client.go:83>  	 EOFconnect offline
2018-06-24 14:13:19 	 [DEBUG] 	 <client.go:148>  	 close client:10002, 80d07eb7-09d5-4332-aa4d-01990a291dfd
2018-06-24 14:13:19 	 [DEBUG] 	 <client.go:112>  	 client: 80d07eb7-09d5-4332-aa4d-01990a291dfd 10002 socket closed
2018-06-24 14:23:34 	 [DEBUG] 	 <tcp.go:32>  	 新连接地址为:[192.168.31.41:62986]
2018-06-24 14:23:34 	 [DEBUG] 	 <client_heartbeat.go:9>  	 heartBeet
2018-06-24 14:23:34 	 [DEBUG] 	 <client_im.go:91>  	 offlineMsg count 0
2018-06-24 14:24:17 	 [DEBUG] 	 <tcp.go:32>  	 新连接地址为:[192.168.31.82:60128]
2018-06-24 14:24:17 	 [DEBUG] 	 <client_im.go:91>  	 offlineMsg count 0
2018-06-24 14:24:36 	 [DEBUG] 	 <client_heartbeat.go:9>  	 heartBeet
2018-06-24 14:25:09 	 [DEBUG] 	 <protocol.go:134>  	 sock read error:EOF
2018-06-24 14:25:09 	 [DEBUG] 	 <client.go:83>  	 EOFconnect offline
2018-06-24 14:25:09 	 [DEBUG] 	 <client.go:148>  	 close client:10002, 80d07eb7-09d5-4332-aa4d-01990a291dfd
2018-06-24 14:25:09 	 [DEBUG] 	 <client.go:112>  	 client: 80d07eb7-09d5-4332-aa4d-01990a291dfd 10002 socket closed
2018-06-24 14:26:18 	 [DEBUG] 	 <client_heartbeat.go:9>  	 heartBeet
2018-06-24 14:27:27 	 [DEBUG] 	 <protocol.go:134>  	 sock read error:EOF
2018-06-24 14:27:27 	 [DEBUG] 	 <client.go:83>  	 EOFconnect offline
2018-06-24 14:27:27 	 [DEBUG] 	 <client.go:148>  	 close client:10002, 80d07eb7-09d5-4332-aa4d-01990a291dfd
2018-06-24 14:27:27 	 [DEBUG] 	 <client.go:112>  	 client: 80d07eb7-09d5-4332-aa4d-01990a291dfd 10002 socket closed
2018-06-24 14:27:40 	 [DEBUG] 	 <tcp.go:32>  	 新连接地址为:[192.168.31.82:60150]
2018-06-24 14:27:40 	 [DEBUG] 	 <client_im.go:91>  	 offlineMsg count 0
2018-06-24 14:27:51 	 [DEBUG] 	 <protocol.go:134>  	 sock read error:EOF
2018-06-24 14:27:51 	 [DEBUG] 	 <client.go:83>  	 EOFconnect offline
2018-06-24 14:27:51 	 [DEBUG] 	 <client.go:148>  	 close client:10002, 80d07eb7-09d5-4332-aa4d-01990a291dfd
2018-06-24 14:27:51 	 [DEBUG] 	 <client.go:112>  	 client: 80d07eb7-09d5-4332-aa4d-01990a291dfd 10002 socket closed
2018-06-24 14:36:12 	 [DEBUG] 	 <tcp.go:32>  	 新连接地址为:[192.168.31.82:60236]
2018-06-24 14:36:13 	 [DEBUG] 	 <protocol.go:134>  	 sock read error:EOF
2018-06-24 14:36:13 	 [DEBUG] 	 <client.go:83>  	 EOFconnect offline
2018-06-24 14:36:13 	 [DEBUG] 	 <client.go:148>  	 close client:0, 
2018-06-24 14:36:13 	 [DEBUG] 	 <client.go:112>  	 client:  0 socket closed
2018-06-24 14:36:13 	 [DEBUG] 	 <tcp.go:32>  	 新连接地址为:[192.168.31.82:60239]
2018-06-24 14:36:13 	 [DEBUG] 	 <client_im.go:91>  	 offlineMsg count 0
2018-06-24 14:36:17 	 [DEBUG] 	 <protocol.go:134>  	 sock read error:EOF
2018-06-24 14:36:17 	 [DEBUG] 	 <client.go:83>  	 EOFconnect offline
2018-06-24 14:36:17 	 [DEBUG] 	 <client.go:148>  	 close client:10002, 80d07eb7-09d5-4332-aa4d-01990a291dfd
2018-06-24 14:36:17 	 [DEBUG] 	 <client.go:112>  	 client: 80d07eb7-09d5-4332-aa4d-01990a291dfd 10002 socket closed
2018-06-24 14:36:18 	 [DEBUG] 	 <tcp.go:32>  	 新连接地址为:[192.168.31.82:60240]
2018-06-24 14:36:18 	 [DEBUG] 	 <client_im.go:91>  	 offlineMsg count 0
2018-06-24 14:38:07 	 [DEBUG] 	 <protocol.go:134>  	 sock read error:EOF
2018-06-24 14:38:07 	 [DEBUG] 	 <client.go:83>  	 EOFconnect offline
2018-06-24 14:38:07 	 [DEBUG] 	 <client.go:148>  	 close client:10002, 80d07eb7-09d5-4332-aa4d-01990a291dfd
2018-06-24 14:38:07 	 [DEBUG] 	 <client.go:112>  	 client: 80d07eb7-09d5-4332-aa4d-01990a291dfd 10002 socket closed
2018-06-24 14:38:22 	 [DEBUG] 	 <tcp.go:32>  	 新连接地址为:[192.168.31.82:60262]
2018-06-24 14:38:22 	 [DEBUG] 	 <client_im.go:91>  	 offlineMsg count 0
2018-06-24 14:39:45 	 [DEBUG] 	 <protocol.go:134>  	 sock read error:EOF
2018-06-24 14:39:45 	 [DEBUG] 	 <client.go:83>  	 EOFconnect offline
2018-06-24 14:39:45 	 [DEBUG] 	 <client.go:148>  	 close client:10002, 80d07eb7-09d5-4332-aa4d-01990a291dfd
2018-06-24 14:39:45 	 [DEBUG] 	 <client.go:112>  	 client: 80d07eb7-09d5-4332-aa4d-01990a291dfd 10002 socket closed
2018-06-24 14:40:27 	 [DEBUG] 	 <tcp.go:32>  	 新连接地址为:[192.168.31.82:60286]
2018-06-24 14:40:28 	 [DEBUG] 	 <protocol.go:134>  	 sock read error:EOF
2018-06-24 14:40:28 	 [DEBUG] 	 <client.go:83>  	 EOFconnect offline
2018-06-24 14:40:28 	 [DEBUG] 	 <client.go:148>  	 close client:0, 
2018-06-24 14:40:28 	 [DEBUG] 	 <client.go:112>  	 client:  0 socket closed
2018-06-24 14:40:28 	 [DEBUG] 	 <tcp.go:32>  	 新连接地址为:[192.168.31.82:60287]
2018-06-24 14:40:28 	 [DEBUG] 	 <client_im.go:91>  	 offlineMsg count 0
2018-06-24 14:40:33 	 [DEBUG] 	 <protocol.go:134>  	 sock read error:EOF
2018-06-24 14:40:33 	 [DEBUG] 	 <client.go:83>  	 EOFconnect offline
2018-06-24 14:40:33 	 [DEBUG] 	 <client.go:148>  	 close client:10002, 80d07eb7-09d5-4332-aa4d-01990a291dfd
2018-06-24 14:40:33 	 [DEBUG] 	 <client.go:112>  	 client: 80d07eb7-09d5-4332-aa4d-01990a291dfd 10002 socket closed
2018-06-24 14:40:34 	 [DEBUG] 	 <tcp.go:32>  	 新连接地址为:[192.168.31.82:60288]
2018-06-24 14:40:34 	 [DEBUG] 	 <client_im.go:91>  	 offlineMsg count 0
2018-06-24 14:40:59 	 [DEBUG] 	 <protocol.go:134>  	 sock read error:EOF
2018-06-24 14:40:59 	 [DEBUG] 	 <client.go:83>  	 EOFconnect offline
2018-06-24 14:40:59 	 [DEBUG] 	 <client.go:148>  	 close client:10002, 80d07eb7-09d5-4332-aa4d-01990a291dfd
2018-06-24 14:40:59 	 [DEBUG] 	 <client.go:112>  	 client: 80d07eb7-09d5-4332-aa4d-01990a291dfd 10002 socket closed
2018-06-24 14:41:13 	 [DEBUG] 	 <tcp.go:32>  	 新连接地址为:[192.168.31.82:60310]
2018-06-24 14:41:13 	 [DEBUG] 	 <client_im.go:91>  	 offlineMsg count 0
2018-06-24 14:41:34 	 [DEBUG] 	 <protocol.go:134>  	 sock read error:EOF
2018-06-24 14:41:34 	 [DEBUG] 	 <client.go:83>  	 EOFconnect offline
2018-06-24 14:41:34 	 [DEBUG] 	 <client.go:148>  	 close client:10002, 80d07eb7-09d5-4332-aa4d-01990a291dfd
2018-06-24 14:41:34 	 [DEBUG] 	 <client.go:112>  	 client: 80d07eb7-09d5-4332-aa4d-01990a291dfd 10002 socket closed
2018-06-24 14:41:47 	 [DEBUG] 	 <tcp.go:32>  	 新连接地址为:[192.168.31.82:60332]
2018-06-24 14:41:47 	 [DEBUG] 	 <client_im.go:91>  	 offlineMsg count 0
2018-06-24 14:41:47 	 [DEBUG] 	 <protocol.go:134>  	 sock read error:EOF
2018-06-24 14:41:47 	 [DEBUG] 	 <client.go:83>  	 EOFconnect offline
2018-06-24 14:41:47 	 [DEBUG] 	 <client.go:148>  	 close client:10002, 80d07eb7-09d5-4332-aa4d-01990a291dfd
2018-06-24 14:41:47 	 [DEBUG] 	 <client.go:112>  	 client: 80d07eb7-09d5-4332-aa4d-01990a291dfd 10002 socket closed
2018-06-24 14:41:49 	 [DEBUG] 	 <tcp.go:32>  	 新连接地址为:[192.168.31.82:60333]
2018-06-24 14:41:54 	 [DEBUG] 	 <client_im.go:91>  	 offlineMsg count 0
2018-06-24 14:43:29 	 [DEBUG] 	 <protocol.go:134>  	 sock read error:EOF
2018-06-24 14:43:29 	 [DEBUG] 	 <client.go:83>  	 EOFconnect offline
2018-06-24 14:43:29 	 [DEBUG] 	 <client.go:148>  	 close client:10002, 80d07eb7-09d5-4332-aa4d-01990a291dfd
2018-06-24 14:43:29 	 [DEBUG] 	 <client.go:112>  	 client: 80d07eb7-09d5-4332-aa4d-01990a291dfd 10002 socket closed
2018-06-24 14:43:43 	 [DEBUG] 	 <tcp.go:32>  	 新连接地址为:[192.168.31.82:60358]
2018-06-24 14:43:43 	 [DEBUG] 	 <client_im.go:91>  	 offlineMsg count 0
2018-06-24 14:43:47 	 [DEBUG] 	 <protocol.go:134>  	 sock read error:EOF
2018-06-24 14:43:47 	 [DEBUG] 	 <client.go:83>  	 EOFconnect offline
2018-06-24 14:43:47 	 [DEBUG] 	 <client.go:148>  	 close client:10002, 80d07eb7-09d5-4332-aa4d-01990a291dfd
2018-06-24 14:43:47 	 [DEBUG] 	 <client.go:112>  	 client: 80d07eb7-09d5-4332-aa4d-01990a291dfd 10002 socket closed
2018-06-24 14:44:12 	 [DEBUG] 	 <tcp.go:32>  	 新连接地址为:[192.168.31.82:60380]
2018-06-24 14:44:13 	 [DEBUG] 	 <protocol.go:134>  	 sock read error:EOF
2018-06-24 14:44:13 	 [DEBUG] 	 <client.go:83>  	 EOFconnect offline
2018-06-24 14:44:13 	 [DEBUG] 	 <client.go:148>  	 close client:0, 
2018-06-24 14:44:13 	 [DEBUG] 	 <client.go:112>  	 client:  0 socket closed
2018-06-24 14:44:13 	 [DEBUG] 	 <tcp.go:32>  	 新连接地址为:[192.168.31.82:60381]
2018-06-24 14:44:13 	 [DEBUG] 	 <client_im.go:91>  	 offlineMsg count 0
2018-06-24 14:44:13 	 [DEBUG] 	 <protocol.go:134>  	 sock read error:EOF
2018-06-24 14:44:13 	 [DEBUG] 	 <client.go:83>  	 EOFconnect offline
2018-06-24 14:44:13 	 [DEBUG] 	 <client.go:148>  	 close client:10002, 80d07eb7-09d5-4332-aa4d-01990a291dfd
2018-06-24 14:44:13 	 [DEBUG] 	 <client.go:112>  	 client: 80d07eb7-09d5-4332-aa4d-01990a291dfd 10002 socket closed
2018-06-24 14:44:14 	 [DEBUG] 	 <tcp.go:32>  	 新连接地址为:[192.168.31.82:60382]
2018-06-24 14:44:14 	 [DEBUG] 	 <client_im.go:91>  	 offlineMsg count 0
2018-06-24 14:44:23 	 [DEBUG] 	 <protocol.go:134>  	 sock read error:EOF
2018-06-24 14:44:23 	 [DEBUG] 	 <client.go:83>  	 EOFconnect offline
2018-06-24 14:44:23 	 [DEBUG] 	 <client.go:148>  	 close client:10002, 80d07eb7-09d5-4332-aa4d-01990a291dfd
2018-06-24 14:44:23 	 [DEBUG] 	 <client.go:112>  	 client: 80d07eb7-09d5-4332-aa4d-01990a291dfd 10002 socket closed
2018-06-24 14:58:44 	 [DEBUG] 	 <tcp.go:32>  	 新连接地址为:[192.168.31.82:60435]
2018-06-24 14:58:44 	 [DEBUG] 	 <client_im.go:91>  	 offlineMsg count 0
2018-06-24 14:58:53 	 [DEBUG] 	 <protocol.go:134>  	 sock read error:EOF
2018-06-24 14:58:53 	 [DEBUG] 	 <client.go:83>  	 EOFconnect offline
2018-06-24 14:58:53 	 [DEBUG] 	 <client.go:148>  	 close client:10002, 80d07eb7-09d5-4332-aa4d-01990a291dfd
2018-06-24 14:58:53 	 [DEBUG] 	 <client.go:112>  	 client: 80d07eb7-09d5-4332-aa4d-01990a291dfd 10002 socket closed
2018-06-24 14:59:43 	 [DEBUG] 	 <tcp.go:32>  	 新连接地址为:[192.168.31.82:60478]
2018-06-24 14:59:43 	 [DEBUG] 	 <client_im.go:91>  	 offlineMsg count 0
2018-06-24 15:00:12 	 [DEBUG] 	 <protocol.go:134>  	 sock read error:EOF
2018-06-24 15:00:12 	 [DEBUG] 	 <client.go:83>  	 EOFconnect offline
2018-06-24 15:00:12 	 [DEBUG] 	 <client.go:148>  	 close client:10002, 80d07eb7-09d5-4332-aa4d-01990a291dfd
2018-06-24 15:00:12 	 [DEBUG] 	 <client.go:112>  	 client: 80d07eb7-09d5-4332-aa4d-01990a291dfd 10002 socket closed
2018-06-24 15:00:47 	 [DEBUG] 	 <tcp.go:32>  	 新连接地址为:[192.168.31.82:60504]
2018-06-24 15:00:47 	 [DEBUG] 	 <client_im.go:91>  	 offlineMsg count 0
2018-06-24 15:01:22 	 [DEBUG] 	 <protocol.go:134>  	 sock read error:EOF
2018-06-24 15:01:22 	 [DEBUG] 	 <client.go:83>  	 EOFconnect offline
2018-06-24 15:01:22 	 [DEBUG] 	 <client.go:148>  	 close client:10002, 80d07eb7-09d5-4332-aa4d-01990a291dfd
2018-06-24 15:01:22 	 [DEBUG] 	 <client.go:112>  	 client: 80d07eb7-09d5-4332-aa4d-01990a291dfd 10002 socket closed
2018-06-24 15:01:36 	 [DEBUG] 	 <tcp.go:32>  	 新连接地址为:[192.168.31.82:60527]
2018-06-24 15:01:36 	 [DEBUG] 	 <client_im.go:91>  	 offlineMsg count 0
2018-06-24 15:02:02 	 [DEBUG] 	 <protocol.go:134>  	 sock read error:EOF
2018-06-24 15:02:02 	 [DEBUG] 	 <client.go:83>  	 EOFconnect offline
2018-06-24 15:02:02 	 [DEBUG] 	 <client.go:148>  	 close client:10002, 80d07eb7-09d5-4332-aa4d-01990a291dfd
2018-06-24 15:02:02 	 [DEBUG] 	 <client.go:112>  	 client: 80d07eb7-09d5-4332-aa4d-01990a291dfd 10002 socket closed
2018-06-24 15:02:15 	 [DEBUG] 	 <tcp.go:32>  	 新连接地址为:[192.168.31.82:60547]
2018-06-24 15:02:15 	 [DEBUG] 	 <client_im.go:91>  	 offlineMsg count 0
2018-06-24 15:02:55 	 [DEBUG] 	 <protocol.go:134>  	 sock read error:EOF
2018-06-24 15:02:55 	 [DEBUG] 	 <client.go:83>  	 EOFconnect offline
2018-06-24 15:02:55 	 [DEBUG] 	 <client.go:148>  	 close client:10002, 80d07eb7-09d5-4332-aa4d-01990a291dfd
2018-06-24 15:02:55 	 [DEBUG] 	 <client.go:112>  	 client: 80d07eb7-09d5-4332-aa4d-01990a291dfd 10002 socket closed
2018-06-24 15:03:52 	 [DEBUG] 	 <tcp.go:32>  	 新连接地址为:[192.168.31.82:60549]
2018-06-24 15:03:52 	 [DEBUG] 	 <client_im.go:91>  	 offlineMsg count 0
2018-06-24 15:04:12 	 [DEBUG] 	 <protocol.go:134>  	 sock read error:EOF
2018-06-24 15:04:12 	 [DEBUG] 	 <client.go:83>  	 EOFconnect offline
2018-06-24 15:04:12 	 [DEBUG] 	 <client.go:148>  	 close client:10002, 80d07eb7-09d5-4332-aa4d-01990a291dfd
2018-06-24 15:04:12 	 [DEBUG] 	 <client.go:112>  	 client: 80d07eb7-09d5-4332-aa4d-01990a291dfd 10002 socket closed
2018-06-24 15:05:18 	 [DEBUG] 	 <tcp.go:32>  	 新连接地址为:[192.168.31.82:60550]
2018-06-24 15:05:18 	 [DEBUG] 	 <client_im.go:91>  	 offlineMsg count 0
2018-06-24 15:05:36 	 [DEBUG] 	 <protocol.go:134>  	 sock read error:EOF
2018-06-24 15:05:36 	 [DEBUG] 	 <client.go:83>  	 EOFconnect offline
2018-06-24 15:05:36 	 [DEBUG] 	 <client.go:148>  	 close client:10002, 80d07eb7-09d5-4332-aa4d-01990a291dfd
2018-06-24 15:05:36 	 [DEBUG] 	 <client.go:112>  	 client: 80d07eb7-09d5-4332-aa4d-01990a291dfd 10002 socket closed
2018-06-24 15:09:08 	 [DEBUG] 	 <tcp.go:32>  	 新连接地址为:[192.168.31.82:60551]
2018-06-24 15:09:08 	 [DEBUG] 	 <client_im.go:91>  	 offlineMsg count 0
2018-06-24 15:09:21 	 [DEBUG] 	 <protocol.go:134>  	 sock read error:EOF
2018-06-24 15:09:21 	 [DEBUG] 	 <client.go:83>  	 EOFconnect offline
2018-06-24 15:09:21 	 [DEBUG] 	 <client.go:148>  	 close client:10002, 80d07eb7-09d5-4332-aa4d-01990a291dfd
2018-06-24 15:09:21 	 [DEBUG] 	 <client.go:112>  	 client: 80d07eb7-09d5-4332-aa4d-01990a291dfd 10002 socket closed
2018-06-24 15:09:31 	 [DEBUG] 	 <tcp.go:32>  	 新连接地址为:[192.168.31.82:60573]
2018-06-24 15:09:31 	 [DEBUG] 	 <client_im.go:91>  	 offlineMsg count 0
2018-06-24 15:09:52 	 [DEBUG] 	 <protocol.go:134>  	 sock read error:EOF
2018-06-24 15:09:52 	 [DEBUG] 	 <client.go:83>  	 EOFconnect offline
2018-06-24 15:09:52 	 [DEBUG] 	 <client.go:148>  	 close client:10002, 80d07eb7-09d5-4332-aa4d-01990a291dfd
2018-06-24 15:09:52 	 [DEBUG] 	 <client.go:112>  	 client: 80d07eb7-09d5-4332-aa4d-01990a291dfd 10002 socket closed
2018-06-24 15:10:05 	 [DEBUG] 	 <tcp.go:32>  	 新连接地址为:[192.168.31.82:60593]
2018-06-24 15:10:05 	 [DEBUG] 	 <client_im.go:91>  	 offlineMsg count 0
2018-06-24 15:10:25 	 [DEBUG] 	 <protocol.go:134>  	 sock read error:EOF
2018-06-24 15:10:25 	 [DEBUG] 	 <client.go:83>  	 EOFconnect offline
2018-06-24 15:10:25 	 [DEBUG] 	 <client.go:148>  	 close client:10002, 80d07eb7-09d5-4332-aa4d-01990a291dfd
2018-06-24 15:10:25 	 [DEBUG] 	 <client.go:112>  	 client: 80d07eb7-09d5-4332-aa4d-01990a291dfd 10002 socket closed
2018-06-24 15:10:39 	 [DEBUG] 	 <tcp.go:32>  	 新连接地址为:[192.168.31.82:60615]
2018-06-24 15:10:39 	 [DEBUG] 	 <client_im.go:91>  	 offlineMsg count 0
2018-06-24 15:11:07 	 [DEBUG] 	 <protocol.go:134>  	 sock read error:EOF
2018-06-24 15:11:07 	 [DEBUG] 	 <client.go:83>  	 EOFconnect offline
2018-06-24 15:11:07 	 [DEBUG] 	 <client.go:148>  	 close client:10002, 80d07eb7-09d5-4332-aa4d-01990a291dfd
2018-06-24 15:11:07 	 [DEBUG] 	 <client.go:112>  	 client: 80d07eb7-09d5-4332-aa4d-01990a291dfd 10002 socket closed
2018-06-24 15:13:32 	 [DEBUG] 	 <tcp.go:32>  	 新连接地址为:[192.168.31.82:60659]
2018-06-24 15:13:34 	 [DEBUG] 	 <protocol.go:134>  	 sock read error:EOF
2018-06-24 15:13:34 	 [DEBUG] 	 <client.go:83>  	 EOFconnect offline
2018-06-24 15:13:34 	 [DEBUG] 	 <client.go:148>  	 close client:0, 
2018-06-24 15:13:34 	 [DEBUG] 	 <client.go:112>  	 client:  0 socket closed
2018-06-24 15:13:34 	 [DEBUG] 	 <tcp.go:32>  	 新连接地址为:[192.168.31.82:60660]
2018-06-24 15:13:34 	 [DEBUG] 	 <client_im.go:91>  	 offlineMsg count 0
2018-06-24 15:13:34 	 [DEBUG] 	 <protocol.go:134>  	 sock read error:EOF
2018-06-24 15:13:34 	 [DEBUG] 	 <client.go:83>  	 EOFconnect offline
2018-06-24 15:13:34 	 [DEBUG] 	 <client.go:148>  	 close client:10002, 80d07eb7-09d5-4332-aa4d-01990a291dfd
2018-06-24 15:13:34 	 [DEBUG] 	 <client.go:112>  	 client: 80d07eb7-09d5-4332-aa4d-01990a291dfd 10002 socket closed
2018-06-24 15:13:36 	 [DEBUG] 	 <tcp.go:32>  	 新连接地址为:[192.168.31.82:60661]
2018-06-24 15:13:36 	 [DEBUG] 	 <client_im.go:91>  	 offlineMsg count 0
2018-06-24 15:13:41 	 [DEBUG] 	 <protocol.go:134>  	 sock read error:EOF
2018-06-24 15:13:41 	 [DEBUG] 	 <client.go:83>  	 EOFconnect offline
2018-06-24 15:13:41 	 [DEBUG] 	 <client.go:148>  	 close client:10002, 80d07eb7-09d5-4332-aa4d-01990a291dfd
2018-06-24 15:13:41 	 [DEBUG] 	 <client.go:112>  	 client: 80d07eb7-09d5-4332-aa4d-01990a291dfd 10002 socket closed
2018-06-24 15:22:02 	 [DEBUG] 	 <tcp.go:32>  	 新连接地址为:[192.168.31.41:63092]
2018-06-24 15:22:02 	 [DEBUG] 	 <client_heartbeat.go:9>  	 heartBeet
2018-06-24 15:22:02 	 [DEBUG] 	 <client_im.go:91>  	 offlineMsg count 0
2018-06-24 15:22:38 	 [DEBUG] 	 <client_heartbeat.go:9>  	 heartBeet
2018-06-24 15:23:17 	 [DEBUG] 	 <protocol.go:134>  	 sock read error:EOF
2018-06-24 15:23:17 	 [DEBUG] 	 <client.go:83>  	 EOFconnect offline
2018-06-24 15:23:17 	 [DEBUG] 	 <client.go:148>  	 close client:10002, 80d07eb7-09d5-4332-aa4d-01990a291dfd
2018-06-24 15:23:17 	 [DEBUG] 	 <client.go:112>  	 client: 80d07eb7-09d5-4332-aa4d-01990a291dfd 10002 socket closed
2018-06-24 15:25:59 	 [DEBUG] 	 <tcp.go:32>  	 新连接地址为:[192.168.31.82:60699]
2018-06-24 15:25:59 	 [DEBUG] 	 <client_im.go:91>  	 offlineMsg count 0
2018-06-24 15:26:02 	 [DEBUG] 	 <protocol.go:134>  	 sock read error:EOF
2018-06-24 15:26:02 	 [DEBUG] 	 <client.go:83>  	 EOFconnect offline
2018-06-24 15:26:02 	 [DEBUG] 	 <client.go:148>  	 close client:10002, 80d07eb7-09d5-4332-aa4d-01990a291dfd
2018-06-24 15:26:02 	 [DEBUG] 	 <client.go:112>  	 client: 80d07eb7-09d5-4332-aa4d-01990a291dfd 10002 socket closed
2018-06-24 15:26:03 	 [DEBUG] 	 <tcp.go:32>  	 新连接地址为:[192.168.31.82:60700]
2018-06-24 15:26:03 	 [DEBUG] 	 <client_im.go:91>  	 offlineMsg count 0
2018-06-24 15:26:09 	 [DEBUG] 	 <protocol.go:134>  	 sock read error:EOF
2018-06-24 15:26:09 	 [DEBUG] 	 <client.go:83>  	 EOFconnect offline
2018-06-24 15:26:09 	 [DEBUG] 	 <client.go:148>  	 close client:10002, 80d07eb7-09d5-4332-aa4d-01990a291dfd
2018-06-24 15:26:09 	 [DEBUG] 	 <client.go:112>  	 client: 80d07eb7-09d5-4332-aa4d-01990a291dfd 10002 socket closed
2018-06-24 15:39:05 	 [DEBUG] 	 <tcp.go:32>  	 新连接地址为:[192.168.31.82:60768]
2018-06-24 15:39:05 	 [DEBUG] 	 <client_heartbeat.go:9>  	 heartBeet
2018-06-24 15:39:05 	 [DEBUG] 	 <client_im.go:91>  	 offlineMsg count 0
2018-06-24 15:39:13 	 [DEBUG] 	 <protocol.go:134>  	 sock read error:EOF
2018-06-24 15:39:13 	 [DEBUG] 	 <client.go:83>  	 EOFconnect offline
2018-06-24 15:39:13 	 [DEBUG] 	 <client.go:148>  	 close client:10002, 80d07eb7-09d5-4332-aa4d-01990a291dfd
2018-06-24 15:39:13 	 [DEBUG] 	 <client.go:112>  	 client: 80d07eb7-09d5-4332-aa4d-01990a291dfd 10002 socket closed
2018-06-24 16:30:06 	 [DEBUG] 	 <tcp.go:32>  	 新连接地址为:[192.168.31.82:60889]
2018-06-24 16:30:06 	 [DEBUG] 	 <client_heartbeat.go:9>  	 heartBeet
2018-06-24 16:30:06 	 [DEBUG] 	 <client_im.go:91>  	 offlineMsg count 0
2018-06-24 16:30:24 	 [DEBUG] 	 <protocol.go:134>  	 sock read error:EOF
2018-06-24 16:30:24 	 [DEBUG] 	 <client.go:83>  	 EOFconnect offline
2018-06-24 16:30:24 	 [DEBUG] 	 <client.go:148>  	 close client:10002, 80d07eb7-09d5-4332-aa4d-01990a291dfd
2018-06-24 16:30:24 	 [DEBUG] 	 <client.go:112>  	 client: 80d07eb7-09d5-4332-aa4d-01990a291dfd 10002 socket closed
2018-06-24 16:30:27 	 [DEBUG] 	 <tcp.go:32>  	 新连接地址为:[192.168.31.82:60890]
2018-06-24 16:30:27 	 [DEBUG] 	 <client_im.go:91>  	 offlineMsg count 0
2018-06-24 16:30:28 	 [DEBUG] 	 <protocol.go:134>  	 sock read error:EOF
2018-06-24 16:30:28 	 [DEBUG] 	 <client.go:83>  	 EOFconnect offline
2018-06-24 16:30:28 	 [DEBUG] 	 <client.go:148>  	 close client:10002, 80d07eb7-09d5-4332-aa4d-01990a291dfd
2018-06-24 16:30:28 	 [DEBUG] 	 <client.go:112>  	 client: 80d07eb7-09d5-4332-aa4d-01990a291dfd 10002 socket closed
2018-06-24 16:30:29 	 [DEBUG] 	 <tcp.go:32>  	 新连接地址为:[192.168.31.82:60891]
2018-06-24 16:30:29 	 [DEBUG] 	 <client_im.go:91>  	 offlineMsg count 0
2018-06-24 16:31:30 	 [DEBUG] 	 <protocol.go:134>  	 sock read error:EOF
2018-06-24 16:31:30 	 [DEBUG] 	 <client.go:83>  	 EOFconnect offline
2018-06-24 16:31:30 	 [DEBUG] 	 <client.go:148>  	 close client:10002, 80d07eb7-09d5-4332-aa4d-01990a291dfd
2018-06-24 16:31:30 	 [DEBUG] 	 <client.go:112>  	 client: 80d07eb7-09d5-4332-aa4d-01990a291dfd 10002 socket closed
2018-06-24 17:33:52 	 [DEBUG] 	 <tcp.go:32>  	 新连接地址为:[192.168.31.82:61243]
2018-06-24 17:33:53 	 [DEBUG] 	 <client_im.go:91>  	 offlineMsg count 0
2018-06-24 17:35:52 	 [DEBUG] 	 <client_heartbeat.go:9>  	 heartBeet
2018-06-24 17:37:14 	 [DEBUG] 	 <protocol.go:134>  	 sock read error:EOF
2018-06-24 17:37:14 	 [DEBUG] 	 <client.go:83>  	 EOFconnect offline
2018-06-24 17:37:14 	 [DEBUG] 	 <client.go:148>  	 close client:10002, 80d07eb7-09d5-4332-aa4d-01990a291dfd
2018-06-24 17:37:14 	 [DEBUG] 	 <client.go:112>  	 client: 80d07eb7-09d5-4332-aa4d-01990a291dfd 10002 socket closed
2018-06-24 17:37:23 	 [DEBUG] 	 <tcp.go:32>  	 新连接地址为:[192.168.31.82:61308]
2018-06-24 17:37:23 	 [DEBUG] 	 <client_im.go:91>  	 offlineMsg count 0
2018-06-24 17:37:31 	 [DEBUG] 	 <protocol.go:134>  	 sock read error:EOF
2018-06-24 17:37:31 	 [DEBUG] 	 <client.go:83>  	 EOFconnect offline
2018-06-24 17:37:31 	 [DEBUG] 	 <client.go:148>  	 close client:10002, 80d07eb7-09d5-4332-aa4d-01990a291dfd
2018-06-24 17:37:31 	 [DEBUG] 	 <client.go:112>  	 client: 80d07eb7-09d5-4332-aa4d-01990a291dfd 10002 socket closed
2018-06-24 17:37:42 	 [DEBUG] 	 <tcp.go:32>  	 新连接地址为:[192.168.31.82:61371]
2018-06-24 17:37:42 	 [DEBUG] 	 <client_im.go:91>  	 offlineMsg count 0
2018-06-24 17:38:00 	 [DEBUG] 	 <protocol.go:134>  	 sock read error:EOF
2018-06-24 17:38:00 	 [DEBUG] 	 <client.go:83>  	 EOFconnect offline
2018-06-24 17:38:00 	 [DEBUG] 	 <client.go:148>  	 close client:10002, 80d07eb7-09d5-4332-aa4d-01990a291dfd
2018-06-24 17:38:00 	 [DEBUG] 	 <client.go:112>  	 client: 80d07eb7-09d5-4332-aa4d-01990a291dfd 10002 socket closed
2018-06-24 17:38:10 	 [DEBUG] 	 <tcp.go:32>  	 新连接地址为:[192.168.31.82:61434]
2018-06-24 17:38:10 	 [DEBUG] 	 <client_im.go:91>  	 offlineMsg count 0
2018-06-24 17:40:11 	 [DEBUG] 	 <client_heartbeat.go:9>  	 heartBeet
2018-06-24 17:42:12 	 [DEBUG] 	 <client_heartbeat.go:9>  	 heartBeet
2018-06-24 17:44:12 	 [DEBUG] 	 <client_heartbeat.go:9>  	 heartBeet
2018-06-24 17:46:11 	 [DEBUG] 	 <client_heartbeat.go:9>  	 heartBeet
2018-06-24 17:48:12 	 [DEBUG] 	 <client_heartbeat.go:9>  	 heartBeet
2018-06-24 17:49:39 	 [DEBUG] 	 <protocol.go:134>  	 sock read error:EOF
2018-06-24 17:49:39 	 [DEBUG] 	 <client.go:83>  	 EOFconnect offline
2018-06-24 17:49:39 	 [DEBUG] 	 <client.go:148>  	 close client:10002, 80d07eb7-09d5-4332-aa4d-01990a291dfd
2018-06-24 17:49:39 	 [DEBUG] 	 <client.go:112>  	 client: 80d07eb7-09d5-4332-aa4d-01990a291dfd 10002 socket closed
2018-06-24 17:49:57 	 [DEBUG] 	 <tcp.go:32>  	 新连接地址为:[192.168.31.82:61546]
2018-06-24 17:49:57 	 [DEBUG] 	 <client_im.go:91>  	 offlineMsg count 0
2018-06-24 17:51:48 	 [DEBUG] 	 <protocol.go:134>  	 sock read error:EOF
2018-06-24 17:51:48 	 [DEBUG] 	 <client.go:83>  	 EOFconnect offline
2018-06-24 17:51:48 	 [DEBUG] 	 <client.go:148>  	 close client:10002, 80d07eb7-09d5-4332-aa4d-01990a291dfd
2018-06-24 17:51:48 	 [DEBUG] 	 <client.go:112>  	 client: 80d07eb7-09d5-4332-aa4d-01990a291dfd 10002 socket closed
2018-06-24 17:51:59 	 [DEBUG] 	 <tcp.go:32>  	 新连接地址为:[192.168.31.82:61611]
2018-06-24 17:51:59 	 [DEBUG] 	 <client_im.go:91>  	 offlineMsg count 0
2018-06-24 17:54:00 	 [DEBUG] 	 <client_heartbeat.go:9>  	 heartBeet
2018-06-24 17:56:01 	 [DEBUG] 	 <client_heartbeat.go:9>  	 heartBeet
2018-06-24 17:56:14 	 [DEBUG] 	 <protocol.go:134>  	 sock read error:EOF
2018-06-24 17:56:14 	 [DEBUG] 	 <client.go:83>  	 EOFconnect offline
2018-06-24 17:56:14 	 [DEBUG] 	 <client.go:148>  	 close client:10002, 80d07eb7-09d5-4332-aa4d-01990a291dfd
2018-06-24 17:56:14 	 [DEBUG] 	 <client.go:112>  	 client: 80d07eb7-09d5-4332-aa4d-01990a291dfd 10002 socket closed
2018-06-24 17:56:30 	 [DEBUG] 	 <tcp.go:32>  	 新连接地址为:[192.168.31.82:61734]
2018-06-24 17:56:30 	 [DEBUG] 	 <client_im.go:91>  	 offlineMsg count 0
2018-06-24 17:56:47 	 [DEBUG] 	 <protocol.go:134>  	 sock read error:EOF
2018-06-24 17:56:47 	 [DEBUG] 	 <client.go:83>  	 EOFconnect offline
2018-06-24 17:56:47 	 [DEBUG] 	 <client.go:148>  	 close client:10002, 80d07eb7-09d5-4332-aa4d-01990a291dfd
2018-06-24 17:56:47 	 [DEBUG] 	 <client.go:112>  	 client: 80d07eb7-09d5-4332-aa4d-01990a291dfd 10002 socket closed
2018-06-24 17:57:02 	 [DEBUG] 	 <tcp.go:32>  	 新连接地址为:[192.168.31.82:61740]
2018-06-24 17:57:02 	 [DEBUG] 	 <client_im.go:91>  	 offlineMsg count 0
2018-06-24 17:57:03 	 [DEBUG] 	 <protocol.go:134>  	 sock read error:EOF
2018-06-24 17:57:03 	 [DEBUG] 	 <client.go:83>  	 EOFconnect offline
2018-06-24 17:57:03 	 [DEBUG] 	 <client.go:148>  	 close client:10002, 80d07eb7-09d5-4332-aa4d-01990a291dfd
2018-06-24 17:57:03 	 [DEBUG] 	 <client.go:112>  	 client: 80d07eb7-09d5-4332-aa4d-01990a291dfd 10002 socket closed
2018-06-24 17:57:04 	 [DEBUG] 	 <tcp.go:32>  	 新连接地址为:[192.168.31.82:61755]
2018-06-24 17:57:04 	 [DEBUG] 	 <client_im.go:91>  	 offlineMsg count 0
2018-06-24 17:57:05 	 [DEBUG] 	 <protocol.go:134>  	 sock read error:EOF
2018-06-24 17:57:05 	 [DEBUG] 	 <client.go:83>  	 EOFconnect offline
2018-06-24 17:57:05 	 [DEBUG] 	 <client.go:148>  	 close client:10002, 80d07eb7-09d5-4332-aa4d-01990a291dfd
2018-06-24 17:57:05 	 [DEBUG] 	 <client.go:112>  	 client: 80d07eb7-09d5-4332-aa4d-01990a291dfd 10002 socket closed
