2018-06-19 01:16:52 	 [DEBUG] 	 <protocol.go:134>  	 sock read error:read tcp 192.168.31.74:62310->192.168.31.41:53105: i/o timeout
2018-06-19 01:16:52 	 [DEBUG] 	 <client.go:148>  	 close client:10002, 80d07eb7-09d5-4332-aa4d-01990a291dfd
2018-06-19 01:16:52 	 [DEBUG] 	 <client.go:112>  	 client: 80d07eb7-09d5-4332-aa4d-01990a291dfd 10002 socket closed
2018-06-19 01:22:40 	 [DEBUG] 	 <tcp.go:32>  	 新连接地址为:[192.168.31.41:53175]
2018-06-19 01:22:40 	 [DEBUG] 	 <client_im.go:90>  	 offlineMsg count 0
2018-06-19 01:24:41 	 [DEBUG] 	 <client_heartbeat.go:9>  	 heartBeet
2018-06-19 01:26:42 	 [DEBUG] 	 <client_heartbeat.go:9>  	 heartBeet
2018-06-19 01:28:43 	 [DEBUG] 	 <client_heartbeat.go:9>  	 heartBeet
2018-06-19 01:28:52 	 [DEBUG] 	 <protocol.go:134>  	 sock read error:EOF
2018-06-19 01:28:52 	 [DEBUG] 	 <client.go:83>  	 EOFconnect offline
2018-06-19 01:28:52 	 [DEBUG] 	 <client.go:148>  	 close client:10002, 80d07eb7-09d5-4332-aa4d-01990a291dfd
2018-06-19 01:28:52 	 [DEBUG] 	 <client.go:112>  	 client: 80d07eb7-09d5-4332-aa4d-01990a291dfd 10002 socket closed
2018-06-19 01:29:04 	 [DEBUG] 	 <tcp.go:32>  	 新连接地址为:[192.168.31.41:53192]
2018-06-19 01:29:04 	 [DEBUG] 	 <client_im.go:90>  	 offlineMsg count 0
2018-06-19 01:31:04 	 [DEBUG] 	 <client_heartbeat.go:9>  	 heartBeet
2018-06-19 01:31:11 	 [DEBUG] 	 <protocol.go:134>  	 sock read error:EOF
2018-06-19 01:31:11 	 [DEBUG] 	 <client.go:83>  	 EOFconnect offline
2018-06-19 01:31:11 	 [DEBUG] 	 <client.go:148>  	 close client:10002, 80d07eb7-09d5-4332-aa4d-01990a291dfd
2018-06-19 01:31:11 	 [DEBUG] 	 <client.go:112>  	 client: 80d07eb7-09d5-4332-aa4d-01990a291dfd 10002 socket closed
2018-06-19 01:31:21 	 [DEBUG] 	 <tcp.go:32>  	 新连接地址为:[192.168.31.41:53209]
2018-06-19 01:31:21 	 [DEBUG] 	 <client_im.go:90>  	 offlineMsg count 0
2018-06-19 01:31:58 	 [DEBUG] 	 <protocol.go:134>  	 sock read error:EOF
2018-06-19 01:31:58 	 [DEBUG] 	 <client.go:83>  	 EOFconnect offline
2018-06-19 01:31:58 	 [DEBUG] 	 <client.go:148>  	 close client:10002, 80d07eb7-09d5-4332-aa4d-01990a291dfd
2018-06-19 01:31:58 	 [DEBUG] 	 <client.go:112>  	 client: 80d07eb7-09d5-4332-aa4d-01990a291dfd 10002 socket closed
2018-06-19 01:32:07 	 [DEBUG] 	 <tcp.go:32>  	 新连接地址为:[192.168.31.41:53225]
2018-06-19 01:32:07 	 [DEBUG] 	 <client_im.go:90>  	 offlineMsg count 0
2018-06-19 01:32:38 	 [DEBUG] 	 <protocol.go:134>  	 sock read error:EOF
2018-06-19 01:32:38 	 [DEBUG] 	 <client.go:83>  	 EOFconnect offline
2018-06-19 01:32:38 	 [DEBUG] 	 <client.go:148>  	 close client:10002, 80d07eb7-09d5-4332-aa4d-01990a291dfd
2018-06-19 01:32:38 	 [DEBUG] 	 <client.go:112>  	 client: 80d07eb7-09d5-4332-aa4d-01990a291dfd 10002 socket closed
2018-06-19 01:32:48 	 [DEBUG] 	 <tcp.go:32>  	 新连接地址为:[192.168.31.41:53242]
2018-06-19 01:32:48 	 [DEBUG] 	 <client_im.go:90>  	 offlineMsg count 0
2018-06-19 01:33:02 	 [DEBUG] 	 <protocol.go:134>  	 sock read error:EOF
2018-06-19 01:33:02 	 [DEBUG] 	 <client.go:83>  	 EOFconnect offline
2018-06-19 01:33:02 	 [DEBUG] 	 <client.go:148>  	 close client:10002, 80d07eb7-09d5-4332-aa4d-01990a291dfd
2018-06-19 01:33:02 	 [DEBUG] 	 <client.go:112>  	 client: 80d07eb7-09d5-4332-aa4d-01990a291dfd 10002 socket closed
2018-06-19 01:33:13 	 [DEBUG] 	 <tcp.go:32>  	 新连接地址为:[192.168.31.41:53261]
2018-06-19 01:33:13 	 [DEBUG] 	 <client_im.go:90>  	 offlineMsg count 0
2018-06-19 01:34:30 	 [DEBUG] 	 <protocol.go:134>  	 sock read error:EOF
2018-06-19 01:34:30 	 [DEBUG] 	 <client.go:83>  	 EOFconnect offline
2018-06-19 01:34:30 	 [DEBUG] 	 <client.go:148>  	 close client:10002, 80d07eb7-09d5-4332-aa4d-01990a291dfd
2018-06-19 01:34:30 	 [DEBUG] 	 <client.go:112>  	 client: 80d07eb7-09d5-4332-aa4d-01990a291dfd 10002 socket closed
2018-06-19 01:34:40 	 [DEBUG] 	 <tcp.go:32>  	 新连接地址为:[192.168.31.41:53278]
2018-06-19 01:34:40 	 [DEBUG] 	 <client_im.go:90>  	 offlineMsg count 0
2018-06-19 01:35:16 	 [DEBUG] 	 <protocol.go:134>  	 sock read error:EOF
2018-06-19 01:35:16 	 [DEBUG] 	 <client.go:83>  	 EOFconnect offline
2018-06-19 01:35:16 	 [DEBUG] 	 <client.go:148>  	 close client:10002, 80d07eb7-09d5-4332-aa4d-01990a291dfd
2018-06-19 01:35:16 	 [DEBUG] 	 <client.go:112>  	 client: 80d07eb7-09d5-4332-aa4d-01990a291dfd 10002 socket closed
2018-06-19 01:35:27 	 [DEBUG] 	 <tcp.go:32>  	 新连接地址为:[192.168.31.41:53294]
2018-06-19 01:35:27 	 [DEBUG] 	 <client_im.go:90>  	 offlineMsg count 0
2018-06-19 01:35:51 	 [DEBUG] 	 <protocol.go:134>  	 sock read error:EOF
2018-06-19 01:35:51 	 [DEBUG] 	 <client.go:83>  	 EOFconnect offline
2018-06-19 01:35:51 	 [DEBUG] 	 <client.go:148>  	 close client:10002, 80d07eb7-09d5-4332-aa4d-01990a291dfd
2018-06-19 01:35:51 	 [DEBUG] 	 <client.go:112>  	 client: 80d07eb7-09d5-4332-aa4d-01990a291dfd 10002 socket closed
2018-06-19 01:36:01 	 [DEBUG] 	 <tcp.go:32>  	 新连接地址为:[192.168.31.41:53312]
2018-06-19 01:36:01 	 [DEBUG] 	 <client_im.go:90>  	 offlineMsg count 0
2018-06-19 01:38:02 	 [DEBUG] 	 <client_heartbeat.go:9>  	 heartBeet
2018-06-19 01:39:43 	 [DEBUG] 	 <protocol.go:134>  	 sock read error:EOF
2018-06-19 01:39:43 	 [DEBUG] 	 <client.go:83>  	 EOFconnect offline
2018-06-19 01:39:43 	 [DEBUG] 	 <client.go:148>  	 close client:10002, 80d07eb7-09d5-4332-aa4d-01990a291dfd
2018-06-19 01:39:43 	 [DEBUG] 	 <client.go:112>  	 client: 80d07eb7-09d5-4332-aa4d-01990a291dfd 10002 socket closed
2018-06-19 01:39:54 	 [DEBUG] 	 <tcp.go:32>  	 新连接地址为:[192.168.31.41:53330]
2018-06-19 01:39:54 	 [DEBUG] 	 <client_im.go:90>  	 offlineMsg count 0
2018-06-19 01:40:11 	 [DEBUG] 	 <protocol.go:134>  	 sock read error:EOF
2018-06-19 01:40:11 	 [DEBUG] 	 <client.go:83>  	 EOFconnect offline
2018-06-19 01:40:11 	 [DEBUG] 	 <client.go:148>  	 close client:10002, 80d07eb7-09d5-4332-aa4d-01990a291dfd
2018-06-19 01:40:11 	 [DEBUG] 	 <client.go:112>  	 client: 80d07eb7-09d5-4332-aa4d-01990a291dfd 10002 socket closed
2018-06-19 01:40:21 	 [DEBUG] 	 <tcp.go:32>  	 新连接地址为:[192.168.31.41:53346]
2018-06-19 01:40:21 	 [DEBUG] 	 <client_im.go:90>  	 offlineMsg count 0
2018-06-19 01:40:36 	 [DEBUG] 	 <protocol.go:134>  	 sock read error:EOF
2018-06-19 01:40:36 	 [DEBUG] 	 <client.go:83>  	 EOFconnect offline
2018-06-19 01:40:36 	 [DEBUG] 	 <client.go:148>  	 close client:10002, 80d07eb7-09d5-4332-aa4d-01990a291dfd
2018-06-19 01:40:36 	 [DEBUG] 	 <client.go:112>  	 client: 80d07eb7-09d5-4332-aa4d-01990a291dfd 10002 socket closed
2018-06-19 01:40:49 	 [DEBUG] 	 <tcp.go:32>  	 新连接地址为:[192.168.31.41:53361]
2018-06-19 01:40:49 	 [DEBUG] 	 <client_im.go:90>  	 offlineMsg count 0
2018-06-19 01:41:49 	 [DEBUG] 	 <protocol.go:134>  	 sock read error:EOF
2018-06-19 01:41:49 	 [DEBUG] 	 <client.go:83>  	 EOFconnect offline
2018-06-19 01:41:49 	 [DEBUG] 	 <client.go:148>  	 close client:10002, 80d07eb7-09d5-4332-aa4d-01990a291dfd
2018-06-19 01:41:49 	 [DEBUG] 	 <client.go:112>  	 client: 80d07eb7-09d5-4332-aa4d-01990a291dfd 10002 socket closed
2018-06-19 01:41:59 	 [DEBUG] 	 <tcp.go:32>  	 新连接地址为:[192.168.31.41:53380]
2018-06-19 01:41:59 	 [DEBUG] 	 <client_im.go:90>  	 offlineMsg count 0
2018-06-19 01:44:00 	 [DEBUG] 	 <client_heartbeat.go:9>  	 heartBeet
2018-06-19 01:45:49 	 [DEBUG] 	 <protocol.go:134>  	 sock read error:EOF
2018-06-19 01:45:49 	 [DEBUG] 	 <client.go:83>  	 EOFconnect offline
2018-06-19 01:45:49 	 [DEBUG] 	 <client.go:148>  	 close client:10002, 80d07eb7-09d5-4332-aa4d-01990a291dfd
2018-06-19 01:45:49 	 [DEBUG] 	 <client.go:112>  	 client: 80d07eb7-09d5-4332-aa4d-01990a291dfd 10002 socket closed
2018-06-19 12:59:03 	 [DEBUG] 	 <tcp.go:32>  	 新连接地址为:[192.168.31.82:51388]
2018-06-19 12:59:03 	 [DEBUG] 	 <client_im.go:90>  	 offlineMsg count 0
2018-06-19 13:01:04 	 [DEBUG] 	 <client_heartbeat.go:9>  	 heartBeet
2018-06-19 13:01:09 	 [DEBUG] 	 <protocol.go:134>  	 sock read error:EOF
2018-06-19 13:01:09 	 [DEBUG] 	 <client.go:83>  	 EOFconnect offline
2018-06-19 13:01:09 	 [DEBUG] 	 <client.go:148>  	 close client:10002, 80d07eb7-09d5-4332-aa4d-01990a291dfd
2018-06-19 13:01:09 	 [DEBUG] 	 <client.go:112>  	 client: 80d07eb7-09d5-4332-aa4d-01990a291dfd 10002 socket closed
2018-06-19 13:01:19 	 [DEBUG] 	 <tcp.go:32>  	 新连接地址为:[192.168.31.82:51495]
2018-06-19 13:01:19 	 [DEBUG] 	 <client_im.go:90>  	 offlineMsg count 0
2018-06-19 13:01:37 	 [DEBUG] 	 <protocol.go:134>  	 sock read error:EOF
2018-06-19 13:01:37 	 [DEBUG] 	 <client.go:83>  	 EOFconnect offline
2018-06-19 13:01:37 	 [DEBUG] 	 <client.go:148>  	 close client:10002, 80d07eb7-09d5-4332-aa4d-01990a291dfd
2018-06-19 13:01:37 	 [DEBUG] 	 <client.go:112>  	 client: 80d07eb7-09d5-4332-aa4d-01990a291dfd 10002 socket closed
2018-06-19 13:01:48 	 [DEBUG] 	 <tcp.go:32>  	 新连接地址为:[192.168.31.82:51599]
2018-06-19 13:01:48 	 [DEBUG] 	 <client_im.go:90>  	 offlineMsg count 0
2018-06-19 13:02:13 	 [DEBUG] 	 <protocol.go:134>  	 sock read error:EOF
2018-06-19 13:02:13 	 [DEBUG] 	 <client.go:83>  	 EOFconnect offline
2018-06-19 13:02:13 	 [DEBUG] 	 <client.go:148>  	 close client:10002, 80d07eb7-09d5-4332-aa4d-01990a291dfd
2018-06-19 13:02:13 	 [DEBUG] 	 <client.go:112>  	 client: 80d07eb7-09d5-4332-aa4d-01990a291dfd 10002 socket closed
2018-06-19 13:02:23 	 [DEBUG] 	 <tcp.go:32>  	 新连接地址为:[192.168.31.82:51705]
2018-06-19 13:02:23 	 [DEBUG] 	 <client_im.go:90>  	 offlineMsg count 0
2018-06-19 13:04:11 	 [DEBUG] 	 <protocol.go:134>  	 sock read error:EOF
2018-06-19 13:04:11 	 [DEBUG] 	 <client.go:83>  	 EOFconnect offline
2018-06-19 13:04:11 	 [DEBUG] 	 <client.go:148>  	 close client:10002, 80d07eb7-09d5-4332-aa4d-01990a291dfd
2018-06-19 13:04:11 	 [DEBUG] 	 <client.go:112>  	 client: 80d07eb7-09d5-4332-aa4d-01990a291dfd 10002 socket closed
2018-06-19 13:14:32 	 [DEBUG] 	 <tcp.go:32>  	 新连接地址为:[192.168.31.82:51901]
2018-06-19 13:14:32 	 [DEBUG] 	 <client_im.go:90>  	 offlineMsg count 0
2018-06-19 13:15:35 	 [DEBUG] 	 <protocol.go:134>  	 sock read error:EOF
2018-06-19 13:15:35 	 [DEBUG] 	 <client.go:83>  	 EOFconnect offline
2018-06-19 13:15:35 	 [DEBUG] 	 <client.go:148>  	 close client:10002, 80d07eb7-09d5-4332-aa4d-01990a291dfd
2018-06-19 13:15:35 	 [DEBUG] 	 <client.go:112>  	 client: 80d07eb7-09d5-4332-aa4d-01990a291dfd 10002 socket closed
2018-06-19 13:15:47 	 [DEBUG] 	 <tcp.go:32>  	 新连接地址为:[192.168.31.82:51939]
2018-06-19 13:15:47 	 [DEBUG] 	 <client_im.go:90>  	 offlineMsg count 0
2018-06-19 13:17:47 	 [DEBUG] 	 <client_heartbeat.go:9>  	 heartBeet
2018-06-19 13:19:49 	 [DEBUG] 	 <client_heartbeat.go:9>  	 heartBeet
2018-06-19 13:25:49 	 [DEBUG] 	 <protocol.go:134>  	 sock read error:read tcp 192.168.31.74:62310->192.168.31.82:51939: i/o timeout
2018-06-19 13:25:49 	 [DEBUG] 	 <client.go:148>  	 close client:10002, 80d07eb7-09d5-4332-aa4d-01990a291dfd
2018-06-19 13:25:49 	 [DEBUG] 	 <client.go:112>  	 client: 80d07eb7-09d5-4332-aa4d-01990a291dfd 10002 socket closed
2018-06-19 13:33:51 	 [DEBUG] 	 <tcp.go:32>  	 新连接地址为:[192.168.31.82:51988]
2018-06-19 13:33:51 	 [DEBUG] 	 <client_im.go:90>  	 offlineMsg count 0
2018-06-19 13:34:18 	 [DEBUG] 	 <protocol.go:134>  	 sock read error:EOF
2018-06-19 13:34:18 	 [DEBUG] 	 <client.go:83>  	 EOFconnect offline
2018-06-19 13:34:18 	 [DEBUG] 	 <client.go:148>  	 close client:10002, 80d07eb7-09d5-4332-aa4d-01990a291dfd
2018-06-19 13:34:18 	 [DEBUG] 	 <client.go:112>  	 client: 80d07eb7-09d5-4332-aa4d-01990a291dfd 10002 socket closed
2018-06-19 13:34:29 	 [DEBUG] 	 <tcp.go:32>  	 新连接地址为:[192.168.31.82:52023]
2018-06-19 13:34:29 	 [DEBUG] 	 <client_im.go:90>  	 offlineMsg count 0
2018-06-19 13:34:46 	 [DEBUG] 	 <protocol.go:134>  	 sock read error:EOF
2018-06-19 13:34:46 	 [DEBUG] 	 <client.go:83>  	 EOFconnect offline
2018-06-19 13:34:46 	 [DEBUG] 	 <client.go:148>  	 close client:10002, 80d07eb7-09d5-4332-aa4d-01990a291dfd
2018-06-19 13:34:46 	 [DEBUG] 	 <client.go:112>  	 client: 80d07eb7-09d5-4332-aa4d-01990a291dfd 10002 socket closed
2018-06-19 13:34:58 	 [DEBUG] 	 <tcp.go:32>  	 新连接地址为:[192.168.31.82:52059]
2018-06-19 13:34:58 	 [DEBUG] 	 <client_im.go:90>  	 offlineMsg count 0
2018-06-19 13:36:12 	 [DEBUG] 	 <protocol.go:134>  	 sock read error:EOF
2018-06-19 13:36:12 	 [DEBUG] 	 <client.go:83>  	 EOFconnect offline
2018-06-19 13:36:12 	 [DEBUG] 	 <client.go:148>  	 close client:10002, 80d07eb7-09d5-4332-aa4d-01990a291dfd
2018-06-19 13:36:12 	 [DEBUG] 	 <client.go:112>  	 client: 80d07eb7-09d5-4332-aa4d-01990a291dfd 10002 socket closed
2018-06-19 13:37:53 	 [DEBUG] 	 <tcp.go:32>  	 新连接地址为:[127.0.0.1:61018]
2018-06-19 13:37:54 	 [DEBUG] 	 <protocol.go:134>  	 sock read error:EOF
2018-06-19 13:37:54 	 [DEBUG] 	 <client.go:83>  	 EOFconnect offline
2018-06-19 13:37:54 	 [DEBUG] 	 <client.go:148>  	 close client:0, 
2018-06-19 13:37:54 	 [DEBUG] 	 <client.go:112>  	 client:  0 socket closed
2018-06-19 13:37:54 	 [DEBUG] 	 <tcp.go:32>  	 新连接地址为:[127.0.0.1:61020]
2018-06-19 13:37:54 	 [DEBUG] 	 <client_im.go:90>  	 offlineMsg count 0
2018-06-19 13:37:54 	 [DEBUG] 	 <protocol.go:134>  	 sock read error:EOF
2018-06-19 13:37:54 	 [DEBUG] 	 <client.go:83>  	 EOFconnect offline
2018-06-19 13:37:54 	 [DEBUG] 	 <client.go:148>  	 close client:10002, 80d07eb7-09d5-4332-aa4d-01990a291dfd
2018-06-19 13:37:54 	 [DEBUG] 	 <client.go:112>  	 client: 80d07eb7-09d5-4332-aa4d-01990a291dfd 10002 socket closed
2018-06-19 13:37:55 	 [DEBUG] 	 <tcp.go:32>  	 新连接地址为:[127.0.0.1:61021]
2018-06-19 13:37:55 	 [DEBUG] 	 <client_im.go:90>  	 offlineMsg count 0
2018-06-19 13:38:08 	 [DEBUG] 	 <protocol.go:134>  	 sock read error:EOF
2018-06-19 13:38:08 	 [DEBUG] 	 <client.go:83>  	 EOFconnect offline
2018-06-19 13:38:08 	 [DEBUG] 	 <client.go:148>  	 close client:10002, 80d07eb7-09d5-4332-aa4d-01990a291dfd
2018-06-19 13:38:08 	 [DEBUG] 	 <client.go:112>  	 client: 80d07eb7-09d5-4332-aa4d-01990a291dfd 10002 socket closed
2018-06-19 13:38:14 	 [DEBUG] 	 <tcp.go:32>  	 新连接地址为:[127.0.0.1:61036]
2018-06-19 13:38:14 	 [DEBUG] 	 <client_im.go:90>  	 offlineMsg count 0
2018-06-19 13:38:17 	 [DEBUG] 	 <protocol.go:134>  	 sock read error:EOF
2018-06-19 13:38:17 	 [DEBUG] 	 <client.go:83>  	 EOFconnect offline
2018-06-19 13:38:17 	 [DEBUG] 	 <client.go:148>  	 close client:10002, 80d07eb7-09d5-4332-aa4d-01990a291dfd
2018-06-19 13:38:17 	 [DEBUG] 	 <client.go:112>  	 client: 80d07eb7-09d5-4332-aa4d-01990a291dfd 10002 socket closed
2018-06-19 13:38:35 	 [DEBUG] 	 <tcp.go:32>  	 新连接地址为:[127.0.0.1:61041]
2018-06-19 13:38:35 	 [DEBUG] 	 <client_im.go:90>  	 offlineMsg count 0
2018-06-19 13:39:35 	 [DEBUG] 	 <protocol.go:134>  	 sock read error:EOF
2018-06-19 13:39:35 	 [DEBUG] 	 <client.go:83>  	 EOFconnect offline
2018-06-19 13:39:35 	 [DEBUG] 	 <client.go:148>  	 close client:10002, 80d07eb7-09d5-4332-aa4d-01990a291dfd
2018-06-19 13:39:35 	 [DEBUG] 	 <client.go:112>  	 client: 80d07eb7-09d5-4332-aa4d-01990a291dfd 10002 socket closed
2018-06-19 13:39:41 	 [DEBUG] 	 <tcp.go:32>  	 新连接地址为:[127.0.0.1:61114]
2018-06-19 13:39:41 	 [DEBUG] 	 <client_im.go:90>  	 offlineMsg count 0
2018-06-19 13:40:28 	 [DEBUG] 	 <protocol.go:134>  	 sock read error:EOF
2018-06-19 13:40:28 	 [DEBUG] 	 <client.go:83>  	 EOFconnect offline
2018-06-19 13:40:28 	 [DEBUG] 	 <client.go:148>  	 close client:10002, 80d07eb7-09d5-4332-aa4d-01990a291dfd
2018-06-19 13:40:28 	 [DEBUG] 	 <client.go:112>  	 client: 80d07eb7-09d5-4332-aa4d-01990a291dfd 10002 socket closed
2018-06-19 13:42:21 	 [DEBUG] 	 <tcp.go:32>  	 新连接地址为:[192.168.31.82:52125]
2018-06-19 13:42:21 	 [DEBUG] 	 <client_im.go:90>  	 offlineMsg count 0
2018-06-19 13:42:50 	 [DEBUG] 	 <protocol.go:134>  	 sock read error:EOF
2018-06-19 13:42:50 	 [DEBUG] 	 <client.go:83>  	 EOFconnect offline
2018-06-19 13:42:50 	 [DEBUG] 	 <client.go:148>  	 close client:10002, 80d07eb7-09d5-4332-aa4d-01990a291dfd
2018-06-19 13:42:50 	 [DEBUG] 	 <client.go:112>  	 client: 80d07eb7-09d5-4332-aa4d-01990a291dfd 10002 socket closed
2018-06-19 13:44:21 	 [DEBUG] 	 <tcp.go:32>  	 新连接地址为:[192.168.31.82:52172]
2018-06-19 13:44:21 	 [DEBUG] 	 <client_im.go:90>  	 offlineMsg count 0
2018-06-19 13:44:51 	 [DEBUG] 	 <protocol.go:134>  	 sock read error:EOF
2018-06-19 13:44:51 	 [DEBUG] 	 <client.go:83>  	 EOFconnect offline
2018-06-19 13:44:51 	 [DEBUG] 	 <client.go:148>  	 close client:10002, 80d07eb7-09d5-4332-aa4d-01990a291dfd
2018-06-19 13:44:51 	 [DEBUG] 	 <client.go:112>  	 client: 80d07eb7-09d5-4332-aa4d-01990a291dfd 10002 socket closed
2018-06-19 13:47:43 	 [DEBUG] 	 <tcp.go:32>  	 新连接地址为:[192.168.31.82:52182]
2018-06-19 13:47:43 	 [DEBUG] 	 <client_im.go:90>  	 offlineMsg count 0
2018-06-19 13:47:58 	 [DEBUG] 	 <protocol.go:134>  	 sock read error:EOF
2018-06-19 13:47:58 	 [DEBUG] 	 <client.go:83>  	 EOFconnect offline
2018-06-19 13:47:58 	 [DEBUG] 	 <client.go:148>  	 close client:10002, 80d07eb7-09d5-4332-aa4d-01990a291dfd
2018-06-19 13:47:58 	 [DEBUG] 	 <client.go:112>  	 client: 80d07eb7-09d5-4332-aa4d-01990a291dfd 10002 socket closed
2018-06-19 13:48:05 	 [DEBUG] 	 <tcp.go:32>  	 新连接地址为:[192.168.31.82:52347]
2018-06-19 13:48:05 	 [DEBUG] 	 <client_im.go:90>  	 offlineMsg count 0
2018-06-19 13:50:06 	 [DEBUG] 	 <client_heartbeat.go:9>  	 heartBeet
2018-06-19 13:52:07 	 [DEBUG] 	 <client_heartbeat.go:9>  	 heartBeet
2018-06-19 13:54:08 	 [DEBUG] 	 <client_heartbeat.go:9>  	 heartBeet
2018-06-19 13:56:06 	 [DEBUG] 	 <client_heartbeat.go:9>  	 heartBeet
2018-06-19 13:58:08 	 [DEBUG] 	 <client_heartbeat.go:9>  	 heartBeet
2018-06-19 14:00:08 	 [DEBUG] 	 <client_heartbeat.go:9>  	 heartBeet
2018-06-19 14:02:08 	 [DEBUG] 	 <client_heartbeat.go:9>  	 heartBeet
2018-06-19 14:04:07 	 [DEBUG] 	 <client_heartbeat.go:9>  	 heartBeet
2018-06-19 14:04:47 	 [DEBUG] 	 <protocol.go:134>  	 sock read error:EOF
2018-06-19 14:04:47 	 [DEBUG] 	 <client.go:83>  	 EOFconnect offline
2018-06-19 14:04:47 	 [DEBUG] 	 <client.go:148>  	 close client:10002, 80d07eb7-09d5-4332-aa4d-01990a291dfd
2018-06-19 14:04:47 	 [DEBUG] 	 <client.go:112>  	 client: 80d07eb7-09d5-4332-aa4d-01990a291dfd 10002 socket closed
2018-06-19 14:18:04 	 [DEBUG] 	 <tcp.go:32>  	 新连接地址为:[192.168.31.82:52499]
2018-06-19 14:18:04 	 [DEBUG] 	 <client_im.go:90>  	 offlineMsg count 0
2018-06-19 14:18:27 	 [DEBUG] 	 <protocol.go:134>  	 sock read error:EOF
2018-06-19 14:18:27 	 [DEBUG] 	 <client.go:83>  	 EOFconnect offline
2018-06-19 14:18:27 	 [DEBUG] 	 <client.go:148>  	 close client:10002, 80d07eb7-09d5-4332-aa4d-01990a291dfd
2018-06-19 14:18:27 	 [DEBUG] 	 <client.go:112>  	 client: 80d07eb7-09d5-4332-aa4d-01990a291dfd 10002 socket closed
2018-06-19 14:18:33 	 [DEBUG] 	 <tcp.go:32>  	 新连接地址为:[192.168.31.82:52500]
2018-06-19 14:18:33 	 [DEBUG] 	 <client_im.go:90>  	 offlineMsg count 0
2018-06-19 14:18:34 	 [DEBUG] 	 <protocol.go:134>  	 sock read error:EOF
2018-06-19 14:18:34 	 [DEBUG] 	 <client.go:83>  	 EOFconnect offline
2018-06-19 14:18:34 	 [DEBUG] 	 <client.go:148>  	 close client:10002, 80d07eb7-09d5-4332-aa4d-01990a291dfd
2018-06-19 14:18:34 	 [DEBUG] 	 <client.go:112>  	 client: 80d07eb7-09d5-4332-aa4d-01990a291dfd 10002 socket closed
2018-06-19 14:18:38 	 [DEBUG] 	 <tcp.go:32>  	 新连接地址为:[192.168.31.82:52501]
2018-06-19 14:18:38 	 [DEBUG] 	 <client_im.go:90>  	 offlineMsg count 0
2018-06-19 14:19:07 	 [DEBUG] 	 <protocol.go:134>  	 sock read error:EOF
2018-06-19 14:19:07 	 [DEBUG] 	 <client.go:83>  	 EOFconnect offline
2018-06-19 14:19:07 	 [DEBUG] 	 <client.go:148>  	 close client:10002, 80d07eb7-09d5-4332-aa4d-01990a291dfd
2018-06-19 14:19:07 	 [DEBUG] 	 <client.go:112>  	 client: 80d07eb7-09d5-4332-aa4d-01990a291dfd 10002 socket closed
2018-06-19 14:19:13 	 [DEBUG] 	 <tcp.go:32>  	 新连接地址为:[192.168.31.82:52608]
2018-06-19 14:19:13 	 [DEBUG] 	 <client_im.go:90>  	 offlineMsg count 0
2018-06-19 14:19:40 	 [DEBUG] 	 <protocol.go:134>  	 sock read error:EOF
2018-06-19 14:19:40 	 [DEBUG] 	 <client.go:83>  	 EOFconnect offline
2018-06-19 14:19:40 	 [DEBUG] 	 <client.go:148>  	 close client:10002, 80d07eb7-09d5-4332-aa4d-01990a291dfd
2018-06-19 14:19:40 	 [DEBUG] 	 <client.go:112>  	 client: 80d07eb7-09d5-4332-aa4d-01990a291dfd 10002 socket closed
2018-06-19 14:19:49 	 [DEBUG] 	 <tcp.go:32>  	 新连接地址为:[192.168.31.82:52716]
2018-06-19 14:19:49 	 [DEBUG] 	 <client_im.go:90>  	 offlineMsg count 0
2018-06-19 14:22:17 	 [DEBUG] 	 <protocol.go:134>  	 sock read error:EOF
2018-06-19 14:22:17 	 [DEBUG] 	 <client.go:83>  	 EOFconnect offline
2018-06-19 14:22:17 	 [DEBUG] 	 <client.go:148>  	 close client:10002, 80d07eb7-09d5-4332-aa4d-01990a291dfd
2018-06-19 14:22:17 	 [DEBUG] 	 <client.go:112>  	 client: 80d07eb7-09d5-4332-aa4d-01990a291dfd 10002 socket closed
2018-06-19 14:22:31 	 [DEBUG] 	 <tcp.go:32>  	 新连接地址为:[192.168.31.82:52822]
2018-06-19 14:22:31 	 [DEBUG] 	 <client_im.go:90>  	 offlineMsg count 0
2018-06-19 14:28:31 	 [DEBUG] 	 <protocol.go:134>  	 sock read error:read tcp 192.168.31.74:62310->192.168.31.82:52822: i/o timeout
2018-06-19 14:28:31 	 [DEBUG] 	 <client.go:148>  	 close client:10002, 80d07eb7-09d5-4332-aa4d-01990a291dfd
2018-06-19 14:28:31 	 [DEBUG] 	 <client.go:112>  	 client: 80d07eb7-09d5-4332-aa4d-01990a291dfd 10002 socket closed
2018-06-19 14:30:19 	 [DEBUG] 	 <tcp.go:32>  	 新连接地址为:[192.168.31.82:52846]
2018-06-19 14:30:19 	 [DEBUG] 	 <client_im.go:90>  	 offlineMsg count 0
2018-06-19 14:30:29 	 [DEBUG] 	 <protocol.go:134>  	 sock read error:EOF
2018-06-19 14:30:29 	 [DEBUG] 	 <client.go:83>  	 EOFconnect offline
2018-06-19 14:30:29 	 [DEBUG] 	 <client.go:148>  	 close client:10002, 80d07eb7-09d5-4332-aa4d-01990a291dfd
2018-06-19 14:30:29 	 [DEBUG] 	 <client.go:112>  	 client: 80d07eb7-09d5-4332-aa4d-01990a291dfd 10002 socket closed
2018-06-19 14:30:56 	 [DEBUG] 	 <tcp.go:32>  	 新连接地址为:[192.168.31.82:52847]
2018-06-19 14:30:56 	 [DEBUG] 	 <client_im.go:90>  	 offlineMsg count 0
2018-06-19 14:30:56 	 [DEBUG] 	 <protocol.go:134>  	 sock read error:EOF
2018-06-19 14:30:56 	 [DEBUG] 	 <client.go:83>  	 EOFconnect offline
2018-06-19 14:30:56 	 [DEBUG] 	 <client.go:148>  	 close client:10002, 80d07eb7-09d5-4332-aa4d-01990a291dfd
2018-06-19 14:30:56 	 [DEBUG] 	 <client.go:112>  	 client: 80d07eb7-09d5-4332-aa4d-01990a291dfd 10002 socket closed
2018-06-19 14:30:58 	 [DEBUG] 	 <tcp.go:32>  	 新连接地址为:[192.168.31.82:52848]
2018-06-19 14:30:58 	 [DEBUG] 	 <client_im.go:90>  	 offlineMsg count 0
2018-06-19 14:31:17 	 [DEBUG] 	 <protocol.go:134>  	 sock read error:EOF
2018-06-19 14:31:17 	 [DEBUG] 	 <client.go:83>  	 EOFconnect offline
2018-06-19 14:31:17 	 [DEBUG] 	 <client.go:148>  	 close client:10002, 80d07eb7-09d5-4332-aa4d-01990a291dfd
2018-06-19 14:31:17 	 [DEBUG] 	 <client.go:112>  	 client: 80d07eb7-09d5-4332-aa4d-01990a291dfd 10002 socket closed
2018-06-19 14:31:22 	 [DEBUG] 	 <tcp.go:32>  	 新连接地址为:[192.168.31.82:52877]
2018-06-19 14:31:22 	 [DEBUG] 	 <client_im.go:90>  	 offlineMsg count 0
2018-06-19 14:31:28 	 [DEBUG] 	 <protocol.go:134>  	 sock read error:EOF
2018-06-19 14:31:28 	 [DEBUG] 	 <client.go:83>  	 EOFconnect offline
2018-06-19 14:31:28 	 [DEBUG] 	 <client.go:148>  	 close client:10002, 80d07eb7-09d5-4332-aa4d-01990a291dfd
2018-06-19 14:31:28 	 [DEBUG] 	 <client.go:112>  	 client: 80d07eb7-09d5-4332-aa4d-01990a291dfd 10002 socket closed
2018-06-19 14:31:36 	 [DEBUG] 	 <tcp.go:32>  	 新连接地址为:[192.168.31.82:53059]
2018-06-19 14:31:36 	 [DEBUG] 	 <client_im.go:90>  	 offlineMsg count 0
2018-06-19 14:33:14 	 [DEBUG] 	 <protocol.go:134>  	 sock read error:EOF
2018-06-19 14:33:14 	 [DEBUG] 	 <client.go:83>  	 EOFconnect offline
2018-06-19 14:33:14 	 [DEBUG] 	 <client.go:148>  	 close client:10002, 80d07eb7-09d5-4332-aa4d-01990a291dfd
2018-06-19 14:33:14 	 [DEBUG] 	 <client.go:112>  	 client: 80d07eb7-09d5-4332-aa4d-01990a291dfd 10002 socket closed
2018-06-19 14:33:33 	 [DEBUG] 	 <tcp.go:32>  	 新连接地址为:[192.168.31.82:53175]
2018-06-19 14:33:33 	 [DEBUG] 	 <client_im.go:90>  	 offlineMsg count 0
2018-06-19 14:33:46 	 [DEBUG] 	 <protocol.go:134>  	 sock read error:EOF
2018-06-19 14:33:46 	 [DEBUG] 	 <client.go:83>  	 EOFconnect offline
2018-06-19 14:33:46 	 [DEBUG] 	 <client.go:148>  	 close client:10002, 80d07eb7-09d5-4332-aa4d-01990a291dfd
2018-06-19 14:33:46 	 [DEBUG] 	 <client.go:112>  	 client: 80d07eb7-09d5-4332-aa4d-01990a291dfd 10002 socket closed
2018-06-19 14:33:54 	 [DEBUG] 	 <tcp.go:32>  	 新连接地址为:[192.168.31.82:53176]
2018-06-19 14:33:54 	 [DEBUG] 	 <client_im.go:90>  	 offlineMsg count 0
2018-06-19 14:33:57 	 [DEBUG] 	 <protocol.go:134>  	 sock read error:EOF
2018-06-19 14:33:57 	 [DEBUG] 	 <client.go:83>  	 EOFconnect offline
2018-06-19 14:33:57 	 [DEBUG] 	 <client.go:148>  	 close client:10002, 80d07eb7-09d5-4332-aa4d-01990a291dfd
2018-06-19 14:33:57 	 [DEBUG] 	 <client.go:112>  	 client: 80d07eb7-09d5-4332-aa4d-01990a291dfd 10002 socket closed
2018-06-19 14:34:15 	 [DEBUG] 	 <tcp.go:32>  	 新连接地址为:[192.168.31.82:53177]
2018-06-19 14:34:15 	 [DEBUG] 	 <client_im.go:90>  	 offlineMsg count 0
2018-06-19 14:34:22 	 [DEBUG] 	 <protocol.go:134>  	 sock read error:EOF
2018-06-19 14:34:22 	 [DEBUG] 	 <client.go:83>  	 EOFconnect offline
2018-06-19 14:34:22 	 [DEBUG] 	 <client.go:148>  	 close client:10002, 80d07eb7-09d5-4332-aa4d-01990a291dfd
2018-06-19 14:34:22 	 [DEBUG] 	 <client.go:112>  	 client: 80d07eb7-09d5-4332-aa4d-01990a291dfd 10002 socket closed
2018-06-19 14:34:28 	 [DEBUG] 	 <tcp.go:32>  	 新连接地址为:[192.168.31.82:53285]
2018-06-19 14:34:28 	 [DEBUG] 	 <client_im.go:90>  	 offlineMsg count 0
2018-06-19 14:34:43 	 [DEBUG] 	 <protocol.go:134>  	 sock read error:EOF
2018-06-19 14:34:43 	 [DEBUG] 	 <client.go:83>  	 EOFconnect offline
2018-06-19 14:34:43 	 [DEBUG] 	 <client.go:148>  	 close client:10002, 80d07eb7-09d5-4332-aa4d-01990a291dfd
2018-06-19 14:34:43 	 [DEBUG] 	 <client.go:112>  	 client: 80d07eb7-09d5-4332-aa4d-01990a291dfd 10002 socket closed
2018-06-19 14:34:53 	 [DEBUG] 	 <tcp.go:32>  	 新连接地址为:[192.168.31.82:53401]
2018-06-19 14:34:53 	 [DEBUG] 	 <client_im.go:90>  	 offlineMsg count 0
2018-06-19 14:38:28 	 [DEBUG] 	 <protocol.go:134>  	 sock read error:EOF
2018-06-19 14:38:28 	 [DEBUG] 	 <client.go:83>  	 EOFconnect offline
2018-06-19 14:38:28 	 [DEBUG] 	 <client.go:148>  	 close client:10002, 80d07eb7-09d5-4332-aa4d-01990a291dfd
2018-06-19 14:38:28 	 [DEBUG] 	 <client.go:112>  	 client: 80d07eb7-09d5-4332-aa4d-01990a291dfd 10002 socket closed
2018-06-19 14:38:37 	 [DEBUG] 	 <tcp.go:32>  	 新连接地址为:[192.168.31.82:53519]
2018-06-19 14:38:37 	 [DEBUG] 	 <client_im.go:90>  	 offlineMsg count 0
2018-06-19 14:38:55 	 [DEBUG] 	 <protocol.go:134>  	 sock read error:EOF
2018-06-19 14:38:55 	 [DEBUG] 	 <client.go:83>  	 EOFconnect offline
2018-06-19 14:38:55 	 [DEBUG] 	 <client.go:148>  	 close client:10002, 80d07eb7-09d5-4332-aa4d-01990a291dfd
2018-06-19 14:38:55 	 [DEBUG] 	 <client.go:112>  	 client: 80d07eb7-09d5-4332-aa4d-01990a291dfd 10002 socket closed
2018-06-19 14:39:19 	 [DEBUG] 	 <tcp.go:32>  	 新连接地址为:[192.168.31.82:53539]
2018-06-19 14:39:19 	 [DEBUG] 	 <client_im.go:90>  	 offlineMsg count 0
2018-06-19 14:39:29 	 [DEBUG] 	 <protocol.go:134>  	 sock read error:EOF
2018-06-19 14:39:29 	 [DEBUG] 	 <client.go:83>  	 EOFconnect offline
2018-06-19 14:39:29 	 [DEBUG] 	 <client.go:148>  	 close client:10002, 80d07eb7-09d5-4332-aa4d-01990a291dfd
2018-06-19 14:39:29 	 [DEBUG] 	 <client.go:112>  	 client: 80d07eb7-09d5-4332-aa4d-01990a291dfd 10002 socket closed
2018-06-19 14:41:01 	 [DEBUG] 	 <tcp.go:32>  	 新连接地址为:[192.168.31.82:53652]
2018-06-19 14:41:01 	 [DEBUG] 	 <client_im.go:90>  	 offlineMsg count 0
2018-06-19 14:41:13 	 [DEBUG] 	 <protocol.go:134>  	 sock read error:EOF
2018-06-19 14:41:13 	 [DEBUG] 	 <client.go:83>  	 EOFconnect offline
2018-06-19 14:41:13 	 [DEBUG] 	 <client.go:148>  	 close client:10002, 80d07eb7-09d5-4332-aa4d-01990a291dfd
2018-06-19 14:41:13 	 [DEBUG] 	 <client.go:112>  	 client: 80d07eb7-09d5-4332-aa4d-01990a291dfd 10002 socket closed
2018-06-19 14:41:15 	 [DEBUG] 	 <tcp.go:32>  	 新连接地址为:[192.168.31.82:53653]
2018-06-19 14:41:15 	 [DEBUG] 	 <client_im.go:90>  	 offlineMsg count 0
2018-06-19 14:43:02 	 [DEBUG] 	 <client_heartbeat.go:9>  	 heartBeet
2018-06-19 14:45:03 	 [DEBUG] 	 <client_heartbeat.go:9>  	 heartBeet
2018-06-19 14:47:03 	 [DEBUG] 	 <client_heartbeat.go:9>  	 heartBeet
2018-06-19 14:48:38 	 [DEBUG] 	 <protocol.go:134>  	 sock read error:EOF
2018-06-19 14:48:38 	 [DEBUG] 	 <client.go:83>  	 EOFconnect offline
2018-06-19 14:48:38 	 [DEBUG] 	 <client.go:148>  	 close client:10002, 80d07eb7-09d5-4332-aa4d-01990a291dfd
2018-06-19 14:48:38 	 [DEBUG] 	 <client.go:112>  	 client: 80d07eb7-09d5-4332-aa4d-01990a291dfd 10002 socket closed
2018-06-19 15:03:11 	 [DEBUG] 	 <tcp.go:32>  	 新连接地址为:[192.168.31.82:53763]
2018-06-19 15:03:11 	 [DEBUG] 	 <client_im.go:90>  	 offlineMsg count 0
2018-06-19 15:04:12 	 [DEBUG] 	 <protocol.go:134>  	 sock read error:EOF
2018-06-19 15:04:12 	 [DEBUG] 	 <client.go:83>  	 EOFconnect offline
2018-06-19 15:04:12 	 [DEBUG] 	 <client.go:148>  	 close client:10002, 80d07eb7-09d5-4332-aa4d-01990a291dfd
2018-06-19 15:04:12 	 [DEBUG] 	 <client.go:112>  	 client: 80d07eb7-09d5-4332-aa4d-01990a291dfd 10002 socket closed
2018-06-19 15:04:21 	 [DEBUG] 	 <tcp.go:32>  	 新连接地址为:[192.168.31.82:53907]
2018-06-19 15:04:21 	 [DEBUG] 	 <client_im.go:90>  	 offlineMsg count 0
2018-06-19 15:05:13 	 [DEBUG] 	 <protocol.go:134>  	 sock read error:EOF
2018-06-19 15:05:13 	 [DEBUG] 	 <client.go:83>  	 EOFconnect offline
2018-06-19 15:05:13 	 [DEBUG] 	 <client.go:148>  	 close client:10002, 80d07eb7-09d5-4332-aa4d-01990a291dfd
2018-06-19 15:05:13 	 [DEBUG] 	 <client.go:112>  	 client: 80d07eb7-09d5-4332-aa4d-01990a291dfd 10002 socket closed
2018-06-19 15:05:28 	 [DEBUG] 	 <tcp.go:32>  	 新连接地址为:[192.168.31.82:54100]
2018-06-19 15:05:28 	 [DEBUG] 	 <client_im.go:90>  	 offlineMsg count 0
2018-06-19 15:06:33 	 [DEBUG] 	 <protocol.go:134>  	 sock read error:EOF
2018-06-19 15:06:33 	 [DEBUG] 	 <client.go:83>  	 EOFconnect offline
2018-06-19 15:06:33 	 [DEBUG] 	 <client.go:148>  	 close client:10002, 80d07eb7-09d5-4332-aa4d-01990a291dfd
2018-06-19 15:06:33 	 [DEBUG] 	 <client.go:112>  	 client: 80d07eb7-09d5-4332-aa4d-01990a291dfd 10002 socket closed
2018-06-19 15:07:08 	 [DEBUG] 	 <tcp.go:32>  	 新连接地址为:[192.168.31.82:54233]
2018-06-19 15:07:08 	 [DEBUG] 	 <client_im.go:90>  	 offlineMsg count 0
2018-06-19 15:07:27 	 [DEBUG] 	 <protocol.go:134>  	 sock read error:EOF
2018-06-19 15:07:27 	 [DEBUG] 	 <client.go:83>  	 EOFconnect offline
2018-06-19 15:07:27 	 [DEBUG] 	 <client.go:148>  	 close client:10002, 80d07eb7-09d5-4332-aa4d-01990a291dfd
2018-06-19 15:07:27 	 [DEBUG] 	 <client.go:112>  	 client: 80d07eb7-09d5-4332-aa4d-01990a291dfd 10002 socket closed
2018-06-19 15:20:14 	 [DEBUG] 	 <tcp.go:32>  	 新连接地址为:[192.168.31.82:54403]
2018-06-19 15:20:14 	 [DEBUG] 	 <client_im.go:90>  	 offlineMsg count 0
2018-06-19 15:21:58 	 [DEBUG] 	 <protocol.go:134>  	 sock read error:EOF
2018-06-19 15:21:58 	 [DEBUG] 	 <client.go:83>  	 EOFconnect offline
2018-06-19 15:21:58 	 [DEBUG] 	 <client.go:148>  	 close client:10002, 80d07eb7-09d5-4332-aa4d-01990a291dfd
2018-06-19 15:21:58 	 [DEBUG] 	 <client.go:112>  	 client: 80d07eb7-09d5-4332-aa4d-01990a291dfd 10002 socket closed
2018-06-19 16:29:06 	 [DEBUG] 	 <tcp.go:32>  	 新连接地址为:[192.168.31.82:54558]
2018-06-19 16:29:07 	 [DEBUG] 	 <client_im.go:90>  	 offlineMsg count 0
2018-06-19 16:30:21 	 [DEBUG] 	 <protocol.go:134>  	 sock read error:EOF
2018-06-19 16:30:21 	 [DEBUG] 	 <client.go:83>  	 EOFconnect offline
2018-06-19 16:30:21 	 [DEBUG] 	 <client.go:148>  	 close client:10002, 80d07eb7-09d5-4332-aa4d-01990a291dfd
2018-06-19 16:30:21 	 [DEBUG] 	 <client.go:112>  	 client: 80d07eb7-09d5-4332-aa4d-01990a291dfd 10002 socket closed
2018-06-19 16:30:31 	 [DEBUG] 	 <tcp.go:32>  	 新连接地址为:[192.168.31.82:54665]
2018-06-19 16:30:31 	 [DEBUG] 	 <client_im.go:90>  	 offlineMsg count 0
2018-06-19 16:30:50 	 [DEBUG] 	 <protocol.go:134>  	 sock read error:EOF
2018-06-19 16:30:50 	 [DEBUG] 	 <client.go:83>  	 EOFconnect offline
2018-06-19 16:30:50 	 [DEBUG] 	 <client.go:148>  	 close client:10002, 80d07eb7-09d5-4332-aa4d-01990a291dfd
2018-06-19 16:30:50 	 [DEBUG] 	 <client.go:112>  	 client: 80d07eb7-09d5-4332-aa4d-01990a291dfd 10002 socket closed
2018-06-19 16:30:58 	 [DEBUG] 	 <tcp.go:32>  	 新连接地址为:[192.168.31.82:54770]
2018-06-19 16:30:58 	 [DEBUG] 	 <client_im.go:90>  	 offlineMsg count 0
2018-06-19 16:31:30 	 [DEBUG] 	 <protocol.go:134>  	 sock read error:EOF
2018-06-19 16:31:30 	 [DEBUG] 	 <client.go:83>  	 EOFconnect offline
2018-06-19 16:31:30 	 [DEBUG] 	 <client.go:148>  	 close client:10002, 80d07eb7-09d5-4332-aa4d-01990a291dfd
2018-06-19 16:31:30 	 [DEBUG] 	 <client.go:112>  	 client: 80d07eb7-09d5-4332-aa4d-01990a291dfd 10002 socket closed
2018-06-19 16:32:11 	 [DEBUG] 	 <tcp.go:32>  	 新连接地址为:[192.168.31.82:54891]
2018-06-19 16:32:11 	 [DEBUG] 	 <client_im.go:90>  	 offlineMsg count 0
2018-06-19 16:33:07 	 [DEBUG] 	 <protocol.go:134>  	 sock read error:EOF
2018-06-19 16:33:07 	 [DEBUG] 	 <client.go:83>  	 EOFconnect offline
2018-06-19 16:33:07 	 [DEBUG] 	 <client.go:148>  	 close client:10002, 80d07eb7-09d5-4332-aa4d-01990a291dfd
2018-06-19 16:33:07 	 [DEBUG] 	 <client.go:112>  	 client: 80d07eb7-09d5-4332-aa4d-01990a291dfd 10002 socket closed
2018-06-19 16:33:18 	 [DEBUG] 	 <tcp.go:32>  	 新连接地址为:[192.168.31.82:55001]
2018-06-19 16:33:18 	 [DEBUG] 	 <client_im.go:90>  	 offlineMsg count 0
2018-06-19 16:33:49 	 [DEBUG] 	 <protocol.go:134>  	 sock read error:EOF
2018-06-19 16:33:49 	 [DEBUG] 	 <client.go:83>  	 EOFconnect offline
2018-06-19 16:33:49 	 [DEBUG] 	 <client.go:148>  	 close client:10002, 80d07eb7-09d5-4332-aa4d-01990a291dfd
2018-06-19 16:33:49 	 [DEBUG] 	 <client.go:112>  	 client: 80d07eb7-09d5-4332-aa4d-01990a291dfd 10002 socket closed
2018-06-19 16:34:45 	 [DEBUG] 	 <tcp.go:32>  	 新连接地址为:[192.168.31.82:55283]
2018-06-19 16:34:45 	 [DEBUG] 	 <client_im.go:90>  	 offlineMsg count 0
2018-06-19 16:35:11 	 [DEBUG] 	 <protocol.go:134>  	 sock read error:EOF
2018-06-19 16:35:11 	 [DEBUG] 	 <client.go:83>  	 EOFconnect offline
2018-06-19 16:35:11 	 [DEBUG] 	 <client.go:148>  	 close client:10002, 80d07eb7-09d5-4332-aa4d-01990a291dfd
2018-06-19 16:35:11 	 [DEBUG] 	 <client.go:112>  	 client: 80d07eb7-09d5-4332-aa4d-01990a291dfd 10002 socket closed
2018-06-19 16:35:20 	 [DEBUG] 	 <tcp.go:32>  	 新连接地址为:[192.168.31.82:55388]
2018-06-19 16:35:20 	 [DEBUG] 	 <client_im.go:90>  	 offlineMsg count 0
2018-06-19 16:35:50 	 [DEBUG] 	 <protocol.go:134>  	 sock read error:EOF
2018-06-19 16:35:50 	 [DEBUG] 	 <client.go:83>  	 EOFconnect offline
2018-06-19 16:35:50 	 [DEBUG] 	 <client.go:148>  	 close client:10002, 80d07eb7-09d5-4332-aa4d-01990a291dfd
2018-06-19 16:35:50 	 [DEBUG] 	 <client.go:112>  	 client: 80d07eb7-09d5-4332-aa4d-01990a291dfd 10002 socket closed
2018-06-19 16:37:47 	 [DEBUG] 	 <tcp.go:32>  	 新连接地址为:[192.168.31.82:55584]
2018-06-19 16:37:47 	 [DEBUG] 	 <client_im.go:90>  	 offlineMsg count 0
2018-06-19 16:37:55 	 [DEBUG] 	 <protocol.go:134>  	 sock read error:EOF
2018-06-19 16:37:55 	 [DEBUG] 	 <client.go:83>  	 EOFconnect offline
2018-06-19 16:37:55 	 [DEBUG] 	 <client.go:148>  	 close client:10002, 80d07eb7-09d5-4332-aa4d-01990a291dfd
2018-06-19 16:37:55 	 [DEBUG] 	 <client.go:112>  	 client: 80d07eb7-09d5-4332-aa4d-01990a291dfd 10002 socket closed
2018-06-19 16:38:04 	 [DEBUG] 	 <tcp.go:32>  	 新连接地址为:[192.168.31.82:55689]
2018-06-19 16:38:04 	 [DEBUG] 	 <client_im.go:90>  	 offlineMsg count 0
2018-06-19 16:39:48 	 [DEBUG] 	 <protocol.go:134>  	 sock read error:EOF
2018-06-19 16:39:48 	 [DEBUG] 	 <client.go:83>  	 EOFconnect offline
2018-06-19 16:39:48 	 [DEBUG] 	 <client.go:148>  	 close client:10002, 80d07eb7-09d5-4332-aa4d-01990a291dfd
2018-06-19 16:39:48 	 [DEBUG] 	 <client.go:112>  	 client: 80d07eb7-09d5-4332-aa4d-01990a291dfd 10002 socket closed
2018-06-19 16:39:57 	 [DEBUG] 	 <tcp.go:32>  	 新连接地址为:[192.168.31.82:55800]
2018-06-19 16:39:57 	 [DEBUG] 	 <client_im.go:90>  	 offlineMsg count 0
2018-06-19 16:41:28 	 [DEBUG] 	 <protocol.go:134>  	 sock read error:EOF
2018-06-19 16:41:28 	 [DEBUG] 	 <client.go:83>  	 EOFconnect offline
2018-06-19 16:41:28 	 [DEBUG] 	 <client.go:148>  	 close client:10002, 80d07eb7-09d5-4332-aa4d-01990a291dfd
2018-06-19 16:41:28 	 [DEBUG] 	 <client.go:112>  	 client: 80d07eb7-09d5-4332-aa4d-01990a291dfd 10002 socket closed
2018-06-19 16:41:45 	 [DEBUG] 	 <tcp.go:32>  	 新连接地址为:[192.168.31.82:55997]
2018-06-19 16:41:45 	 [DEBUG] 	 <client_im.go:90>  	 offlineMsg count 0
2018-06-19 16:41:46 	 [DEBUG] 	 <protocol.go:134>  	 sock read error:EOF
2018-06-19 16:41:46 	 [DEBUG] 	 <client.go:83>  	 EOFconnect offline
2018-06-19 16:41:46 	 [DEBUG] 	 <client.go:148>  	 close client:10002, 80d07eb7-09d5-4332-aa4d-01990a291dfd
2018-06-19 16:41:46 	 [DEBUG] 	 <client.go:112>  	 client: 80d07eb7-09d5-4332-aa4d-01990a291dfd 10002 socket closed
2018-06-19 16:41:58 	 [DEBUG] 	 <tcp.go:32>  	 新连接地址为:[192.168.31.82:56102]
2018-06-19 16:41:58 	 [DEBUG] 	 <client_im.go:90>  	 offlineMsg count 0
2018-06-19 16:43:33 	 [DEBUG] 	 <protocol.go:134>  	 sock read error:EOF
2018-06-19 16:43:33 	 [DEBUG] 	 <client.go:83>  	 EOFconnect offline
2018-06-19 16:43:33 	 [DEBUG] 	 <client.go:148>  	 close client:10002, 80d07eb7-09d5-4332-aa4d-01990a291dfd
2018-06-19 16:43:33 	 [DEBUG] 	 <client.go:112>  	 client: 80d07eb7-09d5-4332-aa4d-01990a291dfd 10002 socket closed
2018-06-19 16:43:43 	 [DEBUG] 	 <tcp.go:32>  	 新连接地址为:[192.168.31.82:56209]
2018-06-19 16:43:43 	 [DEBUG] 	 <client_im.go:90>  	 offlineMsg count 0
2018-06-19 16:43:44 	 [DEBUG] 	 <protocol.go:134>  	 sock read error:EOF
2018-06-19 16:43:44 	 [DEBUG] 	 <client.go:83>  	 EOFconnect offline
2018-06-19 16:43:44 	 [DEBUG] 	 <client.go:148>  	 close client:10002, 80d07eb7-09d5-4332-aa4d-01990a291dfd
2018-06-19 16:43:44 	 [DEBUG] 	 <client.go:112>  	 client: 80d07eb7-09d5-4332-aa4d-01990a291dfd 10002 socket closed
2018-06-19 16:43:54 	 [DEBUG] 	 <tcp.go:32>  	 新连接地址为:[192.168.31.82:56314]
2018-06-19 16:43:54 	 [DEBUG] 	 <client_im.go:90>  	 offlineMsg count 0
2018-06-19 16:44:47 	 [DEBUG] 	 <protocol.go:134>  	 sock read error:EOF
2018-06-19 16:44:47 	 [DEBUG] 	 <client.go:83>  	 EOFconnect offline
2018-06-19 16:44:47 	 [DEBUG] 	 <client.go:148>  	 close client:10002, 80d07eb7-09d5-4332-aa4d-01990a291dfd
2018-06-19 16:44:47 	 [DEBUG] 	 <client.go:112>  	 client: 80d07eb7-09d5-4332-aa4d-01990a291dfd 10002 socket closed
2018-06-19 16:45:01 	 [DEBUG] 	 <tcp.go:32>  	 新连接地址为:[192.168.31.82:56315]
2018-06-19 16:45:01 	 [DEBUG] 	 <client_im.go:90>  	 offlineMsg count 0
2018-06-19 16:45:22 	 [DEBUG] 	 <protocol.go:134>  	 sock read error:EOF
2018-06-19 16:45:22 	 [DEBUG] 	 <client.go:83>  	 EOFconnect offline
2018-06-19 16:45:22 	 [DEBUG] 	 <client.go:148>  	 close client:10002, 80d07eb7-09d5-4332-aa4d-01990a291dfd
2018-06-19 16:45:22 	 [DEBUG] 	 <client.go:112>  	 client: 80d07eb7-09d5-4332-aa4d-01990a291dfd 10002 socket closed
2018-06-19 16:45:32 	 [DEBUG] 	 <tcp.go:32>  	 新连接地址为:[192.168.31.82:56425]
2018-06-19 16:45:32 	 [DEBUG] 	 <client_im.go:90>  	 offlineMsg count 0
2018-06-19 16:46:22 	 [DEBUG] 	 <protocol.go:134>  	 sock read error:EOF
2018-06-19 16:46:22 	 [DEBUG] 	 <client.go:83>  	 EOFconnect offline
2018-06-19 16:46:22 	 [DEBUG] 	 <client.go:148>  	 close client:10002, 80d07eb7-09d5-4332-aa4d-01990a291dfd
2018-06-19 16:46:22 	 [DEBUG] 	 <client.go:112>  	 client: 80d07eb7-09d5-4332-aa4d-01990a291dfd 10002 socket closed
2018-06-19 16:46:34 	 [DEBUG] 	 <tcp.go:32>  	 新连接地址为:[192.168.31.82:56426]
2018-06-19 16:46:34 	 [DEBUG] 	 <client_im.go:90>  	 offlineMsg count 0
2018-06-19 16:46:35 	 [DEBUG] 	 <protocol.go:134>  	 sock read error:EOF
2018-06-19 16:46:35 	 [DEBUG] 	 <client.go:83>  	 EOFconnect offline
2018-06-19 16:46:35 	 [DEBUG] 	 <client.go:148>  	 close client:10002, 80d07eb7-09d5-4332-aa4d-01990a291dfd
2018-06-19 16:46:35 	 [DEBUG] 	 <client.go:112>  	 client: 80d07eb7-09d5-4332-aa4d-01990a291dfd 10002 socket closed
2018-06-19 16:46:42 	 [DEBUG] 	 <tcp.go:32>  	 新连接地址为:[192.168.31.82:56427]
2018-06-19 16:46:42 	 [DEBUG] 	 <client_im.go:90>  	 offlineMsg count 0
2018-06-19 16:46:49 	 [DEBUG] 	 <protocol.go:134>  	 sock read error:EOF
2018-06-19 16:46:49 	 [DEBUG] 	 <client.go:83>  	 EOFconnect offline
2018-06-19 16:46:49 	 [DEBUG] 	 <client.go:148>  	 close client:10002, 80d07eb7-09d5-4332-aa4d-01990a291dfd
2018-06-19 16:46:49 	 [DEBUG] 	 <client.go:112>  	 client: 80d07eb7-09d5-4332-aa4d-01990a291dfd 10002 socket closed
2018-06-19 16:46:55 	 [DEBUG] 	 <tcp.go:32>  	 新连接地址为:[192.168.31.82:56428]
2018-06-19 16:46:55 	 [DEBUG] 	 <client_im.go:90>  	 offlineMsg count 0
2018-06-19 16:47:02 	 [DEBUG] 	 <protocol.go:134>  	 sock read error:EOF
2018-06-19 16:47:02 	 [DEBUG] 	 <client.go:83>  	 EOFconnect offline
2018-06-19 16:47:02 	 [DEBUG] 	 <client.go:148>  	 close client:10002, 80d07eb7-09d5-4332-aa4d-01990a291dfd
2018-06-19 16:47:02 	 [DEBUG] 	 <client.go:112>  	 client: 80d07eb7-09d5-4332-aa4d-01990a291dfd 10002 socket closed
2018-06-19 16:47:12 	 [DEBUG] 	 <tcp.go:32>  	 新连接地址为:[192.168.31.82:56429]
2018-06-19 16:47:12 	 [DEBUG] 	 <client_im.go:90>  	 offlineMsg count 0
2018-06-19 16:47:33 	 [DEBUG] 	 <client_heartbeat.go:9>  	 heartBeet
2018-06-19 16:49:34 	 [DEBUG] 	 <client_heartbeat.go:9>  	 heartBeet
2018-06-19 16:50:35 	 [DEBUG] 	 <protocol.go:134>  	 sock read error:EOF
2018-06-19 16:50:35 	 [DEBUG] 	 <client.go:83>  	 EOFconnect offline
2018-06-19 16:50:35 	 [DEBUG] 	 <client.go:148>  	 close client:10002, 80d07eb7-09d5-4332-aa4d-01990a291dfd
2018-06-19 16:50:35 	 [DEBUG] 	 <client.go:112>  	 client: 80d07eb7-09d5-4332-aa4d-01990a291dfd 10002 socket closed
2018-06-19 16:56:57 	 [DEBUG] 	 <tcp.go:32>  	 新连接地址为:[192.168.31.82:56576]
2018-06-19 16:56:57 	 [DEBUG] 	 <client_im.go:90>  	 offlineMsg count 0
2018-06-19 16:57:45 	 [DEBUG] 	 <protocol.go:134>  	 sock read error:EOF
2018-06-19 16:57:45 	 [DEBUG] 	 <client.go:83>  	 EOFconnect offline
2018-06-19 16:57:45 	 [DEBUG] 	 <client.go:148>  	 close client:10002, 80d07eb7-09d5-4332-aa4d-01990a291dfd
2018-06-19 16:57:45 	 [DEBUG] 	 <client.go:112>  	 client: 80d07eb7-09d5-4332-aa4d-01990a291dfd 10002 socket closed
2018-06-19 16:58:20 	 [DEBUG] 	 <tcp.go:32>  	 新连接地址为:[192.168.31.82:56769]
2018-06-19 16:58:20 	 [DEBUG] 	 <client_im.go:90>  	 offlineMsg count 0
2018-06-19 16:58:28 	 [DEBUG] 	 <protocol.go:134>  	 sock read error:EOF
2018-06-19 16:58:28 	 [DEBUG] 	 <client.go:83>  	 EOFconnect offline
2018-06-19 16:58:28 	 [DEBUG] 	 <client.go:148>  	 close client:10002, 80d07eb7-09d5-4332-aa4d-01990a291dfd
2018-06-19 16:58:28 	 [DEBUG] 	 <client.go:112>  	 client: 80d07eb7-09d5-4332-aa4d-01990a291dfd 10002 socket closed
2018-06-19 16:58:43 	 [DEBUG] 	 <tcp.go:32>  	 新连接地址为:[192.168.31.82:56897]
2018-06-19 16:58:44 	 [DEBUG] 	 <protocol.go:134>  	 sock read error:EOF
2018-06-19 16:58:44 	 [DEBUG] 	 <client.go:83>  	 EOFconnect offline
2018-06-19 16:58:44 	 [DEBUG] 	 <client.go:148>  	 close client:0, 
2018-06-19 16:58:44 	 [DEBUG] 	 <client.go:112>  	 client:  0 socket closed
2018-06-19 16:58:44 	 [DEBUG] 	 <tcp.go:32>  	 新连接地址为:[192.168.31.82:56898]
2018-06-19 16:58:44 	 [DEBUG] 	 <client_im.go:90>  	 offlineMsg count 0
2018-06-19 16:58:44 	 [DEBUG] 	 <protocol.go:134>  	 sock read error:EOF
2018-06-19 16:58:44 	 [DEBUG] 	 <client.go:83>  	 EOFconnect offline
2018-06-19 16:58:44 	 [DEBUG] 	 <client.go:148>  	 close client:10002, 80d07eb7-09d5-4332-aa4d-01990a291dfd
2018-06-19 16:58:44 	 [DEBUG] 	 <client.go:112>  	 client: 80d07eb7-09d5-4332-aa4d-01990a291dfd 10002 socket closed
2018-06-19 16:58:45 	 [DEBUG] 	 <tcp.go:32>  	 新连接地址为:[192.168.31.82:56899]
2018-06-19 16:58:45 	 [DEBUG] 	 <client_im.go:90>  	 offlineMsg count 0
2018-06-19 16:59:02 	 [DEBUG] 	 <protocol.go:134>  	 sock read error:EOF
2018-06-19 16:59:02 	 [DEBUG] 	 <client.go:83>  	 EOFconnect offline
2018-06-19 16:59:02 	 [DEBUG] 	 <client.go:148>  	 close client:10002, 80d07eb7-09d5-4332-aa4d-01990a291dfd
2018-06-19 16:59:02 	 [DEBUG] 	 <client.go:112>  	 client: 80d07eb7-09d5-4332-aa4d-01990a291dfd 10002 socket closed
2018-06-19 16:59:11 	 [DEBUG] 	 <tcp.go:32>  	 新连接地址为:[192.168.31.82:57009]
2018-06-19 16:59:11 	 [DEBUG] 	 <client_im.go:90>  	 offlineMsg count 0
2018-06-19 16:59:26 	 [DEBUG] 	 <protocol.go:134>  	 sock read error:EOF
2018-06-19 16:59:26 	 [DEBUG] 	 <client.go:83>  	 EOFconnect offline
2018-06-19 16:59:26 	 [DEBUG] 	 <client.go:148>  	 close client:10002, 80d07eb7-09d5-4332-aa4d-01990a291dfd
2018-06-19 16:59:26 	 [DEBUG] 	 <client.go:112>  	 client: 80d07eb7-09d5-4332-aa4d-01990a291dfd 10002 socket closed
2018-06-19 16:59:34 	 [DEBUG] 	 <tcp.go:32>  	 新连接地址为:[192.168.31.82:57119]
2018-06-19 16:59:34 	 [DEBUG] 	 <client_im.go:90>  	 offlineMsg count 0
2018-06-19 17:00:32 	 [DEBUG] 	 <protocol.go:134>  	 sock read error:EOF
2018-06-19 17:00:32 	 [DEBUG] 	 <client.go:83>  	 EOFconnect offline
2018-06-19 17:00:32 	 [DEBUG] 	 <client.go:148>  	 close client:10002, 80d07eb7-09d5-4332-aa4d-01990a291dfd
2018-06-19 17:00:32 	 [DEBUG] 	 <client.go:112>  	 client: 80d07eb7-09d5-4332-aa4d-01990a291dfd 10002 socket closed
2018-06-19 17:00:45 	 [DEBUG] 	 <tcp.go:32>  	 新连接地址为:[192.168.31.82:57238]
2018-06-19 17:00:45 	 [DEBUG] 	 <client_im.go:90>  	 offlineMsg count 0
2018-06-19 17:01:06 	 [DEBUG] 	 <protocol.go:134>  	 sock read error:EOF
2018-06-19 17:01:06 	 [DEBUG] 	 <client.go:83>  	 EOFconnect offline
2018-06-19 17:01:06 	 [DEBUG] 	 <client.go:148>  	 close client:10002, 80d07eb7-09d5-4332-aa4d-01990a291dfd
2018-06-19 17:01:06 	 [DEBUG] 	 <client.go:112>  	 client: 80d07eb7-09d5-4332-aa4d-01990a291dfd 10002 socket closed
2018-06-19 17:01:15 	 [DEBUG] 	 <tcp.go:32>  	 新连接地址为:[192.168.31.82:57343]
2018-06-19 17:01:15 	 [DEBUG] 	 <client_im.go:90>  	 offlineMsg count 0
2018-06-19 17:01:34 	 [DEBUG] 	 <protocol.go:134>  	 sock read error:EOF
2018-06-19 17:01:34 	 [DEBUG] 	 <client.go:83>  	 EOFconnect offline
2018-06-19 17:01:34 	 [DEBUG] 	 <client.go:148>  	 close client:10002, 80d07eb7-09d5-4332-aa4d-01990a291dfd
2018-06-19 17:01:34 	 [DEBUG] 	 <client.go:112>  	 client: 80d07eb7-09d5-4332-aa4d-01990a291dfd 10002 socket closed
2018-06-19 17:01:58 	 [DEBUG] 	 <tcp.go:32>  	 新连接地址为:[192.168.31.82:57450]
2018-06-19 17:01:58 	 [DEBUG] 	 <client_im.go:90>  	 offlineMsg count 0
2018-06-19 17:03:58 	 [DEBUG] 	 <client_heartbeat.go:9>  	 heartBeet
2018-06-19 17:06:00 	 [DEBUG] 	 <client_heartbeat.go:9>  	 heartBeet
2018-06-19 17:08:00 	 [DEBUG] 	 <client_heartbeat.go:9>  	 heartBeet
2018-06-19 17:09:17 	 [DEBUG] 	 <protocol.go:134>  	 sock read error:EOF
2018-06-19 17:09:17 	 [DEBUG] 	 <client.go:83>  	 EOFconnect offline
2018-06-19 17:09:17 	 [DEBUG] 	 <client.go:148>  	 close client:10002, 80d07eb7-09d5-4332-aa4d-01990a291dfd
2018-06-19 17:09:17 	 [DEBUG] 	 <client.go:112>  	 client: 80d07eb7-09d5-4332-aa4d-01990a291dfd 10002 socket closed
2018-06-19 17:09:27 	 [DEBUG] 	 <tcp.go:32>  	 新连接地址为:[192.168.31.82:57563]
2018-06-19 17:09:27 	 [DEBUG] 	 <client_im.go:90>  	 offlineMsg count 0
2018-06-19 17:10:26 	 [DEBUG] 	 <protocol.go:134>  	 sock read error:EOF
2018-06-19 17:10:26 	 [DEBUG] 	 <client.go:83>  	 EOFconnect offline
2018-06-19 17:10:26 	 [DEBUG] 	 <client.go:148>  	 close client:10002, 80d07eb7-09d5-4332-aa4d-01990a291dfd
2018-06-19 17:10:26 	 [DEBUG] 	 <client.go:112>  	 client: 80d07eb7-09d5-4332-aa4d-01990a291dfd 10002 socket closed
2018-06-19 17:10:35 	 [DEBUG] 	 <tcp.go:32>  	 新连接地址为:[192.168.31.82:57670]
2018-06-19 17:10:35 	 [DEBUG] 	 <client_im.go:90>  	 offlineMsg count 0
2018-06-19 17:12:13 	 [DEBUG] 	 <protocol.go:134>  	 sock read error:EOF
2018-06-19 17:12:13 	 [DEBUG] 	 <client.go:83>  	 EOFconnect offline
2018-06-19 17:12:13 	 [DEBUG] 	 <client.go:148>  	 close client:10002, 80d07eb7-09d5-4332-aa4d-01990a291dfd
2018-06-19 17:12:13 	 [DEBUG] 	 <client.go:112>  	 client: 80d07eb7-09d5-4332-aa4d-01990a291dfd 10002 socket closed
2018-06-19 17:12:23 	 [DEBUG] 	 <tcp.go:32>  	 新连接地址为:[192.168.31.82:57770]
2018-06-19 17:12:23 	 [DEBUG] 	 <client_im.go:90>  	 offlineMsg count 0
2018-06-19 17:13:06 	 [DEBUG] 	 <protocol.go:134>  	 sock read error:EOF
2018-06-19 17:13:06 	 [DEBUG] 	 <client.go:83>  	 EOFconnect offline
2018-06-19 17:13:06 	 [DEBUG] 	 <client.go:148>  	 close client:10002, 80d07eb7-09d5-4332-aa4d-01990a291dfd
2018-06-19 17:13:06 	 [DEBUG] 	 <client.go:112>  	 client: 80d07eb7-09d5-4332-aa4d-01990a291dfd 10002 socket closed
2018-06-19 17:13:07 	 [DEBUG] 	 <tcp.go:32>  	 新连接地址为:[192.168.31.82:57771]
2018-06-19 17:13:07 	 [DEBUG] 	 <client_im.go:90>  	 offlineMsg count 0
2018-06-19 17:13:08 	 [DEBUG] 	 <protocol.go:134>  	 sock read error:EOF
2018-06-19 17:13:08 	 [DEBUG] 	 <client.go:83>  	 EOFconnect offline
2018-06-19 17:13:08 	 [DEBUG] 	 <client.go:148>  	 close client:10002, 80d07eb7-09d5-4332-aa4d-01990a291dfd
2018-06-19 17:13:08 	 [DEBUG] 	 <client.go:112>  	 client: 80d07eb7-09d5-4332-aa4d-01990a291dfd 10002 socket closed
2018-06-19 17:13:12 	 [DEBUG] 	 <tcp.go:32>  	 新连接地址为:[192.168.31.82:57772]
2018-06-19 17:13:12 	 [DEBUG] 	 <client_im.go:90>  	 offlineMsg count 0
2018-06-19 17:14:24 	 [DEBUG] 	 <client_heartbeat.go:9>  	 heartBeet
2018-06-19 17:14:50 	 [DEBUG] 	 <protocol.go:134>  	 sock read error:EOF
2018-06-19 17:14:50 	 [DEBUG] 	 <client.go:83>  	 EOFconnect offline
2018-06-19 17:14:50 	 [DEBUG] 	 <client.go:148>  	 close client:10002, 80d07eb7-09d5-4332-aa4d-01990a291dfd
2018-06-19 17:14:50 	 [DEBUG] 	 <client.go:112>  	 client: 80d07eb7-09d5-4332-aa4d-01990a291dfd 10002 socket closed
2018-06-19 17:15:38 	 [DEBUG] 	 <tcp.go:32>  	 新连接地址为:[192.168.31.82:57883]
2018-06-19 17:15:38 	 [DEBUG] 	 <client_im.go:90>  	 offlineMsg count 0
2018-06-19 17:16:11 	 [DEBUG] 	 <protocol.go:134>  	 sock read error:EOF
2018-06-19 17:16:11 	 [DEBUG] 	 <client.go:83>  	 EOFconnect offline
2018-06-19 17:16:11 	 [DEBUG] 	 <client.go:148>  	 close client:10002, 80d07eb7-09d5-4332-aa4d-01990a291dfd
2018-06-19 17:16:11 	 [DEBUG] 	 <client.go:112>  	 client: 80d07eb7-09d5-4332-aa4d-01990a291dfd 10002 socket closed
2018-06-19 17:16:44 	 [DEBUG] 	 <tcp.go:32>  	 新连接地址为:[192.168.31.82:58012]
2018-06-19 17:16:45 	 [DEBUG] 	 <protocol.go:134>  	 sock read error:EOF
2018-06-19 17:16:45 	 [DEBUG] 	 <client.go:83>  	 EOFconnect offline
2018-06-19 17:16:45 	 [DEBUG] 	 <client.go:148>  	 close client:0, 
2018-06-19 17:16:45 	 [DEBUG] 	 <client.go:112>  	 client:  0 socket closed
2018-06-19 17:16:45 	 [DEBUG] 	 <tcp.go:32>  	 新连接地址为:[192.168.31.82:58015]
2018-06-19 17:16:45 	 [DEBUG] 	 <client_im.go:90>  	 offlineMsg count 0
2018-06-19 17:16:45 	 [DEBUG] 	 <protocol.go:134>  	 sock read error:EOF
2018-06-19 17:16:45 	 [DEBUG] 	 <client.go:83>  	 EOFconnect offline
2018-06-19 17:16:45 	 [DEBUG] 	 <client.go:148>  	 close client:10002, 80d07eb7-09d5-4332-aa4d-01990a291dfd
2018-06-19 17:16:45 	 [DEBUG] 	 <client.go:112>  	 client: 80d07eb7-09d5-4332-aa4d-01990a291dfd 10002 socket closed
2018-06-19 17:16:46 	 [DEBUG] 	 <tcp.go:32>  	 新连接地址为:[192.168.31.82:58016]
2018-06-19 17:16:46 	 [DEBUG] 	 <client_im.go:90>  	 offlineMsg count 0
2018-06-19 17:17:49 	 [DEBUG] 	 <protocol.go:134>  	 sock read error:EOF
2018-06-19 17:17:49 	 [DEBUG] 	 <client.go:83>  	 EOFconnect offline
2018-06-19 17:17:49 	 [DEBUG] 	 <client.go:148>  	 close client:10002, 80d07eb7-09d5-4332-aa4d-01990a291dfd
2018-06-19 17:17:49 	 [DEBUG] 	 <client.go:112>  	 client: 80d07eb7-09d5-4332-aa4d-01990a291dfd 10002 socket closed
2018-06-19 17:17:58 	 [DEBUG] 	 <tcp.go:32>  	 新连接地址为:[192.168.31.82:58126]
2018-06-19 17:17:58 	 [DEBUG] 	 <client_im.go:90>  	 offlineMsg count 0
2018-06-19 17:18:51 	 [DEBUG] 	 <protocol.go:134>  	 sock read error:EOF
2018-06-19 17:18:51 	 [DEBUG] 	 <client.go:83>  	 EOFconnect offline
2018-06-19 17:18:51 	 [DEBUG] 	 <client.go:148>  	 close client:10002, 80d07eb7-09d5-4332-aa4d-01990a291dfd
2018-06-19 17:18:51 	 [DEBUG] 	 <client.go:112>  	 client: 80d07eb7-09d5-4332-aa4d-01990a291dfd 10002 socket closed
2018-06-19 17:22:06 	 [DEBUG] 	 <tcp.go:32>  	 新连接地址为:[192.168.31.82:58474]
2018-06-19 17:22:06 	 [DEBUG] 	 <protocol.go:134>  	 sock read error:EOF
2018-06-19 17:22:06 	 [DEBUG] 	 <client.go:83>  	 EOFconnect offline
2018-06-19 17:22:06 	 [DEBUG] 	 <client.go:148>  	 close client:0, 
2018-06-19 17:22:06 	 [DEBUG] 	 <client.go:112>  	 client:  0 socket closed
2018-06-19 17:22:06 	 [DEBUG] 	 <tcp.go:32>  	 新连接地址为:[192.168.31.82:58475]
2018-06-19 17:22:06 	 [DEBUG] 	 <client_im.go:90>  	 offlineMsg count 0
2018-06-19 17:22:12 	 [DEBUG] 	 <protocol.go:134>  	 sock read error:EOF
2018-06-19 17:22:12 	 [DEBUG] 	 <client.go:83>  	 EOFconnect offline
2018-06-19 17:22:12 	 [DEBUG] 	 <client.go:148>  	 close client:10002, 80d07eb7-09d5-4332-aa4d-01990a291dfd
2018-06-19 17:22:12 	 [DEBUG] 	 <client.go:112>  	 client: 80d07eb7-09d5-4332-aa4d-01990a291dfd 10002 socket closed
2018-06-19 17:22:20 	 [DEBUG] 	 <tcp.go:32>  	 新连接地址为:[192.168.31.82:58599]
2018-06-19 17:22:20 	 [DEBUG] 	 <client_im.go:90>  	 offlineMsg count 0
2018-06-19 17:22:31 	 [DEBUG] 	 <protocol.go:134>  	 sock read error:EOF
2018-06-19 17:22:31 	 [DEBUG] 	 <client.go:83>  	 EOFconnect offline
2018-06-19 17:22:31 	 [DEBUG] 	 <client.go:148>  	 close client:10002, 80d07eb7-09d5-4332-aa4d-01990a291dfd
2018-06-19 17:22:31 	 [DEBUG] 	 <client.go:112>  	 client: 80d07eb7-09d5-4332-aa4d-01990a291dfd 10002 socket closed
2018-06-19 17:24:47 	 [DEBUG] 	 <tcp.go:32>  	 新连接地址为:[192.168.31.41:54364]
2018-06-19 17:24:47 	 [DEBUG] 	 <client_im.go:90>  	 offlineMsg count 0
2018-06-19 17:24:52 	 [DEBUG] 	 <protocol.go:134>  	 sock read error:EOF
2018-06-19 17:24:52 	 [DEBUG] 	 <client.go:83>  	 EOFconnect offline
2018-06-19 17:24:52 	 [DEBUG] 	 <client.go:148>  	 close client:10002, 80d07eb7-09d5-4332-aa4d-01990a291dfd
2018-06-19 17:24:52 	 [DEBUG] 	 <client.go:112>  	 client: 80d07eb7-09d5-4332-aa4d-01990a291dfd 10002 socket closed
2018-06-19 17:26:21 	 [DEBUG] 	 <tcp.go:32>  	 新连接地址为:[192.168.31.82:58858]
2018-06-19 17:26:23 	 [DEBUG] 	 <protocol.go:134>  	 sock read error:EOF
2018-06-19 17:26:23 	 [DEBUG] 	 <client.go:83>  	 EOFconnect offline
2018-06-19 17:26:23 	 [DEBUG] 	 <client.go:148>  	 close client:0, 
2018-06-19 17:26:23 	 [DEBUG] 	 <client.go:112>  	 client:  0 socket closed
2018-06-19 17:26:23 	 [DEBUG] 	 <tcp.go:32>  	 新连接地址为:[192.168.31.82:58859]
2018-06-19 17:26:23 	 [DEBUG] 	 <client_im.go:90>  	 offlineMsg count 0
2018-06-19 17:27:00 	 [DEBUG] 	 <protocol.go:134>  	 sock read error:EOF
2018-06-19 17:27:00 	 [DEBUG] 	 <client.go:83>  	 EOFconnect offline
2018-06-19 17:27:00 	 [DEBUG] 	 <client.go:148>  	 close client:10002, 80d07eb7-09d5-4332-aa4d-01990a291dfd
2018-06-19 17:27:00 	 [DEBUG] 	 <client.go:112>  	 client: 80d07eb7-09d5-4332-aa4d-01990a291dfd 10002 socket closed
2018-06-19 17:35:24 	 [DEBUG] 	 <tcp.go:32>  	 新连接地址为:[192.168.31.82:59543]
2018-06-19 17:35:34 	 [DEBUG] 	 <protocol.go:134>  	 sock read error:EOF
2018-06-19 17:35:34 	 [DEBUG] 	 <client.go:83>  	 EOFconnect offline
2018-06-19 17:35:34 	 [DEBUG] 	 <client.go:148>  	 close client:0, 
2018-06-19 17:35:34 	 [DEBUG] 	 <client.go:112>  	 client:  0 socket closed
2018-06-19 17:35:35 	 [DEBUG] 	 <tcp.go:32>  	 新连接地址为:[192.168.31.82:59554]
2018-06-19 17:35:51 	 [DEBUG] 	 <tcp.go:32>  	 新连接地址为:[192.168.31.82:59662]
2018-06-19 17:35:51 	 [DEBUG] 	 <client_im.go:90>  	 offlineMsg count 0
2018-06-19 17:35:51 	 [DEBUG] 	 <protocol.go:134>  	 sock read error:EOF
2018-06-19 17:35:51 	 [DEBUG] 	 <client.go:83>  	 EOFconnect offline
2018-06-19 17:35:51 	 [DEBUG] 	 <client.go:148>  	 close client:10002, 80d07eb7-09d5-4332-aa4d-01990a291dfd
2018-06-19 17:35:51 	 [DEBUG] 	 <client.go:112>  	 client: 80d07eb7-09d5-4332-aa4d-01990a291dfd 10002 socket closed
2018-06-19 17:35:52 	 [DEBUG] 	 <tcp.go:32>  	 新连接地址为:[192.168.31.82:59663]
2018-06-19 17:35:52 	 [DEBUG] 	 <client_im.go:90>  	 offlineMsg count 0
2018-06-19 17:41:52 	 [DEBUG] 	 <protocol.go:134>  	 sock read error:read tcp 192.168.31.74:62310->192.168.31.82:59663: i/o timeout
2018-06-19 17:41:52 	 [DEBUG] 	 <client.go:148>  	 close client:10002, 80d07eb7-09d5-4332-aa4d-01990a291dfd
2018-06-19 17:41:52 	 [DEBUG] 	 <client.go:112>  	 client: 80d07eb7-09d5-4332-aa4d-01990a291dfd 10002 socket closed
2018-06-19 20:32:05 	 [DEBUG] 	 <tcp.go:32>  	 新连接地址为:[192.168.31.41:54842]
2018-06-19 20:32:05 	 [DEBUG] 	 <client_im.go:90>  	 offlineMsg count 0
2018-06-19 20:34:23 	 [DEBUG] 	 <client_heartbeat.go:9>  	 heartBeet
2018-06-19 20:36:06 	 [DEBUG] 	 <client_heartbeat.go:9>  	 heartBeet
2018-06-19 20:38:07 	 [DEBUG] 	 <client_heartbeat.go:9>  	 heartBeet
2018-06-19 20:38:41 	 [DEBUG] 	 <protocol.go:134>  	 sock read error:EOF
2018-06-19 20:38:41 	 [DEBUG] 	 <client.go:83>  	 EOFconnect offline
2018-06-19 20:38:41 	 [DEBUG] 	 <client.go:148>  	 close client:10002, 80d07eb7-09d5-4332-aa4d-01990a291dfd
2018-06-19 20:38:41 	 [DEBUG] 	 <client.go:112>  	 client: 80d07eb7-09d5-4332-aa4d-01990a291dfd 10002 socket closed
2018-06-19 20:40:01 	 [DEBUG] 	 <tcp.go:32>  	 新连接地址为:[192.168.31.41:54938]
2018-06-19 20:40:01 	 [DEBUG] 	 <client_im.go:90>  	 offlineMsg count 0
2018-06-19 20:40:34 	 [DEBUG] 	 <protocol.go:134>  	 sock read error:EOF
2018-06-19 20:40:34 	 [DEBUG] 	 <client.go:83>  	 EOFconnect offline
2018-06-19 20:40:34 	 [DEBUG] 	 <client.go:148>  	 close client:10002, 80d07eb7-09d5-4332-aa4d-01990a291dfd
2018-06-19 20:40:34 	 [DEBUG] 	 <client.go:112>  	 client: 80d07eb7-09d5-4332-aa4d-01990a291dfd 10002 socket closed
2018-06-19 20:40:41 	 [DEBUG] 	 <tcp.go:32>  	 新连接地址为:[192.168.31.41:55041]
2018-06-19 20:40:41 	 [DEBUG] 	 <client_im.go:90>  	 offlineMsg count 0
2018-06-19 20:42:27 	 [DEBUG] 	 <protocol.go:134>  	 sock read error:EOF
2018-06-19 20:42:27 	 [DEBUG] 	 <client.go:83>  	 EOFconnect offline
2018-06-19 20:42:27 	 [DEBUG] 	 <client.go:148>  	 close client:10002, 80d07eb7-09d5-4332-aa4d-01990a291dfd
2018-06-19 20:42:27 	 [DEBUG] 	 <client.go:112>  	 client: 80d07eb7-09d5-4332-aa4d-01990a291dfd 10002 socket closed
2018-06-19 20:42:49 	 [DEBUG] 	 <tcp.go:32>  	 新连接地址为:[192.168.31.41:55224]
2018-06-19 20:42:49 	 [DEBUG] 	 <client_im.go:90>  	 offlineMsg count 0
2018-06-19 20:44:51 	 [DEBUG] 	 <client_heartbeat.go:9>  	 heartBeet
2018-06-19 20:44:54 	 [DEBUG] 	 <protocol.go:134>  	 sock read error:EOF
2018-06-19 20:44:54 	 [DEBUG] 	 <client.go:83>  	 EOFconnect offline
2018-06-19 20:44:54 	 [DEBUG] 	 <client.go:148>  	 close client:10002, 80d07eb7-09d5-4332-aa4d-01990a291dfd
2018-06-19 20:44:54 	 [DEBUG] 	 <client.go:112>  	 client: 80d07eb7-09d5-4332-aa4d-01990a291dfd 10002 socket closed
2018-06-19 20:45:01 	 [DEBUG] 	 <tcp.go:32>  	 新连接地址为:[192.168.31.41:55348]
2018-06-19 20:45:01 	 [DEBUG] 	 <client_im.go:90>  	 offlineMsg count 0
2018-06-19 20:45:20 	 [DEBUG] 	 <protocol.go:134>  	 sock read error:EOF
2018-06-19 20:45:20 	 [DEBUG] 	 <client.go:83>  	 EOFconnect offline
2018-06-19 20:45:20 	 [DEBUG] 	 <client.go:148>  	 close client:10002, 80d07eb7-09d5-4332-aa4d-01990a291dfd
2018-06-19 20:45:20 	 [DEBUG] 	 <client.go:112>  	 client: 80d07eb7-09d5-4332-aa4d-01990a291dfd 10002 socket closed
2018-06-19 20:47:04 	 [DEBUG] 	 <tcp.go:32>  	 新连接地址为:[192.168.31.41:55528]
2018-06-19 20:47:04 	 [DEBUG] 	 <client_im.go:90>  	 offlineMsg count 0
2018-06-19 20:48:05 	 [DEBUG] 	 <protocol.go:134>  	 sock read error:EOF
2018-06-19 20:48:05 	 [DEBUG] 	 <client.go:83>  	 EOFconnect offline
2018-06-19 20:48:05 	 [DEBUG] 	 <client.go:148>  	 close client:10002, 80d07eb7-09d5-4332-aa4d-01990a291dfd
2018-06-19 20:48:05 	 [DEBUG] 	 <client.go:112>  	 client: 80d07eb7-09d5-4332-aa4d-01990a291dfd 10002 socket closed
2018-06-19 20:48:12 	 [DEBUG] 	 <tcp.go:32>  	 新连接地址为:[192.168.31.41:55648]
2018-06-19 20:48:12 	 [DEBUG] 	 <client_im.go:90>  	 offlineMsg count 0
2018-06-19 20:50:12 	 [DEBUG] 	 <client_heartbeat.go:9>  	 heartBeet
2018-06-19 20:52:14 	 [DEBUG] 	 <client_heartbeat.go:9>  	 heartBeet
2018-06-19 20:52:18 	 [DEBUG] 	 <protocol.go:134>  	 sock read error:EOF
2018-06-19 20:52:18 	 [DEBUG] 	 <client.go:83>  	 EOFconnect offline
2018-06-19 20:52:18 	 [DEBUG] 	 <client.go:148>  	 close client:10002, 80d07eb7-09d5-4332-aa4d-01990a291dfd
2018-06-19 20:52:18 	 [DEBUG] 	 <client.go:112>  	 client: 80d07eb7-09d5-4332-aa4d-01990a291dfd 10002 socket closed
2018-06-19 20:52:26 	 [DEBUG] 	 <tcp.go:32>  	 新连接地址为:[192.168.31.41:55769]
2018-06-19 20:52:26 	 [DEBUG] 	 <client_im.go:90>  	 offlineMsg count 0
2018-06-19 20:52:31 	 [DEBUG] 	 <protocol.go:134>  	 sock read error:EOF
2018-06-19 20:52:31 	 [DEBUG] 	 <client.go:83>  	 EOFconnect offline
2018-06-19 20:52:31 	 [DEBUG] 	 <client.go:148>  	 close client:10002, 80d07eb7-09d5-4332-aa4d-01990a291dfd
2018-06-19 20:52:31 	 [DEBUG] 	 <client.go:112>  	 client: 80d07eb7-09d5-4332-aa4d-01990a291dfd 10002 socket closed
2018-06-19 20:55:01 	 [DEBUG] 	 <tcp.go:32>  	 新连接地址为:[192.168.31.41:55877]
2018-06-19 20:55:01 	 [DEBUG] 	 <client_im.go:90>  	 offlineMsg count 0
2018-06-19 21:00:30 	 [DEBUG] 	 <protocol.go:134>  	 sock read error:EOF
2018-06-19 21:00:30 	 [DEBUG] 	 <client.go:83>  	 EOFconnect offline
2018-06-19 21:00:30 	 [DEBUG] 	 <client.go:148>  	 close client:10002, 80d07eb7-09d5-4332-aa4d-01990a291dfd
2018-06-19 21:00:30 	 [DEBUG] 	 <client.go:112>  	 client: 80d07eb7-09d5-4332-aa4d-01990a291dfd 10002 socket closed
2018-06-19 21:01:34 	 [DEBUG] 	 <tcp.go:32>  	 新连接地址为:[192.168.31.41:55959]
2018-06-19 21:01:35 	 [DEBUG] 	 <client_im.go:90>  	 offlineMsg count 0
2018-06-19 21:01:49 	 [DEBUG] 	 <protocol.go:134>  	 sock read error:EOF
2018-06-19 21:01:49 	 [DEBUG] 	 <client.go:83>  	 EOFconnect offline
2018-06-19 21:01:49 	 [DEBUG] 	 <client.go:148>  	 close client:10002, 80d07eb7-09d5-4332-aa4d-01990a291dfd
2018-06-19 21:01:49 	 [DEBUG] 	 <client.go:112>  	 client: 80d07eb7-09d5-4332-aa4d-01990a291dfd 10002 socket closed
2018-06-19 21:03:18 	 [DEBUG] 	 <tcp.go:32>  	 新连接地址为:[192.168.31.41:56070]
2018-06-19 21:03:18 	 [DEBUG] 	 <client_im.go:90>  	 offlineMsg count 0
2018-06-19 21:03:30 	 [DEBUG] 	 <protocol.go:134>  	 sock read error:EOF
2018-06-19 21:03:30 	 [DEBUG] 	 <client.go:83>  	 EOFconnect offline
2018-06-19 21:03:30 	 [DEBUG] 	 <client.go:148>  	 close client:10002, 80d07eb7-09d5-4332-aa4d-01990a291dfd
2018-06-19 21:03:30 	 [DEBUG] 	 <client.go:112>  	 client: 80d07eb7-09d5-4332-aa4d-01990a291dfd 10002 socket closed
2018-06-19 21:03:37 	 [DEBUG] 	 <tcp.go:32>  	 新连接地址为:[192.168.31.41:56161]
2018-06-19 21:03:37 	 [DEBUG] 	 <client_im.go:90>  	 offlineMsg count 0
2018-06-19 21:04:52 	 [DEBUG] 	 <protocol.go:134>  	 sock read error:EOF
2018-06-19 21:04:52 	 [DEBUG] 	 <client.go:83>  	 EOFconnect offline
2018-06-19 21:04:52 	 [DEBUG] 	 <client.go:148>  	 close client:10002, 80d07eb7-09d5-4332-aa4d-01990a291dfd
2018-06-19 21:04:52 	 [DEBUG] 	 <client.go:112>  	 client: 80d07eb7-09d5-4332-aa4d-01990a291dfd 10002 socket closed
2018-06-19 21:04:59 	 [DEBUG] 	 <tcp.go:32>  	 新连接地址为:[192.168.31.41:56258]
2018-06-19 21:04:59 	 [DEBUG] 	 <client_im.go:90>  	 offlineMsg count 0
2018-06-19 21:05:22 	 [DEBUG] 	 <protocol.go:134>  	 sock read error:EOF
2018-06-19 21:05:22 	 [DEBUG] 	 <client.go:83>  	 EOFconnect offline
2018-06-19 21:05:22 	 [DEBUG] 	 <client.go:148>  	 close client:10002, 80d07eb7-09d5-4332-aa4d-01990a291dfd
2018-06-19 21:05:22 	 [DEBUG] 	 <client.go:112>  	 client: 80d07eb7-09d5-4332-aa4d-01990a291dfd 10002 socket closed
2018-06-19 21:05:29 	 [DEBUG] 	 <tcp.go:32>  	 新连接地址为:[192.168.31.41:56393]
2018-06-19 21:05:29 	 [DEBUG] 	 <client_im.go:90>  	 offlineMsg count 0
2018-06-19 21:07:30 	 [DEBUG] 	 <client_heartbeat.go:9>  	 heartBeet
2018-06-19 21:09:32 	 [DEBUG] 	 <client_heartbeat.go:9>  	 heartBeet
2018-06-19 21:10:27 	 [DEBUG] 	 <protocol.go:134>  	 sock read error:EOF
2018-06-19 21:10:27 	 [DEBUG] 	 <client.go:83>  	 EOFconnect offline
2018-06-19 21:10:27 	 [DEBUG] 	 <client.go:148>  	 close client:10002, 80d07eb7-09d5-4332-aa4d-01990a291dfd
2018-06-19 21:10:27 	 [DEBUG] 	 <client.go:112>  	 client: 80d07eb7-09d5-4332-aa4d-01990a291dfd 10002 socket closed
2018-06-19 21:12:40 	 [DEBUG] 	 <tcp.go:32>  	 新连接地址为:[192.168.31.41:56713]
2018-06-19 21:12:40 	 [DEBUG] 	 <client_im.go:90>  	 offlineMsg count 0
2018-06-19 21:12:52 	 [DEBUG] 	 <protocol.go:134>  	 sock read error:EOF
2018-06-19 21:12:52 	 [DEBUG] 	 <client.go:83>  	 EOFconnect offline
2018-06-19 21:12:52 	 [DEBUG] 	 <client.go:148>  	 close client:10002, 80d07eb7-09d5-4332-aa4d-01990a291dfd
2018-06-19 21:12:52 	 [DEBUG] 	 <client.go:112>  	 client: 80d07eb7-09d5-4332-aa4d-01990a291dfd 10002 socket closed
2018-06-19 21:12:56 	 [DEBUG] 	 <tcp.go:32>  	 新连接地址为:[192.168.31.41:56733]
2018-06-19 21:12:56 	 [DEBUG] 	 <client_im.go:90>  	 offlineMsg count 0
2018-06-19 21:13:49 	 [DEBUG] 	 <protocol.go:134>  	 sock read error:EOF
2018-06-19 21:13:49 	 [DEBUG] 	 <client.go:83>  	 EOFconnect offline
2018-06-19 21:13:49 	 [DEBUG] 	 <client.go:148>  	 close client:10002, 80d07eb7-09d5-4332-aa4d-01990a291dfd
2018-06-19 21:13:49 	 [DEBUG] 	 <client.go:112>  	 client: 80d07eb7-09d5-4332-aa4d-01990a291dfd 10002 socket closed
2018-06-19 21:13:56 	 [DEBUG] 	 <tcp.go:32>  	 新连接地址为:[192.168.31.41:56816]
2018-06-19 21:13:56 	 [DEBUG] 	 <client_im.go:90>  	 offlineMsg count 0
2018-06-19 21:15:57 	 [DEBUG] 	 <client_heartbeat.go:9>  	 heartBeet
2018-06-19 21:17:58 	 [DEBUG] 	 <client_heartbeat.go:9>  	 heartBeet
2018-06-19 21:18:03 	 [DEBUG] 	 <protocol.go:134>  	 sock read error:EOF
2018-06-19 21:18:03 	 [DEBUG] 	 <client.go:83>  	 EOFconnect offline
2018-06-19 21:18:03 	 [DEBUG] 	 <client.go:148>  	 close client:10002, 80d07eb7-09d5-4332-aa4d-01990a291dfd
2018-06-19 21:18:03 	 [DEBUG] 	 <client.go:112>  	 client: 80d07eb7-09d5-4332-aa4d-01990a291dfd 10002 socket closed
2018-06-19 21:18:10 	 [DEBUG] 	 <tcp.go:32>  	 新连接地址为:[192.168.31.41:56925]
2018-06-19 21:18:10 	 [DEBUG] 	 <client_im.go:90>  	 offlineMsg count 0
2018-06-19 21:18:55 	 [DEBUG] 	 <protocol.go:134>  	 sock read error:EOF
2018-06-19 21:18:55 	 [DEBUG] 	 <client.go:83>  	 EOFconnect offline
2018-06-19 21:18:55 	 [DEBUG] 	 <client.go:148>  	 close client:10002, 80d07eb7-09d5-4332-aa4d-01990a291dfd
2018-06-19 21:18:55 	 [DEBUG] 	 <client.go:112>  	 client: 80d07eb7-09d5-4332-aa4d-01990a291dfd 10002 socket closed
2018-06-19 21:19:03 	 [DEBUG] 	 <tcp.go:32>  	 新连接地址为:[192.168.31.41:57040]
2018-06-19 21:19:03 	 [DEBUG] 	 <client_im.go:90>  	 offlineMsg count 0
2018-06-19 21:19:41 	 [DEBUG] 	 <protocol.go:134>  	 sock read error:EOF
2018-06-19 21:19:41 	 [DEBUG] 	 <client.go:83>  	 EOFconnect offline
2018-06-19 21:19:41 	 [DEBUG] 	 <client.go:148>  	 close client:10002, 80d07eb7-09d5-4332-aa4d-01990a291dfd
2018-06-19 21:19:41 	 [DEBUG] 	 <client.go:112>  	 client: 80d07eb7-09d5-4332-aa4d-01990a291dfd 10002 socket closed
2018-06-19 21:19:49 	 [DEBUG] 	 <tcp.go:32>  	 新连接地址为:[192.168.31.41:57167]
2018-06-19 21:19:49 	 [DEBUG] 	 <client_im.go:90>  	 offlineMsg count 0
2018-06-19 21:20:28 	 [DEBUG] 	 <protocol.go:134>  	 sock read error:EOF
2018-06-19 21:20:28 	 [DEBUG] 	 <client.go:83>  	 EOFconnect offline
2018-06-19 21:20:28 	 [DEBUG] 	 <client.go:148>  	 close client:10002, 80d07eb7-09d5-4332-aa4d-01990a291dfd
2018-06-19 21:20:28 	 [DEBUG] 	 <client.go:112>  	 client: 80d07eb7-09d5-4332-aa4d-01990a291dfd 10002 socket closed
2018-06-19 21:20:35 	 [DEBUG] 	 <tcp.go:32>  	 新连接地址为:[192.168.31.41:57264]
2018-06-19 21:20:35 	 [DEBUG] 	 <client_im.go:90>  	 offlineMsg count 0
2018-06-19 21:21:44 	 [DEBUG] 	 <protocol.go:134>  	 sock read error:EOF
2018-06-19 21:21:44 	 [DEBUG] 	 <client.go:83>  	 EOFconnect offline
2018-06-19 21:21:44 	 [DEBUG] 	 <client.go:148>  	 close client:10002, 80d07eb7-09d5-4332-aa4d-01990a291dfd
2018-06-19 21:21:44 	 [DEBUG] 	 <client.go:112>  	 client: 80d07eb7-09d5-4332-aa4d-01990a291dfd 10002 socket closed
2018-06-19 21:21:51 	 [DEBUG] 	 <tcp.go:32>  	 新连接地址为:[192.168.31.41:57405]
2018-06-19 21:21:51 	 [DEBUG] 	 <client_im.go:90>  	 offlineMsg count 0
2018-06-19 21:23:56 	 [DEBUG] 	 <protocol.go:134>  	 sock read error:EOF
2018-06-19 21:23:56 	 [DEBUG] 	 <client.go:83>  	 EOFconnect offline
2018-06-19 21:23:56 	 [DEBUG] 	 <client.go:148>  	 close client:10002, 80d07eb7-09d5-4332-aa4d-01990a291dfd
2018-06-19 21:23:56 	 [DEBUG] 	 <client.go:112>  	 client: 80d07eb7-09d5-4332-aa4d-01990a291dfd 10002 socket closed
2018-06-19 21:25:46 	 [DEBUG] 	 <tcp.go:32>  	 新连接地址为:[192.168.31.41:57568]
2018-06-19 21:25:46 	 [DEBUG] 	 <client_im.go:90>  	 offlineMsg count 0
2018-06-19 21:27:47 	 [DEBUG] 	 <client_heartbeat.go:9>  	 heartBeet
2018-06-19 21:29:48 	 [DEBUG] 	 <client_heartbeat.go:9>  	 heartBeet
2018-06-19 21:31:49 	 [DEBUG] 	 <client_heartbeat.go:9>  	 heartBeet
2018-06-19 21:33:47 	 [DEBUG] 	 <client_heartbeat.go:9>  	 heartBeet
2018-06-19 21:35:49 	 [DEBUG] 	 <client_heartbeat.go:9>  	 heartBeet
2018-06-19 21:37:49 	 [DEBUG] 	 <client_heartbeat.go:9>  	 heartBeet
2018-06-19 21:39:49 	 [DEBUG] 	 <client_heartbeat.go:9>  	 heartBeet
2018-06-19 21:41:48 	 [DEBUG] 	 <client_heartbeat.go:9>  	 heartBeet
2018-06-19 21:43:49 	 [DEBUG] 	 <client_heartbeat.go:9>  	 heartBeet
2018-06-19 21:45:49 	 [DEBUG] 	 <client_heartbeat.go:9>  	 heartBeet
2018-06-19 21:47:46 	 [DEBUG] 	 <client_heartbeat.go:9>  	 heartBeet
2018-06-19 21:49:18 	 [DEBUG] 	 <protocol.go:134>  	 sock read error:EOF
2018-06-19 21:49:18 	 [DEBUG] 	 <client.go:83>  	 EOFconnect offline
2018-06-19 21:49:18 	 [DEBUG] 	 <client.go:148>  	 close client:10002, 80d07eb7-09d5-4332-aa4d-01990a291dfd
2018-06-19 21:49:18 	 [DEBUG] 	 <client.go:112>  	 client: 80d07eb7-09d5-4332-aa4d-01990a291dfd 10002 socket closed
2018-06-19 21:49:22 	 [DEBUG] 	 <tcp.go:32>  	 新连接地址为:[192.168.31.41:57657]
2018-06-19 21:49:22 	 [DEBUG] 	 <client_im.go:90>  	 offlineMsg count 0
2018-06-19 21:50:02 	 [DEBUG] 	 <protocol.go:134>  	 sock read error:EOF
2018-06-19 21:50:02 	 [DEBUG] 	 <client.go:83>  	 EOFconnect offline
2018-06-19 21:50:02 	 [DEBUG] 	 <client.go:148>  	 close client:10002, 80d07eb7-09d5-4332-aa4d-01990a291dfd
2018-06-19 21:50:02 	 [DEBUG] 	 <client.go:112>  	 client: 80d07eb7-09d5-4332-aa4d-01990a291dfd 10002 socket closed
2018-06-19 21:50:09 	 [DEBUG] 	 <tcp.go:32>  	 新连接地址为:[192.168.31.41:57759]
2018-06-19 21:50:09 	 [DEBUG] 	 <client_im.go:90>  	 offlineMsg count 0
2018-06-19 21:50:32 	 [DEBUG] 	 <protocol.go:134>  	 sock read error:EOF
2018-06-19 21:50:32 	 [DEBUG] 	 <client.go:83>  	 EOFconnect offline
2018-06-19 21:50:32 	 [DEBUG] 	 <client.go:148>  	 close client:10002, 80d07eb7-09d5-4332-aa4d-01990a291dfd
2018-06-19 21:50:32 	 [DEBUG] 	 <client.go:112>  	 client: 80d07eb7-09d5-4332-aa4d-01990a291dfd 10002 socket closed
2018-06-19 21:50:39 	 [DEBUG] 	 <tcp.go:32>  	 新连接地址为:[192.168.31.41:57879]
2018-06-19 21:50:39 	 [DEBUG] 	 <client_im.go:90>  	 offlineMsg count 0
2018-06-19 21:51:03 	 [DEBUG] 	 <protocol.go:134>  	 sock read error:EOF
2018-06-19 21:51:03 	 [DEBUG] 	 <client.go:83>  	 EOFconnect offline
2018-06-19 21:51:03 	 [DEBUG] 	 <client.go:148>  	 close client:10002, 80d07eb7-09d5-4332-aa4d-01990a291dfd
2018-06-19 21:51:03 	 [DEBUG] 	 <client.go:112>  	 client: 80d07eb7-09d5-4332-aa4d-01990a291dfd 10002 socket closed
2018-06-19 21:51:11 	 [DEBUG] 	 <tcp.go:32>  	 新连接地址为:[192.168.31.41:57992]
2018-06-19 21:51:11 	 [DEBUG] 	 <client_im.go:90>  	 offlineMsg count 0
2018-06-19 21:53:12 	 [DEBUG] 	 <client_heartbeat.go:9>  	 heartBeet
2018-06-19 21:54:10 	 [DEBUG] 	 <protocol.go:134>  	 sock read error:EOF
2018-06-19 21:54:10 	 [DEBUG] 	 <client.go:83>  	 EOFconnect offline
2018-06-19 21:54:10 	 [DEBUG] 	 <client.go:148>  	 close client:10002, 80d07eb7-09d5-4332-aa4d-01990a291dfd
2018-06-19 21:54:10 	 [DEBUG] 	 <client.go:112>  	 client: 80d07eb7-09d5-4332-aa4d-01990a291dfd 10002 socket closed
2018-06-19 21:54:18 	 [DEBUG] 	 <tcp.go:32>  	 新连接地址为:[192.168.31.41:58107]
2018-06-19 21:54:18 	 [DEBUG] 	 <client_im.go:90>  	 offlineMsg count 0
2018-06-19 21:54:36 	 [DEBUG] 	 <protocol.go:134>  	 sock read error:EOF
2018-06-19 21:54:36 	 [DEBUG] 	 <client.go:83>  	 EOFconnect offline
2018-06-19 21:54:36 	 [DEBUG] 	 <client.go:148>  	 close client:10002, 80d07eb7-09d5-4332-aa4d-01990a291dfd
2018-06-19 21:54:36 	 [DEBUG] 	 <client.go:112>  	 client: 80d07eb7-09d5-4332-aa4d-01990a291dfd 10002 socket closed
2018-06-19 21:55:00 	 [DEBUG] 	 <tcp.go:32>  	 新连接地址为:[192.168.31.41:58222]
2018-06-19 21:55:00 	 [DEBUG] 	 <client_im.go:90>  	 offlineMsg count 0
2018-06-19 21:55:33 	 [DEBUG] 	 <protocol.go:134>  	 sock read error:EOF
2018-06-19 21:55:33 	 [DEBUG] 	 <client.go:83>  	 EOFconnect offline
2018-06-19 21:55:33 	 [DEBUG] 	 <client.go:148>  	 close client:10002, 80d07eb7-09d5-4332-aa4d-01990a291dfd
2018-06-19 21:55:33 	 [DEBUG] 	 <client.go:112>  	 client: 80d07eb7-09d5-4332-aa4d-01990a291dfd 10002 socket closed
2018-06-19 21:55:40 	 [DEBUG] 	 <tcp.go:32>  	 新连接地址为:[192.168.31.41:58344]
2018-06-19 21:55:40 	 [DEBUG] 	 <client_im.go:90>  	 offlineMsg count 0
2018-06-19 21:56:54 	 [DEBUG] 	 <protocol.go:134>  	 sock read error:EOF
2018-06-19 21:56:54 	 [DEBUG] 	 <client.go:83>  	 EOFconnect offline
2018-06-19 21:56:54 	 [DEBUG] 	 <client.go:148>  	 close client:10002, 80d07eb7-09d5-4332-aa4d-01990a291dfd
2018-06-19 21:56:54 	 [DEBUG] 	 <client.go:112>  	 client: 80d07eb7-09d5-4332-aa4d-01990a291dfd 10002 socket closed
2018-06-19 21:57:01 	 [DEBUG] 	 <tcp.go:32>  	 新连接地址为:[192.168.31.41:58445]
2018-06-19 21:57:01 	 [DEBUG] 	 <client_im.go:90>  	 offlineMsg count 0
2018-06-19 21:57:36 	 [DEBUG] 	 <protocol.go:134>  	 sock read error:EOF
2018-06-19 21:57:36 	 [DEBUG] 	 <client.go:83>  	 EOFconnect offline
2018-06-19 21:57:36 	 [DEBUG] 	 <client.go:148>  	 close client:10002, 80d07eb7-09d5-4332-aa4d-01990a291dfd
2018-06-19 21:57:36 	 [DEBUG] 	 <client.go:112>  	 client: 80d07eb7-09d5-4332-aa4d-01990a291dfd 10002 socket closed
2018-06-19 21:57:43 	 [DEBUG] 	 <tcp.go:32>  	 新连接地址为:[192.168.31.41:58556]
2018-06-19 21:57:43 	 [DEBUG] 	 <client_im.go:90>  	 offlineMsg count 0
2018-06-19 21:59:05 	 [DEBUG] 	 <protocol.go:134>  	 sock read error:EOF
2018-06-19 21:59:05 	 [DEBUG] 	 <client.go:83>  	 EOFconnect offline
2018-06-19 21:59:05 	 [DEBUG] 	 <client.go:148>  	 close client:10002, 80d07eb7-09d5-4332-aa4d-01990a291dfd
2018-06-19 21:59:05 	 [DEBUG] 	 <client.go:112>  	 client: 80d07eb7-09d5-4332-aa4d-01990a291dfd 10002 socket closed
2018-06-19 21:59:12 	 [DEBUG] 	 <tcp.go:32>  	 新连接地址为:[192.168.31.41:58660]
2018-06-19 21:59:12 	 [DEBUG] 	 <client_im.go:90>  	 offlineMsg count 0
2018-06-19 22:01:12 	 [DEBUG] 	 <client_heartbeat.go:9>  	 heartBeet
2018-06-19 22:03:14 	 [DEBUG] 	 <client_heartbeat.go:9>  	 heartBeet
2018-06-19 22:05:14 	 [DEBUG] 	 <client_heartbeat.go:9>  	 heartBeet
2018-06-19 22:07:13 	 [DEBUG] 	 <client_heartbeat.go:9>  	 heartBeet
2018-06-19 22:09:14 	 [DEBUG] 	 <client_heartbeat.go:9>  	 heartBeet
2018-06-19 22:10:01 	 [DEBUG] 	 <protocol.go:134>  	 sock read error:EOF
2018-06-19 22:10:01 	 [DEBUG] 	 <client.go:83>  	 EOFconnect offline
2018-06-19 22:10:01 	 [DEBUG] 	 <client.go:148>  	 close client:10002, 80d07eb7-09d5-4332-aa4d-01990a291dfd
2018-06-19 22:10:01 	 [DEBUG] 	 <client.go:112>  	 client: 80d07eb7-09d5-4332-aa4d-01990a291dfd 10002 socket closed
2018-06-19 22:10:08 	 [DEBUG] 	 <tcp.go:32>  	 新连接地址为:[192.168.31.41:58764]
2018-06-19 22:10:08 	 [DEBUG] 	 <client_im.go:90>  	 offlineMsg count 0
2018-06-19 22:12:09 	 [DEBUG] 	 <client_heartbeat.go:9>  	 heartBeet
2018-06-19 22:12:32 	 [DEBUG] 	 <protocol.go:134>  	 sock read error:EOF
2018-06-19 22:12:32 	 [DEBUG] 	 <client.go:83>  	 EOFconnect offline
2018-06-19 22:12:32 	 [DEBUG] 	 <client.go:148>  	 close client:10002, 80d07eb7-09d5-4332-aa4d-01990a291dfd
2018-06-19 22:12:32 	 [DEBUG] 	 <client.go:112>  	 client: 80d07eb7-09d5-4332-aa4d-01990a291dfd 10002 socket closed
2018-06-19 22:12:40 	 [DEBUG] 	 <tcp.go:32>  	 新连接地址为:[192.168.31.41:58857]
2018-06-19 22:12:40 	 [DEBUG] 	 <client_im.go:90>  	 offlineMsg count 0
2018-06-19 22:12:51 	 [DEBUG] 	 <protocol.go:134>  	 sock read error:EOF
2018-06-19 22:12:51 	 [DEBUG] 	 <client.go:83>  	 EOFconnect offline
2018-06-19 22:12:51 	 [DEBUG] 	 <client.go:148>  	 close client:10002, 80d07eb7-09d5-4332-aa4d-01990a291dfd
2018-06-19 22:12:51 	 [DEBUG] 	 <client.go:112>  	 client: 80d07eb7-09d5-4332-aa4d-01990a291dfd 10002 socket closed
2018-06-19 22:12:58 	 [DEBUG] 	 <tcp.go:32>  	 新连接地址为:[192.168.31.41:58967]
2018-06-19 22:12:58 	 [DEBUG] 	 <client_im.go:90>  	 offlineMsg count 0
2018-06-19 22:13:10 	 [DEBUG] 	 <protocol.go:134>  	 sock read error:EOF
2018-06-19 22:13:10 	 [DEBUG] 	 <client.go:83>  	 EOFconnect offline
2018-06-19 22:13:10 	 [DEBUG] 	 <client.go:148>  	 close client:10002, 80d07eb7-09d5-4332-aa4d-01990a291dfd
2018-06-19 22:13:10 	 [DEBUG] 	 <client.go:112>  	 client: 80d07eb7-09d5-4332-aa4d-01990a291dfd 10002 socket closed
2018-06-19 22:13:17 	 [DEBUG] 	 <tcp.go:32>  	 新连接地址为:[192.168.31.41:59090]
2018-06-19 22:13:17 	 [DEBUG] 	 <client_im.go:90>  	 offlineMsg count 0
2018-06-19 22:15:14 	 [DEBUG] 	 <protocol.go:134>  	 sock read error:EOF
2018-06-19 22:15:14 	 [DEBUG] 	 <client.go:83>  	 EOFconnect offline
2018-06-19 22:15:14 	 [DEBUG] 	 <client.go:148>  	 close client:10002, 80d07eb7-09d5-4332-aa4d-01990a291dfd
2018-06-19 22:15:14 	 [DEBUG] 	 <client.go:112>  	 client: 80d07eb7-09d5-4332-aa4d-01990a291dfd 10002 socket closed
2018-06-19 22:15:18 	 [DEBUG] 	 <tcp.go:32>  	 新连接地址为:[192.168.31.41:59205]
2018-06-19 22:15:18 	 [DEBUG] 	 <client_im.go:90>  	 offlineMsg count 0
2018-06-19 22:16:26 	 [DEBUG] 	 <protocol.go:134>  	 sock read error:EOF
2018-06-19 22:16:26 	 [DEBUG] 	 <client.go:83>  	 EOFconnect offline
2018-06-19 22:16:26 	 [DEBUG] 	 <client.go:148>  	 close client:10002, 80d07eb7-09d5-4332-aa4d-01990a291dfd
2018-06-19 22:16:26 	 [DEBUG] 	 <client.go:112>  	 client: 80d07eb7-09d5-4332-aa4d-01990a291dfd 10002 socket closed
2018-06-19 22:16:34 	 [DEBUG] 	 <tcp.go:32>  	 新连接地址为:[192.168.31.41:59319]
2018-06-19 22:16:34 	 [DEBUG] 	 <client_im.go:90>  	 offlineMsg count 0
2018-06-19 22:16:51 	 [DEBUG] 	 <protocol.go:134>  	 sock read error:EOF
2018-06-19 22:16:51 	 [DEBUG] 	 <client.go:83>  	 EOFconnect offline
2018-06-19 22:16:51 	 [DEBUG] 	 <client.go:148>  	 close client:10002, 80d07eb7-09d5-4332-aa4d-01990a291dfd
2018-06-19 22:16:51 	 [DEBUG] 	 <client.go:112>  	 client: 80d07eb7-09d5-4332-aa4d-01990a291dfd 10002 socket closed
2018-06-19 22:17:57 	 [DEBUG] 	 <tcp.go:32>  	 新连接地址为:[192.168.31.41:59431]
2018-06-19 22:17:57 	 [DEBUG] 	 <client_im.go:90>  	 offlineMsg count 0
2018-06-19 22:18:07 	 [DEBUG] 	 <protocol.go:134>  	 sock read error:EOF
2018-06-19 22:18:07 	 [DEBUG] 	 <client.go:83>  	 EOFconnect offline
2018-06-19 22:18:07 	 [DEBUG] 	 <client.go:148>  	 close client:10002, 80d07eb7-09d5-4332-aa4d-01990a291dfd
2018-06-19 22:18:07 	 [DEBUG] 	 <client.go:112>  	 client: 80d07eb7-09d5-4332-aa4d-01990a291dfd 10002 socket closed
2018-06-19 22:18:14 	 [DEBUG] 	 <tcp.go:32>  	 新连接地址为:[192.168.31.41:59548]
2018-06-19 22:18:14 	 [DEBUG] 	 <client_im.go:90>  	 offlineMsg count 0
2018-06-19 22:19:16 	 [DEBUG] 	 <protocol.go:134>  	 sock read error:EOF
2018-06-19 22:19:16 	 [DEBUG] 	 <client.go:83>  	 EOFconnect offline
2018-06-19 22:19:16 	 [DEBUG] 	 <client.go:148>  	 close client:10002, 80d07eb7-09d5-4332-aa4d-01990a291dfd
2018-06-19 22:19:16 	 [DEBUG] 	 <client.go:112>  	 client: 80d07eb7-09d5-4332-aa4d-01990a291dfd 10002 socket closed
2018-06-19 22:20:13 	 [DEBUG] 	 <tcp.go:32>  	 新连接地址为:[192.168.31.41:59850]
2018-06-19 22:20:13 	 [DEBUG] 	 <client_im.go:90>  	 offlineMsg count 0
2018-06-19 22:22:14 	 [DEBUG] 	 <client_heartbeat.go:9>  	 heartBeet
2018-06-19 22:23:38 	 [DEBUG] 	 <protocol.go:134>  	 sock read error:EOF
2018-06-19 22:23:38 	 [DEBUG] 	 <client.go:83>  	 EOFconnect offline
2018-06-19 22:23:38 	 [DEBUG] 	 <client.go:148>  	 close client:10002, 80d07eb7-09d5-4332-aa4d-01990a291dfd
2018-06-19 22:23:38 	 [DEBUG] 	 <client.go:112>  	 client: 80d07eb7-09d5-4332-aa4d-01990a291dfd 10002 socket closed
2018-06-19 22:24:07 	 [DEBUG] 	 <tcp.go:32>  	 新连接地址为:[192.168.31.41:59946]
2018-06-19 22:24:07 	 [DEBUG] 	 <client_im.go:90>  	 offlineMsg count 0
2018-06-19 22:24:26 	 [DEBUG] 	 <protocol.go:134>  	 sock read error:EOF
2018-06-19 22:24:26 	 [DEBUG] 	 <client.go:83>  	 EOFconnect offline
2018-06-19 22:24:26 	 [DEBUG] 	 <client.go:148>  	 close client:10002, 80d07eb7-09d5-4332-aa4d-01990a291dfd
2018-06-19 22:24:26 	 [DEBUG] 	 <client.go:112>  	 client: 80d07eb7-09d5-4332-aa4d-01990a291dfd 10002 socket closed
2018-06-19 22:24:26 	 [DEBUG] 	 <tcp.go:32>  	 新连接地址为:[192.168.31.41:59992]
2018-06-19 22:24:26 	 [DEBUG] 	 <client_im.go:90>  	 offlineMsg count 0
2018-06-19 22:24:31 	 [DEBUG] 	 <protocol.go:134>  	 sock read error:EOF
2018-06-19 22:24:31 	 [DEBUG] 	 <client.go:83>  	 EOFconnect offline
2018-06-19 22:24:31 	 [DEBUG] 	 <client.go:148>  	 close client:10002, 80d07eb7-09d5-4332-aa4d-01990a291dfd
2018-06-19 22:24:31 	 [DEBUG] 	 <client.go:112>  	 client: 80d07eb7-09d5-4332-aa4d-01990a291dfd 10002 socket closed
2018-06-19 22:37:19 	 [DEBUG] 	 <tcp.go:32>  	 新连接地址为:[192.168.31.41:60131]
2018-06-19 22:37:19 	 [DEBUG] 	 <client_im.go:90>  	 offlineMsg count 0
2018-06-19 22:40:06 	 [DEBUG] 	 <protocol.go:134>  	 sock read error:EOF
2018-06-19 22:40:06 	 [DEBUG] 	 <client.go:83>  	 EOFconnect offline
2018-06-19 22:40:06 	 [DEBUG] 	 <client.go:148>  	 close client:10002, 80d07eb7-09d5-4332-aa4d-01990a291dfd
2018-06-19 22:40:06 	 [DEBUG] 	 <client.go:112>  	 client: 80d07eb7-09d5-4332-aa4d-01990a291dfd 10002 socket closed
2018-06-19 22:40:13 	 [DEBUG] 	 <tcp.go:32>  	 新连接地址为:[192.168.31.41:60217]
2018-06-19 22:40:13 	 [DEBUG] 	 <client_im.go:90>  	 offlineMsg count 0
2018-06-19 22:41:58 	 [DEBUG] 	 <protocol.go:134>  	 sock read error:EOF
2018-06-19 22:41:58 	 [DEBUG] 	 <client.go:83>  	 EOFconnect offline
2018-06-19 22:41:58 	 [DEBUG] 	 <client.go:148>  	 close client:10002, 80d07eb7-09d5-4332-aa4d-01990a291dfd
2018-06-19 22:41:58 	 [DEBUG] 	 <client.go:112>  	 client: 80d07eb7-09d5-4332-aa4d-01990a291dfd 10002 socket closed
2018-06-19 22:42:05 	 [DEBUG] 	 <tcp.go:32>  	 新连接地址为:[192.168.31.41:60294]
2018-06-19 22:42:05 	 [DEBUG] 	 <client_im.go:90>  	 offlineMsg count 0
2018-06-19 22:42:33 	 [DEBUG] 	 <protocol.go:134>  	 sock read error:EOF
2018-06-19 22:42:33 	 [DEBUG] 	 <client.go:83>  	 EOFconnect offline
2018-06-19 22:42:33 	 [DEBUG] 	 <client.go:148>  	 close client:10002, 80d07eb7-09d5-4332-aa4d-01990a291dfd
2018-06-19 22:42:33 	 [DEBUG] 	 <client.go:112>  	 client: 80d07eb7-09d5-4332-aa4d-01990a291dfd 10002 socket closed
2018-06-19 22:42:53 	 [DEBUG] 	 <tcp.go:32>  	 新连接地址为:[192.168.31.41:60323]
2018-06-19 22:42:53 	 [DEBUG] 	 <client_im.go:90>  	 offlineMsg count 0
2018-06-19 22:44:07 	 [DEBUG] 	 <client_heartbeat.go:9>  	 heartBeet
2018-06-19 22:46:07 	 [DEBUG] 	 <client_heartbeat.go:9>  	 heartBeet
2018-06-19 22:48:07 	 [DEBUG] 	 <client_heartbeat.go:9>  	 heartBeet
2018-06-19 22:50:07 	 [DEBUG] 	 <client_heartbeat.go:9>  	 heartBeet
2018-06-19 22:51:40 	 [DEBUG] 	 <protocol.go:134>  	 sock read error:EOF
2018-06-19 22:51:40 	 [DEBUG] 	 <client.go:83>  	 EOFconnect offline
2018-06-19 22:51:40 	 [DEBUG] 	 <client.go:148>  	 close client:10002, 80d07eb7-09d5-4332-aa4d-01990a291dfd
2018-06-19 22:51:40 	 [DEBUG] 	 <client.go:112>  	 client: 80d07eb7-09d5-4332-aa4d-01990a291dfd 10002 socket closed
2018-06-19 22:51:47 	 [DEBUG] 	 <tcp.go:32>  	 新连接地址为:[192.168.31.41:60405]
2018-06-19 22:51:47 	 [DEBUG] 	 <client_im.go:90>  	 offlineMsg count 0
2018-06-19 22:51:47 	 [DEBUG] 	 <protocol.go:134>  	 sock read error:EOF
2018-06-19 22:51:47 	 [DEBUG] 	 <client.go:83>  	 EOFconnect offline
2018-06-19 22:51:47 	 [DEBUG] 	 <client.go:148>  	 close client:10002, 80d07eb7-09d5-4332-aa4d-01990a291dfd
2018-06-19 22:51:47 	 [DEBUG] 	 <client.go:112>  	 client: 80d07eb7-09d5-4332-aa4d-01990a291dfd 10002 socket closed
2018-06-19 22:52:42 	 [DEBUG] 	 <tcp.go:32>  	 新连接地址为:[192.168.31.41:60520]
2018-06-19 22:52:42 	 [DEBUG] 	 <client_im.go:90>  	 offlineMsg count 0
2018-06-19 22:53:26 	 [DEBUG] 	 <protocol.go:134>  	 sock read error:EOF
2018-06-19 22:53:26 	 [DEBUG] 	 <client.go:83>  	 EOFconnect offline
2018-06-19 22:53:26 	 [DEBUG] 	 <client.go:148>  	 close client:10002, 80d07eb7-09d5-4332-aa4d-01990a291dfd
2018-06-19 22:53:26 	 [DEBUG] 	 <client.go:112>  	 client: 80d07eb7-09d5-4332-aa4d-01990a291dfd 10002 socket closed
2018-06-19 22:53:33 	 [DEBUG] 	 <tcp.go:32>  	 新连接地址为:[192.168.31.41:60606]
2018-06-19 22:53:33 	 [DEBUG] 	 <client_im.go:90>  	 offlineMsg count 0
2018-06-19 22:53:49 	 [DEBUG] 	 <protocol.go:134>  	 sock read error:EOF
2018-06-19 22:53:49 	 [DEBUG] 	 <client.go:83>  	 EOFconnect offline
2018-06-19 22:53:49 	 [DEBUG] 	 <client.go:148>  	 close client:10002, 80d07eb7-09d5-4332-aa4d-01990a291dfd
2018-06-19 22:53:49 	 [DEBUG] 	 <client.go:112>  	 client: 80d07eb7-09d5-4332-aa4d-01990a291dfd 10002 socket closed
2018-06-19 22:53:56 	 [DEBUG] 	 <tcp.go:32>  	 新连接地址为:[192.168.31.41:60722]
2018-06-19 22:53:56 	 [DEBUG] 	 <client_im.go:90>  	 offlineMsg count 0
2018-06-19 22:55:07 	 [DEBUG] 	 <protocol.go:134>  	 sock read error:EOF
2018-06-19 22:55:07 	 [DEBUG] 	 <client.go:83>  	 EOFconnect offline
2018-06-19 22:55:07 	 [DEBUG] 	 <client.go:148>  	 close client:10002, 80d07eb7-09d5-4332-aa4d-01990a291dfd
2018-06-19 22:55:07 	 [DEBUG] 	 <client.go:112>  	 client: 80d07eb7-09d5-4332-aa4d-01990a291dfd 10002 socket closed
2018-06-19 22:55:40 	 [DEBUG] 	 <tcp.go:32>  	 新连接地址为:[192.168.31.41:60870]
2018-06-19 22:55:40 	 [DEBUG] 	 <client_im.go:90>  	 offlineMsg count 0
2018-06-19 22:56:22 	 [DEBUG] 	 <protocol.go:134>  	 sock read error:EOF
2018-06-19 22:56:22 	 [DEBUG] 	 <client.go:83>  	 EOFconnect offline
2018-06-19 22:56:22 	 [DEBUG] 	 <client.go:148>  	 close client:10002, 80d07eb7-09d5-4332-aa4d-01990a291dfd
2018-06-19 22:56:22 	 [DEBUG] 	 <client.go:112>  	 client: 80d07eb7-09d5-4332-aa4d-01990a291dfd 10002 socket closed
2018-06-19 22:56:30 	 [DEBUG] 	 <tcp.go:32>  	 新连接地址为:[192.168.31.41:60960]
2018-06-19 22:56:30 	 [DEBUG] 	 <client_im.go:90>  	 offlineMsg count 0
2018-06-19 22:57:06 	 [DEBUG] 	 <protocol.go:134>  	 sock read error:EOF
2018-06-19 22:57:06 	 [DEBUG] 	 <client.go:83>  	 EOFconnect offline
2018-06-19 22:57:06 	 [DEBUG] 	 <client.go:148>  	 close client:10002, 80d07eb7-09d5-4332-aa4d-01990a291dfd
2018-06-19 22:57:06 	 [DEBUG] 	 <client.go:112>  	 client: 80d07eb7-09d5-4332-aa4d-01990a291dfd 10002 socket closed
2018-06-19 22:58:27 	 [DEBUG] 	 <tcp.go:32>  	 新连接地址为:[192.168.31.41:61179]
2018-06-19 22:58:27 	 [DEBUG] 	 <client_im.go:90>  	 offlineMsg count 0
2018-06-19 23:00:27 	 [DEBUG] 	 <client_heartbeat.go:9>  	 heartBeet
2018-06-19 23:01:27 	 [DEBUG] 	 <protocol.go:134>  	 sock read error:EOF
2018-06-19 23:01:27 	 [DEBUG] 	 <client.go:83>  	 EOFconnect offline
2018-06-19 23:01:27 	 [DEBUG] 	 <client.go:148>  	 close client:10002, 80d07eb7-09d5-4332-aa4d-01990a291dfd
2018-06-19 23:01:27 	 [DEBUG] 	 <client.go:112>  	 client: 80d07eb7-09d5-4332-aa4d-01990a291dfd 10002 socket closed
2018-06-19 23:02:05 	 [DEBUG] 	 <tcp.go:32>  	 新连接地址为:[192.168.31.41:61390]
2018-06-19 23:02:05 	 [DEBUG] 	 <client_im.go:90>  	 offlineMsg count 0
2018-06-19 23:02:21 	 [DEBUG] 	 <protocol.go:134>  	 sock read error:EOF
2018-06-19 23:02:21 	 [DEBUG] 	 <client.go:83>  	 EOFconnect offline
2018-06-19 23:02:21 	 [DEBUG] 	 <client.go:148>  	 close client:10002, 80d07eb7-09d5-4332-aa4d-01990a291dfd
2018-06-19 23:02:21 	 [DEBUG] 	 <client.go:112>  	 client: 80d07eb7-09d5-4332-aa4d-01990a291dfd 10002 socket closed
2018-06-19 23:02:42 	 [DEBUG] 	 <tcp.go:32>  	 新连接地址为:[192.168.31.41:61466]
2018-06-19 23:02:42 	 [DEBUG] 	 <client_im.go:90>  	 offlineMsg count 0
2018-06-19 23:04:42 	 [DEBUG] 	 <client_heartbeat.go:9>  	 heartBeet
2018-06-19 23:06:17 	 [DEBUG] 	 <protocol.go:134>  	 sock read error:EOF
2018-06-19 23:06:17 	 [DEBUG] 	 <client.go:83>  	 EOFconnect offline
2018-06-19 23:06:17 	 [DEBUG] 	 <client.go:148>  	 close client:10002, 80d07eb7-09d5-4332-aa4d-01990a291dfd
2018-06-19 23:06:17 	 [DEBUG] 	 <client.go:112>  	 client: 80d07eb7-09d5-4332-aa4d-01990a291dfd 10002 socket closed
2018-06-19 23:16:50 	 [DEBUG] 	 <tcp.go:32>  	 新连接地址为:[192.168.31.41:61595]
2018-06-19 23:16:50 	 [DEBUG] 	 <client_im.go:90>  	 offlineMsg count 0
2018-06-19 23:18:04 	 [DEBUG] 	 <protocol.go:134>  	 sock read error:EOF
2018-06-19 23:18:04 	 [DEBUG] 	 <client.go:83>  	 EOFconnect offline
2018-06-19 23:18:04 	 [DEBUG] 	 <client.go:148>  	 close client:10002, 80d07eb7-09d5-4332-aa4d-01990a291dfd
2018-06-19 23:18:04 	 [DEBUG] 	 <client.go:112>  	 client: 80d07eb7-09d5-4332-aa4d-01990a291dfd 10002 socket closed
2018-06-19 23:18:12 	 [DEBUG] 	 <tcp.go:32>  	 新连接地址为:[192.168.31.41:61709]
2018-06-19 23:18:12 	 [DEBUG] 	 <client_im.go:90>  	 offlineMsg count 0
2018-06-19 23:19:16 	 [DEBUG] 	 <protocol.go:134>  	 sock read error:EOF
2018-06-19 23:19:16 	 [DEBUG] 	 <client.go:83>  	 EOFconnect offline
2018-06-19 23:19:16 	 [DEBUG] 	 <client.go:148>  	 close client:10002, 80d07eb7-09d5-4332-aa4d-01990a291dfd
2018-06-19 23:19:16 	 [DEBUG] 	 <client.go:112>  	 client: 80d07eb7-09d5-4332-aa4d-01990a291dfd 10002 socket closed
2018-06-19 23:19:23 	 [DEBUG] 	 <tcp.go:32>  	 新连接地址为:[192.168.31.41:61813]
2018-06-19 23:19:23 	 [DEBUG] 	 <client_im.go:90>  	 offlineMsg count 0
2018-06-19 23:21:24 	 [DEBUG] 	 <client_heartbeat.go:9>  	 heartBeet
2018-06-19 23:23:07 	 [DEBUG] 	 <protocol.go:134>  	 sock read error:EOF
2018-06-19 23:23:07 	 [DEBUG] 	 <client.go:83>  	 EOFconnect offline
2018-06-19 23:23:07 	 [DEBUG] 	 <client.go:148>  	 close client:10002, 80d07eb7-09d5-4332-aa4d-01990a291dfd
2018-06-19 23:23:07 	 [DEBUG] 	 <client.go:112>  	 client: 80d07eb7-09d5-4332-aa4d-01990a291dfd 10002 socket closed
2018-06-19 23:23:14 	 [DEBUG] 	 <tcp.go:32>  	 新连接地址为:[192.168.31.41:61907]
2018-06-19 23:23:14 	 [DEBUG] 	 <client_im.go:90>  	 offlineMsg count 0
2018-06-19 23:23:35 	 [DEBUG] 	 <protocol.go:134>  	 sock read error:EOF
2018-06-19 23:23:35 	 [DEBUG] 	 <client.go:83>  	 EOFconnect offline
2018-06-19 23:23:35 	 [DEBUG] 	 <client.go:148>  	 close client:10002, 80d07eb7-09d5-4332-aa4d-01990a291dfd
2018-06-19 23:23:35 	 [DEBUG] 	 <client.go:112>  	 client: 80d07eb7-09d5-4332-aa4d-01990a291dfd 10002 socket closed
2018-06-19 23:23:42 	 [DEBUG] 	 <tcp.go:32>  	 新连接地址为:[192.168.31.41:61995]
2018-06-19 23:23:42 	 [DEBUG] 	 <client_im.go:90>  	 offlineMsg count 0
2018-06-19 23:25:42 	 [DEBUG] 	 <client_heartbeat.go:9>  	 heartBeet
2018-06-19 23:26:12 	 [DEBUG] 	 <protocol.go:134>  	 sock read error:EOF
2018-06-19 23:26:12 	 [DEBUG] 	 <client.go:83>  	 EOFconnect offline
2018-06-19 23:26:12 	 [DEBUG] 	 <client.go:148>  	 close client:10002, 80d07eb7-09d5-4332-aa4d-01990a291dfd
2018-06-19 23:26:12 	 [DEBUG] 	 <client.go:112>  	 client: 80d07eb7-09d5-4332-aa4d-01990a291dfd 10002 socket closed
2018-06-19 23:26:20 	 [DEBUG] 	 <tcp.go:32>  	 新连接地址为:[192.168.31.41:62095]
2018-06-19 23:26:20 	 [DEBUG] 	 <client_im.go:90>  	 offlineMsg count 0
2018-06-19 23:28:21 	 [DEBUG] 	 <client_heartbeat.go:9>  	 heartBeet
2018-06-19 23:30:22 	 [DEBUG] 	 <client_heartbeat.go:9>  	 heartBeet
2018-06-19 23:32:21 	 [DEBUG] 	 <client_heartbeat.go:9>  	 heartBeet
2018-06-19 23:34:22 	 [DEBUG] 	 <client_heartbeat.go:9>  	 heartBeet
2018-06-19 23:36:22 	 [DEBUG] 	 <client_heartbeat.go:9>  	 heartBeet
2018-06-19 23:38:22 	 [DEBUG] 	 <client_heartbeat.go:9>  	 heartBeet
2018-06-19 23:40:11 	 [DEBUG] 	 <protocol.go:134>  	 sock read error:EOF
2018-06-19 23:40:11 	 [DEBUG] 	 <client.go:83>  	 EOFconnect offline
2018-06-19 23:40:11 	 [DEBUG] 	 <client.go:148>  	 close client:10002, 80d07eb7-09d5-4332-aa4d-01990a291dfd
2018-06-19 23:40:11 	 [DEBUG] 	 <client.go:112>  	 client: 80d07eb7-09d5-4332-aa4d-01990a291dfd 10002 socket closed
2018-06-19 23:40:23 	 [DEBUG] 	 <tcp.go:32>  	 新连接地址为:[192.168.31.41:62769]
2018-06-19 23:40:23 	 [DEBUG] 	 <client_im.go:90>  	 offlineMsg count 0
2018-06-19 23:42:25 	 [DEBUG] 	 <client_heartbeat.go:9>  	 heartBeet
2018-06-19 23:42:26 	 [DEBUG] 	 <protocol.go:134>  	 sock read error:EOF
2018-06-19 23:42:26 	 [DEBUG] 	 <client.go:83>  	 EOFconnect offline
2018-06-19 23:42:26 	 [DEBUG] 	 <client.go:148>  	 close client:10002, 80d07eb7-09d5-4332-aa4d-01990a291dfd
2018-06-19 23:42:26 	 [DEBUG] 	 <client.go:112>  	 client: 80d07eb7-09d5-4332-aa4d-01990a291dfd 10002 socket closed
2018-06-19 23:42:33 	 [DEBUG] 	 <tcp.go:32>  	 新连接地址为:[192.168.31.41:62995]
2018-06-19 23:42:33 	 [DEBUG] 	 <client_im.go:90>  	 offlineMsg count 0
2018-06-19 23:44:34 	 [DEBUG] 	 <client_heartbeat.go:9>  	 heartBeet
2018-06-19 23:46:35 	 [DEBUG] 	 <client_heartbeat.go:9>  	 heartBeet
2018-06-19 23:48:35 	 [DEBUG] 	 <client_heartbeat.go:9>  	 heartBeet
2018-06-19 23:50:34 	 [DEBUG] 	 <client_heartbeat.go:9>  	 heartBeet
2018-06-19 23:52:35 	 [DEBUG] 	 <client_heartbeat.go:9>  	 heartBeet
2018-06-19 23:54:35 	 [DEBUG] 	 <client_heartbeat.go:9>  	 heartBeet
2018-06-19 23:56:36 	 [DEBUG] 	 <client_heartbeat.go:9>  	 heartBeet
2018-06-19 23:58:35 	 [DEBUG] 	 <client_heartbeat.go:9>  	 heartBeet
2018-06-19 23:58:52 	 [DEBUG] 	 <protocol.go:134>  	 sock read error:EOF
2018-06-19 23:58:52 	 [DEBUG] 	 <client.go:83>  	 EOFconnect offline
2018-06-19 23:58:52 	 [DEBUG] 	 <client.go:148>  	 close client:10002, 80d07eb7-09d5-4332-aa4d-01990a291dfd
2018-06-19 23:58:52 	 [DEBUG] 	 <client.go:112>  	 client: 80d07eb7-09d5-4332-aa4d-01990a291dfd 10002 socket closed
2018-06-19 23:59:04 	 [DEBUG] 	 <tcp.go:32>  	 新连接地址为:[192.168.31.41:64003]
2018-06-19 23:59:04 	 [DEBUG] 	 <client_im.go:90>  	 offlineMsg count 0
