2018-05-23 06:45:55 	 [ INFO] 	 <client.go:93>  	 client:10001 socket read timeout:1526998851 1527029155
2018-05-23 06:45:55 	 [DEBUG] 	 <client_heartbeat.go:9>  	 heartBeet
2018-05-23 09:05:17 	 [ INFO] 	 <client.go:93>  	 client:10001 socket read timeout:1527029155 1527037517
2018-05-23 09:05:17 	 [DEBUG] 	 <client_heartbeat.go:9>  	 heartBeet
2018-05-23 09:07:17 	 [DEBUG] 	 <client_heartbeat.go:9>  	 heartBeet
2018-05-23 09:09:17 	 [DEBUG] 	 <client_heartbeat.go:9>  	 heartBeet
2018-05-23 09:11:17 	 [DEBUG] 	 <client_heartbeat.go:9>  	 heartBeet
2018-05-23 09:13:14 	 [DEBUG] 	 <client_heartbeat.go:9>  	 heartBeet
2018-05-23 09:15:14 	 [DEBUG] 	 <client_heartbeat.go:9>  	 heartBeet
2018-05-23 09:17:14 	 [DEBUG] 	 <client_heartbeat.go:9>  	 heartBeet
2018-05-23 09:19:14 	 [DEBUG] 	 <client_heartbeat.go:9>  	 heartBeet
2018-05-23 09:20:27 	 [DEBUG] 	 <tcp.go:32>  	 新连接地址为:[192.168.31.41:54700]
2018-05-23 09:21:14 	 [DEBUG] 	 <client_heartbeat.go:9>  	 heartBeet
2018-05-23 09:22:36 	 [DEBUG] 	 <protocol.go:134>  	 sock read error:EOF
2018-05-23 09:22:36 	 [DEBUG] 	 <client.go:83>  	 EOFconnect offline
2018-05-23 09:22:36 	 [DEBUG] 	 <client.go:148>  	 close client:10002, 80d07eb7-09d5-4332-aa4d-01990a291dfd
2018-05-23 09:22:36 	 [DEBUG] 	 <client.go:112>  	 client: 80d07eb7-09d5-4332-aa4d-01990a291dfd 10002 socket closed
2018-05-23 09:23:14 	 [DEBUG] 	 <client_heartbeat.go:9>  	 heartBeet
2018-05-23 09:25:17 	 [DEBUG] 	 <client_heartbeat.go:9>  	 heartBeet
2018-05-23 09:27:17 	 [DEBUG] 	 <client_heartbeat.go:9>  	 heartBeet
2018-05-23 09:29:17 	 [DEBUG] 	 <client_heartbeat.go:9>  	 heartBeet
2018-05-23 09:31:17 	 [DEBUG] 	 <client_heartbeat.go:9>  	 heartBeet
2018-05-23 09:33:17 	 [DEBUG] 	 <client_heartbeat.go:9>  	 heartBeet
2018-05-23 09:35:17 	 [DEBUG] 	 <client_heartbeat.go:9>  	 heartBeet
2018-05-23 09:37:17 	 [DEBUG] 	 <client_heartbeat.go:9>  	 heartBeet
2018-05-23 09:39:17 	 [DEBUG] 	 <client_heartbeat.go:9>  	 heartBeet
2018-05-23 09:41:15 	 [DEBUG] 	 <client_heartbeat.go:9>  	 heartBeet
2018-05-23 09:43:17 	 [DEBUG] 	 <client_heartbeat.go:9>  	 heartBeet
2018-05-23 09:45:17 	 [DEBUG] 	 <client_heartbeat.go:9>  	 heartBeet
2018-05-23 09:47:17 	 [DEBUG] 	 <client_heartbeat.go:9>  	 heartBeet
2018-05-23 09:49:14 	 [DEBUG] 	 <client_heartbeat.go:9>  	 heartBeet
2018-05-23 09:51:14 	 [DEBUG] 	 <client_heartbeat.go:9>  	 heartBeet
2018-05-23 09:51:35 	 [DEBUG] 	 <tcp.go:32>  	 新连接地址为:[192.168.31.41:55160]
2018-05-23 09:51:35 	 [DEBUG] 	 <client_im.go:98>  	 offline msg :sender:10001,receiver:10002,timestamp:1527038533,msgId:10842,body:{"ack_msg_id":10841,"ack_uuid":"DB7035B5-ADF3-47A0-88BF-50DC231A1F29","status":2,"type":20,"uuid":"ED55870F-45E0-4433-A6AB-FBB72A6896E3"}
2018-05-23 09:52:22 	 [DEBUG] 	 <protocol.go:134>  	 sock read error:EOF
2018-05-23 09:52:22 	 [DEBUG] 	 <client.go:83>  	 EOFconnect offline
2018-05-23 09:52:22 	 [DEBUG] 	 <client.go:148>  	 close client:10002, 80d07eb7-09d5-4332-aa4d-01990a291dfd
2018-05-23 09:52:22 	 [DEBUG] 	 <client.go:112>  	 client: 80d07eb7-09d5-4332-aa4d-01990a291dfd 10002 socket closed
2018-05-23 09:53:14 	 [DEBUG] 	 <client_heartbeat.go:9>  	 heartBeet
2018-05-23 09:54:15 	 [DEBUG] 	 <tcp.go:32>  	 新连接地址为:[192.168.31.41:55256]
2018-05-23 09:54:15 	 [DEBUG] 	 <client_im.go:98>  	 offline msg :sender:10001,receiver:10002,timestamp:1527040316,msgId:10843,body:{"text":"hello","type":1,"uuid":"A6990F8B-5463-4886-A1AA-FB7840DA374B"}
2018-05-23 09:55:14 	 [DEBUG] 	 <client_heartbeat.go:9>  	 heartBeet
2018-05-23 09:56:11 	 [DEBUG] 	 <protocol.go:134>  	 sock read error:EOF
2018-05-23 09:56:11 	 [DEBUG] 	 <client.go:83>  	 EOFconnect offline
2018-05-23 09:56:11 	 [DEBUG] 	 <client.go:148>  	 close client:10002, 80d07eb7-09d5-4332-aa4d-01990a291dfd
2018-05-23 09:56:11 	 [DEBUG] 	 <client.go:112>  	 client: 80d07eb7-09d5-4332-aa4d-01990a291dfd 10002 socket closed
2018-05-23 09:57:14 	 [DEBUG] 	 <client_heartbeat.go:9>  	 heartBeet
2018-05-23 09:59:14 	 [DEBUG] 	 <client_heartbeat.go:9>  	 heartBeet
2018-05-23 10:01:14 	 [DEBUG] 	 <client_heartbeat.go:9>  	 heartBeet
2018-05-23 10:03:17 	 [DEBUG] 	 <client_heartbeat.go:9>  	 heartBeet
2018-05-23 10:05:14 	 [DEBUG] 	 <client_heartbeat.go:9>  	 heartBeet
2018-05-23 10:07:14 	 [DEBUG] 	 <client_heartbeat.go:9>  	 heartBeet
2018-05-23 10:09:14 	 [DEBUG] 	 <client_heartbeat.go:9>  	 heartBeet
2018-05-23 10:11:14 	 [DEBUG] 	 <client_heartbeat.go:9>  	 heartBeet
2018-05-23 10:13:15 	 [DEBUG] 	 <client_heartbeat.go:9>  	 heartBeet
2018-05-23 10:15:17 	 [DEBUG] 	 <client_heartbeat.go:9>  	 heartBeet
2018-05-23 10:17:16 	 [DEBUG] 	 <client_heartbeat.go:9>  	 heartBeet
2018-05-23 10:19:17 	 [DEBUG] 	 <client_heartbeat.go:9>  	 heartBeet
2018-05-23 10:21:17 	 [DEBUG] 	 <client_heartbeat.go:9>  	 heartBeet
2018-05-23 10:21:34 	 [DEBUG] 	 <tcp.go:32>  	 新连接地址为:[192.168.31.41:55362]
2018-05-23 10:21:34 	 [DEBUG] 	 <client_im.go:98>  	 offline msg :sender:10001,receiver:10002,timestamp:1527040316,msgId:10843,body:{"text":"hello","type":1,"uuid":"A6990F8B-5463-4886-A1AA-FB7840DA374B"}
2018-05-23 10:21:34 	 [DEBUG] 	 <client_im.go:98>  	 offline msg :sender:10001,receiver:10002,timestamp:1527040463,msgId:10847,body:{"ack_msg_id":10846,"ack_uuid":"73395AAC-5639-4E7B-8FB0-47E83AF1F970","status":2,"type":20,"uuid":"B3A04172-D81F-428E-8AD9-59AC145DAE74"}
2018-05-23 10:23:08 	 [DEBUG] 	 <protocol.go:134>  	 sock read error:read tcp 192.168.31.74:62310->192.168.31.41:55362: read: connection reset by peer
2018-05-23 10:23:08 	 [DEBUG] 	 <client.go:148>  	 close client:10002, 80d07eb7-09d5-4332-aa4d-01990a291dfd
2018-05-23 10:23:08 	 [DEBUG] 	 <client.go:112>  	 client: 80d07eb7-09d5-4332-aa4d-01990a291dfd 10002 socket closed
2018-05-23 10:23:14 	 [DEBUG] 	 <tcp.go:32>  	 新连接地址为:[192.168.31.41:55438]
2018-05-23 10:23:14 	 [DEBUG] 	 <client_im.go:98>  	 offline msg :sender:10001,receiver:10002,timestamp:1527040316,msgId:10843,body:{"text":"hello","type":1,"uuid":"A6990F8B-5463-4886-A1AA-FB7840DA374B"}
2018-05-23 10:23:14 	 [DEBUG] 	 <client_im.go:98>  	 offline msg :sender:10001,receiver:10002,timestamp:1527040463,msgId:10847,body:{"ack_msg_id":10846,"ack_uuid":"73395AAC-5639-4E7B-8FB0-47E83AF1F970","status":2,"type":20,"uuid":"B3A04172-D81F-428E-8AD9-59AC145DAE74"}
2018-05-23 10:23:14 	 [DEBUG] 	 <client_im.go:98>  	 offline msg :sender:10001,receiver:10002,timestamp:1527042135,msgId:10850,body:{"ack_msg_id":10848,"ack_uuid":"3DC657C8-EFB3-45B8-A32F-C8C887700D2F","status":2,"type":20,"uuid":"AAC2A380-DF12-4C63-8BD6-7AA465413517"}
2018-05-23 10:23:14 	 [DEBUG] 	 <client_heartbeat.go:9>  	 heartBeet
2018-05-23 10:25:14 	 [DEBUG] 	 <client_heartbeat.go:9>  	 heartBeet
2018-05-23 10:26:35 	 [DEBUG] 	 <protocol.go:134>  	 sock read error:EOF
2018-05-23 10:26:35 	 [DEBUG] 	 <client.go:83>  	 EOFconnect offline
2018-05-23 10:26:35 	 [DEBUG] 	 <client.go:148>  	 close client:10002, 80d07eb7-09d5-4332-aa4d-01990a291dfd
2018-05-23 10:26:35 	 [DEBUG] 	 <client.go:112>  	 client: 80d07eb7-09d5-4332-aa4d-01990a291dfd 10002 socket closed
2018-05-23 10:27:14 	 [DEBUG] 	 <client_heartbeat.go:9>  	 heartBeet
2018-05-23 10:29:14 	 [DEBUG] 	 <client_heartbeat.go:9>  	 heartBeet
2018-05-23 10:31:14 	 [DEBUG] 	 <client_heartbeat.go:9>  	 heartBeet
2018-05-23 10:33:14 	 [DEBUG] 	 <client_heartbeat.go:9>  	 heartBeet
2018-05-23 10:35:14 	 [DEBUG] 	 <client_heartbeat.go:9>  	 heartBeet
2018-05-23 10:37:14 	 [DEBUG] 	 <client_heartbeat.go:9>  	 heartBeet
2018-05-23 10:39:14 	 [DEBUG] 	 <client_heartbeat.go:9>  	 heartBeet
2018-05-23 10:41:14 	 [DEBUG] 	 <client_heartbeat.go:9>  	 heartBeet
2018-05-23 10:43:17 	 [DEBUG] 	 <client_heartbeat.go:9>  	 heartBeet
2018-05-23 10:45:14 	 [DEBUG] 	 <client_heartbeat.go:9>  	 heartBeet
2018-05-23 10:47:17 	 [DEBUG] 	 <client_heartbeat.go:9>  	 heartBeet
2018-05-23 10:49:17 	 [DEBUG] 	 <client_heartbeat.go:9>  	 heartBeet
2018-05-23 10:51:17 	 [DEBUG] 	 <client_heartbeat.go:9>  	 heartBeet
2018-05-23 10:53:17 	 [DEBUG] 	 <client_heartbeat.go:9>  	 heartBeet
2018-05-23 10:55:14 	 [DEBUG] 	 <client_heartbeat.go:9>  	 heartBeet
2018-05-23 10:57:17 	 [DEBUG] 	 <client_heartbeat.go:9>  	 heartBeet
2018-05-23 10:59:17 	 [DEBUG] 	 <client_heartbeat.go:9>  	 heartBeet
2018-05-23 11:01:17 	 [DEBUG] 	 <client_heartbeat.go:9>  	 heartBeet
2018-05-23 11:03:17 	 [DEBUG] 	 <client_heartbeat.go:9>  	 heartBeet
2018-05-23 11:05:17 	 [DEBUG] 	 <client_heartbeat.go:9>  	 heartBeet
2018-05-23 11:07:17 	 [DEBUG] 	 <client_heartbeat.go:9>  	 heartBeet
2018-05-23 11:09:17 	 [DEBUG] 	 <client_heartbeat.go:9>  	 heartBeet
2018-05-23 11:11:17 	 [DEBUG] 	 <client_heartbeat.go:9>  	 heartBeet
2018-05-23 11:13:17 	 [DEBUG] 	 <client_heartbeat.go:9>  	 heartBeet
2018-05-23 11:15:17 	 [DEBUG] 	 <client_heartbeat.go:9>  	 heartBeet
2018-05-23 11:17:17 	 [DEBUG] 	 <client_heartbeat.go:9>  	 heartBeet
2018-05-23 11:19:17 	 [DEBUG] 	 <client_heartbeat.go:9>  	 heartBeet
2018-05-23 11:21:14 	 [DEBUG] 	 <client_heartbeat.go:9>  	 heartBeet
2018-05-23 11:23:14 	 [DEBUG] 	 <client_heartbeat.go:9>  	 heartBeet
2018-05-23 11:23:24 	 [DEBUG] 	 <protocol.go:134>  	 sock read error:EOF
2018-05-23 11:23:24 	 [DEBUG] 	 <client.go:83>  	 EOFconnect offline
2018-05-23 11:23:24 	 [DEBUG] 	 <client.go:148>  	 close client:10001, d5f75fbc-4f64-4f78-b320-2ca770847800
2018-05-23 11:23:24 	 [DEBUG] 	 <client.go:112>  	 client: d5f75fbc-4f64-4f78-b320-2ca770847800 10001 socket closed
2018-05-23 11:28:32 	 [DEBUG] 	 <tcp.go:32>  	 新连接地址为:[192.168.31.41:56082]
2018-05-23 11:30:34 	 [DEBUG] 	 <client_heartbeat.go:9>  	 heartBeet
2018-05-23 11:32:34 	 [DEBUG] 	 <client_heartbeat.go:9>  	 heartBeet
2018-05-23 11:34:34 	 [DEBUG] 	 <client_heartbeat.go:9>  	 heartBeet
2018-05-23 11:36:34 	 [DEBUG] 	 <client_heartbeat.go:9>  	 heartBeet
2018-05-23 11:38:34 	 [DEBUG] 	 <client_heartbeat.go:9>  	 heartBeet
2018-05-23 11:40:34 	 [DEBUG] 	 <client_heartbeat.go:9>  	 heartBeet
2018-05-23 11:42:34 	 [DEBUG] 	 <client_heartbeat.go:9>  	 heartBeet
2018-05-23 11:44:34 	 [DEBUG] 	 <client_heartbeat.go:9>  	 heartBeet
2018-05-23 11:46:34 	 [DEBUG] 	 <client_heartbeat.go:9>  	 heartBeet
2018-05-23 11:46:38 	 [DEBUG] 	 <protocol.go:134>  	 sock read error:EOF
2018-05-23 11:46:38 	 [DEBUG] 	 <client.go:83>  	 EOFconnect offline
2018-05-23 11:46:38 	 [DEBUG] 	 <client.go:148>  	 close client:10002, 80d07eb7-09d5-4332-aa4d-01990a291dfd
2018-05-23 11:46:38 	 [DEBUG] 	 <client.go:112>  	 client: 80d07eb7-09d5-4332-aa4d-01990a291dfd 10002 socket closed
2018-05-23 11:47:15 	 [DEBUG] 	 <tcp.go:32>  	 新连接地址为:[192.168.31.41:56184]
2018-05-23 11:47:28 	 [DEBUG] 	 <protocol.go:134>  	 sock read error:EOF
2018-05-23 11:47:28 	 [DEBUG] 	 <client.go:83>  	 EOFconnect offline
2018-05-23 11:47:28 	 [DEBUG] 	 <client.go:148>  	 close client:10002, 80d07eb7-09d5-4332-aa4d-01990a291dfd
2018-05-23 11:47:28 	 [DEBUG] 	 <client.go:112>  	 client: 80d07eb7-09d5-4332-aa4d-01990a291dfd 10002 socket closed
2018-05-23 11:47:32 	 [DEBUG] 	 <tcp.go:32>  	 新连接地址为:[192.168.31.41:56185]
2018-05-23 11:47:42 	 [DEBUG] 	 <protocol.go:134>  	 sock read error:EOF
2018-05-23 11:47:42 	 [DEBUG] 	 <client.go:83>  	 EOFconnect offline
2018-05-23 11:47:42 	 [DEBUG] 	 <client.go:148>  	 close client:10002, 80d07eb7-09d5-4332-aa4d-01990a291dfd
2018-05-23 11:47:42 	 [DEBUG] 	 <client.go:112>  	 client: 80d07eb7-09d5-4332-aa4d-01990a291dfd 10002 socket closed
2018-05-23 11:47:44 	 [DEBUG] 	 <tcp.go:32>  	 新连接地址为:[192.168.31.41:56186]
2018-05-23 11:47:46 	 [DEBUG] 	 <protocol.go:134>  	 sock read error:EOF
2018-05-23 11:47:46 	 [DEBUG] 	 <client.go:83>  	 EOFconnect offline
2018-05-23 11:47:46 	 [DEBUG] 	 <client.go:148>  	 close client:10002, 80d07eb7-09d5-4332-aa4d-01990a291dfd
2018-05-23 11:47:46 	 [DEBUG] 	 <client.go:112>  	 client: 80d07eb7-09d5-4332-aa4d-01990a291dfd 10002 socket closed
2018-05-23 11:47:47 	 [DEBUG] 	 <tcp.go:32>  	 新连接地址为:[192.168.31.41:56187]
2018-05-23 11:48:53 	 [DEBUG] 	 <client_heartbeat.go:9>  	 heartBeet
2018-05-23 11:50:53 	 [DEBUG] 	 <client_heartbeat.go:9>  	 heartBeet
2018-05-23 11:52:53 	 [DEBUG] 	 <client_heartbeat.go:9>  	 heartBeet
2018-05-23 11:54:53 	 [DEBUG] 	 <client_heartbeat.go:9>  	 heartBeet
2018-05-23 11:56:53 	 [DEBUG] 	 <client_heartbeat.go:9>  	 heartBeet
2018-05-23 11:58:53 	 [DEBUG] 	 <client_heartbeat.go:9>  	 heartBeet
2018-05-23 12:00:53 	 [DEBUG] 	 <client_heartbeat.go:9>  	 heartBeet
2018-05-23 12:02:53 	 [DEBUG] 	 <client_heartbeat.go:9>  	 heartBeet
2018-05-23 12:03:57 	 [DEBUG] 	 <protocol.go:134>  	 sock read error:EOF
2018-05-23 12:03:57 	 [DEBUG] 	 <client.go:83>  	 EOFconnect offline
2018-05-23 12:03:57 	 [DEBUG] 	 <client.go:148>  	 close client:10002, 80d07eb7-09d5-4332-aa4d-01990a291dfd
2018-05-23 12:03:57 	 [DEBUG] 	 <client.go:112>  	 client: 80d07eb7-09d5-4332-aa4d-01990a291dfd 10002 socket closed
2018-05-23 12:04:03 	 [DEBUG] 	 <tcp.go:32>  	 新连接地址为:[192.168.31.41:56250]
2018-05-23 12:04:09 	 [DEBUG] 	 <protocol.go:134>  	 sock read error:EOF
2018-05-23 12:04:09 	 [DEBUG] 	 <client.go:83>  	 EOFconnect offline
2018-05-23 12:04:09 	 [DEBUG] 	 <client.go:148>  	 close client:10002, 80d07eb7-09d5-4332-aa4d-01990a291dfd
2018-05-23 12:04:09 	 [DEBUG] 	 <client.go:112>  	 client: 80d07eb7-09d5-4332-aa4d-01990a291dfd 10002 socket closed
2018-05-23 12:04:12 	 [DEBUG] 	 <tcp.go:32>  	 新连接地址为:[192.168.31.41:56299]
2018-05-23 12:05:20 	 [DEBUG] 	 <protocol.go:134>  	 sock read error:EOF
2018-05-23 12:05:20 	 [DEBUG] 	 <client.go:83>  	 EOFconnect offline
2018-05-23 12:05:20 	 [DEBUG] 	 <client.go:148>  	 close client:10002, 80d07eb7-09d5-4332-aa4d-01990a291dfd
2018-05-23 12:05:20 	 [DEBUG] 	 <client.go:112>  	 client: 80d07eb7-09d5-4332-aa4d-01990a291dfd 10002 socket closed
2018-05-23 12:05:25 	 [DEBUG] 	 <tcp.go:32>  	 新连接地址为:[192.168.31.41:56359]
2018-05-23 12:05:38 	 [DEBUG] 	 <protocol.go:134>  	 sock read error:EOF
2018-05-23 12:05:38 	 [DEBUG] 	 <client.go:83>  	 EOFconnect offline
2018-05-23 12:05:38 	 [DEBUG] 	 <client.go:148>  	 close client:10002, 80d07eb7-09d5-4332-aa4d-01990a291dfd
2018-05-23 12:05:38 	 [DEBUG] 	 <client.go:112>  	 client: 80d07eb7-09d5-4332-aa4d-01990a291dfd 10002 socket closed
2018-05-23 12:05:43 	 [DEBUG] 	 <tcp.go:32>  	 新连接地址为:[192.168.31.41:56462]
2018-05-23 12:07:46 	 [DEBUG] 	 <client_heartbeat.go:9>  	 heartBeet
2018-05-23 12:09:46 	 [DEBUG] 	 <client_heartbeat.go:9>  	 heartBeet
2018-05-23 12:11:46 	 [DEBUG] 	 <client_heartbeat.go:9>  	 heartBeet
2018-05-23 12:13:46 	 [DEBUG] 	 <client_heartbeat.go:9>  	 heartBeet
2018-05-23 12:13:52 	 [DEBUG] 	 <protocol.go:134>  	 sock read error:EOF
2018-05-23 12:13:52 	 [DEBUG] 	 <client.go:83>  	 EOFconnect offline
2018-05-23 12:13:52 	 [DEBUG] 	 <client.go:148>  	 close client:10002, 80d07eb7-09d5-4332-aa4d-01990a291dfd
2018-05-23 12:13:52 	 [DEBUG] 	 <client.go:112>  	 client: 80d07eb7-09d5-4332-aa4d-01990a291dfd 10002 socket closed
2018-05-23 12:13:57 	 [DEBUG] 	 <tcp.go:32>  	 新连接地址为:[192.168.31.41:56557]
2018-05-23 12:14:41 	 [DEBUG] 	 <connection.go:106>  	 TODO(need offline push )can't send message, appid:10 uid:10001 cmd:4
2018-05-23 12:16:00 	 [DEBUG] 	 <client_heartbeat.go:9>  	 heartBeet
2018-05-23 12:18:00 	 [DEBUG] 	 <client_heartbeat.go:9>  	 heartBeet
2018-05-23 12:20:00 	 [DEBUG] 	 <client_heartbeat.go:9>  	 heartBeet
2018-05-23 12:22:00 	 [DEBUG] 	 <client_heartbeat.go:9>  	 heartBeet
2018-05-23 12:24:00 	 [DEBUG] 	 <client_heartbeat.go:9>  	 heartBeet
2018-05-23 12:26:00 	 [DEBUG] 	 <client_heartbeat.go:9>  	 heartBeet
2018-05-23 12:28:00 	 [DEBUG] 	 <client_heartbeat.go:9>  	 heartBeet
2018-05-23 12:30:00 	 [DEBUG] 	 <client_heartbeat.go:9>  	 heartBeet
2018-05-23 12:32:00 	 [DEBUG] 	 <client_heartbeat.go:9>  	 heartBeet
2018-05-23 12:36:32 	 [DEBUG] 	 <client_heartbeat.go:9>  	 heartBeet
2018-05-23 12:36:32 	 [DEBUG] 	 <client_heartbeat.go:9>  	 heartBeet
2018-05-23 12:38:00 	 [DEBUG] 	 <client_heartbeat.go:9>  	 heartBeet
2018-05-23 12:38:19 	 [DEBUG] 	 <protocol.go:134>  	 sock read error:EOF
2018-05-23 12:38:19 	 [DEBUG] 	 <client.go:83>  	 EOFconnect offline
2018-05-23 12:38:19 	 [DEBUG] 	 <client.go:148>  	 close client:10002, 80d07eb7-09d5-4332-aa4d-01990a291dfd
2018-05-23 12:38:19 	 [DEBUG] 	 <client.go:112>  	 client: 80d07eb7-09d5-4332-aa4d-01990a291dfd 10002 socket closed
2018-05-23 12:42:47 	 [DEBUG] 	 <tcp.go:32>  	 新连接地址为:[192.168.31.41:56695]
2018-05-23 12:42:47 	 [DEBUG] 	 <client_heartbeat.go:9>  	 heartBeet
2018-05-23 12:42:50 	 [DEBUG] 	 <protocol.go:134>  	 sock read error:EOF
2018-05-23 12:42:50 	 [DEBUG] 	 <client.go:83>  	 EOFconnect offline
2018-05-23 12:42:50 	 [DEBUG] 	 <client.go:148>  	 close client:10002, 80d07eb7-09d5-4332-aa4d-01990a291dfd
2018-05-23 12:42:50 	 [DEBUG] 	 <client.go:112>  	 client: 80d07eb7-09d5-4332-aa4d-01990a291dfd 10002 socket closed
2018-05-23 12:42:55 	 [DEBUG] 	 <tcp.go:32>  	 新连接地址为:[192.168.31.41:56761]
2018-05-23 12:44:57 	 [DEBUG] 	 <client_heartbeat.go:9>  	 heartBeet
2018-05-23 12:46:57 	 [DEBUG] 	 <client_heartbeat.go:9>  	 heartBeet
2018-05-23 12:48:57 	 [DEBUG] 	 <client_heartbeat.go:9>  	 heartBeet
2018-05-23 12:50:57 	 [DEBUG] 	 <client_heartbeat.go:9>  	 heartBeet
2018-05-23 12:52:57 	 [DEBUG] 	 <client_heartbeat.go:9>  	 heartBeet
2018-05-23 12:54:57 	 [DEBUG] 	 <client_heartbeat.go:9>  	 heartBeet
2018-05-23 12:56:57 	 [DEBUG] 	 <client_heartbeat.go:9>  	 heartBeet
2018-05-23 12:58:57 	 [DEBUG] 	 <client_heartbeat.go:9>  	 heartBeet
2018-05-23 13:00:57 	 [DEBUG] 	 <client_heartbeat.go:9>  	 heartBeet
2018-05-23 13:02:57 	 [DEBUG] 	 <client_heartbeat.go:9>  	 heartBeet
2018-05-23 13:04:57 	 [DEBUG] 	 <client_heartbeat.go:9>  	 heartBeet
2018-05-23 13:06:57 	 [DEBUG] 	 <client_heartbeat.go:9>  	 heartBeet
2018-05-23 13:08:57 	 [DEBUG] 	 <client_heartbeat.go:9>  	 heartBeet
2018-05-23 13:10:57 	 [DEBUG] 	 <client_heartbeat.go:9>  	 heartBeet
2018-05-23 13:12:57 	 [DEBUG] 	 <client_heartbeat.go:9>  	 heartBeet
2018-05-23 13:14:57 	 [DEBUG] 	 <client_heartbeat.go:9>  	 heartBeet
2018-05-23 13:16:57 	 [DEBUG] 	 <client_heartbeat.go:9>  	 heartBeet
2018-05-23 13:18:57 	 [DEBUG] 	 <client_heartbeat.go:9>  	 heartBeet
2018-05-23 13:20:57 	 [DEBUG] 	 <client_heartbeat.go:9>  	 heartBeet
2018-05-23 13:22:57 	 [DEBUG] 	 <client_heartbeat.go:9>  	 heartBeet
2018-05-23 13:23:37 	 [DEBUG] 	 <protocol.go:134>  	 sock read error:EOF
2018-05-23 13:23:37 	 [DEBUG] 	 <client.go:83>  	 EOFconnect offline
2018-05-23 13:23:37 	 [DEBUG] 	 <client.go:148>  	 close client:10002, 80d07eb7-09d5-4332-aa4d-01990a291dfd
2018-05-23 13:23:37 	 [DEBUG] 	 <client.go:112>  	 client: 80d07eb7-09d5-4332-aa4d-01990a291dfd 10002 socket closed
2018-05-23 13:23:42 	 [DEBUG] 	 <tcp.go:32>  	 新连接地址为:[192.168.31.41:56856]
2018-05-23 13:25:45 	 [DEBUG] 	 <client_heartbeat.go:9>  	 heartBeet
2018-05-23 13:27:45 	 [DEBUG] 	 <client_heartbeat.go:9>  	 heartBeet
2018-05-23 13:29:45 	 [DEBUG] 	 <client_heartbeat.go:9>  	 heartBeet
2018-05-23 13:31:44 	 [DEBUG] 	 <client_heartbeat.go:9>  	 heartBeet
2018-05-23 13:33:45 	 [DEBUG] 	 <client_heartbeat.go:9>  	 heartBeet
2018-05-23 13:35:45 	 [DEBUG] 	 <client_heartbeat.go:9>  	 heartBeet
2018-05-23 13:37:45 	 [DEBUG] 	 <client_heartbeat.go:9>  	 heartBeet
2018-05-23 13:39:45 	 [DEBUG] 	 <client_heartbeat.go:9>  	 heartBeet
2018-05-23 13:41:44 	 [DEBUG] 	 <client_heartbeat.go:9>  	 heartBeet
2018-05-23 13:43:45 	 [DEBUG] 	 <client_heartbeat.go:9>  	 heartBeet
2018-05-23 13:45:45 	 [DEBUG] 	 <client_heartbeat.go:9>  	 heartBeet
2018-05-23 13:47:45 	 [DEBUG] 	 <client_heartbeat.go:9>  	 heartBeet
2018-05-23 13:49:45 	 [DEBUG] 	 <client_heartbeat.go:9>  	 heartBeet
2018-05-23 13:51:45 	 [DEBUG] 	 <client_heartbeat.go:9>  	 heartBeet
2018-05-23 13:53:45 	 [DEBUG] 	 <client_heartbeat.go:9>  	 heartBeet
2018-05-23 13:55:44 	 [DEBUG] 	 <client_heartbeat.go:9>  	 heartBeet
2018-05-23 13:57:45 	 [DEBUG] 	 <client_heartbeat.go:9>  	 heartBeet
2018-05-23 13:59:45 	 [DEBUG] 	 <client_heartbeat.go:9>  	 heartBeet
2018-05-23 14:01:45 	 [DEBUG] 	 <client_heartbeat.go:9>  	 heartBeet
2018-05-23 14:03:45 	 [DEBUG] 	 <client_heartbeat.go:9>  	 heartBeet
2018-05-23 14:05:45 	 [DEBUG] 	 <client_heartbeat.go:9>  	 heartBeet
2018-05-23 14:07:01 	 [DEBUG] 	 <tcp.go:32>  	 新连接地址为:[127.0.0.1:62800]
2018-05-23 14:07:01 	 [DEBUG] 	 <client_im.go:98>  	 offline msg :sender:10002,receiver:10001,timestamp:1527048881,msgId:10854,body:{"text":"hello","type":1,"uuid":"926B57A9-78F8-485D-B077-F2AFFB53C629"}
2018-05-23 14:07:45 	 [DEBUG] 	 <client_heartbeat.go:9>  	 heartBeet
2018-05-23 14:09:01 	 [DEBUG] 	 <client_heartbeat.go:9>  	 heartBeet
2018-05-23 14:09:45 	 [DEBUG] 	 <client_heartbeat.go:9>  	 heartBeet
2018-05-23 14:11:01 	 [DEBUG] 	 <client_heartbeat.go:9>  	 heartBeet
2018-05-23 14:11:45 	 [DEBUG] 	 <client_heartbeat.go:9>  	 heartBeet
2018-05-23 14:13:01 	 [DEBUG] 	 <client_heartbeat.go:9>  	 heartBeet
2018-05-23 14:13:45 	 [DEBUG] 	 <client_heartbeat.go:9>  	 heartBeet
2018-05-23 14:15:01 	 [DEBUG] 	 <client_heartbeat.go:9>  	 heartBeet
2018-05-23 14:15:45 	 [DEBUG] 	 <client_heartbeat.go:9>  	 heartBeet
2018-05-23 14:17:01 	 [DEBUG] 	 <client_heartbeat.go:9>  	 heartBeet
2018-05-23 14:17:45 	 [DEBUG] 	 <client_heartbeat.go:9>  	 heartBeet
2018-05-23 14:19:01 	 [DEBUG] 	 <client_heartbeat.go:9>  	 heartBeet
2018-05-23 14:19:45 	 [DEBUG] 	 <client_heartbeat.go:9>  	 heartBeet
2018-05-23 14:21:01 	 [DEBUG] 	 <client_heartbeat.go:9>  	 heartBeet
2018-05-23 14:21:45 	 [DEBUG] 	 <client_heartbeat.go:9>  	 heartBeet
2018-05-23 14:23:01 	 [DEBUG] 	 <client_heartbeat.go:9>  	 heartBeet
2018-05-23 14:23:45 	 [DEBUG] 	 <client_heartbeat.go:9>  	 heartBeet
2018-05-23 14:25:01 	 [DEBUG] 	 <client_heartbeat.go:9>  	 heartBeet
2018-05-23 14:25:45 	 [DEBUG] 	 <client_heartbeat.go:9>  	 heartBeet
2018-05-23 14:27:01 	 [DEBUG] 	 <client_heartbeat.go:9>  	 heartBeet
2018-05-23 14:27:45 	 [DEBUG] 	 <client_heartbeat.go:9>  	 heartBeet
2018-05-23 14:29:01 	 [DEBUG] 	 <client_heartbeat.go:9>  	 heartBeet
2018-05-23 14:29:45 	 [DEBUG] 	 <client_heartbeat.go:9>  	 heartBeet
2018-05-23 14:31:01 	 [DEBUG] 	 <client_heartbeat.go:9>  	 heartBeet
2018-05-23 14:31:45 	 [DEBUG] 	 <client_heartbeat.go:9>  	 heartBeet
2018-05-23 14:33:01 	 [DEBUG] 	 <client_heartbeat.go:9>  	 heartBeet
2018-05-23 14:33:45 	 [DEBUG] 	 <client_heartbeat.go:9>  	 heartBeet
2018-05-23 14:35:01 	 [DEBUG] 	 <client_heartbeat.go:9>  	 heartBeet
2018-05-23 14:35:45 	 [DEBUG] 	 <client_heartbeat.go:9>  	 heartBeet
2018-05-23 14:37:01 	 [DEBUG] 	 <client_heartbeat.go:9>  	 heartBeet
2018-05-23 14:37:45 	 [DEBUG] 	 <client_heartbeat.go:9>  	 heartBeet
2018-05-23 14:39:01 	 [DEBUG] 	 <client_heartbeat.go:9>  	 heartBeet
2018-05-23 14:39:45 	 [DEBUG] 	 <client_heartbeat.go:9>  	 heartBeet
2018-05-23 14:41:01 	 [DEBUG] 	 <client_heartbeat.go:9>  	 heartBeet
2018-05-23 14:41:45 	 [DEBUG] 	 <client_heartbeat.go:9>  	 heartBeet
2018-05-23 14:43:01 	 [DEBUG] 	 <client_heartbeat.go:9>  	 heartBeet
2018-05-23 14:43:45 	 [DEBUG] 	 <client_heartbeat.go:9>  	 heartBeet
2018-05-23 14:45:01 	 [DEBUG] 	 <client_heartbeat.go:9>  	 heartBeet
2018-05-23 14:45:45 	 [DEBUG] 	 <client_heartbeat.go:9>  	 heartBeet
2018-05-23 14:47:01 	 [DEBUG] 	 <client_heartbeat.go:9>  	 heartBeet
2018-05-23 14:47:45 	 [DEBUG] 	 <client_heartbeat.go:9>  	 heartBeet
2018-05-23 14:49:01 	 [DEBUG] 	 <client_heartbeat.go:9>  	 heartBeet
2018-05-23 14:49:45 	 [DEBUG] 	 <client_heartbeat.go:9>  	 heartBeet
2018-05-23 14:51:01 	 [DEBUG] 	 <client_heartbeat.go:9>  	 heartBeet
2018-05-23 14:51:44 	 [DEBUG] 	 <client_heartbeat.go:9>  	 heartBeet
2018-05-23 14:53:01 	 [DEBUG] 	 <client_heartbeat.go:9>  	 heartBeet
2018-05-23 14:53:45 	 [DEBUG] 	 <client_heartbeat.go:9>  	 heartBeet
2018-05-23 14:55:03 	 [DEBUG] 	 <client_heartbeat.go:9>  	 heartBeet
2018-05-23 14:55:45 	 [DEBUG] 	 <client_heartbeat.go:9>  	 heartBeet
2018-05-23 14:57:03 	 [DEBUG] 	 <client_heartbeat.go:9>  	 heartBeet
2018-05-23 14:57:45 	 [DEBUG] 	 <client_heartbeat.go:9>  	 heartBeet
2018-05-23 14:59:01 	 [DEBUG] 	 <client_heartbeat.go:9>  	 heartBeet
2018-05-23 14:59:45 	 [DEBUG] 	 <client_heartbeat.go:9>  	 heartBeet
2018-05-23 15:01:01 	 [DEBUG] 	 <client_heartbeat.go:9>  	 heartBeet
2018-05-23 15:01:45 	 [DEBUG] 	 <client_heartbeat.go:9>  	 heartBeet
2018-05-23 15:03:01 	 [DEBUG] 	 <client_heartbeat.go:9>  	 heartBeet
2018-05-23 15:03:45 	 [DEBUG] 	 <client_heartbeat.go:9>  	 heartBeet
2018-05-23 15:05:01 	 [DEBUG] 	 <client_heartbeat.go:9>  	 heartBeet
2018-05-23 15:05:45 	 [DEBUG] 	 <client_heartbeat.go:9>  	 heartBeet
2018-05-23 15:07:01 	 [DEBUG] 	 <client_heartbeat.go:9>  	 heartBeet
2018-05-23 15:07:44 	 [DEBUG] 	 <client_heartbeat.go:9>  	 heartBeet
2018-05-23 15:09:01 	 [DEBUG] 	 <client_heartbeat.go:9>  	 heartBeet
2018-05-23 15:09:45 	 [DEBUG] 	 <client_heartbeat.go:9>  	 heartBeet
2018-05-23 15:11:01 	 [DEBUG] 	 <client_heartbeat.go:9>  	 heartBeet
2018-05-23 15:11:44 	 [DEBUG] 	 <client_heartbeat.go:9>  	 heartBeet
2018-05-23 15:13:01 	 [DEBUG] 	 <client_heartbeat.go:9>  	 heartBeet
2018-05-23 15:13:45 	 [DEBUG] 	 <client_heartbeat.go:9>  	 heartBeet
2018-05-23 15:15:01 	 [DEBUG] 	 <client_heartbeat.go:9>  	 heartBeet
2018-05-23 15:15:45 	 [DEBUG] 	 <client_heartbeat.go:9>  	 heartBeet
2018-05-23 15:17:01 	 [DEBUG] 	 <client_heartbeat.go:9>  	 heartBeet
2018-05-23 15:17:44 	 [DEBUG] 	 <client_heartbeat.go:9>  	 heartBeet
2018-05-23 15:19:01 	 [DEBUG] 	 <client_heartbeat.go:9>  	 heartBeet
2018-05-23 15:19:45 	 [DEBUG] 	 <client_heartbeat.go:9>  	 heartBeet
2018-05-23 15:21:01 	 [DEBUG] 	 <client_heartbeat.go:9>  	 heartBeet
2018-05-23 15:21:45 	 [DEBUG] 	 <client_heartbeat.go:9>  	 heartBeet
2018-05-23 15:23:01 	 [DEBUG] 	 <client_heartbeat.go:9>  	 heartBeet
2018-05-23 15:23:45 	 [DEBUG] 	 <client_heartbeat.go:9>  	 heartBeet
2018-05-23 15:25:01 	 [DEBUG] 	 <client_heartbeat.go:9>  	 heartBeet
2018-05-23 15:25:45 	 [DEBUG] 	 <client_heartbeat.go:9>  	 heartBeet
2018-05-23 15:27:01 	 [DEBUG] 	 <client_heartbeat.go:9>  	 heartBeet
2018-05-23 15:27:39 	 [DEBUG] 	 <protocol.go:134>  	 sock read error:EOF
2018-05-23 15:27:39 	 [DEBUG] 	 <client.go:83>  	 EOFconnect offline
2018-05-23 15:27:39 	 [DEBUG] 	 <client.go:148>  	 close client:10002, 80d07eb7-09d5-4332-aa4d-01990a291dfd
2018-05-23 15:27:39 	 [DEBUG] 	 <client.go:112>  	 client: 80d07eb7-09d5-4332-aa4d-01990a291dfd 10002 socket closed
2018-05-23 15:28:06 	 [DEBUG] 	 <protocol.go:134>  	 sock read error:EOF
2018-05-23 15:28:06 	 [DEBUG] 	 <client.go:83>  	 EOFconnect offline
2018-05-23 15:28:06 	 [DEBUG] 	 <client.go:148>  	 close client:10001, d5f75fbc-4f64-4f78-b320-2ca770847800
2018-05-23 15:28:06 	 [DEBUG] 	 <client.go:112>  	 client: d5f75fbc-4f64-4f78-b320-2ca770847800 10001 socket closed
2018-05-23 15:33:45 	 [DEBUG] 	 <tcp.go:32>  	 新连接地址为:[192.168.31.41:57003]
2018-05-23 15:34:15 	 [DEBUG] 	 <protocol.go:134>  	 sock read error:EOF
2018-05-23 15:34:15 	 [DEBUG] 	 <client.go:83>  	 EOFconnect offline
2018-05-23 15:34:15 	 [DEBUG] 	 <client.go:148>  	 close client:10002, 80d07eb7-09d5-4332-aa4d-01990a291dfd
2018-05-23 15:34:15 	 [DEBUG] 	 <client.go:112>  	 client: 80d07eb7-09d5-4332-aa4d-01990a291dfd 10002 socket closed
2018-05-23 15:39:42 	 [DEBUG] 	 <tcp.go:32>  	 新连接地址为:[192.168.31.41:57099]
2018-05-23 15:41:44 	 [DEBUG] 	 <client_heartbeat.go:9>  	 heartBeet
2018-05-23 15:43:44 	 [DEBUG] 	 <client_heartbeat.go:9>  	 heartBeet
2018-05-23 15:45:44 	 [DEBUG] 	 <client_heartbeat.go:9>  	 heartBeet
2018-05-23 15:47:44 	 [DEBUG] 	 <client_heartbeat.go:9>  	 heartBeet
2018-05-23 15:49:44 	 [DEBUG] 	 <client_heartbeat.go:9>  	 heartBeet
2018-05-23 15:50:26 	 [DEBUG] 	 <protocol.go:134>  	 sock read error:EOF
2018-05-23 15:50:26 	 [DEBUG] 	 <client.go:83>  	 EOFconnect offline
2018-05-23 15:50:26 	 [DEBUG] 	 <client.go:148>  	 close client:10002, 80d07eb7-09d5-4332-aa4d-01990a291dfd
2018-05-23 15:50:26 	 [DEBUG] 	 <client.go:112>  	 client: 80d07eb7-09d5-4332-aa4d-01990a291dfd 10002 socket closed
2018-05-23 15:50:29 	 [DEBUG] 	 <tcp.go:32>  	 新连接地址为:[192.168.31.41:57159]
2018-05-23 15:52:32 	 [DEBUG] 	 <client_heartbeat.go:9>  	 heartBeet
2018-05-23 15:54:32 	 [DEBUG] 	 <client_heartbeat.go:9>  	 heartBeet
2018-05-23 15:56:32 	 [DEBUG] 	 <client_heartbeat.go:9>  	 heartBeet
2018-05-23 15:58:31 	 [DEBUG] 	 <client_heartbeat.go:9>  	 heartBeet
2018-05-23 16:00:32 	 [DEBUG] 	 <client_heartbeat.go:9>  	 heartBeet
2018-05-23 16:01:32 	 [DEBUG] 	 <protocol.go:134>  	 sock read error:EOF
2018-05-23 16:01:32 	 [DEBUG] 	 <client.go:83>  	 EOFconnect offline
2018-05-23 16:01:32 	 [DEBUG] 	 <client.go:148>  	 close client:10002, 80d07eb7-09d5-4332-aa4d-01990a291dfd
2018-05-23 16:01:32 	 [DEBUG] 	 <client.go:112>  	 client: 80d07eb7-09d5-4332-aa4d-01990a291dfd 10002 socket closed
2018-05-23 16:01:36 	 [DEBUG] 	 <tcp.go:32>  	 新连接地址为:[192.168.31.41:57258]
2018-05-23 16:03:39 	 [DEBUG] 	 <client_heartbeat.go:9>  	 heartBeet
2018-05-23 16:05:38 	 [DEBUG] 	 <client_heartbeat.go:9>  	 heartBeet
2018-05-23 16:07:39 	 [DEBUG] 	 <client_heartbeat.go:9>  	 heartBeet
2018-05-23 16:09:39 	 [DEBUG] 	 <client_heartbeat.go:9>  	 heartBeet
2018-05-23 16:11:39 	 [DEBUG] 	 <client_heartbeat.go:9>  	 heartBeet
2018-05-23 16:13:39 	 [DEBUG] 	 <client_heartbeat.go:9>  	 heartBeet
2018-05-23 16:15:39 	 [DEBUG] 	 <client_heartbeat.go:9>  	 heartBeet
2018-05-23 16:17:39 	 [DEBUG] 	 <client_heartbeat.go:9>  	 heartBeet
2018-05-23 16:19:39 	 [DEBUG] 	 <client_heartbeat.go:9>  	 heartBeet
2018-05-23 16:21:39 	 [DEBUG] 	 <client_heartbeat.go:9>  	 heartBeet
2018-05-23 16:23:39 	 [DEBUG] 	 <client_heartbeat.go:9>  	 heartBeet
2018-05-23 16:25:39 	 [DEBUG] 	 <client_heartbeat.go:9>  	 heartBeet
2018-05-23 16:27:39 	 [DEBUG] 	 <client_heartbeat.go:9>  	 heartBeet
2018-05-23 16:29:39 	 [DEBUG] 	 <client_heartbeat.go:9>  	 heartBeet
2018-05-23 16:31:39 	 [DEBUG] 	 <client_heartbeat.go:9>  	 heartBeet
2018-05-23 16:33:39 	 [DEBUG] 	 <client_heartbeat.go:9>  	 heartBeet
2018-05-23 16:35:39 	 [DEBUG] 	 <client_heartbeat.go:9>  	 heartBeet
2018-05-23 16:37:39 	 [DEBUG] 	 <client_heartbeat.go:9>  	 heartBeet
2018-05-23 16:39:39 	 [DEBUG] 	 <client_heartbeat.go:9>  	 heartBeet
2018-05-23 16:41:39 	 [DEBUG] 	 <client_heartbeat.go:9>  	 heartBeet
2018-05-23 16:43:39 	 [DEBUG] 	 <client_heartbeat.go:9>  	 heartBeet
2018-05-23 16:45:39 	 [DEBUG] 	 <client_heartbeat.go:9>  	 heartBeet
2018-05-23 16:47:38 	 [DEBUG] 	 <client_heartbeat.go:9>  	 heartBeet
2018-05-23 16:49:39 	 [DEBUG] 	 <client_heartbeat.go:9>  	 heartBeet
2018-05-23 16:51:39 	 [DEBUG] 	 <client_heartbeat.go:9>  	 heartBeet
2018-05-23 16:53:38 	 [DEBUG] 	 <client_heartbeat.go:9>  	 heartBeet
2018-05-23 16:55:39 	 [DEBUG] 	 <client_heartbeat.go:9>  	 heartBeet
2018-05-23 16:56:09 	 [DEBUG] 	 <protocol.go:134>  	 sock read error:EOF
2018-05-23 16:56:09 	 [DEBUG] 	 <client.go:83>  	 EOFconnect offline
2018-05-23 16:56:09 	 [DEBUG] 	 <client.go:148>  	 close client:10002, 80d07eb7-09d5-4332-aa4d-01990a291dfd
2018-05-23 16:56:09 	 [DEBUG] 	 <client.go:112>  	 client: 80d07eb7-09d5-4332-aa4d-01990a291dfd 10002 socket closed
2018-05-23 18:07:23 	 [DEBUG] 	 <tcp.go:32>  	 新连接地址为:[192.168.31.41:57394]
2018-05-23 18:08:07 	 [DEBUG] 	 <protocol.go:134>  	 sock read error:EOF
2018-05-23 18:08:07 	 [DEBUG] 	 <client.go:83>  	 EOFconnect offline
2018-05-23 18:08:07 	 [DEBUG] 	 <client.go:148>  	 close client:10002, 80d07eb7-09d5-4332-aa4d-01990a291dfd
2018-05-23 18:08:07 	 [DEBUG] 	 <client.go:112>  	 client: 80d07eb7-09d5-4332-aa4d-01990a291dfd 10002 socket closed
2018-05-23 18:11:45 	 [DEBUG] 	 <tcp.go:32>  	 新连接地址为:[192.168.31.41:57487]
2018-05-23 18:13:48 	 [DEBUG] 	 <client_heartbeat.go:9>  	 heartBeet
2018-05-23 18:14:16 	 [DEBUG] 	 <protocol.go:134>  	 sock read error:EOF
2018-05-23 18:14:16 	 [DEBUG] 	 <client.go:83>  	 EOFconnect offline
2018-05-23 18:14:16 	 [DEBUG] 	 <client.go:148>  	 close client:10002, 80d07eb7-09d5-4332-aa4d-01990a291dfd
2018-05-23 18:14:16 	 [DEBUG] 	 <client.go:112>  	 client: 80d07eb7-09d5-4332-aa4d-01990a291dfd 10002 socket closed
2018-05-23 20:24:29 	 [DEBUG] 	 <tcp.go:32>  	 新连接地址为:[192.168.31.41:57616]
2018-05-23 20:26:31 	 [DEBUG] 	 <client_heartbeat.go:9>  	 heartBeet
2018-05-23 20:28:31 	 [DEBUG] 	 <client_heartbeat.go:9>  	 heartBeet
2018-05-23 20:29:10 	 [DEBUG] 	 <protocol.go:134>  	 sock read error:EOF
2018-05-23 20:29:10 	 [DEBUG] 	 <client.go:83>  	 EOFconnect offline
2018-05-23 20:29:10 	 [DEBUG] 	 <client.go:148>  	 close client:10002, 80d07eb7-09d5-4332-aa4d-01990a291dfd
2018-05-23 20:29:10 	 [DEBUG] 	 <client.go:112>  	 client: 80d07eb7-09d5-4332-aa4d-01990a291dfd 10002 socket closed
2018-05-23 20:29:13 	 [DEBUG] 	 <tcp.go:32>  	 新连接地址为:[192.168.31.41:57617]
2018-05-23 20:30:31 	 [DEBUG] 	 <client_heartbeat.go:9>  	 heartBeet
2018-05-23 20:32:31 	 [DEBUG] 	 <client_heartbeat.go:9>  	 heartBeet
2018-05-23 20:34:31 	 [DEBUG] 	 <client_heartbeat.go:9>  	 heartBeet
2018-05-23 20:36:31 	 [DEBUG] 	 <client_heartbeat.go:9>  	 heartBeet
2018-05-23 20:38:31 	 [DEBUG] 	 <client_heartbeat.go:9>  	 heartBeet
2018-05-23 20:40:31 	 [DEBUG] 	 <client_heartbeat.go:9>  	 heartBeet
2018-05-23 20:42:31 	 [DEBUG] 	 <client_heartbeat.go:9>  	 heartBeet
2018-05-23 20:44:31 	 [DEBUG] 	 <client_heartbeat.go:9>  	 heartBeet
2018-05-23 20:46:31 	 [DEBUG] 	 <client_heartbeat.go:9>  	 heartBeet
2018-05-23 20:48:31 	 [DEBUG] 	 <client_heartbeat.go:9>  	 heartBeet
2018-05-23 20:50:31 	 [DEBUG] 	 <client_heartbeat.go:9>  	 heartBeet
2018-05-23 20:52:31 	 [DEBUG] 	 <client_heartbeat.go:9>  	 heartBeet
2018-05-23 20:54:31 	 [DEBUG] 	 <client_heartbeat.go:9>  	 heartBeet
2018-05-23 20:56:31 	 [DEBUG] 	 <client_heartbeat.go:9>  	 heartBeet
2018-05-23 20:58:31 	 [DEBUG] 	 <client_heartbeat.go:9>  	 heartBeet
2018-05-23 21:00:31 	 [DEBUG] 	 <client_heartbeat.go:9>  	 heartBeet
2018-05-23 21:02:31 	 [DEBUG] 	 <client_heartbeat.go:9>  	 heartBeet
2018-05-23 21:03:39 	 [DEBUG] 	 <protocol.go:134>  	 sock read error:EOF
2018-05-23 21:03:39 	 [DEBUG] 	 <client.go:83>  	 EOFconnect offline
2018-05-23 21:03:39 	 [DEBUG] 	 <client.go:148>  	 close client:10002, 80d07eb7-09d5-4332-aa4d-01990a291dfd
2018-05-23 21:03:39 	 [DEBUG] 	 <client.go:112>  	 client: 80d07eb7-09d5-4332-aa4d-01990a291dfd 10002 socket closed
2018-05-23 21:07:03 	 [DEBUG] 	 <tcp.go:32>  	 新连接地址为:[192.168.31.41:57751]
2018-05-23 21:09:06 	 [DEBUG] 	 <client_heartbeat.go:9>  	 heartBeet
2018-05-23 21:10:41 	 [DEBUG] 	 <protocol.go:134>  	 sock read error:EOF
2018-05-23 21:10:41 	 [DEBUG] 	 <client.go:83>  	 EOFconnect offline
2018-05-23 21:10:41 	 [DEBUG] 	 <client.go:148>  	 close client:10002, 80d07eb7-09d5-4332-aa4d-01990a291dfd
2018-05-23 21:10:41 	 [DEBUG] 	 <client.go:112>  	 client: 80d07eb7-09d5-4332-aa4d-01990a291dfd 10002 socket closed
2018-05-23 23:09:05 	 [DEBUG] 	 <tcp.go:32>  	 新连接地址为:[192.168.31.41:58604]
2018-05-23 23:11:08 	 [DEBUG] 	 <client_heartbeat.go:9>  	 heartBeet
2018-05-23 23:13:08 	 [DEBUG] 	 <client_heartbeat.go:9>  	 heartBeet
2018-05-23 23:15:08 	 [DEBUG] 	 <client_heartbeat.go:9>  	 heartBeet
2018-05-23 23:17:08 	 [DEBUG] 	 <client_heartbeat.go:9>  	 heartBeet
2018-05-23 23:19:08 	 [DEBUG] 	 <client_heartbeat.go:9>  	 heartBeet
2018-05-23 23:21:08 	 [DEBUG] 	 <client_heartbeat.go:9>  	 heartBeet
2018-05-23 23:23:08 	 [DEBUG] 	 <client_heartbeat.go:9>  	 heartBeet
2018-05-23 23:24:22 	 [DEBUG] 	 <protocol.go:134>  	 sock read error:EOF
2018-05-23 23:24:22 	 [DEBUG] 	 <client.go:83>  	 EOFconnect offline
2018-05-23 23:24:22 	 [DEBUG] 	 <client.go:148>  	 close client:10002, 80d07eb7-09d5-4332-aa4d-01990a291dfd
2018-05-23 23:24:22 	 [DEBUG] 	 <client.go:112>  	 client: 80d07eb7-09d5-4332-aa4d-01990a291dfd 10002 socket closed
2018-05-23 23:24:30 	 [DEBUG] 	 <tcp.go:32>  	 新连接地址为:[192.168.31.41:58846]
2018-05-23 23:26:33 	 [DEBUG] 	 <client_heartbeat.go:9>  	 heartBeet
2018-05-23 23:28:33 	 [DEBUG] 	 <client_heartbeat.go:9>  	 heartBeet
2018-05-23 23:30:33 	 [DEBUG] 	 <client_heartbeat.go:9>  	 heartBeet
2018-05-23 23:32:33 	 [DEBUG] 	 <client_heartbeat.go:9>  	 heartBeet
2018-05-23 23:32:36 	 [DEBUG] 	 <protocol.go:134>  	 sock read error:EOF
2018-05-23 23:32:36 	 [DEBUG] 	 <client.go:83>  	 EOFconnect offline
2018-05-23 23:32:36 	 [DEBUG] 	 <client.go:148>  	 close client:10002, 80d07eb7-09d5-4332-aa4d-01990a291dfd
2018-05-23 23:32:36 	 [DEBUG] 	 <client.go:112>  	 client: 80d07eb7-09d5-4332-aa4d-01990a291dfd 10002 socket closed
2018-05-23 23:34:59 	 [DEBUG] 	 <tcp.go:32>  	 新连接地址为:[192.168.31.41:58936]
2018-05-23 23:36:21 	 [DEBUG] 	 <protocol.go:134>  	 sock read error:EOF
2018-05-23 23:36:21 	 [DEBUG] 	 <client.go:83>  	 EOFconnect offline
2018-05-23 23:36:21 	 [DEBUG] 	 <client.go:148>  	 close client:10002, 80d07eb7-09d5-4332-aa4d-01990a291dfd
2018-05-23 23:36:21 	 [DEBUG] 	 <client.go:112>  	 client: 80d07eb7-09d5-4332-aa4d-01990a291dfd 10002 socket closed
2018-05-23 23:41:27 	 [DEBUG] 	 <tcp.go:32>  	 新连接地址为:[192.168.31.41:59026]
2018-05-23 23:41:56 	 [DEBUG] 	 <protocol.go:134>  	 sock read error:EOF
2018-05-23 23:41:56 	 [DEBUG] 	 <client.go:83>  	 EOFconnect offline
2018-05-23 23:41:56 	 [DEBUG] 	 <client.go:148>  	 close client:10002, 80d07eb7-09d5-4332-aa4d-01990a291dfd
2018-05-23 23:41:56 	 [DEBUG] 	 <client.go:112>  	 client: 80d07eb7-09d5-4332-aa4d-01990a291dfd 10002 socket closed
2018-05-23 23:42:07 	 [DEBUG] 	 <tcp.go:32>  	 新连接地址为:[192.168.31.41:59160]
2018-05-23 23:42:40 	 [DEBUG] 	 <protocol.go:134>  	 sock read error:EOF
2018-05-23 23:42:40 	 [DEBUG] 	 <client.go:83>  	 EOFconnect offline
2018-05-23 23:42:40 	 [DEBUG] 	 <client.go:148>  	 close client:0, 
2018-05-23 23:42:40 	 [DEBUG] 	 <client.go:112>  	 client:  0 socket closed
2018-05-23 23:45:00 	 [DEBUG] 	 <tcp.go:32>  	 新连接地址为:[192.168.31.41:59347]
2018-05-23 23:47:03 	 [DEBUG] 	 <client_heartbeat.go:9>  	 heartBeet
2018-05-23 23:48:00 	 [DEBUG] 	 <protocol.go:134>  	 sock read error:EOF
2018-05-23 23:48:00 	 [DEBUG] 	 <client.go:83>  	 EOFconnect offline
2018-05-23 23:48:00 	 [DEBUG] 	 <client.go:148>  	 close client:10002, 80d07eb7-09d5-4332-aa4d-01990a291dfd
2018-05-23 23:48:00 	 [DEBUG] 	 <client.go:112>  	 client: 80d07eb7-09d5-4332-aa4d-01990a291dfd 10002 socket closed
2018-05-23 23:48:06 	 [DEBUG] 	 <tcp.go:32>  	 新连接地址为:[192.168.31.41:59452]
2018-05-23 23:49:47 	 [DEBUG] 	 <protocol.go:134>  	 sock read error:EOF
2018-05-23 23:49:47 	 [DEBUG] 	 <client.go:83>  	 EOFconnect offline
2018-05-23 23:49:47 	 [DEBUG] 	 <client.go:148>  	 close client:10002, 80d07eb7-09d5-4332-aa4d-01990a291dfd
2018-05-23 23:49:47 	 [DEBUG] 	 <client.go:112>  	 client: 80d07eb7-09d5-4332-aa4d-01990a291dfd 10002 socket closed
2018-05-23 23:52:41 	 [DEBUG] 	 <tcp.go:32>  	 新连接地址为:[192.168.31.41:59585]
2018-05-23 23:53:51 	 [DEBUG] 	 <protocol.go:134>  	 sock read error:EOF
2018-05-23 23:53:51 	 [DEBUG] 	 <client.go:83>  	 EOFconnect offline
2018-05-23 23:53:51 	 [DEBUG] 	 <client.go:148>  	 close client:10002, 80d07eb7-09d5-4332-aa4d-01990a291dfd
2018-05-23 23:53:51 	 [DEBUG] 	 <client.go:112>  	 client: 80d07eb7-09d5-4332-aa4d-01990a291dfd 10002 socket closed
