2018-06-05 12:31:14 	 [DEBUG] 	 <tcp.go:32>  	 新连接地址为:[127.0.0.1:65269]
2018-06-05 12:31:14 	 [DEBUG] 	 <client_im.go:88>  	 offlineMsg count 0
2018-06-05 12:31:54 	 [DEBUG] 	 <client_heartbeat.go:9>  	 heartBeet
2018-06-05 12:33:54 	 [DEBUG] 	 <client_heartbeat.go:9>  	 heartBeet
2018-06-05 12:35:51 	 [DEBUG] 	 <client_heartbeat.go:9>  	 heartBeet
2018-06-05 12:36:13 	 [DEBUG] 	 <protocol.go:134>  	 sock read error:EOF
2018-06-05 12:36:13 	 [DEBUG] 	 <client.go:83>  	 EOFconnect offline
2018-06-05 12:36:13 	 [DEBUG] 	 <client.go:148>  	 close client:10001, d5f75fbc-4f64-4f78-b320-2ca770847800
2018-06-05 12:36:13 	 [DEBUG] 	 <client.go:112>  	 client: d5f75fbc-4f64-4f78-b320-2ca770847800 10001 socket closed
2018-06-05 12:43:58 	 [DEBUG] 	 <tcp.go:32>  	 新连接地址为:[127.0.0.1:49430]
2018-06-05 12:43:58 	 [DEBUG] 	 <client_heartbeat.go:9>  	 heartBeet
2018-06-05 12:43:58 	 [DEBUG] 	 <protocol.go:134>  	 sock read error:read tcp 127.0.0.1:62310->127.0.0.1:49430: read: connection reset by peer
2018-06-05 12:43:58 	 [DEBUG] 	 <client.go:148>  	 close client:0, 
2018-06-05 12:43:58 	 [DEBUG] 	 <client.go:112>  	 client:  0 socket closed
2018-06-05 12:43:58 	 [DEBUG] 	 <tcp.go:32>  	 新连接地址为:[127.0.0.1:49431]
2018-06-05 12:43:59 	 [DEBUG] 	 <client_im.go:88>  	 offlineMsg count 0
2018-06-05 12:43:59 	 [ INFO] 	 <auth_handle.go:28>  	 repeat login
2018-06-05 12:44:19 	 [DEBUG] 	 <protocol.go:134>  	 sock read error:EOF
2018-06-05 12:44:19 	 [DEBUG] 	 <client.go:83>  	 EOFconnect offline
2018-06-05 12:44:19 	 [DEBUG] 	 <client.go:148>  	 close client:10001, d5f75fbc-4f64-4f78-b320-2ca770847800
2018-06-05 12:44:19 	 [DEBUG] 	 <client.go:112>  	 client: d5f75fbc-4f64-4f78-b320-2ca770847800 10001 socket closed
2018-06-05 12:44:21 	 [DEBUG] 	 <tcp.go:32>  	 新连接地址为:[127.0.0.1:49433]
2018-06-05 12:44:21 	 [DEBUG] 	 <client_im.go:88>  	 offlineMsg count 0
2018-06-05 12:44:25 	 [DEBUG] 	 <client_heartbeat.go:9>  	 heartBeet
2018-06-05 12:45:49 	 [DEBUG] 	 <tcp.go:32>  	 新连接地址为:[192.168.31.41:58146]
2018-06-05 12:45:49 	 [DEBUG] 	 <client_im.go:88>  	 offlineMsg count 0
2018-06-05 12:46:26 	 [DEBUG] 	 <client_heartbeat.go:9>  	 heartBeet
2018-06-05 12:47:51 	 [DEBUG] 	 <client_heartbeat.go:9>  	 heartBeet
2018-06-05 12:48:23 	 [DEBUG] 	 <client_heartbeat.go:9>  	 heartBeet
2018-06-05 12:49:07 	 [DEBUG] 	 <protocol.go:134>  	 sock read error:EOF
2018-06-05 12:49:07 	 [DEBUG] 	 <client.go:83>  	 EOFconnect offline
2018-06-05 12:49:07 	 [DEBUG] 	 <client.go:148>  	 close client:10002, 80d07eb7-09d5-4332-aa4d-01990a291dfd
2018-06-05 12:49:07 	 [DEBUG] 	 <client.go:112>  	 client: 80d07eb7-09d5-4332-aa4d-01990a291dfd 10002 socket closed
2018-06-05 12:49:20 	 [DEBUG] 	 <tcp.go:32>  	 新连接地址为:[192.168.31.41:58166]
2018-06-05 12:49:20 	 [DEBUG] 	 <client_im.go:88>  	 offlineMsg count 0
2018-06-05 12:50:26 	 [DEBUG] 	 <client_heartbeat.go:9>  	 heartBeet
2018-06-05 12:51:23 	 [DEBUG] 	 <client_heartbeat.go:9>  	 heartBeet
2018-06-05 12:51:29 	 [DEBUG] 	 <protocol.go:134>  	 sock read error:EOF
2018-06-05 12:51:29 	 [DEBUG] 	 <client.go:83>  	 EOFconnect offline
2018-06-05 12:51:29 	 [DEBUG] 	 <client.go:148>  	 close client:10002, 80d07eb7-09d5-4332-aa4d-01990a291dfd
2018-06-05 12:51:29 	 [DEBUG] 	 <client.go:112>  	 client: 80d07eb7-09d5-4332-aa4d-01990a291dfd 10002 socket closed
2018-06-05 12:51:39 	 [DEBUG] 	 <tcp.go:32>  	 新连接地址为:[192.168.31.41:58186]
2018-06-05 12:51:39 	 [DEBUG] 	 <client_im.go:88>  	 offlineMsg count 0
2018-06-05 12:52:24 	 [DEBUG] 	 <client_heartbeat.go:9>  	 heartBeet
2018-06-05 12:53:39 	 [DEBUG] 	 <protocol.go:134>  	 sock read error:EOF
2018-06-05 12:53:39 	 [DEBUG] 	 <client.go:83>  	 EOFconnect offline
2018-06-05 12:53:39 	 [DEBUG] 	 <client.go:148>  	 close client:10002, 80d07eb7-09d5-4332-aa4d-01990a291dfd
2018-06-05 12:53:39 	 [DEBUG] 	 <client.go:112>  	 client: 80d07eb7-09d5-4332-aa4d-01990a291dfd 10002 socket closed
2018-06-05 12:54:26 	 [DEBUG] 	 <client_heartbeat.go:9>  	 heartBeet
2018-06-05 12:56:23 	 [DEBUG] 	 <client_heartbeat.go:9>  	 heartBeet
2018-06-05 12:58:24 	 [DEBUG] 	 <client_heartbeat.go:9>  	 heartBeet
2018-06-05 13:00:25 	 [DEBUG] 	 <client_heartbeat.go:9>  	 heartBeet
2018-06-05 13:02:23 	 [DEBUG] 	 <client_heartbeat.go:9>  	 heartBeet
2018-06-05 13:04:23 	 [DEBUG] 	 <client_heartbeat.go:9>  	 heartBeet
2018-06-05 13:04:50 	 [DEBUG] 	 <protocol.go:134>  	 sock read error:EOF
2018-06-05 13:04:50 	 [DEBUG] 	 <client.go:83>  	 EOFconnect offline
2018-06-05 13:04:50 	 [DEBUG] 	 <client.go:148>  	 close client:10001, d5f75fbc-4f64-4f78-b320-2ca770847800
2018-06-05 13:04:50 	 [DEBUG] 	 <client.go:112>  	 client: d5f75fbc-4f64-4f78-b320-2ca770847800 10001 socket closed
2018-06-05 13:05:23 	 [DEBUG] 	 <tcp.go:32>  	 新连接地址为:[127.0.0.1:50516]
2018-06-05 13:05:23 	 [DEBUG] 	 <client_im.go:88>  	 offlineMsg count 0
2018-06-05 13:07:26 	 [DEBUG] 	 <client_heartbeat.go:9>  	 heartBeet
2018-06-05 13:09:26 	 [DEBUG] 	 <client_heartbeat.go:9>  	 heartBeet
2018-06-05 13:11:14 	 [DEBUG] 	 <protocol.go:134>  	 sock read error:EOF
2018-06-05 13:11:14 	 [DEBUG] 	 <client.go:83>  	 EOFconnect offline
2018-06-05 13:11:14 	 [DEBUG] 	 <client.go:148>  	 close client:10001, d5f75fbc-4f64-4f78-b320-2ca770847800
2018-06-05 13:11:14 	 [DEBUG] 	 <client.go:112>  	 client: d5f75fbc-4f64-4f78-b320-2ca770847800 10001 socket closed
2018-06-05 13:11:22 	 [DEBUG] 	 <tcp.go:32>  	 新连接地址为:[127.0.0.1:50604]
2018-06-05 13:11:22 	 [DEBUG] 	 <client_im.go:88>  	 offlineMsg count 0
2018-06-05 13:13:24 	 [DEBUG] 	 <client_heartbeat.go:9>  	 heartBeet
2018-06-05 13:15:22 	 [DEBUG] 	 <client_heartbeat.go:9>  	 heartBeet
2018-06-05 13:17:22 	 [DEBUG] 	 <client_heartbeat.go:9>  	 heartBeet
2018-06-05 13:18:02 	 [DEBUG] 	 <protocol.go:134>  	 sock read error:EOF
2018-06-05 13:18:02 	 [DEBUG] 	 <client.go:83>  	 EOFconnect offline
2018-06-05 13:18:02 	 [DEBUG] 	 <client.go:148>  	 close client:10001, d5f75fbc-4f64-4f78-b320-2ca770847800
2018-06-05 13:18:02 	 [DEBUG] 	 <client.go:112>  	 client: d5f75fbc-4f64-4f78-b320-2ca770847800 10001 socket closed
2018-06-05 13:18:09 	 [DEBUG] 	 <tcp.go:32>  	 新连接地址为:[127.0.0.1:50806]
2018-06-05 13:18:09 	 [DEBUG] 	 <client_im.go:88>  	 offlineMsg count 0
2018-06-05 13:18:22 	 [DEBUG] 	 <connection.go:106>  	 TODO(need offline push )can't send message, appid:10 uid:10002 cmd:4
2018-06-05 13:18:23 	 [DEBUG] 	 <connection.go:106>  	 TODO(need offline push )can't send message, appid:10 uid:10002 cmd:4
2018-06-05 13:18:23 	 [DEBUG] 	 <connection.go:106>  	 TODO(need offline push )can't send message, appid:10 uid:10002 cmd:4
2018-06-05 13:18:23 	 [DEBUG] 	 <connection.go:106>  	 TODO(need offline push )can't send message, appid:10 uid:10002 cmd:4
2018-06-05 13:20:12 	 [DEBUG] 	 <client_heartbeat.go:9>  	 heartBeet
2018-06-05 13:21:08 	 [DEBUG] 	 <protocol.go:134>  	 sock read error:EOF
2018-06-05 13:21:08 	 [DEBUG] 	 <client.go:83>  	 EOFconnect offline
2018-06-05 13:21:08 	 [DEBUG] 	 <client.go:148>  	 close client:10001, d5f75fbc-4f64-4f78-b320-2ca770847800
2018-06-05 13:21:08 	 [DEBUG] 	 <client.go:112>  	 client: d5f75fbc-4f64-4f78-b320-2ca770847800 10001 socket closed
2018-06-05 13:21:16 	 [DEBUG] 	 <tcp.go:32>  	 新连接地址为:[127.0.0.1:51004]
2018-06-05 13:21:16 	 [DEBUG] 	 <client_im.go:88>  	 offlineMsg count 0
2018-06-05 13:23:18 	 [DEBUG] 	 <client_heartbeat.go:9>  	 heartBeet
2018-06-05 13:23:38 	 [DEBUG] 	 <protocol.go:134>  	 sock read error:EOF
2018-06-05 13:23:38 	 [DEBUG] 	 <client.go:83>  	 EOFconnect offline
2018-06-05 13:23:38 	 [DEBUG] 	 <client.go:148>  	 close client:10001, d5f75fbc-4f64-4f78-b320-2ca770847800
2018-06-05 13:23:38 	 [DEBUG] 	 <client.go:112>  	 client: d5f75fbc-4f64-4f78-b320-2ca770847800 10001 socket closed
2018-06-05 13:23:46 	 [DEBUG] 	 <tcp.go:32>  	 新连接地址为:[127.0.0.1:51059]
2018-06-05 13:23:46 	 [DEBUG] 	 <client_im.go:88>  	 offlineMsg count 0
2018-06-05 13:24:20 	 [DEBUG] 	 <protocol.go:134>  	 sock read error:EOF
2018-06-05 13:24:20 	 [DEBUG] 	 <client.go:83>  	 EOFconnect offline
2018-06-05 13:24:20 	 [DEBUG] 	 <client.go:148>  	 close client:10001, d5f75fbc-4f64-4f78-b320-2ca770847800
2018-06-05 13:24:20 	 [DEBUG] 	 <client.go:112>  	 client: d5f75fbc-4f64-4f78-b320-2ca770847800 10001 socket closed
2018-06-05 13:24:36 	 [DEBUG] 	 <tcp.go:32>  	 新连接地址为:[127.0.0.1:51104]
2018-06-05 13:24:36 	 [DEBUG] 	 <client_im.go:88>  	 offlineMsg count 0
2018-06-05 13:26:36 	 [DEBUG] 	 <client_heartbeat.go:9>  	 heartBeet
2018-06-05 13:26:59 	 [DEBUG] 	 <protocol.go:134>  	 sock read error:EOF
2018-06-05 13:26:59 	 [DEBUG] 	 <client.go:83>  	 EOFconnect offline
2018-06-05 13:26:59 	 [DEBUG] 	 <client.go:148>  	 close client:10001, d5f75fbc-4f64-4f78-b320-2ca770847800
2018-06-05 13:26:59 	 [DEBUG] 	 <client.go:112>  	 client: d5f75fbc-4f64-4f78-b320-2ca770847800 10001 socket closed
2018-06-05 13:27:10 	 [DEBUG] 	 <tcp.go:32>  	 新连接地址为:[127.0.0.1:51207]
2018-06-05 13:27:10 	 [DEBUG] 	 <client_im.go:88>  	 offlineMsg count 0
2018-06-05 13:29:12 	 [DEBUG] 	 <client_heartbeat.go:9>  	 heartBeet
2018-06-05 13:31:10 	 [DEBUG] 	 <client_heartbeat.go:9>  	 heartBeet
2018-06-05 13:33:10 	 [DEBUG] 	 <client_heartbeat.go:9>  	 heartBeet
2018-06-05 13:35:11 	 [DEBUG] 	 <client_heartbeat.go:9>  	 heartBeet
2018-06-05 13:37:10 	 [DEBUG] 	 <client_heartbeat.go:9>  	 heartBeet
2018-06-05 13:39:10 	 [DEBUG] 	 <client_heartbeat.go:9>  	 heartBeet
2018-06-05 13:41:10 	 [DEBUG] 	 <client_heartbeat.go:9>  	 heartBeet
2018-06-05 13:43:10 	 [DEBUG] 	 <client_heartbeat.go:9>  	 heartBeet
2018-06-05 13:45:12 	 [DEBUG] 	 <client_heartbeat.go:9>  	 heartBeet
2018-06-05 13:47:12 	 [DEBUG] 	 <client_heartbeat.go:9>  	 heartBeet
2018-06-05 13:49:12 	 [DEBUG] 	 <client_heartbeat.go:9>  	 heartBeet
2018-06-05 13:51:12 	 [DEBUG] 	 <client_heartbeat.go:9>  	 heartBeet
2018-06-05 13:53:10 	 [DEBUG] 	 <client_heartbeat.go:9>  	 heartBeet
2018-06-05 13:55:11 	 [DEBUG] 	 <client_heartbeat.go:9>  	 heartBeet
2018-06-05 13:57:10 	 [DEBUG] 	 <client_heartbeat.go:9>  	 heartBeet
2018-06-05 13:59:10 	 [DEBUG] 	 <client_heartbeat.go:9>  	 heartBeet
2018-06-05 14:01:10 	 [DEBUG] 	 <client_heartbeat.go:9>  	 heartBeet
2018-06-05 14:03:12 	 [DEBUG] 	 <client_heartbeat.go:9>  	 heartBeet
2018-06-05 14:05:12 	 [DEBUG] 	 <client_heartbeat.go:9>  	 heartBeet
2018-06-05 14:07:12 	 [DEBUG] 	 <client_heartbeat.go:9>  	 heartBeet
2018-06-05 14:09:12 	 [DEBUG] 	 <client_heartbeat.go:9>  	 heartBeet
2018-06-05 14:11:12 	 [DEBUG] 	 <client_heartbeat.go:9>  	 heartBeet
2018-06-05 14:13:12 	 [DEBUG] 	 <client_heartbeat.go:9>  	 heartBeet
2018-06-05 14:15:12 	 [DEBUG] 	 <client_heartbeat.go:9>  	 heartBeet
2018-06-05 14:17:12 	 [DEBUG] 	 <client_heartbeat.go:9>  	 heartBeet
2018-06-05 14:19:10 	 [DEBUG] 	 <client_heartbeat.go:9>  	 heartBeet
2018-06-05 14:21:11 	 [DEBUG] 	 <client_heartbeat.go:9>  	 heartBeet
2018-06-05 14:23:12 	 [DEBUG] 	 <client_heartbeat.go:9>  	 heartBeet
2018-06-05 14:25:10 	 [DEBUG] 	 <client_heartbeat.go:9>  	 heartBeet
2018-06-05 14:25:56 	 [DEBUG] 	 <protocol.go:134>  	 sock read error:EOF
2018-06-05 14:25:56 	 [DEBUG] 	 <client.go:83>  	 EOFconnect offline
2018-06-05 14:25:56 	 [DEBUG] 	 <client.go:148>  	 close client:10001, d5f75fbc-4f64-4f78-b320-2ca770847800
2018-06-05 14:25:56 	 [DEBUG] 	 <client.go:112>  	 client: d5f75fbc-4f64-4f78-b320-2ca770847800 10001 socket closed
2018-06-05 14:26:03 	 [DEBUG] 	 <tcp.go:32>  	 新连接地址为:[127.0.0.1:52065]
2018-06-05 14:26:03 	 [DEBUG] 	 <client_im.go:88>  	 offlineMsg count 0
2018-06-05 14:26:44 	 [DEBUG] 	 <protocol.go:134>  	 sock read error:EOF
2018-06-05 14:26:44 	 [DEBUG] 	 <client.go:83>  	 EOFconnect offline
2018-06-05 14:26:44 	 [DEBUG] 	 <client.go:148>  	 close client:10001, d5f75fbc-4f64-4f78-b320-2ca770847800
2018-06-05 14:26:44 	 [DEBUG] 	 <client.go:112>  	 client: d5f75fbc-4f64-4f78-b320-2ca770847800 10001 socket closed
2018-06-05 14:26:51 	 [DEBUG] 	 <tcp.go:32>  	 新连接地址为:[127.0.0.1:52073]
2018-06-05 14:26:51 	 [DEBUG] 	 <client_im.go:88>  	 offlineMsg count 0
2018-06-05 14:28:10 	 [DEBUG] 	 <protocol.go:134>  	 sock read error:EOF
2018-06-05 14:28:10 	 [DEBUG] 	 <client.go:83>  	 EOFconnect offline
2018-06-05 14:28:10 	 [DEBUG] 	 <client.go:148>  	 close client:10001, d5f75fbc-4f64-4f78-b320-2ca770847800
2018-06-05 14:28:10 	 [DEBUG] 	 <client.go:112>  	 client: d5f75fbc-4f64-4f78-b320-2ca770847800 10001 socket closed
2018-06-05 14:36:29 	 [DEBUG] 	 <tcp.go:32>  	 新连接地址为:[127.0.0.1:52536]
2018-06-05 14:36:29 	 [DEBUG] 	 <client_im.go:88>  	 offlineMsg count 0
2018-06-05 14:36:47 	 [DEBUG] 	 <protocol.go:134>  	 sock read error:EOF
2018-06-05 14:36:47 	 [DEBUG] 	 <client.go:83>  	 EOFconnect offline
2018-06-05 14:36:47 	 [DEBUG] 	 <client.go:148>  	 close client:10001, d5f75fbc-4f64-4f78-b320-2ca770847800
2018-06-05 14:36:47 	 [DEBUG] 	 <client.go:112>  	 client: d5f75fbc-4f64-4f78-b320-2ca770847800 10001 socket closed
2018-06-05 14:36:54 	 [DEBUG] 	 <tcp.go:32>  	 新连接地址为:[127.0.0.1:52542]
2018-06-05 14:36:54 	 [DEBUG] 	 <client_im.go:88>  	 offlineMsg count 0
2018-06-05 14:37:17 	 [DEBUG] 	 <protocol.go:134>  	 sock read error:EOF
2018-06-05 14:37:17 	 [DEBUG] 	 <client.go:83>  	 EOFconnect offline
2018-06-05 14:37:17 	 [DEBUG] 	 <client.go:148>  	 close client:10001, d5f75fbc-4f64-4f78-b320-2ca770847800
2018-06-05 14:37:17 	 [DEBUG] 	 <client.go:112>  	 client: d5f75fbc-4f64-4f78-b320-2ca770847800 10001 socket closed
2018-06-05 14:37:24 	 [DEBUG] 	 <tcp.go:32>  	 新连接地址为:[127.0.0.1:52573]
2018-06-05 14:37:24 	 [DEBUG] 	 <client_im.go:88>  	 offlineMsg count 0
2018-06-05 14:38:04 	 [DEBUG] 	 <protocol.go:134>  	 sock read error:EOF
2018-06-05 14:38:04 	 [DEBUG] 	 <client.go:83>  	 EOFconnect offline
2018-06-05 14:38:04 	 [DEBUG] 	 <client.go:148>  	 close client:10001, d5f75fbc-4f64-4f78-b320-2ca770847800
2018-06-05 14:38:04 	 [DEBUG] 	 <client.go:112>  	 client: d5f75fbc-4f64-4f78-b320-2ca770847800 10001 socket closed
2018-06-05 14:38:11 	 [DEBUG] 	 <tcp.go:32>  	 新连接地址为:[127.0.0.1:52631]
2018-06-05 14:38:11 	 [DEBUG] 	 <client_im.go:88>  	 offlineMsg count 0
2018-06-05 14:38:31 	 [DEBUG] 	 <protocol.go:134>  	 sock read error:EOF
2018-06-05 14:38:31 	 [DEBUG] 	 <client.go:83>  	 EOFconnect offline
2018-06-05 14:38:31 	 [DEBUG] 	 <client.go:148>  	 close client:10001, d5f75fbc-4f64-4f78-b320-2ca770847800
2018-06-05 14:38:31 	 [DEBUG] 	 <client.go:112>  	 client: d5f75fbc-4f64-4f78-b320-2ca770847800 10001 socket closed
2018-06-05 14:38:38 	 [DEBUG] 	 <tcp.go:32>  	 新连接地址为:[127.0.0.1:52641]
2018-06-05 14:38:38 	 [DEBUG] 	 <client_im.go:88>  	 offlineMsg count 0
2018-06-05 14:38:54 	 [DEBUG] 	 <protocol.go:134>  	 sock read error:EOF
2018-06-05 14:38:54 	 [DEBUG] 	 <client.go:83>  	 EOFconnect offline
2018-06-05 14:38:54 	 [DEBUG] 	 <client.go:148>  	 close client:10001, d5f75fbc-4f64-4f78-b320-2ca770847800
2018-06-05 14:38:54 	 [DEBUG] 	 <client.go:112>  	 client: d5f75fbc-4f64-4f78-b320-2ca770847800 10001 socket closed
2018-06-05 14:39:01 	 [DEBUG] 	 <tcp.go:32>  	 新连接地址为:[127.0.0.1:52685]
2018-06-05 14:39:01 	 [DEBUG] 	 <client_im.go:88>  	 offlineMsg count 0
2018-06-05 14:39:51 	 [DEBUG] 	 <protocol.go:134>  	 sock read error:EOF
2018-06-05 14:39:51 	 [DEBUG] 	 <client.go:83>  	 EOFconnect offline
2018-06-05 14:39:51 	 [DEBUG] 	 <client.go:148>  	 close client:10001, d5f75fbc-4f64-4f78-b320-2ca770847800
2018-06-05 14:39:51 	 [DEBUG] 	 <client.go:112>  	 client: d5f75fbc-4f64-4f78-b320-2ca770847800 10001 socket closed
2018-06-05 14:39:58 	 [DEBUG] 	 <tcp.go:32>  	 新连接地址为:[127.0.0.1:52755]
2018-06-05 14:39:58 	 [DEBUG] 	 <client_im.go:88>  	 offlineMsg count 0
2018-06-05 14:39:59 	 [DEBUG] 	 <protocol.go:134>  	 sock read error:EOF
2018-06-05 14:39:59 	 [DEBUG] 	 <client.go:83>  	 EOFconnect offline
2018-06-05 14:39:59 	 [DEBUG] 	 <client.go:148>  	 close client:10001, d5f75fbc-4f64-4f78-b320-2ca770847800
2018-06-05 14:39:59 	 [DEBUG] 	 <client.go:112>  	 client: d5f75fbc-4f64-4f78-b320-2ca770847800 10001 socket closed
2018-06-05 14:40:06 	 [DEBUG] 	 <tcp.go:32>  	 新连接地址为:[127.0.0.1:52783]
2018-06-05 14:40:06 	 [DEBUG] 	 <client_im.go:88>  	 offlineMsg count 0
2018-06-05 14:41:49 	 [DEBUG] 	 <protocol.go:134>  	 sock read error:EOF
2018-06-05 14:41:49 	 [DEBUG] 	 <client.go:83>  	 EOFconnect offline
2018-06-05 14:41:49 	 [DEBUG] 	 <client.go:148>  	 close client:10001, d5f75fbc-4f64-4f78-b320-2ca770847800
2018-06-05 14:41:49 	 [DEBUG] 	 <client.go:112>  	 client: d5f75fbc-4f64-4f78-b320-2ca770847800 10001 socket closed
2018-06-05 14:41:57 	 [DEBUG] 	 <tcp.go:32>  	 新连接地址为:[127.0.0.1:52871]
2018-06-05 14:41:57 	 [DEBUG] 	 <client_im.go:88>  	 offlineMsg count 0
2018-06-05 14:42:22 	 [DEBUG] 	 <protocol.go:134>  	 sock read error:EOF
2018-06-05 14:42:22 	 [DEBUG] 	 <client.go:83>  	 EOFconnect offline
2018-06-05 14:42:22 	 [DEBUG] 	 <client.go:148>  	 close client:10001, d5f75fbc-4f64-4f78-b320-2ca770847800
2018-06-05 14:42:22 	 [DEBUG] 	 <client.go:112>  	 client: d5f75fbc-4f64-4f78-b320-2ca770847800 10001 socket closed
2018-06-05 14:42:29 	 [DEBUG] 	 <tcp.go:32>  	 新连接地址为:[127.0.0.1:52908]
2018-06-05 14:42:29 	 [DEBUG] 	 <client_im.go:88>  	 offlineMsg count 0
2018-06-05 14:42:58 	 [DEBUG] 	 <protocol.go:134>  	 sock read error:EOF
2018-06-05 14:42:58 	 [DEBUG] 	 <client.go:83>  	 EOFconnect offline
2018-06-05 14:42:58 	 [DEBUG] 	 <client.go:148>  	 close client:10001, d5f75fbc-4f64-4f78-b320-2ca770847800
2018-06-05 14:42:58 	 [DEBUG] 	 <client.go:112>  	 client: d5f75fbc-4f64-4f78-b320-2ca770847800 10001 socket closed
2018-06-05 14:43:05 	 [DEBUG] 	 <tcp.go:32>  	 新连接地址为:[127.0.0.1:52959]
2018-06-05 14:43:05 	 [DEBUG] 	 <client_im.go:88>  	 offlineMsg count 0
2018-06-05 14:43:43 	 [DEBUG] 	 <protocol.go:134>  	 sock read error:EOF
2018-06-05 14:43:43 	 [DEBUG] 	 <client.go:83>  	 EOFconnect offline
2018-06-05 14:43:43 	 [DEBUG] 	 <client.go:148>  	 close client:10001, d5f75fbc-4f64-4f78-b320-2ca770847800
2018-06-05 14:43:43 	 [DEBUG] 	 <client.go:112>  	 client: d5f75fbc-4f64-4f78-b320-2ca770847800 10001 socket closed
2018-06-05 14:43:49 	 [DEBUG] 	 <tcp.go:32>  	 新连接地址为:[127.0.0.1:53036]
2018-06-05 14:43:49 	 [DEBUG] 	 <client_im.go:88>  	 offlineMsg count 0
2018-06-05 14:44:10 	 [DEBUG] 	 <protocol.go:134>  	 sock read error:EOF
2018-06-05 14:44:10 	 [DEBUG] 	 <client.go:83>  	 EOFconnect offline
2018-06-05 14:44:10 	 [DEBUG] 	 <client.go:148>  	 close client:10001, d5f75fbc-4f64-4f78-b320-2ca770847800
2018-06-05 14:44:10 	 [DEBUG] 	 <client.go:112>  	 client: d5f75fbc-4f64-4f78-b320-2ca770847800 10001 socket closed
2018-06-05 14:44:16 	 [DEBUG] 	 <tcp.go:32>  	 新连接地址为:[127.0.0.1:53092]
2018-06-05 14:44:16 	 [DEBUG] 	 <client_im.go:88>  	 offlineMsg count 0
2018-06-05 14:44:40 	 [DEBUG] 	 <protocol.go:134>  	 sock read error:EOF
2018-06-05 14:44:40 	 [DEBUG] 	 <client.go:83>  	 EOFconnect offline
2018-06-05 14:44:40 	 [DEBUG] 	 <client.go:148>  	 close client:10001, d5f75fbc-4f64-4f78-b320-2ca770847800
2018-06-05 14:44:40 	 [DEBUG] 	 <client.go:112>  	 client: d5f75fbc-4f64-4f78-b320-2ca770847800 10001 socket closed
2018-06-05 14:44:47 	 [DEBUG] 	 <tcp.go:32>  	 新连接地址为:[127.0.0.1:53124]
2018-06-05 14:44:47 	 [DEBUG] 	 <client_im.go:88>  	 offlineMsg count 0
2018-06-05 14:45:29 	 [DEBUG] 	 <protocol.go:134>  	 sock read error:EOF
2018-06-05 14:45:29 	 [DEBUG] 	 <client.go:83>  	 EOFconnect offline
2018-06-05 14:45:29 	 [DEBUG] 	 <client.go:148>  	 close client:10001, d5f75fbc-4f64-4f78-b320-2ca770847800
2018-06-05 14:45:29 	 [DEBUG] 	 <client.go:112>  	 client: d5f75fbc-4f64-4f78-b320-2ca770847800 10001 socket closed
2018-06-05 15:30:04 	 [DEBUG] 	 <tcp.go:32>  	 新连接地址为:[127.0.0.1:54759]
2018-06-05 15:30:04 	 [DEBUG] 	 <client_im.go:88>  	 offlineMsg count 0
2018-06-05 15:31:22 	 [DEBUG] 	 <protocol.go:134>  	 sock read error:EOF
2018-06-05 15:31:22 	 [DEBUG] 	 <client.go:83>  	 EOFconnect offline
2018-06-05 15:31:22 	 [DEBUG] 	 <client.go:148>  	 close client:10001, d5f75fbc-4f64-4f78-b320-2ca770847800
2018-06-05 15:31:22 	 [DEBUG] 	 <client.go:112>  	 client: d5f75fbc-4f64-4f78-b320-2ca770847800 10001 socket closed
2018-06-05 15:31:30 	 [DEBUG] 	 <tcp.go:32>  	 新连接地址为:[127.0.0.1:54774]
2018-06-05 15:31:30 	 [DEBUG] 	 <client_im.go:88>  	 offlineMsg count 0
2018-06-05 15:31:52 	 [DEBUG] 	 <protocol.go:134>  	 sock read error:EOF
2018-06-05 15:31:52 	 [DEBUG] 	 <client.go:83>  	 EOFconnect offline
2018-06-05 15:31:52 	 [DEBUG] 	 <client.go:148>  	 close client:10001, d5f75fbc-4f64-4f78-b320-2ca770847800
2018-06-05 15:31:52 	 [DEBUG] 	 <client.go:112>  	 client: d5f75fbc-4f64-4f78-b320-2ca770847800 10001 socket closed
2018-06-05 15:31:59 	 [DEBUG] 	 <tcp.go:32>  	 新连接地址为:[127.0.0.1:54778]
2018-06-05 15:31:59 	 [DEBUG] 	 <client_im.go:88>  	 offlineMsg count 0
2018-06-05 15:33:59 	 [DEBUG] 	 <client_heartbeat.go:9>  	 heartBeet
2018-06-05 15:36:00 	 [DEBUG] 	 <client_heartbeat.go:9>  	 heartBeet
2018-06-05 15:38:00 	 [DEBUG] 	 <client_heartbeat.go:9>  	 heartBeet
2018-06-05 15:39:59 	 [DEBUG] 	 <client_heartbeat.go:9>  	 heartBeet
2018-06-05 15:42:00 	 [DEBUG] 	 <client_heartbeat.go:9>  	 heartBeet
2018-06-05 15:43:11 	 [DEBUG] 	 <protocol.go:134>  	 sock read error:EOF
2018-06-05 15:43:11 	 [DEBUG] 	 <client.go:83>  	 EOFconnect offline
2018-06-05 15:43:11 	 [DEBUG] 	 <client.go:148>  	 close client:10001, d5f75fbc-4f64-4f78-b320-2ca770847800
2018-06-05 15:43:11 	 [DEBUG] 	 <client.go:112>  	 client: d5f75fbc-4f64-4f78-b320-2ca770847800 10001 socket closed
2018-06-05 15:50:50 	 [DEBUG] 	 <tcp.go:32>  	 新连接地址为:[127.0.0.1:55802]
2018-06-05 15:50:50 	 [DEBUG] 	 <client_im.go:88>  	 offlineMsg count 0
2018-06-05 15:51:38 	 [DEBUG] 	 <protocol.go:134>  	 sock read error:EOF
2018-06-05 15:51:38 	 [DEBUG] 	 <client.go:83>  	 EOFconnect offline
2018-06-05 15:51:38 	 [DEBUG] 	 <client.go:148>  	 close client:10001, d5f75fbc-4f64-4f78-b320-2ca770847800
2018-06-05 15:51:38 	 [DEBUG] 	 <client.go:112>  	 client: d5f75fbc-4f64-4f78-b320-2ca770847800 10001 socket closed
2018-06-05 15:51:46 	 [DEBUG] 	 <tcp.go:32>  	 新连接地址为:[127.0.0.1:55864]
2018-06-05 15:51:46 	 [DEBUG] 	 <client_im.go:88>  	 offlineMsg count 0
2018-06-05 15:53:00 	 [DEBUG] 	 <protocol.go:134>  	 sock read error:EOF
2018-06-05 15:53:00 	 [DEBUG] 	 <client.go:83>  	 EOFconnect offline
2018-06-05 15:53:00 	 [DEBUG] 	 <client.go:148>  	 close client:10001, d5f75fbc-4f64-4f78-b320-2ca770847800
2018-06-05 15:53:00 	 [DEBUG] 	 <client.go:112>  	 client: d5f75fbc-4f64-4f78-b320-2ca770847800 10001 socket closed
2018-06-05 15:53:08 	 [DEBUG] 	 <tcp.go:32>  	 新连接地址为:[127.0.0.1:55930]
2018-06-05 15:53:08 	 [DEBUG] 	 <client_im.go:88>  	 offlineMsg count 0
2018-06-05 15:54:17 	 [DEBUG] 	 <protocol.go:134>  	 sock read error:EOF
2018-06-05 15:54:17 	 [DEBUG] 	 <client.go:83>  	 EOFconnect offline
2018-06-05 15:54:17 	 [DEBUG] 	 <client.go:148>  	 close client:10001, d5f75fbc-4f64-4f78-b320-2ca770847800
2018-06-05 15:54:17 	 [DEBUG] 	 <client.go:112>  	 client: d5f75fbc-4f64-4f78-b320-2ca770847800 10001 socket closed
2018-06-05 15:54:24 	 [DEBUG] 	 <tcp.go:32>  	 新连接地址为:[127.0.0.1:55964]
2018-06-05 15:54:24 	 [DEBUG] 	 <client_im.go:88>  	 offlineMsg count 0
2018-06-05 15:56:46 	 [DEBUG] 	 <protocol.go:134>  	 sock read error:EOF
2018-06-05 15:56:46 	 [DEBUG] 	 <client.go:83>  	 EOFconnect offline
2018-06-05 15:56:46 	 [DEBUG] 	 <client.go:148>  	 close client:10001, d5f75fbc-4f64-4f78-b320-2ca770847800
2018-06-05 15:56:46 	 [DEBUG] 	 <client.go:112>  	 client: d5f75fbc-4f64-4f78-b320-2ca770847800 10001 socket closed
2018-06-05 15:56:58 	 [DEBUG] 	 <tcp.go:32>  	 新连接地址为:[127.0.0.1:56166]
2018-06-05 15:56:58 	 [DEBUG] 	 <client_im.go:88>  	 offlineMsg count 0
2018-06-05 15:59:00 	 [DEBUG] 	 <client_heartbeat.go:9>  	 heartBeet
2018-06-05 16:00:04 	 [DEBUG] 	 <protocol.go:134>  	 sock read error:EOF
2018-06-05 16:00:04 	 [DEBUG] 	 <client.go:83>  	 EOFconnect offline
2018-06-05 16:00:04 	 [DEBUG] 	 <client.go:148>  	 close client:10001, d5f75fbc-4f64-4f78-b320-2ca770847800
2018-06-05 16:00:04 	 [DEBUG] 	 <client.go:112>  	 client: d5f75fbc-4f64-4f78-b320-2ca770847800 10001 socket closed
2018-06-05 16:00:10 	 [DEBUG] 	 <tcp.go:32>  	 新连接地址为:[127.0.0.1:56288]
2018-06-05 16:00:10 	 [DEBUG] 	 <client_im.go:88>  	 offlineMsg count 0
2018-06-05 16:00:22 	 [DEBUG] 	 <protocol.go:134>  	 sock read error:EOF
2018-06-05 16:00:22 	 [DEBUG] 	 <client.go:83>  	 EOFconnect offline
2018-06-05 16:00:22 	 [DEBUG] 	 <client.go:148>  	 close client:10001, d5f75fbc-4f64-4f78-b320-2ca770847800
2018-06-05 16:00:22 	 [DEBUG] 	 <client.go:112>  	 client: d5f75fbc-4f64-4f78-b320-2ca770847800 10001 socket closed
2018-06-05 16:00:29 	 [DEBUG] 	 <tcp.go:32>  	 新连接地址为:[127.0.0.1:56292]
2018-06-05 16:00:29 	 [DEBUG] 	 <client_im.go:88>  	 offlineMsg count 0
2018-06-05 16:01:39 	 [DEBUG] 	 <protocol.go:134>  	 sock read error:EOF
2018-06-05 16:01:39 	 [DEBUG] 	 <client.go:83>  	 EOFconnect offline
2018-06-05 16:01:39 	 [DEBUG] 	 <client.go:148>  	 close client:10001, d5f75fbc-4f64-4f78-b320-2ca770847800
2018-06-05 16:01:39 	 [DEBUG] 	 <client.go:112>  	 client: d5f75fbc-4f64-4f78-b320-2ca770847800 10001 socket closed
2018-06-05 16:01:47 	 [DEBUG] 	 <tcp.go:32>  	 新连接地址为:[127.0.0.1:56351]
2018-06-05 16:01:47 	 [DEBUG] 	 <client_im.go:88>  	 offlineMsg count 0
2018-06-05 16:02:16 	 [DEBUG] 	 <protocol.go:134>  	 sock read error:EOF
2018-06-05 16:02:16 	 [DEBUG] 	 <client.go:83>  	 EOFconnect offline
2018-06-05 16:02:16 	 [DEBUG] 	 <client.go:148>  	 close client:10001, d5f75fbc-4f64-4f78-b320-2ca770847800
2018-06-05 16:02:16 	 [DEBUG] 	 <client.go:112>  	 client: d5f75fbc-4f64-4f78-b320-2ca770847800 10001 socket closed
2018-06-05 16:02:23 	 [DEBUG] 	 <tcp.go:32>  	 新连接地址为:[127.0.0.1:56407]
2018-06-05 16:02:23 	 [DEBUG] 	 <client_im.go:88>  	 offlineMsg count 0
2018-06-05 16:03:24 	 [DEBUG] 	 <protocol.go:134>  	 sock read error:EOF
2018-06-05 16:03:24 	 [DEBUG] 	 <client.go:83>  	 EOFconnect offline
2018-06-05 16:03:24 	 [DEBUG] 	 <client.go:148>  	 close client:10001, d5f75fbc-4f64-4f78-b320-2ca770847800
2018-06-05 16:03:24 	 [DEBUG] 	 <client.go:112>  	 client: d5f75fbc-4f64-4f78-b320-2ca770847800 10001 socket closed
2018-06-05 16:03:31 	 [DEBUG] 	 <tcp.go:32>  	 新连接地址为:[127.0.0.1:56444]
2018-06-05 16:03:31 	 [DEBUG] 	 <client_im.go:88>  	 offlineMsg count 0
2018-06-05 16:04:32 	 [DEBUG] 	 <protocol.go:134>  	 sock read error:EOF
2018-06-05 16:04:32 	 [DEBUG] 	 <client.go:83>  	 EOFconnect offline
2018-06-05 16:04:32 	 [DEBUG] 	 <client.go:148>  	 close client:10001, d5f75fbc-4f64-4f78-b320-2ca770847800
2018-06-05 16:04:32 	 [DEBUG] 	 <client.go:112>  	 client: d5f75fbc-4f64-4f78-b320-2ca770847800 10001 socket closed
2018-06-05 16:12:31 	 [DEBUG] 	 <tcp.go:32>  	 新连接地址为:[127.0.0.1:56800]
2018-06-05 16:12:31 	 [DEBUG] 	 <client_im.go:88>  	 offlineMsg count 0
2018-06-05 16:14:06 	 [DEBUG] 	 <protocol.go:134>  	 sock read error:EOF
2018-06-05 16:14:06 	 [DEBUG] 	 <client.go:83>  	 EOFconnect offline
2018-06-05 16:14:06 	 [DEBUG] 	 <client.go:148>  	 close client:10001, d5f75fbc-4f64-4f78-b320-2ca770847800
2018-06-05 16:14:06 	 [DEBUG] 	 <client.go:112>  	 client: d5f75fbc-4f64-4f78-b320-2ca770847800 10001 socket closed
2018-06-05 16:14:12 	 [DEBUG] 	 <tcp.go:32>  	 新连接地址为:[127.0.0.1:56857]
2018-06-05 16:14:12 	 [DEBUG] 	 <client_im.go:88>  	 offlineMsg count 0
2018-06-05 16:14:15 	 [DEBUG] 	 <protocol.go:134>  	 sock read error:EOF
2018-06-05 16:14:15 	 [DEBUG] 	 <client.go:83>  	 EOFconnect offline
2018-06-05 16:14:15 	 [DEBUG] 	 <client.go:148>  	 close client:10001, d5f75fbc-4f64-4f78-b320-2ca770847800
2018-06-05 16:14:15 	 [DEBUG] 	 <client.go:112>  	 client: d5f75fbc-4f64-4f78-b320-2ca770847800 10001 socket closed
2018-06-05 16:14:22 	 [DEBUG] 	 <tcp.go:32>  	 新连接地址为:[127.0.0.1:56861]
2018-06-05 16:14:22 	 [DEBUG] 	 <client_im.go:88>  	 offlineMsg count 0
2018-06-05 16:14:51 	 [DEBUG] 	 <protocol.go:134>  	 sock read error:EOF
2018-06-05 16:14:51 	 [DEBUG] 	 <client.go:83>  	 EOFconnect offline
2018-06-05 16:14:51 	 [DEBUG] 	 <client.go:148>  	 close client:10001, d5f75fbc-4f64-4f78-b320-2ca770847800
2018-06-05 16:14:51 	 [DEBUG] 	 <client.go:112>  	 client: d5f75fbc-4f64-4f78-b320-2ca770847800 10001 socket closed
2018-06-05 16:14:56 	 [DEBUG] 	 <tcp.go:32>  	 新连接地址为:[127.0.0.1:56872]
2018-06-05 16:14:56 	 [DEBUG] 	 <client_im.go:88>  	 offlineMsg count 0
2018-06-05 16:20:56 	 [DEBUG] 	 <protocol.go:134>  	 sock read error:read tcp 127.0.0.1:62310->127.0.0.1:56872: i/o timeout
2018-06-05 16:20:56 	 [DEBUG] 	 <client.go:148>  	 close client:10001, d5f75fbc-4f64-4f78-b320-2ca770847800
2018-06-05 16:20:56 	 [DEBUG] 	 <client.go:112>  	 client: d5f75fbc-4f64-4f78-b320-2ca770847800 10001 socket closed
2018-06-05 16:23:06 	 [DEBUG] 	 <tcp.go:32>  	 新连接地址为:[127.0.0.1:57134]
2018-06-05 16:23:06 	 [DEBUG] 	 <client_im.go:88>  	 offlineMsg count 0
2018-06-05 16:23:40 	 [DEBUG] 	 <protocol.go:134>  	 sock read error:EOF
2018-06-05 16:23:40 	 [DEBUG] 	 <client.go:83>  	 EOFconnect offline
2018-06-05 16:23:40 	 [DEBUG] 	 <client.go:148>  	 close client:10001, d5f75fbc-4f64-4f78-b320-2ca770847800
2018-06-05 16:23:40 	 [DEBUG] 	 <client.go:112>  	 client: d5f75fbc-4f64-4f78-b320-2ca770847800 10001 socket closed
2018-06-05 16:23:48 	 [DEBUG] 	 <tcp.go:32>  	 新连接地址为:[127.0.0.1:57144]
2018-06-05 16:23:48 	 [DEBUG] 	 <client_im.go:88>  	 offlineMsg count 0
2018-06-05 16:25:48 	 [DEBUG] 	 <client_heartbeat.go:9>  	 heartBeet
2018-06-05 16:26:48 	 [DEBUG] 	 <protocol.go:134>  	 sock read error:EOF
2018-06-05 16:26:48 	 [DEBUG] 	 <client.go:83>  	 EOFconnect offline
2018-06-05 16:26:48 	 [DEBUG] 	 <client.go:148>  	 close client:10001, d5f75fbc-4f64-4f78-b320-2ca770847800
2018-06-05 16:26:48 	 [DEBUG] 	 <client.go:112>  	 client: d5f75fbc-4f64-4f78-b320-2ca770847800 10001 socket closed
2018-06-05 16:27:12 	 [DEBUG] 	 <tcp.go:32>  	 新连接地址为:[127.0.0.1:57264]
2018-06-05 16:27:12 	 [DEBUG] 	 <client_im.go:88>  	 offlineMsg count 0
2018-06-05 16:27:53 	 [DEBUG] 	 <protocol.go:134>  	 sock read error:EOF
2018-06-05 16:27:53 	 [DEBUG] 	 <client.go:83>  	 EOFconnect offline
2018-06-05 16:27:53 	 [DEBUG] 	 <client.go:148>  	 close client:10001, d5f75fbc-4f64-4f78-b320-2ca770847800
2018-06-05 16:27:53 	 [DEBUG] 	 <client.go:112>  	 client: d5f75fbc-4f64-4f78-b320-2ca770847800 10001 socket closed
2018-06-05 16:28:01 	 [DEBUG] 	 <tcp.go:32>  	 新连接地址为:[127.0.0.1:57291]
2018-06-05 16:28:01 	 [DEBUG] 	 <client_im.go:88>  	 offlineMsg count 0
2018-06-05 16:30:03 	 [DEBUG] 	 <client_heartbeat.go:9>  	 heartBeet
2018-06-05 16:32:01 	 [DEBUG] 	 <client_heartbeat.go:9>  	 heartBeet
2018-06-05 16:33:59 	 [DEBUG] 	 <protocol.go:134>  	 sock read error:EOF
2018-06-05 16:33:59 	 [DEBUG] 	 <client.go:83>  	 EOFconnect offline
2018-06-05 16:33:59 	 [DEBUG] 	 <client.go:148>  	 close client:10001, d5f75fbc-4f64-4f78-b320-2ca770847800
2018-06-05 16:33:59 	 [DEBUG] 	 <client.go:112>  	 client: d5f75fbc-4f64-4f78-b320-2ca770847800 10001 socket closed
2018-06-05 16:34:07 	 [DEBUG] 	 <tcp.go:32>  	 新连接地址为:[127.0.0.1:57731]
2018-06-05 16:34:07 	 [DEBUG] 	 <client_im.go:88>  	 offlineMsg count 0
2018-06-05 16:34:25 	 [DEBUG] 	 <protocol.go:134>  	 sock read error:EOF
2018-06-05 16:34:25 	 [DEBUG] 	 <client.go:83>  	 EOFconnect offline
2018-06-05 16:34:25 	 [DEBUG] 	 <client.go:148>  	 close client:10001, d5f75fbc-4f64-4f78-b320-2ca770847800
2018-06-05 16:34:25 	 [DEBUG] 	 <client.go:112>  	 client: d5f75fbc-4f64-4f78-b320-2ca770847800 10001 socket closed
2018-06-05 16:34:32 	 [DEBUG] 	 <tcp.go:32>  	 新连接地址为:[127.0.0.1:57760]
2018-06-05 16:34:32 	 [DEBUG] 	 <client_im.go:88>  	 offlineMsg count 0
2018-06-05 16:35:31 	 [DEBUG] 	 <protocol.go:134>  	 sock read error:EOF
2018-06-05 16:35:31 	 [DEBUG] 	 <client.go:83>  	 EOFconnect offline
2018-06-05 16:35:31 	 [DEBUG] 	 <client.go:148>  	 close client:10001, d5f75fbc-4f64-4f78-b320-2ca770847800
2018-06-05 16:35:31 	 [DEBUG] 	 <client.go:112>  	 client: d5f75fbc-4f64-4f78-b320-2ca770847800 10001 socket closed
2018-06-05 16:35:39 	 [DEBUG] 	 <tcp.go:32>  	 新连接地址为:[127.0.0.1:57798]
2018-06-05 16:35:39 	 [DEBUG] 	 <client_im.go:88>  	 offlineMsg count 0
2018-06-05 16:36:40 	 [DEBUG] 	 <protocol.go:134>  	 sock read error:EOF
2018-06-05 16:36:40 	 [DEBUG] 	 <client.go:83>  	 EOFconnect offline
2018-06-05 16:36:40 	 [DEBUG] 	 <client.go:148>  	 close client:10001, d5f75fbc-4f64-4f78-b320-2ca770847800
2018-06-05 16:36:40 	 [DEBUG] 	 <client.go:112>  	 client: d5f75fbc-4f64-4f78-b320-2ca770847800 10001 socket closed
2018-06-05 16:36:47 	 [DEBUG] 	 <tcp.go:32>  	 新连接地址为:[127.0.0.1:57814]
2018-06-05 16:36:47 	 [DEBUG] 	 <client_im.go:88>  	 offlineMsg count 0
2018-06-05 16:38:47 	 [DEBUG] 	 <client_heartbeat.go:9>  	 heartBeet
2018-06-05 16:40:49 	 [DEBUG] 	 <client_heartbeat.go:9>  	 heartBeet
2018-06-05 16:42:48 	 [DEBUG] 	 <client_heartbeat.go:9>  	 heartBeet
2018-06-05 16:44:48 	 [DEBUG] 	 <client_heartbeat.go:9>  	 heartBeet
2018-06-05 16:46:48 	 [DEBUG] 	 <client_heartbeat.go:9>  	 heartBeet
2018-06-05 16:47:22 	 [DEBUG] 	 <protocol.go:134>  	 sock read error:EOF
2018-06-05 16:47:22 	 [DEBUG] 	 <client.go:83>  	 EOFconnect offline
2018-06-05 16:47:22 	 [DEBUG] 	 <client.go:148>  	 close client:10001, d5f75fbc-4f64-4f78-b320-2ca770847800
2018-06-05 16:47:22 	 [DEBUG] 	 <client.go:112>  	 client: d5f75fbc-4f64-4f78-b320-2ca770847800 10001 socket closed
2018-06-05 16:47:29 	 [DEBUG] 	 <tcp.go:32>  	 新连接地址为:[127.0.0.1:58212]
2018-06-05 16:47:29 	 [DEBUG] 	 <client_im.go:88>  	 offlineMsg count 0
2018-06-05 16:50:16 	 [DEBUG] 	 <protocol.go:134>  	 sock read error:EOF
2018-06-05 16:50:16 	 [DEBUG] 	 <client.go:83>  	 EOFconnect offline
2018-06-05 16:50:16 	 [DEBUG] 	 <client.go:148>  	 close client:10001, d5f75fbc-4f64-4f78-b320-2ca770847800
2018-06-05 16:50:16 	 [DEBUG] 	 <client.go:112>  	 client: d5f75fbc-4f64-4f78-b320-2ca770847800 10001 socket closed
2018-06-05 16:50:26 	 [DEBUG] 	 <tcp.go:32>  	 新连接地址为:[127.0.0.1:58310]
2018-06-05 16:50:26 	 [DEBUG] 	 <client_im.go:88>  	 offlineMsg count 0
2018-06-05 16:52:27 	 [DEBUG] 	 <client_heartbeat.go:9>  	 heartBeet
2018-06-05 16:54:27 	 [DEBUG] 	 <client_heartbeat.go:9>  	 heartBeet
2018-06-05 16:56:27 	 [DEBUG] 	 <client_heartbeat.go:9>  	 heartBeet
2018-06-05 16:58:26 	 [DEBUG] 	 <client_heartbeat.go:9>  	 heartBeet
2018-06-05 17:00:26 	 [DEBUG] 	 <client_heartbeat.go:9>  	 heartBeet
2018-06-05 17:02:28 	 [DEBUG] 	 <client_heartbeat.go:9>  	 heartBeet
2018-06-05 17:03:00 	 [DEBUG] 	 <protocol.go:134>  	 sock read error:EOF
2018-06-05 17:03:00 	 [DEBUG] 	 <client.go:83>  	 EOFconnect offline
2018-06-05 17:03:00 	 [DEBUG] 	 <client.go:148>  	 close client:10001, d5f75fbc-4f64-4f78-b320-2ca770847800
2018-06-05 17:03:00 	 [DEBUG] 	 <client.go:112>  	 client: d5f75fbc-4f64-4f78-b320-2ca770847800 10001 socket closed
2018-06-05 17:03:08 	 [DEBUG] 	 <tcp.go:32>  	 新连接地址为:[127.0.0.1:58641]
2018-06-05 17:03:08 	 [DEBUG] 	 <client_im.go:88>  	 offlineMsg count 0
2018-06-05 17:03:29 	 [DEBUG] 	 <protocol.go:134>  	 sock read error:EOF
2018-06-05 17:03:29 	 [DEBUG] 	 <client.go:83>  	 EOFconnect offline
2018-06-05 17:03:29 	 [DEBUG] 	 <client.go:148>  	 close client:10001, d5f75fbc-4f64-4f78-b320-2ca770847800
2018-06-05 17:03:29 	 [DEBUG] 	 <client.go:112>  	 client: d5f75fbc-4f64-4f78-b320-2ca770847800 10001 socket closed
2018-06-05 17:03:36 	 [DEBUG] 	 <tcp.go:32>  	 新连接地址为:[127.0.0.1:58670]
2018-06-05 17:03:36 	 [DEBUG] 	 <client_im.go:88>  	 offlineMsg count 0
2018-06-05 17:05:39 	 [DEBUG] 	 <client_heartbeat.go:9>  	 heartBeet
2018-06-05 17:06:28 	 [DEBUG] 	 <protocol.go:134>  	 sock read error:EOF
2018-06-05 17:06:28 	 [DEBUG] 	 <client.go:83>  	 EOFconnect offline
2018-06-05 17:06:28 	 [DEBUG] 	 <client.go:148>  	 close client:10001, d5f75fbc-4f64-4f78-b320-2ca770847800
2018-06-05 17:06:28 	 [DEBUG] 	 <client.go:112>  	 client: d5f75fbc-4f64-4f78-b320-2ca770847800 10001 socket closed
2018-06-05 17:06:35 	 [DEBUG] 	 <tcp.go:32>  	 新连接地址为:[127.0.0.1:58778]
2018-06-05 17:06:35 	 [DEBUG] 	 <client_im.go:88>  	 offlineMsg count 0
2018-06-05 17:12:35 	 [DEBUG] 	 <protocol.go:134>  	 sock read error:read tcp 127.0.0.1:62310->127.0.0.1:58778: i/o timeout
2018-06-05 17:12:35 	 [DEBUG] 	 <client.go:148>  	 close client:10001, d5f75fbc-4f64-4f78-b320-2ca770847800
2018-06-05 17:12:35 	 [DEBUG] 	 <client.go:112>  	 client: d5f75fbc-4f64-4f78-b320-2ca770847800 10001 socket closed
2018-06-05 17:22:44 	 [DEBUG] 	 <tcp.go:32>  	 新连接地址为:[192.168.31.41:58757]
2018-06-05 17:22:44 	 [DEBUG] 	 <client_im.go:88>  	 offlineMsg count 4
2018-06-05 17:22:44 	 [DEBUG] 	 <client_im.go:102>  	 offline msg :sender:10001,receiver:10002,timestamp:1528175902,msgId:17269,body:{"content":"M3fYR21gYhUICM13892929899S4nqTSQWHE1nWGNGrDjwMSyfWE1XK0P6a1KIZmCpVB88iblrmT7oZlipFm5aheSvLwX135mWZHOdKxeXfUJauobDl0t4g943CCmxlbNQr0IatzHBrNSFZ0oZM0ICpuvudaKBrRmF4http:\/\/www.baidu.com","type":1,"uuid":"7A6CE9DB-68DF-496B-B213-230498547BF0"}
2018-06-05 17:22:44 	 [DEBUG] 	 <client_im.go:102>  	 offline msg :sender:10001,receiver:10002,timestamp:1528175903,msgId:17270,body:{"content":"L6YDbPxvXbsk7JEeuc5unUvPpuGS13892929899GzELrGcljTo9d8LO6GeNjPwYA78CXaF5mUyzeOhiXKwj90zLDaDs0MhKpUCfuBg0L912mlZS9A6AGLifuYFnObnwLwnIeJ71zkbw9yvLTyG0lzURz4Pjhttp:\/\/www.baidu.com","type":1,"uuid":"F213E0CB-4247-42D2-BCBB-2E44AEE76C04"}
2018-06-05 17:22:44 	 [DEBUG] 	 <client_im.go:102>  	 offline msg :sender:10001,receiver:10002,timestamp:1528175903,msgId:17271,body:{"content":"GrqwC55K3MDwjLaLtgkFf3lX13892929899l2lWcIkjeknzGFNPhjbiuY5u3HilflA4GEacmxLZQWUTQgEIW7BtM289HF5nAQBUcHllNHUNu3uJR6fxRIeHMAhttp:\/\/www.baidu.com","type":1,"uuid":"139FEF7D-B11E-4002-9516-EFD222FC2945"}
2018-06-05 17:22:44 	 [DEBUG] 	 <client_im.go:102>  	 offline msg :sender:10001,receiver:10002,timestamp:1528175903,msgId:17272,body:{"content":"bZ5LXfoQXdnhTKboG13892929899Fmi2xv70yUELfydoEPfxWlExaCjC1aqCgqjFhuqN4xJhttp:\/\/www.baidu.com","type":1,"uuid":"CC5AA4F7-DBFA-436E-BC9F-E38CC91E36BF"}
2018-06-05 17:22:44 	 [DEBUG] 	 <connection.go:106>  	 TODO(need offline push )can't send message, appid:10 uid:10001 cmd:4
2018-06-05 17:22:44 	 [DEBUG] 	 <connection.go:106>  	 TODO(need offline push )can't send message, appid:10 uid:10001 cmd:4
2018-06-05 17:22:44 	 [DEBUG] 	 <connection.go:106>  	 TODO(need offline push )can't send message, appid:10 uid:10001 cmd:4
2018-06-05 17:22:44 	 [DEBUG] 	 <connection.go:106>  	 TODO(need offline push )can't send message, appid:10 uid:10001 cmd:4
2018-06-05 17:23:00 	 [DEBUG] 	 <protocol.go:134>  	 sock read error:EOF
2018-06-05 17:23:00 	 [DEBUG] 	 <client.go:83>  	 EOFconnect offline
2018-06-05 17:23:00 	 [DEBUG] 	 <client.go:148>  	 close client:10002, 80d07eb7-09d5-4332-aa4d-01990a291dfd
2018-06-05 17:23:00 	 [DEBUG] 	 <client.go:112>  	 client: 80d07eb7-09d5-4332-aa4d-01990a291dfd 10002 socket closed
2018-06-05 17:23:13 	 [DEBUG] 	 <tcp.go:32>  	 新连接地址为:[192.168.31.41:58775]
2018-06-05 17:23:13 	 [DEBUG] 	 <client_im.go:88>  	 offlineMsg count 0
2018-06-05 17:25:15 	 [DEBUG] 	 <client_heartbeat.go:9>  	 heartBeet
2018-06-05 17:27:15 	 [DEBUG] 	 <client_heartbeat.go:9>  	 heartBeet
2018-06-05 17:27:50 	 [DEBUG] 	 <protocol.go:134>  	 sock read error:EOF
2018-06-05 17:27:50 	 [DEBUG] 	 <client.go:83>  	 EOFconnect offline
2018-06-05 17:27:50 	 [DEBUG] 	 <client.go:148>  	 close client:10002, 80d07eb7-09d5-4332-aa4d-01990a291dfd
2018-06-05 17:27:50 	 [DEBUG] 	 <client.go:112>  	 client: 80d07eb7-09d5-4332-aa4d-01990a291dfd 10002 socket closed
2018-06-05 17:28:02 	 [DEBUG] 	 <tcp.go:32>  	 新连接地址为:[192.168.31.41:58796]
2018-06-05 17:28:02 	 [DEBUG] 	 <client_im.go:88>  	 offlineMsg count 0
2018-06-05 17:30:03 	 [DEBUG] 	 <client_heartbeat.go:9>  	 heartBeet
2018-06-05 17:30:51 	 [DEBUG] 	 <protocol.go:134>  	 sock read error:EOF
2018-06-05 17:30:51 	 [DEBUG] 	 <client.go:83>  	 EOFconnect offline
2018-06-05 17:30:51 	 [DEBUG] 	 <client.go:148>  	 close client:10002, 80d07eb7-09d5-4332-aa4d-01990a291dfd
2018-06-05 17:30:51 	 [DEBUG] 	 <client.go:112>  	 client: 80d07eb7-09d5-4332-aa4d-01990a291dfd 10002 socket closed
2018-06-05 17:31:04 	 [DEBUG] 	 <tcp.go:32>  	 新连接地址为:[192.168.31.41:58818]
2018-06-05 17:31:04 	 [DEBUG] 	 <client_im.go:88>  	 offlineMsg count 0
2018-06-05 17:34:04 	 [DEBUG] 	 <client_heartbeat.go:9>  	 heartBeet
2018-06-05 17:35:23 	 [DEBUG] 	 <protocol.go:134>  	 sock read error:EOF
2018-06-05 17:35:23 	 [DEBUG] 	 <client.go:83>  	 EOFconnect offline
2018-06-05 17:35:23 	 [DEBUG] 	 <client.go:148>  	 close client:10002, 80d07eb7-09d5-4332-aa4d-01990a291dfd
2018-06-05 17:35:23 	 [DEBUG] 	 <client.go:112>  	 client: 80d07eb7-09d5-4332-aa4d-01990a291dfd 10002 socket closed
2018-06-05 17:37:02 	 [DEBUG] 	 <tcp.go:32>  	 新连接地址为:[192.168.31.41:58844]
2018-06-05 17:37:02 	 [DEBUG] 	 <client_im.go:88>  	 offlineMsg count 0
2018-06-05 17:37:21 	 [DEBUG] 	 <protocol.go:134>  	 sock read error:EOF
2018-06-05 17:37:21 	 [DEBUG] 	 <client.go:83>  	 EOFconnect offline
2018-06-05 17:37:21 	 [DEBUG] 	 <client.go:148>  	 close client:10002, 80d07eb7-09d5-4332-aa4d-01990a291dfd
2018-06-05 17:37:21 	 [DEBUG] 	 <client.go:112>  	 client: 80d07eb7-09d5-4332-aa4d-01990a291dfd 10002 socket closed
2018-06-05 17:37:29 	 [DEBUG] 	 <tcp.go:32>  	 新连接地址为:[192.168.31.41:58874]
2018-06-05 17:37:29 	 [DEBUG] 	 <client_im.go:88>  	 offlineMsg count 0
2018-06-05 17:41:15 	 [DEBUG] 	 <protocol.go:134>  	 sock read error:EOF
2018-06-05 17:41:15 	 [DEBUG] 	 <client.go:83>  	 EOFconnect offline
2018-06-05 17:41:15 	 [DEBUG] 	 <client.go:148>  	 close client:10002, 80d07eb7-09d5-4332-aa4d-01990a291dfd
2018-06-05 17:41:15 	 [DEBUG] 	 <client.go:112>  	 client: 80d07eb7-09d5-4332-aa4d-01990a291dfd 10002 socket closed
2018-06-05 17:41:44 	 [DEBUG] 	 <tcp.go:32>  	 新连接地址为:[192.168.31.41:58920]
2018-06-05 17:41:44 	 [DEBUG] 	 <client_im.go:88>  	 offlineMsg count 0
2018-06-05 17:42:51 	 [DEBUG] 	 <protocol.go:134>  	 sock read error:EOF
2018-06-05 17:42:51 	 [DEBUG] 	 <client.go:83>  	 EOFconnect offline
2018-06-05 17:42:51 	 [DEBUG] 	 <client.go:148>  	 close client:10002, 80d07eb7-09d5-4332-aa4d-01990a291dfd
2018-06-05 17:42:51 	 [DEBUG] 	 <client.go:112>  	 client: 80d07eb7-09d5-4332-aa4d-01990a291dfd 10002 socket closed
2018-06-05 19:46:13 	 [DEBUG] 	 <tcp.go:32>  	 新连接地址为:[192.168.31.41:59030]
2018-06-05 19:46:13 	 [DEBUG] 	 <client_im.go:88>  	 offlineMsg count 0
2018-06-05 19:47:50 	 [DEBUG] 	 <protocol.go:134>  	 sock read error:EOF
2018-06-05 19:47:50 	 [DEBUG] 	 <client.go:83>  	 EOFconnect offline
2018-06-05 19:47:50 	 [DEBUG] 	 <client.go:148>  	 close client:10002, 80d07eb7-09d5-4332-aa4d-01990a291dfd
2018-06-05 19:47:50 	 [DEBUG] 	 <client.go:112>  	 client: 80d07eb7-09d5-4332-aa4d-01990a291dfd 10002 socket closed
2018-06-05 19:48:03 	 [DEBUG] 	 <tcp.go:32>  	 新连接地址为:[192.168.31.41:59050]
2018-06-05 19:48:03 	 [DEBUG] 	 <client_im.go:88>  	 offlineMsg count 0
2018-06-05 19:50:06 	 [DEBUG] 	 <client_heartbeat.go:9>  	 heartBeet
2018-06-05 19:52:06 	 [DEBUG] 	 <client_heartbeat.go:9>  	 heartBeet
2018-06-05 19:54:05 	 [DEBUG] 	 <client_heartbeat.go:9>  	 heartBeet
2018-06-05 19:56:06 	 [DEBUG] 	 <client_heartbeat.go:9>  	 heartBeet
2018-06-05 19:58:06 	 [DEBUG] 	 <client_heartbeat.go:9>  	 heartBeet
2018-06-05 20:00:05 	 [DEBUG] 	 <client_heartbeat.go:9>  	 heartBeet
2018-06-05 20:02:05 	 [DEBUG] 	 <client_heartbeat.go:9>  	 heartBeet
2018-06-05 20:04:06 	 [DEBUG] 	 <client_heartbeat.go:9>  	 heartBeet
2018-06-05 20:06:06 	 [DEBUG] 	 <client_heartbeat.go:9>  	 heartBeet
2018-06-05 20:06:32 	 [DEBUG] 	 <protocol.go:134>  	 sock read error:EOF
2018-06-05 20:06:32 	 [DEBUG] 	 <client.go:83>  	 EOFconnect offline
2018-06-05 20:06:32 	 [DEBUG] 	 <client.go:148>  	 close client:10002, 80d07eb7-09d5-4332-aa4d-01990a291dfd
2018-06-05 20:06:32 	 [DEBUG] 	 <client.go:112>  	 client: 80d07eb7-09d5-4332-aa4d-01990a291dfd 10002 socket closed
2018-06-05 20:07:32 	 [DEBUG] 	 <tcp.go:32>  	 新连接地址为:[192.168.31.41:59070]
2018-06-05 20:07:32 	 [DEBUG] 	 <client_im.go:88>  	 offlineMsg count 0
2018-06-05 20:07:33 	 [DEBUG] 	 <protocol.go:134>  	 sock read error:EOF
2018-06-05 20:07:33 	 [DEBUG] 	 <client.go:83>  	 EOFconnect offline
2018-06-05 20:07:33 	 [DEBUG] 	 <client.go:148>  	 close client:10002, 80d07eb7-09d5-4332-aa4d-01990a291dfd
2018-06-05 20:07:33 	 [DEBUG] 	 <client.go:112>  	 client: 80d07eb7-09d5-4332-aa4d-01990a291dfd 10002 socket closed
2018-06-05 20:07:43 	 [DEBUG] 	 <tcp.go:32>  	 新连接地址为:[192.168.31.41:59087]
2018-06-05 20:07:43 	 [DEBUG] 	 <client_im.go:88>  	 offlineMsg count 0
2018-06-05 20:08:24 	 [DEBUG] 	 <protocol.go:134>  	 sock read error:EOF
2018-06-05 20:08:24 	 [DEBUG] 	 <client.go:83>  	 EOFconnect offline
2018-06-05 20:08:24 	 [DEBUG] 	 <client.go:148>  	 close client:10002, 80d07eb7-09d5-4332-aa4d-01990a291dfd
2018-06-05 20:08:24 	 [DEBUG] 	 <client.go:112>  	 client: 80d07eb7-09d5-4332-aa4d-01990a291dfd 10002 socket closed
2018-06-05 20:08:44 	 [DEBUG] 	 <tcp.go:32>  	 新连接地址为:[192.168.31.41:59119]
2018-06-05 20:08:44 	 [DEBUG] 	 <client_im.go:88>  	 offlineMsg count 0
2018-06-05 20:10:45 	 [DEBUG] 	 <client_heartbeat.go:9>  	 heartBeet
2018-06-05 20:10:52 	 [DEBUG] 	 <protocol.go:134>  	 sock read error:EOF
2018-06-05 20:10:52 	 [DEBUG] 	 <client.go:83>  	 EOFconnect offline
2018-06-05 20:10:52 	 [DEBUG] 	 <client.go:148>  	 close client:10002, 80d07eb7-09d5-4332-aa4d-01990a291dfd
2018-06-05 20:10:52 	 [DEBUG] 	 <client.go:112>  	 client: 80d07eb7-09d5-4332-aa4d-01990a291dfd 10002 socket closed
2018-06-05 20:11:10 	 [DEBUG] 	 <tcp.go:32>  	 新连接地址为:[192.168.31.41:59139]
2018-06-05 20:11:10 	 [DEBUG] 	 <client_im.go:88>  	 offlineMsg count 0
2018-06-05 20:13:13 	 [DEBUG] 	 <client_heartbeat.go:9>  	 heartBeet
2018-06-05 20:13:18 	 [DEBUG] 	 <protocol.go:134>  	 sock read error:EOF
2018-06-05 20:13:18 	 [DEBUG] 	 <client.go:83>  	 EOFconnect offline
2018-06-05 20:13:18 	 [DEBUG] 	 <client.go:148>  	 close client:10002, 80d07eb7-09d5-4332-aa4d-01990a291dfd
2018-06-05 20:13:18 	 [DEBUG] 	 <client.go:112>  	 client: 80d07eb7-09d5-4332-aa4d-01990a291dfd 10002 socket closed
2018-06-05 20:13:32 	 [DEBUG] 	 <tcp.go:32>  	 新连接地址为:[192.168.31.41:59159]
2018-06-05 20:13:32 	 [DEBUG] 	 <client_im.go:88>  	 offlineMsg count 0
2018-06-05 20:14:10 	 [DEBUG] 	 <protocol.go:134>  	 sock read error:EOF
2018-06-05 20:14:10 	 [DEBUG] 	 <client.go:83>  	 EOFconnect offline
2018-06-05 20:14:10 	 [DEBUG] 	 <client.go:148>  	 close client:10002, 80d07eb7-09d5-4332-aa4d-01990a291dfd
2018-06-05 20:14:10 	 [DEBUG] 	 <client.go:112>  	 client: 80d07eb7-09d5-4332-aa4d-01990a291dfd 10002 socket closed
2018-06-05 20:14:22 	 [DEBUG] 	 <tcp.go:32>  	 新连接地址为:[192.168.31.41:59173]
2018-06-05 20:14:22 	 [DEBUG] 	 <client_im.go:88>  	 offlineMsg count 0
2018-06-05 20:14:40 	 [DEBUG] 	 <protocol.go:134>  	 sock read error:EOF
2018-06-05 20:14:40 	 [DEBUG] 	 <client.go:83>  	 EOFconnect offline
2018-06-05 20:14:40 	 [DEBUG] 	 <client.go:148>  	 close client:10002, 80d07eb7-09d5-4332-aa4d-01990a291dfd
2018-06-05 20:14:40 	 [DEBUG] 	 <client.go:112>  	 client: 80d07eb7-09d5-4332-aa4d-01990a291dfd 10002 socket closed
2018-06-05 20:14:51 	 [DEBUG] 	 <tcp.go:32>  	 新连接地址为:[192.168.31.41:59194]
2018-06-05 20:14:51 	 [DEBUG] 	 <client_im.go:88>  	 offlineMsg count 0
2018-06-05 20:15:22 	 [DEBUG] 	 <protocol.go:134>  	 sock read error:EOF
2018-06-05 20:15:22 	 [DEBUG] 	 <client.go:83>  	 EOFconnect offline
2018-06-05 20:15:22 	 [DEBUG] 	 <client.go:148>  	 close client:10002, 80d07eb7-09d5-4332-aa4d-01990a291dfd
2018-06-05 20:15:22 	 [DEBUG] 	 <client.go:112>  	 client: 80d07eb7-09d5-4332-aa4d-01990a291dfd 10002 socket closed
2018-06-05 20:15:34 	 [DEBUG] 	 <tcp.go:32>  	 新连接地址为:[192.168.31.41:59210]
2018-06-05 20:15:34 	 [DEBUG] 	 <client_im.go:88>  	 offlineMsg count 0
2018-06-05 20:16:22 	 [DEBUG] 	 <protocol.go:134>  	 sock read error:EOF
2018-06-05 20:16:22 	 [DEBUG] 	 <client.go:83>  	 EOFconnect offline
2018-06-05 20:16:22 	 [DEBUG] 	 <client.go:148>  	 close client:10002, 80d07eb7-09d5-4332-aa4d-01990a291dfd
2018-06-05 20:16:22 	 [DEBUG] 	 <client.go:112>  	 client: 80d07eb7-09d5-4332-aa4d-01990a291dfd 10002 socket closed
2018-06-05 20:16:34 	 [DEBUG] 	 <tcp.go:32>  	 新连接地址为:[192.168.31.41:59231]
2018-06-05 20:16:34 	 [DEBUG] 	 <client_im.go:88>  	 offlineMsg count 0
2018-06-05 20:18:08 	 [DEBUG] 	 <protocol.go:134>  	 sock read error:EOF
2018-06-05 20:18:08 	 [DEBUG] 	 <client.go:83>  	 EOFconnect offline
2018-06-05 20:18:08 	 [DEBUG] 	 <client.go:148>  	 close client:10002, 80d07eb7-09d5-4332-aa4d-01990a291dfd
2018-06-05 20:18:08 	 [DEBUG] 	 <client.go:112>  	 client: 80d07eb7-09d5-4332-aa4d-01990a291dfd 10002 socket closed
2018-06-05 20:18:09 	 [DEBUG] 	 <tcp.go:32>  	 新连接地址为:[192.168.31.41:59232]
2018-06-05 20:18:09 	 [DEBUG] 	 <protocol.go:134>  	 sock read error:EOF
2018-06-05 20:18:09 	 [DEBUG] 	 <client.go:83>  	 EOFconnect offline
2018-06-05 20:18:09 	 [DEBUG] 	 <client.go:148>  	 close client:0, 
2018-06-05 20:18:09 	 [DEBUG] 	 <client.go:112>  	 client:  0 socket closed
2018-06-05 20:18:13 	 [DEBUG] 	 <tcp.go:32>  	 新连接地址为:[192.168.31.41:59233]
2018-06-05 20:18:13 	 [DEBUG] 	 <client_im.go:88>  	 offlineMsg count 0
2018-06-05 20:18:14 	 [DEBUG] 	 <protocol.go:134>  	 sock read error:EOF
2018-06-05 20:18:14 	 [DEBUG] 	 <client.go:83>  	 EOFconnect offline
2018-06-05 20:18:14 	 [DEBUG] 	 <client.go:148>  	 close client:10002, 80d07eb7-09d5-4332-aa4d-01990a291dfd
2018-06-05 20:18:14 	 [DEBUG] 	 <client.go:112>  	 client: 80d07eb7-09d5-4332-aa4d-01990a291dfd 10002 socket closed
2018-06-05 20:26:18 	 [DEBUG] 	 <tcp.go:32>  	 新连接地址为:[192.168.31.41:59284]
2018-06-05 20:26:18 	 [DEBUG] 	 <client_im.go:88>  	 offlineMsg count 0
2018-06-05 20:27:24 	 [DEBUG] 	 <protocol.go:134>  	 sock read error:EOF
2018-06-05 20:27:24 	 [DEBUG] 	 <client.go:83>  	 EOFconnect offline
2018-06-05 20:27:24 	 [DEBUG] 	 <client.go:148>  	 close client:10002, 80d07eb7-09d5-4332-aa4d-01990a291dfd
2018-06-05 20:27:24 	 [DEBUG] 	 <client.go:112>  	 client: 80d07eb7-09d5-4332-aa4d-01990a291dfd 10002 socket closed
2018-06-05 20:28:25 	 [DEBUG] 	 <tcp.go:32>  	 新连接地址为:[192.168.31.41:59306]
2018-06-05 20:28:25 	 [DEBUG] 	 <client_im.go:88>  	 offlineMsg count 0
2018-06-05 20:29:00 	 [DEBUG] 	 <protocol.go:134>  	 sock read error:EOF
2018-06-05 20:29:00 	 [DEBUG] 	 <client.go:83>  	 EOFconnect offline
2018-06-05 20:29:00 	 [DEBUG] 	 <client.go:148>  	 close client:10002, 80d07eb7-09d5-4332-aa4d-01990a291dfd
2018-06-05 20:29:00 	 [DEBUG] 	 <client.go:112>  	 client: 80d07eb7-09d5-4332-aa4d-01990a291dfd 10002 socket closed
2018-06-05 20:29:26 	 [DEBUG] 	 <tcp.go:32>  	 新连接地址为:[192.168.31.41:59341]
2018-06-05 20:29:26 	 [DEBUG] 	 <client_im.go:88>  	 offlineMsg count 0
2018-06-05 20:30:05 	 [DEBUG] 	 <protocol.go:134>  	 sock read error:EOF
2018-06-05 20:30:05 	 [DEBUG] 	 <client.go:83>  	 EOFconnect offline
2018-06-05 20:30:05 	 [DEBUG] 	 <client.go:148>  	 close client:10002, 80d07eb7-09d5-4332-aa4d-01990a291dfd
2018-06-05 20:30:05 	 [DEBUG] 	 <client.go:112>  	 client: 80d07eb7-09d5-4332-aa4d-01990a291dfd 10002 socket closed
2018-06-05 20:31:44 	 [DEBUG] 	 <tcp.go:32>  	 新连接地址为:[192.168.31.41:59369]
2018-06-05 20:31:44 	 [DEBUG] 	 <client_im.go:88>  	 offlineMsg count 0
2018-06-05 20:32:15 	 [DEBUG] 	 <protocol.go:134>  	 sock read error:EOF
2018-06-05 20:32:15 	 [DEBUG] 	 <client.go:83>  	 EOFconnect offline
2018-06-05 20:32:15 	 [DEBUG] 	 <client.go:148>  	 close client:10002, 80d07eb7-09d5-4332-aa4d-01990a291dfd
2018-06-05 20:32:15 	 [DEBUG] 	 <client.go:112>  	 client: 80d07eb7-09d5-4332-aa4d-01990a291dfd 10002 socket closed
2018-06-05 20:32:26 	 [DEBUG] 	 <tcp.go:32>  	 新连接地址为:[192.168.31.41:59387]
2018-06-05 20:32:26 	 [DEBUG] 	 <client_im.go:88>  	 offlineMsg count 0
2018-06-05 20:34:28 	 [DEBUG] 	 <client_heartbeat.go:9>  	 heartBeet
2018-06-05 20:36:29 	 [DEBUG] 	 <client_heartbeat.go:9>  	 heartBeet
2018-06-05 20:38:29 	 [DEBUG] 	 <client_heartbeat.go:9>  	 heartBeet
2018-06-05 20:40:28 	 [DEBUG] 	 <client_heartbeat.go:9>  	 heartBeet
2018-06-05 20:41:13 	 [DEBUG] 	 <protocol.go:134>  	 sock read error:EOF
2018-06-05 20:41:13 	 [DEBUG] 	 <client.go:83>  	 EOFconnect offline
2018-06-05 20:41:13 	 [DEBUG] 	 <client.go:148>  	 close client:10002, 80d07eb7-09d5-4332-aa4d-01990a291dfd
2018-06-05 20:41:13 	 [DEBUG] 	 <client.go:112>  	 client: 80d07eb7-09d5-4332-aa4d-01990a291dfd 10002 socket closed
2018-06-05 20:41:27 	 [DEBUG] 	 <tcp.go:32>  	 新连接地址为:[192.168.31.41:59405]
2018-06-05 20:41:27 	 [DEBUG] 	 <client_im.go:88>  	 offlineMsg count 0
2018-06-05 20:43:01 	 [DEBUG] 	 <protocol.go:134>  	 sock read error:EOF
2018-06-05 20:43:01 	 [DEBUG] 	 <client.go:83>  	 EOFconnect offline
2018-06-05 20:43:01 	 [DEBUG] 	 <client.go:148>  	 close client:10002, 80d07eb7-09d5-4332-aa4d-01990a291dfd
2018-06-05 20:43:01 	 [DEBUG] 	 <client.go:112>  	 client: 80d07eb7-09d5-4332-aa4d-01990a291dfd 10002 socket closed
2018-06-05 20:44:26 	 [DEBUG] 	 <tcp.go:32>  	 新连接地址为:[192.168.31.41:59441]
2018-06-05 20:44:26 	 [DEBUG] 	 <client_im.go:88>  	 offlineMsg count 0
2018-06-05 20:45:30 	 [DEBUG] 	 <protocol.go:134>  	 sock read error:EOF
2018-06-05 20:45:30 	 [DEBUG] 	 <client.go:83>  	 EOFconnect offline
2018-06-05 20:45:30 	 [DEBUG] 	 <client.go:148>  	 close client:10002, 80d07eb7-09d5-4332-aa4d-01990a291dfd
2018-06-05 20:45:30 	 [DEBUG] 	 <client.go:112>  	 client: 80d07eb7-09d5-4332-aa4d-01990a291dfd 10002 socket closed
2018-06-05 20:45:42 	 [DEBUG] 	 <tcp.go:32>  	 新连接地址为:[192.168.31.41:59462]
2018-06-05 20:45:42 	 [DEBUG] 	 <client_im.go:88>  	 offlineMsg count 0
2018-06-05 20:45:47 	 [DEBUG] 	 <protocol.go:134>  	 sock read error:EOF
2018-06-05 20:45:47 	 [DEBUG] 	 <client.go:83>  	 EOFconnect offline
2018-06-05 20:45:47 	 [DEBUG] 	 <client.go:148>  	 close client:10002, 80d07eb7-09d5-4332-aa4d-01990a291dfd
2018-06-05 20:45:47 	 [DEBUG] 	 <client.go:112>  	 client: 80d07eb7-09d5-4332-aa4d-01990a291dfd 10002 socket closed
2018-06-05 20:45:59 	 [DEBUG] 	 <tcp.go:32>  	 新连接地址为:[192.168.31.41:59477]
2018-06-05 20:45:59 	 [DEBUG] 	 <client_im.go:88>  	 offlineMsg count 0
2018-06-05 20:46:25 	 [DEBUG] 	 <protocol.go:134>  	 sock read error:EOF
2018-06-05 20:46:25 	 [DEBUG] 	 <client.go:83>  	 EOFconnect offline
2018-06-05 20:46:25 	 [DEBUG] 	 <client.go:148>  	 close client:10002, 80d07eb7-09d5-4332-aa4d-01990a291dfd
2018-06-05 20:46:25 	 [DEBUG] 	 <client.go:112>  	 client: 80d07eb7-09d5-4332-aa4d-01990a291dfd 10002 socket closed
2018-06-05 20:46:38 	 [DEBUG] 	 <tcp.go:32>  	 新连接地址为:[192.168.31.41:59493]
2018-06-05 20:46:38 	 [DEBUG] 	 <client_im.go:88>  	 offlineMsg count 0
2018-06-05 20:46:46 	 [DEBUG] 	 <protocol.go:134>  	 sock read error:EOF
2018-06-05 20:46:46 	 [DEBUG] 	 <client.go:83>  	 EOFconnect offline
2018-06-05 20:46:46 	 [DEBUG] 	 <client.go:148>  	 close client:10002, 80d07eb7-09d5-4332-aa4d-01990a291dfd
2018-06-05 20:46:46 	 [DEBUG] 	 <client.go:112>  	 client: 80d07eb7-09d5-4332-aa4d-01990a291dfd 10002 socket closed
2018-06-05 20:46:59 	 [DEBUG] 	 <tcp.go:32>  	 新连接地址为:[192.168.31.41:59509]
2018-06-05 20:46:59 	 [DEBUG] 	 <client_im.go:88>  	 offlineMsg count 0
2018-06-05 20:48:18 	 [DEBUG] 	 <protocol.go:134>  	 sock read error:EOF
2018-06-05 20:48:18 	 [DEBUG] 	 <client.go:83>  	 EOFconnect offline
2018-06-05 20:48:18 	 [DEBUG] 	 <client.go:148>  	 close client:10002, 80d07eb7-09d5-4332-aa4d-01990a291dfd
2018-06-05 20:48:18 	 [DEBUG] 	 <client.go:112>  	 client: 80d07eb7-09d5-4332-aa4d-01990a291dfd 10002 socket closed
2018-06-05 20:48:30 	 [DEBUG] 	 <tcp.go:32>  	 新连接地址为:[192.168.31.41:59527]
2018-06-05 20:48:30 	 [DEBUG] 	 <client_im.go:88>  	 offlineMsg count 0
2018-06-05 20:50:32 	 [DEBUG] 	 <client_heartbeat.go:9>  	 heartBeet
2018-06-05 20:50:47 	 [DEBUG] 	 <protocol.go:134>  	 sock read error:EOF
2018-06-05 20:50:47 	 [DEBUG] 	 <client.go:83>  	 EOFconnect offline
2018-06-05 20:50:47 	 [DEBUG] 	 <client.go:148>  	 close client:10002, 80d07eb7-09d5-4332-aa4d-01990a291dfd
2018-06-05 20:50:47 	 [DEBUG] 	 <client.go:112>  	 client: 80d07eb7-09d5-4332-aa4d-01990a291dfd 10002 socket closed
2018-06-05 20:51:01 	 [DEBUG] 	 <tcp.go:32>  	 新连接地址为:[192.168.31.41:59545]
2018-06-05 20:51:01 	 [DEBUG] 	 <client_im.go:88>  	 offlineMsg count 0
2018-06-05 20:51:38 	 [DEBUG] 	 <protocol.go:134>  	 sock read error:EOF
2018-06-05 20:51:38 	 [DEBUG] 	 <client.go:83>  	 EOFconnect offline
2018-06-05 20:51:38 	 [DEBUG] 	 <client.go:148>  	 close client:10002, 80d07eb7-09d5-4332-aa4d-01990a291dfd
2018-06-05 20:51:38 	 [DEBUG] 	 <client.go:112>  	 client: 80d07eb7-09d5-4332-aa4d-01990a291dfd 10002 socket closed
2018-06-05 20:57:58 	 [DEBUG] 	 <tcp.go:32>  	 新连接地址为:[192.168.31.41:59680]
2018-06-05 20:57:58 	 [DEBUG] 	 <client_im.go:88>  	 offlineMsg count 0
2018-06-05 21:00:42 	 [DEBUG] 	 <protocol.go:134>  	 sock read error:EOF
2018-06-05 21:00:42 	 [DEBUG] 	 <client.go:83>  	 EOFconnect offline
2018-06-05 21:00:42 	 [DEBUG] 	 <client.go:148>  	 close client:10002, 80d07eb7-09d5-4332-aa4d-01990a291dfd
2018-06-05 21:00:42 	 [DEBUG] 	 <client.go:112>  	 client: 80d07eb7-09d5-4332-aa4d-01990a291dfd 10002 socket closed
2018-06-05 21:00:50 	 [DEBUG] 	 <tcp.go:32>  	 新连接地址为:[192.168.31.41:59780]
2018-06-05 21:00:50 	 [DEBUG] 	 <client_im.go:88>  	 offlineMsg count 0
2018-06-05 21:01:30 	 [DEBUG] 	 <protocol.go:134>  	 sock read error:EOF
2018-06-05 21:01:30 	 [DEBUG] 	 <client.go:83>  	 EOFconnect offline
2018-06-05 21:01:30 	 [DEBUG] 	 <client.go:148>  	 close client:10002, 80d07eb7-09d5-4332-aa4d-01990a291dfd
2018-06-05 21:01:30 	 [DEBUG] 	 <client.go:112>  	 client: 80d07eb7-09d5-4332-aa4d-01990a291dfd 10002 socket closed
2018-06-05 21:05:44 	 [DEBUG] 	 <tcp.go:32>  	 新连接地址为:[192.168.31.41:59865]
2018-06-05 21:05:44 	 [DEBUG] 	 <client_im.go:88>  	 offlineMsg count 0
2018-06-05 21:05:59 	 [DEBUG] 	 <protocol.go:134>  	 sock read error:EOF
2018-06-05 21:05:59 	 [DEBUG] 	 <client.go:83>  	 EOFconnect offline
2018-06-05 21:05:59 	 [DEBUG] 	 <client.go:148>  	 close client:10002, 80d07eb7-09d5-4332-aa4d-01990a291dfd
2018-06-05 21:05:59 	 [DEBUG] 	 <client.go:112>  	 client: 80d07eb7-09d5-4332-aa4d-01990a291dfd 10002 socket closed
2018-06-05 21:06:06 	 [DEBUG] 	 <tcp.go:32>  	 新连接地址为:[192.168.31.41:59926]
2018-06-05 21:06:06 	 [DEBUG] 	 <client_im.go:88>  	 offlineMsg count 0
2018-06-05 21:07:40 	 [DEBUG] 	 <protocol.go:134>  	 sock read error:EOF
2018-06-05 21:07:40 	 [DEBUG] 	 <client.go:83>  	 EOFconnect offline
2018-06-05 21:07:40 	 [DEBUG] 	 <client.go:148>  	 close client:10002, 80d07eb7-09d5-4332-aa4d-01990a291dfd
2018-06-05 21:07:40 	 [DEBUG] 	 <client.go:112>  	 client: 80d07eb7-09d5-4332-aa4d-01990a291dfd 10002 socket closed
2018-06-05 21:09:28 	 [DEBUG] 	 <tcp.go:32>  	 新连接地址为:[192.168.31.41:60026]
2018-06-05 21:09:28 	 [DEBUG] 	 <client_im.go:88>  	 offlineMsg count 0
2018-06-05 21:09:51 	 [DEBUG] 	 <protocol.go:134>  	 sock read error:EOF
2018-06-05 21:09:51 	 [DEBUG] 	 <client.go:83>  	 EOFconnect offline
2018-06-05 21:09:51 	 [DEBUG] 	 <client.go:148>  	 close client:10002, 80d07eb7-09d5-4332-aa4d-01990a291dfd
2018-06-05 21:09:51 	 [DEBUG] 	 <client.go:112>  	 client: 80d07eb7-09d5-4332-aa4d-01990a291dfd 10002 socket closed
2018-06-05 21:09:58 	 [DEBUG] 	 <tcp.go:32>  	 新连接地址为:[192.168.31.41:60075]
2018-06-05 21:09:58 	 [DEBUG] 	 <client_im.go:88>  	 offlineMsg count 0
2018-06-05 21:12:00 	 [DEBUG] 	 <client_heartbeat.go:9>  	 heartBeet
2018-06-05 21:14:00 	 [DEBUG] 	 <client_heartbeat.go:9>  	 heartBeet
2018-06-05 21:16:00 	 [DEBUG] 	 <client_heartbeat.go:9>  	 heartBeet
2018-06-05 21:18:00 	 [DEBUG] 	 <client_heartbeat.go:9>  	 heartBeet
2018-06-05 21:20:00 	 [DEBUG] 	 <client_heartbeat.go:9>  	 heartBeet
2018-06-05 21:20:53 	 [DEBUG] 	 <protocol.go:134>  	 sock read error:EOF
2018-06-05 21:20:53 	 [DEBUG] 	 <client.go:83>  	 EOFconnect offline
2018-06-05 21:20:53 	 [DEBUG] 	 <client.go:148>  	 close client:10002, 80d07eb7-09d5-4332-aa4d-01990a291dfd
2018-06-05 21:20:53 	 [DEBUG] 	 <client.go:112>  	 client: 80d07eb7-09d5-4332-aa4d-01990a291dfd 10002 socket closed
2018-06-05 21:21:01 	 [DEBUG] 	 <tcp.go:32>  	 新连接地址为:[192.168.31.41:60165]
2018-06-05 21:21:01 	 [DEBUG] 	 <client_im.go:88>  	 offlineMsg count 0
2018-06-05 21:21:52 	 [DEBUG] 	 <protocol.go:134>  	 sock read error:EOF
2018-06-05 21:21:52 	 [DEBUG] 	 <client.go:83>  	 EOFconnect offline
2018-06-05 21:21:52 	 [DEBUG] 	 <client.go:148>  	 close client:10002, 80d07eb7-09d5-4332-aa4d-01990a291dfd
2018-06-05 21:21:52 	 [DEBUG] 	 <client.go:112>  	 client: 80d07eb7-09d5-4332-aa4d-01990a291dfd 10002 socket closed
2018-06-05 21:21:59 	 [DEBUG] 	 <tcp.go:32>  	 新连接地址为:[192.168.31.41:60248]
2018-06-05 21:21:59 	 [DEBUG] 	 <client_im.go:88>  	 offlineMsg count 0
2018-06-05 21:24:02 	 [DEBUG] 	 <client_heartbeat.go:9>  	 heartBeet
2018-06-05 21:24:54 	 [DEBUG] 	 <protocol.go:134>  	 sock read error:EOF
2018-06-05 21:24:54 	 [DEBUG] 	 <client.go:83>  	 EOFconnect offline
2018-06-05 21:24:54 	 [DEBUG] 	 <client.go:148>  	 close client:10002, 80d07eb7-09d5-4332-aa4d-01990a291dfd
2018-06-05 21:24:54 	 [DEBUG] 	 <client.go:112>  	 client: 80d07eb7-09d5-4332-aa4d-01990a291dfd 10002 socket closed
2018-06-05 21:25:02 	 [DEBUG] 	 <tcp.go:32>  	 新连接地址为:[192.168.31.41:60328]
2018-06-05 21:25:02 	 [DEBUG] 	 <client_im.go:88>  	 offlineMsg count 0
2018-06-05 21:31:02 	 [DEBUG] 	 <protocol.go:134>  	 sock read error:read tcp 192.168.31.74:62310->192.168.31.41:60328: i/o timeout
2018-06-05 21:31:02 	 [DEBUG] 	 <client.go:148>  	 close client:10002, 80d07eb7-09d5-4332-aa4d-01990a291dfd
2018-06-05 21:31:02 	 [DEBUG] 	 <client.go:112>  	 client: 80d07eb7-09d5-4332-aa4d-01990a291dfd 10002 socket closed
2018-06-05 21:34:22 	 [DEBUG] 	 <tcp.go:32>  	 新连接地址为:[192.168.31.41:60414]
2018-06-05 21:34:22 	 [DEBUG] 	 <client_im.go:88>  	 offlineMsg count 0
2018-06-05 21:36:09 	 [DEBUG] 	 <protocol.go:134>  	 sock read error:EOF
2018-06-05 21:36:09 	 [DEBUG] 	 <client.go:83>  	 EOFconnect offline
2018-06-05 21:36:09 	 [DEBUG] 	 <client.go:148>  	 close client:10002, 80d07eb7-09d5-4332-aa4d-01990a291dfd
2018-06-05 21:36:09 	 [DEBUG] 	 <client.go:112>  	 client: 80d07eb7-09d5-4332-aa4d-01990a291dfd 10002 socket closed
2018-06-05 21:36:18 	 [DEBUG] 	 <tcp.go:32>  	 新连接地址为:[192.168.31.41:60501]
2018-06-05 21:36:18 	 [DEBUG] 	 <client_im.go:88>  	 offlineMsg count 0
2018-06-05 21:36:43 	 [DEBUG] 	 <protocol.go:134>  	 sock read error:EOF
2018-06-05 21:36:43 	 [DEBUG] 	 <client.go:83>  	 EOFconnect offline
2018-06-05 21:36:43 	 [DEBUG] 	 <client.go:148>  	 close client:10002, 80d07eb7-09d5-4332-aa4d-01990a291dfd
2018-06-05 21:36:43 	 [DEBUG] 	 <client.go:112>  	 client: 80d07eb7-09d5-4332-aa4d-01990a291dfd 10002 socket closed
2018-06-05 21:36:50 	 [DEBUG] 	 <tcp.go:32>  	 新连接地址为:[192.168.31.41:60583]
2018-06-05 21:36:50 	 [DEBUG] 	 <client_im.go:88>  	 offlineMsg count 0
2018-06-05 21:37:41 	 [DEBUG] 	 <protocol.go:134>  	 sock read error:EOF
2018-06-05 21:37:41 	 [DEBUG] 	 <client.go:83>  	 EOFconnect offline
2018-06-05 21:37:41 	 [DEBUG] 	 <client.go:148>  	 close client:10002, 80d07eb7-09d5-4332-aa4d-01990a291dfd
2018-06-05 21:37:41 	 [DEBUG] 	 <client.go:112>  	 client: 80d07eb7-09d5-4332-aa4d-01990a291dfd 10002 socket closed
2018-06-05 21:47:40 	 [DEBUG] 	 <tcp.go:32>  	 新连接地址为:[192.168.31.41:60679]
2018-06-05 21:47:40 	 [DEBUG] 	 <client_im.go:88>  	 offlineMsg count 0
2018-06-05 21:48:21 	 [DEBUG] 	 <protocol.go:134>  	 sock read error:EOF
2018-06-05 21:48:21 	 [DEBUG] 	 <client.go:83>  	 EOFconnect offline
2018-06-05 21:48:21 	 [DEBUG] 	 <client.go:148>  	 close client:10002, 80d07eb7-09d5-4332-aa4d-01990a291dfd
2018-06-05 21:48:21 	 [DEBUG] 	 <client.go:112>  	 client: 80d07eb7-09d5-4332-aa4d-01990a291dfd 10002 socket closed
2018-06-05 21:48:34 	 [DEBUG] 	 <tcp.go:32>  	 新连接地址为:[192.168.31.41:60744]
2018-06-05 21:48:34 	 [DEBUG] 	 <client_im.go:88>  	 offlineMsg count 0
2018-06-05 21:48:49 	 [DEBUG] 	 <protocol.go:134>  	 sock read error:EOF
2018-06-05 21:48:49 	 [DEBUG] 	 <client.go:83>  	 EOFconnect offline
2018-06-05 21:48:49 	 [DEBUG] 	 <client.go:148>  	 close client:10002, 80d07eb7-09d5-4332-aa4d-01990a291dfd
2018-06-05 21:48:49 	 [DEBUG] 	 <client.go:112>  	 client: 80d07eb7-09d5-4332-aa4d-01990a291dfd 10002 socket closed
2018-06-05 21:49:17 	 [DEBUG] 	 <tcp.go:32>  	 新连接地址为:[127.0.0.1:64882]
2018-06-05 21:49:17 	 [DEBUG] 	 <client_im.go:88>  	 offlineMsg count 4
2018-06-05 21:49:17 	 [DEBUG] 	 <client_im.go:102>  	 offline msg :sender:10002,receiver:10001,timestamp:1528190564,msgId:17273,body:{"ack_msgId":17269,"ack_uuid":"7A6CE9DB-68DF-496B-B213-230498547BF0","sequeneceId":0,"status":2,"type":20,"uuid":"E68D1E4E-8F97-4717-AA31-CC7845691087"}
2018-06-05 21:49:17 	 [DEBUG] 	 <client_im.go:102>  	 offline msg :sender:10002,receiver:10001,timestamp:1528190564,msgId:17274,body:{"ack_msgId":17270,"ack_uuid":"F213E0CB-4247-42D2-BCBB-2E44AEE76C04","sequeneceId":0,"status":2,"type":20,"uuid":"D4B72476-C4DE-4B82-964A-0BF1E4110480"}
2018-06-05 21:49:17 	 [DEBUG] 	 <client_im.go:102>  	 offline msg :sender:10002,receiver:10001,timestamp:1528190564,msgId:17275,body:{"ack_msgId":17271,"ack_uuid":"139FEF7D-B11E-4002-9516-EFD222FC2945","sequeneceId":0,"status":2,"type":20,"uuid":"D72A535E-7193-47DE-BD1E-996DDAB46787"}
2018-06-05 21:49:17 	 [DEBUG] 	 <client_im.go:102>  	 offline msg :sender:10002,receiver:10001,timestamp:1528190564,msgId:17276,body:{"ack_msgId":17272,"ack_uuid":"CC5AA4F7-DBFA-436E-BC9F-E38CC91E36BF","sequeneceId":0,"status":2,"type":20,"uuid":"EA657EF1-ECA2-4CE6-BBFF-0DF5131A314E"}
2018-06-05 21:49:25 	 [DEBUG] 	 <protocol.go:134>  	 sock read error:EOF
2018-06-05 21:49:25 	 [DEBUG] 	 <client.go:83>  	 EOFconnect offline
2018-06-05 21:49:25 	 [DEBUG] 	 <client.go:148>  	 close client:10001, d5f75fbc-4f64-4f78-b320-2ca770847800
2018-06-05 21:49:25 	 [DEBUG] 	 <client.go:112>  	 client: d5f75fbc-4f64-4f78-b320-2ca770847800 10001 socket closed
2018-06-05 21:49:36 	 [DEBUG] 	 <tcp.go:32>  	 新连接地址为:[127.0.0.1:64887]
2018-06-05 21:49:36 	 [DEBUG] 	 <client_im.go:88>  	 offlineMsg count 0
2018-06-05 21:49:42 	 [DEBUG] 	 <protocol.go:134>  	 sock read error:EOF
2018-06-05 21:49:42 	 [DEBUG] 	 <client.go:83>  	 EOFconnect offline
2018-06-05 21:49:42 	 [DEBUG] 	 <client.go:148>  	 close client:10001, d5f75fbc-4f64-4f78-b320-2ca770847800
2018-06-05 21:49:42 	 [DEBUG] 	 <client.go:112>  	 client: d5f75fbc-4f64-4f78-b320-2ca770847800 10001 socket closed
2018-06-05 21:49:48 	 [DEBUG] 	 <tcp.go:32>  	 新连接地址为:[127.0.0.1:64898]
2018-06-05 21:49:48 	 [DEBUG] 	 <client_im.go:88>  	 offlineMsg count 0
2018-06-05 21:49:59 	 [DEBUG] 	 <protocol.go:134>  	 sock read error:EOF
2018-06-05 21:49:59 	 [DEBUG] 	 <client.go:83>  	 EOFconnect offline
2018-06-05 21:49:59 	 [DEBUG] 	 <client.go:148>  	 close client:10001, d5f75fbc-4f64-4f78-b320-2ca770847800
2018-06-05 21:49:59 	 [DEBUG] 	 <client.go:112>  	 client: d5f75fbc-4f64-4f78-b320-2ca770847800 10001 socket closed
2018-06-05 21:50:38 	 [DEBUG] 	 <tcp.go:32>  	 新连接地址为:[192.168.31.41:60835]
2018-06-05 21:50:38 	 [DEBUG] 	 <client_im.go:88>  	 offlineMsg count 0
2018-06-05 21:52:38 	 [DEBUG] 	 <client_heartbeat.go:9>  	 heartBeet
2018-06-05 21:54:40 	 [DEBUG] 	 <client_heartbeat.go:9>  	 heartBeet
2018-06-05 21:55:06 	 [DEBUG] 	 <protocol.go:134>  	 sock read error:EOF
2018-06-05 21:55:06 	 [DEBUG] 	 <client.go:83>  	 EOFconnect offline
2018-06-05 21:55:06 	 [DEBUG] 	 <client.go:148>  	 close client:10002, 80d07eb7-09d5-4332-aa4d-01990a291dfd
2018-06-05 21:55:06 	 [DEBUG] 	 <client.go:112>  	 client: 80d07eb7-09d5-4332-aa4d-01990a291dfd 10002 socket closed
2018-06-05 21:55:14 	 [DEBUG] 	 <tcp.go:32>  	 新连接地址为:[192.168.31.41:60891]
2018-06-05 21:55:14 	 [DEBUG] 	 <client_im.go:88>  	 offlineMsg count 0
2018-06-05 21:55:35 	 [DEBUG] 	 <protocol.go:134>  	 sock read error:EOF
2018-06-05 21:55:35 	 [DEBUG] 	 <client.go:83>  	 EOFconnect offline
2018-06-05 21:55:35 	 [DEBUG] 	 <client.go:148>  	 close client:10002, 80d07eb7-09d5-4332-aa4d-01990a291dfd
2018-06-05 21:55:35 	 [DEBUG] 	 <client.go:112>  	 client: 80d07eb7-09d5-4332-aa4d-01990a291dfd 10002 socket closed
2018-06-05 21:55:43 	 [DEBUG] 	 <tcp.go:32>  	 新连接地址为:[192.168.31.41:60968]
2018-06-05 21:55:43 	 [DEBUG] 	 <client_im.go:88>  	 offlineMsg count 0
2018-06-05 21:57:44 	 [DEBUG] 	 <client_heartbeat.go:9>  	 heartBeet
2018-06-05 21:59:43 	 [DEBUG] 	 <client_heartbeat.go:9>  	 heartBeet
2018-06-05 22:01:45 	 [DEBUG] 	 <client_heartbeat.go:9>  	 heartBeet
2018-06-05 22:03:45 	 [DEBUG] 	 <client_heartbeat.go:9>  	 heartBeet
2018-06-05 22:04:35 	 [DEBUG] 	 <protocol.go:134>  	 sock read error:EOF
2018-06-05 22:04:35 	 [DEBUG] 	 <client.go:83>  	 EOFconnect offline
2018-06-05 22:04:35 	 [DEBUG] 	 <client.go:148>  	 close client:10002, 80d07eb7-09d5-4332-aa4d-01990a291dfd
2018-06-05 22:04:35 	 [DEBUG] 	 <client.go:112>  	 client: 80d07eb7-09d5-4332-aa4d-01990a291dfd 10002 socket closed
2018-06-05 22:04:51 	 [DEBUG] 	 <tcp.go:32>  	 新连接地址为:[192.168.31.41:61132]
2018-06-05 22:04:51 	 [DEBUG] 	 <client_im.go:88>  	 offlineMsg count 0
2018-06-05 22:04:59 	 [DEBUG] 	 <protocol.go:134>  	 sock read error:EOF
2018-06-05 22:04:59 	 [DEBUG] 	 <client.go:83>  	 EOFconnect offline
2018-06-05 22:04:59 	 [DEBUG] 	 <client.go:148>  	 close client:10002, 80d07eb7-09d5-4332-aa4d-01990a291dfd
2018-06-05 22:04:59 	 [DEBUG] 	 <client.go:112>  	 client: 80d07eb7-09d5-4332-aa4d-01990a291dfd 10002 socket closed
2018-06-05 22:05:06 	 [DEBUG] 	 <tcp.go:32>  	 新连接地址为:[192.168.31.41:61185]
2018-06-05 22:05:06 	 [DEBUG] 	 <client_im.go:88>  	 offlineMsg count 0
2018-06-05 22:07:07 	 [DEBUG] 	 <client_heartbeat.go:9>  	 heartBeet
2018-06-05 22:07:26 	 [DEBUG] 	 <protocol.go:134>  	 sock read error:EOF
2018-06-05 22:07:26 	 [DEBUG] 	 <client.go:83>  	 EOFconnect offline
2018-06-05 22:07:26 	 [DEBUG] 	 <client.go:148>  	 close client:10002, 80d07eb7-09d5-4332-aa4d-01990a291dfd
2018-06-05 22:07:26 	 [DEBUG] 	 <client.go:112>  	 client: 80d07eb7-09d5-4332-aa4d-01990a291dfd 10002 socket closed
2018-06-05 22:07:44 	 [DEBUG] 	 <tcp.go:32>  	 新连接地址为:[192.168.31.41:61345]
2018-06-05 22:07:44 	 [DEBUG] 	 <client_im.go:88>  	 offlineMsg count 0
2018-06-05 22:08:27 	 [DEBUG] 	 <protocol.go:134>  	 sock read error:EOF
2018-06-05 22:08:27 	 [DEBUG] 	 <client.go:83>  	 EOFconnect offline
2018-06-05 22:08:27 	 [DEBUG] 	 <client.go:148>  	 close client:10002, 80d07eb7-09d5-4332-aa4d-01990a291dfd
2018-06-05 22:08:27 	 [DEBUG] 	 <client.go:112>  	 client: 80d07eb7-09d5-4332-aa4d-01990a291dfd 10002 socket closed
2018-06-05 22:08:38 	 [DEBUG] 	 <tcp.go:32>  	 新连接地址为:[192.168.31.41:61403]
2018-06-05 22:08:42 	 [DEBUG] 	 <client_im.go:88>  	 offlineMsg count 0
2018-06-05 22:09:34 	 [DEBUG] 	 <protocol.go:134>  	 sock read error:EOF
2018-06-05 22:09:34 	 [DEBUG] 	 <client.go:83>  	 EOFconnect offline
2018-06-05 22:09:34 	 [DEBUG] 	 <client.go:148>  	 close client:10002, 80d07eb7-09d5-4332-aa4d-01990a291dfd
2018-06-05 22:09:34 	 [DEBUG] 	 <client.go:112>  	 client: 80d07eb7-09d5-4332-aa4d-01990a291dfd 10002 socket closed
2018-06-05 22:09:46 	 [DEBUG] 	 <tcp.go:32>  	 新连接地址为:[192.168.31.41:61488]
2018-06-05 22:09:46 	 [DEBUG] 	 <client_im.go:88>  	 offlineMsg count 0
2018-06-05 22:10:31 	 [DEBUG] 	 <protocol.go:134>  	 sock read error:EOF
2018-06-05 22:10:31 	 [DEBUG] 	 <client.go:83>  	 EOFconnect offline
2018-06-05 22:10:31 	 [DEBUG] 	 <client.go:148>  	 close client:10002, 80d07eb7-09d5-4332-aa4d-01990a291dfd
2018-06-05 22:10:31 	 [DEBUG] 	 <client.go:112>  	 client: 80d07eb7-09d5-4332-aa4d-01990a291dfd 10002 socket closed
2018-06-05 22:10:43 	 [DEBUG] 	 <tcp.go:32>  	 新连接地址为:[192.168.31.41:61556]
2018-06-05 22:10:43 	 [DEBUG] 	 <client_im.go:88>  	 offlineMsg count 0
2018-06-05 22:11:18 	 [DEBUG] 	 <protocol.go:134>  	 sock read error:EOF
2018-06-05 22:11:18 	 [DEBUG] 	 <client.go:83>  	 EOFconnect offline
2018-06-05 22:11:18 	 [DEBUG] 	 <client.go:148>  	 close client:10002, 80d07eb7-09d5-4332-aa4d-01990a291dfd
2018-06-05 22:11:18 	 [DEBUG] 	 <client.go:112>  	 client: 80d07eb7-09d5-4332-aa4d-01990a291dfd 10002 socket closed
2018-06-05 22:11:34 	 [DEBUG] 	 <tcp.go:32>  	 新连接地址为:[192.168.31.41:61639]
2018-06-05 22:11:34 	 [DEBUG] 	 <client_im.go:88>  	 offlineMsg count 0
2018-06-05 22:11:57 	 [DEBUG] 	 <protocol.go:134>  	 sock read error:EOF
2018-06-05 22:11:57 	 [DEBUG] 	 <client.go:83>  	 EOFconnect offline
2018-06-05 22:11:57 	 [DEBUG] 	 <client.go:148>  	 close client:10002, 80d07eb7-09d5-4332-aa4d-01990a291dfd
2018-06-05 22:11:57 	 [DEBUG] 	 <client.go:112>  	 client: 80d07eb7-09d5-4332-aa4d-01990a291dfd 10002 socket closed
2018-06-05 22:12:09 	 [DEBUG] 	 <tcp.go:32>  	 新连接地址为:[192.168.31.41:61708]
2018-06-05 22:12:09 	 [DEBUG] 	 <client_im.go:88>  	 offlineMsg count 0
2018-06-05 22:13:00 	 [DEBUG] 	 <protocol.go:134>  	 sock read error:EOF
2018-06-05 22:13:00 	 [DEBUG] 	 <client.go:83>  	 EOFconnect offline
2018-06-05 22:13:00 	 [DEBUG] 	 <client.go:148>  	 close client:10002, 80d07eb7-09d5-4332-aa4d-01990a291dfd
2018-06-05 22:13:00 	 [DEBUG] 	 <client.go:112>  	 client: 80d07eb7-09d5-4332-aa4d-01990a291dfd 10002 socket closed
2018-06-05 22:13:13 	 [DEBUG] 	 <tcp.go:32>  	 新连接地址为:[192.168.31.41:61784]
2018-06-05 22:13:13 	 [DEBUG] 	 <client_im.go:88>  	 offlineMsg count 0
2018-06-05 22:13:44 	 [DEBUG] 	 <protocol.go:134>  	 sock read error:EOF
2018-06-05 22:13:44 	 [DEBUG] 	 <client.go:83>  	 EOFconnect offline
2018-06-05 22:13:44 	 [DEBUG] 	 <client.go:148>  	 close client:10002, 80d07eb7-09d5-4332-aa4d-01990a291dfd
2018-06-05 22:13:44 	 [DEBUG] 	 <client.go:112>  	 client: 80d07eb7-09d5-4332-aa4d-01990a291dfd 10002 socket closed
2018-06-05 22:13:56 	 [DEBUG] 	 <tcp.go:32>  	 新连接地址为:[192.168.31.41:61860]
2018-06-05 22:13:56 	 [DEBUG] 	 <client_im.go:88>  	 offlineMsg count 0
2018-06-05 22:15:56 	 [DEBUG] 	 <client_heartbeat.go:9>  	 heartBeet
2018-06-05 22:17:58 	 [DEBUG] 	 <client_heartbeat.go:9>  	 heartBeet
2018-06-05 22:19:57 	 [DEBUG] 	 <client_heartbeat.go:9>  	 heartBeet
2018-06-05 22:20:23 	 [DEBUG] 	 <protocol.go:134>  	 sock read error:EOF
2018-06-05 22:20:23 	 [DEBUG] 	 <client.go:83>  	 EOFconnect offline
2018-06-05 22:20:23 	 [DEBUG] 	 <client.go:148>  	 close client:10002, 80d07eb7-09d5-4332-aa4d-01990a291dfd
2018-06-05 22:20:23 	 [DEBUG] 	 <client.go:112>  	 client: 80d07eb7-09d5-4332-aa4d-01990a291dfd 10002 socket closed
2018-06-05 22:20:36 	 [DEBUG] 	 <tcp.go:32>  	 新连接地址为:[192.168.31.41:61944]
2018-06-05 22:20:36 	 [DEBUG] 	 <client_im.go:88>  	 offlineMsg count 0
2018-06-05 22:22:38 	 [DEBUG] 	 <client_heartbeat.go:9>  	 heartBeet
2018-06-05 22:24:37 	 [DEBUG] 	 <client_heartbeat.go:9>  	 heartBeet
2018-06-05 22:26:38 	 [DEBUG] 	 <client_heartbeat.go:9>  	 heartBeet
2018-06-05 22:28:38 	 [DEBUG] 	 <client_heartbeat.go:9>  	 heartBeet
2018-06-05 22:30:38 	 [DEBUG] 	 <client_heartbeat.go:9>  	 heartBeet
2018-06-05 22:32:36 	 [DEBUG] 	 <client_heartbeat.go:9>  	 heartBeet
2018-06-05 22:34:38 	 [DEBUG] 	 <client_heartbeat.go:9>  	 heartBeet
2018-06-05 22:36:38 	 [DEBUG] 	 <client_heartbeat.go:9>  	 heartBeet
2018-06-05 22:38:38 	 [DEBUG] 	 <client_heartbeat.go:9>  	 heartBeet
2018-06-05 22:40:36 	 [DEBUG] 	 <client_heartbeat.go:9>  	 heartBeet
2018-06-05 22:42:38 	 [DEBUG] 	 <client_heartbeat.go:9>  	 heartBeet
2018-06-05 22:44:38 	 [DEBUG] 	 <client_heartbeat.go:9>  	 heartBeet
2018-06-05 22:46:38 	 [DEBUG] 	 <client_heartbeat.go:9>  	 heartBeet
2018-06-05 22:48:36 	 [DEBUG] 	 <client_heartbeat.go:9>  	 heartBeet
2018-06-05 22:50:38 	 [DEBUG] 	 <client_heartbeat.go:9>  	 heartBeet
2018-06-05 22:52:38 	 [DEBUG] 	 <client_heartbeat.go:9>  	 heartBeet
2018-06-05 22:54:31 	 [DEBUG] 	 <protocol.go:134>  	 sock read error:EOF
2018-06-05 22:54:31 	 [DEBUG] 	 <client.go:83>  	 EOFconnect offline
2018-06-05 22:54:31 	 [DEBUG] 	 <client.go:148>  	 close client:10002, 80d07eb7-09d5-4332-aa4d-01990a291dfd
2018-06-05 22:54:31 	 [DEBUG] 	 <client.go:112>  	 client: 80d07eb7-09d5-4332-aa4d-01990a291dfd 10002 socket closed
2018-06-05 22:54:46 	 [DEBUG] 	 <tcp.go:32>  	 新连接地址为:[127.0.0.1:49594]
2018-06-05 22:54:46 	 [DEBUG] 	 <client_im.go:88>  	 offlineMsg count 0
2018-06-05 22:56:48 	 [DEBUG] 	 <client_heartbeat.go:9>  	 heartBeet
2018-06-05 22:58:46 	 [DEBUG] 	 <client_heartbeat.go:9>  	 heartBeet
2018-06-05 23:00:46 	 [DEBUG] 	 <client_heartbeat.go:9>  	 heartBeet
2018-06-05 23:02:46 	 [DEBUG] 	 <client_heartbeat.go:9>  	 heartBeet
2018-06-05 23:04:46 	 [DEBUG] 	 <client_heartbeat.go:9>  	 heartBeet
2018-06-05 23:06:46 	 [DEBUG] 	 <client_heartbeat.go:9>  	 heartBeet
2018-06-05 23:08:48 	 [DEBUG] 	 <client_heartbeat.go:9>  	 heartBeet
2018-06-05 23:10:48 	 [DEBUG] 	 <client_heartbeat.go:9>  	 heartBeet
2018-06-05 23:12:48 	 [DEBUG] 	 <client_heartbeat.go:9>  	 heartBeet
2018-06-05 23:14:46 	 [DEBUG] 	 <client_heartbeat.go:9>  	 heartBeet
2018-06-05 23:16:48 	 [DEBUG] 	 <client_heartbeat.go:9>  	 heartBeet
2018-06-05 23:18:48 	 [DEBUG] 	 <client_heartbeat.go:9>  	 heartBeet
2018-06-05 23:20:46 	 [DEBUG] 	 <client_heartbeat.go:9>  	 heartBeet
2018-06-05 23:22:46 	 [DEBUG] 	 <client_heartbeat.go:9>  	 heartBeet
2018-06-05 23:23:33 	 [DEBUG] 	 <protocol.go:134>  	 sock read error:EOF
2018-06-05 23:23:33 	 [DEBUG] 	 <client.go:83>  	 EOFconnect offline
2018-06-05 23:23:33 	 [DEBUG] 	 <client.go:148>  	 close client:10001, d5f75fbc-4f64-4f78-b320-2ca770847800
2018-06-05 23:23:33 	 [DEBUG] 	 <client.go:112>  	 client: d5f75fbc-4f64-4f78-b320-2ca770847800 10001 socket closed
2018-06-05 23:23:40 	 [DEBUG] 	 <tcp.go:32>  	 新连接地址为:[127.0.0.1:50132]
2018-06-05 23:23:40 	 [DEBUG] 	 <client_im.go:88>  	 offlineMsg count 0
2018-06-05 23:25:16 	 [DEBUG] 	 <protocol.go:134>  	 sock read error:EOF
2018-06-05 23:25:16 	 [DEBUG] 	 <client.go:83>  	 EOFconnect offline
2018-06-05 23:25:16 	 [DEBUG] 	 <client.go:148>  	 close client:10001, d5f75fbc-4f64-4f78-b320-2ca770847800
2018-06-05 23:25:16 	 [DEBUG] 	 <client.go:112>  	 client: d5f75fbc-4f64-4f78-b320-2ca770847800 10001 socket closed
2018-06-05 23:25:23 	 [DEBUG] 	 <tcp.go:32>  	 新连接地址为:[127.0.0.1:50142]
2018-06-05 23:25:23 	 [DEBUG] 	 <client_im.go:88>  	 offlineMsg count 0
2018-06-05 23:26:07 	 [DEBUG] 	 <protocol.go:134>  	 sock read error:EOF
2018-06-05 23:26:07 	 [DEBUG] 	 <client.go:83>  	 EOFconnect offline
2018-06-05 23:26:07 	 [DEBUG] 	 <client.go:148>  	 close client:10001, d5f75fbc-4f64-4f78-b320-2ca770847800
2018-06-05 23:26:07 	 [DEBUG] 	 <client.go:112>  	 client: d5f75fbc-4f64-4f78-b320-2ca770847800 10001 socket closed
2018-06-05 23:27:29 	 [DEBUG] 	 <tcp.go:32>  	 新连接地址为:[192.168.31.82:59939]
2018-06-05 23:27:29 	 [DEBUG] 	 <client_im.go:88>  	 offlineMsg count 0
2018-06-05 23:27:41 	 [DEBUG] 	 <connection.go:106>  	 TODO(need offline push )can't send message, appid:10 uid:10001 cmd:4
2018-06-05 23:27:41 	 [DEBUG] 	 <connection.go:106>  	 TODO(need offline push )can't send message, appid:10 uid:10001 cmd:4
2018-06-05 23:27:41 	 [DEBUG] 	 <connection.go:106>  	 TODO(need offline push )can't send message, appid:10 uid:10001 cmd:4
2018-06-05 23:27:41 	 [DEBUG] 	 <connection.go:106>  	 TODO(need offline push )can't send message, appid:10 uid:10001 cmd:4
2018-06-05 23:27:43 	 [DEBUG] 	 <connection.go:106>  	 TODO(need offline push )can't send message, appid:10 uid:10001 cmd:4
2018-06-05 23:27:43 	 [DEBUG] 	 <connection.go:106>  	 TODO(need offline push )can't send message, appid:10 uid:10001 cmd:4
2018-06-05 23:27:43 	 [DEBUG] 	 <connection.go:106>  	 TODO(need offline push )can't send message, appid:10 uid:10001 cmd:4
2018-06-05 23:27:54 	 [DEBUG] 	 <protocol.go:134>  	 sock read error:EOF
2018-06-05 23:27:54 	 [DEBUG] 	 <client.go:83>  	 EOFconnect offline
2018-06-05 23:27:54 	 [DEBUG] 	 <client.go:148>  	 close client:10002, 80d07eb7-09d5-4332-aa4d-01990a291dfd
2018-06-05 23:27:54 	 [DEBUG] 	 <client.go:112>  	 client: 80d07eb7-09d5-4332-aa4d-01990a291dfd 10002 socket closed
2018-06-05 23:28:36 	 [DEBUG] 	 <tcp.go:32>  	 新连接地址为:[192.168.31.82:59979]
2018-06-05 23:28:36 	 [DEBUG] 	 <client_im.go:88>  	 offlineMsg count 0
2018-06-05 23:28:39 	 [DEBUG] 	 <connection.go:106>  	 TODO(need offline push )can't send message, appid:10 uid:10001 cmd:4
2018-06-05 23:28:39 	 [DEBUG] 	 <connection.go:106>  	 TODO(need offline push )can't send message, appid:10 uid:10001 cmd:4
2018-06-05 23:28:39 	 [DEBUG] 	 <connection.go:106>  	 TODO(need offline push )can't send message, appid:10 uid:10001 cmd:4
2018-06-05 23:28:39 	 [DEBUG] 	 <connection.go:106>  	 TODO(need offline push )can't send message, appid:10 uid:10001 cmd:4
2018-06-05 23:28:40 	 [DEBUG] 	 <connection.go:106>  	 TODO(need offline push )can't send message, appid:10 uid:10001 cmd:4
2018-06-05 23:28:40 	 [DEBUG] 	 <connection.go:106>  	 TODO(need offline push )can't send message, appid:10 uid:10001 cmd:4
2018-06-05 23:28:40 	 [DEBUG] 	 <connection.go:106>  	 TODO(need offline push )can't send message, appid:10 uid:10001 cmd:4
2018-06-05 23:28:40 	 [DEBUG] 	 <connection.go:106>  	 TODO(need offline push )can't send message, appid:10 uid:10001 cmd:4
2018-06-05 23:28:40 	 [DEBUG] 	 <connection.go:106>  	 TODO(need offline push )can't send message, appid:10 uid:10001 cmd:4
2018-06-05 23:28:40 	 [DEBUG] 	 <connection.go:106>  	 TODO(need offline push )can't send message, appid:10 uid:10001 cmd:4
2018-06-05 23:28:41 	 [DEBUG] 	 <connection.go:106>  	 TODO(need offline push )can't send message, appid:10 uid:10001 cmd:4
2018-06-05 23:28:48 	 [DEBUG] 	 <connection.go:106>  	 TODO(need offline push )can't send message, appid:10 uid:10001 cmd:4
2018-06-05 23:28:48 	 [DEBUG] 	 <connection.go:106>  	 TODO(need offline push )can't send message, appid:10 uid:10001 cmd:4
2018-06-05 23:28:48 	 [DEBUG] 	 <connection.go:106>  	 TODO(need offline push )can't send message, appid:10 uid:10001 cmd:4
2018-06-05 23:28:49 	 [DEBUG] 	 <connection.go:106>  	 TODO(need offline push )can't send message, appid:10 uid:10001 cmd:4
2018-06-05 23:28:49 	 [DEBUG] 	 <connection.go:106>  	 TODO(need offline push )can't send message, appid:10 uid:10001 cmd:4
2018-06-05 23:28:49 	 [DEBUG] 	 <connection.go:106>  	 TODO(need offline push )can't send message, appid:10 uid:10001 cmd:4
2018-06-05 23:28:49 	 [DEBUG] 	 <connection.go:106>  	 TODO(need offline push )can't send message, appid:10 uid:10001 cmd:4
2018-06-05 23:28:49 	 [DEBUG] 	 <connection.go:106>  	 TODO(need offline push )can't send message, appid:10 uid:10001 cmd:4
2018-06-05 23:28:50 	 [DEBUG] 	 <connection.go:106>  	 TODO(need offline push )can't send message, appid:10 uid:10001 cmd:4
2018-06-05 23:28:50 	 [DEBUG] 	 <connection.go:106>  	 TODO(need offline push )can't send message, appid:10 uid:10001 cmd:4
2018-06-05 23:28:50 	 [DEBUG] 	 <connection.go:106>  	 TODO(need offline push )can't send message, appid:10 uid:10001 cmd:4
2018-06-05 23:28:50 	 [DEBUG] 	 <connection.go:106>  	 TODO(need offline push )can't send message, appid:10 uid:10001 cmd:4
2018-06-05 23:28:50 	 [DEBUG] 	 <connection.go:106>  	 TODO(need offline push )can't send message, appid:10 uid:10001 cmd:4
2018-06-05 23:28:51 	 [DEBUG] 	 <connection.go:106>  	 TODO(need offline push )can't send message, appid:10 uid:10001 cmd:4
2018-06-05 23:29:02 	 [DEBUG] 	 <tcp.go:32>  	 新连接地址为:[127.0.0.1:50406]
2018-06-05 23:29:02 	 [DEBUG] 	 <client_im.go:88>  	 offlineMsg count 32
2018-06-05 23:29:02 	 [DEBUG] 	 <client_im.go:102>  	 offline msg :sender:10002,receiver:10001,timestamp:1528212461,msgId:17277,body:{"content":"RWK6viTwoIzgbL13892929899K9rBdJRobOQyrthop13xn3SR1wGbodM4x1yrcEcQSjNbWhtKmmkTikfGoic4GOymmqCANoK8EpD1CDaDnP2W8OpzdzhaySDKg5JP6AvfobLfMthLZBQDcgo6a4wthNd6K6LVhZ4ZJhttp:\/\/www.baidu.com","type":1,"uuid":"5205E700-BC48-4745-925B-C1B6370D13A2"}
2018-06-05 23:29:02 	 [DEBUG] 	 <client_im.go:102>  	 offline msg :sender:10002,receiver:10001,timestamp:1528212461,msgId:17278,body:{"content":"TtAXmdEyzrHoTkAY6skBzlSWZw51138929298997lbdtsthOI9bHvtmqcN3yxs8GkzEVqvR9Ac0eHEmw8LClYGMTwpl1MByfSC2YfSvqShZI7VqwnPD7lyNRTjr1GVIRXXLWb7ZyDgxHd3nkNhTvr4CFlxBhttp:\/\/www.baidu.com","type":1,"uuid":"3EAF1C40-574C-44EB-B06E-A7EEAC216F6D"}
2018-06-05 23:29:02 	 [DEBUG] 	 <client_im.go:102>  	 offline msg :sender:10002,receiver:10001,timestamp:1528212461,msgId:17279,body:{"content":"fHIIKLD70nN9rkQY7vFS6jTe13892929899kWoc3PX7JkQV0uFtFLuPoJjcz2JYUWp131oVVYHBfjXYjAuvR5i5Pmoh8ma3dD615ehFrWpREIIDqPqP4taiF5http:\/\/www.baidu.com","type":1,"uuid":"704FCAE4-7C5B-4255-961F-B3FC02A7ADC4"}
2018-06-05 23:29:02 	 [DEBUG] 	 <client_im.go:102>  	 offline msg :sender:10002,receiver:10001,timestamp:1528212461,msgId:17280,body:{"content":"bkOihyvssAHwCbnuN13892929899HgUdTeG5EGQTHItVgQGcR22XjzhSOFQ5Ue7PA31338rhttp:\/\/www.baidu.com","type":1,"uuid":"920167F8-5E75-4FF6-8866-D95E607AB2C2"}
2018-06-05 23:29:02 	 [DEBUG] 	 <client_im.go:102>  	 offline msg :sender:10002,receiver:10001,timestamp:1528212463,msgId:17281,body:{"content":"8gGareLJkJ13892929899Cnax1yxIu2o2b3RiMesx7x0gHCf6GthmWbwdXbFSk9FUrjlocfGTF0H0j8PciYCMmgAvF2rXc6ufjLjbNCaQ9fi5OgendavnLMRTWMbtRQVg7BItHL1TZHqzbNhttp:\/\/www.baidu.com","type":1,"uuid":"2CCB3BDB-C464-4EA8-9637-D9B6CB33DCF3"}
2018-06-05 23:29:02 	 [DEBUG] 	 <client_im.go:102>  	 offline msg :sender:10002,receiver:10001,timestamp:1528212463,msgId:17282,body:{"content":"yx5138929298995P0Qnct4GXcaU2aEMxm7zI1ToIHtuf0gaORhsWC4uQmkwfT1qrF5eUMlufdk6bkn2zTNrXwAoV2KiGOadWJ7Efqy1ubftLT172Etq77SLswIfc6ybV1DDHgW70qOHvZvhttp:\/\/www.baidu.com","type":1,"uuid":"2C260AD8-7011-4AEA-AAA6-099CCBDA3AD3"}
2018-06-05 23:29:02 	 [DEBUG] 	 <client_im.go:102>  	 offline msg :sender:10002,receiver:10001,timestamp:1528212463,msgId:17283,body:{"content":"1ijwSjO4yXSer7prvzt4z13892929899eDLP6xYXZeUvkw7xbBb1tPmGmx2raEEjUaD2fVjcfSTgb2E92bgnVJYfbuuzIfvfyKKyXG9IeVpJqP4bKpTwZvYMWwZPFiijzXMYnyuMragfk8http:\/\/www.baidu.com","type":1,"uuid":"5E2594CB-DF4E-4D29-974C-764837268C3B"}
2018-06-05 23:29:02 	 [DEBUG] 	 <client_im.go:102>  	 offline msg :sender:10002,receiver:10001,timestamp:1528212519,msgId:17284,body:{"content":"wiGkBgiMyjJUfu13892929899bSlPJhK9hOHRb5uA8AuD3g1F5dFppsai1aUO04YiBLiI0CMAbS2ax0yDxyM7RtCi0ep9CXYwcARtk5rxs7lx6eVjYkfUS1SZKSYTgYUDvFV4K26AwnBQqNKKQx5PPHHaF1vDCk4aOhttp:\/\/www.baidu.com","type":1,"uuid":"678CA32D-AF9D-4B0D-91EF-5CBC6A7DBD1C"}
2018-06-05 23:29:02 	 [DEBUG] 	 <client_im.go:102>  	 offline msg :sender:10002,receiver:10001,timestamp:1528212519,msgId:17285,body:{"content":"kHyJN4lNVzlR7SxY6ObsOiSYGUya13892929899jP2IJwCB9Wfho7CnGpQXlyMcJcK5och3iOuqEeGr0aGNQqQ5CZIAxVvdDkW2CUQhzawvHMBoZ6Sh28mG6AXiYqG4DMpvpwzXtMe9jdpp1Up5hijy80ILhttp:\/\/www.baidu.com","type":1,"uuid":"C9909BF9-0712-4DDD-B445-FDF1CBBFAD3E"}
2018-06-05 23:29:02 	 [DEBUG] 	 <client_im.go:102>  	 offline msg :sender:10002,receiver:10001,timestamp:1528212519,msgId:17286,body:{"content":"vqEpCVb1Lmnb5AGaWhmg8YZB13892929899BiCAHlKLeJe7vwuDKEnxNuAYt2dXiyzFLLpw2wnmDL3IashfqZTR1ux8zxb61fHt7q7Pi3jmjO2wSrniXyV7eBhttp:\/\/www.baidu.com","type":1,"uuid":"581D457F-2173-4A86-9270-2246552E7002"}
2018-06-05 23:29:02 	 [DEBUG] 	 <client_im.go:102>  	 offline msg :sender:10002,receiver:10001,timestamp:1528212519,msgId:17287,body:{"content":"9p4IL5Cg4apFwmxju138929298994muTjYdkcrS6U0SVgazAoWWwyDxg0odXFEeRMD4DcT6http:\/\/www.baidu.com","type":1,"uuid":"2716A3A4-41A9-42E1-8132-15F2297107B7"}
2018-06-05 23:29:02 	 [DEBUG] 	 <client_im.go:102>  	 offline msg :sender:10002,receiver:10001,timestamp:1528212520,msgId:17288,body:{"content":"IBgI6LsgUz138929298998qLbd5yAEpXzTsGoSoIgTlRw8DIocPUjH6Fr72GEEnoOKE2cwaXHwJ9zosUtT7CDr3L8sX28bCkKaU5m22UFbYZ08Bl2zfxbZC1tnwqDGyjPQBZtIPgp1cu54chttp:\/\/www.baidu.com","type":1,"uuid":"55C11F15-56F9-4B9F-B6BB-3C9110AA7564"}
2018-06-05 23:29:02 	 [DEBUG] 	 <client_im.go:102>  	 offline msg :sender:10002,receiver:10001,timestamp:1528212520,msgId:17289,body:{"content":"WlG13892929899P3sbxdVbhnT249pRpd9Ja4AMAv6h4pmxEUHszf6AlJiVnAD3oBjOEvrggjwPi8UYsfcrSr0peo3axaz64205atgQ9WEgwRUVvkgZpn0ZRYWpqvFTMIFj2R2KodAzxenGhttp:\/\/www.baidu.com","type":1,"uuid":"E4AC0A33-0232-4D9F-834B-74B527463A6D"}
2018-06-05 23:29:02 	 [DEBUG] 	 <client_im.go:102>  	 offline msg :sender:10002,receiver:10001,timestamp:1528212520,msgId:17290,body:{"content":"awm3PiobSKlSj4G2FFqo7138929298990d32xbgdBVZxWm9XyzA2fWKZigx3f6HHSQao35VbcS55uvrAUbA0YTVGgIeKEjEglcrmGySxW9M8ORoF1MapYnABWLZUPwgPcu3UmgVE7hfGs8http:\/\/www.baidu.com","type":1,"uuid":"1E68AAD4-087D-40C3-97F8-A4726FE9B656"}
2018-06-05 23:29:02 	 [DEBUG] 	 <client_im.go:102>  	 offline msg :sender:10002,receiver:10001,timestamp:1528212520,msgId:17291,body:{"content":"yCkg9QVPdggOVX2daIySqvLs138929298998o9n2ctwmYXL8XaaLdor1fMRDPZqskvyxkWOHtW6HmbtY5IvAakakqn0b1NfHddF4X3LVYetZAS9Ghttp:\/\/www.baidu.com","type":1,"uuid":"201BCFC5-1254-4AB2-93EF-79CD36B6E0B3"}
2018-06-05 23:29:02 	 [DEBUG] 	 <client_im.go:102>  	 offline msg :sender:10002,receiver:10001,timestamp:1528212520,msgId:17292,body:{"content":"D13892929899wZhg0sQD8GwFN3oQUmZ4dWpxdJwlj3gch23r52ljmZ6t1AaoE8oeYOASwI9LJRKGne5aW0KMrh0zOxC6J5IfjeYf5khW94vBwykjFl468mx5GQgPuy3AJ2ihNZdBnXvhttp:\/\/www.baidu.com","type":1,"uuid":"87A8C37B-7ACC-4C8D-BF31-3F14282BF1FF"}
2018-06-05 23:29:02 	 [DEBUG] 	 <client_im.go:102>  	 offline msg :sender:10002,receiver:10001,timestamp:1528212520,msgId:17293,body:{"content":"lX17eBQyL9BkkvK6FvNmJq613892929899H5o28OE3AUQw0WNbxIMoeppwXUT3EhYRh8tFRW6hGnksjH62UqKvir2nqOddWy060pZP4O7dYQ1YcOcOoSnENySp56lUoprfQCJhZM3UCSmcsQIV36kgjGeLed04dkXc0tjObu6vjhttp:\/\/www.baidu.com","type":1,"uuid":"EF0DF3ED-7359-44BD-A6CF-BAD6F01E49C3"}
2018-06-05 23:29:02 	 [DEBUG] 	 <client_im.go:102>  	 offline msg :sender:10002,receiver:10001,timestamp:1528212521,msgId:17294,body:{"content":"wsoTd6YC9TtF13892929899VW3I0n9IsUb4ABLHwVL13zERowsBwpFaX3waE49qQBIXr6MoqLdRwrAnH0elkWqYDcbGvhttp:\/\/www.baidu.com","type":1,"uuid":"AA447E54-98CB-49E8-AC29-3C5F8B2E9792"}
2018-06-05 23:29:02 	 [DEBUG] 	 <client_im.go:102>  	 offline msg :sender:10002,receiver:10001,timestamp:1528212528,msgId:17295,body:{"content":"j6fMUwiD9WNENeUW9pROIGIwJroG13892929899AWEpOsK8vWJ2W4PyiM6FyJoPGAjB6nYeVxK7vqZsTXLAwFMJo3Lh8j4QmpUbXyeIb1EoxeeAq1UalX7j3ilA3jGYgfWFBzEhoeHGP9KuOiFytDAhC3EDclXkPCxYsDrsSahttp:\/\/www.baidu.com","type":1,"uuid":"CA6604FB-910E-482D-818A-C0FB01F06AC5"}
2018-06-05 23:29:02 	 [DEBUG] 	 <client_im.go:102>  	 offline msg :sender:10002,receiver:10001,timestamp:1528212528,msgId:17296,body:{"content":"D7513892929899lxGliZVLV2PnnV7qGRAS1tLJGHn2OjAWNdnWHShzgWRXrPRX3LVupkS9baTwysQjQa2FgL9tb5euRxXhthttp:\/\/www.baidu.com","type":1,"uuid":"09CA165E-6B0C-48BE-B732-17FB4DE60720"}
2018-06-05 23:29:02 	 [DEBUG] 	 <client_im.go:102>  	 offline msg :sender:10002,receiver:10001,timestamp:1528212528,msgId:17297,body:{"content":"h0M138929298992qG79uz4YUeNnOlPK06HALdtBVa1IqG6YXHhVwgdvyZxBfB0l4M33W8v4NL5f4JBeLNLDn2aRChttp:\/\/www.baidu.com","type":1,"uuid":"28DBA6F3-E5A2-4DF2-BABB-C51A85022C5D"}
2018-06-05 23:29:02 	 [DEBUG] 	 <client_im.go:102>  	 offline msg :sender:10002,receiver:10001,timestamp:1528212529,msgId:17298,body:{"content":"i6V8M3jc13892929899FKprGx9fRxr6nIxNHgYUYI1xxIlrc2ruuH4H9LnYZOa5rshEsqTvdg5sAAbM3q3eyAIkjJmSRqqnc4PlOmOnWBhttp:\/\/www.baidu.com","type":1,"uuid":"A3BF022C-B064-44C8-B837-79BA8B4D7F52"}
2018-06-05 23:29:02 	 [DEBUG] 	 <client_im.go:102>  	 offline msg :sender:10002,receiver:10001,timestamp:1528212529,msgId:17299,body:{"content":"C02GY1Gg5NZdTkfuWWDEQxDxz60dy413892929899L5OTQoZLSoGYvMahIyKPxjQLHwaHtTBe1KuCxvcJR4sTRbYhzPsCOKoQo7HCGhV0BIKtCJCawsocM9JeqFqlTJjq6JeZ7QvnEFV6MFNhttp:\/\/www.baidu.com","type":1,"uuid":"095E3FEE-A4CF-4A3E-8114-D95E5E7AD3AB"}
2018-06-05 23:29:02 	 [DEBUG] 	 <client_im.go:102>  	 offline msg :sender:10002,receiver:10001,timestamp:1528212529,msgId:17300,body:{"content":"yXACIASd4NYIn13892929899sGTNUK3sq8y2TFfI62E5GxVz8G1VpwMteJUTI4HKtGqh7YJefYawlJOanDMJehtjhrQN3oIujTAvbT9fym8b9eMytVn4yRb7opNXUHvgRvaMBhttp:\/\/www.baidu.com","type":1,"uuid":"EECC41D3-1137-41AB-9EBA-2970E90741F2"}
2018-06-05 23:29:02 	 [DEBUG] 	 <client_im.go:102>  	 offline msg :sender:10002,receiver:10001,timestamp:1528212529,msgId:17301,body:{"content":"URrD92xxTzVQryvEU8nOfVxeWtcTze13892929899b37qnz8eGwtW1sH8Onndu0Dd4imNKWY4zVCrkkOiRAUCaUl9FTq1loYRkTI0v5vtLXgZFqQnQbb30mYJeddt86IWgxXUjU7OhLj5c6G1UwM6j7f8N27pbphttp:\/\/www.baidu.com","type":1,"uuid":"2DB38497-2EFF-4B46-90F3-589BB73C6EDB"}
2018-06-05 23:29:02 	 [DEBUG] 	 <client_im.go:102>  	 offline msg :sender:10002,receiver:10001,timestamp:1528212529,msgId:17302,body:{"content":"RG0kDnQ9TntC4S13892929899WFZ0tQkeBawvno7apOYCQjERP1i3CQzd5HxwG2RXVXMXQU4XKlQKt2maZ0c46BvU8WccIOfwroikyBRuJONGs2R59J0IpmQo3LGac5pPVSPhttp:\/\/www.baidu.com","type":1,"uuid":"E7985512-8E37-4BDD-8F61-7AA01F13D6FC"}
2018-06-05 23:29:02 	 [DEBUG] 	 <client_im.go:102>  	 offline msg :sender:10002,receiver:10001,timestamp:1528212530,msgId:17303,body:{"content":"RV13892929899BAtRxDMJVgF9SunXXpVOmAvHOXZG9kwctLzv11NUgLxTPMaKOgXnXYlOFjmXtleZheE8UjfwpSsMRRMuxy9zyBuzn8lfMdLtqUCGy1ZVDFXJVeVlZcBq9G2qlp5Xuki5uyeSG71k516ZYsYhttp:\/\/www.baidu.com","type":1,"uuid":"FF1ECE99-0DC8-48DD-A1B0-B217E7E43E3A"}
2018-06-05 23:29:02 	 [DEBUG] 	 <client_im.go:102>  	 offline msg :sender:10002,receiver:10001,timestamp:1528212530,msgId:17304,body:{"content":"mVRNngL5SB1389292989946JpYtOXAhzEEo2aP8vQtHrxAfyRPstuF6zIThyudvXzHmtaf8qfKiO3pPoBrRZlYFRYf6q90WNV2RI2yExXai8TotsGsUZUc9lxkPBaCFUfCySVgrsGkRYfAPeMhttp:\/\/www.baidu.com","type":1,"uuid":"49A2D6F8-14B2-4B72-B6A3-A9B40B40604D"}
2018-06-05 23:29:02 	 [DEBUG] 	 <client_im.go:102>  	 offline msg :sender:10002,receiver:10001,timestamp:1528212530,msgId:17305,body:{"content":"Ehb0c1FEL55GXhtEVJe06R138929298992ggRAJxmQO44HaaIBNa5ZmK0rt9IRH5GH6Hi2hXpl7gYdbsSyQhL87tCLNkNxLqrWbzDXLB6CnXieGPjpubwwOrInP8mP8E3PV5dB3BgegHVwNryIEPglSlZhttp:\/\/www.baidu.com","type":1,"uuid":"8D4179DE-9973-4609-B9E5-3419F0763999"}
2018-06-05 23:29:02 	 [DEBUG] 	 <client_im.go:102>  	 offline msg :sender:10002,receiver:10001,timestamp:1528212530,msgId:17306,body:{"content":"U74EtOBdlMLkPng13892929899BXBVfq5U5aagZRWQYBsnFJPo1KMfd0MPSi0c3khttp:\/\/www.baidu.com","type":1,"uuid":"A793E410-2CED-4643-B313-1AA39D0B35A2"}
2018-06-05 23:29:02 	 [DEBUG] 	 <client_im.go:102>  	 offline msg :sender:10002,receiver:10001,timestamp:1528212530,msgId:17307,body:{"content":"kT72nLSlA13892929899ervjVL5bdfziXR7enhT6vV7veCtqg55smKkcE1kdohnGmldQ4su8ZMroEGFRciLmPtcrQpHHeKMhttp:\/\/www.baidu.com","type":1,"uuid":"9B5B286A-AD2D-4A7A-B990-B6700EAA312E"}
2018-06-05 23:29:02 	 [DEBUG] 	 <client_im.go:102>  	 offline msg :sender:10002,receiver:10001,timestamp:1528212531,msgId:17308,body:{"content":"j5RWG313892929899UNd8xgXoH6EM8Fhp3Q81f5WWNZckjfmHILOWBkDMo7KTfFYuakjIW44mon2zRDYsKH2IY8Yzm8D57YAFCcC42HcVsezFURw0EVNgpG25ZKDZgXepaQgX1cs7bhttp:\/\/www.baidu.com","type":1,"uuid":"744583A4-581B-4314-BF8D-87607B8F8FDE"}
2018-06-05 23:29:46 	 [DEBUG] 	 <protocol.go:134>  	 sock read error:EOF
2018-06-05 23:29:46 	 [DEBUG] 	 <client.go:83>  	 EOFconnect offline
2018-06-05 23:29:46 	 [DEBUG] 	 <client.go:148>  	 close client:10002, 80d07eb7-09d5-4332-aa4d-01990a291dfd
2018-06-05 23:29:46 	 [DEBUG] 	 <client.go:112>  	 client: 80d07eb7-09d5-4332-aa4d-01990a291dfd 10002 socket closed
2018-06-05 23:30:03 	 [DEBUG] 	 <tcp.go:32>  	 新连接地址为:[192.168.31.82:59980]
2018-06-05 23:30:03 	 [DEBUG] 	 <client_im.go:88>  	 offlineMsg count 0
2018-06-05 23:30:38 	 [DEBUG] 	 <client_heartbeat.go:9>  	 heartBeet
2018-06-05 23:31:02 	 [DEBUG] 	 <client_heartbeat.go:9>  	 heartBeet
2018-06-05 23:32:36 	 [DEBUG] 	 <client_heartbeat.go:9>  	 heartBeet
2018-06-05 23:33:02 	 [DEBUG] 	 <client_heartbeat.go:9>  	 heartBeet
2018-06-05 23:34:37 	 [DEBUG] 	 <client_heartbeat.go:9>  	 heartBeet
2018-06-05 23:35:02 	 [DEBUG] 	 <client_heartbeat.go:9>  	 heartBeet
2018-06-05 23:35:33 	 [DEBUG] 	 <protocol.go:134>  	 sock read error:EOF
2018-06-05 23:35:33 	 [DEBUG] 	 <client.go:83>  	 EOFconnect offline
2018-06-05 23:35:33 	 [DEBUG] 	 <client.go:148>  	 close client:10002, 80d07eb7-09d5-4332-aa4d-01990a291dfd
2018-06-05 23:35:33 	 [DEBUG] 	 <client.go:112>  	 client: 80d07eb7-09d5-4332-aa4d-01990a291dfd 10002 socket closed
2018-06-05 23:35:51 	 [DEBUG] 	 <tcp.go:32>  	 新连接地址为:[192.168.31.82:60001]
2018-06-05 23:35:51 	 [DEBUG] 	 <client_im.go:88>  	 offlineMsg count 0
2018-06-05 23:36:13 	 [DEBUG] 	 <protocol.go:134>  	 sock read error:EOF
2018-06-05 23:36:13 	 [DEBUG] 	 <client.go:83>  	 EOFconnect offline
2018-06-05 23:36:13 	 [DEBUG] 	 <client.go:148>  	 close client:10002, 80d07eb7-09d5-4332-aa4d-01990a291dfd
2018-06-05 23:36:13 	 [DEBUG] 	 <client.go:112>  	 client: 80d07eb7-09d5-4332-aa4d-01990a291dfd 10002 socket closed
2018-06-05 23:36:17 	 [DEBUG] 	 <tcp.go:32>  	 新连接地址为:[192.168.31.82:60002]
2018-06-05 23:36:17 	 [DEBUG] 	 <client_im.go:88>  	 offlineMsg count 0
2018-06-05 23:36:42 	 [DEBUG] 	 <protocol.go:134>  	 sock read error:EOF
2018-06-05 23:36:42 	 [DEBUG] 	 <client.go:83>  	 EOFconnect offline
2018-06-05 23:36:42 	 [DEBUG] 	 <client.go:148>  	 close client:10002, 80d07eb7-09d5-4332-aa4d-01990a291dfd
2018-06-05 23:36:42 	 [DEBUG] 	 <client.go:112>  	 client: 80d07eb7-09d5-4332-aa4d-01990a291dfd 10002 socket closed
2018-06-05 23:37:05 	 [DEBUG] 	 <client_heartbeat.go:9>  	 heartBeet
2018-06-05 23:39:02 	 [DEBUG] 	 <client_heartbeat.go:9>  	 heartBeet
2018-06-05 23:41:02 	 [DEBUG] 	 <client_heartbeat.go:9>  	 heartBeet
2018-06-05 23:43:02 	 [DEBUG] 	 <client_heartbeat.go:9>  	 heartBeet
2018-06-05 23:45:02 	 [DEBUG] 	 <client_heartbeat.go:9>  	 heartBeet
2018-06-05 23:47:02 	 [DEBUG] 	 <client_heartbeat.go:9>  	 heartBeet
2018-06-05 23:49:02 	 [DEBUG] 	 <client_heartbeat.go:9>  	 heartBeet
2018-06-05 23:51:02 	 [DEBUG] 	 <client_heartbeat.go:9>  	 heartBeet
2018-06-05 23:53:02 	 [DEBUG] 	 <client_heartbeat.go:9>  	 heartBeet
2018-06-05 23:55:02 	 [DEBUG] 	 <client_heartbeat.go:9>  	 heartBeet
2018-06-05 23:57:02 	 [DEBUG] 	 <client_heartbeat.go:9>  	 heartBeet
2018-06-05 23:58:00 	 [DEBUG] 	 <tcp.go:32>  	 新连接地址为:[192.168.31.82:60053]
2018-06-05 23:58:00 	 [DEBUG] 	 <client_im.go:88>  	 offlineMsg count 0
2018-06-05 23:59:02 	 [DEBUG] 	 <client_heartbeat.go:9>  	 heartBeet
2018-06-05 23:59:05 	 [DEBUG] 	 <protocol.go:134>  	 sock read error:EOF
2018-06-05 23:59:05 	 [DEBUG] 	 <client.go:83>  	 EOFconnect offline
2018-06-05 23:59:05 	 [DEBUG] 	 <client.go:148>  	 close client:10002, 80d07eb7-09d5-4332-aa4d-01990a291dfd
2018-06-05 23:59:05 	 [DEBUG] 	 <client.go:112>  	 client: 80d07eb7-09d5-4332-aa4d-01990a291dfd 10002 socket closed
2018-06-05 23:59:19 	 [DEBUG] 	 <tcp.go:32>  	 新连接地址为:[192.168.31.82:60077]
2018-06-05 23:59:19 	 [DEBUG] 	 <client_im.go:88>  	 offlineMsg count 0
